#
# There is insufficient memory for the Java Runtime Environment to continue.
# Native memory allocation (mmap) failed to map 143130624 bytes for committing reserved memory.
# Possible reasons:
#   The system is out of physical RAM or swap space
#   In 32 bit mode, the process size limit was hit
# Possible solutions:
#   Reduce memory load on the system
#   Increase physical memory or swap space
#   Check if swap backing store is full
#   Use 64 bit Java on a 64 bit OS
#   Decrease Java heap size (-Xmx/-Xms)
#   Decrease number of Java threads
#   Decrease Java thread stack sizes (-Xss)
#   Set larger code cache with -XX:ReservedCodeCacheSize=
# This output file may be truncated or incomplete.
#
#  Out of Memory Error (os_linux.cpp:2627), pid=2631, tid=0x00007fe539b32700
#
# JRE version: Java(TM) SE Runtime Environment (8.0_111-b14) (build 1.8.0_111-b14)
# Java VM: Java HotSpot(TM) 64-Bit Server VM (25.111-b14 mixed mode linux-amd64 compressed oops)
# Failed to write core dump. Core dumps have been disabled. To enable core dumping, try "ulimit -c unlimited" before starting Java again
#

---------------  T H R E A D  ---------------

Current thread (0x00007fe54c077800):  VMThread [stack: 0x00007fe539a32000,0x00007fe539b33000] [id=2642]

Stack: [0x00007fe539a32000,0x00007fe539b33000],  sp=0x00007fe539b311a0,  free space=1020k
Native frames: (J=compiled Java code, j=interpreted, Vv=VM code, C=native code)
V  [libjvm.so+0xac5c2a]  VMError::report_and_die()+0x2ba
V  [libjvm.so+0x4fc50b]  report_vm_out_of_memory(char const*, int, unsigned long, VMErrorType, char const*)+0x8b
V  [libjvm.so+0x922ae3]  os::Linux::commit_memory_impl(char*, unsigned long, bool)+0x103
V  [libjvm.so+0x923039]  os::pd_commit_memory(char*, unsigned long, unsigned long, bool)+0x29
V  [libjvm.so+0x91d33a]  os::commit_memory(char*, unsigned long, unsigned long, bool)+0x2a
V  [libjvm.so+0x991ac3]  PSVirtualSpace::expand_by(unsigned long)+0x53
V  [libjvm.so+0x992ec8]  PSYoungGen::resize_generation(unsigned long, unsigned long)+0xf8
V  [libjvm.so+0x992022]  PSYoungGen::resize(unsigned long, unsigned long)+0x22
V  [libjvm.so+0x98f2fb]  PSScavenge::invoke_no_policy()+0xf3b
V  [libjvm.so+0x98fa81]  PSScavenge::invoke()+0x41
V  [libjvm.so+0x9467d0]  ParallelScavengeHeap::failed_mem_allocate(unsigned long)+0x70
V  [libjvm.so+0xac7647]  VM_ParallelGCFailedAllocation::doit()+0x97
V  [libjvm.so+0xacf125]  VM_Operation::evaluate()+0x55
V  [libjvm.so+0xacd4fa]  VMThread::evaluate_operation(VM_Operation*)+0xba
V  [libjvm.so+0xacd87e]  VMThread::loop()+0x1ce
V  [libjvm.so+0xacdcf0]  VMThread::run()+0x70
V  [libjvm.so+0x924ea8]  java_start(Thread*)+0x108

VM_Operation (0x00007fe4fd1727b0): ParallelGCFailedAllocation, mode: safepoint, requested by thread 0x00007fe4c8001000


---------------  P R O C E S S  ---------------

Java Threads: ( => current thread )
  0x00007fe4ec0ff800 JavaThread "Thread-61" [_thread_blocked, id=2729, stack(0x00007fe4b4ccd000,0x00007fe4b4dce000)]
  0x00007fe4ec0fd800 JavaThread "Thread-60" [_thread_blocked, id=2728, stack(0x00007fe4b4dce000,0x00007fe4b4ecf000)]
  0x00007fe4ec0fb800 JavaThread "Thread-59" [_thread_blocked, id=2727, stack(0x00007fe4b4ecf000,0x00007fe4b4fd0000)]
  0x00007fe4ec0fa000 JavaThread "Thread-58" [_thread_blocked, id=2726, stack(0x00007fe4b4fd0000,0x00007fe4b50d1000)]
  0x00007fe4ec0f6000 JavaThread "Thread-56" [_thread_blocked, id=2724, stack(0x00007fe4b51d2000,0x00007fe4b52d3000)]
  0x00007fe4c8001000 JavaThread "Image Fetcher 3" daemon [_thread_blocked, id=2673, stack(0x00007fe4fd074000,0x00007fe4fd175000)]
  0x00007fe4d0001000 JavaThread "Image Fetcher 2" daemon [_thread_blocked, id=2669, stack(0x00007fe4fd377000,0x00007fe4fd478000)]
  0x00007fe4d8001000 JavaThread "Image Fetcher 1" daemon [_thread_blocked, id=2664, stack(0x00007fe4fcca1000,0x00007fe4fcda2000)]
  0x00007fe4ec07f800 JavaThread "TimerQueue" daemon [_thread_blocked, id=2660, stack(0x00007fe4fdd76000,0x00007fe4fde77000)]
  0x00007fe54c27d000 JavaThread "AWT-EventQueue-0" [_thread_blocked, id=2655, stack(0x00007fe4feb21000,0x00007fe4fec22000)]
  0x00007fe54c27b800 JavaThread "AWT-Shutdown" [_thread_blocked, id=2654, stack(0x00007fe4fec22000,0x00007fe4fed23000)]
  0x00007fe54c221000 JavaThread "AWT-XAWT" daemon [_thread_blocked, id=2652, stack(0x00007fe4fee24000,0x00007fe4fef25000)]
  0x00007fe54c1ff000 JavaThread "Java2D Disposer" daemon [_thread_blocked, id=2651, stack(0x00007fe538027000,0x00007fe538128000)]
  0x00007fe54c0db000 JavaThread "Service Thread" daemon [_thread_blocked, id=2649, stack(0x00007fe538ed4000,0x00007fe538fd5000)]
  0x00007fe54c0be000 JavaThread "C1 CompilerThread2" daemon [_thread_blocked, id=2648, stack(0x00007fe538fd5000,0x00007fe5390d6000)]
  0x00007fe54c0bc000 JavaThread "C2 CompilerThread1" daemon [_thread_blocked, id=2647, stack(0x00007fe5390d6000,0x00007fe5391d7000)]
  0x00007fe54c0b9800 JavaThread "C2 CompilerThread0" daemon [_thread_blocked, id=2646, stack(0x00007fe5391d7000,0x00007fe5392d8000)]
  0x00007fe54c0b8000 JavaThread "Signal Dispatcher" daemon [_thread_blocked, id=2645, stack(0x00007fe5392d8000,0x00007fe5393d9000)]
  0x00007fe54c083800 JavaThread "Finalizer" daemon [_thread_blocked, id=2644, stack(0x00007fe539830000,0x00007fe539931000)]
  0x00007fe54c07f000 JavaThread "Reference Handler" daemon [_thread_blocked, id=2643, stack(0x00007fe539931000,0x00007fe539a32000)]
  0x00007fe54c009800 JavaThread "main" [_thread_blocked, id=2636, stack(0x00007fe552612000,0x00007fe552713000)]

Other Threads:
=>0x00007fe54c077800 VMThread [stack: 0x00007fe539a32000,0x00007fe539b33000] [id=2642]
  0x00007fe54c0e6000 WatcherThread [stack: 0x00007fe538dd3000,0x00007fe538ed4000] [id=2650]

VM state:at safepoint (normal execution)

VM Mutex/Monitor currently owned by a thread:  ([mutex/lock_event])
[0x00007fe54c005eb0] Threads_lock - owner thread: 0x00007fe54c077800
[0x00007fe54c0063b0] Heap_lock - owner thread: 0x00007fe4c8001000

Heap:
 PSYoungGen      total 301056K, used 3488K [0x00000000d6f80000, 0x00000000e9a00000, 0x0000000100000000)
  eden space 296448K, 0% used [0x00000000d6f80000,0x00000000d6f80000,0x00000000e9100000)
  from space 4608K, 75% used [0x00000000e9100000,0x00000000e9468010,0x00000000e9580000)
  to   space 3072K, 0% used [0x00000000e9700000,0x00000000e9700000,0x00000000e9a00000)
 ParOldGen       total 1345024K, used 1172466K [0x0000000084e00000, 0x00000000d6f80000, 0x00000000d6f80000)
  object space 1345024K, 87% used [0x0000000084e00000,0x00000000cc6fcaa0,0x00000000d6f80000)
 Metaspace       used 14946K, capacity 15172K, committed 15616K, reserved 1062912K
  class space    used 1841K, capacity 1934K, committed 2048K, reserved 1048576K

Card table byte_map: [0x00007fe53be0b000,0x00007fe53c1e5000] byte_map_base: 0x00007fe53b9e4000

Marking Bits: (ParMarkBitMap*) 0x00007fe551af1220
 Begin Bits: [0x00007fe530270000, 0x00007fe532138000)
 End Bits:   [0x00007fe532138000, 0x00007fe534000000)

Polling page: 0x00007fe552740000

CodeCache: size=245760Kb used=5730Kb max_used=5730Kb free=240029Kb
 bounds [0x00007fe53c5a5000, 0x00007fe53cb55000, 0x00007fe54b5a5000]
 total_blobs=2192 nmethods=1620 adapters=485
 compilation: enabled

Compilation events (10 events):
Event: 7,194 Thread 0x00007fe54c0be000 1635       3       java.awt.image.SinglePixelPackedSampleModel::<init> (277 bytes)
Event: 7,196 Thread 0x00007fe54c0be000 nmethod 1635 0x00007fe53cb3ec10 code [0x00007fe53cb3ef20, 0x00007fe53cb406d8]
Event: 7,335 Thread 0x00007fe54c0be000 1636       3       java.io.InputStream::<init> (5 bytes)
Event: 7,336 Thread 0x00007fe54c0be000 nmethod 1636 0x00007fe53c746d90 code [0x00007fe53c746f00, 0x00007fe53c7470b0]
Event: 7,358 Thread 0x00007fe54c0be000 1637       3       java.awt.Rectangle::setLocation (7 bytes)
Event: 7,359 Thread 0x00007fe54c0be000 nmethod 1637 0x00007fe53c713650 code [0x00007fe53c7137c0, 0x00007fe53c7139f0]
Event: 7,359 Thread 0x00007fe54c0be000 1638       3       java.awt.Rectangle::move (11 bytes)
Event: 7,359 Thread 0x00007fe54c0be000 nmethod 1638 0x00007fe53c6a8410 code [0x00007fe53c6a8560, 0x00007fe53c6a86b0]
Event: 7,373 Thread 0x00007fe54c0be000 1639       3       sun.awt.image.IntegerComponentRaster::verify (540 bytes)
Event: 7,387 Thread 0x00007fe54c0be000 nmethod 1639 0x00007fe53cb41550 code [0x00007fe53cb41b80, 0x00007fe53cb45b68]

GC Heap History (10 events):
Event: 4,843 GC heap after
Heap after GC invocations=14 (full 4):
 PSYoungGen      total 151552K, used 259K [0x00000000d6f80000, 0x00000000e0e80000, 0x0000000100000000)
  eden space 145920K, 0% used [0x00000000d6f80000,0x00000000d6f80000,0x00000000dfe00000)
  from space 5632K, 4% used [0x00000000e0300000,0x00000000e0340cd0,0x00000000e0880000)
  to   space 5120K, 0% used [0x00000000dfe00000,0x00000000dfe00000,0x00000000e0300000)
 ParOldGen       total 1345024K, used 317722K [0x0000000084e00000, 0x00000000d6f80000, 0x00000000d6f80000)
  object space 1345024K, 23% used [0x0000000084e00000,0x00000000984469d8,0x00000000d6f80000)
 Metaspace       used 14564K, capacity 14788K, committed 14976K, reserved 1062912K
  class space    used 1805K, capacity 1870K, committed 1920K, reserved 1048576K
}
Event: 4,844 GC heap before
{Heap before GC invocations=15 (full 4):
 PSYoungGen      total 151552K, used 1097K [0x00000000d6f80000, 0x00000000e0e80000, 0x0000000100000000)
  eden space 145920K, 0% used [0x00000000d6f80000,0x00000000d7051738,0x00000000dfe00000)
  from space 5632K, 4% used [0x00000000e0300000,0x00000000e0340cd0,0x00000000e0880000)
  to   space 5120K, 0% used [0x00000000dfe00000,0x00000000dfe00000,0x00000000e0300000)
 ParOldGen       total 1345024K, used 317722K [0x0000000084e00000, 0x00000000d6f80000, 0x00000000d6f80000)
  object space 1345024K, 23% used [0x0000000084e00000,0x00000000984469d8,0x00000000d6f80000)
 Metaspace       used 14564K, capacity 14788K, committed 14976K, reserved 1062912K
  class space    used 1805K, capacity 1870K, committed 1920K, reserved 1048576K
Event: 4,847 GC heap after
Heap after GC invocations=15 (full 4):
 PSYoungGen      total 151040K, used 227K [0x00000000d6f80000, 0x00000000e4600000, 0x0000000100000000)
  eden space 145920K, 0% used [0x00000000d6f80000,0x00000000d6f80000,0x00000000dfe00000)
  from space 5120K, 4% used [0x00000000dfe00000,0x00000000dfe38cd0,0x00000000e0300000)
  to   space 5120K, 0% used [0x00000000e4100000,0x00000000e4100000,0x00000000e4600000)
 ParOldGen       total 1345024K, used 317722K [0x0000000084e00000, 0x00000000d6f80000, 0x00000000d6f80000)
  object space 1345024K, 23% used [0x0000000084e00000,0x00000000984469d8,0x00000000d6f80000)
 Metaspace       used 14564K, capacity 14788K, committed 14976K, reserved 1062912K
  class space    used 1805K, capacity 1870K, committed 1920K, reserved 1048576K
}
Event: 5,229 GC heap before
{Heap before GC invocations=16 (full 4):
 PSYoungGen      total 151040K, used 146147K [0x00000000d6f80000, 0x00000000e4600000, 0x0000000100000000)
  eden space 145920K, 100% used [0x00000000d6f80000,0x00000000dfe00000,0x00000000dfe00000)
  from space 5120K, 4% used [0x00000000dfe00000,0x00000000dfe38cd0,0x00000000e0300000)
  to   space 5120K, 0% used [0x00000000e4100000,0x00000000e4100000,0x00000000e4600000)
 ParOldGen       total 1345024K, used 362342K [0x0000000084e00000, 0x00000000d6f80000, 0x00000000d6f80000)
  object space 1345024K, 26% used [0x0000000084e00000,0x000000009afd9b38,0x00000000d6f80000)
 Metaspace       used 14595K, capacity 14820K, committed 14976K, reserved 1062912K
  class space    used 1807K, capacity 1902K, committed 1920K, reserved 1048576K
Event: 5,269 GC heap after
Heap after GC invocations=16 (full 4):
 PSYoungGen      total 207360K, used 224K [0x00000000d6f80000, 0x00000000e4280000, 0x0000000100000000)
  eden space 205824K, 0% used [0x00000000d6f80000,0x00000000d6f80000,0x00000000e3880000)
  from space 1536K, 14% used [0x00000000e4100000,0x00000000e4138000,0x00000000e4280000)
  to   space 5120K, 0% used [0x00000000e3880000,0x00000000e3880000,0x00000000e3d80000)
 ParOldGen       total 1345024K, used 466292K [0x0000000084e00000, 0x00000000d6f80000, 0x00000000d6f80000)
  object space 1345024K, 34% used [0x0000000084e00000,0x00000000a155d3d8,0x00000000d6f80000)
 Metaspace       used 14595K, capacity 14820K, committed 14976K, reserved 1062912K
  class space    used 1807K, capacity 1902K, committed 1920K, reserved 1048576K
}
Event: 5,613 GC heap before
{Heap before GC invocations=17 (full 4):
 PSYoungGen      total 207360K, used 206048K [0x00000000d6f80000, 0x00000000e4280000, 0x0000000100000000)
  eden space 205824K, 100% used [0x00000000d6f80000,0x00000000e3880000,0x00000000e3880000)
  from space 1536K, 14% used [0x00000000e4100000,0x00000000e4138000,0x00000000e4280000)
  to   space 5120K, 0% used [0x00000000e3880000,0x00000000e3880000,0x00000000e3d80000)
 ParOldGen       total 1345024K, used 466961K [0x0000000084e00000, 0x00000000d6f80000, 0x00000000d6f80000)
  object space 1345024K, 34% used [0x0000000084e00000,0x00000000a16045c8,0x00000000d6f80000)
 Metaspace       used 14611K, capacity 14884K, committed 15232K, reserved 1062912K
  class space    used 1807K, capacity 1902K, committed 1920K, reserved 1048576K
Event: 6,302 GC heap after
Heap after GC invocations=17 (full 4):
 PSYoungGen      total 210944K, used 224K [0x00000000d6f80000, 0x00000000e9c00000, 0x0000000100000000)
  eden space 205824K, 0% used [0x00000000d6f80000,0x00000000d6f80000,0x00000000e3880000)
  from space 5120K, 4% used [0x00000000e3880000,0x00000000e38b8000,0x00000000e3d80000)
  to   space 5120K, 0% used [0x00000000e9700000,0x00000000e9700000,0x00000000e9c00000)
 ParOldGen       total 1345024K, used 706088K [0x0000000084e00000, 0x00000000d6f80000, 0x00000000d6f80000)
  object space 1345024K, 52% used [0x0000000084e00000,0x00000000aff8a148,0x00000000d6f80000)
 Metaspace       used 14611K, capacity 14884K, committed 15232K, reserved 1062912K
  class space    used 1807K, capacity 1902K, committed 1920K, reserved 1048576K
}
Event: 6,736 GC heap before
{Heap before GC invocations=18 (full 4):
 PSYoungGen      total 210944K, used 202310K [0x00000000d6f80000, 0x00000000e9c00000, 0x0000000100000000)
  eden space 205824K, 98% used [0x00000000d6f80000,0x00000000e34d9960,0x00000000e3880000)
  from space 5120K, 4% used [0x00000000e3880000,0x00000000e38b8000,0x00000000e3d80000)
  to   space 5120K, 0% used [0x00000000e9700000,0x00000000e9700000,0x00000000e9c00000)
 ParOldGen       total 1345024K, used 714188K [0x0000000084e00000, 0x00000000d6f80000, 0x00000000d6f80000)
  object space 1345024K, 53% used [0x0000000084e00000,0x00000000b0773158,0x00000000d6f80000)
 Metaspace       used 14938K, capacity 15172K, committed 15616K, reserved 1062912K
  class space    used 1841K, capacity 1934K, committed 2048K, reserved 1048576K
Event: 6,961 GC heap after
Heap after GC invocations=18 (full 4):
 PSYoungGen      total 299520K, used 384K [0x00000000d6f80000, 0x00000000e9a00000, 0x0000000100000000)
  eden space 296448K, 0% used [0x00000000d6f80000,0x00000000d6f80000,0x00000000e9100000)
  from space 3072K, 12% used [0x00000000e9700000,0x00000000e9760000,0x00000000e9a00000)
  to   space 4608K, 0% used [0x00000000e9100000,0x00000000e9100000,0x00000000e9580000)
 ParOldGen       total 1345024K, used 867956K [0x0000000084e00000, 0x00000000d6f80000, 0x00000000d6f80000)
  object space 1345024K, 64% used [0x0000000084e00000,0x00000000b9d9d0f0,0x00000000d6f80000)
 Metaspace       used 14938K, capacity 15172K, committed 15616K, reserved 1062912K
  class space    used 1841K, capacity 1934K, committed 2048K, reserved 1048576K
}
Event: 7,578 GC heap before
{Heap before GC invocations=19 (full 4):
 PSYoungGen      total 299520K, used 296832K [0x00000000d6f80000, 0x00000000e9a00000, 0x0000000100000000)
  eden space 296448K, 100% used [0x00000000d6f80000,0x00000000e9100000,0x00000000e9100000)
  from space 3072K, 12% used [0x00000000e9700000,0x00000000e9760000,0x00000000e9a00000)
  to   space 4608K, 0% used [0x00000000e9100000,0x00000000e9100000,0x00000000e9580000)
 ParOldGen       total 1345024K, used 945901K [0x0000000084e00000, 0x00000000d6f80000, 0x00000000d6f80000)
  object space 1345024K, 70% used [0x0000000084e00000,0x00000000be9bb710,0x00000000d6f80000)
 Metaspace       used 14946K, capacity 15172K, committed 15616K, reserved 1062912K
  class space    used 1841K, capacity 1934K, committed 2048K, reserved 1048576K

Deoptimization events (10 events):
Event: 0,977 Thread 0x00007fe54c27d000 Uncommon trap: reason=unstable_if action=reinterpret pc=0x00007fe53c86a870 method=java.lang.CharacterData.of(I)Ljava/lang/CharacterData; @ 4
Event: 2,279 Thread 0x00007fe4d8001000 Uncommon trap: reason=unstable_if action=reinterpret pc=0x00007fe53c99d374 method=sun.awt.image.PNGImageDecoder.produceImage()V @ 867
Event: 2,287 Thread 0x00007fe4d8001000 Uncommon trap: reason=unstable_if action=reinterpret pc=0x00007fe53c994ccc method=sun.awt.image.ImageRepresentation.getOpaqueRGBImage()Ljava/awt/image/BufferedImage; @ 57
Event: 3,120 Thread 0x00007fe54c27d000 Uncommon trap: reason=unstable_if action=reinterpret pc=0x00007fe53c9eba78 method=com.sun.imageio.plugins.png.PNGImageReader.paethPredictor(III)I @ 41
Event: 3,829 Thread 0x00007fe54c27d000 Uncommon trap: reason=unstable_if action=reinterpret pc=0x00007fe53c8e1344 method=java.lang.ref.SoftReference.get()Ljava/lang/Object; @ 17
Event: 4,289 Thread 0x00007fe4d0001000 Uncommon trap: reason=unstable_if action=reinterpret pc=0x00007fe53ca93064 method=java.io.BufferedInputStream.read1([BII)I @ 22
Event: 4,848 Thread 0x00007fe54c256000 Uncommon trap: reason=unstable_if action=reinterpret pc=0x00007fe53ca9f544 method=java.awt.ImageMediaEntry.parseflags(I)I @ 4
Event: 4,848 Thread 0x00007fe4ec0bf000 Uncommon trap: reason=unstable_if action=reinterpret pc=0x00007fe53caa5c84 method=java.awt.ImageMediaEntry.parseflags(I)I @ 4
Event: 5,124 Thread 0x00007fe4c8001000 Uncommon trap: reason=range_check action=make_not_entrant pc=0x00007fe53cac81f8 method=java.awt.image.DirectColorModel.setFields()V @ 65
Event: 6,594 Thread 0x00007fe4c8001000 Uncommon trap: reason=range_check action=make_not_entrant pc=0x00007fe53caf6380 method=java.awt.image.DirectColorModel.setFields()V @ 65

Internal exceptions (10 events):
Event: 0,100 Thread 0x00007fe54c009800 Exception <a 'java/security/PrivilegedActionException'> (0x00000000d7004c58) thrown at [/HUDSON3/workspace/8-2-build-linux-amd64/jdk8u111/7883/hotspot/src/share/vm/prims/jvm.cpp, line 1386]
Event: 0,100 Thread 0x00007fe54c009800 Exception <a 'java/security/PrivilegedActionException'> (0x00000000d7007098) thrown at [/HUDSON3/workspace/8-2-build-linux-amd64/jdk8u111/7883/hotspot/src/share/vm/prims/jvm.cpp, line 1386]
Event: 0,100 Thread 0x00007fe54c009800 Exception <a 'java/security/PrivilegedActionException'> (0x00000000d70072a8) thrown at [/HUDSON3/workspace/8-2-build-linux-amd64/jdk8u111/7883/hotspot/src/share/vm/prims/jvm.cpp, line 1386]
Event: 0,160 Thread 0x00007fe54c009800 Exception <a 'java/lang/NoSuchFieldError': method resolution failed> (0x00000000d7172158) thrown at [/HUDSON3/workspace/8-2-build-linux-amd64/jdk8u111/7883/hotspot/src/share/vm/prims/methodHandles.cpp, line 1146]
Event: 0,164 Thread 0x00007fe54c009800 Exception <a 'java/lang/NoSuchFieldError': method resolution failed> (0x00000000d717f928) thrown at [/HUDSON3/workspace/8-2-build-linux-amd64/jdk8u111/7883/hotspot/src/share/vm/prims/methodHandles.cpp, line 1146]
Event: 0,194 Thread 0x00007fe54c009800 Exception <a 'java/io/FileNotFoundException'> (0x00000000d71ff8e8) thrown at [/HUDSON3/workspace/8-2-build-linux-amd64/jdk8u111/7883/hotspot/src/share/vm/prims/jni.cpp, line 709]
Event: 0,195 Thread 0x00007fe54c009800 Exception <a 'java/io/FileNotFoundException'> (0x00000000d72002a0) thrown at [/HUDSON3/workspace/8-2-build-linux-amd64/jdk8u111/7883/hotspot/src/share/vm/prims/jni.cpp, line 709]
Event: 0,252 Thread 0x00007fe54c009800 Implicit null exception at 0x00007fe53c7136e2 to 0x00007fe53c7138b5
Event: 1,159 Thread 0x00007fe54c27d000 Exception <a 'java/lang/UnsupportedOperationException': > (0x00000000d8353a78) thrown at [/HUDSON3/workspace/8-2-build-linux-amd64/jdk8u111/7883/hotspot/src/share/vm/prims/jni.cpp, line 735]
Event: 4,848 Thread 0x00007fe54c256000 Exception <a 'java/lang/OutOfMemoryError'> (0x000000008701ffb8) thrown at [/HUDSON3/workspace/8-2-build-linux-amd64/jdk8u111/7883/hotspot/src/share/vm/gc_interface/collectedHeap.inline.hpp, line 159]

Events (10 events):
Event: 7,112 Thread 0x00007fe4ec0ee800 Thread exited: 0x00007fe4ec0ee800
Event: 7,113 Thread 0x00007fe54c0be000 flushing nmethod 0x00007fe53c795950
Event: 7,172 Thread 0x00007fe4ec0f2800 Thread exited: 0x00007fe4ec0f2800
Event: 7,186 Thread 0x00007fe4ec0f0800 Thread exited: 0x00007fe4ec0f0800
Event: 7,188 Thread 0x00007fe54c0be000 flushing nmethod 0x00007fe53c7a17d0
Event: 7,188 Thread 0x00007fe54c0be000 flushing nmethod 0x00007fe53c7b5d10
Event: 7,225 Thread 0x00007fe4ec0ec800 Thread exited: 0x00007fe4ec0ec800
Event: 7,330 Thread 0x00007fe4ec0f4800 Thread exited: 0x00007fe4ec0f4800
Event: 7,336 Thread 0x00007fe4ec0f8000 Thread exited: 0x00007fe4ec0f8000
Event: 7,570 Executing VM operation: ParallelGCFailedAllocation


Dynamic libraries:
00400000-00401000 r-xp 00000000 08:15 12855452                           /usr/lib/jvm/java-8-oracle/bin/java
00600000-00601000 rw-p 00000000 08:15 12855452                           /usr/lib/jvm/java-8-oracle/bin/java
006f4000-00715000 rw-p 00000000 00:00 0                                  [heap]
84e00000-d6f80000 rw-p 00000000 00:00 0 
d6f80000-e9a00000 rw-p 00000000 00:00 0 
f2280000-100000000 ---p 00000000 00:00 0 
100000000-100200000 rw-p 00000000 00:00 0 
100200000-140000000 ---p 00000000 00:00 0 
7fe4b3463000-7fe4b4403000 rw-s 00000000 00:05 32014351                   /SYSV00000000 (deleted)
7fe4b4ccd000-7fe4b4cd0000 ---p 00000000 00:00 0 
7fe4b4cd0000-7fe4b4dce000 rw-p 00000000 00:00 0 
7fe4b4dce000-7fe4b4dd1000 ---p 00000000 00:00 0 
7fe4b4dd1000-7fe4b4ecf000 rw-p 00000000 00:00 0 
7fe4b4ecf000-7fe4b4ed2000 ---p 00000000 00:00 0 
7fe4b4ed2000-7fe4b4fd0000 rw-p 00000000 00:00 0 
7fe4b4fd0000-7fe4b4fd3000 ---p 00000000 00:00 0 
7fe4b4fd3000-7fe4b50d1000 rw-p 00000000 00:00 0 
7fe4b50d1000-7fe4b50d4000 ---p 00000000 00:00 0 
7fe4b50d4000-7fe4b51d2000 rw-p 00000000 00:00 0 
7fe4b51d2000-7fe4b51d5000 ---p 00000000 00:00 0 
7fe4b51d5000-7fe4b52d3000 rw-p 00000000 00:00 0 
7fe4b52d3000-7fe4b52d6000 ---p 00000000 00:00 0 
7fe4b52d6000-7fe4b53d4000 rw-p 00000000 00:00 0 
7fe4b53d4000-7fe4b53d7000 ---p 00000000 00:00 0 
7fe4b53d7000-7fe4b54d5000 rw-p 00000000 00:00 0 
7fe4b54d5000-7fe4b54d8000 ---p 00000000 00:00 0 
7fe4b54d8000-7fe4b55d6000 rw-p 00000000 00:00 0 
7fe4b55d6000-7fe4b55d9000 ---p 00000000 00:00 0 
7fe4b55d9000-7fe4b56d7000 rw-p 00000000 00:00 0 
7fe4b56d7000-7fe4b56da000 ---p 00000000 00:00 0 
7fe4b56da000-7fe4b57d8000 rw-p 00000000 00:00 0 
7fe4b57d8000-7fe4b57db000 ---p 00000000 00:00 0 
7fe4b57db000-7fe4b58d9000 rw-p 00000000 00:00 0 
7fe4b58d9000-7fe4b58dc000 ---p 00000000 00:00 0 
7fe4b58dc000-7fe4b59da000 rw-p 00000000 00:00 0 
7fe4b59da000-7fe4b59dd000 ---p 00000000 00:00 0 
7fe4b59dd000-7fe4b5adb000 rw-p 00000000 00:00 0 
7fe4b5adb000-7fe4b5ade000 ---p 00000000 00:00 0 
7fe4b5ade000-7fe4b5bdc000 rw-p 00000000 00:00 0 
7fe4b5bdc000-7fe4b5bdf000 ---p 00000000 00:00 0 
7fe4b5bdf000-7fe4b5cdd000 rw-p 00000000 00:00 0 
7fe4b5cdd000-7fe4b5ce0000 ---p 00000000 00:00 0 
7fe4b5ce0000-7fe4b5dde000 rw-p 00000000 00:00 0 
7fe4b5dde000-7fe4b5de1000 ---p 00000000 00:00 0 
7fe4b5de1000-7fe4b5edf000 rw-p 00000000 00:00 0 
7fe4b5edf000-7fe4b5ee2000 ---p 00000000 00:00 0 
7fe4b5ee2000-7fe4b5fe0000 rw-p 00000000 00:00 0 
7fe4b5fe0000-7fe4b5fe3000 ---p 00000000 00:00 0 
7fe4b5fe3000-7fe4b60e1000 rw-p 00000000 00:00 0 
7fe4b60e1000-7fe4b60e4000 ---p 00000000 00:00 0 
7fe4b60e4000-7fe4b61e2000 rw-p 00000000 00:00 0 
7fe4b61e2000-7fe4b61e5000 ---p 00000000 00:00 0 
7fe4b61e5000-7fe4b62e3000 rw-p 00000000 00:00 0 
7fe4b62e3000-7fe4b62e6000 ---p 00000000 00:00 0 
7fe4b62e6000-7fe4b63e4000 rw-p 00000000 00:00 0 
7fe4b63e4000-7fe4b63e7000 ---p 00000000 00:00 0 
7fe4b63e7000-7fe4b64e5000 rw-p 00000000 00:00 0 
7fe4b64e5000-7fe4b64e8000 ---p 00000000 00:00 0 
7fe4b64e8000-7fe4b65e6000 rw-p 00000000 00:00 0 
7fe4b65e6000-7fe4b65e9000 ---p 00000000 00:00 0 
7fe4b65e9000-7fe4b66e7000 rw-p 00000000 00:00 0 
7fe4b66e7000-7fe4b66ea000 ---p 00000000 00:00 0 
7fe4b66ea000-7fe4b67e8000 rw-p 00000000 00:00 0 
7fe4b67e8000-7fe4b67eb000 ---p 00000000 00:00 0 
7fe4b67eb000-7fe4b68e9000 rw-p 00000000 00:00 0 
7fe4b68e9000-7fe4b68ec000 ---p 00000000 00:00 0 
7fe4b68ec000-7fe4b69ea000 rw-p 00000000 00:00 0 
7fe4b69ea000-7fe4b69ed000 ---p 00000000 00:00 0 
7fe4b69ed000-7fe4b6aeb000 rw-p 00000000 00:00 0 
7fe4b6aeb000-7fe4b6aee000 ---p 00000000 00:00 0 
7fe4b6aee000-7fe4b6bec000 rw-p 00000000 00:00 0 
7fe4b6bec000-7fe4b6bef000 ---p 00000000 00:00 0 
7fe4b6bef000-7fe4b6ced000 rw-p 00000000 00:00 0 
7fe4b6ced000-7fe4b6cf0000 ---p 00000000 00:00 0 
7fe4b6cf0000-7fe4b6dee000 rw-p 00000000 00:00 0 
7fe4b6dee000-7fe4b6df1000 ---p 00000000 00:00 0 
7fe4b6df1000-7fe4b6eef000 rw-p 00000000 00:00 0 
7fe4b6eef000-7fe4b6ef2000 ---p 00000000 00:00 0 
7fe4b6ef2000-7fe4b6ff0000 rw-p 00000000 00:00 0 
7fe4b6ff0000-7fe4b6ff3000 ---p 00000000 00:00 0 
7fe4b6ff3000-7fe4b70f1000 rw-p 00000000 00:00 0 
7fe4b70f1000-7fe4b70f4000 ---p 00000000 00:00 0 
7fe4b70f4000-7fe4b71f2000 rw-p 00000000 00:00 0 
7fe4b71f2000-7fe4b71f5000 ---p 00000000 00:00 0 
7fe4b71f5000-7fe4b72f3000 rw-p 00000000 00:00 0 
7fe4b72f3000-7fe4b72f6000 ---p 00000000 00:00 0 
7fe4b72f6000-7fe4b73f4000 rw-p 00000000 00:00 0 
7fe4b73f4000-7fe4b73f7000 ---p 00000000 00:00 0 
7fe4b73f7000-7fe4b74f5000 rw-p 00000000 00:00 0 
7fe4b74f5000-7fe4b74f8000 ---p 00000000 00:00 0 
7fe4b74f8000-7fe4b75f6000 rw-p 00000000 00:00 0 
7fe4b76f7000-7fe4b76fa000 ---p 00000000 00:00 0 
7fe4b76fa000-7fe4b77f8000 rw-p 00000000 00:00 0 
7fe4b77f8000-7fe4b77fb000 ---p 00000000 00:00 0 
7fe4b77fb000-7fe4b78f9000 rw-p 00000000 00:00 0 
7fe4b8000000-7fe4b8021000 rw-p 00000000 00:00 0 
7fe4b8021000-7fe4bc000000 ---p 00000000 00:00 0 
7fe4bc000000-7fe4bc021000 rw-p 00000000 00:00 0 
7fe4bc021000-7fe4c0000000 ---p 00000000 00:00 0 
7fe4c0000000-7fe4c0613000 rw-p 00000000 00:00 0 
7fe4c0613000-7fe4c4000000 ---p 00000000 00:00 0 
7fe4c4000000-7fe4c4021000 rw-p 00000000 00:00 0 
7fe4c4021000-7fe4c8000000 ---p 00000000 00:00 0 
7fe4c8000000-7fe4c8021000 rw-p 00000000 00:00 0 
7fe4c8021000-7fe4cc000000 ---p 00000000 00:00 0 
7fe4cc000000-7fe4cc021000 rw-p 00000000 00:00 0 
7fe4cc021000-7fe4d0000000 ---p 00000000 00:00 0 
7fe4d0000000-7fe4d0021000 rw-p 00000000 00:00 0 
7fe4d0021000-7fe4d4000000 ---p 00000000 00:00 0 
7fe4d4000000-7fe4d4045000 rw-p 00000000 00:00 0 
7fe4d4045000-7fe4d8000000 ---p 00000000 00:00 0 
7fe4d8000000-7fe4d8021000 rw-p 00000000 00:00 0 
7fe4d8021000-7fe4dc000000 ---p 00000000 00:00 0 
7fe4dc000000-7fe4dc614000 rw-p 00000000 00:00 0 
7fe4dc614000-7fe4e0000000 ---p 00000000 00:00 0 
7fe4e0000000-7fe4e028e000 rw-p 00000000 00:00 0 
7fe4e028e000-7fe4e4000000 ---p 00000000 00:00 0 
7fe4e4000000-7fe4e4021000 rw-p 00000000 00:00 0 
7fe4e4021000-7fe4e8000000 ---p 00000000 00:00 0 
7fe4e8000000-7fe4e8021000 rw-p 00000000 00:00 0 
7fe4e8021000-7fe4ec000000 ---p 00000000 00:00 0 
7fe4ec000000-7fe4ec18b000 rw-p 00000000 00:00 0 
7fe4ec18b000-7fe4f0000000 ---p 00000000 00:00 0 
7fe4f0000000-7fe4f002d000 rw-p 00000000 00:00 0 
7fe4f002d000-7fe4f4000000 ---p 00000000 00:00 0 
7fe4f4000000-7fe4f422a000 rw-p 00000000 00:00 0 
7fe4f422a000-7fe4f8000000 ---p 00000000 00:00 0 
7fe4f8000000-7fe4f8021000 rw-p 00000000 00:00 0 
7fe4f8021000-7fe4fc000000 ---p 00000000 00:00 0 
7fe4fca66000-7fe4fcaa1000 r-xp 00000000 08:15 12980351                   /usr/lib/jvm/java-8-oracle/jre/lib/amd64/libjpeg.so
7fe4fcaa1000-7fe4fcca0000 ---p 0003b000 08:15 12980351                   /usr/lib/jvm/java-8-oracle/jre/lib/amd64/libjpeg.so
7fe4fcca0000-7fe4fcca1000 rw-p 0003a000 08:15 12980351                   /usr/lib/jvm/java-8-oracle/jre/lib/amd64/libjpeg.so
7fe4fcca1000-7fe4fcca4000 ---p 00000000 00:00 0 
7fe4fcca4000-7fe4fcda2000 rw-p 00000000 00:00 0 
7fe4fcfaf000-7fe4fcfb3000 r--s 00000000 08:15 5506269                    /var/cache/fontconfig/6aa41aa22e18b8fa06a12da28ea9c28b-le64.cache-6
7fe4fcfb3000-7fe4fcfbe000 r--s 00000000 08:15 5505130                    /var/cache/fontconfig/945677eb7aeaf62f1d50efc3fb3ec7d8-le64.cache-6
7fe4fcfbe000-7fe4fcfc7000 r--s 00000000 08:15 5518659                    /var/cache/fontconfig/a6d8cf8e4ec09cdbc8633c31745a07dd-le64.cache-6
7fe4fcfc7000-7fe4fcfcd000 r--s 00000000 08:15 5514525                    /var/cache/fontconfig/2cd17615ca594fa2959ae173292e504c-le64.cache-6
7fe4fcfcd000-7fe4fcfd1000 r--s 00000000 08:15 5515861                    /var/cache/fontconfig/de156ccd2eddbdc19d37a45b8b2aac9c-le64.cache-6
7fe4fcfd1000-7fe4fcfe6000 r--s 00000000 08:15 5514140                    /var/cache/fontconfig/04aabc0a78ac019cf9454389977116d2-le64.cache-6
7fe4fcfe6000-7fe4fd021000 r--s 00000000 08:15 5505135                    /var/cache/fontconfig/365b55f210c0a22e9a19e35191240f32-le64.cache-6
7fe4fd074000-7fe4fd077000 ---p 00000000 00:00 0 
7fe4fd077000-7fe4fd175000 rw-p 00000000 00:00 0 
7fe4fd377000-7fe4fd37a000 ---p 00000000 00:00 0 
7fe4fd37a000-7fe4fd478000 rw-p 00000000 00:00 0 
7fe4fd976000-7fe4fdab6000 rw-p 00000000 00:00 0 
7fe4fdab6000-7fe4fdb76000 ---p 00000000 00:00 0 
7fe4fdb76000-7fe4fdd76000 rw-p 00000000 00:00 0 
7fe4fdd76000-7fe4fdd79000 ---p 00000000 00:00 0 
7fe4fdd79000-7fe4fde77000 rw-p 00000000 00:00 0 
7fe4fdf78000-7fe4fdfe1000 r-xp 00000000 08:15 12980623                   /usr/lib/jvm/java-8-oracle/jre/lib/amd64/libt2k.so
7fe4fdfe1000-7fe4fe1e1000 ---p 00069000 08:15 12980623                   /usr/lib/jvm/java-8-oracle/jre/lib/amd64/libt2k.so
7fe4fe1e1000-7fe4fe1e8000 rw-p 00069000 08:15 12980623                   /usr/lib/jvm/java-8-oracle/jre/lib/amd64/libt2k.so
7fe4fe1e8000-7fe4fe1f8000 rw-p 00000000 00:00 0 
7fe4fe1f8000-7fe4fe209000 r-xp 00000000 08:15 12980591                   /usr/lib/jvm/java-8-oracle/jre/lib/amd64/libnio.so
7fe4fe209000-7fe4fe408000 ---p 00011000 08:15 12980591                   /usr/lib/jvm/java-8-oracle/jre/lib/amd64/libnio.so
7fe4fe408000-7fe4fe409000 rw-p 00010000 08:15 12980591                   /usr/lib/jvm/java-8-oracle/jre/lib/amd64/libnio.so
7fe4fe409000-7fe4fe70a000 rw-p 00000000 00:00 0 
7fe4fe70a000-7fe4fe720000 r-xp 00000000 08:15 12980356                   /usr/lib/jvm/java-8-oracle/jre/lib/amd64/libnet.so
7fe4fe720000-7fe4fe920000 ---p 00016000 08:15 12980356                   /usr/lib/jvm/java-8-oracle/jre/lib/amd64/libnet.so
7fe4fe920000-7fe4fe921000 rw-p 00016000 08:15 12980356                   /usr/lib/jvm/java-8-oracle/jre/lib/amd64/libnet.so
7fe4fe921000-7fe4feb21000 rw-p 00000000 00:00 0 
7fe4feb21000-7fe4feb24000 ---p 00000000 00:00 0 
7fe4feb24000-7fe4fec22000 rw-p 00000000 00:00 0 
7fe4fec22000-7fe4fec25000 ---p 00000000 00:00 0 
7fe4fec25000-7fe4fed23000 rw-p 00000000 00:00 0 
7fe4fed23000-7fe4fed26000 ---p 00000000 00:00 0 
7fe4fed26000-7fe4fee24000 rw-p 00000000 00:00 0 
7fe4fee24000-7fe4fee27000 ---p 00000000 00:00 0 
7fe4fee27000-7fe4fef25000 rw-p 00000000 00:00 0 
7fe4fef25000-7fe4fef2a000 r-xp 00000000 08:15 12329486                   /usr/lib/x86_64-linux-gnu/libXfixes.so.3.1.0
7fe4fef2a000-7fe4ff129000 ---p 00005000 08:15 12329486                   /usr/lib/x86_64-linux-gnu/libXfixes.so.3.1.0
7fe4ff129000-7fe4ff12a000 r--p 00004000 08:15 12329486                   /usr/lib/x86_64-linux-gnu/libXfixes.so.3.1.0
7fe4ff12a000-7fe4ff12b000 rw-p 00005000 08:15 12329486                   /usr/lib/x86_64-linux-gnu/libXfixes.so.3.1.0
7fe4ff12b000-7fe4ff134000 r-xp 00000000 08:15 12329478                   /usr/lib/x86_64-linux-gnu/libXcursor.so.1.0.2
7fe4ff134000-7fe4ff333000 ---p 00009000 08:15 12329478                   /usr/lib/x86_64-linux-gnu/libXcursor.so.1.0.2
7fe4ff333000-7fe4ff334000 r--p 00008000 08:15 12329478                   /usr/lib/x86_64-linux-gnu/libXcursor.so.1.0.2
7fe4ff334000-7fe4ff335000 rw-p 00009000 08:15 12329478                   /usr/lib/x86_64-linux-gnu/libXcursor.so.1.0.2
7fe4ff335000-7fe4ff34b000 r-xp 00000000 08:15 7082441                    /lib/x86_64-linux-gnu/libgcc_s.so.1
7fe4ff34b000-7fe4ff54a000 ---p 00016000 08:15 7082441                    /lib/x86_64-linux-gnu/libgcc_s.so.1
7fe4ff54a000-7fe4ff54b000 rw-p 00015000 08:15 7082441                    /lib/x86_64-linux-gnu/libgcc_s.so.1
7fe4ff54b000-7fe4ff5b0000 r-xp 00000000 08:15 12980585                   /usr/lib/jvm/java-8-oracle/jre/lib/amd64/libfontmanager.so
7fe4ff5b0000-7fe4ff7af000 ---p 00065000 08:15 12980585                   /usr/lib/jvm/java-8-oracle/jre/lib/amd64/libfontmanager.so
7fe4ff7af000-7fe4ff7b4000 rw-p 00064000 08:15 12980585                   /usr/lib/jvm/java-8-oracle/jre/lib/amd64/libfontmanager.so
7fe4ff7b4000-7fe4ff7c4000 rw-p 00000000 00:00 0 
7fe4ff7c4000-7fe4ff7c9000 r-xp 00000000 08:15 12329482                   /usr/lib/x86_64-linux-gnu/libXdmcp.so.6.0.0
7fe4ff7c9000-7fe4ff9c8000 ---p 00005000 08:15 12329482                   /usr/lib/x86_64-linux-gnu/libXdmcp.so.6.0.0
7fe4ff9c8000-7fe4ff9c9000 r--p 00004000 08:15 12329482                   /usr/lib/x86_64-linux-gnu/libXdmcp.so.6.0.0
7fe4ff9c9000-7fe4ff9ca000 rw-p 00005000 08:15 12329482                   /usr/lib/x86_64-linux-gnu/libXdmcp.so.6.0.0
7fe4ff9ca000-7fe4ff9cc000 r-xp 00000000 08:15 12329471                   /usr/lib/x86_64-linux-gnu/libXau.so.6.0.0
7fe4ff9cc000-7fe4ffbcc000 ---p 00002000 08:15 12329471                   /usr/lib/x86_64-linux-gnu/libXau.so.6.0.0
7fe4ffbcc000-7fe4ffbcd000 r--p 00002000 08:15 12329471                   /usr/lib/x86_64-linux-gnu/libXau.so.6.0.0
7fe4ffbcd000-7fe4ffbce000 rw-p 00003000 08:15 12329471                   /usr/lib/x86_64-linux-gnu/libXau.so.6.0.0
7fe4ffbce000-7fe4ffbef000 r-xp 00000000 08:15 12330820                   /usr/lib/x86_64-linux-gnu/libxcb.so.1.1.0
7fe4ffbef000-7fe4ffdee000 ---p 00021000 08:15 12330820                   /usr/lib/x86_64-linux-gnu/libxcb.so.1.1.0
7fe4ffdee000-7fe4ffdef000 r--p 00020000 08:15 12330820                   /usr/lib/x86_64-linux-gnu/libxcb.so.1.1.0
7fe4ffdef000-7fe4ffdf0000 rw-p 00021000 08:15 12330820                   /usr/lib/x86_64-linux-gnu/libxcb.so.1.1.0
7fe4ffdf0000-7fe4ffdff000 r-xp 00000000 08:15 12329492                   /usr/lib/x86_64-linux-gnu/libXi.so.6.1.0
7fe4ffdff000-7fe4ffffe000 ---p 0000f000 08:15 12329492                   /usr/lib/x86_64-linux-gnu/libXi.so.6.1.0
7fe4ffffe000-7fe4fffff000 r--p 0000e000 08:15 12329492                   /usr/lib/x86_64-linux-gnu/libXi.so.6.1.0
7fe4fffff000-7fe500000000 rw-p 0000f000 08:15 12329492                   /usr/lib/x86_64-linux-gnu/libXi.so.6.1.0
7fe500000000-7fe500021000 rw-p 00000000 00:00 0 
7fe500021000-7fe504000000 ---p 00000000 00:00 0 
7fe504000000-7fe504021000 rw-p 00000000 00:00 0 
7fe504021000-7fe508000000 ---p 00000000 00:00 0 
7fe508000000-7fe509058000 rw-p 00000000 00:00 0 
7fe509058000-7fe50c000000 ---p 00000000 00:00 0 
7fe50c000000-7fe50c7af000 rw-p 00000000 00:00 0 
7fe50c7af000-7fe510000000 ---p 00000000 00:00 0 
7fe510000000-7fe510021000 rw-p 00000000 00:00 0 
7fe510021000-7fe514000000 ---p 00000000 00:00 0 
7fe514000000-7fe5145b4000 rw-p 00000000 00:00 0 
7fe5145b4000-7fe518000000 ---p 00000000 00:00 0 
7fe518000000-7fe518021000 rw-p 00000000 00:00 0 
7fe518021000-7fe51c000000 ---p 00000000 00:00 0 
7fe51c000000-7fe51c021000 rw-p 00000000 00:00 0 
7fe51c021000-7fe520000000 ---p 00000000 00:00 0 
7fe520000000-7fe520021000 rw-p 00000000 00:00 0 
7fe520021000-7fe524000000 ---p 00000000 00:00 0 
7fe524000000-7fe524298000 rw-p 00000000 00:00 0 
7fe524298000-7fe528000000 ---p 00000000 00:00 0 
7fe528000000-7fe528021000 rw-p 00000000 00:00 0 
7fe528021000-7fe52c000000 ---p 00000000 00:00 0 
7fe52c000000-7fe52c021000 rw-p 00000000 00:00 0 
7fe52c021000-7fe530000000 ---p 00000000 00:00 0 
7fe530002000-7fe530006000 r--s 00000000 08:15 5514013                    /var/cache/fontconfig/385c0604a188198f04d133e54aba7fe7-le64.cache-6
7fe530006000-7fe530009000 r--s 00000000 08:15 5513664                    /var/cache/fontconfig/767a8244fc0220cfb567a839d0392e0b-le64.cache-6
7fe530009000-7fe53000e000 r--s 00000000 08:15 5513662                    /var/cache/fontconfig/8801497958630a81b71ace7c5f9b32a8-le64.cache-6
7fe53000e000-7fe530012000 r--s 00000000 08:15 5515860                    /var/cache/fontconfig/c57959a16110560c8d0fcea73374aeeb-le64.cache-6
7fe530012000-7fe530019000 r--s 00000000 08:15 5513222                    /var/cache/fontconfig/3047814df9a2f067bd2d96a2b9c36e5a-le64.cache-6
7fe530019000-7fe530021000 r--s 00000000 08:15 5506147                    /var/cache/fontconfig/bf3b770c553c462765856025a94f1ce6-le64.cache-6
7fe530021000-7fe530034000 r--s 00000000 08:15 5512788                    /var/cache/fontconfig/d52a8644073d54c13679302ca1180695-le64.cache-6
7fe530034000-7fe53003f000 r--s 00000000 08:15 5506474                    /var/cache/fontconfig/d589a48862398ed80a3d6066f4f56f4c-le64.cache-6
7fe53003f000-7fe53004a000 r--s 00000000 08:15 5512171                    /var/cache/fontconfig/83bf95040141907cd45bb53cf7c1c148-le64.cache-6
7fe53004a000-7fe53006a000 r--s 00000000 08:15 5506266                    /var/cache/fontconfig/e13b20fdb08344e0e664864cc2ede53d-le64.cache-6
7fe53006a000-7fe53006f000 r-xp 00000000 08:15 12329510                   /usr/lib/x86_64-linux-gnu/libXtst.so.6.1.0
7fe53006f000-7fe53026e000 ---p 00005000 08:15 12329510                   /usr/lib/x86_64-linux-gnu/libXtst.so.6.1.0
7fe53026e000-7fe53026f000 r--p 00004000 08:15 12329510                   /usr/lib/x86_64-linux-gnu/libXtst.so.6.1.0
7fe53026f000-7fe530270000 rw-p 00005000 08:15 12329510                   /usr/lib/x86_64-linux-gnu/libXtst.so.6.1.0
7fe530270000-7fe534000000 rw-p 00000000 00:00 0 
7fe534000000-7fe534021000 rw-p 00000000 00:00 0 
7fe534021000-7fe538000000 ---p 00000000 00:00 0 
7fe538000000-7fe538002000 r--s 00000000 08:15 5518660                    /var/cache/fontconfig/99e8ed0e538f840c565b6ed5dad60d56-le64.cache-6
7fe538002000-7fe538008000 r--s 00000000 08:15 5512789                    /var/cache/fontconfig/b47c4e1ecd0709278f4910c18777a504-le64.cache-6
7fe538008000-7fe53801a000 r--s 00000000 08:15 5512170                    /var/cache/fontconfig/9b89f8e3dae116d678bbf48e5f21f69b-le64.cache-6
7fe53801a000-7fe538027000 r--s 00000000 08:15 5505419                    /var/cache/fontconfig/8f02d4cb045bd6ce15663e43f347c9f8-le64.cache-6
7fe538027000-7fe53802a000 ---p 00000000 00:00 0 
7fe53802a000-7fe538128000 rw-p 00000000 00:00 0 
7fe538128000-7fe538131000 r-xp 00000000 08:15 12329504                   /usr/lib/x86_64-linux-gnu/libXrender.so.1.3.0
7fe538131000-7fe538330000 ---p 00009000 08:15 12329504                   /usr/lib/x86_64-linux-gnu/libXrender.so.1.3.0
7fe538330000-7fe538331000 r--p 00008000 08:15 12329504                   /usr/lib/x86_64-linux-gnu/libXrender.so.1.3.0
7fe538331000-7fe538332000 rw-p 00009000 08:15 12329504                   /usr/lib/x86_64-linux-gnu/libXrender.so.1.3.0
7fe538332000-7fe538467000 r-xp 00000000 08:15 12329467                   /usr/lib/x86_64-linux-gnu/libX11.so.6.3.0
7fe538467000-7fe538667000 ---p 00135000 08:15 12329467                   /usr/lib/x86_64-linux-gnu/libX11.so.6.3.0
7fe538667000-7fe538668000 r--p 00135000 08:15 12329467                   /usr/lib/x86_64-linux-gnu/libX11.so.6.3.0
7fe538668000-7fe53866c000 rw-p 00136000 08:15 12329467                   /usr/lib/x86_64-linux-gnu/libX11.so.6.3.0
7fe53866c000-7fe53867d000 r-xp 00000000 08:15 12329484                   /usr/lib/x86_64-linux-gnu/libXext.so.6.4.0
7fe53867d000-7fe53887c000 ---p 00011000 08:15 12329484                   /usr/lib/x86_64-linux-gnu/libXext.so.6.4.0
7fe53887c000-7fe53887d000 r--p 00010000 08:15 12329484                   /usr/lib/x86_64-linux-gnu/libXext.so.6.4.0
7fe53887d000-7fe53887e000 rw-p 00011000 08:15 12329484                   /usr/lib/x86_64-linux-gnu/libXext.so.6.4.0
7fe53887e000-7fe53887f000 r--s 00000000 08:15 5514141                    /var/cache/fontconfig/0d8c3b2ac0904cb8a57a757ad11a4a08-le64.cache-6
7fe53887f000-7fe538887000 r--s 00000000 08:15 5518658                    /var/cache/fontconfig/52f7bdb7ce746bfd7eaa1985bd9cfa93-le64.cache-6
7fe538887000-7fe5388a8000 r--s 00000000 08:15 5505593                    /var/cache/fontconfig/467c019e582ee353435ea5c21d137ef6-le64.cache-6
7fe5388a8000-7fe5388fc000 r-xp 00000000 08:15 12980593                   /usr/lib/jvm/java-8-oracle/jre/lib/amd64/libawt_xawt.so
7fe5388fc000-7fe538afc000 ---p 00054000 08:15 12980593                   /usr/lib/jvm/java-8-oracle/jre/lib/amd64/libawt_xawt.so
7fe538afc000-7fe538b00000 rw-p 00054000 08:15 12980593                   /usr/lib/jvm/java-8-oracle/jre/lib/amd64/libawt_xawt.so
7fe538b00000-7fe538b01000 rw-p 00000000 00:00 0 
7fe538b01000-7fe538ba3000 r-xp 00000000 08:15 12980626                   /usr/lib/jvm/java-8-oracle/jre/lib/amd64/libawt.so
7fe538ba3000-7fe538da3000 ---p 000a2000 08:15 12980626                   /usr/lib/jvm/java-8-oracle/jre/lib/amd64/libawt.so
7fe538da3000-7fe538daf000 rw-p 000a2000 08:15 12980626                   /usr/lib/jvm/java-8-oracle/jre/lib/amd64/libawt.so
7fe538daf000-7fe538dd3000 rw-p 00000000 00:00 0 
7fe538dd3000-7fe538dd4000 ---p 00000000 00:00 0 
7fe538dd4000-7fe538ed4000 rw-p 00000000 00:00 0 
7fe538ed4000-7fe538ed7000 ---p 00000000 00:00 0 
7fe538ed7000-7fe538fd5000 rw-p 00000000 00:00 0 
7fe538fd5000-7fe538fd8000 ---p 00000000 00:00 0 
7fe538fd8000-7fe5390d6000 rw-p 00000000 00:00 0 
7fe5390d6000-7fe5390d9000 ---p 00000000 00:00 0 
7fe5390d9000-7fe5391d7000 rw-p 00000000 00:00 0 
7fe5391d7000-7fe5391da000 ---p 00000000 00:00 0 
7fe5391da000-7fe5392d8000 rw-p 00000000 00:00 0 
7fe5392d8000-7fe5392db000 ---p 00000000 00:00 0 
7fe5392db000-7fe5393d9000 rw-p 00000000 00:00 0 
7fe5393d9000-7fe539830000 r--p 00000000 08:15 12321046                   /usr/lib/locale/locale-archive
7fe539830000-7fe539833000 ---p 00000000 00:00 0 
7fe539833000-7fe539931000 rw-p 00000000 00:00 0 
7fe539931000-7fe539934000 ---p 00000000 00:00 0 
7fe539934000-7fe539a32000 rw-p 00000000 00:00 0 
7fe539a32000-7fe539a33000 ---p 00000000 00:00 0 
7fe539a33000-7fe53aac6000 rw-p 00000000 00:00 0 
7fe53aac6000-7fe53ac9e000 r--s 03d2a000 08:15 12855517                   /usr/lib/jvm/java-8-oracle/jre/lib/rt.jar
7fe53ac9e000-7fe53b877000 rw-p 00000000 00:00 0 
7fe53b877000-7fe53b878000 ---p 00000000 00:00 0 
7fe53b878000-7fe53b978000 rw-p 00000000 00:00 0 
7fe53b978000-7fe53b979000 ---p 00000000 00:00 0 
7fe53b979000-7fe53ba79000 rw-p 00000000 00:00 0 
7fe53ba79000-7fe53ba7a000 ---p 00000000 00:00 0 
7fe53ba7a000-7fe53be0b000 rw-p 00000000 00:00 0 
7fe53be0b000-7fe53c09b000 rw-p 00000000 00:00 0 
7fe53c09b000-7fe53c131000 rw-p 00000000 00:00 0 
7fe53c131000-7fe53c1e4000 ---p 00000000 00:00 0 
7fe53c1e4000-7fe53c1fc000 rw-p 00000000 00:00 0 
7fe53c1fc000-7fe53c5a5000 ---p 00000000 00:00 0 
7fe53c5a5000-7fe53cb55000 rwxp 00000000 00:00 0 
7fe53cb55000-7fe54b5a5000 ---p 00000000 00:00 0 
7fe54b5a5000-7fe54b5bf000 r-xp 00000000 08:15 12980589                   /usr/lib/jvm/java-8-oracle/jre/lib/amd64/libzip.so
7fe54b5bf000-7fe54b7bf000 ---p 0001a000 08:15 12980589                   /usr/lib/jvm/java-8-oracle/jre/lib/amd64/libzip.so
7fe54b7bf000-7fe54b7c0000 rw-p 0001a000 08:15 12980589                   /usr/lib/jvm/java-8-oracle/jre/lib/amd64/libzip.so
7fe54b7c0000-7fe54b7cb000 r-xp 00000000 08:15 7082080                    /lib/x86_64-linux-gnu/libnss_files-2.23.so
7fe54b7cb000-7fe54b9ca000 ---p 0000b000 08:15 7082080                    /lib/x86_64-linux-gnu/libnss_files-2.23.so
7fe54b9ca000-7fe54b9cb000 r--p 0000a000 08:15 7082080                    /lib/x86_64-linux-gnu/libnss_files-2.23.so
7fe54b9cb000-7fe54b9cc000 rw-p 0000b000 08:15 7082080                    /lib/x86_64-linux-gnu/libnss_files-2.23.so
7fe54b9cc000-7fe54b9d2000 rw-p 00000000 00:00 0 
7fe54b9d2000-7fe54b9dd000 r-xp 00000000 08:15 7082074                    /lib/x86_64-linux-gnu/libnss_nis-2.23.so
7fe54b9dd000-7fe54bbdc000 ---p 0000b000 08:15 7082074                    /lib/x86_64-linux-gnu/libnss_nis-2.23.so
7fe54bbdc000-7fe54bbdd000 r--p 0000a000 08:15 7082074                    /lib/x86_64-linux-gnu/libnss_nis-2.23.so
7fe54bbdd000-7fe54bbde000 rw-p 0000b000 08:15 7082074                    /lib/x86_64-linux-gnu/libnss_nis-2.23.so
7fe54bbde000-7fe54bbf4000 r-xp 00000000 08:15 7082070                    /lib/x86_64-linux-gnu/libnsl-2.23.so
7fe54bbf4000-7fe54bdf3000 ---p 00016000 08:15 7082070                    /lib/x86_64-linux-gnu/libnsl-2.23.so
7fe54bdf3000-7fe54bdf4000 r--p 00015000 08:15 7082070                    /lib/x86_64-linux-gnu/libnsl-2.23.so
7fe54bdf4000-7fe54bdf5000 rw-p 00016000 08:15 7082070                    /lib/x86_64-linux-gnu/libnsl-2.23.so
7fe54bdf5000-7fe54bdf7000 rw-p 00000000 00:00 0 
7fe54bdf7000-7fe54bdff000 r-xp 00000000 08:15 7082066                    /lib/x86_64-linux-gnu/libnss_compat-2.23.so
7fe54bdff000-7fe54bffe000 ---p 00008000 08:15 7082066                    /lib/x86_64-linux-gnu/libnss_compat-2.23.so
7fe54bffe000-7fe54bfff000 r--p 00007000 08:15 7082066                    /lib/x86_64-linux-gnu/libnss_compat-2.23.so
7fe54bfff000-7fe54c000000 rw-p 00008000 08:15 7082066                    /lib/x86_64-linux-gnu/libnss_compat-2.23.so
7fe54c000000-7fe54c589000 rw-p 00000000 00:00 0 
7fe54c589000-7fe550000000 ---p 00000000 00:00 0 
7fe550000000-7fe550001000 r--s 00000000 08:15 5514139                    /var/cache/fontconfig/1ac9eb803944fde146138c791f5cc56a-le64.cache-6
7fe550001000-7fe550002000 r--s 00000000 08:15 5514010                    /var/cache/fontconfig/dc05db6664285cc2f12bf69c139ae4c3-le64.cache-6
7fe550002000-7fe550003000 r--s 00000000 08:15 5513663                    /var/cache/fontconfig/4794a0821666d79190d59a36cb4f44b5-le64.cache-6
7fe550003000-7fe550004000 r--s 00000000 08:15 5513661                    /var/cache/fontconfig/bab58bb527bb656aaa9f116d68a48d89-le64.cache-6
7fe550004000-7fe550005000 r--s 00000000 08:15 5512791                    /var/cache/fontconfig/56cf4f4769d0f4abc89a4895d7bd3ae1-le64.cache-6
7fe55001d000-7fe5500e2000 rw-p 00000000 00:00 0 
7fe5500e2000-7fe5500e3000 ---p 00000000 00:00 0 
7fe5500e3000-7fe5501e3000 rw-p 00000000 00:00 0 
7fe5501e3000-7fe55020e000 r-xp 00000000 08:15 12980616                   /usr/lib/jvm/java-8-oracle/jre/lib/amd64/libjava.so
7fe55020e000-7fe55040d000 ---p 0002b000 08:15 12980616                   /usr/lib/jvm/java-8-oracle/jre/lib/amd64/libjava.so
7fe55040d000-7fe55040f000 rw-p 0002a000 08:15 12980616                   /usr/lib/jvm/java-8-oracle/jre/lib/amd64/libjava.so
7fe55040f000-7fe55041c000 r-xp 00000000 08:15 12980358                   /usr/lib/jvm/java-8-oracle/jre/lib/amd64/libverify.so
7fe55041c000-7fe55061b000 ---p 0000d000 08:15 12980358                   /usr/lib/jvm/java-8-oracle/jre/lib/amd64/libverify.so
7fe55061b000-7fe55061d000 rw-p 0000c000 08:15 12980358                   /usr/lib/jvm/java-8-oracle/jre/lib/amd64/libverify.so
7fe55061d000-7fe550624000 r-xp 00000000 08:15 7082098                    /lib/x86_64-linux-gnu/librt-2.23.so
7fe550624000-7fe550823000 ---p 00007000 08:15 7082098                    /lib/x86_64-linux-gnu/librt-2.23.so
7fe550823000-7fe550824000 r--p 00006000 08:15 7082098                    /lib/x86_64-linux-gnu/librt-2.23.so
7fe550824000-7fe550825000 rw-p 00007000 08:15 7082098                    /lib/x86_64-linux-gnu/librt-2.23.so
7fe550825000-7fe55092d000 r-xp 00000000 08:15 7082092                    /lib/x86_64-linux-gnu/libm-2.23.so
7fe55092d000-7fe550b2c000 ---p 00108000 08:15 7082092                    /lib/x86_64-linux-gnu/libm-2.23.so
7fe550b2c000-7fe550b2d000 r--p 00107000 08:15 7082092                    /lib/x86_64-linux-gnu/libm-2.23.so
7fe550b2d000-7fe550b2e000 rw-p 00108000 08:15 7082092                    /lib/x86_64-linux-gnu/libm-2.23.so
7fe550b2e000-7fe5517fb000 r-xp 00000000 08:15 12980620                   /usr/lib/jvm/java-8-oracle/jre/lib/amd64/server/libjvm.so
7fe5517fb000-7fe5519fa000 ---p 00ccd000 08:15 12980620                   /usr/lib/jvm/java-8-oracle/jre/lib/amd64/server/libjvm.so
7fe5519fa000-7fe551ad3000 rw-p 00ccc000 08:15 12980620                   /usr/lib/jvm/java-8-oracle/jre/lib/amd64/server/libjvm.so
7fe551ad3000-7fe551b1e000 rw-p 00000000 00:00 0 
7fe551b1e000-7fe551cdd000 r-xp 00000000 08:15 7082106                    /lib/x86_64-linux-gnu/libc-2.23.so
7fe551cdd000-7fe551edd000 ---p 001bf000 08:15 7082106                    /lib/x86_64-linux-gnu/libc-2.23.so
7fe551edd000-7fe551ee1000 r--p 001bf000 08:15 7082106                    /lib/x86_64-linux-gnu/libc-2.23.so
7fe551ee1000-7fe551ee3000 rw-p 001c3000 08:15 7082106                    /lib/x86_64-linux-gnu/libc-2.23.so
7fe551ee3000-7fe551ee7000 rw-p 00000000 00:00 0 
7fe551ee7000-7fe551eea000 r-xp 00000000 08:15 7082107                    /lib/x86_64-linux-gnu/libdl-2.23.so
7fe551eea000-7fe5520e9000 ---p 00003000 08:15 7082107                    /lib/x86_64-linux-gnu/libdl-2.23.so
7fe5520e9000-7fe5520ea000 r--p 00002000 08:15 7082107                    /lib/x86_64-linux-gnu/libdl-2.23.so
7fe5520ea000-7fe5520eb000 rw-p 00003000 08:15 7082107                    /lib/x86_64-linux-gnu/libdl-2.23.so
7fe5520eb000-7fe552100000 r-xp 00000000 08:15 12585246                   /usr/lib/jvm/java-8-oracle/lib/amd64/jli/libjli.so
7fe552100000-7fe552300000 ---p 00015000 08:15 12585246                   /usr/lib/jvm/java-8-oracle/lib/amd64/jli/libjli.so
7fe552300000-7fe552301000 rw-p 00015000 08:15 12585246                   /usr/lib/jvm/java-8-oracle/lib/amd64/jli/libjli.so
7fe552301000-7fe552319000 r-xp 00000000 08:15 7082105                    /lib/x86_64-linux-gnu/libpthread-2.23.so
7fe552319000-7fe552518000 ---p 00018000 08:15 7082105                    /lib/x86_64-linux-gnu/libpthread-2.23.so
7fe552518000-7fe552519000 r--p 00017000 08:15 7082105                    /lib/x86_64-linux-gnu/libpthread-2.23.so
7fe552519000-7fe55251a000 rw-p 00018000 08:15 7082105                    /lib/x86_64-linux-gnu/libpthread-2.23.so
7fe55251a000-7fe55251e000 rw-p 00000000 00:00 0 
7fe55251e000-7fe552544000 r-xp 00000000 08:15 7082100                    /lib/x86_64-linux-gnu/ld-2.23.so
7fe552544000-7fe552545000 r--s 00000000 08:15 5512790                    /var/cache/fontconfig/b9d506c9ac06c20b433354fa67a72993-le64.cache-6
7fe552545000-7fe552546000 r--s 00000000 08:15 5512777                    /var/cache/fontconfig/551ecf3b0e8b0bca0f25c0944f561853-le64.cache-6
7fe552546000-7fe552547000 r--s 00000000 08:15 5512770                    /var/cache/fontconfig/30829fa25452a46451e813d634d7f916-le64.cache-6
7fe552547000-7fe552612000 rw-p 00000000 00:00 0 
7fe552612000-7fe552615000 ---p 00000000 00:00 0 
7fe552615000-7fe552717000 rw-p 00000000 00:00 0 
7fe552717000-7fe552718000 r--s 00000000 08:15 5512769                    /var/cache/fontconfig/0c9eb80ebd1c36541ebe2852d3bb0c49-le64.cache-6
7fe552718000-7fe55271b000 r--s 00000000 08:15 5512181                    /var/cache/fontconfig/75114ca45c98e8a441da0ff356701271-le64.cache-6
7fe55271b000-7fe55271d000 r--s 00000000 08:15 5505108                    /var/cache/fontconfig/62f91419b9ebdb6975e7e41ab6412357-le64.cache-6
7fe55271d000-7fe552721000 r--s 00000000 08:15 5506151                    /var/cache/fontconfig/7ef2298fde41cc6eeb7af42e48b7d293-le64.cache-6
7fe552721000-7fe552723000 r--s 00000000 08:15 5505420                    /var/cache/fontconfig/16326683038b281783a0ef8c680e3a10-le64.cache-6
7fe552723000-7fe552724000 r--s 00000000 08:15 5505596                    /var/cache/fontconfig/e0aa53bcfa504e64f87823c16bc01eb6-le64.cache-6
7fe552724000-7fe552737000 r--s 00345000 08:15 12855537                   /usr/lib/jvm/java-8-oracle/jre/lib/resources.jar
7fe552737000-7fe55273f000 rw-s 00000000 08:15 1324479                    /tmp/hsperfdata_nokorot/2631
7fe55273f000-7fe552740000 rw-p 00000000 00:00 0 
7fe552740000-7fe552741000 ---p 00000000 00:00 0 
7fe552741000-7fe552743000 rw-p 00000000 00:00 0 
7fe552743000-7fe552744000 r--p 00025000 08:15 7082100                    /lib/x86_64-linux-gnu/ld-2.23.so
7fe552744000-7fe552745000 rw-p 00026000 08:15 7082100                    /lib/x86_64-linux-gnu/ld-2.23.so
7fe552745000-7fe552746000 rw-p 00000000 00:00 0 
7ffef850e000-7ffef852f000 rw-p 00000000 00:00 0                          [stack]
7ffef8596000-7ffef8598000 r--p 00000000 00:00 0                          [vvar]
7ffef8598000-7ffef859a000 r-xp 00000000 00:00 0                          [vdso]
ffffffffff600000-ffffffffff601000 r-xp 00000000 00:00 0                  [vsyscall]

VM Arguments:
jvm_args: -Dfile.encoding=UTF-8 
java_command: engineTest.tests
java_class_path (initial): /home/nokorot/Workspace/Java/LiveSystem/NokoBox/bin
Launcher Type: SUN_STANDARD

Environment Variables:
JAVA_HOME=/usr/lib/jvm/java-8-oracle
PATH=/home/nokorot/.cabal/bin:/opt/cabal/1.22/bin:/opt/ghc/7.10.3/bin:/home/nokorot/.bin:/home/nokorot/bin:/home/nokorot/.local/bin:/usr/local/sbin:/usr/local/bin:/usr/sbin:/usr/bin:/sbin:/bin:/usr/games:/usr/local/games:/snap/bin:/usr/lib/jvm/java-8-oracle/bin:/usr/lib/jvm/java-8-oracle/db/bin:/usr/lib/jvm/java-8-oracle/jre/bin
USERNAME=nokorot
SHELL=/bin/bash
DISPLAY=:1

Signal Handlers:
SIGSEGV: [libjvm.so+0xac64b0], sa_mask[0]=11111111011111111101111111111110, sa_flags=SA_RESTART|SA_SIGINFO
SIGBUS: [libjvm.so+0xac64b0], sa_mask[0]=11111111011111111101111111111110, sa_flags=SA_RESTART|SA_SIGINFO
SIGFPE: [libjvm.so+0x91f950], sa_mask[0]=11111111011111111101111111111110, sa_flags=SA_RESTART|SA_SIGINFO
SIGPIPE: [libjvm.so+0x91f950], sa_mask[0]=11111111011111111101111111111110, sa_flags=SA_RESTART|SA_SIGINFO
SIGXFSZ: [libjvm.so+0x91f950], sa_mask[0]=11111111011111111101111111111110, sa_flags=SA_RESTART|SA_SIGINFO
SIGILL: [libjvm.so+0x91f950], sa_mask[0]=11111111011111111101111111111110, sa_flags=SA_RESTART|SA_SIGINFO
SIGUSR1: SIG_DFL, sa_mask[0]=00000000000000000000000000000000, sa_flags=none
SIGUSR2: [libjvm.so+0x920f80], sa_mask[0]=00100000000000000000000000000000, sa_flags=SA_RESTART|SA_SIGINFO
SIGHUP: [libjvm.so+0x922380], sa_mask[0]=11111111011111111101111111111110, sa_flags=SA_RESTART|SA_SIGINFO
SIGINT: [libjvm.so+0x922380], sa_mask[0]=11111111011111111101111111111110, sa_flags=SA_RESTART|SA_SIGINFO
SIGTERM: [libjvm.so+0x922380], sa_mask[0]=11111111011111111101111111111110, sa_flags=SA_RESTART|SA_SIGINFO
SIGQUIT: [libjvm.so+0x922380], sa_mask[0]=11111111011111111101111111111110, sa_flags=SA_RESTART|SA_SIGINFO


---------------  S Y S T E M  ---------------

OS:DISTRIB_ID=Ubuntu
DISTRIB_RELEASE=16.04
DISTRIB_CODENAME=xenial
DISTRIB_DESCRIPTION="Ubuntu 16.04.1 LTS"

uname:Linux 4.4.0-57-generic #78-Ubuntu SMP Fri Dec 9 23:50:32 UTC 2016 x86_64
libc:glibc 2.23 NPTL 2.23 
rlimit: STACK 8192k, CORE 0k, NPROC 31349, NOFILE 65536, AS infinity
load average:3,93 1,46 0,95

/proc/meminfo:
MemTotal:        8065836 kB
MemFree:          114856 kB
MemAvailable:      13480 kB
Buffers:             272 kB
Cached:          1379752 kB
SwapCached:        16332 kB
Active:          6386604 kB
Inactive:        1291092 kB
Active(anon):    6385448 kB
Inactive(anon):  1290228 kB
Active(file):       1156 kB
Inactive(file):      864 kB
Unevictable:         464 kB
Mlocked:             464 kB
SwapTotal:       1951740 kB
SwapFree:              0 kB
Dirty:                64 kB
Writeback:             0 kB
AnonPages:       6283408 kB
Mapped:           308708 kB
Shmem:           1377348 kB
Slab:             122504 kB
SReclaimable:      67144 kB
SUnreclaim:        55360 kB
KernelStack:       13296 kB
PageTables:        66908 kB
NFS_Unstable:          0 kB
Bounce:                0 kB
WritebackTmp:          0 kB
CommitLimit:     5984656 kB
Committed_AS:   15176352 kB
VmallocTotal:   34359738367 kB
VmallocUsed:           0 kB
VmallocChunk:          0 kB
HardwareCorrupted:     0 kB
AnonHugePages:   3297280 kB
CmaTotal:              0 kB
CmaFree:               0 kB
HugePages_Total:       0
HugePages_Free:        0
HugePages_Rsvd:        0
HugePages_Surp:        0
Hugepagesize:       2048 kB
DirectMap4k:      425256 kB
DirectMap2M:     7854080 kB


CPU:total 4 (2 cores per cpu, 2 threads per core) family 6 model 58 stepping 9, cmov, cx8, fxsr, mmx, sse, sse2, sse3, ssse3, sse4.1, sse4.2, popcnt, avx, aes, clmul, erms, ht, tsc, tscinvbit, tscinv

/proc/cpuinfo:
processor	: 0
vendor_id	: GenuineIntel
cpu family	: 6
model		: 58
model name	: Intel(R) Core(TM) i5-3210M CPU @ 2.50GHz
stepping	: 9
microcode	: 0x15
cpu MHz		: 2899.902
cache size	: 3072 KB
physical id	: 0
siblings	: 4
core id		: 0
cpu cores	: 2
apicid		: 0
initial apicid	: 0
fpu		: yes
fpu_exception	: yes
cpuid level	: 13
wp		: yes
flags		: fpu vme de pse tsc msr pae mce cx8 apic sep mtrr pge mca cmov pat pse36 clflush dts acpi mmx fxsr sse sse2 ss ht tm pbe syscall nx rdtscp lm constant_tsc arch_perfmon pebs bts rep_good nopl xtopology nonstop_tsc aperfmperf eagerfpu pni pclmulqdq dtes64 monitor ds_cpl vmx est tm2 ssse3 cx16 xtpr pdcm pcid sse4_1 sse4_2 x2apic popcnt tsc_deadline_timer aes xsave avx f16c rdrand lahf_lm epb tpr_shadow vnmi flexpriority ept vpid fsgsbase smep erms xsaveopt dtherm ida arat pln pts
bugs		:
bogomips	: 4988.68
clflush size	: 64
cache_alignment	: 64
address sizes	: 36 bits physical, 48 bits virtual
power management:

processor	: 1
vendor_id	: GenuineIntel
cpu family	: 6
model		: 58
model name	: Intel(R) Core(TM) i5-3210M CPU @ 2.50GHz
stepping	: 9
microcode	: 0x15
cpu MHz		: 2899.902
cache size	: 3072 KB
physical id	: 0
siblings	: 4
core id		: 1
cpu cores	: 2
apicid		: 2
initial apicid	: 2
fpu		: yes
fpu_exception	: yes
cpuid level	: 13
wp		: yes
flags		: fpu vme de pse tsc msr pae mce cx8 apic sep mtrr pge mca cmov pat pse36 clflush dts acpi mmx fxsr sse sse2 ss ht tm pbe syscall nx rdtscp lm constant_tsc arch_perfmon pebs bts rep_good nopl xtopology nonstop_tsc aperfmperf eagerfpu pni pclmulqdq dtes64 monitor ds_cpl vmx est tm2 ssse3 cx16 xtpr pdcm pcid sse4_1 sse4_2 x2apic popcnt tsc_deadline_timer aes xsave avx f16c rdrand lahf_lm epb tpr_shadow vnmi flexpriority ept vpid fsgsbase smep erms xsaveopt dtherm ida arat pln pts
bugs		:
bogomips	: 4988.68
clflush size	: 64
cache_alignment	: 64
address sizes	: 36 bits physical, 48 bits virtual
power management:

processor	: 2
vendor_id	: GenuineIntel
cpu family	: 6
model		: 58
model name	: Intel(R) Core(TM) i5-3210M CPU @ 2.50GHz
stepping	: 9
microcode	: 0x15
cpu MHz		: 2900.000
cache size	: 3072 KB
physical id	: 0
siblings	: 4
core id		: 0
cpu cores	: 2
apicid		: 1
initial apicid	: 1
fpu		: yes
fpu_exception	: yes
cpuid level	: 13
wp		: yes
flags		: fpu vme de pse tsc msr pae mce cx8 apic sep mtrr pge mca cmov pat pse36 clflush dts acpi mmx fxsr sse sse2 ss ht tm pbe syscall nx rdtscp lm constant_tsc arch_perfmon pebs bts rep_good nopl xtopology nonstop_tsc aperfmperf eagerfpu pni pclmulqdq dtes64 monitor ds_cpl vmx est tm2 ssse3 cx16 xtpr pdcm pcid sse4_1 sse4_2 x2apic popcnt tsc_deadline_timer aes xsave avx f16c rdrand lahf_lm epb tpr_shadow vnmi flexpriority ept vpid fsgsbase smep erms xsaveopt dtherm ida arat pln pts
bugs		:
bogomips	: 4988.68
clflush size	: 64
cache_alignment	: 64
address sizes	: 36 bits physical, 48 bits virtual
power management:

processor	: 3
vendor_id	: GenuineIntel
cpu family	: 6
model		: 58
model name	: Intel(R) Core(TM) i5-3210M CPU @ 2.50GHz
stepping	: 9
microcode	: 0x15
cpu MHz		: 2900.000
cache size	: 3072 KB
physical id	: 0
siblings	: 4
core id		: 1
cpu cores	: 2
apicid		: 3
initial apicid	: 3
fpu		: yes
fpu_exception	: yes
cpuid level	: 13
wp		: yes
flags		: fpu vme de pse tsc msr pae mce cx8 apic sep mtrr pge mca cmov pat pse36 clflush dts acpi mmx fxsr sse sse2 ss ht tm pbe syscall nx rdtscp lm constant_tsc arch_perfmon pebs bts rep_good nopl xtopology nonstop_tsc aperfmperf eagerfpu pni pclmulqdq dtes64 monitor ds_cpl vmx est tm2 ssse3 cx16 xtpr pdcm pcid sse4_1 sse4_2 x2apic popcnt tsc_deadline_timer aes xsave avx f16c rdrand lahf_lm epb tpr_shadow vnmi flexpriority ept vpid fsgsbase smep erms xsaveopt dtherm ida arat pln pts
bugs		:
bogomips	: 4988.68
clflush size	: 64
cache_alignment	: 64
address sizes	: 36 bits physical, 48 bits virtual
power management:



Memory: 4k page, physical 8065836k(115148k free), swap 1951740k(0k free)

vm_info: Java HotSpot(TM) 64-Bit Server VM (25.111-b14) for linux-amd64 JRE (1.8.0_111-b14), built on Sep 22 2016 16:14:03 by "java_re" with gcc 4.3.0 20080428 (Red Hat 4.3.0-8)

time: Mon Jan  9 22:37:22 2017
elapsed time: 23 seconds (0d 0h 0m 23s)

