#
# There is insufficient memory for the Java Runtime Environment to continue.
# Native memory allocation (mmap) failed to map 1036517376 bytes for committing reserved memory.
# Possible reasons:
#   The system is out of physical RAM or swap space
#   In 32 bit mode, the process size limit was hit
# Possible solutions:
#   Reduce memory load on the system
#   Increase physical memory or swap space
#   Check if swap backing store is full
#   Use 64 bit Java on a 64 bit OS
#   Decrease Java heap size (-Xmx/-Xms)
#   Decrease number of Java threads
#   Decrease Java thread stack sizes (-Xss)
#   Set larger code cache with -XX:ReservedCodeCacheSize=
# This output file may be truncated or incomplete.
#
#  Out of Memory Error (os_linux.cpp:2627), pid=28723, tid=0x00007f18de2a6700
#
# JRE version: Java(TM) SE Runtime Environment (8.0_111-b14) (build 1.8.0_111-b14)
# Java VM: Java HotSpot(TM) 64-Bit Server VM (25.111-b14 mixed mode linux-amd64 compressed oops)
# Failed to write core dump. Core dumps have been disabled. To enable core dumping, try "ulimit -c unlimited" before starting Java again
#

---------------  T H R E A D  ---------------

Current thread (0x00007f18c8001000):  JavaThread "Image Fetcher 0" daemon [_thread_in_vm, id=28812, stack(0x00007f18de1a6000,0x00007f18de2a7000)]

Stack: [0x00007f18de1a6000,0x00007f18de2a7000],  sp=0x00007f18de2a43a0,  free space=1016k
Native frames: (J=compiled Java code, j=interpreted, Vv=VM code, C=native code)
V  [libjvm.so+0xac5c2a]  VMError::report_and_die()+0x2ba
V  [libjvm.so+0x4fc50b]  report_vm_out_of_memory(char const*, int, unsigned long, VMErrorType, char const*)+0x8b
V  [libjvm.so+0x922ae3]  os::Linux::commit_memory_impl(char*, unsigned long, bool)+0x103
V  [libjvm.so+0x923039]  os::pd_commit_memory(char*, unsigned long, unsigned long, bool)+0x29
V  [libjvm.so+0x91d33a]  os::commit_memory(char*, unsigned long, unsigned long, bool)+0x2a
V  [libjvm.so+0x991ac3]  PSVirtualSpace::expand_by(unsigned long)+0x53
V  [libjvm.so+0x982149]  PSOldGen::expand_by(unsigned long)+0x49
V  [libjvm.so+0x9823b5]  PSOldGen::expand(unsigned long)+0x1a5
V  [libjvm.so+0x98263a]  PSOldGen::expand_and_allocate(unsigned long)+0x1a
V  [libjvm.so+0x98275b]  PSOldGen::allocate(unsigned long)+0xcb
V  [libjvm.so+0x94648e]  ParallelScavengeHeap::mem_allocate(unsigned long, bool*)+0xfe
V  [libjvm.so+0xa8b47e]  TypeArrayKlass::allocate_common(int, bool, Thread*)+0x26e
V  [libjvm.so+0x68380a]  InterpreterRuntime::newarray(JavaThread*, BasicType, int)+0x2a
j  java.awt.image.DataBufferInt.<init>(I)V+11
j  java.awt.image.Raster.createPackedRaster(III[ILjava/awt/Point;)Ljava/awt/image/WritableRaster;+69
j  java.awt.image.DirectColorModel.createCompatibleWritableRaster(II)Ljava/awt/image/WritableRaster;+109
j  sun.awt.image.ImageRepresentation.createBufferedImage()V+18
J 1711 C2 sun.awt.image.ImageRepresentation.setPixels(IIIILjava/awt/image/ColorModel;[III)V (535 bytes) @ 0x00007f192d297e5c [0x00007f192d297940+0x51c]
J 1710 C2 sun.awt.image.ImageDecoder.setPixels(IIIILjava/awt/image/ColorModel;[III)I (58 bytes) @ 0x00007f192d26dc1c [0x00007f192d26da60+0x1bc]
J 1721 C2 sun.awt.image.JPEGImageDecoder.sendPixels([II)Z (40 bytes) @ 0x00007f192d1e823c [0x00007f192d1e81e0+0x5c]
v  ~StubRoutines::call_stub
V  [libjvm.so+0x690206]  JavaCalls::call_helper(JavaValue*, methodHandle*, JavaCallArguments*, Thread*)+0x1056
V  [libjvm.so+0x6d20fb]  jni_invoke_nonstatic(JNIEnv_*, JavaValue*, _jobject*, JNICallType, _jmethodID*, JNI_ArgumentPusher*, Thread*)+0x40b
V  [libjvm.so+0x6d9c66]  jni_CallBooleanMethod+0x196
C  [libjpeg.so+0x2a7b8]  Java_sun_awt_image_JPEGImageDecoder_readImage+0x608
j  sun.awt.image.JPEGImageDecoder.readImage(Ljava/io/InputStream;[B)V+0
j  sun.awt.image.JPEGImageDecoder.produceImage()V+10
j  sun.awt.image.InputStreamImageSource.doFetch()V+51
j  sun.awt.image.ImageFetcher.fetchloop()V+33
j  sun.awt.image.ImageFetcher.run()V+5
v  ~StubRoutines::call_stub
V  [libjvm.so+0x690206]  JavaCalls::call_helper(JavaValue*, methodHandle*, JavaCallArguments*, Thread*)+0x1056
V  [libjvm.so+0x690711]  JavaCalls::call_virtual(JavaValue*, KlassHandle, Symbol*, Symbol*, JavaCallArguments*, Thread*)+0x321
V  [libjvm.so+0x690bb7]  JavaCalls::call_virtual(JavaValue*, Handle, KlassHandle, Symbol*, Symbol*, Thread*)+0x47
V  [libjvm.so+0x7278f0]  thread_entry(JavaThread*, Thread*)+0xa0
V  [libjvm.so+0xa742b3]  JavaThread::thread_main_inner()+0x103
V  [libjvm.so+0xa743fc]  JavaThread::run()+0x11c
V  [libjvm.so+0x924ea8]  java_start(Thread*)+0x108
C  [libpthread.so.0+0x770a]  start_thread+0xca

Java frames: (J=compiled Java code, j=interpreted, Vv=VM code)
j  java.awt.image.DataBufferInt.<init>(I)V+11
j  java.awt.image.Raster.createPackedRaster(III[ILjava/awt/Point;)Ljava/awt/image/WritableRaster;+69
j  java.awt.image.DirectColorModel.createCompatibleWritableRaster(II)Ljava/awt/image/WritableRaster;+109
j  sun.awt.image.ImageRepresentation.createBufferedImage()V+18
J 1711 C2 sun.awt.image.ImageRepresentation.setPixels(IIIILjava/awt/image/ColorModel;[III)V (535 bytes) @ 0x00007f192d297e5c [0x00007f192d297940+0x51c]
J 1710 C2 sun.awt.image.ImageDecoder.setPixels(IIIILjava/awt/image/ColorModel;[III)I (58 bytes) @ 0x00007f192d26dc1c [0x00007f192d26da60+0x1bc]
J 1721 C2 sun.awt.image.JPEGImageDecoder.sendPixels([II)Z (40 bytes) @ 0x00007f192d1e823c [0x00007f192d1e81e0+0x5c]
v  ~StubRoutines::call_stub
j  sun.awt.image.JPEGImageDecoder.readImage(Ljava/io/InputStream;[B)V+0
j  sun.awt.image.JPEGImageDecoder.produceImage()V+10
j  sun.awt.image.InputStreamImageSource.doFetch()V+51
j  sun.awt.image.ImageFetcher.fetchloop()V+33
j  sun.awt.image.ImageFetcher.run()V+5
v  ~StubRoutines::call_stub

---------------  P R O C E S S  ---------------

Java Threads: ( => current thread )
  0x00007f18d81e2800 JavaThread "Thread-175" [_thread_blocked, id=28934, stack(0x00007f18a2eaf000,0x00007f18a2fb0000)]
  0x00007f18d81e0800 JavaThread "Thread-174" [_thread_blocked, id=28933, stack(0x00007f18a2fb0000,0x00007f18a30b1000)]
  0x00007f18d81de800 JavaThread "Thread-173" [_thread_blocked, id=28932, stack(0x00007f18a30b1000,0x00007f18a31b2000)]
  0x00007f18d81dd000 JavaThread "Thread-172" [_thread_blocked, id=28931, stack(0x00007f18a31b2000,0x00007f18a32b3000)]
  0x00007f18d81db000 JavaThread "Thread-171" [_thread_blocked, id=28930, stack(0x00007f18a32b3000,0x00007f18a33b4000)]
  0x00007f18d81d9000 JavaThread "Thread-170" [_thread_blocked, id=28929, stack(0x00007f18a33b4000,0x00007f18a34b5000)]
  0x00007f18d81d7800 JavaThread "Thread-169" [_thread_blocked, id=28928, stack(0x00007f18a34b5000,0x00007f18a35b6000)]
  0x00007f18d81d5800 JavaThread "Thread-168" [_thread_blocked, id=28927, stack(0x00007f18a35b6000,0x00007f18a36b7000)]
  0x00007f18d81d4000 JavaThread "Thread-167" [_thread_blocked, id=28926, stack(0x00007f18a36b7000,0x00007f18a37b8000)]
  0x00007f18d81d2000 JavaThread "Thread-166" [_thread_blocked, id=28925, stack(0x00007f18a37b8000,0x00007f18a38b9000)]
  0x00007f18d81d0800 JavaThread "Thread-165" [_thread_blocked, id=28924, stack(0x00007f18a38b9000,0x00007f18a39ba000)]
  0x00007f18d81ce800 JavaThread "Thread-164" [_thread_blocked, id=28923, stack(0x00007f18a39ba000,0x00007f18a3abb000)]
  0x00007f18d81cd000 JavaThread "Thread-163" [_thread_blocked, id=28922, stack(0x00007f18a3abb000,0x00007f18a3bbc000)]
  0x00007f18d80eb800 JavaThread "Thread-162" [_thread_blocked, id=28921, stack(0x00007f18a3bbc000,0x00007f18a3cbd000)]
  0x00007f18d80ea000 JavaThread "Thread-161" [_thread_blocked, id=28920, stack(0x00007f18a3cbd000,0x00007f18a3dbe000)]
  0x00007f18d80e8000 JavaThread "Thread-160" [_thread_blocked, id=28919, stack(0x00007f18a3dbe000,0x00007f18a3ebf000)]
  0x00007f18d80e6000 JavaThread "Thread-159" [_thread_blocked, id=28918, stack(0x00007f18a3ebf000,0x00007f18a3fc0000)]
  0x00007f18d80e4800 JavaThread "Thread-158" [_thread_blocked, id=28917, stack(0x00007f18a3fc0000,0x00007f18a40c1000)]
  0x00007f18d80e2800 JavaThread "Thread-157" [_thread_blocked, id=28916, stack(0x00007f18a40c1000,0x00007f18a41c2000)]
  0x00007f18d80e0800 JavaThread "Thread-156" [_thread_blocked, id=28915, stack(0x00007f18a41c2000,0x00007f18a42c3000)]
  0x00007f18d80de800 JavaThread "Thread-155" [_thread_blocked, id=28914, stack(0x00007f18a42c3000,0x00007f18a43c4000)]
  0x00007f18d80dc800 JavaThread "Thread-154" [_thread_blocked, id=28913, stack(0x00007f18a43c4000,0x00007f18a44c5000)]
  0x00007f18d80da800 JavaThread "Thread-153" [_thread_blocked, id=28912, stack(0x00007f18a44c5000,0x00007f18a45c6000)]
  0x00007f18d80d9000 JavaThread "Thread-152" [_thread_blocked, id=28911, stack(0x00007f18dc90e000,0x00007f18dca0f000)]
  0x00007f18d80d7000 JavaThread "Thread-151" [_thread_blocked, id=28910, stack(0x00007f18dca0f000,0x00007f18dcb10000)]
  0x00007f18d80d5800 JavaThread "Thread-150" [_thread_blocked, id=28909, stack(0x00007f18dcb10000,0x00007f18dcc11000)]
  0x00007f18d80d3800 JavaThread "Thread-149" [_thread_blocked, id=28908, stack(0x00007f18a45c6000,0x00007f18a46c7000)]
  0x00007f18d80d1800 JavaThread "Thread-148" [_thread_blocked, id=28907, stack(0x00007f18a46c7000,0x00007f18a47c8000)]
  0x00007f18d80d0000 JavaThread "Thread-147" [_thread_blocked, id=28906, stack(0x00007f18a47c8000,0x00007f18a48c9000)]
  0x00007f18d80ce000 JavaThread "Thread-146" [_thread_blocked, id=28905, stack(0x00007f18a48c9000,0x00007f18a49ca000)]
  0x00007f18d80cc000 JavaThread "Thread-145" [_thread_blocked, id=28904, stack(0x00007f18a49ca000,0x00007f18a4acb000)]
  0x00007f18d80ca800 JavaThread "Thread-144" [_thread_blocked, id=28903, stack(0x00007f18a4acb000,0x00007f18a4bcc000)]
  0x00007f18d80c8800 JavaThread "Thread-143" [_thread_blocked, id=28902, stack(0x00007f18a4bcc000,0x00007f18a4ccd000)]
  0x00007f18d80c6800 JavaThread "Thread-142" [_thread_blocked, id=28901, stack(0x00007f18a4ccd000,0x00007f18a4dce000)]
  0x00007f18d80c5000 JavaThread "Thread-141" [_thread_blocked, id=28900, stack(0x00007f18a4dce000,0x00007f18a4ecf000)]
  0x00007f18d80c3000 JavaThread "Thread-140" [_thread_blocked, id=28899, stack(0x00007f18a4ecf000,0x00007f18a4fd0000)]
  0x00007f18d80c1800 JavaThread "Thread-139" [_thread_blocked, id=28898, stack(0x00007f18a4fd0000,0x00007f18a50d1000)]
  0x00007f18d8063800 JavaThread "Thread-138" [_thread_blocked, id=28897, stack(0x00007f18dec51000,0x00007f18ded52000)]
  0x00007f18d80b2800 JavaThread "Thread-137" [_thread_blocked, id=28896, stack(0x00007f18a57d8000,0x00007f18a58d9000)]
  0x00007f18d80bf800 JavaThread "Thread-136" [_thread_blocked, id=28895, stack(0x00007f18a50d1000,0x00007f18a51d2000)]
  0x00007f18d80b8000 JavaThread "Thread-132" [_thread_blocked, id=28891, stack(0x00007f18a54d5000,0x00007f18a55d6000)]
  0x00007f18d80a3800 JavaThread "Thread-115" [_thread_blocked, id=28874, stack(0x00007f18a5fe0000,0x00007f18a60e1000)]
  0x00007f18d80a1000 JavaThread "Thread-114" [_thread_blocked, id=28873, stack(0x00007f18a60e1000,0x00007f18a61e2000)]
  0x00007f18d809f000 JavaThread "Thread-113" [_thread_blocked, id=28872, stack(0x00007f18a61e2000,0x00007f18a62e3000)]
  0x00007f18d809d800 JavaThread "Thread-112" [_thread_blocked, id=28871, stack(0x00007f18a62e3000,0x00007f18a63e4000)]
  0x00007f18d809b800 JavaThread "Thread-111" [_thread_blocked, id=28870, stack(0x00007f18a63e4000,0x00007f18a64e5000)]
  0x00007f18d8099800 JavaThread "Thread-110" [_thread_blocked, id=28869, stack(0x00007f18a64e5000,0x00007f18a65e6000)]
  0x00007f18d8097800 JavaThread "Thread-109" [_thread_blocked, id=28868, stack(0x00007f18a65e6000,0x00007f18a66e7000)]
  0x00007f18d8096000 JavaThread "Thread-108" [_thread_blocked, id=28867, stack(0x00007f18a66e7000,0x00007f18a67e8000)]
  0x00007f18d8094000 JavaThread "Thread-107" [_thread_blocked, id=28866, stack(0x00007f18a67e8000,0x00007f18a68e9000)]
  0x00007f18d8092000 JavaThread "Thread-106" [_thread_blocked, id=28865, stack(0x00007f18a68e9000,0x00007f18a69ea000)]
  0x00007f18d8090000 JavaThread "Thread-105" [_thread_blocked, id=28864, stack(0x00007f18a69ea000,0x00007f18a6aeb000)]
  0x00007f18d808e800 JavaThread "Thread-104" [_thread_blocked, id=28863, stack(0x00007f18a6aeb000,0x00007f18a6bec000)]
  0x00007f18d808c800 JavaThread "Thread-103" [_thread_blocked, id=28862, stack(0x00007f18a6bec000,0x00007f18a6ced000)]
  0x00007f18d808a800 JavaThread "Thread-102" [_thread_blocked, id=28861, stack(0x00007f18a6ced000,0x00007f18a6dee000)]
  0x00007f18d8088800 JavaThread "Thread-101" [_thread_blocked, id=28860, stack(0x00007f18a6dee000,0x00007f18a6eef000)]
  0x00007f18d8086800 JavaThread "Thread-100" [_thread_blocked, id=28859, stack(0x00007f18a6eef000,0x00007f18a6ff0000)]
  0x00007f18d8084800 JavaThread "Thread-99" [_thread_blocked, id=28858, stack(0x00007f18a6ff0000,0x00007f18a70f1000)]
  0x00007f18d8082800 JavaThread "Thread-98" [_thread_blocked, id=28857, stack(0x00007f18a70f1000,0x00007f18a71f2000)]
  0x00007f18d8080800 JavaThread "Thread-97" [_thread_blocked, id=28856, stack(0x00007f18a71f2000,0x00007f18a72f3000)]
  0x00007f18d807e800 JavaThread "Thread-96" [_thread_blocked, id=28855, stack(0x00007f18a72f3000,0x00007f18a73f4000)]
  0x00007f18d807c800 JavaThread "Thread-95" [_thread_blocked, id=28854, stack(0x00007f18a73f4000,0x00007f18a74f5000)]
  0x00007f18d8133800 JavaThread "Thread-94" [_thread_blocked, id=28853, stack(0x00007f18a74f5000,0x00007f18a75f6000)]
  0x00007f18d8131800 JavaThread "Thread-93" [_thread_blocked, id=28852, stack(0x00007f18a75f6000,0x00007f18a76f7000)]
  0x00007f18d812f800 JavaThread "Thread-92" [_thread_blocked, id=28851, stack(0x00007f18a76f7000,0x00007f18a77f8000)]
  0x00007f18d812e000 JavaThread "Thread-91" [_thread_blocked, id=28850, stack(0x00007f18a77f8000,0x00007f18a78f9000)]
  0x00007f18d812c000 JavaThread "Thread-90" [_thread_blocked, id=28849, stack(0x00007f18a78f9000,0x00007f18a79fa000)]
  0x00007f18d812a000 JavaThread "Thread-89" [_thread_blocked, id=28848, stack(0x00007f18a79fa000,0x00007f18a7afb000)]
  0x00007f18d8128000 JavaThread "Thread-88" [_thread_blocked, id=28847, stack(0x00007f18a7afb000,0x00007f18a7bfc000)]
  0x00007f18d8126000 JavaThread "Thread-87" [_thread_blocked, id=28846, stack(0x00007f18a7bfc000,0x00007f18a7cfd000)]
  0x00007f18d8124800 JavaThread "Thread-86" [_thread_blocked, id=28845, stack(0x00007f18a7cfd000,0x00007f18a7dfe000)]
  0x00007f18d8122800 JavaThread "Thread-85" [_thread_blocked, id=28844, stack(0x00007f18a7dfe000,0x00007f18a7eff000)]
  0x00007f18d8120800 JavaThread "Thread-84" [_thread_blocked, id=28843, stack(0x00007f18a7eff000,0x00007f18a8000000)]
  0x00007f18d811e800 JavaThread "Thread-83" [_thread_blocked, id=28842, stack(0x00007f18dc00c000,0x00007f18dc10d000)]
  0x00007f18d811c800 JavaThread "Thread-82" [_thread_blocked, id=28841, stack(0x00007f18dc10d000,0x00007f18dc20e000)]
  0x00007f18d811b000 JavaThread "Thread-81" [_thread_blocked, id=28840, stack(0x00007f18dc20e000,0x00007f18dc30f000)]
  0x00007f18d8119000 JavaThread "Thread-80" [_thread_blocked, id=28839, stack(0x00007f18dc30f000,0x00007f18dc410000)]
  0x00007f18d8117800 JavaThread "Thread-79" [_thread_blocked, id=28838, stack(0x00007f18dc410000,0x00007f18dc511000)]
  0x00007f18d8115800 JavaThread "Thread-78" [_thread_blocked, id=28837, stack(0x00007f18dc511000,0x00007f18dc612000)]
  0x00007f18d8113800 JavaThread "Thread-77" [_thread_blocked, id=28836, stack(0x00007f18dc612000,0x00007f18dc713000)]
  0x00007f18d8112000 JavaThread "Thread-76" [_thread_blocked, id=28835, stack(0x00007f18dc713000,0x00007f18dc814000)]
  0x00007f18d8071000 JavaThread "Thread-72" [_thread_blocked, id=28831, stack(0x00007f18dd765000,0x00007f18dd866000)]
  0x00007f18d4001800 JavaThread "Image Fetcher 3" daemon [_thread_in_native, id=28825, stack(0x00007f18de64b000,0x00007f18de74c000)]
  0x00007f18b8001000 JavaThread "Image Fetcher 2" daemon [_thread_in_Java, id=28824, stack(0x00007f18de74c000,0x00007f18de84d000)]
  0x00007f18c0008000 JavaThread "Image Fetcher 1" daemon [_thread_in_native, id=28816, stack(0x00007f18de94e000,0x00007f18dea4f000)]
=>0x00007f18c8001000 JavaThread "Image Fetcher 0" daemon [_thread_in_vm, id=28812, stack(0x00007f18de1a6000,0x00007f18de2a7000)]
  0x00007f18d8014800 JavaThread "TimerQueue" daemon [_thread_blocked, id=28751, stack(0x00007f18df154000,0x00007f18df255000)]
  0x00007f193c24d000 JavaThread "AWT-EventQueue-0" [_thread_blocked, id=28746, stack(0x00007f18dfeff000,0x00007f18e0000000)]
  0x00007f193c24b800 JavaThread "AWT-Shutdown" [_thread_blocked, id=28745, stack(0x00007f19180c0000,0x00007f19181c1000)]
  0x00007f193c1f0800 JavaThread "AWT-XAWT" daemon [_thread_in_native, id=28743, stack(0x00007f19182c2000,0x00007f19183c3000)]
  0x00007f193c1cf000 JavaThread "Java2D Disposer" daemon [_thread_blocked, id=28742, stack(0x00007f19187d3000,0x00007f19188d4000)]
  0x00007f193c0c1000 JavaThread "Service Thread" daemon [_thread_blocked, id=28740, stack(0x00007f191a551000,0x00007f191a652000)]
  0x00007f193c0be000 JavaThread "C1 CompilerThread2" daemon [_thread_blocked, id=28739, stack(0x00007f191a652000,0x00007f191a753000)]
  0x00007f193c0bc000 JavaThread "C2 CompilerThread1" daemon [_thread_in_native, id=28738, stack(0x00007f191a753000,0x00007f191a854000)]
  0x00007f193c0b9800 JavaThread "C2 CompilerThread0" daemon [_thread_blocked, id=28737, stack(0x00007f191a854000,0x00007f191a955000)]
  0x00007f193c0b8000 JavaThread "Signal Dispatcher" daemon [_thread_blocked, id=28736, stack(0x00007f191a955000,0x00007f191aa56000)]
  0x00007f193c083800 JavaThread "Finalizer" daemon [_thread_blocked, id=28735, stack(0x00007f191aead000,0x00007f191afae000)]
  0x00007f193c07f000 JavaThread "Reference Handler" daemon [_thread_blocked, id=28734, stack(0x00007f191afae000,0x00007f191b0af000)]
  0x00007f193c009800 JavaThread "main" [_thread_blocked, id=28728, stack(0x00007f1943a15000,0x00007f1943b16000)]

Other Threads:
  0x00007f193c077800 VMThread [stack: 0x00007f191b0af000,0x00007f191b1b0000] [id=28733]
  0x00007f193c0c3800 WatcherThread [stack: 0x00007f191a450000,0x00007f191a551000] [id=28741]

VM state:not at safepoint (normal execution)

VM Mutex/Monitor currently owned by a thread:  ([mutex/lock_event])
[0x00007f193c005830] ExpandHeap_lock - owner thread: 0x00007f18c8001000
[0x00007f193c0063b0] Heap_lock - owner thread: 0x00007f18c8001000

Heap:
 PSYoungGen      total 226816K, used 86832K [0x00000000d6f80000, 0x00000000e6300000, 0x0000000100000000)
  eden space 222208K, 39% used [0x00000000d6f80000,0x00000000dc44c248,0x00000000e4880000)
  from space 4608K, 0% used [0x00000000e5e80000,0x00000000e5e80000,0x00000000e6300000)
  to   space 5632K, 0% used [0x00000000e5800000,0x00000000e5800000,0x00000000e5d80000)
 ParOldGen       total 332800K, used 192911K [0x0000000084e00000, 0x0000000099300000, 0x00000000d6f80000)
  object space 332800K, 57% used [0x0000000084e00000,0x0000000090a63f98,0x0000000099300000)
 Metaspace       used 14766K, capacity 14974K, committed 15232K, reserved 1062912K
  class space    used 1805K, capacity 1869K, committed 1920K, reserved 1048576K

Card table byte_map: [0x00007f19403f1000,0x00007f19407cb000] byte_map_base: 0x00007f193ffca000

Marking Bits: (ParMarkBitMap*) 0x00007f1942ef4220
 Begin Bits: [0x00007f1928f6d000, 0x00007f192ae35000)
 End Bits:   [0x00007f192ae35000, 0x00007f192ccfd000)

Polling page: 0x00007f1943b43000

CodeCache: size=245760Kb used=5642Kb max_used=5642Kb free=240117Kb
 bounds [0x00007f192d000000, 0x00007f192d5a0000, 0x00007f193c000000]
 total_blobs=2218 nmethods=1649 adapters=482
 compilation: enabled

Compilation events (10 events):
Event: 15,984 Thread 0x00007f193c0b9800 1796  s    4       java.io.BufferedInputStream::read (113 bytes)
Event: 15,991 Thread 0x00007f193c0b9800 nmethod 1796 0x00007f192d471850 code [0x00007f192d4719e0, 0x00007f192d472058]
Event: 15,991 Thread 0x00007f193c0b9800 1794       4       java.util.ArrayList::rangeCheck (22 bytes)
Event: 15,992 Thread 0x00007f193c0b9800 nmethod 1794 0x00007f192d181d10 code [0x00007f192d181e60, 0x00007f192d181ed8]
Event: 15,994 Thread 0x00007f193c0be000 1800       1       java.awt.Component$1::getPeer (5 bytes)
Event: 15,994 Thread 0x00007f193c0be000 nmethod 1800 0x00007f192d236290 code [0x00007f192d2363e0, 0x00007f192d2364f0]
Event: 16,033 Thread 0x00007f193c0be000 1801       1       sun.awt.NullComponentPeer::handleEvent (1 bytes)
Event: 16,033 Thread 0x00007f193c0be000 nmethod 1801 0x00007f192d20cf10 code [0x00007f192d20d060, 0x00007f192d20d170]
Event: 16,079 Thread 0x00007f193c0b9800 1802  s    4       java.io.BufferedInputStream::read (49 bytes)
Event: 16,083 Thread 0x00007f193c0b9800 nmethod 1802 0x00007f192d275350 code [0x00007f192d2754c0, 0x00007f192d275828]

GC Heap History (10 events):
Event: 14,511 GC heap before
{Heap before GC invocations=8 (full 2):
 PSYoungGen      total 127488K, used 1216K [0x00000000d6f80000, 0x00000000df480000, 0x0000000100000000)
  eden space 122880K, 0% used [0x00000000d6f80000,0x00000000d6f80000,0x00000000de780000)
  from space 4608K, 26% used [0x00000000dec80000,0x00000000dedb0000,0x00000000df100000)
  to   space 5120K, 0% used [0x00000000de780000,0x00000000de780000,0x00000000dec80000)
 ParOldGen       total 135680K, used 129655K [0x0000000084e00000, 0x000000008d280000, 0x00000000d6f80000)
  object space 135680K, 95% used [0x0000000084e00000,0x000000008cc9df90,0x000000008d280000)
 Metaspace       used 14691K, capacity 14910K, committed 15232K, reserved 1062912K
  class space    used 1805K, capacity 1869K, committed 1920K, reserved 1048576K
Event: 14,561 GC heap after
Heap after GC invocations=8 (full 2):
 PSYoungGen      total 127488K, used 0K [0x00000000d6f80000, 0x00000000df480000, 0x0000000100000000)
  eden space 122880K, 0% used [0x00000000d6f80000,0x00000000d6f80000,0x00000000de780000)
  from space 4608K, 0% used [0x00000000dec80000,0x00000000dec80000,0x00000000df100000)
  to   space 5120K, 0% used [0x00000000de780000,0x00000000de780000,0x00000000dec80000)
 ParOldGen       total 183296K, used 83176K [0x0000000084e00000, 0x0000000090100000, 0x00000000d6f80000)
  object space 183296K, 45% used [0x0000000084e00000,0x0000000089f3a318,0x0000000090100000)
 Metaspace       used 14691K, capacity 14910K, committed 15232K, reserved 1062912K
  class space    used 1805K, capacity 1869K, committed 1920K, reserved 1048576K
}
Event: 14,941 GC heap before
{Heap before GC invocations=9 (full 2):
 PSYoungGen      total 127488K, used 116156K [0x00000000d6f80000, 0x00000000df480000, 0x0000000100000000)
  eden space 122880K, 94% used [0x00000000d6f80000,0x00000000de0ef3d0,0x00000000de780000)
  from space 4608K, 0% used [0x00000000dec80000,0x00000000dec80000,0x00000000df100000)
  to   space 5120K, 0% used [0x00000000de780000,0x00000000de780000,0x00000000dec80000)
 ParOldGen       total 183296K, used 99176K [0x0000000084e00000, 0x0000000090100000, 0x00000000d6f80000)
  object space 183296K, 54% used [0x0000000084e00000,0x000000008aeda328,0x0000000090100000)
 Metaspace       used 14730K, capacity 14974K, committed 15232K, reserved 1062912K
  class space    used 1805K, capacity 1869K, committed 1920K, reserved 1048576K
Event: 15,040 GC heap after
Heap after GC invocations=9 (full 2):
 PSYoungGen      total 128000K, used 928K [0x00000000d6f80000, 0x00000000e6380000, 0x0000000100000000)
  eden space 122880K, 0% used [0x00000000d6f80000,0x00000000d6f80000,0x00000000de780000)
  from space 5120K, 18% used [0x00000000de780000,0x00000000de868000,0x00000000dec80000)
  to   space 5120K, 0% used [0x00000000e5e80000,0x00000000e5e80000,0x00000000e6380000)
 ParOldGen       total 183296K, used 166677K [0x0000000084e00000, 0x0000000090100000, 0x00000000d6f80000)
  object space 183296K, 90% used [0x0000000084e00000,0x000000008f0c55a8,0x0000000090100000)
 Metaspace       used 14730K, capacity 14974K, committed 15232K, reserved 1062912K
  class space    used 1805K, capacity 1869K, committed 1920K, reserved 1048576K
}
Event: 15,040 GC heap before
{Heap before GC invocations=10 (full 3):
 PSYoungGen      total 128000K, used 928K [0x00000000d6f80000, 0x00000000e6380000, 0x0000000100000000)
  eden space 122880K, 0% used [0x00000000d6f80000,0x00000000d6f80000,0x00000000de780000)
  from space 5120K, 18% used [0x00000000de780000,0x00000000de868000,0x00000000dec80000)
  to   space 5120K, 0% used [0x00000000e5e80000,0x00000000e5e80000,0x00000000e6380000)
 ParOldGen       total 183296K, used 166677K [0x0000000084e00000, 0x0000000090100000, 0x00000000d6f80000)
  object space 183296K, 90% used [0x0000000084e00000,0x000000008f0c55a8,0x0000000090100000)
 Metaspace       used 14730K, capacity 14974K, committed 15232K, reserved 1062912K
  class space    used 1805K, capacity 1869K, committed 1920K, reserved 1048576K
Event: 15,114 GC heap after
Heap after GC invocations=10 (full 3):
 PSYoungGen      total 128000K, used 0K [0x00000000d6f80000, 0x00000000e6380000, 0x0000000100000000)
  eden space 122880K, 0% used [0x00000000d6f80000,0x00000000d6f80000,0x00000000de780000)
  from space 5120K, 0% used [0x00000000de780000,0x00000000de780000,0x00000000dec80000)
  to   space 5120K, 0% used [0x00000000e5e80000,0x00000000e5e80000,0x00000000e6380000)
 ParOldGen       total 262144K, used 141865K [0x0000000084e00000, 0x0000000094e00000, 0x00000000d6f80000)
  object space 262144K, 54% used [0x0000000084e00000,0x000000008d88a5a0,0x0000000094e00000)
 Metaspace       used 14730K, capacity 14974K, committed 15232K, reserved 1062912K
  class space    used 1805K, capacity 1869K, committed 1920K, reserved 1048576K
}
Event: 15,566 GC heap before
{Heap before GC invocations=11 (full 3):
 PSYoungGen      total 128000K, used 122880K [0x00000000d6f80000, 0x00000000e6380000, 0x0000000100000000)
  eden space 122880K, 100% used [0x00000000d6f80000,0x00000000de780000,0x00000000de780000)
  from space 5120K, 0% used [0x00000000de780000,0x00000000de780000,0x00000000dec80000)
  to   space 5120K, 0% used [0x00000000e5e80000,0x00000000e5e80000,0x00000000e6380000)
 ParOldGen       total 262144K, used 142346K [0x0000000084e00000, 0x0000000094e00000, 0x00000000d6f80000)
  object space 262144K, 54% used [0x0000000084e00000,0x000000008d9029a0,0x0000000094e00000)
 Metaspace       used 14757K, capacity 14974K, committed 15232K, reserved 1062912K
  class space    used 1805K, capacity 1869K, committed 1920K, reserved 1048576K
Event: 15,767 GC heap after
Heap after GC invocations=11 (full 3):
 PSYoungGen      total 226816K, used 4322K [0x00000000d6f80000, 0x00000000e6300000, 0x0000000100000000)
  eden space 222208K, 0% used [0x00000000d6f80000,0x00000000d6f80000,0x00000000e4880000)
  from space 4608K, 93% used [0x00000000e5e80000,0x00000000e62b8810,0x00000000e6300000)
  to   space 5632K, 0% used [0x00000000e5800000,0x00000000e5800000,0x00000000e5d80000)
 ParOldGen       total 262144K, used 220722K [0x0000000084e00000, 0x0000000094e00000, 0x00000000d6f80000)
  object space 262144K, 84% used [0x0000000084e00000,0x000000009258c840,0x0000000094e00000)
 Metaspace       used 14757K, capacity 14974K, committed 15232K, reserved 1062912K
  class space    used 1805K, capacity 1869K, committed 1920K, reserved 1048576K
}
Event: 15,767 GC heap before
{Heap before GC invocations=12 (full 4):
 PSYoungGen      total 226816K, used 4322K [0x00000000d6f80000, 0x00000000e6300000, 0x0000000100000000)
  eden space 222208K, 0% used [0x00000000d6f80000,0x00000000d6f80000,0x00000000e4880000)
  from space 4608K, 93% used [0x00000000e5e80000,0x00000000e62b8810,0x00000000e6300000)
  to   space 5632K, 0% used [0x00000000e5800000,0x00000000e5800000,0x00000000e5d80000)
 ParOldGen       total 262144K, used 220722K [0x0000000084e00000, 0x0000000094e00000, 0x00000000d6f80000)
  object space 262144K, 84% used [0x0000000084e00000,0x000000009258c840,0x0000000094e00000)
 Metaspace       used 14757K, capacity 14974K, committed 15232K, reserved 1062912K
  class space    used 1805K, capacity 1869K, committed 1920K, reserved 1048576K
Event: 15,814 GC heap after
Heap after GC invocations=12 (full 4):
 PSYoungGen      total 226816K, used 0K [0x00000000d6f80000, 0x00000000e6300000, 0x0000000100000000)
  eden space 222208K, 0% used [0x00000000d6f80000,0x00000000d6f80000,0x00000000e4880000)
  from space 4608K, 0% used [0x00000000e5e80000,0x00000000e5e80000,0x00000000e6300000)
  to   space 5632K, 0% used [0x00000000e5800000,0x00000000e5800000,0x00000000e5d80000)
 ParOldGen       total 332800K, used 192911K [0x0000000084e00000, 0x0000000099300000, 0x00000000d6f80000)
  object space 332800K, 57% used [0x0000000084e00000,0x0000000090a63f98,0x0000000099300000)
 Metaspace       used 14757K, capacity 14974K, committed 15232K, reserved 1062912K
  class space    used 1805K, capacity 1869K, committed 1920K, reserved 1048576K
}

Deoptimization events (10 events):
Event: 1,385 Thread 0x00007f193c24d000 Uncommon trap: reason=unstable_if action=reinterpret pc=0x00007f192d28e010 method=java.nio.Buffer.nextGetIndex()I @ 8
Event: 1,513 Thread 0x00007f193c24d000 Uncommon trap: reason=unstable_if action=reinterpret pc=0x00007f192d2d8b70 method=java.lang.CharacterData.of(I)Ljava/lang/CharacterData; @ 4
Event: 1,676 Thread 0x00007f18d8014800 Uncommon trap: reason=unstable_if action=reinterpret pc=0x00007f192d2551ec method=java.util.concurrent.locks.AbstractQueuedSynchronizer.release(I)Z @ 14
Event: 3,513 Thread 0x00007f18d8100000 Uncommon trap: reason=unstable_if action=reinterpret pc=0x00007f192d414d60 method=java.lang.ref.SoftReference.get()Ljava/lang/Object; @ 17
Event: 3,784 Thread 0x00007f193c226000 Uncommon trap: reason=unstable_if action=reinterpret pc=0x00007f192d4823b4 method=sun.awt.image.PNGImageDecoder.produceImage()V @ 867
Event: 3,793 Thread 0x00007f193c226000 Uncommon trap: reason=unstable_if action=reinterpret pc=0x00007f192d4760cc method=sun.awt.image.ImageRepresentation.getOpaqueRGBImage()Ljava/awt/image/BufferedImage; @ 57
Event: 6,455 Thread 0x00007f193c24d000 Uncommon trap: reason=unstable_if action=reinterpret pc=0x00007f192d503678 method=com.sun.imageio.plugins.png.PNGImageReader.paethPredictor(III)I @ 41
Event: 14,167 Thread 0x00007f193c24d000 Uncommon trap: reason=unstable_if action=reinterpret pc=0x00007f192d347534 method=java.lang.ref.SoftReference.get()Ljava/lang/Object; @ 17
Event: 14,180 Thread 0x00007f18c8001000 Uncommon trap: reason=unstable_if action=reinterpret pc=0x00007f192d54c724 method=java.io.BufferedInputStream.fill()V @ 9
Event: 15,176 Thread 0x00007f18c8001000 Uncommon trap: reason=unstable_if action=reinterpret pc=0x00007f192d44fb5c method=java.io.BufferedInputStream.read1([BII)I @ 22

Internal exceptions (10 events):
Event: 0,160 Thread 0x00007f193c009800 Exception <a 'java/security/PrivilegedActionException'> (0x00000000d7006be0) thrown at [/HUDSON3/workspace/8-2-build-linux-amd64/jdk8u111/7883/hotspot/src/share/vm/prims/jvm.cpp, line 1386]
Event: 0,160 Thread 0x00007f193c009800 Exception <a 'java/security/PrivilegedActionException'> (0x00000000d7006df0) thrown at [/HUDSON3/workspace/8-2-build-linux-amd64/jdk8u111/7883/hotspot/src/share/vm/prims/jvm.cpp, line 1386]
Event: 0,233 Thread 0x00007f193c009800 Exception <a 'java/lang/NoSuchFieldError': method resolution failed> (0x00000000d7171bd0) thrown at [/HUDSON3/workspace/8-2-build-linux-amd64/jdk8u111/7883/hotspot/src/share/vm/prims/methodHandles.cpp, line 1146]
Event: 0,238 Thread 0x00007f193c009800 Exception <a 'java/lang/NoSuchFieldError': method resolution failed> (0x00000000d717f3a0) thrown at [/HUDSON3/workspace/8-2-build-linux-amd64/jdk8u111/7883/hotspot/src/share/vm/prims/methodHandles.cpp, line 1146]
Event: 0,282 Thread 0x00007f193c009800 Exception <a 'java/io/FileNotFoundException'> (0x00000000d71ff360) thrown at [/HUDSON3/workspace/8-2-build-linux-amd64/jdk8u111/7883/hotspot/src/share/vm/prims/jni.cpp, line 709]
Event: 0,283 Thread 0x00007f193c009800 Exception <a 'java/io/FileNotFoundException'> (0x00000000d71ffd18) thrown at [/HUDSON3/workspace/8-2-build-linux-amd64/jdk8u111/7883/hotspot/src/share/vm/prims/jni.cpp, line 709]
Event: 0,394 Thread 0x00007f193c009800 Implicit null exception at 0x00007f192d15a162 to 0x00007f192d15a335
Event: 0,909 Thread 0x00007f193c009800 Implicit null exception at 0x00007f192d210bb6 to 0x00007f192d210f79
Event: 1,676 Thread 0x00007f18d8014800 Implicit null exception at 0x00007f192d25518e to 0x00007f192d2551de
Event: 1,687 Thread 0x00007f193c24d000 Exception <a 'java/lang/UnsupportedOperationException': > (0x00000000d84933e0) thrown at [/HUDSON3/workspace/8-2-build-linux-amd64/jdk8u111/7883/hotspot/src/share/vm/prims/jni.cpp, line 735]

Events (10 events):
Event: 16,017 Executing VM operation: RevokeBias
Event: 16,017 Executing VM operation: RevokeBias done
Event: 16,072 Executing VM operation: BulkRevokeBias
Event: 16,073 Executing VM operation: BulkRevokeBias done
Event: 16,074 Thread 0x00007f18d810e000 Thread exited: 0x00007f18d810e000
Event: 16,074 Thread 0x00007f18d80bb800 Thread exited: 0x00007f18d80bb800
Event: 16,075 Executing VM operation: RevokeBias
Event: 16,075 Executing VM operation: RevokeBias done
Event: 16,081 Executing VM operation: RevokeBias
Event: 16,083 Executing VM operation: RevokeBias done


Dynamic libraries:
00400000-00401000 r-xp 00000000 08:15 12855452                           /usr/lib/jvm/java-8-oracle/bin/java
00600000-00601000 rw-p 00000000 08:15 12855452                           /usr/lib/jvm/java-8-oracle/bin/java
008b8000-008d9000 rw-p 00000000 00:00 0                                  [heap]
84e00000-99300000 rw-p 00000000 00:00 0 
d6f80000-e6300000 rw-p 00000000 00:00 0 
e6300000-100000000 ---p 00000000 00:00 0 
100000000-1001e0000 rw-p 00000000 00:00 0 
1001e0000-140000000 ---p 00000000 00:00 0 
7f18a2dae000-7f18a2db1000 ---p 00000000 00:00 0 
7f18a2db1000-7f18a2eaf000 rw-p 00000000 00:00 0 
7f18a2eaf000-7f18a2eb2000 ---p 00000000 00:00 0 
7f18a2eb2000-7f18a2fb0000 rw-p 00000000 00:00 0 
7f18a2fb0000-7f18a2fb3000 ---p 00000000 00:00 0 
7f18a2fb3000-7f18a30b1000 rw-p 00000000 00:00 0 
7f18a30b1000-7f18a30b4000 ---p 00000000 00:00 0 
7f18a30b4000-7f18a31b2000 rw-p 00000000 00:00 0 
7f18a31b2000-7f18a31b5000 ---p 00000000 00:00 0 
7f18a31b5000-7f18a32b3000 rw-p 00000000 00:00 0 
7f18a32b3000-7f18a32b6000 ---p 00000000 00:00 0 
7f18a32b6000-7f18a33b4000 rw-p 00000000 00:00 0 
7f18a33b4000-7f18a33b7000 ---p 00000000 00:00 0 
7f18a33b7000-7f18a34b5000 rw-p 00000000 00:00 0 
7f18a34b5000-7f18a34b8000 ---p 00000000 00:00 0 
7f18a34b8000-7f18a35b6000 rw-p 00000000 00:00 0 
7f18a35b6000-7f18a35b9000 ---p 00000000 00:00 0 
7f18a35b9000-7f18a36b7000 rw-p 00000000 00:00 0 
7f18a36b7000-7f18a36ba000 ---p 00000000 00:00 0 
7f18a36ba000-7f18a37b8000 rw-p 00000000 00:00 0 
7f18a37b8000-7f18a37bb000 ---p 00000000 00:00 0 
7f18a37bb000-7f18a38b9000 rw-p 00000000 00:00 0 
7f18a38b9000-7f18a38bc000 ---p 00000000 00:00 0 
7f18a38bc000-7f18a39ba000 rw-p 00000000 00:00 0 
7f18a39ba000-7f18a39bd000 ---p 00000000 00:00 0 
7f18a39bd000-7f18a3abb000 rw-p 00000000 00:00 0 
7f18a3abb000-7f18a3abe000 ---p 00000000 00:00 0 
7f18a3abe000-7f18a3bbc000 rw-p 00000000 00:00 0 
7f18a3bbc000-7f18a3bbf000 ---p 00000000 00:00 0 
7f18a3bbf000-7f18a3cbd000 rw-p 00000000 00:00 0 
7f18a3cbd000-7f18a3cc0000 ---p 00000000 00:00 0 
7f18a3cc0000-7f18a3dbe000 rw-p 00000000 00:00 0 
7f18a3dbe000-7f18a3dc1000 ---p 00000000 00:00 0 
7f18a3dc1000-7f18a3ebf000 rw-p 00000000 00:00 0 
7f18a3ebf000-7f18a3ec2000 ---p 00000000 00:00 0 
7f18a3ec2000-7f18a3fc0000 rw-p 00000000 00:00 0 
7f18a3fc0000-7f18a3fc3000 ---p 00000000 00:00 0 
7f18a3fc3000-7f18a40c1000 rw-p 00000000 00:00 0 
7f18a40c1000-7f18a40c4000 ---p 00000000 00:00 0 
7f18a40c4000-7f18a41c2000 rw-p 00000000 00:00 0 
7f18a41c2000-7f18a41c5000 ---p 00000000 00:00 0 
7f18a41c5000-7f18a42c3000 rw-p 00000000 00:00 0 
7f18a42c3000-7f18a42c6000 ---p 00000000 00:00 0 
7f18a42c6000-7f18a43c4000 rw-p 00000000 00:00 0 
7f18a43c4000-7f18a43c7000 ---p 00000000 00:00 0 
7f18a43c7000-7f18a44c5000 rw-p 00000000 00:00 0 
7f18a44c5000-7f18a44c8000 ---p 00000000 00:00 0 
7f18a44c8000-7f18a45c6000 rw-p 00000000 00:00 0 
7f18a45c6000-7f18a45c9000 ---p 00000000 00:00 0 
7f18a45c9000-7f18a46c7000 rw-p 00000000 00:00 0 
7f18a46c7000-7f18a46ca000 ---p 00000000 00:00 0 
7f18a46ca000-7f18a47c8000 rw-p 00000000 00:00 0 
7f18a47c8000-7f18a47cb000 ---p 00000000 00:00 0 
7f18a47cb000-7f18a48c9000 rw-p 00000000 00:00 0 
7f18a48c9000-7f18a48cc000 ---p 00000000 00:00 0 
7f18a48cc000-7f18a49ca000 rw-p 00000000 00:00 0 
7f18a49ca000-7f18a49cd000 ---p 00000000 00:00 0 
7f18a49cd000-7f18a4acb000 rw-p 00000000 00:00 0 
7f18a4acb000-7f18a4ace000 ---p 00000000 00:00 0 
7f18a4ace000-7f18a4bcc000 rw-p 00000000 00:00 0 
7f18a4bcc000-7f18a4bcf000 ---p 00000000 00:00 0 
7f18a4bcf000-7f18a4ccd000 rw-p 00000000 00:00 0 
7f18a4ccd000-7f18a4cd0000 ---p 00000000 00:00 0 
7f18a4cd0000-7f18a4dce000 rw-p 00000000 00:00 0 
7f18a4dce000-7f18a4dd1000 ---p 00000000 00:00 0 
7f18a4dd1000-7f18a4ecf000 rw-p 00000000 00:00 0 
7f18a4ecf000-7f18a4ed2000 ---p 00000000 00:00 0 
7f18a4ed2000-7f18a4fd0000 rw-p 00000000 00:00 0 
7f18a4fd0000-7f18a4fd3000 ---p 00000000 00:00 0 
7f18a4fd3000-7f18a50d1000 rw-p 00000000 00:00 0 
7f18a50d1000-7f18a50d4000 ---p 00000000 00:00 0 
7f18a50d4000-7f18a51d2000 rw-p 00000000 00:00 0 
7f18a51d2000-7f18a51d5000 ---p 00000000 00:00 0 
7f18a51d5000-7f18a52d3000 rw-p 00000000 00:00 0 
7f18a52d3000-7f18a52d6000 ---p 00000000 00:00 0 
7f18a52d6000-7f18a53d4000 rw-p 00000000 00:00 0 
7f18a53d4000-7f18a53d7000 ---p 00000000 00:00 0 
7f18a53d7000-7f18a54d5000 rw-p 00000000 00:00 0 
7f18a54d5000-7f18a54d8000 ---p 00000000 00:00 0 
7f18a54d8000-7f18a55d6000 rw-p 00000000 00:00 0 
7f18a55d6000-7f18a55d9000 ---p 00000000 00:00 0 
7f18a55d9000-7f18a56d7000 rw-p 00000000 00:00 0 
7f18a56d7000-7f18a56da000 ---p 00000000 00:00 0 
7f18a56da000-7f18a57d8000 rw-p 00000000 00:00 0 
7f18a57d8000-7f18a57db000 ---p 00000000 00:00 0 
7f18a57db000-7f18a58d9000 rw-p 00000000 00:00 0 
7f18a58d9000-7f18a58dc000 ---p 00000000 00:00 0 
7f18a58dc000-7f18a59da000 rw-p 00000000 00:00 0 
7f18a59da000-7f18a59dd000 ---p 00000000 00:00 0 
7f18a59dd000-7f18a5adb000 rw-p 00000000 00:00 0 
7f18a5adb000-7f18a5ade000 ---p 00000000 00:00 0 
7f18a5ade000-7f18a5bdc000 rw-p 00000000 00:00 0 
7f18a5bdc000-7f18a5bdf000 ---p 00000000 00:00 0 
7f18a5bdf000-7f18a5cdd000 rw-p 00000000 00:00 0 
7f18a5cdd000-7f18a5ce0000 ---p 00000000 00:00 0 
7f18a5ce0000-7f18a5dde000 rw-p 00000000 00:00 0 
7f18a5dde000-7f18a5de1000 ---p 00000000 00:00 0 
7f18a5de1000-7f18a5edf000 rw-p 00000000 00:00 0 
7f18a5edf000-7f18a5ee2000 ---p 00000000 00:00 0 
7f18a5ee2000-7f18a5fe0000 rw-p 00000000 00:00 0 
7f18a5fe0000-7f18a5fe3000 ---p 00000000 00:00 0 
7f18a5fe3000-7f18a60e1000 rw-p 00000000 00:00 0 
7f18a60e1000-7f18a60e4000 ---p 00000000 00:00 0 
7f18a60e4000-7f18a61e2000 rw-p 00000000 00:00 0 
7f18a61e2000-7f18a61e5000 ---p 00000000 00:00 0 
7f18a61e5000-7f18a62e3000 rw-p 00000000 00:00 0 
7f18a62e3000-7f18a62e6000 ---p 00000000 00:00 0 
7f18a62e6000-7f18a63e4000 rw-p 00000000 00:00 0 
7f18a63e4000-7f18a63e7000 ---p 00000000 00:00 0 
7f18a63e7000-7f18a64e5000 rw-p 00000000 00:00 0 
7f18a64e5000-7f18a64e8000 ---p 00000000 00:00 0 
7f18a64e8000-7f18a65e6000 rw-p 00000000 00:00 0 
7f18a65e6000-7f18a65e9000 ---p 00000000 00:00 0 
7f18a65e9000-7f18a66e7000 rw-p 00000000 00:00 0 
7f18a66e7000-7f18a66ea000 ---p 00000000 00:00 0 
7f18a66ea000-7f18a67e8000 rw-p 00000000 00:00 0 
7f18a67e8000-7f18a67eb000 ---p 00000000 00:00 0 
7f18a67eb000-7f18a68e9000 rw-p 00000000 00:00 0 
7f18a68e9000-7f18a68ec000 ---p 00000000 00:00 0 
7f18a68ec000-7f18a69ea000 rw-p 00000000 00:00 0 
7f18a69ea000-7f18a69ed000 ---p 00000000 00:00 0 
7f18a69ed000-7f18a6aeb000 rw-p 00000000 00:00 0 
7f18a6aeb000-7f18a6aee000 ---p 00000000 00:00 0 
7f18a6aee000-7f18a6bec000 rw-p 00000000 00:00 0 
7f18a6bec000-7f18a6bef000 ---p 00000000 00:00 0 
7f18a6bef000-7f18a6ced000 rw-p 00000000 00:00 0 
7f18a6ced000-7f18a6cf0000 ---p 00000000 00:00 0 
7f18a6cf0000-7f18a6dee000 rw-p 00000000 00:00 0 
7f18a6dee000-7f18a6df1000 ---p 00000000 00:00 0 
7f18a6df1000-7f18a6eef000 rw-p 00000000 00:00 0 
7f18a6eef000-7f18a6ef2000 ---p 00000000 00:00 0 
7f18a6ef2000-7f18a6ff0000 rw-p 00000000 00:00 0 
7f18a6ff0000-7f18a6ff3000 ---p 00000000 00:00 0 
7f18a6ff3000-7f18a70f1000 rw-p 00000000 00:00 0 
7f18a70f1000-7f18a70f4000 ---p 00000000 00:00 0 
7f18a70f4000-7f18a71f2000 rw-p 00000000 00:00 0 
7f18a71f2000-7f18a71f5000 ---p 00000000 00:00 0 
7f18a71f5000-7f18a72f3000 rw-p 00000000 00:00 0 
7f18a72f3000-7f18a72f6000 ---p 00000000 00:00 0 
7f18a72f6000-7f18a73f4000 rw-p 00000000 00:00 0 
7f18a73f4000-7f18a73f7000 ---p 00000000 00:00 0 
7f18a73f7000-7f18a74f5000 rw-p 00000000 00:00 0 
7f18a74f5000-7f18a74f8000 ---p 00000000 00:00 0 
7f18a74f8000-7f18a75f6000 rw-p 00000000 00:00 0 
7f18a75f6000-7f18a75f9000 ---p 00000000 00:00 0 
7f18a75f9000-7f18a76f7000 rw-p 00000000 00:00 0 
7f18a76f7000-7f18a76fa000 ---p 00000000 00:00 0 
7f18a76fa000-7f18a77f8000 rw-p 00000000 00:00 0 
7f18a77f8000-7f18a77fb000 ---p 00000000 00:00 0 
7f18a77fb000-7f18a78f9000 rw-p 00000000 00:00 0 
7f18a78f9000-7f18a78fc000 ---p 00000000 00:00 0 
7f18a78fc000-7f18a79fa000 rw-p 00000000 00:00 0 
7f18a79fa000-7f18a79fd000 ---p 00000000 00:00 0 
7f18a79fd000-7f18a7afb000 rw-p 00000000 00:00 0 
7f18a7afb000-7f18a7afe000 ---p 00000000 00:00 0 
7f18a7afe000-7f18a7bfc000 rw-p 00000000 00:00 0 
7f18a7bfc000-7f18a7bff000 ---p 00000000 00:00 0 
7f18a7bff000-7f18a7cfd000 rw-p 00000000 00:00 0 
7f18a7cfd000-7f18a7d00000 ---p 00000000 00:00 0 
7f18a7d00000-7f18a7dfe000 rw-p 00000000 00:00 0 
7f18a7dfe000-7f18a7e01000 ---p 00000000 00:00 0 
7f18a7e01000-7f18a7eff000 rw-p 00000000 00:00 0 
7f18a7eff000-7f18a7f02000 ---p 00000000 00:00 0 
7f18a7f02000-7f18a8000000 rw-p 00000000 00:00 0 
7f18a8000000-7f18a8613000 rw-p 00000000 00:00 0 
7f18a8613000-7f18ac000000 ---p 00000000 00:00 0 
7f18ac000000-7f18ac710000 rw-p 00000000 00:00 0 
7f18ac710000-7f18b0000000 ---p 00000000 00:00 0 
7f18b0000000-7f18b0021000 rw-p 00000000 00:00 0 
7f18b0021000-7f18b4000000 ---p 00000000 00:00 0 
7f18b4000000-7f18b4021000 rw-p 00000000 00:00 0 
7f18b4021000-7f18b8000000 ---p 00000000 00:00 0 
7f18b8000000-7f18b8021000 rw-p 00000000 00:00 0 
7f18b8021000-7f18bc000000 ---p 00000000 00:00 0 
7f18bc000000-7f18bc223000 rw-p 00000000 00:00 0 
7f18bc223000-7f18c0000000 ---p 00000000 00:00 0 
7f18c0000000-7f18c0021000 rw-p 00000000 00:00 0 
7f18c0021000-7f18c4000000 ---p 00000000 00:00 0 
7f18c4000000-7f18c4331000 rw-p 00000000 00:00 0 
7f18c4331000-7f18c8000000 ---p 00000000 00:00 0 
7f18c8000000-7f18c8021000 rw-p 00000000 00:00 0 
7f18c8021000-7f18cc000000 ---p 00000000 00:00 0 
7f18cc000000-7f18cc021000 rw-p 00000000 00:00 0 
7f18cc021000-7f18d0000000 ---p 00000000 00:00 0 
7f18d0000000-7f18d0021000 rw-p 00000000 00:00 0 
7f18d0021000-7f18d4000000 ---p 00000000 00:00 0 
7f18d4000000-7f18d4021000 rw-p 00000000 00:00 0 
7f18d4021000-7f18d8000000 ---p 00000000 00:00 0 
7f18d8000000-7f18d8453000 rw-p 00000000 00:00 0 
7f18d8453000-7f18dc000000 ---p 00000000 00:00 0 
7f18dc00c000-7f18dc00f000 ---p 00000000 00:00 0 
7f18dc00f000-7f18dc10d000 rw-p 00000000 00:00 0 
7f18dc10d000-7f18dc110000 ---p 00000000 00:00 0 
7f18dc110000-7f18dc20e000 rw-p 00000000 00:00 0 
7f18dc20e000-7f18dc211000 ---p 00000000 00:00 0 
7f18dc211000-7f18dc30f000 rw-p 00000000 00:00 0 
7f18dc30f000-7f18dc312000 ---p 00000000 00:00 0 
7f18dc312000-7f18dc410000 rw-p 00000000 00:00 0 
7f18dc410000-7f18dc413000 ---p 00000000 00:00 0 
7f18dc413000-7f18dc511000 rw-p 00000000 00:00 0 
7f18dc511000-7f18dc514000 ---p 00000000 00:00 0 
7f18dc514000-7f18dc612000 rw-p 00000000 00:00 0 
7f18dc612000-7f18dc615000 ---p 00000000 00:00 0 
7f18dc615000-7f18dc713000 rw-p 00000000 00:00 0 
7f18dc713000-7f18dc716000 ---p 00000000 00:00 0 
7f18dc716000-7f18dc814000 rw-p 00000000 00:00 0 
7f18dc90e000-7f18dc911000 ---p 00000000 00:00 0 
7f18dc911000-7f18dca0f000 rw-p 00000000 00:00 0 
7f18dca0f000-7f18dca12000 ---p 00000000 00:00 0 
7f18dca12000-7f18dcb10000 rw-p 00000000 00:00 0 
7f18dcb10000-7f18dcb13000 ---p 00000000 00:00 0 
7f18dcb13000-7f18dcc11000 rw-p 00000000 00:00 0 
7f18dcc11000-7f18dd3fa000 rw-s 00000000 00:05 28901465                   /SYSV00000000 (deleted)
7f18dd462000-7f18dd465000 ---p 00000000 00:00 0 
7f18dd465000-7f18dd563000 rw-p 00000000 00:00 0 
7f18dd563000-7f18dd566000 ---p 00000000 00:00 0 
7f18dd566000-7f18dd664000 rw-p 00000000 00:00 0 
7f18dd664000-7f18dd667000 ---p 00000000 00:00 0 
7f18dd667000-7f18dd765000 rw-p 00000000 00:00 0 
7f18dd765000-7f18dd768000 ---p 00000000 00:00 0 
7f18dd768000-7f18dd866000 rw-p 00000000 00:00 0 
7f18dd866000-7f18dd869000 ---p 00000000 00:00 0 
7f18dd869000-7f18dd967000 rw-p 00000000 00:00 0 
7f18dd967000-7f18dd96a000 ---p 00000000 00:00 0 
7f18dd96a000-7f18dda68000 rw-p 00000000 00:00 0 
7f18dda68000-7f18ddaa3000 r-xp 00000000 08:15 12980351                   /usr/lib/jvm/java-8-oracle/jre/lib/amd64/libjpeg.so
7f18ddaa3000-7f18ddca2000 ---p 0003b000 08:15 12980351                   /usr/lib/jvm/java-8-oracle/jre/lib/amd64/libjpeg.so
7f18ddca2000-7f18ddca3000 rw-p 0003a000 08:15 12980351                   /usr/lib/jvm/java-8-oracle/jre/lib/amd64/libjpeg.so
7f18ddca3000-7f18ddda3000 rw-p 00000000 00:00 0 
7f18ddda3000-7f18ddea6000 ---p 00000000 00:00 0 
7f18ddea6000-7f18ddfa4000 rw-p 00000000 00:00 0 
7f18ddfa4000-7f18ddfa7000 ---p 00000000 00:00 0 
7f18ddfa7000-7f18de0a5000 rw-p 00000000 00:00 0 
7f18de0a5000-7f18de0a8000 ---p 00000000 00:00 0 
7f18de0a8000-7f18de1a6000 rw-p 00000000 00:00 0 
7f18de1a6000-7f18de1a9000 ---p 00000000 00:00 0 
7f18de1a9000-7f18de2a7000 rw-p 00000000 00:00 0 
7f18de2b2000-7f18de2b5000 ---p 00000000 00:00 0 
7f18de2b5000-7f18de3b3000 rw-p 00000000 00:00 0 
7f18de3b3000-7f18de3b7000 r--s 00000000 08:15 5506269                    /var/cache/fontconfig/6aa41aa22e18b8fa06a12da28ea9c28b-le64.cache-6
7f18de3b7000-7f18de3c2000 r--s 00000000 08:15 5505130                    /var/cache/fontconfig/945677eb7aeaf62f1d50efc3fb3ec7d8-le64.cache-6
7f18de3c2000-7f18de3c4000 r--s 00000000 08:15 5518660                    /var/cache/fontconfig/99e8ed0e538f840c565b6ed5dad60d56-le64.cache-6
7f18de3c4000-7f18de3ff000 r--s 00000000 08:15 5505135                    /var/cache/fontconfig/365b55f210c0a22e9a19e35191240f32-le64.cache-6
7f18de449000-7f18de44c000 ---p 00000000 00:00 0 
7f18de44c000-7f18de54a000 rw-p 00000000 00:00 0 
7f18de54a000-7f18de54d000 ---p 00000000 00:00 0 
7f18de54d000-7f18de64b000 rw-p 00000000 00:00 0 
7f18de64b000-7f18de64e000 ---p 00000000 00:00 0 
7f18de64e000-7f18de74c000 rw-p 00000000 00:00 0 
7f18de74c000-7f18de74f000 ---p 00000000 00:00 0 
7f18de74f000-7f18de84d000 rw-p 00000000 00:00 0 
7f18de84d000-7f18de850000 ---p 00000000 00:00 0 
7f18de850000-7f18de94e000 rw-p 00000000 00:00 0 
7f18de94e000-7f18de951000 ---p 00000000 00:00 0 
7f18de951000-7f18dea4f000 rw-p 00000000 00:00 0 
7f18dea4f000-7f18dea52000 ---p 00000000 00:00 0 
7f18dea52000-7f18deb50000 rw-p 00000000 00:00 0 
7f18deb50000-7f18deb53000 ---p 00000000 00:00 0 
7f18deb53000-7f18dec51000 rw-p 00000000 00:00 0 
7f18dec51000-7f18dec54000 ---p 00000000 00:00 0 
7f18dec54000-7f18ded52000 rw-p 00000000 00:00 0 
7f18ded52000-7f18ded55000 ---p 00000000 00:00 0 
7f18ded55000-7f18dee53000 rw-p 00000000 00:00 0 
7f18dee53000-7f18dee56000 ---p 00000000 00:00 0 
7f18dee56000-7f18df154000 rw-p 00000000 00:00 0 
7f18df154000-7f18df157000 ---p 00000000 00:00 0 
7f18df157000-7f18df255000 rw-p 00000000 00:00 0 
7f18df255000-7f18df258000 ---p 00000000 00:00 0 
7f18df258000-7f18df356000 rw-p 00000000 00:00 0 
7f18df356000-7f18df3bf000 r-xp 00000000 08:15 12980623                   /usr/lib/jvm/java-8-oracle/jre/lib/amd64/libt2k.so
7f18df3bf000-7f18df5bf000 ---p 00069000 08:15 12980623                   /usr/lib/jvm/java-8-oracle/jre/lib/amd64/libt2k.so
7f18df5bf000-7f18df5c6000 rw-p 00069000 08:15 12980623                   /usr/lib/jvm/java-8-oracle/jre/lib/amd64/libt2k.so
7f18df5c6000-7f18df5d6000 rw-p 00000000 00:00 0 
7f18df5d6000-7f18df5e7000 r-xp 00000000 08:15 12980591                   /usr/lib/jvm/java-8-oracle/jre/lib/amd64/libnio.so
7f18df5e7000-7f18df7e6000 ---p 00011000 08:15 12980591                   /usr/lib/jvm/java-8-oracle/jre/lib/amd64/libnio.so
7f18df7e6000-7f18df7e7000 rw-p 00010000 08:15 12980591                   /usr/lib/jvm/java-8-oracle/jre/lib/amd64/libnio.so
7f18df7e7000-7f18dfae8000 rw-p 00000000 00:00 0 
7f18dfae8000-7f18dfafe000 r-xp 00000000 08:15 12980356                   /usr/lib/jvm/java-8-oracle/jre/lib/amd64/libnet.so
7f18dfafe000-7f18dfcfe000 ---p 00016000 08:15 12980356                   /usr/lib/jvm/java-8-oracle/jre/lib/amd64/libnet.so
7f18dfcfe000-7f18dfcff000 rw-p 00016000 08:15 12980356                   /usr/lib/jvm/java-8-oracle/jre/lib/amd64/libnet.so
7f18dfcff000-7f18dfeff000 rw-p 00000000 00:00 0 
7f18dfeff000-7f18dff02000 ---p 00000000 00:00 0 
7f18dff02000-7f18e0000000 rw-p 00000000 00:00 0 
7f18e0000000-7f18e0021000 rw-p 00000000 00:00 0 
7f18e0021000-7f18e4000000 ---p 00000000 00:00 0 
7f18e4000000-7f18e4021000 rw-p 00000000 00:00 0 
7f18e4021000-7f18e8000000 ---p 00000000 00:00 0 
7f18e8000000-7f18e8021000 rw-p 00000000 00:00 0 
7f18e8021000-7f18ec000000 ---p 00000000 00:00 0 
7f18ec000000-7f18ec031000 rw-p 00000000 00:00 0 
7f18ec031000-7f18f0000000 ---p 00000000 00:00 0 
7f18f0000000-7f18f0021000 rw-p 00000000 00:00 0 
7f18f0021000-7f18f4000000 ---p 00000000 00:00 0 
7f18f4000000-7f18f4021000 rw-p 00000000 00:00 0 
7f18f4021000-7f18f8000000 ---p 00000000 00:00 0 
7f18f8000000-7f18f917d000 rw-p 00000000 00:00 0 
7f18f917d000-7f18fc000000 ---p 00000000 00:00 0 
7f18fc000000-7f18fc4a8000 rw-p 00000000 00:00 0 
7f18fc4a8000-7f1900000000 ---p 00000000 00:00 0 
7f1900000000-7f1900021000 rw-p 00000000 00:00 0 
7f1900021000-7f1904000000 ---p 00000000 00:00 0 
7f1904000000-7f1904503000 rw-p 00000000 00:00 0 
7f1904503000-7f1908000000 ---p 00000000 00:00 0 
7f1908000000-7f1908021000 rw-p 00000000 00:00 0 
7f1908021000-7f190c000000 ---p 00000000 00:00 0 
7f190c000000-7f190c021000 rw-p 00000000 00:00 0 
7f190c021000-7f1910000000 ---p 00000000 00:00 0 
7f1910000000-7f19103cb000 rw-p 00000000 00:00 0 
7f19103cb000-7f1914000000 ---p 00000000 00:00 0 
7f1914000000-7f1914023000 rw-p 00000000 00:00 0 
7f1914023000-7f1918000000 ---p 00000000 00:00 0 
7f1918001000-7f191800a000 r--s 00000000 08:15 5518659                    /var/cache/fontconfig/a6d8cf8e4ec09cdbc8633c31745a07dd-le64.cache-6
7f191800a000-7f1918010000 r--s 00000000 08:15 5514525                    /var/cache/fontconfig/2cd17615ca594fa2959ae173292e504c-le64.cache-6
7f1918010000-7f1918011000 r--s 00000000 08:15 5514141                    /var/cache/fontconfig/0d8c3b2ac0904cb8a57a757ad11a4a08-le64.cache-6
7f1918011000-7f1918015000 r--s 00000000 08:15 5515861                    /var/cache/fontconfig/de156ccd2eddbdc19d37a45b8b2aac9c-le64.cache-6
7f1918015000-7f191802a000 r--s 00000000 08:15 5514140                    /var/cache/fontconfig/04aabc0a78ac019cf9454389977116d2-le64.cache-6
7f191802a000-7f191802b000 r--s 00000000 08:15 5514139                    /var/cache/fontconfig/1ac9eb803944fde146138c791f5cc56a-le64.cache-6
7f191802b000-7f191802f000 r--s 00000000 08:15 5514013                    /var/cache/fontconfig/385c0604a188198f04d133e54aba7fe7-le64.cache-6
7f191802f000-7f1918030000 r--s 00000000 08:15 5514010                    /var/cache/fontconfig/dc05db6664285cc2f12bf69c139ae4c3-le64.cache-6
7f1918030000-7f1918035000 r--s 00000000 08:15 5513662                    /var/cache/fontconfig/8801497958630a81b71ace7c5f9b32a8-le64.cache-6
7f1918035000-7f1918039000 r--s 00000000 08:15 5515860                    /var/cache/fontconfig/c57959a16110560c8d0fcea73374aeeb-le64.cache-6
7f1918039000-7f1918040000 r--s 00000000 08:15 5513222                    /var/cache/fontconfig/3047814df9a2f067bd2d96a2b9c36e5a-le64.cache-6
7f1918040000-7f1918048000 r--s 00000000 08:15 5506147                    /var/cache/fontconfig/bf3b770c553c462765856025a94f1ce6-le64.cache-6
7f1918048000-7f191804e000 r--s 00000000 08:15 5512789                    /var/cache/fontconfig/b47c4e1ecd0709278f4910c18777a504-le64.cache-6
7f191804e000-7f1918056000 r--s 00000000 08:15 5518658                    /var/cache/fontconfig/52f7bdb7ce746bfd7eaa1985bd9cfa93-le64.cache-6
7f1918056000-7f1918069000 r--s 00000000 08:15 5512788                    /var/cache/fontconfig/d52a8644073d54c13679302ca1180695-le64.cache-6
7f1918069000-7f1918074000 r--s 00000000 08:15 5506474                    /var/cache/fontconfig/d589a48862398ed80a3d6066f4f56f4c-le64.cache-6
7f1918074000-7f191807f000 r--s 00000000 08:15 5512171                    /var/cache/fontconfig/83bf95040141907cd45bb53cf7c1c148-le64.cache-6
7f191807f000-7f191809f000 r--s 00000000 08:15 5506266                    /var/cache/fontconfig/e13b20fdb08344e0e664864cc2ede53d-le64.cache-6
7f191809f000-7f19180c0000 r--s 00000000 08:15 5505593                    /var/cache/fontconfig/467c019e582ee353435ea5c21d137ef6-le64.cache-6
7f19180c0000-7f19180c3000 ---p 00000000 00:00 0 
7f19180c3000-7f19181c1000 rw-p 00000000 00:00 0 
7f19181c1000-7f19181c4000 ---p 00000000 00:00 0 
7f19181c4000-7f19182c2000 rw-p 00000000 00:00 0 
7f19182c2000-7f19182c5000 ---p 00000000 00:00 0 
7f19182c5000-7f19183c3000 rw-p 00000000 00:00 0 
7f19183c3000-7f19183c8000 r-xp 00000000 08:15 12329486                   /usr/lib/x86_64-linux-gnu/libXfixes.so.3.1.0
7f19183c8000-7f19185c7000 ---p 00005000 08:15 12329486                   /usr/lib/x86_64-linux-gnu/libXfixes.so.3.1.0
7f19185c7000-7f19185c8000 r--p 00004000 08:15 12329486                   /usr/lib/x86_64-linux-gnu/libXfixes.so.3.1.0
7f19185c8000-7f19185c9000 rw-p 00005000 08:15 12329486                   /usr/lib/x86_64-linux-gnu/libXfixes.so.3.1.0
7f19185c9000-7f19185d2000 r-xp 00000000 08:15 12329478                   /usr/lib/x86_64-linux-gnu/libXcursor.so.1.0.2
7f19185d2000-7f19187d1000 ---p 00009000 08:15 12329478                   /usr/lib/x86_64-linux-gnu/libXcursor.so.1.0.2
7f19187d1000-7f19187d2000 r--p 00008000 08:15 12329478                   /usr/lib/x86_64-linux-gnu/libXcursor.so.1.0.2
7f19187d2000-7f19187d3000 rw-p 00009000 08:15 12329478                   /usr/lib/x86_64-linux-gnu/libXcursor.so.1.0.2
7f19187d3000-7f19187d6000 ---p 00000000 00:00 0 
7f19187d6000-7f19188d4000 rw-p 00000000 00:00 0 
7f19188d4000-7f19188ea000 r-xp 00000000 08:15 7082441                    /lib/x86_64-linux-gnu/libgcc_s.so.1
7f19188ea000-7f1918ae9000 ---p 00016000 08:15 7082441                    /lib/x86_64-linux-gnu/libgcc_s.so.1
7f1918ae9000-7f1918aea000 rw-p 00015000 08:15 7082441                    /lib/x86_64-linux-gnu/libgcc_s.so.1
7f1918aea000-7f1918b4f000 r-xp 00000000 08:15 12980585                   /usr/lib/jvm/java-8-oracle/jre/lib/amd64/libfontmanager.so
7f1918b4f000-7f1918d4e000 ---p 00065000 08:15 12980585                   /usr/lib/jvm/java-8-oracle/jre/lib/amd64/libfontmanager.so
7f1918d4e000-7f1918d53000 rw-p 00064000 08:15 12980585                   /usr/lib/jvm/java-8-oracle/jre/lib/amd64/libfontmanager.so
7f1918d53000-7f1918d63000 rw-p 00000000 00:00 0 
7f1918d63000-7f1918d68000 r-xp 00000000 08:15 12329482                   /usr/lib/x86_64-linux-gnu/libXdmcp.so.6.0.0
7f1918d68000-7f1918f67000 ---p 00005000 08:15 12329482                   /usr/lib/x86_64-linux-gnu/libXdmcp.so.6.0.0
7f1918f67000-7f1918f68000 r--p 00004000 08:15 12329482                   /usr/lib/x86_64-linux-gnu/libXdmcp.so.6.0.0
7f1918f68000-7f1918f69000 rw-p 00005000 08:15 12329482                   /usr/lib/x86_64-linux-gnu/libXdmcp.so.6.0.0
7f1918f69000-7f1918f6b000 r-xp 00000000 08:15 12329471                   /usr/lib/x86_64-linux-gnu/libXau.so.6.0.0
7f1918f6b000-7f191916b000 ---p 00002000 08:15 12329471                   /usr/lib/x86_64-linux-gnu/libXau.so.6.0.0
7f191916b000-7f191916c000 r--p 00002000 08:15 12329471                   /usr/lib/x86_64-linux-gnu/libXau.so.6.0.0
7f191916c000-7f191916d000 rw-p 00003000 08:15 12329471                   /usr/lib/x86_64-linux-gnu/libXau.so.6.0.0
7f191916d000-7f191918e000 r-xp 00000000 08:15 12330820                   /usr/lib/x86_64-linux-gnu/libxcb.so.1.1.0
7f191918e000-7f191938d000 ---p 00021000 08:15 12330820                   /usr/lib/x86_64-linux-gnu/libxcb.so.1.1.0
7f191938d000-7f191938e000 r--p 00020000 08:15 12330820                   /usr/lib/x86_64-linux-gnu/libxcb.so.1.1.0
7f191938e000-7f191938f000 rw-p 00021000 08:15 12330820                   /usr/lib/x86_64-linux-gnu/libxcb.so.1.1.0
7f191938f000-7f191939e000 r-xp 00000000 08:15 12329492                   /usr/lib/x86_64-linux-gnu/libXi.so.6.1.0
7f191939e000-7f191959d000 ---p 0000f000 08:15 12329492                   /usr/lib/x86_64-linux-gnu/libXi.so.6.1.0
7f191959d000-7f191959e000 r--p 0000e000 08:15 12329492                   /usr/lib/x86_64-linux-gnu/libXi.so.6.1.0
7f191959e000-7f191959f000 rw-p 0000f000 08:15 12329492                   /usr/lib/x86_64-linux-gnu/libXi.so.6.1.0
7f191959f000-7f19195a4000 r-xp 00000000 08:15 12329510                   /usr/lib/x86_64-linux-gnu/libXtst.so.6.1.0
7f19195a4000-7f19197a3000 ---p 00005000 08:15 12329510                   /usr/lib/x86_64-linux-gnu/libXtst.so.6.1.0
7f19197a3000-7f19197a4000 r--p 00004000 08:15 12329510                   /usr/lib/x86_64-linux-gnu/libXtst.so.6.1.0
7f19197a4000-7f19197a5000 rw-p 00005000 08:15 12329510                   /usr/lib/x86_64-linux-gnu/libXtst.so.6.1.0
7f19197a5000-7f19197ae000 r-xp 00000000 08:15 12329504                   /usr/lib/x86_64-linux-gnu/libXrender.so.1.3.0
7f19197ae000-7f19199ad000 ---p 00009000 08:15 12329504                   /usr/lib/x86_64-linux-gnu/libXrender.so.1.3.0
7f19199ad000-7f19199ae000 r--p 00008000 08:15 12329504                   /usr/lib/x86_64-linux-gnu/libXrender.so.1.3.0
7f19199ae000-7f19199af000 rw-p 00009000 08:15 12329504                   /usr/lib/x86_64-linux-gnu/libXrender.so.1.3.0
7f19199af000-7f1919ae4000 r-xp 00000000 08:15 12329467                   /usr/lib/x86_64-linux-gnu/libX11.so.6.3.0
7f1919ae4000-7f1919ce4000 ---p 00135000 08:15 12329467                   /usr/lib/x86_64-linux-gnu/libX11.so.6.3.0
7f1919ce4000-7f1919ce5000 r--p 00135000 08:15 12329467                   /usr/lib/x86_64-linux-gnu/libX11.so.6.3.0
7f1919ce5000-7f1919ce9000 rw-p 00136000 08:15 12329467                   /usr/lib/x86_64-linux-gnu/libX11.so.6.3.0
7f1919ce9000-7f1919cfa000 r-xp 00000000 08:15 12329484                   /usr/lib/x86_64-linux-gnu/libXext.so.6.4.0
7f1919cfa000-7f1919ef9000 ---p 00011000 08:15 12329484                   /usr/lib/x86_64-linux-gnu/libXext.so.6.4.0
7f1919ef9000-7f1919efa000 r--p 00010000 08:15 12329484                   /usr/lib/x86_64-linux-gnu/libXext.so.6.4.0
7f1919efa000-7f1919efb000 rw-p 00011000 08:15 12329484                   /usr/lib/x86_64-linux-gnu/libXext.so.6.4.0
7f1919efb000-7f1919f0d000 r--s 00000000 08:15 5512170                    /var/cache/fontconfig/9b89f8e3dae116d678bbf48e5f21f69b-le64.cache-6
7f1919f25000-7f1919f79000 r-xp 00000000 08:15 12980593                   /usr/lib/jvm/java-8-oracle/jre/lib/amd64/libawt_xawt.so
7f1919f79000-7f191a179000 ---p 00054000 08:15 12980593                   /usr/lib/jvm/java-8-oracle/jre/lib/amd64/libawt_xawt.so
7f191a179000-7f191a17d000 rw-p 00054000 08:15 12980593                   /usr/lib/jvm/java-8-oracle/jre/lib/amd64/libawt_xawt.so
7f191a17d000-7f191a17e000 rw-p 00000000 00:00 0 
7f191a17e000-7f191a220000 r-xp 00000000 08:15 12980626                   /usr/lib/jvm/java-8-oracle/jre/lib/amd64/libawt.so
7f191a220000-7f191a420000 ---p 000a2000 08:15 12980626                   /usr/lib/jvm/java-8-oracle/jre/lib/amd64/libawt.so
7f191a420000-7f191a42c000 rw-p 000a2000 08:15 12980626                   /usr/lib/jvm/java-8-oracle/jre/lib/amd64/libawt.so
7f191a42c000-7f191a450000 rw-p 00000000 00:00 0 
7f191a450000-7f191a451000 ---p 00000000 00:00 0 
7f191a451000-7f191a551000 rw-p 00000000 00:00 0 
7f191a551000-7f191a554000 ---p 00000000 00:00 0 
7f191a554000-7f191a652000 rw-p 00000000 00:00 0 
7f191a652000-7f191a655000 ---p 00000000 00:00 0 
7f191a655000-7f191a753000 rw-p 00000000 00:00 0 
7f191a753000-7f191a756000 ---p 00000000 00:00 0 
7f191a756000-7f191a854000 rw-p 00000000 00:00 0 
7f191a854000-7f191a857000 ---p 00000000 00:00 0 
7f191a857000-7f191a955000 rw-p 00000000 00:00 0 
7f191a955000-7f191a958000 ---p 00000000 00:00 0 
7f191a958000-7f191aa56000 rw-p 00000000 00:00 0 
7f191aa56000-7f191aead000 r--p 00000000 08:15 12321046                   /usr/lib/locale/locale-archive
7f191aead000-7f191aeb0000 ---p 00000000 00:00 0 
7f191aeb0000-7f191afae000 rw-p 00000000 00:00 0 
7f191afae000-7f191afb1000 ---p 00000000 00:00 0 
7f191afb1000-7f191b0af000 rw-p 00000000 00:00 0 
7f191b0af000-7f191b0b0000 ---p 00000000 00:00 0 
7f191b0b0000-7f191c000000 rw-p 00000000 00:00 0 
7f191c000000-7f191c021000 rw-p 00000000 00:00 0 
7f191c021000-7f1920000000 ---p 00000000 00:00 0 
7f1920000000-7f1920021000 rw-p 00000000 00:00 0 
7f1920021000-7f1924000000 ---p 00000000 00:00 0 
7f1924000000-7f1924021000 rw-p 00000000 00:00 0 
7f1924021000-7f1928000000 ---p 00000000 00:00 0 
7f1928000000-7f1928003000 r--s 00000000 08:15 5513664                    /var/cache/fontconfig/767a8244fc0220cfb567a839d0392e0b-le64.cache-6
7f1928003000-7f1928146000 rw-p 00000000 00:00 0 
7f1928146000-7f192831e000 r--s 03d2a000 08:15 12855517                   /usr/lib/jvm/java-8-oracle/jre/lib/rt.jar
7f192831e000-7f192ccfd000 rw-p 00000000 00:00 0 
7f192ccfd000-7f192ccfe000 ---p 00000000 00:00 0 
7f192ccfe000-7f192cdfe000 rw-p 00000000 00:00 0 
7f192cdfe000-7f192cdff000 ---p 00000000 00:00 0 
7f192cdff000-7f192ceff000 rw-p 00000000 00:00 0 
7f192ceff000-7f192cf00000 ---p 00000000 00:00 0 
7f192cf00000-7f192d000000 rw-p 00000000 00:00 0 
7f192d000000-7f192d5a0000 rwxp 00000000 00:00 0 
7f192d5a0000-7f193c000000 ---p 00000000 00:00 0 
7f193c000000-7f193c547000 rw-p 00000000 00:00 0 
7f193c547000-7f1940000000 ---p 00000000 00:00 0 
7f1940000000-7f1940001000 r--s 00000000 08:15 5513663                    /var/cache/fontconfig/4794a0821666d79190d59a36cb4f44b5-le64.cache-6
7f1940001000-7f1940002000 r--s 00000000 08:15 5513661                    /var/cache/fontconfig/bab58bb527bb656aaa9f116d68a48d89-le64.cache-6
7f1940002000-7f1940003000 r--s 00000000 08:15 5512791                    /var/cache/fontconfig/56cf4f4769d0f4abc89a4895d7bd3ae1-le64.cache-6
7f1940003000-7f1940010000 r--s 00000000 08:15 5505419                    /var/cache/fontconfig/8f02d4cb045bd6ce15663e43f347c9f8-le64.cache-6
7f1940010000-7f194005f000 rw-p 00000000 00:00 0 
7f194005f000-7f1940060000 ---p 00000000 00:00 0 
7f1940060000-7f1940203000 rw-p 00000000 00:00 0 
7f1940203000-7f19403f1000 ---p 00000000 00:00 0 
7f19403f1000-7f1940494000 rw-p 00000000 00:00 0 
7f1940494000-7f1940681000 ---p 00000000 00:00 0 
7f1940681000-7f19406fc000 rw-p 00000000 00:00 0 
7f19406fc000-7f19407ca000 ---p 00000000 00:00 0 
7f19407ca000-7f19407e2000 rw-p 00000000 00:00 0 
7f19407e2000-7f1940b8b000 ---p 00000000 00:00 0 
7f1940b8b000-7f1940ba5000 r-xp 00000000 08:15 12980589                   /usr/lib/jvm/java-8-oracle/jre/lib/amd64/libzip.so
7f1940ba5000-7f1940da5000 ---p 0001a000 08:15 12980589                   /usr/lib/jvm/java-8-oracle/jre/lib/amd64/libzip.so
7f1940da5000-7f1940da6000 rw-p 0001a000 08:15 12980589                   /usr/lib/jvm/java-8-oracle/jre/lib/amd64/libzip.so
7f1940da6000-7f1940db1000 r-xp 00000000 08:15 7082080                    /lib/x86_64-linux-gnu/libnss_files-2.23.so
7f1940db1000-7f1940fb0000 ---p 0000b000 08:15 7082080                    /lib/x86_64-linux-gnu/libnss_files-2.23.so
7f1940fb0000-7f1940fb1000 r--p 0000a000 08:15 7082080                    /lib/x86_64-linux-gnu/libnss_files-2.23.so
7f1940fb1000-7f1940fb2000 rw-p 0000b000 08:15 7082080                    /lib/x86_64-linux-gnu/libnss_files-2.23.so
7f1940fb2000-7f1940fb8000 rw-p 00000000 00:00 0 
7f1940fb8000-7f1940fc3000 r-xp 00000000 08:15 7082074                    /lib/x86_64-linux-gnu/libnss_nis-2.23.so
7f1940fc3000-7f19411c2000 ---p 0000b000 08:15 7082074                    /lib/x86_64-linux-gnu/libnss_nis-2.23.so
7f19411c2000-7f19411c3000 r--p 0000a000 08:15 7082074                    /lib/x86_64-linux-gnu/libnss_nis-2.23.so
7f19411c3000-7f19411c4000 rw-p 0000b000 08:15 7082074                    /lib/x86_64-linux-gnu/libnss_nis-2.23.so
7f19411c4000-7f19411da000 r-xp 00000000 08:15 7082070                    /lib/x86_64-linux-gnu/libnsl-2.23.so
7f19411da000-7f19413d9000 ---p 00016000 08:15 7082070                    /lib/x86_64-linux-gnu/libnsl-2.23.so
7f19413d9000-7f19413da000 r--p 00015000 08:15 7082070                    /lib/x86_64-linux-gnu/libnsl-2.23.so
7f19413da000-7f19413db000 rw-p 00016000 08:15 7082070                    /lib/x86_64-linux-gnu/libnsl-2.23.so
7f19413db000-7f19413dd000 rw-p 00000000 00:00 0 
7f19413dd000-7f19413e5000 r-xp 00000000 08:15 7082066                    /lib/x86_64-linux-gnu/libnss_compat-2.23.so
7f19413e5000-7f19415e4000 ---p 00008000 08:15 7082066                    /lib/x86_64-linux-gnu/libnss_compat-2.23.so
7f19415e4000-7f19415e5000 r--p 00007000 08:15 7082066                    /lib/x86_64-linux-gnu/libnss_compat-2.23.so
7f19415e5000-7f19415e6000 rw-p 00008000 08:15 7082066                    /lib/x86_64-linux-gnu/libnss_compat-2.23.so
7f19415e6000-7f1941611000 r-xp 00000000 08:15 12980616                   /usr/lib/jvm/java-8-oracle/jre/lib/amd64/libjava.so
7f1941611000-7f1941810000 ---p 0002b000 08:15 12980616                   /usr/lib/jvm/java-8-oracle/jre/lib/amd64/libjava.so
7f1941810000-7f1941812000 rw-p 0002a000 08:15 12980616                   /usr/lib/jvm/java-8-oracle/jre/lib/amd64/libjava.so
7f1941812000-7f194181f000 r-xp 00000000 08:15 12980358                   /usr/lib/jvm/java-8-oracle/jre/lib/amd64/libverify.so
7f194181f000-7f1941a1e000 ---p 0000d000 08:15 12980358                   /usr/lib/jvm/java-8-oracle/jre/lib/amd64/libverify.so
7f1941a1e000-7f1941a20000 rw-p 0000c000 08:15 12980358                   /usr/lib/jvm/java-8-oracle/jre/lib/amd64/libverify.so
7f1941a20000-7f1941a27000 r-xp 00000000 08:15 7082098                    /lib/x86_64-linux-gnu/librt-2.23.so
7f1941a27000-7f1941c26000 ---p 00007000 08:15 7082098                    /lib/x86_64-linux-gnu/librt-2.23.so
7f1941c26000-7f1941c27000 r--p 00006000 08:15 7082098                    /lib/x86_64-linux-gnu/librt-2.23.so
7f1941c27000-7f1941c28000 rw-p 00007000 08:15 7082098                    /lib/x86_64-linux-gnu/librt-2.23.so
7f1941c28000-7f1941d30000 r-xp 00000000 08:15 7082092                    /lib/x86_64-linux-gnu/libm-2.23.so
7f1941d30000-7f1941f2f000 ---p 00108000 08:15 7082092                    /lib/x86_64-linux-gnu/libm-2.23.so
7f1941f2f000-7f1941f30000 r--p 00107000 08:15 7082092                    /lib/x86_64-linux-gnu/libm-2.23.so
7f1941f30000-7f1941f31000 rw-p 00108000 08:15 7082092                    /lib/x86_64-linux-gnu/libm-2.23.so
7f1941f31000-7f1942bfe000 r-xp 00000000 08:15 12980620                   /usr/lib/jvm/java-8-oracle/jre/lib/amd64/server/libjvm.so
7f1942bfe000-7f1942dfd000 ---p 00ccd000 08:15 12980620                   /usr/lib/jvm/java-8-oracle/jre/lib/amd64/server/libjvm.so
7f1942dfd000-7f1942ed6000 rw-p 00ccc000 08:15 12980620                   /usr/lib/jvm/java-8-oracle/jre/lib/amd64/server/libjvm.so
7f1942ed6000-7f1942f21000 rw-p 00000000 00:00 0 
7f1942f21000-7f19430e0000 r-xp 00000000 08:15 7082106                    /lib/x86_64-linux-gnu/libc-2.23.so
7f19430e0000-7f19432e0000 ---p 001bf000 08:15 7082106                    /lib/x86_64-linux-gnu/libc-2.23.so
7f19432e0000-7f19432e4000 r--p 001bf000 08:15 7082106                    /lib/x86_64-linux-gnu/libc-2.23.so
7f19432e4000-7f19432e6000 rw-p 001c3000 08:15 7082106                    /lib/x86_64-linux-gnu/libc-2.23.so
7f19432e6000-7f19432ea000 rw-p 00000000 00:00 0 
7f19432ea000-7f19432ed000 r-xp 00000000 08:15 7082107                    /lib/x86_64-linux-gnu/libdl-2.23.so
7f19432ed000-7f19434ec000 ---p 00003000 08:15 7082107                    /lib/x86_64-linux-gnu/libdl-2.23.so
7f19434ec000-7f19434ed000 r--p 00002000 08:15 7082107                    /lib/x86_64-linux-gnu/libdl-2.23.so
7f19434ed000-7f19434ee000 rw-p 00003000 08:15 7082107                    /lib/x86_64-linux-gnu/libdl-2.23.so
7f19434ee000-7f1943503000 r-xp 00000000 08:15 12585246                   /usr/lib/jvm/java-8-oracle/lib/amd64/jli/libjli.so
7f1943503000-7f1943703000 ---p 00015000 08:15 12585246                   /usr/lib/jvm/java-8-oracle/lib/amd64/jli/libjli.so
7f1943703000-7f1943704000 rw-p 00015000 08:15 12585246                   /usr/lib/jvm/java-8-oracle/lib/amd64/jli/libjli.so
7f1943704000-7f194371c000 r-xp 00000000 08:15 7082105                    /lib/x86_64-linux-gnu/libpthread-2.23.so
7f194371c000-7f194391b000 ---p 00018000 08:15 7082105                    /lib/x86_64-linux-gnu/libpthread-2.23.so
7f194391b000-7f194391c000 r--p 00017000 08:15 7082105                    /lib/x86_64-linux-gnu/libpthread-2.23.so
7f194391c000-7f194391d000 rw-p 00018000 08:15 7082105                    /lib/x86_64-linux-gnu/libpthread-2.23.so
7f194391d000-7f1943921000 rw-p 00000000 00:00 0 
7f1943921000-7f1943947000 r-xp 00000000 08:15 7082100                    /lib/x86_64-linux-gnu/ld-2.23.so
7f1943947000-7f1943948000 r--s 00000000 08:15 5512790                    /var/cache/fontconfig/b9d506c9ac06c20b433354fa67a72993-le64.cache-6
7f1943948000-7f1943949000 r--s 00000000 08:15 5512777                    /var/cache/fontconfig/551ecf3b0e8b0bca0f25c0944f561853-le64.cache-6
7f1943949000-7f194394a000 r--s 00000000 08:15 5512770                    /var/cache/fontconfig/30829fa25452a46451e813d634d7f916-le64.cache-6
7f194394a000-7f1943a15000 rw-p 00000000 00:00 0 
7f1943a15000-7f1943a18000 ---p 00000000 00:00 0 
7f1943a18000-7f1943b1a000 rw-p 00000000 00:00 0 
7f1943b1a000-7f1943b1b000 r--s 00000000 08:15 5512769                    /var/cache/fontconfig/0c9eb80ebd1c36541ebe2852d3bb0c49-le64.cache-6
7f1943b1b000-7f1943b1e000 r--s 00000000 08:15 5512181                    /var/cache/fontconfig/75114ca45c98e8a441da0ff356701271-le64.cache-6
7f1943b1e000-7f1943b20000 r--s 00000000 08:15 5505108                    /var/cache/fontconfig/62f91419b9ebdb6975e7e41ab6412357-le64.cache-6
7f1943b20000-7f1943b24000 r--s 00000000 08:15 5506151                    /var/cache/fontconfig/7ef2298fde41cc6eeb7af42e48b7d293-le64.cache-6
7f1943b24000-7f1943b26000 r--s 00000000 08:15 5505420                    /var/cache/fontconfig/16326683038b281783a0ef8c680e3a10-le64.cache-6
7f1943b26000-7f1943b27000 r--s 00000000 08:15 5505596                    /var/cache/fontconfig/e0aa53bcfa504e64f87823c16bc01eb6-le64.cache-6
7f1943b27000-7f1943b3a000 r--s 00345000 08:15 12855537                   /usr/lib/jvm/java-8-oracle/jre/lib/resources.jar
7f1943b3a000-7f1943b42000 rw-s 00000000 08:15 1324583                    /tmp/hsperfdata_nokorot/28723
7f1943b42000-7f1943b43000 rw-p 00000000 00:00 0 
7f1943b43000-7f1943b44000 r--p 00000000 00:00 0 
7f1943b44000-7f1943b46000 rw-p 00000000 00:00 0 
7f1943b46000-7f1943b47000 r--p 00025000 08:15 7082100                    /lib/x86_64-linux-gnu/ld-2.23.so
7f1943b47000-7f1943b48000 rw-p 00026000 08:15 7082100                    /lib/x86_64-linux-gnu/ld-2.23.so
7f1943b48000-7f1943b49000 rw-p 00000000 00:00 0 
7ffc77b08000-7ffc77b29000 rw-p 00000000 00:00 0                          [stack]
7ffc77bbd000-7ffc77bbf000 r--p 00000000 00:00 0                          [vvar]
7ffc77bbf000-7ffc77bc1000 r-xp 00000000 00:00 0                          [vdso]
ffffffffff600000-ffffffffff601000 r-xp 00000000 00:00 0                  [vsyscall]

VM Arguments:
jvm_args: -Dfile.encoding=UTF-8 
java_command: engineTest.tests
java_class_path (initial): /home/nokorot/Workspace/Java/LiveSystem/NokoBox/bin
Launcher Type: SUN_STANDARD

Environment Variables:
JAVA_HOME=/usr/lib/jvm/java-8-oracle
PATH=/home/nokorot/.cabal/bin:/opt/cabal/1.22/bin:/opt/ghc/7.10.3/bin:/home/nokorot/.bin:/home/nokorot/bin:/home/nokorot/.local/bin:/usr/local/sbin:/usr/local/bin:/usr/sbin:/usr/bin:/sbin:/bin:/usr/games:/usr/local/games:/snap/bin:/usr/lib/jvm/java-8-oracle/bin:/usr/lib/jvm/java-8-oracle/db/bin:/usr/lib/jvm/java-8-oracle/jre/bin
USERNAME=nokorot
SHELL=/bin/bash
DISPLAY=:1

Signal Handlers:
SIGSEGV: [libjvm.so+0xac64b0], sa_mask[0]=11111111011111111101111111111110, sa_flags=SA_RESTART|SA_SIGINFO
SIGBUS: [libjvm.so+0xac64b0], sa_mask[0]=11111111011111111101111111111110, sa_flags=SA_RESTART|SA_SIGINFO
SIGFPE: [libjvm.so+0x91f950], sa_mask[0]=11111111011111111101111111111110, sa_flags=SA_RESTART|SA_SIGINFO
SIGPIPE: [libjvm.so+0x91f950], sa_mask[0]=11111111011111111101111111111110, sa_flags=SA_RESTART|SA_SIGINFO
SIGXFSZ: [libjvm.so+0x91f950], sa_mask[0]=11111111011111111101111111111110, sa_flags=SA_RESTART|SA_SIGINFO
SIGILL: [libjvm.so+0x91f950], sa_mask[0]=11111111011111111101111111111110, sa_flags=SA_RESTART|SA_SIGINFO
SIGUSR1: SIG_DFL, sa_mask[0]=00000000000000000000000000000000, sa_flags=none
SIGUSR2: [libjvm.so+0x920f80], sa_mask[0]=00100000000000000000000000000000, sa_flags=SA_RESTART|SA_SIGINFO
SIGHUP: [libjvm.so+0x922380], sa_mask[0]=11111111011111111101111111111110, sa_flags=SA_RESTART|SA_SIGINFO
SIGINT: [libjvm.so+0x922380], sa_mask[0]=11111111011111111101111111111110, sa_flags=SA_RESTART|SA_SIGINFO
SIGTERM: [libjvm.so+0x922380], sa_mask[0]=11111111011111111101111111111110, sa_flags=SA_RESTART|SA_SIGINFO
SIGQUIT: [libjvm.so+0x922380], sa_mask[0]=11111111011111111101111111111110, sa_flags=SA_RESTART|SA_SIGINFO


---------------  S Y S T E M  ---------------

OS:DISTRIB_ID=Ubuntu
DISTRIB_RELEASE=16.04
DISTRIB_CODENAME=xenial
DISTRIB_DESCRIPTION="Ubuntu 16.04.1 LTS"

uname:Linux 4.4.0-57-generic #78-Ubuntu SMP Fri Dec 9 23:50:32 UTC 2016 x86_64
libc:glibc 2.23 NPTL 2.23 
rlimit: STACK 8192k, CORE 0k, NPROC 31349, NOFILE 65536, AS infinity
load average:2,57 1,83 1,31

/proc/meminfo:
MemTotal:        8065836 kB
MemFree:          164728 kB
MemAvailable:     143532 kB
Buffers:            1728 kB
Cached:           894736 kB
SwapCached:        40992 kB
Active:          6265820 kB
Inactive:        1285604 kB
Active(anon):    6179800 kB
Inactive(anon):  1221112 kB
Active(file):      86020 kB
Inactive(file):    64492 kB
Unevictable:         480 kB
Mlocked:             480 kB
SwapTotal:       1951740 kB
SwapFree:         624924 kB
Dirty:              1636 kB
Writeback:             0 kB
AnonPages:       6634940 kB
Mapped:           611716 kB
Shmem:            746096 kB
Slab:             144576 kB
SReclaimable:      79012 kB
SUnreclaim:        65564 kB
KernelStack:       29264 kB
PageTables:        98324 kB
NFS_Unstable:          0 kB
Bounce:                0 kB
WritebackTmp:          0 kB
CommitLimit:     5984656 kB
Committed_AS:   23548444 kB
VmallocTotal:   34359738367 kB
VmallocUsed:           0 kB
VmallocChunk:          0 kB
HardwareCorrupted:     0 kB
AnonHugePages:   2500608 kB
CmaTotal:              0 kB
CmaFree:               0 kB
HugePages_Total:       0
HugePages_Free:        0
HugePages_Rsvd:        0
HugePages_Surp:        0
Hugepagesize:       2048 kB
DirectMap4k:      419112 kB
DirectMap2M:     7860224 kB


CPU:total 4 (2 cores per cpu, 2 threads per core) family 6 model 58 stepping 9, cmov, cx8, fxsr, mmx, sse, sse2, sse3, ssse3, sse4.1, sse4.2, popcnt, avx, aes, clmul, erms, ht, tsc, tscinvbit, tscinv

/proc/cpuinfo:
processor	: 0
vendor_id	: GenuineIntel
cpu family	: 6
model		: 58
model name	: Intel(R) Core(TM) i5-3210M CPU @ 2.50GHz
stepping	: 9
microcode	: 0x15
cpu MHz		: 2900.000
cache size	: 3072 KB
physical id	: 0
siblings	: 4
core id		: 0
cpu cores	: 2
apicid		: 0
initial apicid	: 0
fpu		: yes
fpu_exception	: yes
cpuid level	: 13
wp		: yes
flags		: fpu vme de pse tsc msr pae mce cx8 apic sep mtrr pge mca cmov pat pse36 clflush dts acpi mmx fxsr sse sse2 ss ht tm pbe syscall nx rdtscp lm constant_tsc arch_perfmon pebs bts rep_good nopl xtopology nonstop_tsc aperfmperf eagerfpu pni pclmulqdq dtes64 monitor ds_cpl vmx est tm2 ssse3 cx16 xtpr pdcm pcid sse4_1 sse4_2 x2apic popcnt tsc_deadline_timer aes xsave avx f16c rdrand lahf_lm epb tpr_shadow vnmi flexpriority ept vpid fsgsbase smep erms xsaveopt dtherm ida arat pln pts
bugs		:
bogomips	: 4988.68
clflush size	: 64
cache_alignment	: 64
address sizes	: 36 bits physical, 48 bits virtual
power management:

processor	: 1
vendor_id	: GenuineIntel
cpu family	: 6
model		: 58
model name	: Intel(R) Core(TM) i5-3210M CPU @ 2.50GHz
stepping	: 9
microcode	: 0x15
cpu MHz		: 2899.902
cache size	: 3072 KB
physical id	: 0
siblings	: 4
core id		: 1
cpu cores	: 2
apicid		: 2
initial apicid	: 2
fpu		: yes
fpu_exception	: yes
cpuid level	: 13
wp		: yes
flags		: fpu vme de pse tsc msr pae mce cx8 apic sep mtrr pge mca cmov pat pse36 clflush dts acpi mmx fxsr sse sse2 ss ht tm pbe syscall nx rdtscp lm constant_tsc arch_perfmon pebs bts rep_good nopl xtopology nonstop_tsc aperfmperf eagerfpu pni pclmulqdq dtes64 monitor ds_cpl vmx est tm2 ssse3 cx16 xtpr pdcm pcid sse4_1 sse4_2 x2apic popcnt tsc_deadline_timer aes xsave avx f16c rdrand lahf_lm epb tpr_shadow vnmi flexpriority ept vpid fsgsbase smep erms xsaveopt dtherm ida arat pln pts
bugs		:
bogomips	: 4988.68
clflush size	: 64
cache_alignment	: 64
address sizes	: 36 bits physical, 48 bits virtual
power management:

processor	: 2
vendor_id	: GenuineIntel
cpu family	: 6
model		: 58
model name	: Intel(R) Core(TM) i5-3210M CPU @ 2.50GHz
stepping	: 9
microcode	: 0x15
cpu MHz		: 2899.902
cache size	: 3072 KB
physical id	: 0
siblings	: 4
core id		: 0
cpu cores	: 2
apicid		: 1
initial apicid	: 1
fpu		: yes
fpu_exception	: yes
cpuid level	: 13
wp		: yes
flags		: fpu vme de pse tsc msr pae mce cx8 apic sep mtrr pge mca cmov pat pse36 clflush dts acpi mmx fxsr sse sse2 ss ht tm pbe syscall nx rdtscp lm constant_tsc arch_perfmon pebs bts rep_good nopl xtopology nonstop_tsc aperfmperf eagerfpu pni pclmulqdq dtes64 monitor ds_cpl vmx est tm2 ssse3 cx16 xtpr pdcm pcid sse4_1 sse4_2 x2apic popcnt tsc_deadline_timer aes xsave avx f16c rdrand lahf_lm epb tpr_shadow vnmi flexpriority ept vpid fsgsbase smep erms xsaveopt dtherm ida arat pln pts
bugs		:
bogomips	: 4988.68
clflush size	: 64
cache_alignment	: 64
address sizes	: 36 bits physical, 48 bits virtual
power management:

processor	: 3
vendor_id	: GenuineIntel
cpu family	: 6
model		: 58
model name	: Intel(R) Core(TM) i5-3210M CPU @ 2.50GHz
stepping	: 9
microcode	: 0x15
cpu MHz		: 2899.902
cache size	: 3072 KB
physical id	: 0
siblings	: 4
core id		: 1
cpu cores	: 2
apicid		: 3
initial apicid	: 3
fpu		: yes
fpu_exception	: yes
cpuid level	: 13
wp		: yes
flags		: fpu vme de pse tsc msr pae mce cx8 apic sep mtrr pge mca cmov pat pse36 clflush dts acpi mmx fxsr sse sse2 ss ht tm pbe syscall nx rdtscp lm constant_tsc arch_perfmon pebs bts rep_good nopl xtopology nonstop_tsc aperfmperf eagerfpu pni pclmulqdq dtes64 monitor ds_cpl vmx est tm2 ssse3 cx16 xtpr pdcm pcid sse4_1 sse4_2 x2apic popcnt tsc_deadline_timer aes xsave avx f16c rdrand lahf_lm epb tpr_shadow vnmi flexpriority ept vpid fsgsbase smep erms xsaveopt dtherm ida arat pln pts
bugs		:
bogomips	: 4988.68
clflush size	: 64
cache_alignment	: 64
address sizes	: 36 bits physical, 48 bits virtual
power management:



Memory: 4k page, physical 8065836k(164728k free), swap 1951740k(624924k free)

vm_info: Java HotSpot(TM) 64-Bit Server VM (25.111-b14) for linux-amd64 JRE (1.8.0_111-b14), built on Sep 22 2016 16:14:03 by "java_re" with gcc 4.3.0 20080428 (Red Hat 4.3.0-8)

time: Mon Jan  9 21:31:36 2017
elapsed time: 16 seconds (0d 0h 0m 16s)

