#
# There is insufficient memory for the Java Runtime Environment to continue.
# Native memory allocation (mmap) failed to map 1041760256 bytes for committing reserved memory.
# Possible reasons:
#   The system is out of physical RAM or swap space
#   In 32 bit mode, the process size limit was hit
# Possible solutions:
#   Reduce memory load on the system
#   Increase physical memory or swap space
#   Check if swap backing store is full
#   Use 64 bit Java on a 64 bit OS
#   Decrease Java heap size (-Xmx/-Xms)
#   Decrease number of Java threads
#   Decrease Java thread stack sizes (-Xss)
#   Set larger code cache with -XX:ReservedCodeCacheSize=
# This output file may be truncated or incomplete.
#
#  Out of Memory Error (os_linux.cpp:2627), pid=2185, tid=0x00007f6911edf700
#
# JRE version: Java(TM) SE Runtime Environment (8.0_111-b14) (build 1.8.0_111-b14)
# Java VM: Java HotSpot(TM) 64-Bit Server VM (25.111-b14 mixed mode linux-amd64 compressed oops)
# Failed to write core dump. Core dumps have been disabled. To enable core dumping, try "ulimit -c unlimited" before starting Java again
#

---------------  T H R E A D  ---------------

Current thread (0x00007f68f8001000):  JavaThread "Image Fetcher 1" daemon [_thread_in_vm, id=2236, stack(0x00007f6911ddf000,0x00007f6911ee0000)]

Stack: [0x00007f6911ddf000,0x00007f6911ee0000],  sp=0x00007f6911edd240,  free space=1016k
Native frames: (J=compiled Java code, j=interpreted, Vv=VM code, C=native code)
V  [libjvm.so+0xac5c2a]  VMError::report_and_die()+0x2ba
V  [libjvm.so+0x4fc50b]  report_vm_out_of_memory(char const*, int, unsigned long, VMErrorType, char const*)+0x8b
V  [libjvm.so+0x922ae3]  os::Linux::commit_memory_impl(char*, unsigned long, bool)+0x103
V  [libjvm.so+0x923039]  os::pd_commit_memory(char*, unsigned long, unsigned long, bool)+0x29
V  [libjvm.so+0x91d33a]  os::commit_memory(char*, unsigned long, unsigned long, bool)+0x2a
V  [libjvm.so+0x991ac3]  PSVirtualSpace::expand_by(unsigned long)+0x53
V  [libjvm.so+0x982149]  PSOldGen::expand_by(unsigned long)+0x49
V  [libjvm.so+0x9823b5]  PSOldGen::expand(unsigned long)+0x1a5
V  [libjvm.so+0x98263a]  PSOldGen::expand_and_allocate(unsigned long)+0x1a
V  [libjvm.so+0x98275b]  PSOldGen::allocate(unsigned long)+0xcb
V  [libjvm.so+0x94648e]  ParallelScavengeHeap::mem_allocate(unsigned long, bool*)+0xfe
V  [libjvm.so+0xa8b47e]  TypeArrayKlass::allocate_common(int, bool, Thread*)+0x26e
V  [libjvm.so+0x68380a]  InterpreterRuntime::newarray(JavaThread*, BasicType, int)+0x2a
j  java.awt.image.DataBufferInt.<init>(I)V+11
j  java.awt.image.Raster.createPackedRaster(III[ILjava/awt/Point;)Ljava/awt/image/WritableRaster;+69
j  java.awt.image.DirectColorModel.createCompatibleWritableRaster(II)Ljava/awt/image/WritableRaster;+109
j  sun.awt.image.ImageRepresentation.createBufferedImage()V+18
J 1505 C2 sun.awt.image.ImageRepresentation.setPixels(IIIILjava/awt/image/ColorModel;[III)V (535 bytes) @ 0x00007f695d536514 [0x00007f695d536140+0x3d4]
J 1506 C2 sun.awt.image.ImageDecoder.setPixels(IIIILjava/awt/image/ColorModel;[III)I (58 bytes) @ 0x00007f695d532d00 [0x00007f695d532b20+0x1e0]
J 1507 C2 sun.awt.image.JPEGImageDecoder.sendPixels([II)Z (40 bytes) @ 0x00007f695d52fafc [0x00007f695d52faa0+0x5c]
v  ~StubRoutines::call_stub
V  [libjvm.so+0x690206]  JavaCalls::call_helper(JavaValue*, methodHandle*, JavaCallArguments*, Thread*)+0x1056
V  [libjvm.so+0x6d20fb]  jni_invoke_nonstatic(JNIEnv_*, JavaValue*, _jobject*, JNICallType, _jmethodID*, JNI_ArgumentPusher*, Thread*)+0x40b
V  [libjvm.so+0x6d9c66]  jni_CallBooleanMethod+0x196
C  [libjpeg.so+0x2a7b8]  Java_sun_awt_image_JPEGImageDecoder_readImage+0x608
j  sun.awt.image.JPEGImageDecoder.readImage(Ljava/io/InputStream;[B)V+0
j  sun.awt.image.JPEGImageDecoder.produceImage()V+10
j  sun.awt.image.InputStreamImageSource.doFetch()V+51
j  sun.awt.image.ImageFetcher.fetchloop()V+33
j  sun.awt.image.ImageFetcher.run()V+5
v  ~StubRoutines::call_stub
V  [libjvm.so+0x690206]  JavaCalls::call_helper(JavaValue*, methodHandle*, JavaCallArguments*, Thread*)+0x1056
V  [libjvm.so+0x690711]  JavaCalls::call_virtual(JavaValue*, KlassHandle, Symbol*, Symbol*, JavaCallArguments*, Thread*)+0x321
V  [libjvm.so+0x690bb7]  JavaCalls::call_virtual(JavaValue*, Handle, KlassHandle, Symbol*, Symbol*, Thread*)+0x47
V  [libjvm.so+0x7278f0]  thread_entry(JavaThread*, Thread*)+0xa0
V  [libjvm.so+0xa742b3]  JavaThread::thread_main_inner()+0x103
V  [libjvm.so+0xa743fc]  JavaThread::run()+0x11c
V  [libjvm.so+0x924ea8]  java_start(Thread*)+0x108
C  [libpthread.so.0+0x770a]  start_thread+0xca

Java frames: (J=compiled Java code, j=interpreted, Vv=VM code)
j  java.awt.image.DataBufferInt.<init>(I)V+11
j  java.awt.image.Raster.createPackedRaster(III[ILjava/awt/Point;)Ljava/awt/image/WritableRaster;+69
j  java.awt.image.DirectColorModel.createCompatibleWritableRaster(II)Ljava/awt/image/WritableRaster;+109
j  sun.awt.image.ImageRepresentation.createBufferedImage()V+18
J 1505 C2 sun.awt.image.ImageRepresentation.setPixels(IIIILjava/awt/image/ColorModel;[III)V (535 bytes) @ 0x00007f695d536514 [0x00007f695d536140+0x3d4]
J 1506 C2 sun.awt.image.ImageDecoder.setPixels(IIIILjava/awt/image/ColorModel;[III)I (58 bytes) @ 0x00007f695d532d00 [0x00007f695d532b20+0x1e0]
J 1507 C2 sun.awt.image.JPEGImageDecoder.sendPixels([II)Z (40 bytes) @ 0x00007f695d52fafc [0x00007f695d52faa0+0x5c]
v  ~StubRoutines::call_stub
j  sun.awt.image.JPEGImageDecoder.readImage(Ljava/io/InputStream;[B)V+0
j  sun.awt.image.JPEGImageDecoder.produceImage()V+10
j  sun.awt.image.InputStreamImageSource.doFetch()V+51
j  sun.awt.image.ImageFetcher.fetchloop()V+33
j  sun.awt.image.ImageFetcher.run()V+5
v  ~StubRoutines::call_stub

---------------  P R O C E S S  ---------------

Java Threads: ( => current thread )
  0x00007f6908091800 JavaThread "Thread-61" [_thread_blocked, id=2308, stack(0x00007f68d61e2000,0x00007f68d62e3000)]
  0x00007f690801e000 JavaThread "Thread-60" [_thread_blocked, id=2307, stack(0x00007f6912c53000,0x00007f6912d54000)]
  0x00007f690808f800 JavaThread "Thread-59" [_thread_blocked, id=2306, stack(0x00007f68d62e3000,0x00007f68d63e4000)]
  0x00007f690808d800 JavaThread "Thread-58" [_thread_blocked, id=2305, stack(0x00007f68d63e4000,0x00007f68d64e5000)]
  0x00007f690808b800 JavaThread "Thread-57" [_thread_blocked, id=2304, stack(0x00007f68d64e5000,0x00007f68d65e6000)]
  0x00007f6908089800 JavaThread "Thread-56" [_thread_blocked, id=2303, stack(0x00007f68d65e6000,0x00007f68d66e7000)]
  0x00007f6908087800 JavaThread "Thread-55" [_thread_blocked, id=2302, stack(0x00007f68d66e7000,0x00007f68d67e8000)]
  0x00007f6908086000 JavaThread "Thread-54" [_thread_blocked, id=2301, stack(0x00007f68d67e8000,0x00007f68d68e9000)]
  0x00007f6908175000 JavaThread "Thread-53" [_thread_blocked, id=2300, stack(0x00007f68d68e9000,0x00007f68d69ea000)]
  0x00007f6908173800 JavaThread "Thread-52" [_thread_blocked, id=2299, stack(0x00007f68d69ea000,0x00007f68d6aeb000)]
  0x00007f6908171800 JavaThread "Thread-51" [_thread_blocked, id=2298, stack(0x00007f68d6aeb000,0x00007f68d6bec000)]
  0x00007f6908170000 JavaThread "Thread-50" [_thread_blocked, id=2297, stack(0x00007f68d6bec000,0x00007f68d6ced000)]
  0x00007f690816e000 JavaThread "Thread-49" [_thread_blocked, id=2296, stack(0x00007f68d6ced000,0x00007f68d6dee000)]
  0x00007f690816c800 JavaThread "Thread-48" [_thread_blocked, id=2295, stack(0x00007f68d6dee000,0x00007f68d6eef000)]
  0x00007f690816a800 JavaThread "Thread-47" [_thread_blocked, id=2294, stack(0x00007f68d6eef000,0x00007f68d6ff0000)]
  0x00007f6908169000 JavaThread "Thread-46" [_thread_blocked, id=2293, stack(0x00007f68d6ff0000,0x00007f68d70f1000)]
  0x00007f6908021000 JavaThread "Thread-45" [_thread_blocked, id=2292, stack(0x00007f6912553000,0x00007f6912654000)]
  0x00007f6908167000 JavaThread "Thread-44" [_thread_blocked, id=2291, stack(0x00007f68d70f1000,0x00007f68d71f2000)]
  0x00007f6908165000 JavaThread "Thread-43" [_thread_blocked, id=2290, stack(0x00007f68d71f2000,0x00007f68d72f3000)]
  0x00007f6908163000 JavaThread "Thread-42" [_thread_blocked, id=2289, stack(0x00007f68d72f3000,0x00007f68d73f4000)]
  0x00007f6908161000 JavaThread "Thread-41" [_thread_blocked, id=2288, stack(0x00007f68d73f4000,0x00007f68d74f5000)]
  0x00007f690815f000 JavaThread "Thread-40" [_thread_blocked, id=2287, stack(0x00007f68d74f5000,0x00007f68d75f6000)]
  0x00007f690815d000 JavaThread "Thread-39" [_thread_blocked, id=2286, stack(0x00007f68d75f6000,0x00007f68d76f7000)]
  0x00007f690815b800 JavaThread "Thread-38" [_thread_blocked, id=2285, stack(0x00007f68d76f7000,0x00007f68d77f8000)]
  0x00007f6908159800 JavaThread "Thread-37" [_thread_blocked, id=2284, stack(0x00007f68d77f8000,0x00007f68d78f9000)]
  0x00007f6908157800 JavaThread "Thread-36" [_thread_blocked, id=2280, stack(0x00007f68d78f9000,0x00007f68d79fa000)]
  0x00007f6908156000 JavaThread "Thread-35" [_thread_blocked, id=2279, stack(0x00007f68d79fa000,0x00007f68d7afb000)]
  0x00007f6908154000 JavaThread "Thread-34" [_thread_blocked, id=2273, stack(0x00007f68d7afb000,0x00007f68d7bfc000)]
  0x00007f6908152800 JavaThread "Thread-33" [_thread_blocked, id=2272, stack(0x00007f68d7bfc000,0x00007f68d7cfd000)]
  0x00007f6908150800 JavaThread "Thread-32" [_thread_blocked, id=2271, stack(0x00007f68d7cfd000,0x00007f68d7dfe000)]
  0x00007f690814f000 JavaThread "Thread-31" [_thread_blocked, id=2270, stack(0x00007f68d7dfe000,0x00007f68d7eff000)]
  0x00007f690814d800 JavaThread "Thread-30" [_thread_blocked, id=2269, stack(0x00007f68d7eff000,0x00007f68d8000000)]
  0x00007f690814c000 JavaThread "Thread-29" [_thread_blocked, id=2268, stack(0x00007f69100e1000,0x00007f69101e2000)]
  0x00007f690801b800 JavaThread "Thread-28" [_thread_blocked, id=2267, stack(0x00007f691211b000,0x00007f691221c000)]
  0x00007f690814a800 JavaThread "Thread-27" [_thread_blocked, id=2266, stack(0x00007f69101e2000,0x00007f69102e3000)]
  0x00007f6908147000 JavaThread "Thread-25" [_thread_blocked, id=2264, stack(0x00007f69103e4000,0x00007f69104e5000)]
  0x00007f68e8001000 JavaThread "Image Fetcher 3" daemon [_thread_in_Java, id=2245, stack(0x00007f6912452000,0x00007f6912553000)]
  0x00007f68f0001000 JavaThread "Image Fetcher 2" daemon [_thread_in_Java, id=2242, stack(0x00007f6912b52000,0x00007f6912c53000)]
=>0x00007f68f8001000 JavaThread "Image Fetcher 1" daemon [_thread_in_vm, id=2236, stack(0x00007f6911ddf000,0x00007f6911ee0000)]
  0x00007f6908077800 JavaThread "TimerQueue" daemon [_thread_blocked, id=2232, stack(0x00007f6913154000,0x00007f6913255000)]
  0x00007f696c28d000 JavaThread "AWT-EventQueue-0" [_thread_blocked, id=2226, stack(0x00007f6913eff000,0x00007f6914000000)]
  0x00007f696c28b800 JavaThread "AWT-Shutdown" [_thread_blocked, id=2225, stack(0x00007f694402b000,0x00007f694412c000)]
  0x00007f696c266000 JavaThread "Image Fetcher 0" daemon [_thread_in_vm, id=2224, stack(0x00007f694412c000,0x00007f694422d000)]
  0x00007f696c231000 JavaThread "AWT-XAWT" daemon [_thread_in_native, id=2223, stack(0x00007f694422d000,0x00007f694432e000)]
  0x00007f696c20f000 JavaThread "Java2D Disposer" daemon [_thread_blocked, id=2222, stack(0x00007f694473e000,0x00007f694483f000)]
  0x00007f696c0d3000 JavaThread "Service Thread" daemon [_thread_blocked, id=2220, stack(0x00007f6946492000,0x00007f6946593000)]
  0x00007f696c0be000 JavaThread "C1 CompilerThread2" daemon [_thread_blocked, id=2219, stack(0x00007f6946593000,0x00007f6946694000)]
  0x00007f696c0bc000 JavaThread "C2 CompilerThread1" daemon [_thread_blocked, id=2218, stack(0x00007f6946694000,0x00007f6946795000)]
  0x00007f696c0b9800 JavaThread "C2 CompilerThread0" daemon [_thread_in_native, id=2217, stack(0x00007f6946795000,0x00007f6946896000)]
  0x00007f696c0b8000 JavaThread "Signal Dispatcher" daemon [_thread_blocked, id=2216, stack(0x00007f6946896000,0x00007f6946997000)]
  0x00007f696c083800 JavaThread "Finalizer" daemon [_thread_blocked, id=2215, stack(0x00007f6946dee000,0x00007f6946eef000)]
  0x00007f696c07f000 JavaThread "Reference Handler" daemon [_thread_blocked, id=2214, stack(0x00007f6946eef000,0x00007f6946ff0000)]
  0x00007f696c009800 JavaThread "main" [_thread_blocked, id=2208, stack(0x00007f697398a000,0x00007f6973a8b000)]

Other Threads:
  0x00007f696c077800 VMThread [stack: 0x00007f6946ff0000,0x00007f69470f1000] [id=2213]
  0x00007f696c0d6000 WatcherThread [stack: 0x00007f6946391000,0x00007f6946492000] [id=2221]

VM state:not at safepoint (normal execution)

VM Mutex/Monitor currently owned by a thread:  ([mutex/lock_event])
[0x00007f696c005830] ExpandHeap_lock - owner thread: 0x00007f68f8001000
[0x00007f696c0063b0] Heap_lock - owner thread: 0x00007f68f8001000

Heap:
 PSYoungGen      total 201216K, used 196485K [0x00000000d6f80000, 0x00000000e3b80000, 0x0000000100000000)
  eden space 196608K, 99% used [0x00000000d6f80000,0x00000000e2f61580,0x00000000e2f80000)
  from space 4608K, 0% used [0x00000000e3400000,0x00000000e3400000,0x00000000e3880000)
  to   space 4608K, 0% used [0x00000000e2f80000,0x00000000e2f80000,0x00000000e3400000)
 ParOldGen       total 327680K, used 190038K [0x0000000084e00000, 0x0000000098e00000, 0x00000000d6f80000)
  object space 327680K, 57% used [0x0000000084e00000,0x00000000907958e8,0x0000000098e00000)
 Metaspace       used 14613K, capacity 14836K, committed 15232K, reserved 1062912K
  class space    used 1806K, capacity 1870K, committed 1920K, reserved 1048576K

Card table byte_map: [0x00007f6970366000,0x00007f6970740000] byte_map_base: 0x00007f696ff3f000

Marking Bits: (ParMarkBitMap*) 0x00007f6972e69220
 Begin Bits: [0x00007f6954270000, 0x00007f6956138000)
 End Bits:   [0x00007f6956138000, 0x00007f6958000000)

Polling page: 0x00007f6973ab8000

CodeCache: size=245760Kb used=5384Kb max_used=5391Kb free=240375Kb
 bounds [0x00007f695d000000, 0x00007f695d560000, 0x00007f696c000000]
 total_blobs=2108 nmethods=1537 adapters=484
 compilation: enabled

Compilation events (10 events):
Event: 7,197 Thread 0x00007f696c0bc000 1557       4       java.util.concurrent.locks.ReentrantLock$NonfairSync::tryAcquire (6 bytes)
Event: 7,197 Thread 0x00007f696c0be000 1560       3       java.util.concurrent.locks.AbstractQueuedSynchronizer$ConditionObject::awaitNanos (156 bytes)
Event: 7,198 Thread 0x00007f696c0bc000 nmethod 1557 0x00007f695d53f7d0 code [0x00007f695d53f920, 0x00007f695d53fa18]
Event: 7,200 Thread 0x00007f696c0be000 nmethod 1560 0x00007f695d54a890 code [0x00007f695d54aba0, 0x00007f695d54c298]
Event: 7,200 Thread 0x00007f696c0be000 1558       3       java.util.concurrent.TimeUnit$1::convert (6 bytes)
Event: 7,200 Thread 0x00007f696c0be000 nmethod 1558 0x00007f695d215310 code [0x00007f695d215480, 0x00007f695d2156a8]
Event: 7,200 Thread 0x00007f696c0be000 1559       3       java.util.concurrent.TimeUnit$1::toNanos (2 bytes)
Event: 7,200 Thread 0x00007f696c0be000 nmethod 1559 0x00007f695d53f490 code [0x00007f695d53f5e0, 0x00007f695d53f730]
Event: 7,207 Thread 0x00007f696c0be000 1561       3       sun.awt.image.PNGImageDecoder::getInt (59 bytes)
Event: 7,208 Thread 0x00007f696c0be000 nmethod 1561 0x00007f695d214e50 code [0x00007f695d214fc0, 0x00007f695d2151d0]

GC Heap History (10 events):
Event: 6,516 GC heap before
{Heap before GC invocations=5 (full 1):
 PSYoungGen      total 68608K, used 63488K [0x00000000d6f80000, 0x00000000df580000, 0x0000000100000000)
  eden space 63488K, 100% used [0x00000000d6f80000,0x00000000dad80000,0x00000000dad80000)
  from space 5120K, 0% used [0x00000000dad80000,0x00000000dad80000,0x00000000db280000)
  to   space 5120K, 0% used [0x00000000df080000,0x00000000df080000,0x00000000df580000)
 ParOldGen       total 155648K, used 68660K [0x0000000084e00000, 0x000000008e600000, 0x00000000d6f80000)
  object space 155648K, 44% used [0x0000000084e00000,0x000000008910d070,0x000000008e600000)
 Metaspace       used 14602K, capacity 14836K, committed 15232K, reserved 1062912K
  class space    used 1806K, capacity 1870K, committed 1920K, reserved 1048576K
Event: 6,538 GC heap after
Heap after GC invocations=5 (full 1):
 PSYoungGen      total 122880K, used 224K [0x00000000d6f80000, 0x00000000df100000, 0x0000000100000000)
  eden space 122368K, 0% used [0x00000000d6f80000,0x00000000d6f80000,0x00000000de700000)
  from space 512K, 43% used [0x00000000df080000,0x00000000df0b8000,0x00000000df100000)
  to   space 5120K, 0% used [0x00000000de700000,0x00000000de700000,0x00000000dec00000)
 ParOldGen       total 155648K, used 134653K [0x0000000084e00000, 0x000000008e600000, 0x00000000d6f80000)
  object space 155648K, 86% used [0x0000000084e00000,0x000000008d17f4c0,0x000000008e600000)
 Metaspace       used 14602K, capacity 14836K, committed 15232K, reserved 1062912K
  class space    used 1806K, capacity 1870K, committed 1920K, reserved 1048576K
}
Event: 6,538 GC heap before
{Heap before GC invocations=6 (full 2):
 PSYoungGen      total 122880K, used 224K [0x00000000d6f80000, 0x00000000df100000, 0x0000000100000000)
  eden space 122368K, 0% used [0x00000000d6f80000,0x00000000d6f80000,0x00000000de700000)
  from space 512K, 43% used [0x00000000df080000,0x00000000df0b8000,0x00000000df100000)
  to   space 5120K, 0% used [0x00000000de700000,0x00000000de700000,0x00000000dec00000)
 ParOldGen       total 155648K, used 134653K [0x0000000084e00000, 0x000000008e600000, 0x00000000d6f80000)
  object space 155648K, 86% used [0x0000000084e00000,0x000000008d17f4c0,0x000000008e600000)
 Metaspace       used 14602K, capacity 14836K, committed 15232K, reserved 1062912K
  class space    used 1806K, capacity 1870K, committed 1920K, reserved 1048576K
Event: 6,554 GC heap after
Heap after GC invocations=6 (full 2):
 PSYoungGen      total 122880K, used 0K [0x00000000d6f80000, 0x00000000df100000, 0x0000000100000000)
  eden space 122368K, 0% used [0x00000000d6f80000,0x00000000d6f80000,0x00000000de700000)
  from space 512K, 0% used [0x00000000df080000,0x00000000df080000,0x00000000df100000)
  to   space 5120K, 0% used [0x00000000de700000,0x00000000de700000,0x00000000dec00000)
 ParOldGen       total 233984K, used 93799K [0x0000000084e00000, 0x0000000093280000, 0x00000000d6f80000)
  object space 233984K, 40% used [0x0000000084e00000,0x000000008a999db8,0x0000000093280000)
 Metaspace       used 14602K, capacity 14836K, committed 15232K, reserved 1062912K
  class space    used 1806K, capacity 1870K, committed 1920K, reserved 1048576K
}
Event: 6,554 GC heap before
{Heap before GC invocations=7 (full 2):
 PSYoungGen      total 122880K, used 526K [0x00000000d6f80000, 0x00000000df100000, 0x0000000100000000)
  eden space 122368K, 0% used [0x00000000d6f80000,0x00000000d7003830,0x00000000de700000)
  from space 512K, 0% used [0x00000000df080000,0x00000000df080000,0x00000000df100000)
  to   space 5120K, 0% used [0x00000000de700000,0x00000000de700000,0x00000000dec00000)
 ParOldGen       total 233984K, used 93799K [0x0000000084e00000, 0x0000000093280000, 0x00000000d6f80000)
  object space 233984K, 40% used [0x0000000084e00000,0x000000008a999db8,0x0000000093280000)
 Metaspace       used 14602K, capacity 14836K, committed 15232K, reserved 1062912K
  class space    used 1806K, capacity 1870K, committed 1920K, reserved 1048576K
Event: 6,557 GC heap after
Heap after GC invocations=7 (full 2):
 PSYoungGen      total 127488K, used 128K [0x00000000d6f80000, 0x00000000e3880000, 0x0000000100000000)
  eden space 122368K, 0% used [0x00000000d6f80000,0x00000000d6f80000,0x00000000de700000)
  from space 5120K, 2% used [0x00000000de700000,0x00000000de720000,0x00000000dec00000)
  to   space 4608K, 0% used [0x00000000e3400000,0x00000000e3400000,0x00000000e3880000)
 ParOldGen       total 233984K, used 93799K [0x0000000084e00000, 0x0000000093280000, 0x00000000d6f80000)
  object space 233984K, 40% used [0x0000000084e00000,0x000000008a999db8,0x0000000093280000)
 Metaspace       used 14602K, capacity 14836K, committed 15232K, reserved 1062912K
  class space    used 1806K, capacity 1870K, committed 1920K, reserved 1048576K
}
Event: 6,742 GC heap before
{Heap before GC invocations=8 (full 2):
 PSYoungGen      total 127488K, used 119375K [0x00000000d6f80000, 0x00000000e3880000, 0x0000000100000000)
  eden space 122368K, 97% used [0x00000000d6f80000,0x00000000de3f3e28,0x00000000de700000)
  from space 5120K, 2% used [0x00000000de700000,0x00000000de720000,0x00000000dec00000)
  to   space 4608K, 0% used [0x00000000e3400000,0x00000000e3400000,0x00000000e3880000)
 ParOldGen       total 233984K, used 101899K [0x0000000084e00000, 0x0000000093280000, 0x00000000d6f80000)
  object space 233984K, 43% used [0x0000000084e00000,0x000000008b182dc8,0x0000000093280000)
 Metaspace       used 14607K, capacity 14836K, committed 15232K, reserved 1062912K
  class space    used 1806K, capacity 1870K, committed 1920K, reserved 1048576K
Event: 6,766 GC heap after
Heap after GC invocations=8 (full 2):
 PSYoungGen      total 201216K, used 160K [0x00000000d6f80000, 0x00000000e3b80000, 0x0000000100000000)
  eden space 196608K, 0% used [0x00000000d6f80000,0x00000000d6f80000,0x00000000e2f80000)
  from space 4608K, 3% used [0x00000000e3400000,0x00000000e3428000,0x00000000e3880000)
  to   space 4608K, 0% used [0x00000000e2f80000,0x00000000e2f80000,0x00000000e3400000)
 ParOldGen       total 233984K, used 182697K [0x0000000084e00000, 0x0000000093280000, 0x00000000d6f80000)
  object space 233984K, 78% used [0x0000000084e00000,0x000000009006a468,0x0000000093280000)
 Metaspace       used 14607K, capacity 14836K, committed 15232K, reserved 1062912K
  class space    used 1806K, capacity 1870K, committed 1920K, reserved 1048576K
}
Event: 6,766 GC heap before
{Heap before GC invocations=9 (full 3):
 PSYoungGen      total 201216K, used 160K [0x00000000d6f80000, 0x00000000e3b80000, 0x0000000100000000)
  eden space 196608K, 0% used [0x00000000d6f80000,0x00000000d6f80000,0x00000000e2f80000)
  from space 4608K, 3% used [0x00000000e3400000,0x00000000e3428000,0x00000000e3880000)
  to   space 4608K, 0% used [0x00000000e2f80000,0x00000000e2f80000,0x00000000e3400000)
 ParOldGen       total 233984K, used 182697K [0x0000000084e00000, 0x0000000093280000, 0x00000000d6f80000)
  object space 233984K, 78% used [0x0000000084e00000,0x000000009006a468,0x0000000093280000)
 Metaspace       used 14607K, capacity 14836K, committed 15232K, reserved 1062912K
  class space    used 1806K, capacity 1870K, committed 1920K, reserved 1048576K
Event: 6,820 GC heap after
Heap after GC invocations=9 (full 3):
 PSYoungGen      total 201216K, used 0K [0x00000000d6f80000, 0x00000000e3b80000, 0x0000000100000000)
  eden space 196608K, 0% used [0x00000000d6f80000,0x00000000d6f80000,0x00000000e2f80000)
  from space 4608K, 0% used [0x00000000e3400000,0x00000000e3400000,0x00000000e3880000)
  to   space 4608K, 0% used [0x00000000e2f80000,0x00000000e2f80000,0x00000000e3400000)
 ParOldGen       total 327680K, used 149901K [0x0000000084e00000, 0x0000000098e00000, 0x00000000d6f80000)
  object space 327680K, 45% used [0x0000000084e00000,0x000000008e063458,0x0000000098e00000)
 Metaspace       used 14607K, capacity 14836K, committed 15232K, reserved 1062912K
  class space    used 1806K, capacity 1870K, committed 1920K, reserved 1048576K
}

Deoptimization events (10 events):
Event: 0,533 Thread 0x00007f696c009800 Uncommon trap: reason=class_check action=maybe_recompile pc=0x00007f695d18c570 method=java.lang.String.equals(Ljava/lang/Object;)Z @ 8
Event: 0,535 Thread 0x00007f696c009800 Uncommon trap: reason=class_check action=maybe_recompile pc=0x00007f695d18c570 method=java.lang.String.equals(Ljava/lang/Object;)Z @ 8
Event: 0,536 Thread 0x00007f696c009800 Uncommon trap: reason=class_check action=maybe_recompile pc=0x00007f695d18c570 method=java.lang.String.equals(Ljava/lang/Object;)Z @ 8
Event: 0,536 Thread 0x00007f696c009800 Uncommon trap: reason=class_check action=maybe_recompile pc=0x00007f695d18c570 method=java.lang.String.equals(Ljava/lang/Object;)Z @ 8
Event: 0,883 Thread 0x00007f696c28d000 Uncommon trap: reason=unstable_if action=reinterpret pc=0x00007f695d2a9630 method=java.lang.CharacterData.of(I)Ljava/lang/CharacterData; @ 4
Event: 2,619 Thread 0x00007f68f8001000 Uncommon trap: reason=unstable_if action=reinterpret pc=0x00007f695d4120b4 method=sun.awt.image.PNGImageDecoder.produceImage()V @ 867
Event: 2,628 Thread 0x00007f68f8001000 Uncommon trap: reason=unstable_if action=reinterpret pc=0x00007f695d4075cc method=sun.awt.image.ImageRepresentation.getOpaqueRGBImage()Ljava/awt/image/BufferedImage; @ 57
Event: 3,890 Thread 0x00007f696c28d000 Uncommon trap: reason=unstable_if action=reinterpret pc=0x00007f695d4b65b8 method=com.sun.imageio.plugins.png.PNGImageReader.paethPredictor(III)I @ 41
Event: 6,215 Thread 0x00007f696c28d000 Uncommon trap: reason=unstable_if action=reinterpret pc=0x00007f695d312dcc method=java.lang.ref.SoftReference.get()Ljava/lang/Object; @ 17
Event: 6,866 Thread 0x00007f696c266000 Uncommon trap: reason=unstable_if action=reinterpret pc=0x00007f695d523390 method=java.io.BufferedInputStream.read1([BII)I @ 22

Internal exceptions (10 events):
Event: 0,089 Thread 0x00007f696c009800 Exception <a 'java/security/PrivilegedActionException'> (0x00000000d7004c58) thrown at [/HUDSON3/workspace/8-2-build-linux-amd64/jdk8u111/7883/hotspot/src/share/vm/prims/jvm.cpp, line 1386]
Event: 0,089 Thread 0x00007f696c009800 Exception <a 'java/security/PrivilegedActionException'> (0x00000000d7007098) thrown at [/HUDSON3/workspace/8-2-build-linux-amd64/jdk8u111/7883/hotspot/src/share/vm/prims/jvm.cpp, line 1386]
Event: 0,089 Thread 0x00007f696c009800 Exception <a 'java/security/PrivilegedActionException'> (0x00000000d70072a8) thrown at [/HUDSON3/workspace/8-2-build-linux-amd64/jdk8u111/7883/hotspot/src/share/vm/prims/jvm.cpp, line 1386]
Event: 0,149 Thread 0x00007f696c009800 Exception <a 'java/lang/NoSuchFieldError': method resolution failed> (0x00000000d7172158) thrown at [/HUDSON3/workspace/8-2-build-linux-amd64/jdk8u111/7883/hotspot/src/share/vm/prims/methodHandles.cpp, line 1146]
Event: 0,151 Thread 0x00007f696c009800 Exception <a 'java/lang/NoSuchFieldError': method resolution failed> (0x00000000d717f928) thrown at [/HUDSON3/workspace/8-2-build-linux-amd64/jdk8u111/7883/hotspot/src/share/vm/prims/methodHandles.cpp, line 1146]
Event: 0,180 Thread 0x00007f696c009800 Exception <a 'java/io/FileNotFoundException'> (0x00000000d71ff8e8) thrown at [/HUDSON3/workspace/8-2-build-linux-amd64/jdk8u111/7883/hotspot/src/share/vm/prims/jni.cpp, line 709]
Event: 0,180 Thread 0x00007f696c009800 Exception <a 'java/io/FileNotFoundException'> (0x00000000d72002a0) thrown at [/HUDSON3/workspace/8-2-build-linux-amd64/jdk8u111/7883/hotspot/src/share/vm/prims/jni.cpp, line 709]
Event: 0,242 Thread 0x00007f696c009800 Implicit null exception at 0x00007f695d160862 to 0x00007f695d160a35
Event: 0,482 Thread 0x00007f696c009800 Implicit null exception at 0x00007f695d214ff6 to 0x00007f695d2153b9
Event: 1,058 Thread 0x00007f696c28d000 Exception <a 'java/lang/UnsupportedOperationException': > (0x00000000d83f1450) thrown at [/HUDSON3/workspace/8-2-build-linux-amd64/jdk8u111/7883/hotspot/src/share/vm/prims/jni.cpp, line 735]

Events (10 events):
Event: 7,188 Executing VM operation: RevokeBias
Event: 7,188 Executing VM operation: RevokeBias done
Event: 7,188 Thread 0x00007f6908144800 Thread exited: 0x00007f6908144800
Event: 7,190 Thread 0x00007f690813d000 Thread exited: 0x00007f690813d000
Event: 7,223 Executing VM operation: RevokeBias
Event: 7,223 Executing VM operation: RevokeBias done
Event: 7,223 Thread 0x00007f6908143000 Thread exited: 0x00007f6908143000
Event: 7,225 Executing VM operation: RevokeBias
Event: 7,225 Executing VM operation: RevokeBias done
Event: 7,225 Thread 0x00007f6908148800 Thread exited: 0x00007f6908148800


Dynamic libraries:
00400000-00401000 r-xp 00000000 08:15 12855452                           /usr/lib/jvm/java-8-oracle/bin/java
00600000-00601000 rw-p 00000000 08:15 12855452                           /usr/lib/jvm/java-8-oracle/bin/java
0195e000-0197f000 rw-p 00000000 00:00 0                                  [heap]
84e00000-98e00000 rw-p 00000000 00:00 0 
d6f80000-e3b80000 rw-p 00000000 00:00 0 
e3b80000-100000000 ---p 00000000 00:00 0 
100000000-1001e0000 rw-p 00000000 00:00 0 
1001e0000-140000000 ---p 00000000 00:00 0 
7f68d61e2000-7f68d61e5000 ---p 00000000 00:00 0 
7f68d61e5000-7f68d62e3000 rw-p 00000000 00:00 0 
7f68d62e3000-7f68d62e6000 ---p 00000000 00:00 0 
7f68d62e6000-7f68d63e4000 rw-p 00000000 00:00 0 
7f68d63e4000-7f68d63e7000 ---p 00000000 00:00 0 
7f68d63e7000-7f68d64e5000 rw-p 00000000 00:00 0 
7f68d64e5000-7f68d64e8000 ---p 00000000 00:00 0 
7f68d64e8000-7f68d65e6000 rw-p 00000000 00:00 0 
7f68d65e6000-7f68d65e9000 ---p 00000000 00:00 0 
7f68d65e9000-7f68d66e7000 rw-p 00000000 00:00 0 
7f68d66e7000-7f68d66ea000 ---p 00000000 00:00 0 
7f68d66ea000-7f68d67e8000 rw-p 00000000 00:00 0 
7f68d67e8000-7f68d67eb000 ---p 00000000 00:00 0 
7f68d67eb000-7f68d68e9000 rw-p 00000000 00:00 0 
7f68d68e9000-7f68d68ec000 ---p 00000000 00:00 0 
7f68d68ec000-7f68d69ea000 rw-p 00000000 00:00 0 
7f68d69ea000-7f68d69ed000 ---p 00000000 00:00 0 
7f68d69ed000-7f68d6aeb000 rw-p 00000000 00:00 0 
7f68d6aeb000-7f68d6aee000 ---p 00000000 00:00 0 
7f68d6aee000-7f68d6bec000 rw-p 00000000 00:00 0 
7f68d6bec000-7f68d6bef000 ---p 00000000 00:00 0 
7f68d6bef000-7f68d6ced000 rw-p 00000000 00:00 0 
7f68d6ced000-7f68d6cf0000 ---p 00000000 00:00 0 
7f68d6cf0000-7f68d6dee000 rw-p 00000000 00:00 0 
7f68d6dee000-7f68d6df1000 ---p 00000000 00:00 0 
7f68d6df1000-7f68d6eef000 rw-p 00000000 00:00 0 
7f68d6eef000-7f68d6ef2000 ---p 00000000 00:00 0 
7f68d6ef2000-7f68d6ff0000 rw-p 00000000 00:00 0 
7f68d6ff0000-7f68d6ff3000 ---p 00000000 00:00 0 
7f68d6ff3000-7f68d70f1000 rw-p 00000000 00:00 0 
7f68d70f1000-7f68d70f4000 ---p 00000000 00:00 0 
7f68d70f4000-7f68d71f2000 rw-p 00000000 00:00 0 
7f68d71f2000-7f68d71f5000 ---p 00000000 00:00 0 
7f68d71f5000-7f68d72f3000 rw-p 00000000 00:00 0 
7f68d72f3000-7f68d72f6000 ---p 00000000 00:00 0 
7f68d72f6000-7f68d73f4000 rw-p 00000000 00:00 0 
7f68d73f4000-7f68d73f7000 ---p 00000000 00:00 0 
7f68d73f7000-7f68d74f5000 rw-p 00000000 00:00 0 
7f68d74f5000-7f68d74f8000 ---p 00000000 00:00 0 
7f68d74f8000-7f68d75f6000 rw-p 00000000 00:00 0 
7f68d75f6000-7f68d75f9000 ---p 00000000 00:00 0 
7f68d75f9000-7f68d76f7000 rw-p 00000000 00:00 0 
7f68d76f7000-7f68d76fa000 ---p 00000000 00:00 0 
7f68d76fa000-7f68d77f8000 rw-p 00000000 00:00 0 
7f68d77f8000-7f68d77fb000 ---p 00000000 00:00 0 
7f68d77fb000-7f68d78f9000 rw-p 00000000 00:00 0 
7f68d78f9000-7f68d78fc000 ---p 00000000 00:00 0 
7f68d78fc000-7f68d79fa000 rw-p 00000000 00:00 0 
7f68d79fa000-7f68d79fd000 ---p 00000000 00:00 0 
7f68d79fd000-7f68d7afb000 rw-p 00000000 00:00 0 
7f68d7afb000-7f68d7afe000 ---p 00000000 00:00 0 
7f68d7afe000-7f68d7bfc000 rw-p 00000000 00:00 0 
7f68d7bfc000-7f68d7bff000 ---p 00000000 00:00 0 
7f68d7bff000-7f68d7cfd000 rw-p 00000000 00:00 0 
7f68d7cfd000-7f68d7d00000 ---p 00000000 00:00 0 
7f68d7d00000-7f68d7dfe000 rw-p 00000000 00:00 0 
7f68d7dfe000-7f68d7e01000 ---p 00000000 00:00 0 
7f68d7e01000-7f68d7eff000 rw-p 00000000 00:00 0 
7f68d7eff000-7f68d7f02000 ---p 00000000 00:00 0 
7f68d7f02000-7f68d8000000 rw-p 00000000 00:00 0 
7f68d8000000-7f68d8021000 rw-p 00000000 00:00 0 
7f68d8021000-7f68dc000000 ---p 00000000 00:00 0 
7f68dc000000-7f68dc021000 rw-p 00000000 00:00 0 
7f68dc021000-7f68e0000000 ---p 00000000 00:00 0 
7f68e0000000-7f68e0610000 rw-p 00000000 00:00 0 
7f68e0610000-7f68e4000000 ---p 00000000 00:00 0 
7f68e4000000-7f68e4021000 rw-p 00000000 00:00 0 
7f68e4021000-7f68e8000000 ---p 00000000 00:00 0 
7f68e8000000-7f68e8021000 rw-p 00000000 00:00 0 
7f68e8021000-7f68ec000000 ---p 00000000 00:00 0 
7f68ec000000-7f68ec021000 rw-p 00000000 00:00 0 
7f68ec021000-7f68f0000000 ---p 00000000 00:00 0 
7f68f0000000-7f68f0021000 rw-p 00000000 00:00 0 
7f68f0021000-7f68f4000000 ---p 00000000 00:00 0 
7f68f4000000-7f68f4021000 rw-p 00000000 00:00 0 
7f68f4021000-7f68f8000000 ---p 00000000 00:00 0 
7f68f8000000-7f68f8021000 rw-p 00000000 00:00 0 
7f68f8021000-7f68fc000000 ---p 00000000 00:00 0 
7f68fc000000-7f68fc614000 rw-p 00000000 00:00 0 
7f68fc614000-7f6900000000 ---p 00000000 00:00 0 
7f6900000000-7f6900021000 rw-p 00000000 00:00 0 
7f6900021000-7f6904000000 ---p 00000000 00:00 0 
7f6904000000-7f6904021000 rw-p 00000000 00:00 0 
7f6904021000-7f6908000000 ---p 00000000 00:00 0 
7f6908000000-7f690847c000 rw-p 00000000 00:00 0 
7f690847c000-7f690c000000 ---p 00000000 00:00 0 
7f690c000000-7f690c021000 rw-p 00000000 00:00 0 
7f690c021000-7f6910000000 ---p 00000000 00:00 0 
7f69100e1000-7f69100e4000 ---p 00000000 00:00 0 
7f69100e4000-7f69101e2000 rw-p 00000000 00:00 0 
7f69101e2000-7f69101e5000 ---p 00000000 00:00 0 
7f69101e5000-7f69102e3000 rw-p 00000000 00:00 0 
7f69102e3000-7f69102e6000 ---p 00000000 00:00 0 
7f69102e6000-7f69103e4000 rw-p 00000000 00:00 0 
7f69103e4000-7f69103e7000 ---p 00000000 00:00 0 
7f69103e7000-7f69104e5000 rw-p 00000000 00:00 0 
7f69104e5000-7f69104e8000 ---p 00000000 00:00 0 
7f69104e8000-7f69105e6000 rw-p 00000000 00:00 0 
7f69105e6000-7f69105e9000 ---p 00000000 00:00 0 
7f69105e9000-7f69106e7000 rw-p 00000000 00:00 0 
7f69106e7000-7f69106ea000 ---p 00000000 00:00 0 
7f69106ea000-7f69107e8000 rw-p 00000000 00:00 0 
7f69107e8000-7f69107eb000 ---p 00000000 00:00 0 
7f69107eb000-7f69108e9000 rw-p 00000000 00:00 0 
7f69108e9000-7f69108ec000 ---p 00000000 00:00 0 
7f69108ec000-7f69109ea000 rw-p 00000000 00:00 0 
7f69109ea000-7f69109ed000 ---p 00000000 00:00 0 
7f69109ed000-7f6910aeb000 rw-p 00000000 00:00 0 
7f6910aeb000-7f6910aee000 ---p 00000000 00:00 0 
7f6910aee000-7f6910bec000 rw-p 00000000 00:00 0 
7f6910bec000-7f6910bef000 ---p 00000000 00:00 0 
7f6910bef000-7f6910ced000 rw-p 00000000 00:00 0 
7f6910ced000-7f6910cf0000 ---p 00000000 00:00 0 
7f6910cf0000-7f6910dee000 rw-p 00000000 00:00 0 
7f6910dee000-7f6910df1000 ---p 00000000 00:00 0 
7f6910df1000-7f6910eef000 rw-p 00000000 00:00 0 
7f6910eef000-7f6910ef2000 ---p 00000000 00:00 0 
7f6910ef2000-7f6910ff0000 rw-p 00000000 00:00 0 
7f6910ff0000-7f6910ff3000 ---p 00000000 00:00 0 
7f6910ff3000-7f69110f1000 rw-p 00000000 00:00 0 
7f69110f1000-7f69110f4000 ---p 00000000 00:00 0 
7f69110f4000-7f69111f2000 rw-p 00000000 00:00 0 
7f69111f2000-7f69111f5000 ---p 00000000 00:00 0 
7f69111f5000-7f69112f3000 rw-p 00000000 00:00 0 
7f69112f3000-7f69112f6000 ---p 00000000 00:00 0 
7f69112f6000-7f69113f4000 rw-p 00000000 00:00 0 
7f69113f4000-7f69113f7000 ---p 00000000 00:00 0 
7f69113f7000-7f69114f5000 rw-p 00000000 00:00 0 
7f69114f5000-7f69114f8000 ---p 00000000 00:00 0 
7f69114f8000-7f69115f6000 rw-p 00000000 00:00 0 
7f69115f6000-7f6911ddf000 rw-s 00000000 00:05 31784975                   /SYSV00000000 (deleted)
7f6911ddf000-7f6911de2000 ---p 00000000 00:00 0 
7f6911de2000-7f6911ee0000 rw-p 00000000 00:00 0 
7f6911ee0000-7f6911f1b000 r-xp 00000000 08:15 12980351                   /usr/lib/jvm/java-8-oracle/jre/lib/amd64/libjpeg.so
7f6911f1b000-7f691211a000 ---p 0003b000 08:15 12980351                   /usr/lib/jvm/java-8-oracle/jre/lib/amd64/libjpeg.so
7f691211a000-7f691211b000 rw-p 0003a000 08:15 12980351                   /usr/lib/jvm/java-8-oracle/jre/lib/amd64/libjpeg.so
7f691211b000-7f691211e000 ---p 00000000 00:00 0 
7f691211e000-7f691221c000 rw-p 00000000 00:00 0 
7f6912227000-7f691222a000 ---p 00000000 00:00 0 
7f691222a000-7f6912328000 rw-p 00000000 00:00 0 
7f6912328000-7f691232c000 r--s 00000000 08:15 5506269                    /var/cache/fontconfig/6aa41aa22e18b8fa06a12da28ea9c28b-le64.cache-6
7f691232c000-7f6912337000 r--s 00000000 08:15 5505130                    /var/cache/fontconfig/945677eb7aeaf62f1d50efc3fb3ec7d8-le64.cache-6
7f6912337000-7f6912339000 r--s 00000000 08:15 5518660                    /var/cache/fontconfig/99e8ed0e538f840c565b6ed5dad60d56-le64.cache-6
7f6912339000-7f6912342000 r--s 00000000 08:15 5518659                    /var/cache/fontconfig/a6d8cf8e4ec09cdbc8633c31745a07dd-le64.cache-6
7f6912342000-7f6912348000 r--s 00000000 08:15 5514525                    /var/cache/fontconfig/2cd17615ca594fa2959ae173292e504c-le64.cache-6
7f6912348000-7f691234c000 r--s 00000000 08:15 5515861                    /var/cache/fontconfig/de156ccd2eddbdc19d37a45b8b2aac9c-le64.cache-6
7f691234c000-7f6912361000 r--s 00000000 08:15 5514140                    /var/cache/fontconfig/04aabc0a78ac019cf9454389977116d2-le64.cache-6
7f6912361000-7f6912365000 r--s 00000000 08:15 5514013                    /var/cache/fontconfig/385c0604a188198f04d133e54aba7fe7-le64.cache-6
7f6912365000-7f6912368000 r--s 00000000 08:15 5513664                    /var/cache/fontconfig/767a8244fc0220cfb567a839d0392e0b-le64.cache-6
7f6912368000-7f691236d000 r--s 00000000 08:15 5513662                    /var/cache/fontconfig/8801497958630a81b71ace7c5f9b32a8-le64.cache-6
7f691236d000-7f69123a8000 r--s 00000000 08:15 5505135                    /var/cache/fontconfig/365b55f210c0a22e9a19e35191240f32-le64.cache-6
7f69123a8000-7f69123ac000 r--s 00000000 08:15 5515860                    /var/cache/fontconfig/c57959a16110560c8d0fcea73374aeeb-le64.cache-6
7f69123ac000-7f69123b3000 r--s 00000000 08:15 5513222                    /var/cache/fontconfig/3047814df9a2f067bd2d96a2b9c36e5a-le64.cache-6
7f69123b3000-7f69123bb000 r--s 00000000 08:15 5506147                    /var/cache/fontconfig/bf3b770c553c462765856025a94f1ce6-le64.cache-6
7f69123bb000-7f69123c1000 r--s 00000000 08:15 5512789                    /var/cache/fontconfig/b47c4e1ecd0709278f4910c18777a504-le64.cache-6
7f69123c1000-7f69123d4000 r--s 00000000 08:15 5512788                    /var/cache/fontconfig/d52a8644073d54c13679302ca1180695-le64.cache-6
7f69123d4000-7f69123df000 r--s 00000000 08:15 5506474                    /var/cache/fontconfig/d589a48862398ed80a3d6066f4f56f4c-le64.cache-6
7f69123df000-7f69123ff000 r--s 00000000 08:15 5506266                    /var/cache/fontconfig/e13b20fdb08344e0e664864cc2ede53d-le64.cache-6
7f6912452000-7f6912455000 ---p 00000000 00:00 0 
7f6912455000-7f6912553000 rw-p 00000000 00:00 0 
7f6912553000-7f6912556000 ---p 00000000 00:00 0 
7f6912556000-7f6912654000 rw-p 00000000 00:00 0 
7f6912a51000-7f6912a54000 ---p 00000000 00:00 0 
7f6912a54000-7f6912b52000 rw-p 00000000 00:00 0 
7f6912b52000-7f6912b55000 ---p 00000000 00:00 0 
7f6912b55000-7f6912c53000 rw-p 00000000 00:00 0 
7f6912c53000-7f6912c56000 ---p 00000000 00:00 0 
7f6912c56000-7f6912e54000 rw-p 00000000 00:00 0 
7f6912e54000-7f6912f54000 ---p 00000000 00:00 0 
7f6912f54000-7f6913154000 rw-p 00000000 00:00 0 
7f6913154000-7f6913157000 ---p 00000000 00:00 0 
7f6913157000-7f6913255000 rw-p 00000000 00:00 0 
7f6913255000-7f6913258000 ---p 00000000 00:00 0 
7f6913258000-7f6913356000 rw-p 00000000 00:00 0 
7f6913356000-7f69133bf000 r-xp 00000000 08:15 12980623                   /usr/lib/jvm/java-8-oracle/jre/lib/amd64/libt2k.so
7f69133bf000-7f69135bf000 ---p 00069000 08:15 12980623                   /usr/lib/jvm/java-8-oracle/jre/lib/amd64/libt2k.so
7f69135bf000-7f69135c6000 rw-p 00069000 08:15 12980623                   /usr/lib/jvm/java-8-oracle/jre/lib/amd64/libt2k.so
7f69135c6000-7f69135d6000 rw-p 00000000 00:00 0 
7f69135d6000-7f69135e7000 r-xp 00000000 08:15 12980591                   /usr/lib/jvm/java-8-oracle/jre/lib/amd64/libnio.so
7f69135e7000-7f69137e6000 ---p 00011000 08:15 12980591                   /usr/lib/jvm/java-8-oracle/jre/lib/amd64/libnio.so
7f69137e6000-7f69137e7000 rw-p 00010000 08:15 12980591                   /usr/lib/jvm/java-8-oracle/jre/lib/amd64/libnio.so
7f69137e7000-7f6913ae8000 rw-p 00000000 00:00 0 
7f6913ae8000-7f6913afe000 r-xp 00000000 08:15 12980356                   /usr/lib/jvm/java-8-oracle/jre/lib/amd64/libnet.so
7f6913afe000-7f6913cfe000 ---p 00016000 08:15 12980356                   /usr/lib/jvm/java-8-oracle/jre/lib/amd64/libnet.so
7f6913cfe000-7f6913cff000 rw-p 00016000 08:15 12980356                   /usr/lib/jvm/java-8-oracle/jre/lib/amd64/libnet.so
7f6913cff000-7f6913eff000 rw-p 00000000 00:00 0 
7f6913eff000-7f6913f02000 ---p 00000000 00:00 0 
7f6913f02000-7f6914000000 rw-p 00000000 00:00 0 
7f6914000000-7f6914028000 rw-p 00000000 00:00 0 
7f6914028000-7f6918000000 ---p 00000000 00:00 0 
7f6918000000-7f691802f000 rw-p 00000000 00:00 0 
7f691802f000-7f691c000000 ---p 00000000 00:00 0 
7f691c000000-7f691c021000 rw-p 00000000 00:00 0 
7f691c021000-7f6920000000 ---p 00000000 00:00 0 
7f6920000000-7f6920021000 rw-p 00000000 00:00 0 
7f6920021000-7f6924000000 ---p 00000000 00:00 0 
7f6924000000-7f6924021000 rw-p 00000000 00:00 0 
7f6924021000-7f6928000000 ---p 00000000 00:00 0 
7f6928000000-7f69286eb000 rw-p 00000000 00:00 0 
7f69286eb000-7f692c000000 ---p 00000000 00:00 0 
7f692c000000-7f692c553000 rw-p 00000000 00:00 0 
7f692c553000-7f6930000000 ---p 00000000 00:00 0 
7f6930000000-7f6930021000 rw-p 00000000 00:00 0 
7f6930021000-7f6934000000 ---p 00000000 00:00 0 
7f6934000000-7f6934b04000 rw-p 00000000 00:00 0 
7f6934b04000-7f6938000000 ---p 00000000 00:00 0 
7f6938000000-7f6938021000 rw-p 00000000 00:00 0 
7f6938021000-7f693c000000 ---p 00000000 00:00 0 
7f693c000000-7f693c021000 rw-p 00000000 00:00 0 
7f693c021000-7f6940000000 ---p 00000000 00:00 0 
7f6940000000-7f694012a000 rw-p 00000000 00:00 0 
7f694012a000-7f6944000000 ---p 00000000 00:00 0 
7f6944001000-7f6944002000 r--s 00000000 08:15 5514141                    /var/cache/fontconfig/0d8c3b2ac0904cb8a57a757ad11a4a08-le64.cache-6
7f6944002000-7f694400a000 r--s 00000000 08:15 5518658                    /var/cache/fontconfig/52f7bdb7ce746bfd7eaa1985bd9cfa93-le64.cache-6
7f694400a000-7f694402b000 r--s 00000000 08:15 5505593                    /var/cache/fontconfig/467c019e582ee353435ea5c21d137ef6-le64.cache-6
7f694402b000-7f694402e000 ---p 00000000 00:00 0 
7f694402e000-7f694412c000 rw-p 00000000 00:00 0 
7f694412c000-7f694412f000 ---p 00000000 00:00 0 
7f694412f000-7f694422d000 rw-p 00000000 00:00 0 
7f694422d000-7f6944230000 ---p 00000000 00:00 0 
7f6944230000-7f694432e000 rw-p 00000000 00:00 0 
7f694432e000-7f6944333000 r-xp 00000000 08:15 12329486                   /usr/lib/x86_64-linux-gnu/libXfixes.so.3.1.0
7f6944333000-7f6944532000 ---p 00005000 08:15 12329486                   /usr/lib/x86_64-linux-gnu/libXfixes.so.3.1.0
7f6944532000-7f6944533000 r--p 00004000 08:15 12329486                   /usr/lib/x86_64-linux-gnu/libXfixes.so.3.1.0
7f6944533000-7f6944534000 rw-p 00005000 08:15 12329486                   /usr/lib/x86_64-linux-gnu/libXfixes.so.3.1.0
7f6944534000-7f694453d000 r-xp 00000000 08:15 12329478                   /usr/lib/x86_64-linux-gnu/libXcursor.so.1.0.2
7f694453d000-7f694473c000 ---p 00009000 08:15 12329478                   /usr/lib/x86_64-linux-gnu/libXcursor.so.1.0.2
7f694473c000-7f694473d000 r--p 00008000 08:15 12329478                   /usr/lib/x86_64-linux-gnu/libXcursor.so.1.0.2
7f694473d000-7f694473e000 rw-p 00009000 08:15 12329478                   /usr/lib/x86_64-linux-gnu/libXcursor.so.1.0.2
7f694473e000-7f6944741000 ---p 00000000 00:00 0 
7f6944741000-7f694483f000 rw-p 00000000 00:00 0 
7f694483f000-7f6944855000 r-xp 00000000 08:15 7082441                    /lib/x86_64-linux-gnu/libgcc_s.so.1
7f6944855000-7f6944a54000 ---p 00016000 08:15 7082441                    /lib/x86_64-linux-gnu/libgcc_s.so.1
7f6944a54000-7f6944a55000 rw-p 00015000 08:15 7082441                    /lib/x86_64-linux-gnu/libgcc_s.so.1
7f6944a55000-7f6944aba000 r-xp 00000000 08:15 12980585                   /usr/lib/jvm/java-8-oracle/jre/lib/amd64/libfontmanager.so
7f6944aba000-7f6944cb9000 ---p 00065000 08:15 12980585                   /usr/lib/jvm/java-8-oracle/jre/lib/amd64/libfontmanager.so
7f6944cb9000-7f6944cbe000 rw-p 00064000 08:15 12980585                   /usr/lib/jvm/java-8-oracle/jre/lib/amd64/libfontmanager.so
7f6944cbe000-7f6944cce000 rw-p 00000000 00:00 0 
7f6944cce000-7f6944cd3000 r-xp 00000000 08:15 12329482                   /usr/lib/x86_64-linux-gnu/libXdmcp.so.6.0.0
7f6944cd3000-7f6944ed2000 ---p 00005000 08:15 12329482                   /usr/lib/x86_64-linux-gnu/libXdmcp.so.6.0.0
7f6944ed2000-7f6944ed3000 r--p 00004000 08:15 12329482                   /usr/lib/x86_64-linux-gnu/libXdmcp.so.6.0.0
7f6944ed3000-7f6944ed4000 rw-p 00005000 08:15 12329482                   /usr/lib/x86_64-linux-gnu/libXdmcp.so.6.0.0
7f6944ed4000-7f6944ed6000 r-xp 00000000 08:15 12329471                   /usr/lib/x86_64-linux-gnu/libXau.so.6.0.0
7f6944ed6000-7f69450d6000 ---p 00002000 08:15 12329471                   /usr/lib/x86_64-linux-gnu/libXau.so.6.0.0
7f69450d6000-7f69450d7000 r--p 00002000 08:15 12329471                   /usr/lib/x86_64-linux-gnu/libXau.so.6.0.0
7f69450d7000-7f69450d8000 rw-p 00003000 08:15 12329471                   /usr/lib/x86_64-linux-gnu/libXau.so.6.0.0
7f69450d8000-7f69450f9000 r-xp 00000000 08:15 12330820                   /usr/lib/x86_64-linux-gnu/libxcb.so.1.1.0
7f69450f9000-7f69452f8000 ---p 00021000 08:15 12330820                   /usr/lib/x86_64-linux-gnu/libxcb.so.1.1.0
7f69452f8000-7f69452f9000 r--p 00020000 08:15 12330820                   /usr/lib/x86_64-linux-gnu/libxcb.so.1.1.0
7f69452f9000-7f69452fa000 rw-p 00021000 08:15 12330820                   /usr/lib/x86_64-linux-gnu/libxcb.so.1.1.0
7f69452fa000-7f6945309000 r-xp 00000000 08:15 12329492                   /usr/lib/x86_64-linux-gnu/libXi.so.6.1.0
7f6945309000-7f6945508000 ---p 0000f000 08:15 12329492                   /usr/lib/x86_64-linux-gnu/libXi.so.6.1.0
7f6945508000-7f6945509000 r--p 0000e000 08:15 12329492                   /usr/lib/x86_64-linux-gnu/libXi.so.6.1.0
7f6945509000-7f694550a000 rw-p 0000f000 08:15 12329492                   /usr/lib/x86_64-linux-gnu/libXi.so.6.1.0
7f694550a000-7f694550f000 r-xp 00000000 08:15 12329510                   /usr/lib/x86_64-linux-gnu/libXtst.so.6.1.0
7f694550f000-7f694570e000 ---p 00005000 08:15 12329510                   /usr/lib/x86_64-linux-gnu/libXtst.so.6.1.0
7f694570e000-7f694570f000 r--p 00004000 08:15 12329510                   /usr/lib/x86_64-linux-gnu/libXtst.so.6.1.0
7f694570f000-7f6945710000 rw-p 00005000 08:15 12329510                   /usr/lib/x86_64-linux-gnu/libXtst.so.6.1.0
7f6945710000-7f6945719000 r-xp 00000000 08:15 12329504                   /usr/lib/x86_64-linux-gnu/libXrender.so.1.3.0
7f6945719000-7f6945918000 ---p 00009000 08:15 12329504                   /usr/lib/x86_64-linux-gnu/libXrender.so.1.3.0
7f6945918000-7f6945919000 r--p 00008000 08:15 12329504                   /usr/lib/x86_64-linux-gnu/libXrender.so.1.3.0
7f6945919000-7f694591a000 rw-p 00009000 08:15 12329504                   /usr/lib/x86_64-linux-gnu/libXrender.so.1.3.0
7f694591a000-7f6945a4f000 r-xp 00000000 08:15 12329467                   /usr/lib/x86_64-linux-gnu/libX11.so.6.3.0
7f6945a4f000-7f6945c4f000 ---p 00135000 08:15 12329467                   /usr/lib/x86_64-linux-gnu/libX11.so.6.3.0
7f6945c4f000-7f6945c50000 r--p 00135000 08:15 12329467                   /usr/lib/x86_64-linux-gnu/libX11.so.6.3.0
7f6945c50000-7f6945c54000 rw-p 00136000 08:15 12329467                   /usr/lib/x86_64-linux-gnu/libX11.so.6.3.0
7f6945c54000-7f6945c65000 r-xp 00000000 08:15 12329484                   /usr/lib/x86_64-linux-gnu/libXext.so.6.4.0
7f6945c65000-7f6945e64000 ---p 00011000 08:15 12329484                   /usr/lib/x86_64-linux-gnu/libXext.so.6.4.0
7f6945e64000-7f6945e65000 r--p 00010000 08:15 12329484                   /usr/lib/x86_64-linux-gnu/libXext.so.6.4.0
7f6945e65000-7f6945e66000 rw-p 00011000 08:15 12329484                   /usr/lib/x86_64-linux-gnu/libXext.so.6.4.0
7f6945e66000-7f6945eba000 r-xp 00000000 08:15 12980593                   /usr/lib/jvm/java-8-oracle/jre/lib/amd64/libawt_xawt.so
7f6945eba000-7f69460ba000 ---p 00054000 08:15 12980593                   /usr/lib/jvm/java-8-oracle/jre/lib/amd64/libawt_xawt.so
7f69460ba000-7f69460be000 rw-p 00054000 08:15 12980593                   /usr/lib/jvm/java-8-oracle/jre/lib/amd64/libawt_xawt.so
7f69460be000-7f69460bf000 rw-p 00000000 00:00 0 
7f69460bf000-7f6946161000 r-xp 00000000 08:15 12980626                   /usr/lib/jvm/java-8-oracle/jre/lib/amd64/libawt.so
7f6946161000-7f6946361000 ---p 000a2000 08:15 12980626                   /usr/lib/jvm/java-8-oracle/jre/lib/amd64/libawt.so
7f6946361000-7f694636d000 rw-p 000a2000 08:15 12980626                   /usr/lib/jvm/java-8-oracle/jre/lib/amd64/libawt.so
7f694636d000-7f6946391000 rw-p 00000000 00:00 0 
7f6946391000-7f6946392000 ---p 00000000 00:00 0 
7f6946392000-7f6946492000 rw-p 00000000 00:00 0 
7f6946492000-7f6946495000 ---p 00000000 00:00 0 
7f6946495000-7f6946593000 rw-p 00000000 00:00 0 
7f6946593000-7f6946596000 ---p 00000000 00:00 0 
7f6946596000-7f6946694000 rw-p 00000000 00:00 0 
7f6946694000-7f6946697000 ---p 00000000 00:00 0 
7f6946697000-7f6946795000 rw-p 00000000 00:00 0 
7f6946795000-7f6946798000 ---p 00000000 00:00 0 
7f6946798000-7f6946896000 rw-p 00000000 00:00 0 
7f6946896000-7f6946899000 ---p 00000000 00:00 0 
7f6946899000-7f6946997000 rw-p 00000000 00:00 0 
7f6946997000-7f6946dee000 r--p 00000000 08:15 12321046                   /usr/lib/locale/locale-archive
7f6946dee000-7f6946df1000 ---p 00000000 00:00 0 
7f6946df1000-7f6946eef000 rw-p 00000000 00:00 0 
7f6946eef000-7f6946ef2000 ---p 00000000 00:00 0 
7f6946ef2000-7f6946ff0000 rw-p 00000000 00:00 0 
7f6946ff0000-7f6946ff1000 ---p 00000000 00:00 0 
7f6946ff1000-7f6948000000 rw-p 00000000 00:00 0 
7f6948000000-7f6948021000 rw-p 00000000 00:00 0 
7f6948021000-7f694c000000 ---p 00000000 00:00 0 
7f694c000000-7f694c021000 rw-p 00000000 00:00 0 
7f694c021000-7f6950000000 ---p 00000000 00:00 0 
7f6950000000-7f6950021000 rw-p 00000000 00:00 0 
7f6950021000-7f6954000000 ---p 00000000 00:00 0 
7f6954000000-7f695400b000 r--s 00000000 08:15 5512171                    /var/cache/fontconfig/83bf95040141907cd45bb53cf7c1c148-le64.cache-6
7f695400b000-7f695401d000 r--s 00000000 08:15 5512170                    /var/cache/fontconfig/9b89f8e3dae116d678bbf48e5f21f69b-le64.cache-6
7f6954035000-7f6954098000 rw-p 00000000 00:00 0 
7f6954098000-7f6954270000 r--s 03d2a000 08:15 12855517                   /usr/lib/jvm/java-8-oracle/jre/lib/rt.jar
7f6954270000-7f6958000000 rw-p 00000000 00:00 0 
7f6958000000-7f6958021000 rw-p 00000000 00:00 0 
7f6958021000-7f695c000000 ---p 00000000 00:00 0 
7f695c000000-7f695c001000 r--s 00000000 08:15 5514139                    /var/cache/fontconfig/1ac9eb803944fde146138c791f5cc56a-le64.cache-6
7f695c001000-7f695c002000 r--s 00000000 08:15 5514010                    /var/cache/fontconfig/dc05db6664285cc2f12bf69c139ae4c3-le64.cache-6
7f695c002000-7f695cbfc000 rw-p 00000000 00:00 0 
7f695cbfc000-7f695cbfd000 ---p 00000000 00:00 0 
7f695cbfd000-7f695ccfd000 rw-p 00000000 00:00 0 
7f695ccfd000-7f695ccfe000 ---p 00000000 00:00 0 
7f695ccfe000-7f695cdfe000 rw-p 00000000 00:00 0 
7f695cdfe000-7f695cdff000 ---p 00000000 00:00 0 
7f695cdff000-7f695ceff000 rw-p 00000000 00:00 0 
7f695ceff000-7f695cf00000 ---p 00000000 00:00 0 
7f695cf00000-7f695d000000 rw-p 00000000 00:00 0 
7f695d000000-7f695d560000 rwxp 00000000 00:00 0 
7f695d560000-7f696c000000 ---p 00000000 00:00 0 
7f696c000000-7f696c589000 rw-p 00000000 00:00 0 
7f696c589000-7f6970000000 ---p 00000000 00:00 0 
7f6970000000-7f6970001000 r--s 00000000 08:15 5513663                    /var/cache/fontconfig/4794a0821666d79190d59a36cb4f44b5-le64.cache-6
7f6970001000-7f6970002000 r--s 00000000 08:15 5513661                    /var/cache/fontconfig/bab58bb527bb656aaa9f116d68a48d89-le64.cache-6
7f6970002000-7f6970003000 r--s 00000000 08:15 5512791                    /var/cache/fontconfig/56cf4f4769d0f4abc89a4895d7bd3ae1-le64.cache-6
7f6970003000-7f6970010000 r--s 00000000 08:15 5505419                    /var/cache/fontconfig/8f02d4cb045bd6ce15663e43f347c9f8-le64.cache-6
7f6970010000-7f6970175000 rw-p 00000000 00:00 0 
7f6970175000-7f6970366000 ---p 00000000 00:00 0 
7f6970366000-7f6970406000 rw-p 00000000 00:00 0 
7f6970406000-7f69705f6000 ---p 00000000 00:00 0 
7f69705f6000-7f697065d000 rw-p 00000000 00:00 0 
7f697065d000-7f697073f000 ---p 00000000 00:00 0 
7f697073f000-7f6970756000 rw-p 00000000 00:00 0 
7f6970756000-7f6970b00000 ---p 00000000 00:00 0 
7f6970b00000-7f6970b1a000 r-xp 00000000 08:15 12980589                   /usr/lib/jvm/java-8-oracle/jre/lib/amd64/libzip.so
7f6970b1a000-7f6970d1a000 ---p 0001a000 08:15 12980589                   /usr/lib/jvm/java-8-oracle/jre/lib/amd64/libzip.so
7f6970d1a000-7f6970d1b000 rw-p 0001a000 08:15 12980589                   /usr/lib/jvm/java-8-oracle/jre/lib/amd64/libzip.so
7f6970d1b000-7f6970d26000 r-xp 00000000 08:15 7082080                    /lib/x86_64-linux-gnu/libnss_files-2.23.so
7f6970d26000-7f6970f25000 ---p 0000b000 08:15 7082080                    /lib/x86_64-linux-gnu/libnss_files-2.23.so
7f6970f25000-7f6970f26000 r--p 0000a000 08:15 7082080                    /lib/x86_64-linux-gnu/libnss_files-2.23.so
7f6970f26000-7f6970f27000 rw-p 0000b000 08:15 7082080                    /lib/x86_64-linux-gnu/libnss_files-2.23.so
7f6970f27000-7f6970f2d000 rw-p 00000000 00:00 0 
7f6970f2d000-7f6970f38000 r-xp 00000000 08:15 7082074                    /lib/x86_64-linux-gnu/libnss_nis-2.23.so
7f6970f38000-7f6971137000 ---p 0000b000 08:15 7082074                    /lib/x86_64-linux-gnu/libnss_nis-2.23.so
7f6971137000-7f6971138000 r--p 0000a000 08:15 7082074                    /lib/x86_64-linux-gnu/libnss_nis-2.23.so
7f6971138000-7f6971139000 rw-p 0000b000 08:15 7082074                    /lib/x86_64-linux-gnu/libnss_nis-2.23.so
7f6971139000-7f697114f000 r-xp 00000000 08:15 7082070                    /lib/x86_64-linux-gnu/libnsl-2.23.so
7f697114f000-7f697134e000 ---p 00016000 08:15 7082070                    /lib/x86_64-linux-gnu/libnsl-2.23.so
7f697134e000-7f697134f000 r--p 00015000 08:15 7082070                    /lib/x86_64-linux-gnu/libnsl-2.23.so
7f697134f000-7f6971350000 rw-p 00016000 08:15 7082070                    /lib/x86_64-linux-gnu/libnsl-2.23.so
7f6971350000-7f6971352000 rw-p 00000000 00:00 0 
7f6971352000-7f697135a000 r-xp 00000000 08:15 7082066                    /lib/x86_64-linux-gnu/libnss_compat-2.23.so
7f697135a000-7f6971559000 ---p 00008000 08:15 7082066                    /lib/x86_64-linux-gnu/libnss_compat-2.23.so
7f6971559000-7f697155a000 r--p 00007000 08:15 7082066                    /lib/x86_64-linux-gnu/libnss_compat-2.23.so
7f697155a000-7f697155b000 rw-p 00008000 08:15 7082066                    /lib/x86_64-linux-gnu/libnss_compat-2.23.so
7f697155b000-7f6971586000 r-xp 00000000 08:15 12980616                   /usr/lib/jvm/java-8-oracle/jre/lib/amd64/libjava.so
7f6971586000-7f6971785000 ---p 0002b000 08:15 12980616                   /usr/lib/jvm/java-8-oracle/jre/lib/amd64/libjava.so
7f6971785000-7f6971787000 rw-p 0002a000 08:15 12980616                   /usr/lib/jvm/java-8-oracle/jre/lib/amd64/libjava.so
7f6971787000-7f6971794000 r-xp 00000000 08:15 12980358                   /usr/lib/jvm/java-8-oracle/jre/lib/amd64/libverify.so
7f6971794000-7f6971993000 ---p 0000d000 08:15 12980358                   /usr/lib/jvm/java-8-oracle/jre/lib/amd64/libverify.so
7f6971993000-7f6971995000 rw-p 0000c000 08:15 12980358                   /usr/lib/jvm/java-8-oracle/jre/lib/amd64/libverify.so
7f6971995000-7f697199c000 r-xp 00000000 08:15 7082098                    /lib/x86_64-linux-gnu/librt-2.23.so
7f697199c000-7f6971b9b000 ---p 00007000 08:15 7082098                    /lib/x86_64-linux-gnu/librt-2.23.so
7f6971b9b000-7f6971b9c000 r--p 00006000 08:15 7082098                    /lib/x86_64-linux-gnu/librt-2.23.so
7f6971b9c000-7f6971b9d000 rw-p 00007000 08:15 7082098                    /lib/x86_64-linux-gnu/librt-2.23.so
7f6971b9d000-7f6971ca5000 r-xp 00000000 08:15 7082092                    /lib/x86_64-linux-gnu/libm-2.23.so
7f6971ca5000-7f6971ea4000 ---p 00108000 08:15 7082092                    /lib/x86_64-linux-gnu/libm-2.23.so
7f6971ea4000-7f6971ea5000 r--p 00107000 08:15 7082092                    /lib/x86_64-linux-gnu/libm-2.23.so
7f6971ea5000-7f6971ea6000 rw-p 00108000 08:15 7082092                    /lib/x86_64-linux-gnu/libm-2.23.so
7f6971ea6000-7f6972b73000 r-xp 00000000 08:15 12980620                   /usr/lib/jvm/java-8-oracle/jre/lib/amd64/server/libjvm.so
7f6972b73000-7f6972d72000 ---p 00ccd000 08:15 12980620                   /usr/lib/jvm/java-8-oracle/jre/lib/amd64/server/libjvm.so
7f6972d72000-7f6972e4b000 rw-p 00ccc000 08:15 12980620                   /usr/lib/jvm/java-8-oracle/jre/lib/amd64/server/libjvm.so
7f6972e4b000-7f6972e96000 rw-p 00000000 00:00 0 
7f6972e96000-7f6973055000 r-xp 00000000 08:15 7082106                    /lib/x86_64-linux-gnu/libc-2.23.so
7f6973055000-7f6973255000 ---p 001bf000 08:15 7082106                    /lib/x86_64-linux-gnu/libc-2.23.so
7f6973255000-7f6973259000 r--p 001bf000 08:15 7082106                    /lib/x86_64-linux-gnu/libc-2.23.so
7f6973259000-7f697325b000 rw-p 001c3000 08:15 7082106                    /lib/x86_64-linux-gnu/libc-2.23.so
7f697325b000-7f697325f000 rw-p 00000000 00:00 0 
7f697325f000-7f6973262000 r-xp 00000000 08:15 7082107                    /lib/x86_64-linux-gnu/libdl-2.23.so
7f6973262000-7f6973461000 ---p 00003000 08:15 7082107                    /lib/x86_64-linux-gnu/libdl-2.23.so
7f6973461000-7f6973462000 r--p 00002000 08:15 7082107                    /lib/x86_64-linux-gnu/libdl-2.23.so
7f6973462000-7f6973463000 rw-p 00003000 08:15 7082107                    /lib/x86_64-linux-gnu/libdl-2.23.so
7f6973463000-7f6973478000 r-xp 00000000 08:15 12585246                   /usr/lib/jvm/java-8-oracle/lib/amd64/jli/libjli.so
7f6973478000-7f6973678000 ---p 00015000 08:15 12585246                   /usr/lib/jvm/java-8-oracle/lib/amd64/jli/libjli.so
7f6973678000-7f6973679000 rw-p 00015000 08:15 12585246                   /usr/lib/jvm/java-8-oracle/lib/amd64/jli/libjli.so
7f6973679000-7f6973691000 r-xp 00000000 08:15 7082105                    /lib/x86_64-linux-gnu/libpthread-2.23.so
7f6973691000-7f6973890000 ---p 00018000 08:15 7082105                    /lib/x86_64-linux-gnu/libpthread-2.23.so
7f6973890000-7f6973891000 r--p 00017000 08:15 7082105                    /lib/x86_64-linux-gnu/libpthread-2.23.so
7f6973891000-7f6973892000 rw-p 00018000 08:15 7082105                    /lib/x86_64-linux-gnu/libpthread-2.23.so
7f6973892000-7f6973896000 rw-p 00000000 00:00 0 
7f6973896000-7f69738bc000 r-xp 00000000 08:15 7082100                    /lib/x86_64-linux-gnu/ld-2.23.so
7f69738bc000-7f69738bd000 r--s 00000000 08:15 5512790                    /var/cache/fontconfig/b9d506c9ac06c20b433354fa67a72993-le64.cache-6
7f69738bd000-7f69738be000 r--s 00000000 08:15 5512777                    /var/cache/fontconfig/551ecf3b0e8b0bca0f25c0944f561853-le64.cache-6
7f69738be000-7f69738bf000 r--s 00000000 08:15 5512770                    /var/cache/fontconfig/30829fa25452a46451e813d634d7f916-le64.cache-6
7f69738bf000-7f697398a000 rw-p 00000000 00:00 0 
7f697398a000-7f697398d000 ---p 00000000 00:00 0 
7f697398d000-7f6973a8f000 rw-p 00000000 00:00 0 
7f6973a8f000-7f6973a90000 r--s 00000000 08:15 5512769                    /var/cache/fontconfig/0c9eb80ebd1c36541ebe2852d3bb0c49-le64.cache-6
7f6973a90000-7f6973a93000 r--s 00000000 08:15 5512181                    /var/cache/fontconfig/75114ca45c98e8a441da0ff356701271-le64.cache-6
7f6973a93000-7f6973a95000 r--s 00000000 08:15 5505108                    /var/cache/fontconfig/62f91419b9ebdb6975e7e41ab6412357-le64.cache-6
7f6973a95000-7f6973a99000 r--s 00000000 08:15 5506151                    /var/cache/fontconfig/7ef2298fde41cc6eeb7af42e48b7d293-le64.cache-6
7f6973a99000-7f6973a9b000 r--s 00000000 08:15 5505420                    /var/cache/fontconfig/16326683038b281783a0ef8c680e3a10-le64.cache-6
7f6973a9b000-7f6973a9c000 r--s 00000000 08:15 5505596                    /var/cache/fontconfig/e0aa53bcfa504e64f87823c16bc01eb6-le64.cache-6
7f6973a9c000-7f6973aaf000 r--s 00345000 08:15 12855537                   /usr/lib/jvm/java-8-oracle/jre/lib/resources.jar
7f6973aaf000-7f6973ab7000 rw-s 00000000 08:15 1324555                    /tmp/hsperfdata_nokorot/2185
7f6973ab7000-7f6973ab8000 rw-p 00000000 00:00 0 
7f6973ab8000-7f6973ab9000 r--p 00000000 00:00 0 
7f6973ab9000-7f6973abb000 rw-p 00000000 00:00 0 
7f6973abb000-7f6973abc000 r--p 00025000 08:15 7082100                    /lib/x86_64-linux-gnu/ld-2.23.so
7f6973abc000-7f6973abd000 rw-p 00026000 08:15 7082100                    /lib/x86_64-linux-gnu/ld-2.23.so
7f6973abd000-7f6973abe000 rw-p 00000000 00:00 0 
7ffd255dd000-7ffd255fe000 rw-p 00000000 00:00 0                          [stack]
7ffd256b5000-7ffd256b7000 r--p 00000000 00:00 0                          [vvar]
7ffd256b7000-7ffd256b9000 r-xp 00000000 00:00 0                          [vdso]
ffffffffff600000-ffffffffff601000 r-xp 00000000 00:00 0                  [vsyscall]

VM Arguments:
jvm_args: -Dfile.encoding=UTF-8 
java_command: engineTest.tests
java_class_path (initial): /home/nokorot/Workspace/Java/LiveSystem/NokoBox/bin
Launcher Type: SUN_STANDARD

Environment Variables:
JAVA_HOME=/usr/lib/jvm/java-8-oracle
PATH=/home/nokorot/.cabal/bin:/opt/cabal/1.22/bin:/opt/ghc/7.10.3/bin:/home/nokorot/.bin:/home/nokorot/bin:/home/nokorot/.local/bin:/usr/local/sbin:/usr/local/bin:/usr/sbin:/usr/bin:/sbin:/bin:/usr/games:/usr/local/games:/snap/bin:/usr/lib/jvm/java-8-oracle/bin:/usr/lib/jvm/java-8-oracle/db/bin:/usr/lib/jvm/java-8-oracle/jre/bin
USERNAME=nokorot
SHELL=/bin/bash
DISPLAY=:1

Signal Handlers:
SIGSEGV: [libjvm.so+0xac64b0], sa_mask[0]=11111111011111111101111111111110, sa_flags=SA_RESTART|SA_SIGINFO
SIGBUS: [libjvm.so+0xac64b0], sa_mask[0]=11111111011111111101111111111110, sa_flags=SA_RESTART|SA_SIGINFO
SIGFPE: [libjvm.so+0x91f950], sa_mask[0]=11111111011111111101111111111110, sa_flags=SA_RESTART|SA_SIGINFO
SIGPIPE: [libjvm.so+0x91f950], sa_mask[0]=11111111011111111101111111111110, sa_flags=SA_RESTART|SA_SIGINFO
SIGXFSZ: [libjvm.so+0x91f950], sa_mask[0]=11111111011111111101111111111110, sa_flags=SA_RESTART|SA_SIGINFO
SIGILL: [libjvm.so+0x91f950], sa_mask[0]=11111111011111111101111111111110, sa_flags=SA_RESTART|SA_SIGINFO
SIGUSR1: SIG_DFL, sa_mask[0]=00000000000000000000000000000000, sa_flags=none
SIGUSR2: [libjvm.so+0x920f80], sa_mask[0]=00100000000000000000000000000000, sa_flags=SA_RESTART|SA_SIGINFO
SIGHUP: [libjvm.so+0x922380], sa_mask[0]=11111111011111111101111111111110, sa_flags=SA_RESTART|SA_SIGINFO
SIGINT: [libjvm.so+0x922380], sa_mask[0]=11111111011111111101111111111110, sa_flags=SA_RESTART|SA_SIGINFO
SIGTERM: [libjvm.so+0x922380], sa_mask[0]=11111111011111111101111111111110, sa_flags=SA_RESTART|SA_SIGINFO
SIGQUIT: [libjvm.so+0x922380], sa_mask[0]=11111111011111111101111111111110, sa_flags=SA_RESTART|SA_SIGINFO


---------------  S Y S T E M  ---------------

OS:DISTRIB_ID=Ubuntu
DISTRIB_RELEASE=16.04
DISTRIB_CODENAME=xenial
DISTRIB_DESCRIPTION="Ubuntu 16.04.1 LTS"

uname:Linux 4.4.0-57-generic #78-Ubuntu SMP Fri Dec 9 23:50:32 UTC 2016 x86_64
libc:glibc 2.23 NPTL 2.23 
rlimit: STACK 8192k, CORE 0k, NPROC 31349, NOFILE 65536, AS infinity
load average:0,45 0,65 0,68

/proc/meminfo:
MemTotal:        8065836 kB
MemFree:          269496 kB
MemAvailable:     486608 kB
Buffers:           29608 kB
Cached:          2029696 kB
SwapCached:        40472 kB
Active:          5534320 kB
Inactive:        1982972 kB
Active(anon):    5336148 kB
Inactive(anon):  1778192 kB
Active(file):     198172 kB
Inactive(file):   204780 kB
Unevictable:         464 kB
Mlocked:             464 kB
SwapTotal:       1951740 kB
SwapFree:         276932 kB
Dirty:              2188 kB
Writeback:             0 kB
AnonPages:       5419292 kB
Mapped:           482216 kB
Shmem:           1656004 kB
Slab:             124544 kB
SReclaimable:      69172 kB
SUnreclaim:        55372 kB
KernelStack:       14480 kB
PageTables:        66620 kB
NFS_Unstable:          0 kB
Bounce:                0 kB
WritebackTmp:          0 kB
CommitLimit:     5984656 kB
Committed_AS:   14748248 kB
VmallocTotal:   34359738367 kB
VmallocUsed:           0 kB
VmallocChunk:          0 kB
HardwareCorrupted:     0 kB
AnonHugePages:   3143680 kB
CmaTotal:              0 kB
CmaFree:               0 kB
HugePages_Total:       0
HugePages_Free:        0
HugePages_Rsvd:        0
HugePages_Surp:        0
Hugepagesize:       2048 kB
DirectMap4k:      425256 kB
DirectMap2M:     7854080 kB


CPU:total 4 (2 cores per cpu, 2 threads per core) family 6 model 58 stepping 9, cmov, cx8, fxsr, mmx, sse, sse2, sse3, ssse3, sse4.1, sse4.2, popcnt, avx, aes, clmul, erms, ht, tsc, tscinvbit, tscinv

/proc/cpuinfo:
processor	: 0
vendor_id	: GenuineIntel
cpu family	: 6
model		: 58
model name	: Intel(R) Core(TM) i5-3210M CPU @ 2.50GHz
stepping	: 9
microcode	: 0x15
cpu MHz		: 2899.902
cache size	: 3072 KB
physical id	: 0
siblings	: 4
core id		: 0
cpu cores	: 2
apicid		: 0
initial apicid	: 0
fpu		: yes
fpu_exception	: yes
cpuid level	: 13
wp		: yes
flags		: fpu vme de pse tsc msr pae mce cx8 apic sep mtrr pge mca cmov pat pse36 clflush dts acpi mmx fxsr sse sse2 ss ht tm pbe syscall nx rdtscp lm constant_tsc arch_perfmon pebs bts rep_good nopl xtopology nonstop_tsc aperfmperf eagerfpu pni pclmulqdq dtes64 monitor ds_cpl vmx est tm2 ssse3 cx16 xtpr pdcm pcid sse4_1 sse4_2 x2apic popcnt tsc_deadline_timer aes xsave avx f16c rdrand lahf_lm epb tpr_shadow vnmi flexpriority ept vpid fsgsbase smep erms xsaveopt dtherm ida arat pln pts
bugs		:
bogomips	: 4988.68
clflush size	: 64
cache_alignment	: 64
address sizes	: 36 bits physical, 48 bits virtual
power management:

processor	: 1
vendor_id	: GenuineIntel
cpu family	: 6
model		: 58
model name	: Intel(R) Core(TM) i5-3210M CPU @ 2.50GHz
stepping	: 9
microcode	: 0x15
cpu MHz		: 2899.902
cache size	: 3072 KB
physical id	: 0
siblings	: 4
core id		: 1
cpu cores	: 2
apicid		: 2
initial apicid	: 2
fpu		: yes
fpu_exception	: yes
cpuid level	: 13
wp		: yes
flags		: fpu vme de pse tsc msr pae mce cx8 apic sep mtrr pge mca cmov pat pse36 clflush dts acpi mmx fxsr sse sse2 ss ht tm pbe syscall nx rdtscp lm constant_tsc arch_perfmon pebs bts rep_good nopl xtopology nonstop_tsc aperfmperf eagerfpu pni pclmulqdq dtes64 monitor ds_cpl vmx est tm2 ssse3 cx16 xtpr pdcm pcid sse4_1 sse4_2 x2apic popcnt tsc_deadline_timer aes xsave avx f16c rdrand lahf_lm epb tpr_shadow vnmi flexpriority ept vpid fsgsbase smep erms xsaveopt dtherm ida arat pln pts
bugs		:
bogomips	: 4988.68
clflush size	: 64
cache_alignment	: 64
address sizes	: 36 bits physical, 48 bits virtual
power management:

processor	: 2
vendor_id	: GenuineIntel
cpu family	: 6
model		: 58
model name	: Intel(R) Core(TM) i5-3210M CPU @ 2.50GHz
stepping	: 9
microcode	: 0x15
cpu MHz		: 2900.488
cache size	: 3072 KB
physical id	: 0
siblings	: 4
core id		: 0
cpu cores	: 2
apicid		: 1
initial apicid	: 1
fpu		: yes
fpu_exception	: yes
cpuid level	: 13
wp		: yes
flags		: fpu vme de pse tsc msr pae mce cx8 apic sep mtrr pge mca cmov pat pse36 clflush dts acpi mmx fxsr sse sse2 ss ht tm pbe syscall nx rdtscp lm constant_tsc arch_perfmon pebs bts rep_good nopl xtopology nonstop_tsc aperfmperf eagerfpu pni pclmulqdq dtes64 monitor ds_cpl vmx est tm2 ssse3 cx16 xtpr pdcm pcid sse4_1 sse4_2 x2apic popcnt tsc_deadline_timer aes xsave avx f16c rdrand lahf_lm epb tpr_shadow vnmi flexpriority ept vpid fsgsbase smep erms xsaveopt dtherm ida arat pln pts
bugs		:
bogomips	: 4988.68
clflush size	: 64
cache_alignment	: 64
address sizes	: 36 bits physical, 48 bits virtual
power management:

processor	: 3
vendor_id	: GenuineIntel
cpu family	: 6
model		: 58
model name	: Intel(R) Core(TM) i5-3210M CPU @ 2.50GHz
stepping	: 9
microcode	: 0x15
cpu MHz		: 2899.902
cache size	: 3072 KB
physical id	: 0
siblings	: 4
core id		: 1
cpu cores	: 2
apicid		: 3
initial apicid	: 3
fpu		: yes
fpu_exception	: yes
cpuid level	: 13
wp		: yes
flags		: fpu vme de pse tsc msr pae mce cx8 apic sep mtrr pge mca cmov pat pse36 clflush dts acpi mmx fxsr sse sse2 ss ht tm pbe syscall nx rdtscp lm constant_tsc arch_perfmon pebs bts rep_good nopl xtopology nonstop_tsc aperfmperf eagerfpu pni pclmulqdq dtes64 monitor ds_cpl vmx est tm2 ssse3 cx16 xtpr pdcm pcid sse4_1 sse4_2 x2apic popcnt tsc_deadline_timer aes xsave avx f16c rdrand lahf_lm epb tpr_shadow vnmi flexpriority ept vpid fsgsbase smep erms xsaveopt dtherm ida arat pln pts
bugs		:
bogomips	: 4988.68
clflush size	: 64
cache_alignment	: 64
address sizes	: 36 bits physical, 48 bits virtual
power management:



Memory: 4k page, physical 8065836k(269496k free), swap 1951740k(276932k free)

vm_info: Java HotSpot(TM) 64-Bit Server VM (25.111-b14) for linux-amd64 JRE (1.8.0_111-b14), built on Sep 22 2016 16:14:03 by "java_re" with gcc 4.3.0 20080428 (Red Hat 4.3.0-8)

time: Mon Jan  9 22:35:42 2017
elapsed time: 7 seconds (0d 0h 0m 7s)

