#
# There is insufficient memory for the Java Runtime Environment to continue.
# Native memory allocation (mmap) failed to map 1005060096 bytes for committing reserved memory.
# Possible reasons:
#   The system is out of physical RAM or swap space
#   In 32 bit mode, the process size limit was hit
# Possible solutions:
#   Reduce memory load on the system
#   Increase physical memory or swap space
#   Check if swap backing store is full
#   Use 64 bit Java on a 64 bit OS
#   Decrease Java heap size (-Xmx/-Xms)
#   Decrease number of Java threads
#   Decrease Java thread stack sizes (-Xss)
#   Set larger code cache with -XX:ReservedCodeCacheSize=
# This output file may be truncated or incomplete.
#
#  Out of Memory Error (os_linux.cpp:2627), pid=29135, tid=0x00007f47eb644700
#
# JRE version: Java(TM) SE Runtime Environment (8.0_111-b14) (build 1.8.0_111-b14)
# Java VM: Java HotSpot(TM) 64-Bit Server VM (25.111-b14 mixed mode linux-amd64 compressed oops)
# Failed to write core dump. Core dumps have been disabled. To enable core dumping, try "ulimit -c unlimited" before starting Java again
#

---------------  T H R E A D  ---------------

Current thread (0x00007f47f800b800):  JavaThread "Image Fetcher 0" daemon [_thread_in_vm, id=29287, stack(0x00007f47eb544000,0x00007f47eb645000)]

Stack: [0x00007f47eb544000,0x00007f47eb645000],  sp=0x00007f47eb641eb0,  free space=1015k
Native frames: (J=compiled Java code, j=interpreted, Vv=VM code, C=native code)
V  [libjvm.so+0xac5c2a]  VMError::report_and_die()+0x2ba
V  [libjvm.so+0x4fc50b]  report_vm_out_of_memory(char const*, int, unsigned long, VMErrorType, char const*)+0x8b
V  [libjvm.so+0x922ae3]  os::Linux::commit_memory_impl(char*, unsigned long, bool)+0x103
V  [libjvm.so+0x923039]  os::pd_commit_memory(char*, unsigned long, unsigned long, bool)+0x29
V  [libjvm.so+0x91d33a]  os::commit_memory(char*, unsigned long, unsigned long, bool)+0x2a
V  [libjvm.so+0x991ac3]  PSVirtualSpace::expand_by(unsigned long)+0x53
V  [libjvm.so+0x982149]  PSOldGen::expand_by(unsigned long)+0x49
V  [libjvm.so+0x9823b5]  PSOldGen::expand(unsigned long)+0x1a5
V  [libjvm.so+0x98263a]  PSOldGen::expand_and_allocate(unsigned long)+0x1a
V  [libjvm.so+0x98275b]  PSOldGen::allocate(unsigned long)+0xcb
V  [libjvm.so+0x94648e]  ParallelScavengeHeap::mem_allocate(unsigned long, bool*)+0xfe
V  [libjvm.so+0xa8b47e]  TypeArrayKlass::allocate_common(int, bool, Thread*)+0x26e
V  [libjvm.so+0x3dd13a]  Runtime1::new_type_array(JavaThread*, Klass*, int)+0x2a
v  ~RuntimeStub::new_type_array Runtime1 stub
J 1916 C1 java.awt.image.Raster.createPackedRaster(III[ILjava/awt/Point;)Ljava/awt/image/WritableRaster; (116 bytes) @ 0x00007f483d633f21 [0x00007f483d633180+0xda1]
J 1915 C1 java.awt.image.DirectColorModel.createCompatibleWritableRaster(II)Ljava/awt/image/WritableRaster; (140 bytes) @ 0x00007f483d1f2d9c [0x00007f483d1f2a00+0x39c]
j  sun.awt.image.ImageRepresentation.createBufferedImage()V+18
J 1956 C2 sun.awt.image.ImageRepresentation.setPixels(IIIILjava/awt/image/ColorModel;[III)V (535 bytes) @ 0x00007f483d1ff84c [0x00007f483d1ff2c0+0x58c]
J 1955 C2 sun.awt.image.ImageDecoder.setPixels(IIIILjava/awt/image/ColorModel;[III)I (58 bytes) @ 0x00007f483d166a80 [0x00007f483d1668a0+0x1e0]
J 1966 C2 sun.awt.image.JPEGImageDecoder.sendPixels([II)Z (40 bytes) @ 0x00007f483d1e3d3c [0x00007f483d1e3ce0+0x5c]
v  ~StubRoutines::call_stub
V  [libjvm.so+0x690206]  JavaCalls::call_helper(JavaValue*, methodHandle*, JavaCallArguments*, Thread*)+0x1056
V  [libjvm.so+0x6d20fb]  jni_invoke_nonstatic(JNIEnv_*, JavaValue*, _jobject*, JNICallType, _jmethodID*, JNI_ArgumentPusher*, Thread*)+0x40b
V  [libjvm.so+0x6d9c66]  jni_CallBooleanMethod+0x196
C  [libjpeg.so+0x2a7b8]  Java_sun_awt_image_JPEGImageDecoder_readImage+0x608
j  sun.awt.image.JPEGImageDecoder.readImage(Ljava/io/InputStream;[B)V+0
j  sun.awt.image.JPEGImageDecoder.produceImage()V+10
j  sun.awt.image.InputStreamImageSource.doFetch()V+51
j  sun.awt.image.ImageFetcher.fetchloop()V+33
j  sun.awt.image.ImageFetcher.run()V+5
v  ~StubRoutines::call_stub
V  [libjvm.so+0x690206]  JavaCalls::call_helper(JavaValue*, methodHandle*, JavaCallArguments*, Thread*)+0x1056
V  [libjvm.so+0x690711]  JavaCalls::call_virtual(JavaValue*, KlassHandle, Symbol*, Symbol*, JavaCallArguments*, Thread*)+0x321
V  [libjvm.so+0x690bb7]  JavaCalls::call_virtual(JavaValue*, Handle, KlassHandle, Symbol*, Symbol*, Thread*)+0x47
V  [libjvm.so+0x7278f0]  thread_entry(JavaThread*, Thread*)+0xa0
V  [libjvm.so+0xa742b3]  JavaThread::thread_main_inner()+0x103
V  [libjvm.so+0xa743fc]  JavaThread::run()+0x11c
V  [libjvm.so+0x924ea8]  java_start(Thread*)+0x108
C  [libpthread.so.0+0x770a]  start_thread+0xca

Java frames: (J=compiled Java code, j=interpreted, Vv=VM code)
v  ~RuntimeStub::new_type_array Runtime1 stub
J 1916 C1 java.awt.image.Raster.createPackedRaster(III[ILjava/awt/Point;)Ljava/awt/image/WritableRaster; (116 bytes) @ 0x00007f483d633f21 [0x00007f483d633180+0xda1]
J 1915 C1 java.awt.image.DirectColorModel.createCompatibleWritableRaster(II)Ljava/awt/image/WritableRaster; (140 bytes) @ 0x00007f483d1f2d9c [0x00007f483d1f2a00+0x39c]
j  sun.awt.image.ImageRepresentation.createBufferedImage()V+18
J 1956 C2 sun.awt.image.ImageRepresentation.setPixels(IIIILjava/awt/image/ColorModel;[III)V (535 bytes) @ 0x00007f483d1ff84c [0x00007f483d1ff2c0+0x58c]
J 1955 C2 sun.awt.image.ImageDecoder.setPixels(IIIILjava/awt/image/ColorModel;[III)I (58 bytes) @ 0x00007f483d166a80 [0x00007f483d1668a0+0x1e0]
J 1966 C2 sun.awt.image.JPEGImageDecoder.sendPixels([II)Z (40 bytes) @ 0x00007f483d1e3d3c [0x00007f483d1e3ce0+0x5c]
v  ~StubRoutines::call_stub
j  sun.awt.image.JPEGImageDecoder.readImage(Ljava/io/InputStream;[B)V+0
j  sun.awt.image.JPEGImageDecoder.produceImage()V+10
j  sun.awt.image.InputStreamImageSource.doFetch()V+51
j  sun.awt.image.ImageFetcher.fetchloop()V+33
j  sun.awt.image.ImageFetcher.run()V+5
v  ~StubRoutines::call_stub

---------------  P R O C E S S  ---------------

Java Threads: ( => current thread )
  0x00007f47f01c7000 JavaThread "Thread-236" [_thread_blocked, id=29408, stack(0x00007f47b4bcc000,0x00007f47b4ccd000)]
  0x00007f47f01c5800 JavaThread "Thread-235" [_thread_blocked, id=29407, stack(0x00007f47b4ccd000,0x00007f47b4dce000)]
  0x00007f47f01c3800 JavaThread "Thread-234" [_thread_blocked, id=29406, stack(0x00007f47b4dce000,0x00007f47b4ecf000)]
  0x00007f47f01c1800 JavaThread "Thread-233" [_thread_blocked, id=29405, stack(0x00007f47b4ecf000,0x00007f47b4fd0000)]
  0x00007f47f01c0000 JavaThread "Thread-232" [_thread_blocked, id=29404, stack(0x00007f47b4fd0000,0x00007f47b50d1000)]
  0x00007f47f01be000 JavaThread "Thread-231" [_thread_blocked, id=29403, stack(0x00007f47b50d1000,0x00007f47b51d2000)]
  0x00007f47f01bc000 JavaThread "Thread-230" [_thread_blocked, id=29402, stack(0x00007f47b51d2000,0x00007f47b52d3000)]
  0x00007f47f01ba000 JavaThread "Thread-229" [_thread_blocked, id=29401, stack(0x00007f47b52d3000,0x00007f47b53d4000)]
  0x00007f47f01b8000 JavaThread "Thread-228" [_thread_blocked, id=29400, stack(0x00007f47b53d4000,0x00007f47b54d5000)]
  0x00007f47f01b6000 JavaThread "Thread-227" [_thread_blocked, id=29399, stack(0x00007f47b54d5000,0x00007f47b55d6000)]
  0x00007f47f01b4000 JavaThread "Thread-226" [_thread_blocked, id=29398, stack(0x00007f47b55d6000,0x00007f47b56d7000)]
  0x00007f47f01b2000 JavaThread "Thread-225" [_thread_blocked, id=29397, stack(0x00007f47b56d7000,0x00007f47b57d8000)]
  0x00007f47f01b0000 JavaThread "Thread-224" [_thread_blocked, id=29396, stack(0x00007f47b57d8000,0x00007f47b58d9000)]
  0x00007f47f01ae000 JavaThread "Thread-223" [_thread_blocked, id=29395, stack(0x00007f47b58d9000,0x00007f47b59da000)]
  0x00007f47f01ac800 JavaThread "Thread-222" [_thread_blocked, id=29394, stack(0x00007f47b59da000,0x00007f47b5adb000)]
  0x00007f47f01aa800 JavaThread "Thread-221" [_thread_blocked, id=29393, stack(0x00007f47b5adb000,0x00007f47b5bdc000)]
  0x00007f47f01a8800 JavaThread "Thread-220" [_thread_blocked, id=29392, stack(0x00007f47b5bdc000,0x00007f47b5cdd000)]
  0x00007f47f01a6800 JavaThread "Thread-219" [_thread_blocked, id=29391, stack(0x00007f47b5cdd000,0x00007f47b5dde000)]
  0x00007f47f01a4800 JavaThread "Thread-218" [_thread_blocked, id=29390, stack(0x00007f47b5dde000,0x00007f47b5edf000)]
  0x00007f47f01a2800 JavaThread "Thread-217" [_thread_blocked, id=29389, stack(0x00007f47b5edf000,0x00007f47b5fe0000)]
  0x00007f47f01a0800 JavaThread "Thread-216" [_thread_blocked, id=29388, stack(0x00007f47b5fe0000,0x00007f47b60e1000)]
  0x00007f47f019e800 JavaThread "Thread-215" [_thread_blocked, id=29387, stack(0x00007f47b60e1000,0x00007f47b61e2000)]
  0x00007f47f019c800 JavaThread "Thread-214" [_thread_blocked, id=29386, stack(0x00007f47b61e2000,0x00007f47b62e3000)]
  0x00007f47f019b000 JavaThread "Thread-213" [_thread_blocked, id=29385, stack(0x00007f47b62e3000,0x00007f47b63e4000)]
  0x00007f47f0199000 JavaThread "Thread-212" [_thread_blocked, id=29384, stack(0x00007f47b63e4000,0x00007f47b64e5000)]
  0x00007f47f0197800 JavaThread "Thread-211" [_thread_blocked, id=29383, stack(0x00007f47b64e5000,0x00007f47b65e6000)]
  0x00007f47f0195800 JavaThread "Thread-210" [_thread_blocked, id=29382, stack(0x00007f47b65e6000,0x00007f47b66e7000)]
  0x00007f47f009b800 JavaThread "Thread-209" [_thread_blocked, id=29381, stack(0x00007f48105e8000,0x00007f48106e9000)]
  0x00007f47f0101000 JavaThread "Thread-208" [_thread_blocked, id=29380, stack(0x00007f47b75f6000,0x00007f47b76f7000)]
  0x00007f47f0072800 JavaThread "Thread-207" [_thread_blocked, id=29379, stack(0x00007f47ebeff000,0x00007f47ec000000)]
  0x00007f47f009a000 JavaThread "Thread-206" [_thread_blocked, id=29378, stack(0x00007f4811997000,0x00007f4811a98000)]
  0x00007f47f0193800 JavaThread "Thread-205" [_thread_blocked, id=29377, stack(0x00007f47b66e7000,0x00007f47b67e8000)]
  0x00007f47f0192000 JavaThread "Thread-204" [_thread_blocked, id=29376, stack(0x00007f47b67e8000,0x00007f47b68e9000)]
  0x00007f47f0190000 JavaThread "Thread-203" [_thread_blocked, id=29375, stack(0x00007f47b68e9000,0x00007f47b69ea000)]
  0x00007f47f018e000 JavaThread "Thread-202" [_thread_blocked, id=29374, stack(0x00007f47b69ea000,0x00007f47b6aeb000)]
  0x00007f47f018c800 JavaThread "Thread-201" [_thread_blocked, id=29373, stack(0x00007f47e9ce3000,0x00007f47e9de4000)]
  0x00007f47f018a800 JavaThread "Thread-200" [_thread_blocked, id=29372, stack(0x00007f47e9de4000,0x00007f47e9ee5000)]
  0x00007f47f0106800 JavaThread "Thread-199" [_thread_blocked, id=29371, stack(0x00007f47b74f5000,0x00007f47b75f6000)]
  0x00007f47f0103000 JavaThread "Thread-198" [_thread_blocked, id=29370, stack(0x00007f47b72f3000,0x00007f47b73f4000)]
  0x00007f47f0085800 JavaThread "Thread-197" [_thread_blocked, id=29369, stack(0x00007f48104e7000,0x00007f48105e8000)]
  0x00007f47f0189000 JavaThread "Thread-195" [_thread_blocked, id=29367, stack(0x00007f47e9ee5000,0x00007f47e9fe6000)]
  0x00007f47f00ff000 JavaThread "Thread-176" [_thread_blocked, id=29348, stack(0x00007f47b76f7000,0x00007f47b77f8000)]
  0x00007f47f00fc800 JavaThread "Thread-175" [_thread_blocked, id=29347, stack(0x00007f47b77f8000,0x00007f47b78f9000)]
  0x00007f47f00fb000 JavaThread "Thread-174" [_thread_blocked, id=29346, stack(0x00007f47b78f9000,0x00007f47b79fa000)]
  0x00007f47f00f9000 JavaThread "Thread-173" [_thread_blocked, id=29345, stack(0x00007f47b79fa000,0x00007f47b7afb000)]
  0x00007f47f00f7800 JavaThread "Thread-172" [_thread_blocked, id=29344, stack(0x00007f47b7afb000,0x00007f47b7bfc000)]
  0x00007f47f00f5800 JavaThread "Thread-171" [_thread_blocked, id=29343, stack(0x00007f47b7bfc000,0x00007f47b7cfd000)]
  0x00007f47f00f3800 JavaThread "Thread-170" [_thread_blocked, id=29342, stack(0x00007f47b7cfd000,0x00007f47b7dfe000)]
  0x00007f47f00f1800 JavaThread "Thread-169" [_thread_blocked, id=29341, stack(0x00007f47b7dfe000,0x00007f47b7eff000)]
  0x00007f47f00ef800 JavaThread "Thread-168" [_thread_blocked, id=29340, stack(0x00007f47b7eff000,0x00007f47b8000000)]
  0x00007f47f00ed800 JavaThread "Thread-167" [_thread_blocked, id=29339, stack(0x00007f47e80ce000,0x00007f47e81cf000)]
  0x00007f47f00eb800 JavaThread "Thread-166" [_thread_blocked, id=29338, stack(0x00007f47e81cf000,0x00007f47e82d0000)]
  0x00007f47f00e9800 JavaThread "Thread-165" [_thread_blocked, id=29337, stack(0x00007f47e82d0000,0x00007f47e83d1000)]
  0x00007f47f00e7800 JavaThread "Thread-164" [_thread_blocked, id=29336, stack(0x00007f47e83d1000,0x00007f47e84d2000)]
  0x00007f47f00e5800 JavaThread "Thread-163" [_thread_blocked, id=29335, stack(0x00007f47e84d2000,0x00007f47e85d3000)]
  0x00007f47f00e3800 JavaThread "Thread-162" [_thread_blocked, id=29334, stack(0x00007f47e85d3000,0x00007f47e86d4000)]
  0x00007f47f00e1800 JavaThread "Thread-161" [_thread_blocked, id=29333, stack(0x00007f47e86d4000,0x00007f47e87d5000)]
  0x00007f47f00df800 JavaThread "Thread-160" [_thread_blocked, id=29332, stack(0x00007f47e87d5000,0x00007f47e88d6000)]
  0x00007f47f00dd800 JavaThread "Thread-159" [_thread_blocked, id=29331, stack(0x00007f47e88d6000,0x00007f47e89d7000)]
  0x00007f47f00db800 JavaThread "Thread-158" [_thread_blocked, id=29330, stack(0x00007f47e89d7000,0x00007f47e8ad8000)]
  0x00007f47f00d9800 JavaThread "Thread-157" [_thread_blocked, id=29329, stack(0x00007f47e8ad8000,0x00007f47e8bd9000)]
  0x00007f47f00d7800 JavaThread "Thread-156" [_thread_blocked, id=29328, stack(0x00007f47e8bd9000,0x00007f47e8cda000)]
  0x00007f47f00d5800 JavaThread "Thread-155" [_thread_blocked, id=29327, stack(0x00007f47e8cda000,0x00007f47e8ddb000)]
  0x00007f47f00d3800 JavaThread "Thread-154" [_thread_blocked, id=29326, stack(0x00007f47e8ddb000,0x00007f47e8edc000)]
  0x00007f47f00d2000 JavaThread "Thread-153" [_thread_blocked, id=29325, stack(0x00007f47e8edc000,0x00007f47e8fdd000)]
  0x00007f47f00d0000 JavaThread "Thread-152" [_thread_blocked, id=29324, stack(0x00007f47e8fdd000,0x00007f47e90de000)]
  0x00007f47f00ce000 JavaThread "Thread-151" [_thread_blocked, id=29323, stack(0x00007f47e90de000,0x00007f47e91df000)]
  0x00007f47f00cc000 JavaThread "Thread-150" [_thread_blocked, id=29322, stack(0x00007f47e91df000,0x00007f47e92e0000)]
  0x00007f47f00ca800 JavaThread "Thread-149" [_thread_blocked, id=29321, stack(0x00007f47e92e0000,0x00007f47e93e1000)]
  0x00007f47f00c8800 JavaThread "Thread-148" [_thread_blocked, id=29320, stack(0x00007f47e93e1000,0x00007f47e94e2000)]
  0x00007f47f00c6800 JavaThread "Thread-147" [_thread_blocked, id=29319, stack(0x00007f47e94e2000,0x00007f47e95e3000)]
  0x00007f47f00c4800 JavaThread "Thread-146" [_thread_blocked, id=29318, stack(0x00007f47e95e3000,0x00007f47e96e4000)]
  0x00007f47f00c3000 JavaThread "Thread-145" [_thread_blocked, id=29317, stack(0x00007f47e96e4000,0x00007f47e97e5000)]
  0x00007f47f00c1000 JavaThread "Thread-144" [_thread_blocked, id=29316, stack(0x00007f47e97e5000,0x00007f47e98e6000)]
  0x00007f47f00bf800 JavaThread "Thread-143" [_thread_blocked, id=29315, stack(0x00007f47e98e6000,0x00007f47e99e7000)]
  0x00007f47f00bd800 JavaThread "Thread-142" [_thread_blocked, id=29314, stack(0x00007f47e99e7000,0x00007f47e9ae8000)]
  0x00007f47f00bc000 JavaThread "Thread-141" [_thread_blocked, id=29313, stack(0x00007f47e9ae8000,0x00007f47e9be9000)]
  0x00007f47f00ba000 JavaThread "Thread-140" [_thread_blocked, id=29312, stack(0x00007f47e9fe6000,0x00007f47ea0e7000)]
  0x00007f47f00b8000 JavaThread "Thread-139" [_thread_blocked, id=29311, stack(0x00007f47ea0e7000,0x00007f47ea1e8000)]
  0x00007f47f00b6000 JavaThread "Thread-138" [_thread_blocked, id=29310, stack(0x00007f47ea1e8000,0x00007f47ea2e9000)]
  0x00007f47f00b4000 JavaThread "Thread-137" [_thread_blocked, id=29309, stack(0x00007f47ea2e9000,0x00007f47ea3ea000)]
  0x00007f47f00b0800 JavaThread "Thread-135" [_thread_blocked, id=29307, stack(0x00007f47ea4eb000,0x00007f47ea5ec000)]
  0x00007f47cc006800 JavaThread "Image Fetcher 3" daemon [_thread_blocked, id=29295, stack(0x00007f47eb746000,0x00007f47eb847000)]
  0x00007f47c4001000 JavaThread "Image Fetcher 2" daemon [_thread_blocked, id=29291, stack(0x00007f47eba82000,0x00007f47ebb83000)]
  0x00007f47bc001000 JavaThread "Image Fetcher 1" daemon [_thread_blocked, id=29289, stack(0x00007f48106e9000,0x00007f48107ea000)]
=>0x00007f47f800b800 JavaThread "Image Fetcher 0" daemon [_thread_in_vm, id=29287, stack(0x00007f47eb544000,0x00007f47eb645000)]
  0x00007f47f0084000 JavaThread "TimerQueue" daemon [_thread_blocked, id=29164, stack(0x00007f48109ea000,0x00007f4810aeb000)]
  0x00007f484c285800 JavaThread "AWT-EventQueue-0" [_thread_blocked, id=29159, stack(0x00007f4811795000,0x00007f4811896000)]
  0x00007f484c284000 JavaThread "AWT-Shutdown" [_thread_blocked, id=29158, stack(0x00007f4811896000,0x00007f4811997000)]
  0x00007f484c229000 JavaThread "AWT-XAWT" daemon [_thread_blocked, id=29156, stack(0x00007f4811a98000,0x00007f4811b99000)]
  0x00007f484c207800 JavaThread "Java2D Disposer" daemon [_thread_blocked, id=29155, stack(0x00007f4811fa9000,0x00007f48120aa000)]
  0x00007f484c0db000 JavaThread "Service Thread" daemon [_thread_blocked, id=29153, stack(0x00007f4813cfd000,0x00007f4813dfe000)]
  0x00007f484c0be000 JavaThread "C1 CompilerThread2" daemon [_thread_blocked, id=29152, stack(0x00007f4813dfe000,0x00007f4813eff000)]
  0x00007f484c0bc000 JavaThread "C2 CompilerThread1" daemon [_thread_blocked, id=29151, stack(0x00007f4813eff000,0x00007f4814000000)]
  0x00007f484c0b9800 JavaThread "C2 CompilerThread0" daemon [_thread_blocked, id=29150, stack(0x00007f482c06e000,0x00007f482c16f000)]
  0x00007f484c0b8000 JavaThread "Signal Dispatcher" daemon [_thread_blocked, id=29149, stack(0x00007f482c16f000,0x00007f482c270000)]
  0x00007f484c083800 JavaThread "Finalizer" daemon [_thread_blocked, id=29148, stack(0x00007f483c4f5000,0x00007f483c5f6000)]
  0x00007f484c07f000 JavaThread "Reference Handler" daemon [_thread_blocked, id=29147, stack(0x00007f483c5f6000,0x00007f483c6f7000)]
  0x00007f484c009800 JavaThread "main" [_thread_blocked, id=29141, stack(0x00007f48552ff000,0x00007f4855400000)]

Other Threads:
  0x00007f484c077800 VMThread [stack: 0x00007f483c6f7000,0x00007f483c7f8000] [id=29146]
  0x00007f484c0de800 WatcherThread [stack: 0x00007f4813bfc000,0x00007f4813cfd000] [id=29154]

VM state:synchronizing (normal execution)

VM Mutex/Monitor currently owned by a thread:  ([mutex/lock_event])
[0x00007f484c005830] ExpandHeap_lock - owner thread: 0x00007f47f800b800
[0x00007f484c005eb0] Threads_lock - owner thread: 0x00007f484c077800
[0x00007f484c0063b0] Heap_lock - owner thread: 0x00007f47f800b800

Heap:
 PSYoungGen      total 229888K, used 12553K [0x00000000d6f80000, 0x00000000f0000000, 0x0000000100000000)
  eden space 189952K, 6% used [0x00000000d6f80000,0x00000000d7bc2650,0x00000000e2900000)
  from space 39936K, 0% used [0x00000000e2900000,0x00000000e2900000,0x00000000e5000000)
  to   space 78336K, 0% used [0x00000000eb380000,0x00000000eb380000,0x00000000f0000000)
 ParOldGen       total 363520K, used 210197K [0x0000000084e00000, 0x000000009b100000, 0x00000000d6f80000)
  object space 363520K, 57% used [0x0000000084e00000,0x0000000091b456a0,0x000000009b100000)
 Metaspace       used 14932K, capacity 15150K, committed 15488K, reserved 1062912K
  class space    used 1813K, capacity 1901K, committed 1920K, reserved 1048576K

Card table byte_map: [0x00007f4851cdb000,0x00007f48520b5000] byte_map_base: 0x00007f48518b4000

Marking Bits: (ParMarkBitMap*) 0x00007f48547de220
 Begin Bits: [0x00007f482c270000, 0x00007f482e138000)
 End Bits:   [0x00007f482e138000, 0x00007f4830000000)

Polling page: 0x00007f485542d000

CodeCache: size=245760Kb used=6181Kb max_used=6435Kb free=239578Kb
 bounds [0x00007f483d000000, 0x00007f483d650000, 0x00007f484c000000]
 total_blobs=2414 nmethods=1843 adapters=484
 compilation: enabled

Compilation events (10 events):
Event: 21,672 Thread 0x00007f484c0be000 2012       3       sun.java2d.SurfaceData::getTextPipe (120 bytes)
Event: 21,672 Thread 0x00007f484c0be000 nmethod 2012 0x00007f483d1bacd0 code [0x00007f483d1bae80, 0x00007f483d1bb388]
Event: 21,724 Thread 0x00007f484c0be000 2013       3       sun.java2d.SurfaceData::canRenderParallelograms (137 bytes)
Event: 21,725 Thread 0x00007f484c0be000 nmethod 2013 0x00007f483d227a10 code [0x00007f483d227be0, 0x00007f483d2284d8]
Event: 21,739 Thread 0x00007f484c0be000 2014       1       java.util.concurrent.TimeUnit$1::toNanos (2 bytes)
Event: 21,739 Thread 0x00007f484c0be000 nmethod 2014 0x00007f483d1927d0 code [0x00007f483d192920, 0x00007f483d192a30]
Event: 21,923 Thread 0x00007f484c0be000 2015   !   3       java.lang.ThreadGroup::remove (94 bytes)
Event: 21,925 Thread 0x00007f484c0be000 nmethod 2015 0x00007f483d447a90 code [0x00007f483d447c40, 0x00007f483d448308]
Event: 22,479 Thread 0x00007f484c0b9800 2016       4       java.util.concurrent.locks.ReentrantLock$Sync::isHeldExclusively (16 bytes)
Event: 22,479 Thread 0x00007f484c0b9800 nmethod 2016 0x00007f483d29af90 code [0x00007f483d29b0e0, 0x00007f483d29b178]

GC Heap History (10 events):
Event: 21,065 GC heap before
{Heap before GC invocations=9 (full 2):
 PSYoungGen      total 131584K, used 27628K [0x00000000d6f80000, 0x00000000e7100000, 0x0000000100000000)
  eden space 103936K, 0% used [0x00000000d6f80000,0x00000000d6f80000,0x00000000dd500000)
  from space 27648K, 99% used [0x00000000dd500000,0x00000000deffb230,0x00000000df000000)
  to   space 33792K, 0% used [0x00000000e5000000,0x00000000e5000000,0x00000000e7100000)
 ParOldGen       total 102912K, used 96398K [0x0000000084e00000, 0x000000008b280000, 0x00000000d6f80000)
  object space 102912K, 93% used [0x0000000084e00000,0x000000008ac23a80,0x000000008b280000)
 Metaspace       used 14895K, capacity 15142K, committed 15488K, reserved 1062912K
  class space    used 1813K, capacity 1901K, committed 1920K, reserved 1048576K
Event: 21,106 GC heap after
Heap after GC invocations=9 (full 2):
 PSYoungGen      total 131584K, used 0K [0x00000000d6f80000, 0x00000000e7100000, 0x0000000100000000)
  eden space 103936K, 0% used [0x00000000d6f80000,0x00000000d6f80000,0x00000000dd500000)
  from space 27648K, 0% used [0x00000000dd500000,0x00000000dd500000,0x00000000df000000)
  to   space 33792K, 0% used [0x00000000e5000000,0x00000000e5000000,0x00000000e7100000)
 ParOldGen       total 158208K, used 63431K [0x0000000084e00000, 0x000000008e880000, 0x00000000d6f80000)
  object space 158208K, 40% used [0x0000000084e00000,0x0000000088bf1ff8,0x000000008e880000)
 Metaspace       used 14895K, capacity 15142K, committed 15488K, reserved 1062912K
  class space    used 1813K, capacity 1901K, committed 1920K, reserved 1048576K
}
Event: 21,294 GC heap before
{Heap before GC invocations=10 (full 2):
 PSYoungGen      total 131584K, used 101571K [0x00000000d6f80000, 0x00000000e7100000, 0x0000000100000000)
  eden space 103936K, 97% used [0x00000000d6f80000,0x00000000dd2b0c18,0x00000000dd500000)
  from space 27648K, 0% used [0x00000000dd500000,0x00000000dd500000,0x00000000df000000)
  to   space 33792K, 0% used [0x00000000e5000000,0x00000000e5000000,0x00000000e7100000)
 ParOldGen       total 158208K, used 71532K [0x0000000084e00000, 0x000000008e880000, 0x00000000d6f80000)
  object space 158208K, 45% used [0x0000000084e00000,0x00000000893db008,0x000000008e880000)
 Metaspace       used 14917K, capacity 15150K, committed 15488K, reserved 1062912K
  class space    used 1813K, capacity 1901K, committed 1920K, reserved 1048576K
Event: 21,314 GC heap after
Heap after GC invocations=10 (full 2):
 PSYoungGen      total 223744K, used 33488K [0x00000000d6f80000, 0x00000000e8080000, 0x0000000100000000)
  eden space 189952K, 0% used [0x00000000d6f80000,0x00000000d6f80000,0x00000000e2900000)
  from space 33792K, 99% used [0x00000000e5000000,0x00000000e70b4040,0x00000000e7100000)
  to   space 39936K, 0% used [0x00000000e2900000,0x00000000e2900000,0x00000000e5000000)
 ParOldGen       total 158208K, used 109040K [0x0000000084e00000, 0x000000008e880000, 0x00000000d6f80000)
  object space 158208K, 68% used [0x0000000084e00000,0x000000008b87c048,0x000000008e880000)
 Metaspace       used 14917K, capacity 15150K, committed 15488K, reserved 1062912K
  class space    used 1813K, capacity 1901K, committed 1920K, reserved 1048576K
}
Event: 21,314 GC heap before
{Heap before GC invocations=11 (full 3):
 PSYoungGen      total 223744K, used 33488K [0x00000000d6f80000, 0x00000000e8080000, 0x0000000100000000)
  eden space 189952K, 0% used [0x00000000d6f80000,0x00000000d6f80000,0x00000000e2900000)
  from space 33792K, 99% used [0x00000000e5000000,0x00000000e70b4040,0x00000000e7100000)
  to   space 39936K, 0% used [0x00000000e2900000,0x00000000e2900000,0x00000000e5000000)
 ParOldGen       total 158208K, used 109040K [0x0000000084e00000, 0x000000008e880000, 0x00000000d6f80000)
  object space 158208K, 68% used [0x0000000084e00000,0x000000008b87c048,0x000000008e880000)
 Metaspace       used 14917K, capacity 15150K, committed 15488K, reserved 1062912K
  class space    used 1813K, capacity 1901K, committed 1920K, reserved 1048576K
Event: 21,405 GC heap after
Heap after GC invocations=11 (full 3):
 PSYoungGen      total 223744K, used 0K [0x00000000d6f80000, 0x00000000e8080000, 0x0000000100000000)
  eden space 189952K, 0% used [0x00000000d6f80000,0x00000000d6f80000,0x00000000e2900000)
  from space 33792K, 0% used [0x00000000e5000000,0x00000000e5000000,0x00000000e7100000)
  to   space 39936K, 0% used [0x00000000e2900000,0x00000000e2900000,0x00000000e5000000)
 ParOldGen       total 237568K, used 119446K [0x0000000084e00000, 0x0000000093600000, 0x00000000d6f80000)
  object space 237568K, 50% used [0x0000000084e00000,0x000000008c2a5b28,0x0000000093600000)
 Metaspace       used 14917K, capacity 15150K, committed 15488K, reserved 1062912K
  class space    used 1813K, capacity 1901K, committed 1920K, reserved 1048576K
}
Event: 22,013 GC heap before
{Heap before GC invocations=12 (full 3):
 PSYoungGen      total 223744K, used 189952K [0x00000000d6f80000, 0x00000000e8080000, 0x0000000100000000)
  eden space 189952K, 100% used [0x00000000d6f80000,0x00000000e2900000,0x00000000e2900000)
  from space 33792K, 0% used [0x00000000e5000000,0x00000000e5000000,0x00000000e7100000)
  to   space 39936K, 0% used [0x00000000e2900000,0x00000000e2900000,0x00000000e5000000)
 ParOldGen       total 237568K, used 133852K [0x0000000084e00000, 0x0000000093600000, 0x00000000d6f80000)
  object space 237568K, 56% used [0x0000000084e00000,0x000000008d0b7070,0x0000000093600000)
 Metaspace       used 14932K, capacity 15150K, committed 15488K, reserved 1062912K
  class space    used 1813K, capacity 1901K, committed 1920K, reserved 1048576K
Event: 22,408 GC heap after
Heap after GC invocations=12 (full 3):
 PSYoungGen      total 229888K, used 39924K [0x00000000d6f80000, 0x00000000f0000000, 0x0000000100000000)
  eden space 189952K, 0% used [0x00000000d6f80000,0x00000000d6f80000,0x00000000e2900000)
  from space 39936K, 99% used [0x00000000e2900000,0x00000000e4ffd320,0x00000000e5000000)
  to   space 78336K, 0% used [0x00000000eb380000,0x00000000eb380000,0x00000000f0000000)
 ParOldGen       total 237568K, used 210454K [0x0000000084e00000, 0x0000000093600000, 0x00000000d6f80000)
  object space 237568K, 88% used [0x0000000084e00000,0x0000000091b85900,0x0000000093600000)
 Metaspace       used 14932K, capacity 15150K, committed 15488K, reserved 1062912K
  class space    used 1813K, capacity 1901K, committed 1920K, reserved 1048576K
}
Event: 22,408 GC heap before
{Heap before GC invocations=13 (full 4):
 PSYoungGen      total 229888K, used 39924K [0x00000000d6f80000, 0x00000000f0000000, 0x0000000100000000)
  eden space 189952K, 0% used [0x00000000d6f80000,0x00000000d6f80000,0x00000000e2900000)
  from space 39936K, 99% used [0x00000000e2900000,0x00000000e4ffd320,0x00000000e5000000)
  to   space 78336K, 0% used [0x00000000eb380000,0x00000000eb380000,0x00000000f0000000)
 ParOldGen       total 237568K, used 210454K [0x0000000084e00000, 0x0000000093600000, 0x00000000d6f80000)
  object space 237568K, 88% used [0x0000000084e00000,0x0000000091b85900,0x0000000093600000)
 Metaspace       used 14932K, capacity 15150K, committed 15488K, reserved 1062912K
  class space    used 1813K, capacity 1901K, committed 1920K, reserved 1048576K
Event: 22,477 GC heap after
Heap after GC invocations=13 (full 4):
 PSYoungGen      total 229888K, used 0K [0x00000000d6f80000, 0x00000000f0000000, 0x0000000100000000)
  eden space 189952K, 0% used [0x00000000d6f80000,0x00000000d6f80000,0x00000000e2900000)
  from space 39936K, 0% used [0x00000000e2900000,0x00000000e2900000,0x00000000e5000000)
  to   space 78336K, 0% used [0x00000000eb380000,0x00000000eb380000,0x00000000f0000000)
 ParOldGen       total 363520K, used 210197K [0x0000000084e00000, 0x000000009b100000, 0x00000000d6f80000)
  object space 363520K, 57% used [0x0000000084e00000,0x0000000091b456a0,0x000000009b100000)
 Metaspace       used 14932K, capacity 15150K, committed 15488K, reserved 1062912K
  class space    used 1813K, capacity 1901K, committed 1920K, reserved 1048576K
}

Deoptimization events (10 events):
Event: 1,161 Thread 0x00007f484c285800 Uncommon trap: reason=unstable_if action=reinterpret pc=0x00007f483d29b150 method=java.nio.Buffer.nextGetIndex()I @ 8
Event: 1,290 Thread 0x00007f484c285800 Uncommon trap: reason=unstable_if action=reinterpret pc=0x00007f483d2c94f0 method=java.lang.CharacterData.of(I)Ljava/lang/CharacterData; @ 4
Event: 1,437 Thread 0x00007f47f0084000 Uncommon trap: reason=unstable_if action=reinterpret pc=0x00007f483d2489ac method=java.util.concurrent.locks.AbstractQueuedSynchronizer.release(I)Z @ 14
Event: 2,974 Thread 0x00007f47f0071000 Uncommon trap: reason=unstable_if action=reinterpret pc=0x00007f483d381860 method=java.lang.ref.SoftReference.get()Ljava/lang/Object; @ 17
Event: 3,166 Thread 0x00007f47d8001000 Uncommon trap: reason=unstable_if action=reinterpret pc=0x00007f483d3f09f4 method=sun.awt.image.PNGImageDecoder.produceImage()V @ 867
Event: 3,176 Thread 0x00007f47d8001000 Uncommon trap: reason=unstable_if action=reinterpret pc=0x00007f483d3e488c method=sun.awt.image.ImageRepresentation.getOpaqueRGBImage()Ljava/awt/image/BufferedImage; @ 57
Event: 4,506 Thread 0x00007f484c285800 Uncommon trap: reason=unstable_if action=reinterpret pc=0x00007f483d44a6b8 method=com.sun.imageio.plugins.png.PNGImageReader.paethPredictor(III)I @ 41
Event: 20,753 Thread 0x00007f484c285800 Uncommon trap: reason=unstable_if action=reinterpret pc=0x00007f483d32b8f0 method=java.lang.ref.SoftReference.get()Ljava/lang/Object; @ 17
Event: 20,787 Thread 0x00007f47f800b800 Uncommon trap: reason=unstable_if action=reinterpret pc=0x00007f483d4fab64 method=java.io.BufferedInputStream.fill()V @ 9
Event: 21,609 Thread 0x00007f47bc001000 Uncommon trap: reason=unstable_if action=reinterpret pc=0x00007f483d3eb2b0 method=sun.awt.image.ImageRepresentation.getOpaqueRGBImage()Ljava/awt/image/BufferedImage; @ 57

Internal exceptions (10 events):
Event: 0,122 Thread 0x00007f484c009800 Exception <a 'java/security/PrivilegedActionException'> (0x00000000d7004780) thrown at [/HUDSON3/workspace/8-2-build-linux-amd64/jdk8u111/7883/hotspot/src/share/vm/prims/jvm.cpp, line 1386]
Event: 0,123 Thread 0x00007f484c009800 Exception <a 'java/security/PrivilegedActionException'> (0x00000000d7006bc0) thrown at [/HUDSON3/workspace/8-2-build-linux-amd64/jdk8u111/7883/hotspot/src/share/vm/prims/jvm.cpp, line 1386]
Event: 0,123 Thread 0x00007f484c009800 Exception <a 'java/security/PrivilegedActionException'> (0x00000000d7006dd0) thrown at [/HUDSON3/workspace/8-2-build-linux-amd64/jdk8u111/7883/hotspot/src/share/vm/prims/jvm.cpp, line 1386]
Event: 0,197 Thread 0x00007f484c009800 Exception <a 'java/lang/NoSuchFieldError': method resolution failed> (0x00000000d7171b98) thrown at [/HUDSON3/workspace/8-2-build-linux-amd64/jdk8u111/7883/hotspot/src/share/vm/prims/methodHandles.cpp, line 1146]
Event: 0,200 Thread 0x00007f484c009800 Exception <a 'java/lang/NoSuchFieldError': method resolution failed> (0x00000000d717f368) thrown at [/HUDSON3/workspace/8-2-build-linux-amd64/jdk8u111/7883/hotspot/src/share/vm/prims/methodHandles.cpp, line 1146]
Event: 0,229 Thread 0x00007f484c009800 Exception <a 'java/io/FileNotFoundException'> (0x00000000d71ff328) thrown at [/HUDSON3/workspace/8-2-build-linux-amd64/jdk8u111/7883/hotspot/src/share/vm/prims/jni.cpp, line 709]
Event: 0,229 Thread 0x00007f484c009800 Exception <a 'java/io/FileNotFoundException'> (0x00000000d71ffce0) thrown at [/HUDSON3/workspace/8-2-build-linux-amd64/jdk8u111/7883/hotspot/src/share/vm/prims/jni.cpp, line 709]
Event: 0,316 Thread 0x00007f484c009800 Implicit null exception at 0x00007f483d1420a2 to 0x00007f483d142275
Event: 1,437 Thread 0x00007f47f0084000 Implicit null exception at 0x00007f483d248954 to 0x00007f483d24899e
Event: 1,446 Thread 0x00007f484c285800 Exception <a 'java/lang/UnsupportedOperationException': > (0x00000000d83f31b8) thrown at [/HUDSON3/workspace/8-2-build-linux-amd64/jdk8u111/7883/hotspot/src/share/vm/prims/jni.cpp, line 735]

Events (10 events):
Event: 22,013 Executing VM operation: RevokeBias
Event: 22,477 Executing VM operation: RevokeBias done
Event: 22,478 Thread 0x00007f47f0104800 Thread exited: 0x00007f47f0104800
Event: 22,479 Thread 0x00007f484c0b9800 flushing nmethod 0x00007f483d37ef90
Event: 22,479 Thread 0x00007f484c0b9800 flushing nmethod 0x00007f483d37f310
Event: 22,479 Thread 0x00007f484c0b9800 flushing nmethod 0x00007f483d3b36d0
Event: 22,480 Thread 0x00007f484c0b9800 flushing nmethod 0x00007f483d3bd210
Event: 22,480 Thread 0x00007f484c0b9800 flushing nmethod 0x00007f483d3e64d0
Event: 22,480 Executing VM operation: RevokeBias
Event: 22,481 Executing VM operation: RevokeBias done


Dynamic libraries:
00400000-00401000 r-xp 00000000 08:15 12855452                           /usr/lib/jvm/java-8-oracle/bin/java
00600000-00601000 rw-p 00000000 08:15 12855452                           /usr/lib/jvm/java-8-oracle/bin/java
01494000-014b5000 rw-p 00000000 00:00 0                                  [heap]
84e00000-9b100000 rw-p 00000000 00:00 0 
d6f80000-f0000000 rw-p 00000000 00:00 0 
f0000000-100000000 ---p 00000000 00:00 0 
100000000-1001e0000 rw-p 00000000 00:00 0 
1001e0000-140000000 ---p 00000000 00:00 0 
7f47b49ca000-7f47b49cd000 ---p 00000000 00:00 0 
7f47b49cd000-7f47b4acb000 rw-p 00000000 00:00 0 
7f47b4acb000-7f47b4ace000 ---p 00000000 00:00 0 
7f47b4ace000-7f47b4bcc000 rw-p 00000000 00:00 0 
7f47b4bcc000-7f47b4bcf000 ---p 00000000 00:00 0 
7f47b4bcf000-7f47b4ccd000 rw-p 00000000 00:00 0 
7f47b4ccd000-7f47b4cd0000 ---p 00000000 00:00 0 
7f47b4cd0000-7f47b4dce000 rw-p 00000000 00:00 0 
7f47b4dce000-7f47b4dd1000 ---p 00000000 00:00 0 
7f47b4dd1000-7f47b4ecf000 rw-p 00000000 00:00 0 
7f47b4ecf000-7f47b4ed2000 ---p 00000000 00:00 0 
7f47b4ed2000-7f47b4fd0000 rw-p 00000000 00:00 0 
7f47b4fd0000-7f47b4fd3000 ---p 00000000 00:00 0 
7f47b4fd3000-7f47b50d1000 rw-p 00000000 00:00 0 
7f47b50d1000-7f47b50d4000 ---p 00000000 00:00 0 
7f47b50d4000-7f47b51d2000 rw-p 00000000 00:00 0 
7f47b51d2000-7f47b51d5000 ---p 00000000 00:00 0 
7f47b51d5000-7f47b52d3000 rw-p 00000000 00:00 0 
7f47b52d3000-7f47b52d6000 ---p 00000000 00:00 0 
7f47b52d6000-7f47b53d4000 rw-p 00000000 00:00 0 
7f47b53d4000-7f47b53d7000 ---p 00000000 00:00 0 
7f47b53d7000-7f47b54d5000 rw-p 00000000 00:00 0 
7f47b54d5000-7f47b54d8000 ---p 00000000 00:00 0 
7f47b54d8000-7f47b55d6000 rw-p 00000000 00:00 0 
7f47b55d6000-7f47b55d9000 ---p 00000000 00:00 0 
7f47b55d9000-7f47b56d7000 rw-p 00000000 00:00 0 
7f47b56d7000-7f47b56da000 ---p 00000000 00:00 0 
7f47b56da000-7f47b57d8000 rw-p 00000000 00:00 0 
7f47b57d8000-7f47b57db000 ---p 00000000 00:00 0 
7f47b57db000-7f47b58d9000 rw-p 00000000 00:00 0 
7f47b58d9000-7f47b58dc000 ---p 00000000 00:00 0 
7f47b58dc000-7f47b59da000 rw-p 00000000 00:00 0 
7f47b59da000-7f47b59dd000 ---p 00000000 00:00 0 
7f47b59dd000-7f47b5adb000 rw-p 00000000 00:00 0 
7f47b5adb000-7f47b5ade000 ---p 00000000 00:00 0 
7f47b5ade000-7f47b5bdc000 rw-p 00000000 00:00 0 
7f47b5bdc000-7f47b5bdf000 ---p 00000000 00:00 0 
7f47b5bdf000-7f47b5cdd000 rw-p 00000000 00:00 0 
7f47b5cdd000-7f47b5ce0000 ---p 00000000 00:00 0 
7f47b5ce0000-7f47b5dde000 rw-p 00000000 00:00 0 
7f47b5dde000-7f47b5de1000 ---p 00000000 00:00 0 
7f47b5de1000-7f47b5edf000 rw-p 00000000 00:00 0 
7f47b5edf000-7f47b5ee2000 ---p 00000000 00:00 0 
7f47b5ee2000-7f47b5fe0000 rw-p 00000000 00:00 0 
7f47b5fe0000-7f47b5fe3000 ---p 00000000 00:00 0 
7f47b5fe3000-7f47b60e1000 rw-p 00000000 00:00 0 
7f47b60e1000-7f47b60e4000 ---p 00000000 00:00 0 
7f47b60e4000-7f47b61e2000 rw-p 00000000 00:00 0 
7f47b61e2000-7f47b61e5000 ---p 00000000 00:00 0 
7f47b61e5000-7f47b62e3000 rw-p 00000000 00:00 0 
7f47b62e3000-7f47b62e6000 ---p 00000000 00:00 0 
7f47b62e6000-7f47b63e4000 rw-p 00000000 00:00 0 
7f47b63e4000-7f47b63e7000 ---p 00000000 00:00 0 
7f47b63e7000-7f47b64e5000 rw-p 00000000 00:00 0 
7f47b64e5000-7f47b64e8000 ---p 00000000 00:00 0 
7f47b64e8000-7f47b65e6000 rw-p 00000000 00:00 0 
7f47b65e6000-7f47b65e9000 ---p 00000000 00:00 0 
7f47b65e9000-7f47b66e7000 rw-p 00000000 00:00 0 
7f47b66e7000-7f47b66ea000 ---p 00000000 00:00 0 
7f47b66ea000-7f47b67e8000 rw-p 00000000 00:00 0 
7f47b67e8000-7f47b67eb000 ---p 00000000 00:00 0 
7f47b67eb000-7f47b68e9000 rw-p 00000000 00:00 0 
7f47b68e9000-7f47b68ec000 ---p 00000000 00:00 0 
7f47b68ec000-7f47b69ea000 rw-p 00000000 00:00 0 
7f47b69ea000-7f47b69ed000 ---p 00000000 00:00 0 
7f47b69ed000-7f47b6aeb000 rw-p 00000000 00:00 0 
7f47b6aeb000-7f47b6aee000 ---p 00000000 00:00 0 
7f47b6aee000-7f47b6bec000 rw-p 00000000 00:00 0 
7f47b6bec000-7f47b6bef000 ---p 00000000 00:00 0 
7f47b6bef000-7f47b6ced000 rw-p 00000000 00:00 0 
7f47b6ced000-7f47b6cf0000 ---p 00000000 00:00 0 
7f47b6cf0000-7f47b6dee000 rw-p 00000000 00:00 0 
7f47b6dee000-7f47b6df1000 ---p 00000000 00:00 0 
7f47b6df1000-7f47b6eef000 rw-p 00000000 00:00 0 
7f47b6eef000-7f47b6ef2000 ---p 00000000 00:00 0 
7f47b6ef2000-7f47b6ff0000 rw-p 00000000 00:00 0 
7f47b6ff0000-7f47b6ff3000 ---p 00000000 00:00 0 
7f47b6ff3000-7f47b70f1000 rw-p 00000000 00:00 0 
7f47b70f1000-7f47b70f4000 ---p 00000000 00:00 0 
7f47b70f4000-7f47b71f2000 rw-p 00000000 00:00 0 
7f47b71f2000-7f47b71f5000 ---p 00000000 00:00 0 
7f47b71f5000-7f47b72f3000 rw-p 00000000 00:00 0 
7f47b72f3000-7f47b72f6000 ---p 00000000 00:00 0 
7f47b72f6000-7f47b73f4000 rw-p 00000000 00:00 0 
7f47b73f4000-7f47b73f7000 ---p 00000000 00:00 0 
7f47b73f7000-7f47b74f5000 rw-p 00000000 00:00 0 
7f47b74f5000-7f47b74f8000 ---p 00000000 00:00 0 
7f47b74f8000-7f47b75f6000 rw-p 00000000 00:00 0 
7f47b75f6000-7f47b75f9000 ---p 00000000 00:00 0 
7f47b75f9000-7f47b76f7000 rw-p 00000000 00:00 0 
7f47b76f7000-7f47b76fa000 ---p 00000000 00:00 0 
7f47b76fa000-7f47b77f8000 rw-p 00000000 00:00 0 
7f47b77f8000-7f47b77fb000 ---p 00000000 00:00 0 
7f47b77fb000-7f47b78f9000 rw-p 00000000 00:00 0 
7f47b78f9000-7f47b78fc000 ---p 00000000 00:00 0 
7f47b78fc000-7f47b79fa000 rw-p 00000000 00:00 0 
7f47b79fa000-7f47b79fd000 ---p 00000000 00:00 0 
7f47b79fd000-7f47b7afb000 rw-p 00000000 00:00 0 
7f47b7afb000-7f47b7afe000 ---p 00000000 00:00 0 
7f47b7afe000-7f47b7bfc000 rw-p 00000000 00:00 0 
7f47b7bfc000-7f47b7bff000 ---p 00000000 00:00 0 
7f47b7bff000-7f47b7cfd000 rw-p 00000000 00:00 0 
7f47b7cfd000-7f47b7d00000 ---p 00000000 00:00 0 
7f47b7d00000-7f47b7dfe000 rw-p 00000000 00:00 0 
7f47b7dfe000-7f47b7e01000 ---p 00000000 00:00 0 
7f47b7e01000-7f47b7eff000 rw-p 00000000 00:00 0 
7f47b7eff000-7f47b7f02000 ---p 00000000 00:00 0 
7f47b7f02000-7f47b8000000 rw-p 00000000 00:00 0 
7f47b8000000-7f47b8021000 rw-p 00000000 00:00 0 
7f47b8021000-7f47bc000000 ---p 00000000 00:00 0 
7f47bc000000-7f47bc021000 rw-p 00000000 00:00 0 
7f47bc021000-7f47c0000000 ---p 00000000 00:00 0 
7f47c0000000-7f47c0021000 rw-p 00000000 00:00 0 
7f47c0021000-7f47c4000000 ---p 00000000 00:00 0 
7f47c4000000-7f47c4021000 rw-p 00000000 00:00 0 
7f47c4021000-7f47c8000000 ---p 00000000 00:00 0 
7f47c8000000-7f47c8021000 rw-p 00000000 00:00 0 
7f47c8021000-7f47cc000000 ---p 00000000 00:00 0 
7f47cc000000-7f47cc021000 rw-p 00000000 00:00 0 
7f47cc021000-7f47d0000000 ---p 00000000 00:00 0 
7f47d0000000-7f47d062d000 rw-p 00000000 00:00 0 
7f47d062d000-7f47d4000000 ---p 00000000 00:00 0 
7f47d4000000-7f47d4618000 rw-p 00000000 00:00 0 
7f47d4618000-7f47d8000000 ---p 00000000 00:00 0 
7f47d8000000-7f47d831a000 rw-p 00000000 00:00 0 
7f47d831a000-7f47dc000000 ---p 00000000 00:00 0 
7f47dc000000-7f47dc021000 rw-p 00000000 00:00 0 
7f47dc021000-7f47e0000000 ---p 00000000 00:00 0 
7f47e0000000-7f47e0021000 rw-p 00000000 00:00 0 
7f47e0021000-7f47e4000000 ---p 00000000 00:00 0 
7f47e4000000-7f47e4021000 rw-p 00000000 00:00 0 
7f47e4021000-7f47e8000000 ---p 00000000 00:00 0 
7f47e80ce000-7f47e80d1000 ---p 00000000 00:00 0 
7f47e80d1000-7f47e81cf000 rw-p 00000000 00:00 0 
7f47e81cf000-7f47e81d2000 ---p 00000000 00:00 0 
7f47e81d2000-7f47e82d0000 rw-p 00000000 00:00 0 
7f47e82d0000-7f47e82d3000 ---p 00000000 00:00 0 
7f47e82d3000-7f47e83d1000 rw-p 00000000 00:00 0 
7f47e83d1000-7f47e83d4000 ---p 00000000 00:00 0 
7f47e83d4000-7f47e84d2000 rw-p 00000000 00:00 0 
7f47e84d2000-7f47e84d5000 ---p 00000000 00:00 0 
7f47e84d5000-7f47e85d3000 rw-p 00000000 00:00 0 
7f47e85d3000-7f47e85d6000 ---p 00000000 00:00 0 
7f47e85d6000-7f47e86d4000 rw-p 00000000 00:00 0 
7f47e86d4000-7f47e86d7000 ---p 00000000 00:00 0 
7f47e86d7000-7f47e87d5000 rw-p 00000000 00:00 0 
7f47e87d5000-7f47e87d8000 ---p 00000000 00:00 0 
7f47e87d8000-7f47e88d6000 rw-p 00000000 00:00 0 
7f47e88d6000-7f47e88d9000 ---p 00000000 00:00 0 
7f47e88d9000-7f47e89d7000 rw-p 00000000 00:00 0 
7f47e89d7000-7f47e89da000 ---p 00000000 00:00 0 
7f47e89da000-7f47e8ad8000 rw-p 00000000 00:00 0 
7f47e8ad8000-7f47e8adb000 ---p 00000000 00:00 0 
7f47e8adb000-7f47e8bd9000 rw-p 00000000 00:00 0 
7f47e8bd9000-7f47e8bdc000 ---p 00000000 00:00 0 
7f47e8bdc000-7f47e8cda000 rw-p 00000000 00:00 0 
7f47e8cda000-7f47e8cdd000 ---p 00000000 00:00 0 
7f47e8cdd000-7f47e8ddb000 rw-p 00000000 00:00 0 
7f47e8ddb000-7f47e8dde000 ---p 00000000 00:00 0 
7f47e8dde000-7f47e8edc000 rw-p 00000000 00:00 0 
7f47e8edc000-7f47e8edf000 ---p 00000000 00:00 0 
7f47e8edf000-7f47e8fdd000 rw-p 00000000 00:00 0 
7f47e8fdd000-7f47e8fe0000 ---p 00000000 00:00 0 
7f47e8fe0000-7f47e90de000 rw-p 00000000 00:00 0 
7f47e90de000-7f47e90e1000 ---p 00000000 00:00 0 
7f47e90e1000-7f47e91df000 rw-p 00000000 00:00 0 
7f47e91df000-7f47e91e2000 ---p 00000000 00:00 0 
7f47e91e2000-7f47e92e0000 rw-p 00000000 00:00 0 
7f47e92e0000-7f47e92e3000 ---p 00000000 00:00 0 
7f47e92e3000-7f47e93e1000 rw-p 00000000 00:00 0 
7f47e93e1000-7f47e93e4000 ---p 00000000 00:00 0 
7f47e93e4000-7f47e94e2000 rw-p 00000000 00:00 0 
7f47e94e2000-7f47e94e5000 ---p 00000000 00:00 0 
7f47e94e5000-7f47e95e3000 rw-p 00000000 00:00 0 
7f47e95e3000-7f47e95e6000 ---p 00000000 00:00 0 
7f47e95e6000-7f47e96e4000 rw-p 00000000 00:00 0 
7f47e96e4000-7f47e96e7000 ---p 00000000 00:00 0 
7f47e96e7000-7f47e97e5000 rw-p 00000000 00:00 0 
7f47e97e5000-7f47e97e8000 ---p 00000000 00:00 0 
7f47e97e8000-7f47e98e6000 rw-p 00000000 00:00 0 
7f47e98e6000-7f47e98e9000 ---p 00000000 00:00 0 
7f47e98e9000-7f47e99e7000 rw-p 00000000 00:00 0 
7f47e99e7000-7f47e99ea000 ---p 00000000 00:00 0 
7f47e99ea000-7f47e9ae8000 rw-p 00000000 00:00 0 
7f47e9ae8000-7f47e9aeb000 ---p 00000000 00:00 0 
7f47e9aeb000-7f47e9be9000 rw-p 00000000 00:00 0 
7f47e9ce3000-7f47e9ce6000 ---p 00000000 00:00 0 
7f47e9ce6000-7f47e9de4000 rw-p 00000000 00:00 0 
7f47e9de4000-7f47e9de7000 ---p 00000000 00:00 0 
7f47e9de7000-7f47e9ee5000 rw-p 00000000 00:00 0 
7f47e9ee5000-7f47e9ee8000 ---p 00000000 00:00 0 
7f47e9ee8000-7f47e9fe6000 rw-p 00000000 00:00 0 
7f47e9fe6000-7f47e9fe9000 ---p 00000000 00:00 0 
7f47e9fe9000-7f47ea0e7000 rw-p 00000000 00:00 0 
7f47ea0e7000-7f47ea0ea000 ---p 00000000 00:00 0 
7f47ea0ea000-7f47ea1e8000 rw-p 00000000 00:00 0 
7f47ea1e8000-7f47ea1eb000 ---p 00000000 00:00 0 
7f47ea1eb000-7f47ea2e9000 rw-p 00000000 00:00 0 
7f47ea2e9000-7f47ea2ec000 ---p 00000000 00:00 0 
7f47ea2ec000-7f47ea3ea000 rw-p 00000000 00:00 0 
7f47ea3ea000-7f47ea3ed000 ---p 00000000 00:00 0 
7f47ea3ed000-7f47ea4eb000 rw-p 00000000 00:00 0 
7f47ea4eb000-7f47ea4ee000 ---p 00000000 00:00 0 
7f47ea4ee000-7f47ea5ec000 rw-p 00000000 00:00 0 
7f47ea5ec000-7f47eadd5000 rw-s 00000000 00:05 28999769                   /SYSV00000000 (deleted)
7f47eae3d000-7f47eae40000 ---p 00000000 00:00 0 
7f47eae40000-7f47eaf3e000 rw-p 00000000 00:00 0 
7f47eaf3e000-7f47eaf41000 ---p 00000000 00:00 0 
7f47eaf41000-7f47eb03f000 rw-p 00000000 00:00 0 
7f47eb03f000-7f47eb042000 ---p 00000000 00:00 0 
7f47eb042000-7f47eb140000 rw-p 00000000 00:00 0 
7f47eb140000-7f47eb143000 ---p 00000000 00:00 0 
7f47eb143000-7f47eb241000 rw-p 00000000 00:00 0 
7f47eb241000-7f47eb244000 ---p 00000000 00:00 0 
7f47eb244000-7f47eb342000 rw-p 00000000 00:00 0 
7f47eb342000-7f47eb345000 ---p 00000000 00:00 0 
7f47eb345000-7f47eb443000 rw-p 00000000 00:00 0 
7f47eb443000-7f47eb446000 ---p 00000000 00:00 0 
7f47eb446000-7f47eb544000 rw-p 00000000 00:00 0 
7f47eb544000-7f47eb547000 ---p 00000000 00:00 0 
7f47eb547000-7f47eb645000 rw-p 00000000 00:00 0 
7f47eb645000-7f47eb648000 ---p 00000000 00:00 0 
7f47eb648000-7f47eb746000 rw-p 00000000 00:00 0 
7f47eb746000-7f47eb749000 ---p 00000000 00:00 0 
7f47eb749000-7f47eb847000 rw-p 00000000 00:00 0 
7f47eb847000-7f47eb882000 r-xp 00000000 08:15 12980351                   /usr/lib/jvm/java-8-oracle/jre/lib/amd64/libjpeg.so
7f47eb882000-7f47eba81000 ---p 0003b000 08:15 12980351                   /usr/lib/jvm/java-8-oracle/jre/lib/amd64/libjpeg.so
7f47eba81000-7f47eba82000 rw-p 0003a000 08:15 12980351                   /usr/lib/jvm/java-8-oracle/jre/lib/amd64/libjpeg.so
7f47eba82000-7f47eba85000 ---p 00000000 00:00 0 
7f47eba85000-7f47ebb83000 rw-p 00000000 00:00 0 
7f47ebbfc000-7f47ebbff000 ---p 00000000 00:00 0 
7f47ebbff000-7f47ebcfd000 rw-p 00000000 00:00 0 
7f47ebcfd000-7f47ebd00000 ---p 00000000 00:00 0 
7f47ebd00000-7f47ebdfe000 rw-p 00000000 00:00 0 
7f47ebdfe000-7f47ebe01000 ---p 00000000 00:00 0 
7f47ebe01000-7f47ebeff000 rw-p 00000000 00:00 0 
7f47ebeff000-7f47ebf02000 ---p 00000000 00:00 0 
7f47ebf02000-7f47ec000000 rw-p 00000000 00:00 0 
7f47ec000000-7f47ec021000 rw-p 00000000 00:00 0 
7f47ec021000-7f47f0000000 ---p 00000000 00:00 0 
7f47f0000000-7f47f0408000 rw-p 00000000 00:00 0 
7f47f0408000-7f47f4000000 ---p 00000000 00:00 0 
7f47f4000000-7f47f4024000 rw-p 00000000 00:00 0 
7f47f4024000-7f47f8000000 ---p 00000000 00:00 0 
7f47f8000000-7f47f8021000 rw-p 00000000 00:00 0 
7f47f8021000-7f47fc000000 ---p 00000000 00:00 0 
7f47fc000000-7f47fc021000 rw-p 00000000 00:00 0 
7f47fc021000-7f4800000000 ---p 00000000 00:00 0 
7f4800000000-7f4800021000 rw-p 00000000 00:00 0 
7f4800021000-7f4804000000 ---p 00000000 00:00 0 
7f4804000000-7f48045ad000 rw-p 00000000 00:00 0 
7f48045ad000-7f4808000000 ---p 00000000 00:00 0 
7f4808000000-7f4808021000 rw-p 00000000 00:00 0 
7f4808021000-7f480c000000 ---p 00000000 00:00 0 
7f480c000000-7f480d95a000 rw-p 00000000 00:00 0 
7f480d95a000-7f4810000000 ---p 00000000 00:00 0 
7f48100e5000-7f4810225000 rw-p 00000000 00:00 0 
7f4810225000-7f48102e8000 ---p 00000000 00:00 0 
7f48102e8000-7f48103e6000 rw-p 00000000 00:00 0 
7f48103e6000-7f48103e9000 ---p 00000000 00:00 0 
7f48103e9000-7f48104e7000 rw-p 00000000 00:00 0 
7f48104e7000-7f48104ea000 ---p 00000000 00:00 0 
7f48104ea000-7f48105e8000 rw-p 00000000 00:00 0 
7f48105e8000-7f48105eb000 ---p 00000000 00:00 0 
7f48105eb000-7f48106e9000 rw-p 00000000 00:00 0 
7f48106e9000-7f48106ec000 ---p 00000000 00:00 0 
7f48106ec000-7f48109ea000 rw-p 00000000 00:00 0 
7f48109ea000-7f48109ed000 ---p 00000000 00:00 0 
7f48109ed000-7f4810aeb000 rw-p 00000000 00:00 0 
7f4810aeb000-7f4810aee000 ---p 00000000 00:00 0 
7f4810aee000-7f4810bec000 rw-p 00000000 00:00 0 
7f4810bec000-7f4810c55000 r-xp 00000000 08:15 12980623                   /usr/lib/jvm/java-8-oracle/jre/lib/amd64/libt2k.so
7f4810c55000-7f4810e55000 ---p 00069000 08:15 12980623                   /usr/lib/jvm/java-8-oracle/jre/lib/amd64/libt2k.so
7f4810e55000-7f4810e5c000 rw-p 00069000 08:15 12980623                   /usr/lib/jvm/java-8-oracle/jre/lib/amd64/libt2k.so
7f4810e5c000-7f4810e6c000 rw-p 00000000 00:00 0 
7f4810e6c000-7f4810e7d000 r-xp 00000000 08:15 12980591                   /usr/lib/jvm/java-8-oracle/jre/lib/amd64/libnio.so
7f4810e7d000-7f481107c000 ---p 00011000 08:15 12980591                   /usr/lib/jvm/java-8-oracle/jre/lib/amd64/libnio.so
7f481107c000-7f481107d000 rw-p 00010000 08:15 12980591                   /usr/lib/jvm/java-8-oracle/jre/lib/amd64/libnio.so
7f481107d000-7f481137e000 rw-p 00000000 00:00 0 
7f481137e000-7f4811394000 r-xp 00000000 08:15 12980356                   /usr/lib/jvm/java-8-oracle/jre/lib/amd64/libnet.so
7f4811394000-7f4811594000 ---p 00016000 08:15 12980356                   /usr/lib/jvm/java-8-oracle/jre/lib/amd64/libnet.so
7f4811594000-7f4811595000 rw-p 00016000 08:15 12980356                   /usr/lib/jvm/java-8-oracle/jre/lib/amd64/libnet.so
7f4811595000-7f4811795000 rw-p 00000000 00:00 0 
7f4811795000-7f4811798000 ---p 00000000 00:00 0 
7f4811798000-7f4811896000 rw-p 00000000 00:00 0 
7f4811896000-7f4811899000 ---p 00000000 00:00 0 
7f4811899000-7f4811997000 rw-p 00000000 00:00 0 
7f4811997000-7f481199a000 ---p 00000000 00:00 0 
7f481199a000-7f4811a98000 rw-p 00000000 00:00 0 
7f4811a98000-7f4811a9b000 ---p 00000000 00:00 0 
7f4811a9b000-7f4811b99000 rw-p 00000000 00:00 0 
7f4811b99000-7f4811b9e000 r-xp 00000000 08:15 12329486                   /usr/lib/x86_64-linux-gnu/libXfixes.so.3.1.0
7f4811b9e000-7f4811d9d000 ---p 00005000 08:15 12329486                   /usr/lib/x86_64-linux-gnu/libXfixes.so.3.1.0
7f4811d9d000-7f4811d9e000 r--p 00004000 08:15 12329486                   /usr/lib/x86_64-linux-gnu/libXfixes.so.3.1.0
7f4811d9e000-7f4811d9f000 rw-p 00005000 08:15 12329486                   /usr/lib/x86_64-linux-gnu/libXfixes.so.3.1.0
7f4811d9f000-7f4811da8000 r-xp 00000000 08:15 12329478                   /usr/lib/x86_64-linux-gnu/libXcursor.so.1.0.2
7f4811da8000-7f4811fa7000 ---p 00009000 08:15 12329478                   /usr/lib/x86_64-linux-gnu/libXcursor.so.1.0.2
7f4811fa7000-7f4811fa8000 r--p 00008000 08:15 12329478                   /usr/lib/x86_64-linux-gnu/libXcursor.so.1.0.2
7f4811fa8000-7f4811fa9000 rw-p 00009000 08:15 12329478                   /usr/lib/x86_64-linux-gnu/libXcursor.so.1.0.2
7f4811fa9000-7f4811fac000 ---p 00000000 00:00 0 
7f4811fac000-7f48120aa000 rw-p 00000000 00:00 0 
7f48120aa000-7f48120c0000 r-xp 00000000 08:15 7082441                    /lib/x86_64-linux-gnu/libgcc_s.so.1
7f48120c0000-7f48122bf000 ---p 00016000 08:15 7082441                    /lib/x86_64-linux-gnu/libgcc_s.so.1
7f48122bf000-7f48122c0000 rw-p 00015000 08:15 7082441                    /lib/x86_64-linux-gnu/libgcc_s.so.1
7f48122c0000-7f4812325000 r-xp 00000000 08:15 12980585                   /usr/lib/jvm/java-8-oracle/jre/lib/amd64/libfontmanager.so
7f4812325000-7f4812524000 ---p 00065000 08:15 12980585                   /usr/lib/jvm/java-8-oracle/jre/lib/amd64/libfontmanager.so
7f4812524000-7f4812529000 rw-p 00064000 08:15 12980585                   /usr/lib/jvm/java-8-oracle/jre/lib/amd64/libfontmanager.so
7f4812529000-7f4812539000 rw-p 00000000 00:00 0 
7f4812539000-7f481253e000 r-xp 00000000 08:15 12329482                   /usr/lib/x86_64-linux-gnu/libXdmcp.so.6.0.0
7f481253e000-7f481273d000 ---p 00005000 08:15 12329482                   /usr/lib/x86_64-linux-gnu/libXdmcp.so.6.0.0
7f481273d000-7f481273e000 r--p 00004000 08:15 12329482                   /usr/lib/x86_64-linux-gnu/libXdmcp.so.6.0.0
7f481273e000-7f481273f000 rw-p 00005000 08:15 12329482                   /usr/lib/x86_64-linux-gnu/libXdmcp.so.6.0.0
7f481273f000-7f4812741000 r-xp 00000000 08:15 12329471                   /usr/lib/x86_64-linux-gnu/libXau.so.6.0.0
7f4812741000-7f4812941000 ---p 00002000 08:15 12329471                   /usr/lib/x86_64-linux-gnu/libXau.so.6.0.0
7f4812941000-7f4812942000 r--p 00002000 08:15 12329471                   /usr/lib/x86_64-linux-gnu/libXau.so.6.0.0
7f4812942000-7f4812943000 rw-p 00003000 08:15 12329471                   /usr/lib/x86_64-linux-gnu/libXau.so.6.0.0
7f4812943000-7f4812964000 r-xp 00000000 08:15 12330820                   /usr/lib/x86_64-linux-gnu/libxcb.so.1.1.0
7f4812964000-7f4812b63000 ---p 00021000 08:15 12330820                   /usr/lib/x86_64-linux-gnu/libxcb.so.1.1.0
7f4812b63000-7f4812b64000 r--p 00020000 08:15 12330820                   /usr/lib/x86_64-linux-gnu/libxcb.so.1.1.0
7f4812b64000-7f4812b65000 rw-p 00021000 08:15 12330820                   /usr/lib/x86_64-linux-gnu/libxcb.so.1.1.0
7f4812b65000-7f4812b74000 r-xp 00000000 08:15 12329492                   /usr/lib/x86_64-linux-gnu/libXi.so.6.1.0
7f4812b74000-7f4812d73000 ---p 0000f000 08:15 12329492                   /usr/lib/x86_64-linux-gnu/libXi.so.6.1.0
7f4812d73000-7f4812d74000 r--p 0000e000 08:15 12329492                   /usr/lib/x86_64-linux-gnu/libXi.so.6.1.0
7f4812d74000-7f4812d75000 rw-p 0000f000 08:15 12329492                   /usr/lib/x86_64-linux-gnu/libXi.so.6.1.0
7f4812d75000-7f4812d7a000 r-xp 00000000 08:15 12329510                   /usr/lib/x86_64-linux-gnu/libXtst.so.6.1.0
7f4812d7a000-7f4812f79000 ---p 00005000 08:15 12329510                   /usr/lib/x86_64-linux-gnu/libXtst.so.6.1.0
7f4812f79000-7f4812f7a000 r--p 00004000 08:15 12329510                   /usr/lib/x86_64-linux-gnu/libXtst.so.6.1.0
7f4812f7a000-7f4812f7b000 rw-p 00005000 08:15 12329510                   /usr/lib/x86_64-linux-gnu/libXtst.so.6.1.0
7f4812f7b000-7f4812f84000 r-xp 00000000 08:15 12329504                   /usr/lib/x86_64-linux-gnu/libXrender.so.1.3.0
7f4812f84000-7f4813183000 ---p 00009000 08:15 12329504                   /usr/lib/x86_64-linux-gnu/libXrender.so.1.3.0
7f4813183000-7f4813184000 r--p 00008000 08:15 12329504                   /usr/lib/x86_64-linux-gnu/libXrender.so.1.3.0
7f4813184000-7f4813185000 rw-p 00009000 08:15 12329504                   /usr/lib/x86_64-linux-gnu/libXrender.so.1.3.0
7f4813185000-7f48132ba000 r-xp 00000000 08:15 12329467                   /usr/lib/x86_64-linux-gnu/libX11.so.6.3.0
7f48132ba000-7f48134ba000 ---p 00135000 08:15 12329467                   /usr/lib/x86_64-linux-gnu/libX11.so.6.3.0
7f48134ba000-7f48134bb000 r--p 00135000 08:15 12329467                   /usr/lib/x86_64-linux-gnu/libX11.so.6.3.0
7f48134bb000-7f48134bf000 rw-p 00136000 08:15 12329467                   /usr/lib/x86_64-linux-gnu/libX11.so.6.3.0
7f48134bf000-7f48134d0000 r-xp 00000000 08:15 12329484                   /usr/lib/x86_64-linux-gnu/libXext.so.6.4.0
7f48134d0000-7f48136cf000 ---p 00011000 08:15 12329484                   /usr/lib/x86_64-linux-gnu/libXext.so.6.4.0
7f48136cf000-7f48136d0000 r--p 00010000 08:15 12329484                   /usr/lib/x86_64-linux-gnu/libXext.so.6.4.0
7f48136d0000-7f48136d1000 rw-p 00011000 08:15 12329484                   /usr/lib/x86_64-linux-gnu/libXext.so.6.4.0
7f48136d1000-7f4813725000 r-xp 00000000 08:15 12980593                   /usr/lib/jvm/java-8-oracle/jre/lib/amd64/libawt_xawt.so
7f4813725000-7f4813925000 ---p 00054000 08:15 12980593                   /usr/lib/jvm/java-8-oracle/jre/lib/amd64/libawt_xawt.so
7f4813925000-7f4813929000 rw-p 00054000 08:15 12980593                   /usr/lib/jvm/java-8-oracle/jre/lib/amd64/libawt_xawt.so
7f4813929000-7f481392a000 rw-p 00000000 00:00 0 
7f481392a000-7f48139cc000 r-xp 00000000 08:15 12980626                   /usr/lib/jvm/java-8-oracle/jre/lib/amd64/libawt.so
7f48139cc000-7f4813bcc000 ---p 000a2000 08:15 12980626                   /usr/lib/jvm/java-8-oracle/jre/lib/amd64/libawt.so
7f4813bcc000-7f4813bd8000 rw-p 000a2000 08:15 12980626                   /usr/lib/jvm/java-8-oracle/jre/lib/amd64/libawt.so
7f4813bd8000-7f4813bfc000 rw-p 00000000 00:00 0 
7f4813bfc000-7f4813bfd000 ---p 00000000 00:00 0 
7f4813bfd000-7f4813cfd000 rw-p 00000000 00:00 0 
7f4813cfd000-7f4813d00000 ---p 00000000 00:00 0 
7f4813d00000-7f4813dfe000 rw-p 00000000 00:00 0 
7f4813dfe000-7f4813e01000 ---p 00000000 00:00 0 
7f4813e01000-7f4813eff000 rw-p 00000000 00:00 0 
7f4813eff000-7f4813f02000 ---p 00000000 00:00 0 
7f4813f02000-7f4814000000 rw-p 00000000 00:00 0 
7f4814000000-7f4814021000 rw-p 00000000 00:00 0 
7f4814021000-7f4818000000 ---p 00000000 00:00 0 
7f4818000000-7f481856e000 rw-p 00000000 00:00 0 
7f481856e000-7f481c000000 ---p 00000000 00:00 0 
7f481c000000-7f481c021000 rw-p 00000000 00:00 0 
7f481c021000-7f4820000000 ---p 00000000 00:00 0 
7f4820000000-7f4820021000 rw-p 00000000 00:00 0 
7f4820021000-7f4824000000 ---p 00000000 00:00 0 
7f4824000000-7f4824393000 rw-p 00000000 00:00 0 
7f4824393000-7f4828000000 ---p 00000000 00:00 0 
7f4828000000-7f4828021000 rw-p 00000000 00:00 0 
7f4828021000-7f482c000000 ---p 00000000 00:00 0 
7f482c006000-7f482c00a000 r--s 00000000 08:15 5506269                    /var/cache/fontconfig/6aa41aa22e18b8fa06a12da28ea9c28b-le64.cache-6
7f482c00a000-7f482c015000 r--s 00000000 08:15 5505130                    /var/cache/fontconfig/945677eb7aeaf62f1d50efc3fb3ec7d8-le64.cache-6
7f482c015000-7f482c01e000 r--s 00000000 08:15 5518659                    /var/cache/fontconfig/a6d8cf8e4ec09cdbc8633c31745a07dd-le64.cache-6
7f482c01e000-7f482c033000 r--s 00000000 08:15 5514140                    /var/cache/fontconfig/04aabc0a78ac019cf9454389977116d2-le64.cache-6
7f482c033000-7f482c06e000 r--s 00000000 08:15 5505135                    /var/cache/fontconfig/365b55f210c0a22e9a19e35191240f32-le64.cache-6
7f482c06e000-7f482c071000 ---p 00000000 00:00 0 
7f482c071000-7f482c16f000 rw-p 00000000 00:00 0 
7f482c16f000-7f482c172000 ---p 00000000 00:00 0 
7f482c172000-7f4830000000 rw-p 00000000 00:00 0 
7f4830000000-7f4830021000 rw-p 00000000 00:00 0 
7f4830021000-7f4834000000 ---p 00000000 00:00 0 
7f4834000000-7f4834021000 rw-p 00000000 00:00 0 
7f4834021000-7f4838000000 ---p 00000000 00:00 0 
7f4838000000-7f4838027000 rw-p 00000000 00:00 0 
7f4838027000-7f483c000000 ---p 00000000 00:00 0 
7f483c003000-7f483c005000 r--s 00000000 08:15 5518660                    /var/cache/fontconfig/99e8ed0e538f840c565b6ed5dad60d56-le64.cache-6
7f483c005000-7f483c00b000 r--s 00000000 08:15 5514525                    /var/cache/fontconfig/2cd17615ca594fa2959ae173292e504c-le64.cache-6
7f483c00b000-7f483c00c000 r--s 00000000 08:15 5514141                    /var/cache/fontconfig/0d8c3b2ac0904cb8a57a757ad11a4a08-le64.cache-6
7f483c00c000-7f483c010000 r--s 00000000 08:15 5515861                    /var/cache/fontconfig/de156ccd2eddbdc19d37a45b8b2aac9c-le64.cache-6
7f483c010000-7f483c011000 r--s 00000000 08:15 5514139                    /var/cache/fontconfig/1ac9eb803944fde146138c791f5cc56a-le64.cache-6
7f483c011000-7f483c015000 r--s 00000000 08:15 5514013                    /var/cache/fontconfig/385c0604a188198f04d133e54aba7fe7-le64.cache-6
7f483c015000-7f483c016000 r--s 00000000 08:15 5514010                    /var/cache/fontconfig/dc05db6664285cc2f12bf69c139ae4c3-le64.cache-6
7f483c016000-7f483c019000 r--s 00000000 08:15 5513664                    /var/cache/fontconfig/767a8244fc0220cfb567a839d0392e0b-le64.cache-6
7f483c019000-7f483c01a000 r--s 00000000 08:15 5513663                    /var/cache/fontconfig/4794a0821666d79190d59a36cb4f44b5-le64.cache-6
7f483c01a000-7f483c01f000 r--s 00000000 08:15 5513662                    /var/cache/fontconfig/8801497958630a81b71ace7c5f9b32a8-le64.cache-6
7f483c01f000-7f483c023000 r--s 00000000 08:15 5515860                    /var/cache/fontconfig/c57959a16110560c8d0fcea73374aeeb-le64.cache-6
7f483c023000-7f483c024000 r--s 00000000 08:15 5513661                    /var/cache/fontconfig/bab58bb527bb656aaa9f116d68a48d89-le64.cache-6
7f483c024000-7f483c02b000 r--s 00000000 08:15 5513222                    /var/cache/fontconfig/3047814df9a2f067bd2d96a2b9c36e5a-le64.cache-6
7f483c02b000-7f483c033000 r--s 00000000 08:15 5506147                    /var/cache/fontconfig/bf3b770c553c462765856025a94f1ce6-le64.cache-6
7f483c033000-7f483c039000 r--s 00000000 08:15 5512789                    /var/cache/fontconfig/b47c4e1ecd0709278f4910c18777a504-le64.cache-6
7f483c039000-7f483c041000 r--s 00000000 08:15 5518658                    /var/cache/fontconfig/52f7bdb7ce746bfd7eaa1985bd9cfa93-le64.cache-6
7f483c041000-7f483c054000 r--s 00000000 08:15 5512788                    /var/cache/fontconfig/d52a8644073d54c13679302ca1180695-le64.cache-6
7f483c054000-7f483c05f000 r--s 00000000 08:15 5506474                    /var/cache/fontconfig/d589a48862398ed80a3d6066f4f56f4c-le64.cache-6
7f483c05f000-7f483c071000 r--s 00000000 08:15 5512170                    /var/cache/fontconfig/9b89f8e3dae116d678bbf48e5f21f69b-le64.cache-6
7f483c071000-7f483c091000 r--s 00000000 08:15 5506266                    /var/cache/fontconfig/e13b20fdb08344e0e664864cc2ede53d-le64.cache-6
7f483c091000-7f483c09e000 r--s 00000000 08:15 5505419                    /var/cache/fontconfig/8f02d4cb045bd6ce15663e43f347c9f8-le64.cache-6
7f483c09e000-7f483c4f5000 r--p 00000000 08:15 12321046                   /usr/lib/locale/locale-archive
7f483c4f5000-7f483c4f8000 ---p 00000000 00:00 0 
7f483c4f8000-7f483c5f6000 rw-p 00000000 00:00 0 
7f483c5f6000-7f483c5f9000 ---p 00000000 00:00 0 
7f483c5f9000-7f483c6f7000 rw-p 00000000 00:00 0 
7f483c6f7000-7f483c6f8000 ---p 00000000 00:00 0 
7f483c6f8000-7f483d000000 rw-p 00000000 00:00 0 
7f483d000000-7f483d650000 rwxp 00000000 00:00 0 
7f483d650000-7f484c000000 ---p 00000000 00:00 0 
7f484c000000-7f484c5a2000 rw-p 00000000 00:00 0 
7f484c5a2000-7f4850000000 ---p 00000000 00:00 0 
7f4850000000-7f4850001000 r--s 00000000 08:15 5512791                    /var/cache/fontconfig/56cf4f4769d0f4abc89a4895d7bd3ae1-le64.cache-6
7f4850001000-7f485000c000 r--s 00000000 08:15 5512171                    /var/cache/fontconfig/83bf95040141907cd45bb53cf7c1c148-le64.cache-6
7f485000c000-7f485002d000 r--s 00000000 08:15 5505593                    /var/cache/fontconfig/467c019e582ee353435ea5c21d137ef6-le64.cache-6
7f4850045000-7f485081f000 rw-p 00000000 00:00 0 
7f485081f000-7f48509f7000 r--s 03d2a000 08:15 12855517                   /usr/lib/jvm/java-8-oracle/jre/lib/rt.jar
7f48509f7000-7f4851646000 rw-p 00000000 00:00 0 
7f4851646000-7f4851647000 ---p 00000000 00:00 0 
7f4851647000-7f4851747000 rw-p 00000000 00:00 0 
7f4851747000-7f4851748000 ---p 00000000 00:00 0 
7f4851748000-7f4851848000 rw-p 00000000 00:00 0 
7f4851848000-7f4851849000 ---p 00000000 00:00 0 
7f4851849000-7f4851949000 rw-p 00000000 00:00 0 
7f4851949000-7f485194a000 ---p 00000000 00:00 0 
7f485194a000-7f4851afc000 rw-p 00000000 00:00 0 
7f4851afc000-7f4851cdb000 ---p 00000000 00:00 0 
7f4851cdb000-7f4851d8d000 rw-p 00000000 00:00 0 
7f4851d8d000-7f4851f6b000 ---p 00000000 00:00 0 
7f4851f6b000-7f4852034000 rw-p 00000000 00:00 0 
7f4852034000-7f48520b4000 ---p 00000000 00:00 0 
7f48520b4000-7f48520cf000 rw-p 00000000 00:00 0 
7f48520cf000-7f4852475000 ---p 00000000 00:00 0 
7f4852475000-7f485248f000 r-xp 00000000 08:15 12980589                   /usr/lib/jvm/java-8-oracle/jre/lib/amd64/libzip.so
7f485248f000-7f485268f000 ---p 0001a000 08:15 12980589                   /usr/lib/jvm/java-8-oracle/jre/lib/amd64/libzip.so
7f485268f000-7f4852690000 rw-p 0001a000 08:15 12980589                   /usr/lib/jvm/java-8-oracle/jre/lib/amd64/libzip.so
7f4852690000-7f485269b000 r-xp 00000000 08:15 7082080                    /lib/x86_64-linux-gnu/libnss_files-2.23.so
7f485269b000-7f485289a000 ---p 0000b000 08:15 7082080                    /lib/x86_64-linux-gnu/libnss_files-2.23.so
7f485289a000-7f485289b000 r--p 0000a000 08:15 7082080                    /lib/x86_64-linux-gnu/libnss_files-2.23.so
7f485289b000-7f485289c000 rw-p 0000b000 08:15 7082080                    /lib/x86_64-linux-gnu/libnss_files-2.23.so
7f485289c000-7f48528a2000 rw-p 00000000 00:00 0 
7f48528a2000-7f48528ad000 r-xp 00000000 08:15 7082074                    /lib/x86_64-linux-gnu/libnss_nis-2.23.so
7f48528ad000-7f4852aac000 ---p 0000b000 08:15 7082074                    /lib/x86_64-linux-gnu/libnss_nis-2.23.so
7f4852aac000-7f4852aad000 r--p 0000a000 08:15 7082074                    /lib/x86_64-linux-gnu/libnss_nis-2.23.so
7f4852aad000-7f4852aae000 rw-p 0000b000 08:15 7082074                    /lib/x86_64-linux-gnu/libnss_nis-2.23.so
7f4852aae000-7f4852ac4000 r-xp 00000000 08:15 7082070                    /lib/x86_64-linux-gnu/libnsl-2.23.so
7f4852ac4000-7f4852cc3000 ---p 00016000 08:15 7082070                    /lib/x86_64-linux-gnu/libnsl-2.23.so
7f4852cc3000-7f4852cc4000 r--p 00015000 08:15 7082070                    /lib/x86_64-linux-gnu/libnsl-2.23.so
7f4852cc4000-7f4852cc5000 rw-p 00016000 08:15 7082070                    /lib/x86_64-linux-gnu/libnsl-2.23.so
7f4852cc5000-7f4852cc7000 rw-p 00000000 00:00 0 
7f4852cc7000-7f4852ccf000 r-xp 00000000 08:15 7082066                    /lib/x86_64-linux-gnu/libnss_compat-2.23.so
7f4852ccf000-7f4852ece000 ---p 00008000 08:15 7082066                    /lib/x86_64-linux-gnu/libnss_compat-2.23.so
7f4852ece000-7f4852ecf000 r--p 00007000 08:15 7082066                    /lib/x86_64-linux-gnu/libnss_compat-2.23.so
7f4852ecf000-7f4852ed0000 rw-p 00008000 08:15 7082066                    /lib/x86_64-linux-gnu/libnss_compat-2.23.so
7f4852ed0000-7f4852efb000 r-xp 00000000 08:15 12980616                   /usr/lib/jvm/java-8-oracle/jre/lib/amd64/libjava.so
7f4852efb000-7f48530fa000 ---p 0002b000 08:15 12980616                   /usr/lib/jvm/java-8-oracle/jre/lib/amd64/libjava.so
7f48530fa000-7f48530fc000 rw-p 0002a000 08:15 12980616                   /usr/lib/jvm/java-8-oracle/jre/lib/amd64/libjava.so
7f48530fc000-7f4853109000 r-xp 00000000 08:15 12980358                   /usr/lib/jvm/java-8-oracle/jre/lib/amd64/libverify.so
7f4853109000-7f4853308000 ---p 0000d000 08:15 12980358                   /usr/lib/jvm/java-8-oracle/jre/lib/amd64/libverify.so
7f4853308000-7f485330a000 rw-p 0000c000 08:15 12980358                   /usr/lib/jvm/java-8-oracle/jre/lib/amd64/libverify.so
7f485330a000-7f4853311000 r-xp 00000000 08:15 7082098                    /lib/x86_64-linux-gnu/librt-2.23.so
7f4853311000-7f4853510000 ---p 00007000 08:15 7082098                    /lib/x86_64-linux-gnu/librt-2.23.so
7f4853510000-7f4853511000 r--p 00006000 08:15 7082098                    /lib/x86_64-linux-gnu/librt-2.23.so
7f4853511000-7f4853512000 rw-p 00007000 08:15 7082098                    /lib/x86_64-linux-gnu/librt-2.23.so
7f4853512000-7f485361a000 r-xp 00000000 08:15 7082092                    /lib/x86_64-linux-gnu/libm-2.23.so
7f485361a000-7f4853819000 ---p 00108000 08:15 7082092                    /lib/x86_64-linux-gnu/libm-2.23.so
7f4853819000-7f485381a000 r--p 00107000 08:15 7082092                    /lib/x86_64-linux-gnu/libm-2.23.so
7f485381a000-7f485381b000 rw-p 00108000 08:15 7082092                    /lib/x86_64-linux-gnu/libm-2.23.so
7f485381b000-7f48544e8000 r-xp 00000000 08:15 12980620                   /usr/lib/jvm/java-8-oracle/jre/lib/amd64/server/libjvm.so
7f48544e8000-7f48546e7000 ---p 00ccd000 08:15 12980620                   /usr/lib/jvm/java-8-oracle/jre/lib/amd64/server/libjvm.so
7f48546e7000-7f48547c0000 rw-p 00ccc000 08:15 12980620                   /usr/lib/jvm/java-8-oracle/jre/lib/amd64/server/libjvm.so
7f48547c0000-7f485480b000 rw-p 00000000 00:00 0 
7f485480b000-7f48549ca000 r-xp 00000000 08:15 7082106                    /lib/x86_64-linux-gnu/libc-2.23.so
7f48549ca000-7f4854bca000 ---p 001bf000 08:15 7082106                    /lib/x86_64-linux-gnu/libc-2.23.so
7f4854bca000-7f4854bce000 r--p 001bf000 08:15 7082106                    /lib/x86_64-linux-gnu/libc-2.23.so
7f4854bce000-7f4854bd0000 rw-p 001c3000 08:15 7082106                    /lib/x86_64-linux-gnu/libc-2.23.so
7f4854bd0000-7f4854bd4000 rw-p 00000000 00:00 0 
7f4854bd4000-7f4854bd7000 r-xp 00000000 08:15 7082107                    /lib/x86_64-linux-gnu/libdl-2.23.so
7f4854bd7000-7f4854dd6000 ---p 00003000 08:15 7082107                    /lib/x86_64-linux-gnu/libdl-2.23.so
7f4854dd6000-7f4854dd7000 r--p 00002000 08:15 7082107                    /lib/x86_64-linux-gnu/libdl-2.23.so
7f4854dd7000-7f4854dd8000 rw-p 00003000 08:15 7082107                    /lib/x86_64-linux-gnu/libdl-2.23.so
7f4854dd8000-7f4854ded000 r-xp 00000000 08:15 12585246                   /usr/lib/jvm/java-8-oracle/lib/amd64/jli/libjli.so
7f4854ded000-7f4854fed000 ---p 00015000 08:15 12585246                   /usr/lib/jvm/java-8-oracle/lib/amd64/jli/libjli.so
7f4854fed000-7f4854fee000 rw-p 00015000 08:15 12585246                   /usr/lib/jvm/java-8-oracle/lib/amd64/jli/libjli.so
7f4854fee000-7f4855006000 r-xp 00000000 08:15 7082105                    /lib/x86_64-linux-gnu/libpthread-2.23.so
7f4855006000-7f4855205000 ---p 00018000 08:15 7082105                    /lib/x86_64-linux-gnu/libpthread-2.23.so
7f4855205000-7f4855206000 r--p 00017000 08:15 7082105                    /lib/x86_64-linux-gnu/libpthread-2.23.so
7f4855206000-7f4855207000 rw-p 00018000 08:15 7082105                    /lib/x86_64-linux-gnu/libpthread-2.23.so
7f4855207000-7f485520b000 rw-p 00000000 00:00 0 
7f485520b000-7f4855231000 r-xp 00000000 08:15 7082100                    /lib/x86_64-linux-gnu/ld-2.23.so
7f4855231000-7f4855232000 r--s 00000000 08:15 5512790                    /var/cache/fontconfig/b9d506c9ac06c20b433354fa67a72993-le64.cache-6
7f4855232000-7f4855233000 r--s 00000000 08:15 5512777                    /var/cache/fontconfig/551ecf3b0e8b0bca0f25c0944f561853-le64.cache-6
7f4855233000-7f4855234000 r--s 00000000 08:15 5512770                    /var/cache/fontconfig/30829fa25452a46451e813d634d7f916-le64.cache-6
7f4855234000-7f48552ff000 rw-p 00000000 00:00 0 
7f48552ff000-7f4855302000 ---p 00000000 00:00 0 
7f4855302000-7f4855404000 rw-p 00000000 00:00 0 
7f4855404000-7f4855405000 r--s 00000000 08:15 5512769                    /var/cache/fontconfig/0c9eb80ebd1c36541ebe2852d3bb0c49-le64.cache-6
7f4855405000-7f4855408000 r--s 00000000 08:15 5512181                    /var/cache/fontconfig/75114ca45c98e8a441da0ff356701271-le64.cache-6
7f4855408000-7f485540a000 r--s 00000000 08:15 5505108                    /var/cache/fontconfig/62f91419b9ebdb6975e7e41ab6412357-le64.cache-6
7f485540a000-7f485540e000 r--s 00000000 08:15 5506151                    /var/cache/fontconfig/7ef2298fde41cc6eeb7af42e48b7d293-le64.cache-6
7f485540e000-7f4855410000 r--s 00000000 08:15 5505420                    /var/cache/fontconfig/16326683038b281783a0ef8c680e3a10-le64.cache-6
7f4855410000-7f4855411000 r--s 00000000 08:15 5505596                    /var/cache/fontconfig/e0aa53bcfa504e64f87823c16bc01eb6-le64.cache-6
7f4855411000-7f4855424000 r--s 00345000 08:15 12855537                   /usr/lib/jvm/java-8-oracle/jre/lib/resources.jar
7f4855424000-7f485542c000 rw-s 00000000 08:15 1324583                    /tmp/hsperfdata_nokorot/29135
7f485542c000-7f485542d000 rw-p 00000000 00:00 0 
7f485542d000-7f485542e000 ---p 00000000 00:00 0 
7f485542e000-7f4855430000 rw-p 00000000 00:00 0 
7f4855430000-7f4855431000 r--p 00025000 08:15 7082100                    /lib/x86_64-linux-gnu/ld-2.23.so
7f4855431000-7f4855432000 rw-p 00026000 08:15 7082100                    /lib/x86_64-linux-gnu/ld-2.23.so
7f4855432000-7f4855433000 rw-p 00000000 00:00 0 
7ffe85226000-7ffe85247000 rw-p 00000000 00:00 0                          [stack]
7ffe8530a000-7ffe8530c000 r--p 00000000 00:00 0                          [vvar]
7ffe8530c000-7ffe8530e000 r-xp 00000000 00:00 0                          [vdso]
ffffffffff600000-ffffffffff601000 r-xp 00000000 00:00 0                  [vsyscall]

VM Arguments:
jvm_args: -Dfile.encoding=UTF-8 
java_command: engineTest.tests
java_class_path (initial): /home/nokorot/Workspace/Java/LiveSystem/NokoBox/bin
Launcher Type: SUN_STANDARD

Environment Variables:
JAVA_HOME=/usr/lib/jvm/java-8-oracle
PATH=/home/nokorot/.cabal/bin:/opt/cabal/1.22/bin:/opt/ghc/7.10.3/bin:/home/nokorot/.bin:/home/nokorot/bin:/home/nokorot/.local/bin:/usr/local/sbin:/usr/local/bin:/usr/sbin:/usr/bin:/sbin:/bin:/usr/games:/usr/local/games:/snap/bin:/usr/lib/jvm/java-8-oracle/bin:/usr/lib/jvm/java-8-oracle/db/bin:/usr/lib/jvm/java-8-oracle/jre/bin
USERNAME=nokorot
SHELL=/bin/bash
DISPLAY=:1

Signal Handlers:
SIGSEGV: [libjvm.so+0xac64b0], sa_mask[0]=11111111011111111101111111111110, sa_flags=SA_RESTART|SA_SIGINFO
SIGBUS: [libjvm.so+0xac64b0], sa_mask[0]=11111111011111111101111111111110, sa_flags=SA_RESTART|SA_SIGINFO
SIGFPE: [libjvm.so+0x91f950], sa_mask[0]=11111111011111111101111111111110, sa_flags=SA_RESTART|SA_SIGINFO
SIGPIPE: [libjvm.so+0x91f950], sa_mask[0]=11111111011111111101111111111110, sa_flags=SA_RESTART|SA_SIGINFO
SIGXFSZ: [libjvm.so+0x91f950], sa_mask[0]=11111111011111111101111111111110, sa_flags=SA_RESTART|SA_SIGINFO
SIGILL: [libjvm.so+0x91f950], sa_mask[0]=11111111011111111101111111111110, sa_flags=SA_RESTART|SA_SIGINFO
SIGUSR1: SIG_DFL, sa_mask[0]=00000000000000000000000000000000, sa_flags=none
SIGUSR2: [libjvm.so+0x920f80], sa_mask[0]=00100000000000000000000000000000, sa_flags=SA_RESTART|SA_SIGINFO
SIGHUP: [libjvm.so+0x922380], sa_mask[0]=11111111011111111101111111111110, sa_flags=SA_RESTART|SA_SIGINFO
SIGINT: [libjvm.so+0x922380], sa_mask[0]=11111111011111111101111111111110, sa_flags=SA_RESTART|SA_SIGINFO
SIGTERM: [libjvm.so+0x922380], sa_mask[0]=11111111011111111101111111111110, sa_flags=SA_RESTART|SA_SIGINFO
SIGQUIT: [libjvm.so+0x922380], sa_mask[0]=11111111011111111101111111111110, sa_flags=SA_RESTART|SA_SIGINFO


---------------  S Y S T E M  ---------------

OS:DISTRIB_ID=Ubuntu
DISTRIB_RELEASE=16.04
DISTRIB_CODENAME=xenial
DISTRIB_DESCRIPTION="Ubuntu 16.04.1 LTS"

uname:Linux 4.4.0-57-generic #78-Ubuntu SMP Fri Dec 9 23:50:32 UTC 2016 x86_64
libc:glibc 2.23 NPTL 2.23 
rlimit: STACK 8192k, CORE 0k, NPROC 31349, NOFILE 65536, AS infinity
load average:1,96 1,78 1,40

/proc/meminfo:
MemTotal:        8065836 kB
MemFree:          176404 kB
MemAvailable:     155508 kB
Buffers:            2928 kB
Cached:           801080 kB
SwapCached:       119496 kB
Active:          6242892 kB
Inactive:        1297364 kB
Active(anon):    6165812 kB
Inactive(anon):  1222816 kB
Active(file):      77080 kB
Inactive(file):    74548 kB
Unevictable:         480 kB
Mlocked:             480 kB
SwapTotal:       1951740 kB
SwapFree:         383148 kB
Dirty:               496 kB
Writeback:             0 kB
AnonPages:       6637700 kB
Mapped:           579148 kB
Shmem:            652516 kB
Slab:             144268 kB
SReclaimable:      78496 kB
SUnreclaim:        65772 kB
KernelStack:       29168 kB
PageTables:        98400 kB
NFS_Unstable:          0 kB
Bounce:                0 kB
WritebackTmp:          0 kB
CommitLimit:     5984656 kB
Committed_AS:   23729224 kB
VmallocTotal:   34359738367 kB
VmallocUsed:           0 kB
VmallocChunk:          0 kB
HardwareCorrupted:     0 kB
AnonHugePages:   2496512 kB
CmaTotal:              0 kB
CmaFree:               0 kB
HugePages_Total:       0
HugePages_Free:        0
HugePages_Rsvd:        0
HugePages_Surp:        0
Hugepagesize:       2048 kB
DirectMap4k:      423208 kB
DirectMap2M:     7856128 kB


CPU:total 4 (2 cores per cpu, 2 threads per core) family 6 model 58 stepping 9, cmov, cx8, fxsr, mmx, sse, sse2, sse3, ssse3, sse4.1, sse4.2, popcnt, avx, aes, clmul, erms, ht, tsc, tscinvbit, tscinv

/proc/cpuinfo:
processor	: 0
vendor_id	: GenuineIntel
cpu family	: 6
model		: 58
model name	: Intel(R) Core(TM) i5-3210M CPU @ 2.50GHz
stepping	: 9
microcode	: 0x15
cpu MHz		: 3008.300
cache size	: 3072 KB
physical id	: 0
siblings	: 4
core id		: 0
cpu cores	: 2
apicid		: 0
initial apicid	: 0
fpu		: yes
fpu_exception	: yes
cpuid level	: 13
wp		: yes
flags		: fpu vme de pse tsc msr pae mce cx8 apic sep mtrr pge mca cmov pat pse36 clflush dts acpi mmx fxsr sse sse2 ss ht tm pbe syscall nx rdtscp lm constant_tsc arch_perfmon pebs bts rep_good nopl xtopology nonstop_tsc aperfmperf eagerfpu pni pclmulqdq dtes64 monitor ds_cpl vmx est tm2 ssse3 cx16 xtpr pdcm pcid sse4_1 sse4_2 x2apic popcnt tsc_deadline_timer aes xsave avx f16c rdrand lahf_lm epb tpr_shadow vnmi flexpriority ept vpid fsgsbase smep erms xsaveopt dtherm ida arat pln pts
bugs		:
bogomips	: 4988.68
clflush size	: 64
cache_alignment	: 64
address sizes	: 36 bits physical, 48 bits virtual
power management:

processor	: 1
vendor_id	: GenuineIntel
cpu family	: 6
model		: 58
model name	: Intel(R) Core(TM) i5-3210M CPU @ 2.50GHz
stepping	: 9
microcode	: 0x15
cpu MHz		: 2899.511
cache size	: 3072 KB
physical id	: 0
siblings	: 4
core id		: 1
cpu cores	: 2
apicid		: 2
initial apicid	: 2
fpu		: yes
fpu_exception	: yes
cpuid level	: 13
wp		: yes
flags		: fpu vme de pse tsc msr pae mce cx8 apic sep mtrr pge mca cmov pat pse36 clflush dts acpi mmx fxsr sse sse2 ss ht tm pbe syscall nx rdtscp lm constant_tsc arch_perfmon pebs bts rep_good nopl xtopology nonstop_tsc aperfmperf eagerfpu pni pclmulqdq dtes64 monitor ds_cpl vmx est tm2 ssse3 cx16 xtpr pdcm pcid sse4_1 sse4_2 x2apic popcnt tsc_deadline_timer aes xsave avx f16c rdrand lahf_lm epb tpr_shadow vnmi flexpriority ept vpid fsgsbase smep erms xsaveopt dtherm ida arat pln pts
bugs		:
bogomips	: 4988.68
clflush size	: 64
cache_alignment	: 64
address sizes	: 36 bits physical, 48 bits virtual
power management:

processor	: 2
vendor_id	: GenuineIntel
cpu family	: 6
model		: 58
model name	: Intel(R) Core(TM) i5-3210M CPU @ 2.50GHz
stepping	: 9
microcode	: 0x15
cpu MHz		: 3073.730
cache size	: 3072 KB
physical id	: 0
siblings	: 4
core id		: 0
cpu cores	: 2
apicid		: 1
initial apicid	: 1
fpu		: yes
fpu_exception	: yes
cpuid level	: 13
wp		: yes
flags		: fpu vme de pse tsc msr pae mce cx8 apic sep mtrr pge mca cmov pat pse36 clflush dts acpi mmx fxsr sse sse2 ss ht tm pbe syscall nx rdtscp lm constant_tsc arch_perfmon pebs bts rep_good nopl xtopology nonstop_tsc aperfmperf eagerfpu pni pclmulqdq dtes64 monitor ds_cpl vmx est tm2 ssse3 cx16 xtpr pdcm pcid sse4_1 sse4_2 x2apic popcnt tsc_deadline_timer aes xsave avx f16c rdrand lahf_lm epb tpr_shadow vnmi flexpriority ept vpid fsgsbase smep erms xsaveopt dtherm ida arat pln pts
bugs		:
bogomips	: 4988.68
clflush size	: 64
cache_alignment	: 64
address sizes	: 36 bits physical, 48 bits virtual
power management:

processor	: 3
vendor_id	: GenuineIntel
cpu family	: 6
model		: 58
model name	: Intel(R) Core(TM) i5-3210M CPU @ 2.50GHz
stepping	: 9
microcode	: 0x15
cpu MHz		: 2900.000
cache size	: 3072 KB
physical id	: 0
siblings	: 4
core id		: 1
cpu cores	: 2
apicid		: 3
initial apicid	: 3
fpu		: yes
fpu_exception	: yes
cpuid level	: 13
wp		: yes
flags		: fpu vme de pse tsc msr pae mce cx8 apic sep mtrr pge mca cmov pat pse36 clflush dts acpi mmx fxsr sse sse2 ss ht tm pbe syscall nx rdtscp lm constant_tsc arch_perfmon pebs bts rep_good nopl xtopology nonstop_tsc aperfmperf eagerfpu pni pclmulqdq dtes64 monitor ds_cpl vmx est tm2 ssse3 cx16 xtpr pdcm pcid sse4_1 sse4_2 x2apic popcnt tsc_deadline_timer aes xsave avx f16c rdrand lahf_lm epb tpr_shadow vnmi flexpriority ept vpid fsgsbase smep erms xsaveopt dtherm ida arat pln pts
bugs		:
bogomips	: 4988.68
clflush size	: 64
cache_alignment	: 64
address sizes	: 36 bits physical, 48 bits virtual
power management:



Memory: 4k page, physical 8065836k(176404k free), swap 1951740k(383148k free)

vm_info: Java HotSpot(TM) 64-Bit Server VM (25.111-b14) for linux-amd64 JRE (1.8.0_111-b14), built on Sep 22 2016 16:14:03 by "java_re" with gcc 4.3.0 20080428 (Red Hat 4.3.0-8)

time: Mon Jan  9 21:35:12 2017
elapsed time: 22 seconds (0d 0h 0m 22s)

