#
# There is insufficient memory for the Java Runtime Environment to continue.
# Native memory allocation (mmap) failed to map 1011351552 bytes for committing reserved memory.
# Possible reasons:
#   The system is out of physical RAM or swap space
#   In 32 bit mode, the process size limit was hit
# Possible solutions:
#   Reduce memory load on the system
#   Increase physical memory or swap space
#   Check if swap backing store is full
#   Use 64 bit Java on a 64 bit OS
#   Decrease Java heap size (-Xmx/-Xms)
#   Decrease number of Java threads
#   Decrease Java thread stack sizes (-Xss)
#   Set larger code cache with -XX:ReservedCodeCacheSize=
# This output file may be truncated or incomplete.
#
#  Out of Memory Error (os_linux.cpp:2627), pid=28543, tid=0x00007fccdbdc4700
#
# JRE version: Java(TM) SE Runtime Environment (8.0_111-b14) (build 1.8.0_111-b14)
# Java VM: Java HotSpot(TM) 64-Bit Server VM (25.111-b14 mixed mode linux-amd64 compressed oops)
# Failed to write core dump. Core dumps have been disabled. To enable core dumping, try "ulimit -c unlimited" before starting Java again
#

---------------  T H R E A D  ---------------

Current thread (0x00007fccec001800):  JavaThread "Image Fetcher 3" daemon [_thread_in_vm, id=28597, stack(0x00007fccdbcc4000,0x00007fccdbdc5000)]

Stack: [0x00007fccdbcc4000,0x00007fccdbdc5000],  sp=0x00007fccdbdc23a0,  free space=1016k
Native frames: (J=compiled Java code, j=interpreted, Vv=VM code, C=native code)
V  [libjvm.so+0xac5c2a]  VMError::report_and_die()+0x2ba
V  [libjvm.so+0x4fc50b]  report_vm_out_of_memory(char const*, int, unsigned long, VMErrorType, char const*)+0x8b
V  [libjvm.so+0x922ae3]  os::Linux::commit_memory_impl(char*, unsigned long, bool)+0x103
V  [libjvm.so+0x923039]  os::pd_commit_memory(char*, unsigned long, unsigned long, bool)+0x29
V  [libjvm.so+0x91d33a]  os::commit_memory(char*, unsigned long, unsigned long, bool)+0x2a
V  [libjvm.so+0x991ac3]  PSVirtualSpace::expand_by(unsigned long)+0x53
V  [libjvm.so+0x982149]  PSOldGen::expand_by(unsigned long)+0x49
V  [libjvm.so+0x9823b5]  PSOldGen::expand(unsigned long)+0x1a5
V  [libjvm.so+0x98263a]  PSOldGen::expand_and_allocate(unsigned long)+0x1a
V  [libjvm.so+0x98275b]  PSOldGen::allocate(unsigned long)+0xcb
V  [libjvm.so+0x94648e]  ParallelScavengeHeap::mem_allocate(unsigned long, bool*)+0xfe
V  [libjvm.so+0xa8b47e]  TypeArrayKlass::allocate_common(int, bool, Thread*)+0x26e
V  [libjvm.so+0x68380a]  InterpreterRuntime::newarray(JavaThread*, BasicType, int)+0x2a
j  java.awt.image.DataBufferInt.<init>(I)V+11
j  java.awt.image.Raster.createPackedRaster(III[ILjava/awt/Point;)Ljava/awt/image/WritableRaster;+69
j  java.awt.image.DirectColorModel.createCompatibleWritableRaster(II)Ljava/awt/image/WritableRaster;+109
j  sun.awt.image.ImageRepresentation.createBufferedImage()V+18
J 1513 C2 sun.awt.image.ImageRepresentation.setPixels(IIIILjava/awt/image/ColorModel;[III)V (535 bytes) @ 0x00007fcd4553d55c [0x00007fcd4553d040+0x51c]
J 1512 C2 sun.awt.image.ImageDecoder.setPixels(IIIILjava/awt/image/ColorModel;[III)I (58 bytes) @ 0x00007fcd45534dac [0x00007fcd45534be0+0x1cc]
J 1522 C2 sun.awt.image.JPEGImageDecoder.sendPixels([II)Z (40 bytes) @ 0x00007fcd455333bc [0x00007fcd45533360+0x5c]
v  ~StubRoutines::call_stub
V  [libjvm.so+0x690206]  JavaCalls::call_helper(JavaValue*, methodHandle*, JavaCallArguments*, Thread*)+0x1056
V  [libjvm.so+0x6d20fb]  jni_invoke_nonstatic(JNIEnv_*, JavaValue*, _jobject*, JNICallType, _jmethodID*, JNI_ArgumentPusher*, Thread*)+0x40b
V  [libjvm.so+0x6d9c66]  jni_CallBooleanMethod+0x196
C  [libjpeg.so+0x2a7b8]  Java_sun_awt_image_JPEGImageDecoder_readImage+0x608
j  sun.awt.image.JPEGImageDecoder.readImage(Ljava/io/InputStream;[B)V+0
j  sun.awt.image.JPEGImageDecoder.produceImage()V+10
j  sun.awt.image.InputStreamImageSource.doFetch()V+51
j  sun.awt.image.ImageFetcher.fetchloop()V+33
j  sun.awt.image.ImageFetcher.run()V+5
v  ~StubRoutines::call_stub
V  [libjvm.so+0x690206]  JavaCalls::call_helper(JavaValue*, methodHandle*, JavaCallArguments*, Thread*)+0x1056
V  [libjvm.so+0x690711]  JavaCalls::call_virtual(JavaValue*, KlassHandle, Symbol*, Symbol*, JavaCallArguments*, Thread*)+0x321
V  [libjvm.so+0x690bb7]  JavaCalls::call_virtual(JavaValue*, Handle, KlassHandle, Symbol*, Symbol*, Thread*)+0x47
V  [libjvm.so+0x7278f0]  thread_entry(JavaThread*, Thread*)+0xa0
V  [libjvm.so+0xa742b3]  JavaThread::thread_main_inner()+0x103
V  [libjvm.so+0xa743fc]  JavaThread::run()+0x11c
V  [libjvm.so+0x924ea8]  java_start(Thread*)+0x108
C  [libpthread.so.0+0x770a]  start_thread+0xca

Java frames: (J=compiled Java code, j=interpreted, Vv=VM code)
j  java.awt.image.DataBufferInt.<init>(I)V+11
j  java.awt.image.Raster.createPackedRaster(III[ILjava/awt/Point;)Ljava/awt/image/WritableRaster;+69
j  java.awt.image.DirectColorModel.createCompatibleWritableRaster(II)Ljava/awt/image/WritableRaster;+109
j  sun.awt.image.ImageRepresentation.createBufferedImage()V+18
J 1513 C2 sun.awt.image.ImageRepresentation.setPixels(IIIILjava/awt/image/ColorModel;[III)V (535 bytes) @ 0x00007fcd4553d55c [0x00007fcd4553d040+0x51c]
J 1512 C2 sun.awt.image.ImageDecoder.setPixels(IIIILjava/awt/image/ColorModel;[III)I (58 bytes) @ 0x00007fcd45534dac [0x00007fcd45534be0+0x1cc]
J 1522 C2 sun.awt.image.JPEGImageDecoder.sendPixels([II)Z (40 bytes) @ 0x00007fcd455333bc [0x00007fcd45533360+0x5c]
v  ~StubRoutines::call_stub
j  sun.awt.image.JPEGImageDecoder.readImage(Ljava/io/InputStream;[B)V+0
j  sun.awt.image.JPEGImageDecoder.produceImage()V+10
j  sun.awt.image.InputStreamImageSource.doFetch()V+51
j  sun.awt.image.ImageFetcher.fetchloop()V+33
j  sun.awt.image.ImageFetcher.run()V+5
v  ~StubRoutines::call_stub

---------------  P R O C E S S  ---------------

Java Threads: ( => current thread )
  0x00007fccf81e4000 JavaThread "Thread-133" [_thread_blocked, id=28712, stack(0x00007fccc18d9000,0x00007fccc19da000)]
  0x00007fccf81e2000 JavaThread "Thread-132" [_thread_blocked, id=28711, stack(0x00007fccc19da000,0x00007fccc1adb000)]
  0x00007fccf81e0000 JavaThread "Thread-131" [_thread_blocked, id=28710, stack(0x00007fccc1adb000,0x00007fccc1bdc000)]
  0x00007fccf81de000 JavaThread "Thread-130" [_thread_blocked, id=28709, stack(0x00007fccc1bdc000,0x00007fccc1cdd000)]
  0x00007fccf81dc000 JavaThread "Thread-129" [_thread_blocked, id=28708, stack(0x00007fccc1cdd000,0x00007fccc1dde000)]
  0x00007fccf81da000 JavaThread "Thread-128" [_thread_blocked, id=28707, stack(0x00007fccc1dde000,0x00007fccc1edf000)]
  0x00007fccf81d8000 JavaThread "Thread-127" [_thread_blocked, id=28706, stack(0x00007fccc1edf000,0x00007fccc1fe0000)]
  0x00007fccf81d6800 JavaThread "Thread-126" [_thread_blocked, id=28705, stack(0x00007fccc1fe0000,0x00007fccc20e1000)]
  0x00007fccf81d4800 JavaThread "Thread-125" [_thread_blocked, id=28704, stack(0x00007fccc20e1000,0x00007fccc21e2000)]
  0x00007fccf81d2800 JavaThread "Thread-124" [_thread_blocked, id=28703, stack(0x00007fccc21e2000,0x00007fccc22e3000)]
  0x00007fccf81d0800 JavaThread "Thread-123" [_thread_blocked, id=28702, stack(0x00007fccc22e3000,0x00007fccc23e4000)]
  0x00007fccf81ce800 JavaThread "Thread-122" [_thread_blocked, id=28701, stack(0x00007fccc23e4000,0x00007fccc24e5000)]
  0x00007fccf81cc800 JavaThread "Thread-121" [_thread_blocked, id=28700, stack(0x00007fccc24e5000,0x00007fccc25e6000)]
  0x00007fccf81ca800 JavaThread "Thread-120" [_thread_blocked, id=28699, stack(0x00007fccc25e6000,0x00007fccc26e7000)]
  0x00007fccf81c8800 JavaThread "Thread-119" [_thread_blocked, id=28698, stack(0x00007fccc26e7000,0x00007fccc27e8000)]
  0x00007fccf81c6800 JavaThread "Thread-118" [_thread_blocked, id=28697, stack(0x00007fccc27e8000,0x00007fccc28e9000)]
  0x00007fccf81c4800 JavaThread "Thread-117" [_thread_blocked, id=28696, stack(0x00007fccc28e9000,0x00007fccc29ea000)]
  0x00007fccf81c2800 JavaThread "Thread-116" [_thread_blocked, id=28695, stack(0x00007fccc29ea000,0x00007fccc2aeb000)]
  0x00007fccf81c0800 JavaThread "Thread-115" [_thread_blocked, id=28694, stack(0x00007fccc2aeb000,0x00007fccc2bec000)]
  0x00007fccf81bf000 JavaThread "Thread-114" [_thread_blocked, id=28693, stack(0x00007fccc2bec000,0x00007fccc2ced000)]
  0x00007fccf81bd000 JavaThread "Thread-113" [_thread_blocked, id=28692, stack(0x00007fccc2ced000,0x00007fccc2dee000)]
  0x00007fccf81bb000 JavaThread "Thread-112" [_thread_blocked, id=28691, stack(0x00007fccc2dee000,0x00007fccc2eef000)]
  0x00007fccf81b9000 JavaThread "Thread-111" [_thread_blocked, id=28690, stack(0x00007fccc2eef000,0x00007fccc2ff0000)]
  0x00007fccf81b7000 JavaThread "Thread-110" [_thread_blocked, id=28689, stack(0x00007fccc2ff0000,0x00007fccc30f1000)]
  0x00007fccf81b5000 JavaThread "Thread-109" [_thread_blocked, id=28688, stack(0x00007fccc30f1000,0x00007fccc31f2000)]
  0x00007fccf81b3000 JavaThread "Thread-108" [_thread_blocked, id=28687, stack(0x00007fccc31f2000,0x00007fccc32f3000)]
  0x00007fccf81b1000 JavaThread "Thread-107" [_thread_blocked, id=28686, stack(0x00007fccc32f3000,0x00007fccc33f4000)]
  0x00007fccf81af000 JavaThread "Thread-106" [_thread_blocked, id=28685, stack(0x00007fccc33f4000,0x00007fccc34f5000)]
  0x00007fccf81ad800 JavaThread "Thread-105" [_thread_blocked, id=28684, stack(0x00007fccc34f5000,0x00007fccc35f6000)]
  0x00007fccf81ac000 JavaThread "Thread-104" [_thread_blocked, id=28683, stack(0x00007fccc35f6000,0x00007fccc36f7000)]
  0x00007fccf81aa800 JavaThread "Thread-103" [_thread_blocked, id=28682, stack(0x00007fccc36f7000,0x00007fccc37f8000)]
  0x00007fccf8134800 JavaThread "Thread-102" [_thread_blocked, id=28681, stack(0x00007fccc37f8000,0x00007fccc38f9000)]
  0x00007fccf8133000 JavaThread "Thread-101" [_thread_blocked, id=28680, stack(0x00007fccc38f9000,0x00007fccc39fa000)]
  0x00007fccf8131000 JavaThread "Thread-100" [_thread_blocked, id=28679, stack(0x00007fccc39fa000,0x00007fccc3afb000)]
  0x00007fccf812e800 JavaThread "Thread-99" [_thread_blocked, id=28678, stack(0x00007fccc3afb000,0x00007fccc3bfc000)]
  0x00007fccf812c800 JavaThread "Thread-98" [_thread_blocked, id=28677, stack(0x00007fccc3bfc000,0x00007fccc3cfd000)]
  0x00007fccf812b000 JavaThread "Thread-97" [_thread_blocked, id=28676, stack(0x00007fccc3cfd000,0x00007fccc3dfe000)]
  0x00007fccf810f000 JavaThread "Thread-73" [_thread_blocked, id=28652, stack(0x00007fccd8a92000,0x00007fccd8b93000)]
  0x00007fccf810d000 JavaThread "Thread-72" [_thread_blocked, id=28651, stack(0x00007fccd8b93000,0x00007fccd8c94000)]
  0x00007fccf810b000 JavaThread "Thread-71" [_thread_blocked, id=28650, stack(0x00007fccd8c94000,0x00007fccd8d95000)]
  0x00007fccf8109000 JavaThread "Thread-70" [_thread_blocked, id=28649, stack(0x00007fccd8d95000,0x00007fccd8e96000)]
  0x00007fccf8107000 JavaThread "Thread-69" [_thread_blocked, id=28648, stack(0x00007fccd8e96000,0x00007fccd8f97000)]
  0x00007fccf8105000 JavaThread "Thread-68" [_thread_blocked, id=28647, stack(0x00007fccd8f97000,0x00007fccd9098000)]
  0x00007fccf8103000 JavaThread "Thread-67" [_thread_blocked, id=28646, stack(0x00007fccd9098000,0x00007fccd9199000)]
  0x00007fccf8101800 JavaThread "Thread-66" [_thread_blocked, id=28645, stack(0x00007fccd9199000,0x00007fccd929a000)]
  0x00007fccf80ff000 JavaThread "Thread-65" [_thread_blocked, id=28644, stack(0x00007fccd929a000,0x00007fccd939b000)]
  0x00007fccf80fd800 JavaThread "Thread-64" [_thread_blocked, id=28643, stack(0x00007fccd939b000,0x00007fccd949c000)]
  0x00007fccf80fb800 JavaThread "Thread-63" [_thread_blocked, id=28642, stack(0x00007fccd949c000,0x00007fccd959d000)]
  0x00007fccf80f9800 JavaThread "Thread-62" [_thread_blocked, id=28641, stack(0x00007fccd959d000,0x00007fccd969e000)]
  0x00007fccf80f7800 JavaThread "Thread-61" [_thread_blocked, id=28640, stack(0x00007fccd969e000,0x00007fccd979f000)]
  0x00007fccf80f6000 JavaThread "Thread-60" [_thread_blocked, id=28639, stack(0x00007fccd979f000,0x00007fccd98a0000)]
  0x00007fccf80f4800 JavaThread "Thread-59" [_thread_blocked, id=28638, stack(0x00007fccd98a0000,0x00007fccd99a1000)]
  0x00007fccf80f2800 JavaThread "Thread-58" [_thread_blocked, id=28637, stack(0x00007fccd99a1000,0x00007fccd9aa2000)]
  0x00007fccf80f0800 JavaThread "Thread-57" [_thread_blocked, id=28636, stack(0x00007fccd9aa2000,0x00007fccd9ba3000)]
  0x00007fccf80ee800 JavaThread "Thread-56" [_thread_blocked, id=28635, stack(0x00007fccd9ba3000,0x00007fccd9ca4000)]
  0x00007fccf80ec800 JavaThread "Thread-55" [_thread_blocked, id=28634, stack(0x00007fccd9ca4000,0x00007fccd9da5000)]
  0x00007fccf80eb000 JavaThread "Thread-54" [_thread_blocked, id=28633, stack(0x00007fccd9da5000,0x00007fccd9ea6000)]
  0x00007fccf80e9000 JavaThread "Thread-53" [_thread_blocked, id=28632, stack(0x00007fccd9ea6000,0x00007fccd9fa7000)]
  0x00007fccf80e7800 JavaThread "Thread-52" [_thread_blocked, id=28631, stack(0x00007fccd9fa7000,0x00007fccda0a8000)]
  0x00007fccf80e5800 JavaThread "Thread-51" [_thread_blocked, id=28630, stack(0x00007fccda0a8000,0x00007fccda1a9000)]
  0x00007fccf80e4000 JavaThread "Thread-50" [_thread_blocked, id=28629, stack(0x00007fccda1a9000,0x00007fccda2aa000)]
  0x00007fccf80e2000 JavaThread "Thread-49" [_thread_blocked, id=28628, stack(0x00007fccda2aa000,0x00007fccda3ab000)]
  0x00007fccf80e0000 JavaThread "Thread-48" [_thread_blocked, id=28627, stack(0x00007fccda3ab000,0x00007fccda4ac000)]
  0x00007fccf80de000 JavaThread "Thread-47" [_thread_blocked, id=28626, stack(0x00007fccda4ac000,0x00007fccda5ad000)]
  0x00007fccf80dc000 JavaThread "Thread-46" [_thread_blocked, id=28625, stack(0x00007fccda5ad000,0x00007fccda6ae000)]
  0x00007fccf80da000 JavaThread "Thread-45" [_thread_blocked, id=28624, stack(0x00007fccda6ae000,0x00007fccda7af000)]
  0x00007fccf80d8800 JavaThread "Thread-44" [_thread_blocked, id=28623, stack(0x00007fccda7af000,0x00007fccda8b0000)]
  0x00007fccf80d6800 JavaThread "Thread-43" [_thread_blocked, id=28622, stack(0x00007fccda8b0000,0x00007fccda9b1000)]
  0x00007fccf80d5000 JavaThread "Thread-42" [_thread_blocked, id=28621, stack(0x00007fccda9b1000,0x00007fccdaab2000)]
  0x00007fccf80d3000 JavaThread "Thread-41" [_thread_blocked, id=28620, stack(0x00007fccdaab2000,0x00007fccdabb3000)]
  0x00007fccf80d1800 JavaThread "Thread-40" [_thread_blocked, id=28619, stack(0x00007fccdabb3000,0x00007fccdacb4000)]
  0x00007fccf80d0000 JavaThread "Thread-39" [_thread_blocked, id=28618, stack(0x00007fccdacb4000,0x00007fccdadb5000)]
  0x00007fccf80ce800 JavaThread "Thread-38" [_thread_blocked, id=28617, stack(0x00007fccdadb5000,0x00007fccdaeb6000)]
  0x00007fccf80cc800 JavaThread "Thread-37" [_thread_blocked, id=28616, stack(0x00007fccdaeb6000,0x00007fccdafb7000)]
=>0x00007fccec001800 JavaThread "Image Fetcher 3" daemon [_thread_in_vm, id=28597, stack(0x00007fccdbcc4000,0x00007fccdbdc5000)]
  0x00007fccdc003000 JavaThread "Image Fetcher 2" daemon [_thread_in_Java, id=28596, stack(0x00007fcd08e16000,0x00007fcd08f17000)]
  0x00007fccdc001000 JavaThread "Image Fetcher 1" daemon [_thread_in_native, id=28579, stack(0x00007fcd0804f000,0x00007fcd08150000)]
  0x00007fcd0000c800 JavaThread "Image Fetcher 0" daemon [_thread_in_native, id=28576, stack(0x00007fcd08352000,0x00007fcd08453000)]
  0x00007fccf800a000 JavaThread "TimerQueue" daemon [_thread_blocked, id=28572, stack(0x00007fcd0941a000,0x00007fcd0951b000)]
  0x00007fcd5427d000 JavaThread "AWT-EventQueue-0" [_thread_blocked, id=28567, stack(0x00007fcd0a1c5000,0x00007fcd0a2c6000)]
  0x00007fcd5427b800 JavaThread "AWT-Shutdown" [_thread_blocked, id=28566, stack(0x00007fcd0a2c6000,0x00007fcd0a3c7000)]
  0x00007fcd54220800 JavaThread "AWT-XAWT" daemon [_thread_in_native, id=28564, stack(0x00007fcd0a4c8000,0x00007fcd0a5c9000)]
  0x00007fcd541ff000 JavaThread "Java2D Disposer" daemon [_thread_blocked, id=28563, stack(0x00007fcd400e6000,0x00007fcd401e7000)]
  0x00007fcd540c1000 JavaThread "Service Thread" daemon [_thread_blocked, id=28561, stack(0x00007fcd40813000,0x00007fcd40914000)]
  0x00007fcd540be000 JavaThread "C1 CompilerThread2" daemon [_thread_blocked, id=28560, stack(0x00007fcd40914000,0x00007fcd40a15000)]
  0x00007fcd540bc000 JavaThread "C2 CompilerThread1" daemon [_thread_blocked, id=28559, stack(0x00007fcd40a15000,0x00007fcd40b16000)]
  0x00007fcd540b9800 JavaThread "C2 CompilerThread0" daemon [_thread_blocked, id=28558, stack(0x00007fcd40b16000,0x00007fcd40c17000)]
  0x00007fcd540b8000 JavaThread "Signal Dispatcher" daemon [_thread_blocked, id=28557, stack(0x00007fcd40c17000,0x00007fcd40d18000)]
  0x00007fcd54083800 JavaThread "Finalizer" daemon [_thread_blocked, id=28556, stack(0x00007fcd4116f000,0x00007fcd41270000)]
  0x00007fcd5407f000 JavaThread "Reference Handler" daemon [_thread_blocked, id=28555, stack(0x00007fcd580fc000,0x00007fcd581fd000)]
  0x00007fcd54009800 JavaThread "main" [_thread_blocked, id=28545, stack(0x00007fcd5ddc0000,0x00007fcd5dec1000)]

Other Threads:
  0x00007fcd54077800 VMThread [stack: 0x00007fcd581fd000,0x00007fcd582fe000] [id=28554]
  0x00007fcd540c4000 WatcherThread [stack: 0x00007fcd40712000,0x00007fcd40813000] [id=28562]

VM state:not at safepoint (normal execution)

VM Mutex/Monitor currently owned by a thread:  ([mutex/lock_event])
[0x00007fcd54005830] ExpandHeap_lock - owner thread: 0x00007fccec001800
[0x00007fcd540063b0] Heap_lock - owner thread: 0x00007fccec001800

Heap:
 PSYoungGen      total 113664K, used 99726K [0x00000000d6f80000, 0x00000000e3080000, 0x0000000100000000)
  eden space 108032K, 92% used [0x00000000d6f80000,0x00000000dd0e3ad8,0x00000000dd900000)
  from space 5632K, 0% used [0x00000000dd900000,0x00000000dd900000,0x00000000dde80000)
  to   space 6144K, 0% used [0x00000000e2a80000,0x00000000e2a80000,0x00000000e3080000)
 ParOldGen       total 357376K, used 197798K [0x0000000084e00000, 0x000000009ab00000, 0x00000000d6f80000)
  object space 357376K, 55% used [0x0000000084e00000,0x0000000090f29930,0x000000009ab00000)
 Metaspace       used 14145K, capacity 14374K, committed 14720K, reserved 1062912K
  class space    used 1745K, capacity 1837K, committed 1920K, reserved 1048576K

Card table byte_map: [0x00007fcd5a79c000,0x00007fcd5ab76000] byte_map_base: 0x00007fcd5a375000

Marking Bits: (ParMarkBitMap*) 0x00007fcd5d29f220
 Begin Bits: [0x00007fcd41270000, 0x00007fcd43138000)
 End Bits:   [0x00007fcd43138000, 0x00007fcd45000000)

Polling page: 0x00007fcd5deee000

CodeCache: size=245760Kb used=5326Kb max_used=5403Kb free=240433Kb
 bounds [0x00007fcd45000000, 0x00007fcd45580000, 0x00007fcd54000000]
 total_blobs=2030 nmethods=1469 adapters=474
 compilation: enabled

Compilation events (10 events):
Event: 12,740 Thread 0x00007fcd540b9800 1585   !   4       java.util.zip.Inflater::setInput (74 bytes)
Event: 12,743 Thread 0x00007fcd540b9800 nmethod 1585 0x00007fcd4527b7d0 code [0x00007fcd4527b920, 0x00007fcd4527bc18]
Event: 12,743 Thread 0x00007fcd540be000 nmethod 1586 0x00007fcd45186190 code [0x00007fcd45186300, 0x00007fcd45186548]
Event: 12,743 Thread 0x00007fcd540be000 1588       3       java.io.PrintStream::ensureOpen (18 bytes)
Event: 12,743 Thread 0x00007fcd540be000 nmethod 1588 0x00007fcd45212a90 code [0x00007fcd45212c00, 0x00007fcd45212e48]
Event: 12,744 Thread 0x00007fcd540be000 1587       1       sun.nio.cs.StreamEncoder::isOpen (5 bytes)
Event: 12,744 Thread 0x00007fcd540be000 nmethod 1587 0x00007fcd45122dd0 code [0x00007fcd45122f20, 0x00007fcd45123030]
Event: 12,745 Thread 0x00007fcd540bc000 nmethod 1568 0x00007fcd4555e2d0 code [0x00007fcd4555e920, 0x00007fcd455689f8]
Event: 12,767 Thread 0x00007fcd540b9800 1589       4       sun.awt.image.PNGImageDecoder::getInt (59 bytes)
Event: 12,768 Thread 0x00007fcd540b9800 nmethod 1589 0x00007fcd451f9650 code [0x00007fcd451f97a0, 0x00007fcd451f98b8]

GC Heap History (10 events):
Event: 11,573 GC heap before
{Heap before GC invocations=8 (full 3):
 PSYoungGen      total 68096K, used 800K [0x00000000d6f80000, 0x00000000de580000, 0x0000000100000000)
  eden space 62976K, 0% used [0x00000000d6f80000,0x00000000d6f80000,0x00000000dad00000)
  from space 5120K, 15% used [0x00000000dad00000,0x00000000dadc8000,0x00000000db200000)
  to   space 5632K, 0% used [0x00000000de000000,0x00000000de000000,0x00000000de580000)
 ParOldGen       total 168960K, used 137155K [0x0000000084e00000, 0x000000008f300000, 0x00000000d6f80000)
  object space 168960K, 81% used [0x0000000084e00000,0x000000008d3f0cb8,0x000000008f300000)
 Metaspace       used 14125K, capacity 14374K, committed 14720K, reserved 1062912K
  class space    used 1745K, capacity 1837K, committed 1920K, reserved 1048576K
Event: 11,630 GC heap after
Heap after GC invocations=8 (full 3):
 PSYoungGen      total 68096K, used 0K [0x00000000d6f80000, 0x00000000de580000, 0x0000000100000000)
  eden space 62976K, 0% used [0x00000000d6f80000,0x00000000d6f80000,0x00000000dad00000)
  from space 5120K, 0% used [0x00000000dad00000,0x00000000dad00000,0x00000000db200000)
  to   space 5632K, 0% used [0x00000000de000000,0x00000000de000000,0x00000000de580000)
 ParOldGen       total 219648K, used 120859K [0x0000000084e00000, 0x0000000092480000, 0x00000000d6f80000)
  object space 219648K, 55% used [0x0000000084e00000,0x000000008c406f60,0x0000000092480000)
 Metaspace       used 14125K, capacity 14374K, committed 14720K, reserved 1062912K
  class space    used 1745K, capacity 1837K, committed 1920K, reserved 1048576K
}
Event: 11,747 GC heap before
{Heap before GC invocations=9 (full 3):
 PSYoungGen      total 68096K, used 62976K [0x00000000d6f80000, 0x00000000de580000, 0x0000000100000000)
  eden space 62976K, 100% used [0x00000000d6f80000,0x00000000dad00000,0x00000000dad00000)
  from space 5120K, 0% used [0x00000000dad00000,0x00000000dad00000,0x00000000db200000)
  to   space 5632K, 0% used [0x00000000de000000,0x00000000de000000,0x00000000de580000)
 ParOldGen       total 219648K, used 121383K [0x0000000084e00000, 0x0000000092480000, 0x00000000d6f80000)
  object space 219648K, 55% used [0x0000000084e00000,0x000000008c489d60,0x0000000092480000)
 Metaspace       used 14127K, capacity 14374K, committed 14720K, reserved 1062912K
  class space    used 1745K, capacity 1837K, committed 1920K, reserved 1048576K
Event: 11,977 GC heap after
Heap after GC invocations=9 (full 3):
 PSYoungGen      total 112128K, used 196K [0x00000000d6f80000, 0x00000000de400000, 0x0000000100000000)
  eden space 108032K, 0% used [0x00000000d6f80000,0x00000000d6f80000,0x00000000dd900000)
  from space 4096K, 4% used [0x00000000de000000,0x00000000de031100,0x00000000de400000)
  to   space 5632K, 0% used [0x00000000dd900000,0x00000000dd900000,0x00000000dde80000)
 ParOldGen       total 219648K, used 201175K [0x0000000084e00000, 0x0000000092480000, 0x00000000d6f80000)
  object space 219648K, 91% used [0x0000000084e00000,0x0000000091275fd0,0x0000000092480000)
 Metaspace       used 14127K, capacity 14374K, committed 14720K, reserved 1062912K
  class space    used 1745K, capacity 1837K, committed 1920K, reserved 1048576K
}
Event: 11,977 GC heap before
{Heap before GC invocations=10 (full 4):
 PSYoungGen      total 112128K, used 196K [0x00000000d6f80000, 0x00000000de400000, 0x0000000100000000)
  eden space 108032K, 0% used [0x00000000d6f80000,0x00000000d6f80000,0x00000000dd900000)
  from space 4096K, 4% used [0x00000000de000000,0x00000000de031100,0x00000000de400000)
  to   space 5632K, 0% used [0x00000000dd900000,0x00000000dd900000,0x00000000dde80000)
 ParOldGen       total 219648K, used 201175K [0x0000000084e00000, 0x0000000092480000, 0x00000000d6f80000)
  object space 219648K, 91% used [0x0000000084e00000,0x0000000091275fd0,0x0000000092480000)
 Metaspace       used 14127K, capacity 14374K, committed 14720K, reserved 1062912K
  class space    used 1745K, capacity 1837K, committed 1920K, reserved 1048576K
Event: 12,002 GC heap after
Heap after GC invocations=10 (full 4):
 PSYoungGen      total 112128K, used 0K [0x00000000d6f80000, 0x00000000de400000, 0x0000000100000000)
  eden space 108032K, 0% used [0x00000000d6f80000,0x00000000d6f80000,0x00000000dd900000)
  from space 4096K, 0% used [0x00000000de000000,0x00000000de000000,0x00000000de400000)
  to   space 5632K, 0% used [0x00000000dd900000,0x00000000dd900000,0x00000000dde80000)
 ParOldGen       total 290816K, used 153495K [0x0000000084e00000, 0x0000000096a00000, 0x00000000d6f80000)
  object space 290816K, 52% used [0x0000000084e00000,0x000000008e3e5ed0,0x0000000096a00000)
 Metaspace       used 14127K, capacity 14374K, committed 14720K, reserved 1062912K
  class space    used 1745K, capacity 1837K, committed 1920K, reserved 1048576K
}
Event: 12,431 GC heap before
{Heap before GC invocations=11 (full 4):
 PSYoungGen      total 112128K, used 108032K [0x00000000d6f80000, 0x00000000de400000, 0x0000000100000000)
  eden space 108032K, 100% used [0x00000000d6f80000,0x00000000dd900000,0x00000000dd900000)
  from space 4096K, 0% used [0x00000000de000000,0x00000000de000000,0x00000000de400000)
  to   space 5632K, 0% used [0x00000000dd900000,0x00000000dd900000,0x00000000dde80000)
 ParOldGen       total 290816K, used 153744K [0x0000000084e00000, 0x0000000096a00000, 0x00000000d6f80000)
  object space 290816K, 52% used [0x0000000084e00000,0x000000008e424188,0x0000000096a00000)
 Metaspace       used 14130K, capacity 14374K, committed 14720K, reserved 1062912K
  class space    used 1745K, capacity 1837K, committed 1920K, reserved 1048576K
Event: 12,515 GC heap after
Heap after GC invocations=11 (full 4):
 PSYoungGen      total 113664K, used 4290K [0x00000000d6f80000, 0x00000000e3080000, 0x0000000100000000)
  eden space 108032K, 0% used [0x00000000d6f80000,0x00000000d6f80000,0x00000000dd900000)
  from space 5632K, 76% used [0x00000000dd900000,0x00000000ddd30810,0x00000000dde80000)
  to   space 6144K, 0% used [0x00000000e2a80000,0x00000000e2a80000,0x00000000e3080000)
 ParOldGen       total 290816K, used 225540K [0x0000000084e00000, 0x0000000096a00000, 0x00000000d6f80000)
  object space 290816K, 77% used [0x0000000084e00000,0x0000000092a41228,0x0000000096a00000)
 Metaspace       used 14130K, capacity 14374K, committed 14720K, reserved 1062912K
  class space    used 1745K, capacity 1837K, committed 1920K, reserved 1048576K
}
Event: 12,515 GC heap before
{Heap before GC invocations=12 (full 5):
 PSYoungGen      total 113664K, used 4290K [0x00000000d6f80000, 0x00000000e3080000, 0x0000000100000000)
  eden space 108032K, 0% used [0x00000000d6f80000,0x00000000d6f80000,0x00000000dd900000)
  from space 5632K, 76% used [0x00000000dd900000,0x00000000ddd30810,0x00000000dde80000)
  to   space 6144K, 0% used [0x00000000e2a80000,0x00000000e2a80000,0x00000000e3080000)
 ParOldGen       total 290816K, used 225540K [0x0000000084e00000, 0x0000000096a00000, 0x00000000d6f80000)
  object space 290816K, 77% used [0x0000000084e00000,0x0000000092a41228,0x0000000096a00000)
 Metaspace       used 14130K, capacity 14374K, committed 14720K, reserved 1062912K
  class space    used 1745K, capacity 1837K, committed 1920K, reserved 1048576K
Event: 12,549 GC heap after
Heap after GC invocations=12 (full 5):
 PSYoungGen      total 113664K, used 0K [0x00000000d6f80000, 0x00000000e3080000, 0x0000000100000000)
  eden space 108032K, 0% used [0x00000000d6f80000,0x00000000d6f80000,0x00000000dd900000)
  from space 5632K, 0% used [0x00000000dd900000,0x00000000dd900000,0x00000000dde80000)
  to   space 6144K, 0% used [0x00000000e2a80000,0x00000000e2a80000,0x00000000e3080000)
 ParOldGen       total 357376K, used 197798K [0x0000000084e00000, 0x000000009ab00000, 0x00000000d6f80000)
  object space 357376K, 55% used [0x0000000084e00000,0x0000000090f29930,0x000000009ab00000)
 Metaspace       used 14130K, capacity 14374K, committed 14720K, reserved 1062912K
  class space    used 1745K, capacity 1837K, committed 1920K, reserved 1048576K
}

Deoptimization events (10 events):
Event: 0,873 Thread 0x00007fcd5427d000 Uncommon trap: reason=class_check action=maybe_recompile pc=0x00007fcd4519d0b0 method=java.lang.String.equals(Ljava/lang/Object;)Z @ 8
Event: 1,212 Thread 0x00007fcd5427d000 Uncommon trap: reason=unstable_if action=reinterpret pc=0x00007fcd452d1050 method=java.nio.Buffer.nextGetIndex()I @ 8
Event: 1,392 Thread 0x00007fcd5427d000 Uncommon trap: reason=unstable_if action=reinterpret pc=0x00007fcd452d5bb0 method=java.lang.CharacterData.of(I)Ljava/lang/CharacterData; @ 4
Event: 1,561 Thread 0x00007fccf800a000 Uncommon trap: reason=unstable_if action=reinterpret pc=0x00007fcd452618ac method=java.util.concurrent.locks.AbstractQueuedSynchronizer.release(I)Z @ 14
Event: 5,993 Thread 0x00007fccdc001000 Uncommon trap: reason=unstable_if action=reinterpret pc=0x00007fcd455006cc method=sun.awt.image.ImageRepresentation.getOpaqueRGBImage()Ljava/awt/image/BufferedImage; @ 57
Event: 7,401 Thread 0x00007fcd5427d000 Uncommon trap: reason=class_check action=maybe_recompile pc=0x00007fcd4550ad1c method=java.awt.Container.getMouseEventTargetImpl(IIZLjava/awt/Container$EventTargetFilter;ZZ)Ljava/awt/Component; @ 191
Event: 8,838 Thread 0x00007fcd5427d000 Uncommon trap: reason=class_check action=maybe_recompile pc=0x00007fcd4550ad1c method=java.awt.Container.getMouseEventTargetImpl(IIZLjava/awt/Container$EventTargetFilter;ZZ)Ljava/awt/Component; @ 191
Event: 10,768 Thread 0x00007fcd5427d000 Uncommon trap: reason=unstable_if action=reinterpret pc=0x00007fcd45339748 method=java.lang.ref.SoftReference.get()Ljava/lang/Object; @ 17
Event: 11,689 Thread 0x00007fccdc001000 Uncommon trap: reason=unstable_if action=reinterpret pc=0x00007fcd45540354 method=java.io.BufferedInputStream.read1([BII)I @ 22
Event: 12,116 Thread 0x00007fccdc001000 Uncommon trap: reason=unstable_if action=reinterpret pc=0x00007fcd454ffe70 method=sun.awt.image.ImageRepresentation.getOpaqueRGBImage()Ljava/awt/image/BufferedImage; @ 57

Internal exceptions (10 events):
Event: 0,145 Thread 0x00007fcd54009800 Exception <a 'java/security/PrivilegedActionException'> (0x00000000d70047a0) thrown at [/HUDSON3/workspace/8-2-build-linux-amd64/jdk8u111/7883/hotspot/src/share/vm/prims/jvm.cpp, line 1386]
Event: 0,146 Thread 0x00007fcd54009800 Exception <a 'java/security/PrivilegedActionException'> (0x00000000d7006be0) thrown at [/HUDSON3/workspace/8-2-build-linux-amd64/jdk8u111/7883/hotspot/src/share/vm/prims/jvm.cpp, line 1386]
Event: 0,146 Thread 0x00007fcd54009800 Exception <a 'java/security/PrivilegedActionException'> (0x00000000d7006df0) thrown at [/HUDSON3/workspace/8-2-build-linux-amd64/jdk8u111/7883/hotspot/src/share/vm/prims/jvm.cpp, line 1386]
Event: 0,215 Thread 0x00007fcd54009800 Exception <a 'java/lang/NoSuchFieldError': method resolution failed> (0x00000000d7171bd0) thrown at [/HUDSON3/workspace/8-2-build-linux-amd64/jdk8u111/7883/hotspot/src/share/vm/prims/methodHandles.cpp, line 1146]
Event: 0,229 Thread 0x00007fcd54009800 Exception <a 'java/lang/NoSuchFieldError': method resolution failed> (0x00000000d717f3a0) thrown at [/HUDSON3/workspace/8-2-build-linux-amd64/jdk8u111/7883/hotspot/src/share/vm/prims/methodHandles.cpp, line 1146]
Event: 0,281 Thread 0x00007fcd54009800 Exception <a 'java/io/FileNotFoundException'> (0x00000000d71ff360) thrown at [/HUDSON3/workspace/8-2-build-linux-amd64/jdk8u111/7883/hotspot/src/share/vm/prims/jni.cpp, line 709]
Event: 0,282 Thread 0x00007fcd54009800 Exception <a 'java/io/FileNotFoundException'> (0x00000000d71ffd18) thrown at [/HUDSON3/workspace/8-2-build-linux-amd64/jdk8u111/7883/hotspot/src/share/vm/prims/jni.cpp, line 709]
Event: 0,365 Thread 0x00007fcd54009800 Implicit null exception at 0x00007fcd4516ca22 to 0x00007fcd4516cbf5
Event: 1,561 Thread 0x00007fccf800a000 Implicit null exception at 0x00007fcd4526184e to 0x00007fcd4526189e
Event: 1,570 Thread 0x00007fcd5427d000 Exception <a 'java/lang/UnsupportedOperationException': > (0x00000000d8369050) thrown at [/HUDSON3/workspace/8-2-build-linux-amd64/jdk8u111/7883/hotspot/src/share/vm/prims/jni.cpp, line 735]

Events (10 events):
Event: 12,740 Executing VM operation: RevokeBias done
Event: 12,740 Thread 0x00007fccf8129000 Thread exited: 0x00007fccf8129000
Event: 12,756 Thread 0x00007fccf80c5000 Thread exited: 0x00007fccf80c5000
Event: 12,757 Executing VM operation: BulkRevokeBias
Event: 12,760 Executing VM operation: BulkRevokeBias done
Event: 12,760 Thread 0x00007fccf8123800 Thread exited: 0x00007fccf8123800
Event: 12,760 Executing VM operation: RevokeBias
Event: 12,760 Executing VM operation: RevokeBias done
Event: 12,764 Executing VM operation: RevokeBias
Event: 12,764 Executing VM operation: RevokeBias done


Dynamic libraries:
00400000-00401000 r-xp 00000000 08:15 12855452                           /usr/lib/jvm/java-8-oracle/bin/java
00600000-00601000 rw-p 00000000 08:15 12855452                           /usr/lib/jvm/java-8-oracle/bin/java
01cc3000-01ce4000 rw-p 00000000 00:00 0                                  [heap]
84e00000-9ab00000 rw-p 00000000 00:00 0 
d6f80000-e3080000 rw-p 00000000 00:00 0 
e3080000-100000000 ---p 00000000 00:00 0 
100000000-1001e0000 rw-p 00000000 00:00 0 
1001e0000-140000000 ---p 00000000 00:00 0 
7fccbc000000-7fccbc613000 rw-p 00000000 00:00 0 
7fccbc613000-7fccc0000000 ---p 00000000 00:00 0 
7fccc15d6000-7fccc15d9000 ---p 00000000 00:00 0 
7fccc15d9000-7fccc16d7000 rw-p 00000000 00:00 0 
7fccc16d7000-7fccc16da000 ---p 00000000 00:00 0 
7fccc16da000-7fccc17d8000 rw-p 00000000 00:00 0 
7fccc18d9000-7fccc18dc000 ---p 00000000 00:00 0 
7fccc18dc000-7fccc19da000 rw-p 00000000 00:00 0 
7fccc19da000-7fccc19dd000 ---p 00000000 00:00 0 
7fccc19dd000-7fccc1adb000 rw-p 00000000 00:00 0 
7fccc1adb000-7fccc1ade000 ---p 00000000 00:00 0 
7fccc1ade000-7fccc1bdc000 rw-p 00000000 00:00 0 
7fccc1bdc000-7fccc1bdf000 ---p 00000000 00:00 0 
7fccc1bdf000-7fccc1cdd000 rw-p 00000000 00:00 0 
7fccc1cdd000-7fccc1ce0000 ---p 00000000 00:00 0 
7fccc1ce0000-7fccc1dde000 rw-p 00000000 00:00 0 
7fccc1dde000-7fccc1de1000 ---p 00000000 00:00 0 
7fccc1de1000-7fccc1edf000 rw-p 00000000 00:00 0 
7fccc1edf000-7fccc1ee2000 ---p 00000000 00:00 0 
7fccc1ee2000-7fccc1fe0000 rw-p 00000000 00:00 0 
7fccc1fe0000-7fccc1fe3000 ---p 00000000 00:00 0 
7fccc1fe3000-7fccc20e1000 rw-p 00000000 00:00 0 
7fccc20e1000-7fccc20e4000 ---p 00000000 00:00 0 
7fccc20e4000-7fccc21e2000 rw-p 00000000 00:00 0 
7fccc21e2000-7fccc21e5000 ---p 00000000 00:00 0 
7fccc21e5000-7fccc22e3000 rw-p 00000000 00:00 0 
7fccc22e3000-7fccc22e6000 ---p 00000000 00:00 0 
7fccc22e6000-7fccc23e4000 rw-p 00000000 00:00 0 
7fccc23e4000-7fccc23e7000 ---p 00000000 00:00 0 
7fccc23e7000-7fccc24e5000 rw-p 00000000 00:00 0 
7fccc24e5000-7fccc24e8000 ---p 00000000 00:00 0 
7fccc24e8000-7fccc25e6000 rw-p 00000000 00:00 0 
7fccc25e6000-7fccc25e9000 ---p 00000000 00:00 0 
7fccc25e9000-7fccc26e7000 rw-p 00000000 00:00 0 
7fccc26e7000-7fccc26ea000 ---p 00000000 00:00 0 
7fccc26ea000-7fccc27e8000 rw-p 00000000 00:00 0 
7fccc27e8000-7fccc27eb000 ---p 00000000 00:00 0 
7fccc27eb000-7fccc28e9000 rw-p 00000000 00:00 0 
7fccc28e9000-7fccc28ec000 ---p 00000000 00:00 0 
7fccc28ec000-7fccc29ea000 rw-p 00000000 00:00 0 
7fccc29ea000-7fccc29ed000 ---p 00000000 00:00 0 
7fccc29ed000-7fccc2aeb000 rw-p 00000000 00:00 0 
7fccc2aeb000-7fccc2aee000 ---p 00000000 00:00 0 
7fccc2aee000-7fccc2bec000 rw-p 00000000 00:00 0 
7fccc2bec000-7fccc2bef000 ---p 00000000 00:00 0 
7fccc2bef000-7fccc2ced000 rw-p 00000000 00:00 0 
7fccc2ced000-7fccc2cf0000 ---p 00000000 00:00 0 
7fccc2cf0000-7fccc2dee000 rw-p 00000000 00:00 0 
7fccc2dee000-7fccc2df1000 ---p 00000000 00:00 0 
7fccc2df1000-7fccc2eef000 rw-p 00000000 00:00 0 
7fccc2eef000-7fccc2ef2000 ---p 00000000 00:00 0 
7fccc2ef2000-7fccc2ff0000 rw-p 00000000 00:00 0 
7fccc2ff0000-7fccc2ff3000 ---p 00000000 00:00 0 
7fccc2ff3000-7fccc30f1000 rw-p 00000000 00:00 0 
7fccc30f1000-7fccc30f4000 ---p 00000000 00:00 0 
7fccc30f4000-7fccc31f2000 rw-p 00000000 00:00 0 
7fccc31f2000-7fccc31f5000 ---p 00000000 00:00 0 
7fccc31f5000-7fccc32f3000 rw-p 00000000 00:00 0 
7fccc32f3000-7fccc32f6000 ---p 00000000 00:00 0 
7fccc32f6000-7fccc33f4000 rw-p 00000000 00:00 0 
7fccc33f4000-7fccc33f7000 ---p 00000000 00:00 0 
7fccc33f7000-7fccc34f5000 rw-p 00000000 00:00 0 
7fccc34f5000-7fccc34f8000 ---p 00000000 00:00 0 
7fccc34f8000-7fccc35f6000 rw-p 00000000 00:00 0 
7fccc35f6000-7fccc35f9000 ---p 00000000 00:00 0 
7fccc35f9000-7fccc36f7000 rw-p 00000000 00:00 0 
7fccc36f7000-7fccc36fa000 ---p 00000000 00:00 0 
7fccc36fa000-7fccc37f8000 rw-p 00000000 00:00 0 
7fccc37f8000-7fccc37fb000 ---p 00000000 00:00 0 
7fccc37fb000-7fccc38f9000 rw-p 00000000 00:00 0 
7fccc38f9000-7fccc38fc000 ---p 00000000 00:00 0 
7fccc38fc000-7fccc39fa000 rw-p 00000000 00:00 0 
7fccc39fa000-7fccc39fd000 ---p 00000000 00:00 0 
7fccc39fd000-7fccc3afb000 rw-p 00000000 00:00 0 
7fccc3afb000-7fccc3afe000 ---p 00000000 00:00 0 
7fccc3afe000-7fccc3bfc000 rw-p 00000000 00:00 0 
7fccc3bfc000-7fccc3bff000 ---p 00000000 00:00 0 
7fccc3bff000-7fccc3cfd000 rw-p 00000000 00:00 0 
7fccc3cfd000-7fccc3d00000 ---p 00000000 00:00 0 
7fccc3d00000-7fccc3dfe000 rw-p 00000000 00:00 0 
7fccc3dfe000-7fccc3e01000 ---p 00000000 00:00 0 
7fccc3e01000-7fccc3eff000 rw-p 00000000 00:00 0 
7fccc3eff000-7fccc3f02000 ---p 00000000 00:00 0 
7fccc3f02000-7fccc4000000 rw-p 00000000 00:00 0 
7fccc4000000-7fccc4021000 rw-p 00000000 00:00 0 
7fccc4021000-7fccc8000000 ---p 00000000 00:00 0 
7fccc8000000-7fccc8021000 rw-p 00000000 00:00 0 
7fccc8021000-7fcccc000000 ---p 00000000 00:00 0 
7fcccc000000-7fcccc021000 rw-p 00000000 00:00 0 
7fcccc021000-7fccd0000000 ---p 00000000 00:00 0 
7fccd0000000-7fccd0021000 rw-p 00000000 00:00 0 
7fccd0021000-7fccd4000000 ---p 00000000 00:00 0 
7fccd4000000-7fccd432f000 rw-p 00000000 00:00 0 
7fccd432f000-7fccd8000000 ---p 00000000 00:00 0 
7fccd8088000-7fccd808b000 ---p 00000000 00:00 0 
7fccd808b000-7fccd8189000 rw-p 00000000 00:00 0 
7fccd8189000-7fccd818c000 ---p 00000000 00:00 0 
7fccd818c000-7fccd828a000 rw-p 00000000 00:00 0 
7fccd828a000-7fccd828d000 ---p 00000000 00:00 0 
7fccd828d000-7fccd838b000 rw-p 00000000 00:00 0 
7fccd838b000-7fccd838e000 ---p 00000000 00:00 0 
7fccd838e000-7fccd848c000 rw-p 00000000 00:00 0 
7fccd848c000-7fccd848f000 ---p 00000000 00:00 0 
7fccd848f000-7fccd858d000 rw-p 00000000 00:00 0 
7fccd858d000-7fccd8590000 ---p 00000000 00:00 0 
7fccd8590000-7fccd868e000 rw-p 00000000 00:00 0 
7fccd868e000-7fccd8691000 ---p 00000000 00:00 0 
7fccd8691000-7fccd878f000 rw-p 00000000 00:00 0 
7fccd878f000-7fccd8792000 ---p 00000000 00:00 0 
7fccd8792000-7fccd8890000 rw-p 00000000 00:00 0 
7fccd8890000-7fccd8893000 ---p 00000000 00:00 0 
7fccd8893000-7fccd8991000 rw-p 00000000 00:00 0 
7fccd8991000-7fccd8994000 ---p 00000000 00:00 0 
7fccd8994000-7fccd8a92000 rw-p 00000000 00:00 0 
7fccd8a92000-7fccd8a95000 ---p 00000000 00:00 0 
7fccd8a95000-7fccd8b93000 rw-p 00000000 00:00 0 
7fccd8b93000-7fccd8b96000 ---p 00000000 00:00 0 
7fccd8b96000-7fccd8c94000 rw-p 00000000 00:00 0 
7fccd8c94000-7fccd8c97000 ---p 00000000 00:00 0 
7fccd8c97000-7fccd8d95000 rw-p 00000000 00:00 0 
7fccd8d95000-7fccd8d98000 ---p 00000000 00:00 0 
7fccd8d98000-7fccd8e96000 rw-p 00000000 00:00 0 
7fccd8e96000-7fccd8e99000 ---p 00000000 00:00 0 
7fccd8e99000-7fccd8f97000 rw-p 00000000 00:00 0 
7fccd8f97000-7fccd8f9a000 ---p 00000000 00:00 0 
7fccd8f9a000-7fccd9098000 rw-p 00000000 00:00 0 
7fccd9098000-7fccd909b000 ---p 00000000 00:00 0 
7fccd909b000-7fccd9199000 rw-p 00000000 00:00 0 
7fccd9199000-7fccd919c000 ---p 00000000 00:00 0 
7fccd919c000-7fccd929a000 rw-p 00000000 00:00 0 
7fccd929a000-7fccd929d000 ---p 00000000 00:00 0 
7fccd929d000-7fccd939b000 rw-p 00000000 00:00 0 
7fccd939b000-7fccd939e000 ---p 00000000 00:00 0 
7fccd939e000-7fccd949c000 rw-p 00000000 00:00 0 
7fccd949c000-7fccd949f000 ---p 00000000 00:00 0 
7fccd949f000-7fccd959d000 rw-p 00000000 00:00 0 
7fccd959d000-7fccd95a0000 ---p 00000000 00:00 0 
7fccd95a0000-7fccd969e000 rw-p 00000000 00:00 0 
7fccd969e000-7fccd96a1000 ---p 00000000 00:00 0 
7fccd96a1000-7fccd979f000 rw-p 00000000 00:00 0 
7fccd979f000-7fccd97a2000 ---p 00000000 00:00 0 
7fccd97a2000-7fccd98a0000 rw-p 00000000 00:00 0 
7fccd98a0000-7fccd98a3000 ---p 00000000 00:00 0 
7fccd98a3000-7fccd99a1000 rw-p 00000000 00:00 0 
7fccd99a1000-7fccd99a4000 ---p 00000000 00:00 0 
7fccd99a4000-7fccd9aa2000 rw-p 00000000 00:00 0 
7fccd9aa2000-7fccd9aa5000 ---p 00000000 00:00 0 
7fccd9aa5000-7fccd9ba3000 rw-p 00000000 00:00 0 
7fccd9ba3000-7fccd9ba6000 ---p 00000000 00:00 0 
7fccd9ba6000-7fccd9ca4000 rw-p 00000000 00:00 0 
7fccd9ca4000-7fccd9ca7000 ---p 00000000 00:00 0 
7fccd9ca7000-7fccd9da5000 rw-p 00000000 00:00 0 
7fccd9da5000-7fccd9da8000 ---p 00000000 00:00 0 
7fccd9da8000-7fccd9ea6000 rw-p 00000000 00:00 0 
7fccd9ea6000-7fccd9ea9000 ---p 00000000 00:00 0 
7fccd9ea9000-7fccd9fa7000 rw-p 00000000 00:00 0 
7fccd9fa7000-7fccd9faa000 ---p 00000000 00:00 0 
7fccd9faa000-7fccda0a8000 rw-p 00000000 00:00 0 
7fccda0a8000-7fccda0ab000 ---p 00000000 00:00 0 
7fccda0ab000-7fccda1a9000 rw-p 00000000 00:00 0 
7fccda1a9000-7fccda1ac000 ---p 00000000 00:00 0 
7fccda1ac000-7fccda2aa000 rw-p 00000000 00:00 0 
7fccda2aa000-7fccda2ad000 ---p 00000000 00:00 0 
7fccda2ad000-7fccda3ab000 rw-p 00000000 00:00 0 
7fccda3ab000-7fccda3ae000 ---p 00000000 00:00 0 
7fccda3ae000-7fccda4ac000 rw-p 00000000 00:00 0 
7fccda4ac000-7fccda4af000 ---p 00000000 00:00 0 
7fccda4af000-7fccda5ad000 rw-p 00000000 00:00 0 
7fccda5ad000-7fccda5b0000 ---p 00000000 00:00 0 
7fccda5b0000-7fccda6ae000 rw-p 00000000 00:00 0 
7fccda6ae000-7fccda6b1000 ---p 00000000 00:00 0 
7fccda6b1000-7fccda7af000 rw-p 00000000 00:00 0 
7fccda7af000-7fccda7b2000 ---p 00000000 00:00 0 
7fccda7b2000-7fccda8b0000 rw-p 00000000 00:00 0 
7fccda8b0000-7fccda8b3000 ---p 00000000 00:00 0 
7fccda8b3000-7fccda9b1000 rw-p 00000000 00:00 0 
7fccda9b1000-7fccda9b4000 ---p 00000000 00:00 0 
7fccda9b4000-7fccdaab2000 rw-p 00000000 00:00 0 
7fccdaab2000-7fccdaab5000 ---p 00000000 00:00 0 
7fccdaab5000-7fccdabb3000 rw-p 00000000 00:00 0 
7fccdabb3000-7fccdabb6000 ---p 00000000 00:00 0 
7fccdabb6000-7fccdacb4000 rw-p 00000000 00:00 0 
7fccdacb4000-7fccdacb7000 ---p 00000000 00:00 0 
7fccdacb7000-7fccdadb5000 rw-p 00000000 00:00 0 
7fccdadb5000-7fccdadb8000 ---p 00000000 00:00 0 
7fccdadb8000-7fccdaeb6000 rw-p 00000000 00:00 0 
7fccdaeb6000-7fccdaeb9000 ---p 00000000 00:00 0 
7fccdaeb9000-7fccdafb7000 rw-p 00000000 00:00 0 
7fccdafb7000-7fccdafba000 ---p 00000000 00:00 0 
7fccdafba000-7fccdb0b8000 rw-p 00000000 00:00 0 
7fccdb0b8000-7fccdb0bb000 ---p 00000000 00:00 0 
7fccdb0bb000-7fccdb1b9000 rw-p 00000000 00:00 0 
7fccdb1b9000-7fccdb1bc000 ---p 00000000 00:00 0 
7fccdb1bc000-7fccdb2ba000 rw-p 00000000 00:00 0 
7fccdb2ba000-7fccdb2bd000 ---p 00000000 00:00 0 
7fccdb2bd000-7fccdb3bb000 rw-p 00000000 00:00 0 
7fccdb3bb000-7fccdb3be000 ---p 00000000 00:00 0 
7fccdb3be000-7fccdb4bc000 rw-p 00000000 00:00 0 
7fccdb4bc000-7fccdb4bf000 ---p 00000000 00:00 0 
7fccdb4bf000-7fccdb5bd000 rw-p 00000000 00:00 0 
7fccdb5bd000-7fccdb5c0000 ---p 00000000 00:00 0 
7fccdb5c0000-7fccdb6be000 rw-p 00000000 00:00 0 
7fccdb6be000-7fccdb6c1000 ---p 00000000 00:00 0 
7fccdb6c1000-7fccdb7bf000 rw-p 00000000 00:00 0 
7fccdb7bf000-7fccdb7c2000 ---p 00000000 00:00 0 
7fccdb7c2000-7fccdb8c0000 rw-p 00000000 00:00 0 
7fccdb8c0000-7fccdb8c3000 ---p 00000000 00:00 0 
7fccdb8c3000-7fccdb9c1000 rw-p 00000000 00:00 0 
7fccdb9c1000-7fccdb9c4000 ---p 00000000 00:00 0 
7fccdb9c4000-7fccdbac2000 rw-p 00000000 00:00 0 
7fccdbac2000-7fccdbac5000 ---p 00000000 00:00 0 
7fccdbac5000-7fccdbbc3000 rw-p 00000000 00:00 0 
7fccdbbc3000-7fccdbbc6000 ---p 00000000 00:00 0 
7fccdbbc6000-7fccdbcc4000 rw-p 00000000 00:00 0 
7fccdbcc4000-7fccdbcc7000 ---p 00000000 00:00 0 
7fccdbcc7000-7fccdbdc5000 rw-p 00000000 00:00 0 
7fccdbdc5000-7fccdbe00000 r-xp 00000000 08:15 12980351                   /usr/lib/jvm/java-8-oracle/jre/lib/amd64/libjpeg.so
7fccdbe00000-7fccdbfff000 ---p 0003b000 08:15 12980351                   /usr/lib/jvm/java-8-oracle/jre/lib/amd64/libjpeg.so
7fccdbfff000-7fccdc000000 rw-p 0003a000 08:15 12980351                   /usr/lib/jvm/java-8-oracle/jre/lib/amd64/libjpeg.so
7fccdc000000-7fccdc021000 rw-p 00000000 00:00 0 
7fccdc021000-7fcce0000000 ---p 00000000 00:00 0 
7fcce0000000-7fcce0046000 rw-p 00000000 00:00 0 
7fcce0046000-7fcce4000000 ---p 00000000 00:00 0 
7fcce4000000-7fcce4710000 rw-p 00000000 00:00 0 
7fcce4710000-7fcce8000000 ---p 00000000 00:00 0 
7fcce8000000-7fcce8021000 rw-p 00000000 00:00 0 
7fcce8021000-7fccec000000 ---p 00000000 00:00 0 
7fccec000000-7fccec021000 rw-p 00000000 00:00 0 
7fccec021000-7fccf0000000 ---p 00000000 00:00 0 
7fccf0000000-7fccf0021000 rw-p 00000000 00:00 0 
7fccf0021000-7fccf4000000 ---p 00000000 00:00 0 
7fccf4000000-7fccf4021000 rw-p 00000000 00:00 0 
7fccf4021000-7fccf8000000 ---p 00000000 00:00 0 
7fccf8000000-7fccf8430000 rw-p 00000000 00:00 0 
7fccf8430000-7fccfc000000 ---p 00000000 00:00 0 
7fccfc000000-7fccfc029000 rw-p 00000000 00:00 0 
7fccfc029000-7fcd00000000 ---p 00000000 00:00 0 
7fcd00000000-7fcd00021000 rw-p 00000000 00:00 0 
7fcd00021000-7fcd04000000 ---p 00000000 00:00 0 
7fcd04000000-7fcd04021000 rw-p 00000000 00:00 0 
7fcd04021000-7fcd08000000 ---p 00000000 00:00 0 
7fcd0804f000-7fcd08052000 ---p 00000000 00:00 0 
7fcd08052000-7fcd08150000 rw-p 00000000 00:00 0 
7fcd08150000-7fcd08153000 ---p 00000000 00:00 0 
7fcd08153000-7fcd08251000 rw-p 00000000 00:00 0 
7fcd08352000-7fcd08355000 ---p 00000000 00:00 0 
7fcd08355000-7fcd084d3000 rw-p 00000000 00:00 0 
7fcd084d3000-7fcd08653000 ---p 00000000 00:00 0 
7fcd08716000-7fcd08719000 ---p 00000000 00:00 0 
7fcd08719000-7fcd08817000 rw-p 00000000 00:00 0 
7fcd08817000-7fcd0881a000 ---p 00000000 00:00 0 
7fcd0881a000-7fcd08918000 rw-p 00000000 00:00 0 
7fcd08a12000-7fcd08a15000 ---p 00000000 00:00 0 
7fcd08a15000-7fcd08b13000 rw-p 00000000 00:00 0 
7fcd08b13000-7fcd08b16000 ---p 00000000 00:00 0 
7fcd08b16000-7fcd08c14000 rw-p 00000000 00:00 0 
7fcd08c14000-7fcd08c17000 ---p 00000000 00:00 0 
7fcd08c17000-7fcd08d15000 rw-p 00000000 00:00 0 
7fcd08d15000-7fcd08d18000 ---p 00000000 00:00 0 
7fcd08d18000-7fcd08e16000 rw-p 00000000 00:00 0 
7fcd08e16000-7fcd08e19000 ---p 00000000 00:00 0 
7fcd08e19000-7fcd08f17000 rw-p 00000000 00:00 0 
7fcd08f17000-7fcd08f1a000 ---p 00000000 00:00 0 
7fcd08f1a000-7fcd09018000 rw-p 00000000 00:00 0 
7fcd09018000-7fcd0901b000 ---p 00000000 00:00 0 
7fcd0901b000-7fcd09119000 rw-p 00000000 00:00 0 
7fcd09119000-7fcd0911c000 ---p 00000000 00:00 0 
7fcd0911c000-7fcd0941a000 rw-p 00000000 00:00 0 
7fcd0941a000-7fcd0941d000 ---p 00000000 00:00 0 
7fcd0941d000-7fcd0951b000 rw-p 00000000 00:00 0 
7fcd0951b000-7fcd0951e000 ---p 00000000 00:00 0 
7fcd0951e000-7fcd0961c000 rw-p 00000000 00:00 0 
7fcd0961c000-7fcd09685000 r-xp 00000000 08:15 12980623                   /usr/lib/jvm/java-8-oracle/jre/lib/amd64/libt2k.so
7fcd09685000-7fcd09885000 ---p 00069000 08:15 12980623                   /usr/lib/jvm/java-8-oracle/jre/lib/amd64/libt2k.so
7fcd09885000-7fcd0988c000 rw-p 00069000 08:15 12980623                   /usr/lib/jvm/java-8-oracle/jre/lib/amd64/libt2k.so
7fcd0988c000-7fcd0989c000 rw-p 00000000 00:00 0 
7fcd0989c000-7fcd098ad000 r-xp 00000000 08:15 12980591                   /usr/lib/jvm/java-8-oracle/jre/lib/amd64/libnio.so
7fcd098ad000-7fcd09aac000 ---p 00011000 08:15 12980591                   /usr/lib/jvm/java-8-oracle/jre/lib/amd64/libnio.so
7fcd09aac000-7fcd09aad000 rw-p 00010000 08:15 12980591                   /usr/lib/jvm/java-8-oracle/jre/lib/amd64/libnio.so
7fcd09aad000-7fcd09dae000 rw-p 00000000 00:00 0 
7fcd09dae000-7fcd09dc4000 r-xp 00000000 08:15 12980356                   /usr/lib/jvm/java-8-oracle/jre/lib/amd64/libnet.so
7fcd09dc4000-7fcd09fc4000 ---p 00016000 08:15 12980356                   /usr/lib/jvm/java-8-oracle/jre/lib/amd64/libnet.so
7fcd09fc4000-7fcd09fc5000 rw-p 00016000 08:15 12980356                   /usr/lib/jvm/java-8-oracle/jre/lib/amd64/libnet.so
7fcd09fc5000-7fcd0a1c5000 rw-p 00000000 00:00 0 
7fcd0a1c5000-7fcd0a1c8000 ---p 00000000 00:00 0 
7fcd0a1c8000-7fcd0a2c6000 rw-p 00000000 00:00 0 
7fcd0a2c6000-7fcd0a2c9000 ---p 00000000 00:00 0 
7fcd0a2c9000-7fcd0a3c7000 rw-p 00000000 00:00 0 
7fcd0a3c7000-7fcd0a3ca000 ---p 00000000 00:00 0 
7fcd0a3ca000-7fcd0a4c8000 rw-p 00000000 00:00 0 
7fcd0a4c8000-7fcd0a4cb000 ---p 00000000 00:00 0 
7fcd0a4cb000-7fcd0a5c9000 rw-p 00000000 00:00 0 
7fcd0a5c9000-7fcd0a5ce000 r-xp 00000000 08:15 12329486                   /usr/lib/x86_64-linux-gnu/libXfixes.so.3.1.0
7fcd0a5ce000-7fcd0a7cd000 ---p 00005000 08:15 12329486                   /usr/lib/x86_64-linux-gnu/libXfixes.so.3.1.0
7fcd0a7cd000-7fcd0a7ce000 r--p 00004000 08:15 12329486                   /usr/lib/x86_64-linux-gnu/libXfixes.so.3.1.0
7fcd0a7ce000-7fcd0a7cf000 rw-p 00005000 08:15 12329486                   /usr/lib/x86_64-linux-gnu/libXfixes.so.3.1.0
7fcd0a7cf000-7fcd0a7d8000 r-xp 00000000 08:15 12329478                   /usr/lib/x86_64-linux-gnu/libXcursor.so.1.0.2
7fcd0a7d8000-7fcd0a9d7000 ---p 00009000 08:15 12329478                   /usr/lib/x86_64-linux-gnu/libXcursor.so.1.0.2
7fcd0a9d7000-7fcd0a9d8000 r--p 00008000 08:15 12329478                   /usr/lib/x86_64-linux-gnu/libXcursor.so.1.0.2
7fcd0a9d8000-7fcd0a9d9000 rw-p 00009000 08:15 12329478                   /usr/lib/x86_64-linux-gnu/libXcursor.so.1.0.2
7fcd0a9d9000-7fcd0a9ef000 r-xp 00000000 08:15 7082441                    /lib/x86_64-linux-gnu/libgcc_s.so.1
7fcd0a9ef000-7fcd0abee000 ---p 00016000 08:15 7082441                    /lib/x86_64-linux-gnu/libgcc_s.so.1
7fcd0abee000-7fcd0abef000 rw-p 00015000 08:15 7082441                    /lib/x86_64-linux-gnu/libgcc_s.so.1
7fcd0abef000-7fcd0ac54000 r-xp 00000000 08:15 12980585                   /usr/lib/jvm/java-8-oracle/jre/lib/amd64/libfontmanager.so
7fcd0ac54000-7fcd0ae53000 ---p 00065000 08:15 12980585                   /usr/lib/jvm/java-8-oracle/jre/lib/amd64/libfontmanager.so
7fcd0ae53000-7fcd0ae58000 rw-p 00064000 08:15 12980585                   /usr/lib/jvm/java-8-oracle/jre/lib/amd64/libfontmanager.so
7fcd0ae58000-7fcd0ae68000 rw-p 00000000 00:00 0 
7fcd0ae68000-7fcd0ae6d000 r-xp 00000000 08:15 12329482                   /usr/lib/x86_64-linux-gnu/libXdmcp.so.6.0.0
7fcd0ae6d000-7fcd0b06c000 ---p 00005000 08:15 12329482                   /usr/lib/x86_64-linux-gnu/libXdmcp.so.6.0.0
7fcd0b06c000-7fcd0b06d000 r--p 00004000 08:15 12329482                   /usr/lib/x86_64-linux-gnu/libXdmcp.so.6.0.0
7fcd0b06d000-7fcd0b06e000 rw-p 00005000 08:15 12329482                   /usr/lib/x86_64-linux-gnu/libXdmcp.so.6.0.0
7fcd0b06e000-7fcd0b070000 r-xp 00000000 08:15 12329471                   /usr/lib/x86_64-linux-gnu/libXau.so.6.0.0
7fcd0b070000-7fcd0b270000 ---p 00002000 08:15 12329471                   /usr/lib/x86_64-linux-gnu/libXau.so.6.0.0
7fcd0b270000-7fcd0b271000 r--p 00002000 08:15 12329471                   /usr/lib/x86_64-linux-gnu/libXau.so.6.0.0
7fcd0b271000-7fcd0b272000 rw-p 00003000 08:15 12329471                   /usr/lib/x86_64-linux-gnu/libXau.so.6.0.0
7fcd0b272000-7fcd0b293000 r-xp 00000000 08:15 12330820                   /usr/lib/x86_64-linux-gnu/libxcb.so.1.1.0
7fcd0b293000-7fcd0b492000 ---p 00021000 08:15 12330820                   /usr/lib/x86_64-linux-gnu/libxcb.so.1.1.0
7fcd0b492000-7fcd0b493000 r--p 00020000 08:15 12330820                   /usr/lib/x86_64-linux-gnu/libxcb.so.1.1.0
7fcd0b493000-7fcd0b494000 rw-p 00021000 08:15 12330820                   /usr/lib/x86_64-linux-gnu/libxcb.so.1.1.0
7fcd0b494000-7fcd0b4a3000 r-xp 00000000 08:15 12329492                   /usr/lib/x86_64-linux-gnu/libXi.so.6.1.0
7fcd0b4a3000-7fcd0b6a2000 ---p 0000f000 08:15 12329492                   /usr/lib/x86_64-linux-gnu/libXi.so.6.1.0
7fcd0b6a2000-7fcd0b6a3000 r--p 0000e000 08:15 12329492                   /usr/lib/x86_64-linux-gnu/libXi.so.6.1.0
7fcd0b6a3000-7fcd0b6a4000 rw-p 0000f000 08:15 12329492                   /usr/lib/x86_64-linux-gnu/libXi.so.6.1.0
7fcd0b6a4000-7fcd0b6a9000 r-xp 00000000 08:15 12329510                   /usr/lib/x86_64-linux-gnu/libXtst.so.6.1.0
7fcd0b6a9000-7fcd0b8a8000 ---p 00005000 08:15 12329510                   /usr/lib/x86_64-linux-gnu/libXtst.so.6.1.0
7fcd0b8a8000-7fcd0b8a9000 r--p 00004000 08:15 12329510                   /usr/lib/x86_64-linux-gnu/libXtst.so.6.1.0
7fcd0b8a9000-7fcd0b8aa000 rw-p 00005000 08:15 12329510                   /usr/lib/x86_64-linux-gnu/libXtst.so.6.1.0
7fcd0b8aa000-7fcd0b8b3000 r-xp 00000000 08:15 12329504                   /usr/lib/x86_64-linux-gnu/libXrender.so.1.3.0
7fcd0b8b3000-7fcd0bab2000 ---p 00009000 08:15 12329504                   /usr/lib/x86_64-linux-gnu/libXrender.so.1.3.0
7fcd0bab2000-7fcd0bab3000 r--p 00008000 08:15 12329504                   /usr/lib/x86_64-linux-gnu/libXrender.so.1.3.0
7fcd0bab3000-7fcd0bab4000 rw-p 00009000 08:15 12329504                   /usr/lib/x86_64-linux-gnu/libXrender.so.1.3.0
7fcd0bab4000-7fcd0bbe9000 r-xp 00000000 08:15 12329467                   /usr/lib/x86_64-linux-gnu/libX11.so.6.3.0
7fcd0bbe9000-7fcd0bde9000 ---p 00135000 08:15 12329467                   /usr/lib/x86_64-linux-gnu/libX11.so.6.3.0
7fcd0bde9000-7fcd0bdea000 r--p 00135000 08:15 12329467                   /usr/lib/x86_64-linux-gnu/libX11.so.6.3.0
7fcd0bdea000-7fcd0bdee000 rw-p 00136000 08:15 12329467                   /usr/lib/x86_64-linux-gnu/libX11.so.6.3.0
7fcd0bdee000-7fcd0bdff000 r-xp 00000000 08:15 12329484                   /usr/lib/x86_64-linux-gnu/libXext.so.6.4.0
7fcd0bdff000-7fcd0bffe000 ---p 00011000 08:15 12329484                   /usr/lib/x86_64-linux-gnu/libXext.so.6.4.0
7fcd0bffe000-7fcd0bfff000 r--p 00010000 08:15 12329484                   /usr/lib/x86_64-linux-gnu/libXext.so.6.4.0
7fcd0bfff000-7fcd0c000000 rw-p 00011000 08:15 12329484                   /usr/lib/x86_64-linux-gnu/libXext.so.6.4.0
7fcd0c000000-7fcd0c021000 rw-p 00000000 00:00 0 
7fcd0c021000-7fcd10000000 ---p 00000000 00:00 0 
7fcd10000000-7fcd10021000 rw-p 00000000 00:00 0 
7fcd10021000-7fcd14000000 ---p 00000000 00:00 0 
7fcd14000000-7fcd15163000 rw-p 00000000 00:00 0 
7fcd15163000-7fcd18000000 ---p 00000000 00:00 0 
7fcd18000000-7fcd184c1000 rw-p 00000000 00:00 0 
7fcd184c1000-7fcd1c000000 ---p 00000000 00:00 0 
7fcd1c000000-7fcd1c021000 rw-p 00000000 00:00 0 
7fcd1c021000-7fcd20000000 ---p 00000000 00:00 0 
7fcd20000000-7fcd206d7000 rw-p 00000000 00:00 0 
7fcd206d7000-7fcd24000000 ---p 00000000 00:00 0 
7fcd24000000-7fcd24021000 rw-p 00000000 00:00 0 
7fcd24021000-7fcd28000000 ---p 00000000 00:00 0 
7fcd28000000-7fcd28021000 rw-p 00000000 00:00 0 
7fcd28021000-7fcd2c000000 ---p 00000000 00:00 0 
7fcd2c000000-7fcd2c021000 rw-p 00000000 00:00 0 
7fcd2c021000-7fcd30000000 ---p 00000000 00:00 0 
7fcd30000000-7fcd300d4000 rw-p 00000000 00:00 0 
7fcd300d4000-7fcd34000000 ---p 00000000 00:00 0 
7fcd34000000-7fcd34021000 rw-p 00000000 00:00 0 
7fcd34021000-7fcd38000000 ---p 00000000 00:00 0 
7fcd38000000-7fcd38021000 rw-p 00000000 00:00 0 
7fcd38021000-7fcd3c000000 ---p 00000000 00:00 0 
7fcd3c000000-7fcd3c021000 rw-p 00000000 00:00 0 
7fcd3c021000-7fcd40000000 ---p 00000000 00:00 0 
7fcd4009a000-7fcd4009e000 r--s 00000000 08:15 5506269                    /var/cache/fontconfig/6aa41aa22e18b8fa06a12da28ea9c28b-le64.cache-6
7fcd4009e000-7fcd400a9000 r--s 00000000 08:15 5505130                    /var/cache/fontconfig/945677eb7aeaf62f1d50efc3fb3ec7d8-le64.cache-6
7fcd400a9000-7fcd400ab000 r--s 00000000 08:15 5518660                    /var/cache/fontconfig/99e8ed0e538f840c565b6ed5dad60d56-le64.cache-6
7fcd400ab000-7fcd400e6000 r--s 00000000 08:15 5505135                    /var/cache/fontconfig/365b55f210c0a22e9a19e35191240f32-le64.cache-6
7fcd400e6000-7fcd400e9000 ---p 00000000 00:00 0 
7fcd400e9000-7fcd401e7000 rw-p 00000000 00:00 0 
7fcd401e7000-7fcd4023b000 r-xp 00000000 08:15 12980593                   /usr/lib/jvm/java-8-oracle/jre/lib/amd64/libawt_xawt.so
7fcd4023b000-7fcd4043b000 ---p 00054000 08:15 12980593                   /usr/lib/jvm/java-8-oracle/jre/lib/amd64/libawt_xawt.so
7fcd4043b000-7fcd4043f000 rw-p 00054000 08:15 12980593                   /usr/lib/jvm/java-8-oracle/jre/lib/amd64/libawt_xawt.so
7fcd4043f000-7fcd40440000 rw-p 00000000 00:00 0 
7fcd40440000-7fcd404e2000 r-xp 00000000 08:15 12980626                   /usr/lib/jvm/java-8-oracle/jre/lib/amd64/libawt.so
7fcd404e2000-7fcd406e2000 ---p 000a2000 08:15 12980626                   /usr/lib/jvm/java-8-oracle/jre/lib/amd64/libawt.so
7fcd406e2000-7fcd406ee000 rw-p 000a2000 08:15 12980626                   /usr/lib/jvm/java-8-oracle/jre/lib/amd64/libawt.so
7fcd406ee000-7fcd40712000 rw-p 00000000 00:00 0 
7fcd40712000-7fcd40713000 ---p 00000000 00:00 0 
7fcd40713000-7fcd40813000 rw-p 00000000 00:00 0 
7fcd40813000-7fcd40816000 ---p 00000000 00:00 0 
7fcd40816000-7fcd40914000 rw-p 00000000 00:00 0 
7fcd40914000-7fcd40917000 ---p 00000000 00:00 0 
7fcd40917000-7fcd40a15000 rw-p 00000000 00:00 0 
7fcd40a15000-7fcd40a18000 ---p 00000000 00:00 0 
7fcd40a18000-7fcd40b16000 rw-p 00000000 00:00 0 
7fcd40b16000-7fcd40b19000 ---p 00000000 00:00 0 
7fcd40b19000-7fcd40c17000 rw-p 00000000 00:00 0 
7fcd40c17000-7fcd40c1a000 ---p 00000000 00:00 0 
7fcd40c1a000-7fcd40d18000 rw-p 00000000 00:00 0 
7fcd40d18000-7fcd4116f000 r--p 00000000 08:15 12321046                   /usr/lib/locale/locale-archive
7fcd4116f000-7fcd41172000 ---p 00000000 00:00 0 
7fcd41172000-7fcd45000000 rw-p 00000000 00:00 0 
7fcd45000000-7fcd45580000 rwxp 00000000 00:00 0 
7fcd45580000-7fcd54000000 ---p 00000000 00:00 0 
7fcd54000000-7fcd5458f000 rw-p 00000000 00:00 0 
7fcd5458f000-7fcd58000000 ---p 00000000 00:00 0 
7fcd58000000-7fcd58009000 r--s 00000000 08:15 5518659                    /var/cache/fontconfig/a6d8cf8e4ec09cdbc8633c31745a07dd-le64.cache-6
7fcd58009000-7fcd5800f000 r--s 00000000 08:15 5514525                    /var/cache/fontconfig/2cd17615ca594fa2959ae173292e504c-le64.cache-6
7fcd5800f000-7fcd58010000 r--s 00000000 08:15 5514141                    /var/cache/fontconfig/0d8c3b2ac0904cb8a57a757ad11a4a08-le64.cache-6
7fcd58010000-7fcd58014000 r--s 00000000 08:15 5515861                    /var/cache/fontconfig/de156ccd2eddbdc19d37a45b8b2aac9c-le64.cache-6
7fcd58014000-7fcd58029000 r--s 00000000 08:15 5514140                    /var/cache/fontconfig/04aabc0a78ac019cf9454389977116d2-le64.cache-6
7fcd58029000-7fcd5802a000 r--s 00000000 08:15 5514139                    /var/cache/fontconfig/1ac9eb803944fde146138c791f5cc56a-le64.cache-6
7fcd5802a000-7fcd5802e000 r--s 00000000 08:15 5514013                    /var/cache/fontconfig/385c0604a188198f04d133e54aba7fe7-le64.cache-6
7fcd5802e000-7fcd5802f000 r--s 00000000 08:15 5514010                    /var/cache/fontconfig/dc05db6664285cc2f12bf69c139ae4c3-le64.cache-6
7fcd5802f000-7fcd58032000 r--s 00000000 08:15 5513664                    /var/cache/fontconfig/767a8244fc0220cfb567a839d0392e0b-le64.cache-6
7fcd58032000-7fcd58033000 r--s 00000000 08:15 5513663                    /var/cache/fontconfig/4794a0821666d79190d59a36cb4f44b5-le64.cache-6
7fcd58033000-7fcd58038000 r--s 00000000 08:15 5513662                    /var/cache/fontconfig/8801497958630a81b71ace7c5f9b32a8-le64.cache-6
7fcd58038000-7fcd5803c000 r--s 00000000 08:15 5515860                    /var/cache/fontconfig/c57959a16110560c8d0fcea73374aeeb-le64.cache-6
7fcd5803c000-7fcd5803d000 r--s 00000000 08:15 5513661                    /var/cache/fontconfig/bab58bb527bb656aaa9f116d68a48d89-le64.cache-6
7fcd5803d000-7fcd58044000 r--s 00000000 08:15 5513222                    /var/cache/fontconfig/3047814df9a2f067bd2d96a2b9c36e5a-le64.cache-6
7fcd58044000-7fcd5804c000 r--s 00000000 08:15 5506147                    /var/cache/fontconfig/bf3b770c553c462765856025a94f1ce6-le64.cache-6
7fcd5804c000-7fcd5804d000 r--s 00000000 08:15 5512791                    /var/cache/fontconfig/56cf4f4769d0f4abc89a4895d7bd3ae1-le64.cache-6
7fcd5804d000-7fcd58053000 r--s 00000000 08:15 5512789                    /var/cache/fontconfig/b47c4e1ecd0709278f4910c18777a504-le64.cache-6
7fcd58053000-7fcd5805b000 r--s 00000000 08:15 5518658                    /var/cache/fontconfig/52f7bdb7ce746bfd7eaa1985bd9cfa93-le64.cache-6
7fcd5805b000-7fcd5806e000 r--s 00000000 08:15 5512788                    /var/cache/fontconfig/d52a8644073d54c13679302ca1180695-le64.cache-6
7fcd5806e000-7fcd58079000 r--s 00000000 08:15 5506474                    /var/cache/fontconfig/d589a48862398ed80a3d6066f4f56f4c-le64.cache-6
7fcd58079000-7fcd58084000 r--s 00000000 08:15 5512171                    /var/cache/fontconfig/83bf95040141907cd45bb53cf7c1c148-le64.cache-6
7fcd58084000-7fcd58096000 r--s 00000000 08:15 5512170                    /var/cache/fontconfig/9b89f8e3dae116d678bbf48e5f21f69b-le64.cache-6
7fcd58096000-7fcd580b6000 r--s 00000000 08:15 5506266                    /var/cache/fontconfig/e13b20fdb08344e0e664864cc2ede53d-le64.cache-6
7fcd580b6000-7fcd580c3000 r--s 00000000 08:15 5505419                    /var/cache/fontconfig/8f02d4cb045bd6ce15663e43f347c9f8-le64.cache-6
7fcd580c3000-7fcd580e4000 r--s 00000000 08:15 5505593                    /var/cache/fontconfig/467c019e582ee353435ea5c21d137ef6-le64.cache-6
7fcd580fc000-7fcd580ff000 ---p 00000000 00:00 0 
7fcd580ff000-7fcd581fd000 rw-p 00000000 00:00 0 
7fcd581fd000-7fcd581fe000 ---p 00000000 00:00 0 
7fcd581fe000-7fcd592e0000 rw-p 00000000 00:00 0 
7fcd592e0000-7fcd594b8000 r--s 03d2a000 08:15 12855517                   /usr/lib/jvm/java-8-oracle/jre/lib/rt.jar
7fcd594b8000-7fcd5a107000 rw-p 00000000 00:00 0 
7fcd5a107000-7fcd5a108000 ---p 00000000 00:00 0 
7fcd5a108000-7fcd5a208000 rw-p 00000000 00:00 0 
7fcd5a208000-7fcd5a209000 ---p 00000000 00:00 0 
7fcd5a209000-7fcd5a309000 rw-p 00000000 00:00 0 
7fcd5a309000-7fcd5a30a000 ---p 00000000 00:00 0 
7fcd5a30a000-7fcd5a40a000 rw-p 00000000 00:00 0 
7fcd5a40a000-7fcd5a40b000 ---p 00000000 00:00 0 
7fcd5a40b000-7fcd5a5ba000 rw-p 00000000 00:00 0 
7fcd5a5ba000-7fcd5a79c000 ---p 00000000 00:00 0 
7fcd5a79c000-7fcd5a84b000 rw-p 00000000 00:00 0 
7fcd5a84b000-7fcd5aa2c000 ---p 00000000 00:00 0 
7fcd5aa2c000-7fcd5aa8e000 rw-p 00000000 00:00 0 
7fcd5aa8e000-7fcd5ab75000 ---p 00000000 00:00 0 
7fcd5ab75000-7fcd5ab8c000 rw-p 00000000 00:00 0 
7fcd5ab8c000-7fcd5af36000 ---p 00000000 00:00 0 
7fcd5af36000-7fcd5af50000 r-xp 00000000 08:15 12980589                   /usr/lib/jvm/java-8-oracle/jre/lib/amd64/libzip.so
7fcd5af50000-7fcd5b150000 ---p 0001a000 08:15 12980589                   /usr/lib/jvm/java-8-oracle/jre/lib/amd64/libzip.so
7fcd5b150000-7fcd5b151000 rw-p 0001a000 08:15 12980589                   /usr/lib/jvm/java-8-oracle/jre/lib/amd64/libzip.so
7fcd5b151000-7fcd5b15c000 r-xp 00000000 08:15 7082080                    /lib/x86_64-linux-gnu/libnss_files-2.23.so
7fcd5b15c000-7fcd5b35b000 ---p 0000b000 08:15 7082080                    /lib/x86_64-linux-gnu/libnss_files-2.23.so
7fcd5b35b000-7fcd5b35c000 r--p 0000a000 08:15 7082080                    /lib/x86_64-linux-gnu/libnss_files-2.23.so
7fcd5b35c000-7fcd5b35d000 rw-p 0000b000 08:15 7082080                    /lib/x86_64-linux-gnu/libnss_files-2.23.so
7fcd5b35d000-7fcd5b363000 rw-p 00000000 00:00 0 
7fcd5b363000-7fcd5b36e000 r-xp 00000000 08:15 7082074                    /lib/x86_64-linux-gnu/libnss_nis-2.23.so
7fcd5b36e000-7fcd5b56d000 ---p 0000b000 08:15 7082074                    /lib/x86_64-linux-gnu/libnss_nis-2.23.so
7fcd5b56d000-7fcd5b56e000 r--p 0000a000 08:15 7082074                    /lib/x86_64-linux-gnu/libnss_nis-2.23.so
7fcd5b56e000-7fcd5b56f000 rw-p 0000b000 08:15 7082074                    /lib/x86_64-linux-gnu/libnss_nis-2.23.so
7fcd5b56f000-7fcd5b585000 r-xp 00000000 08:15 7082070                    /lib/x86_64-linux-gnu/libnsl-2.23.so
7fcd5b585000-7fcd5b784000 ---p 00016000 08:15 7082070                    /lib/x86_64-linux-gnu/libnsl-2.23.so
7fcd5b784000-7fcd5b785000 r--p 00015000 08:15 7082070                    /lib/x86_64-linux-gnu/libnsl-2.23.so
7fcd5b785000-7fcd5b786000 rw-p 00016000 08:15 7082070                    /lib/x86_64-linux-gnu/libnsl-2.23.so
7fcd5b786000-7fcd5b788000 rw-p 00000000 00:00 0 
7fcd5b788000-7fcd5b790000 r-xp 00000000 08:15 7082066                    /lib/x86_64-linux-gnu/libnss_compat-2.23.so
7fcd5b790000-7fcd5b98f000 ---p 00008000 08:15 7082066                    /lib/x86_64-linux-gnu/libnss_compat-2.23.so
7fcd5b98f000-7fcd5b990000 r--p 00007000 08:15 7082066                    /lib/x86_64-linux-gnu/libnss_compat-2.23.so
7fcd5b990000-7fcd5b991000 rw-p 00008000 08:15 7082066                    /lib/x86_64-linux-gnu/libnss_compat-2.23.so
7fcd5b991000-7fcd5b9bc000 r-xp 00000000 08:15 12980616                   /usr/lib/jvm/java-8-oracle/jre/lib/amd64/libjava.so
7fcd5b9bc000-7fcd5bbbb000 ---p 0002b000 08:15 12980616                   /usr/lib/jvm/java-8-oracle/jre/lib/amd64/libjava.so
7fcd5bbbb000-7fcd5bbbd000 rw-p 0002a000 08:15 12980616                   /usr/lib/jvm/java-8-oracle/jre/lib/amd64/libjava.so
7fcd5bbbd000-7fcd5bbca000 r-xp 00000000 08:15 12980358                   /usr/lib/jvm/java-8-oracle/jre/lib/amd64/libverify.so
7fcd5bbca000-7fcd5bdc9000 ---p 0000d000 08:15 12980358                   /usr/lib/jvm/java-8-oracle/jre/lib/amd64/libverify.so
7fcd5bdc9000-7fcd5bdcb000 rw-p 0000c000 08:15 12980358                   /usr/lib/jvm/java-8-oracle/jre/lib/amd64/libverify.so
7fcd5bdcb000-7fcd5bdd2000 r-xp 00000000 08:15 7082098                    /lib/x86_64-linux-gnu/librt-2.23.so
7fcd5bdd2000-7fcd5bfd1000 ---p 00007000 08:15 7082098                    /lib/x86_64-linux-gnu/librt-2.23.so
7fcd5bfd1000-7fcd5bfd2000 r--p 00006000 08:15 7082098                    /lib/x86_64-linux-gnu/librt-2.23.so
7fcd5bfd2000-7fcd5bfd3000 rw-p 00007000 08:15 7082098                    /lib/x86_64-linux-gnu/librt-2.23.so
7fcd5bfd3000-7fcd5c0db000 r-xp 00000000 08:15 7082092                    /lib/x86_64-linux-gnu/libm-2.23.so
7fcd5c0db000-7fcd5c2da000 ---p 00108000 08:15 7082092                    /lib/x86_64-linux-gnu/libm-2.23.so
7fcd5c2da000-7fcd5c2db000 r--p 00107000 08:15 7082092                    /lib/x86_64-linux-gnu/libm-2.23.so
7fcd5c2db000-7fcd5c2dc000 rw-p 00108000 08:15 7082092                    /lib/x86_64-linux-gnu/libm-2.23.so
7fcd5c2dc000-7fcd5cfa9000 r-xp 00000000 08:15 12980620                   /usr/lib/jvm/java-8-oracle/jre/lib/amd64/server/libjvm.so
7fcd5cfa9000-7fcd5d1a8000 ---p 00ccd000 08:15 12980620                   /usr/lib/jvm/java-8-oracle/jre/lib/amd64/server/libjvm.so
7fcd5d1a8000-7fcd5d281000 rw-p 00ccc000 08:15 12980620                   /usr/lib/jvm/java-8-oracle/jre/lib/amd64/server/libjvm.so
7fcd5d281000-7fcd5d2cc000 rw-p 00000000 00:00 0 
7fcd5d2cc000-7fcd5d48b000 r-xp 00000000 08:15 7082106                    /lib/x86_64-linux-gnu/libc-2.23.so
7fcd5d48b000-7fcd5d68b000 ---p 001bf000 08:15 7082106                    /lib/x86_64-linux-gnu/libc-2.23.so
7fcd5d68b000-7fcd5d68f000 r--p 001bf000 08:15 7082106                    /lib/x86_64-linux-gnu/libc-2.23.so
7fcd5d68f000-7fcd5d691000 rw-p 001c3000 08:15 7082106                    /lib/x86_64-linux-gnu/libc-2.23.so
7fcd5d691000-7fcd5d695000 rw-p 00000000 00:00 0 
7fcd5d695000-7fcd5d698000 r-xp 00000000 08:15 7082107                    /lib/x86_64-linux-gnu/libdl-2.23.so
7fcd5d698000-7fcd5d897000 ---p 00003000 08:15 7082107                    /lib/x86_64-linux-gnu/libdl-2.23.so
7fcd5d897000-7fcd5d898000 r--p 00002000 08:15 7082107                    /lib/x86_64-linux-gnu/libdl-2.23.so
7fcd5d898000-7fcd5d899000 rw-p 00003000 08:15 7082107                    /lib/x86_64-linux-gnu/libdl-2.23.so
7fcd5d899000-7fcd5d8ae000 r-xp 00000000 08:15 12585246                   /usr/lib/jvm/java-8-oracle/lib/amd64/jli/libjli.so
7fcd5d8ae000-7fcd5daae000 ---p 00015000 08:15 12585246                   /usr/lib/jvm/java-8-oracle/lib/amd64/jli/libjli.so
7fcd5daae000-7fcd5daaf000 rw-p 00015000 08:15 12585246                   /usr/lib/jvm/java-8-oracle/lib/amd64/jli/libjli.so
7fcd5daaf000-7fcd5dac7000 r-xp 00000000 08:15 7082105                    /lib/x86_64-linux-gnu/libpthread-2.23.so
7fcd5dac7000-7fcd5dcc6000 ---p 00018000 08:15 7082105                    /lib/x86_64-linux-gnu/libpthread-2.23.so
7fcd5dcc6000-7fcd5dcc7000 r--p 00017000 08:15 7082105                    /lib/x86_64-linux-gnu/libpthread-2.23.so
7fcd5dcc7000-7fcd5dcc8000 rw-p 00018000 08:15 7082105                    /lib/x86_64-linux-gnu/libpthread-2.23.so
7fcd5dcc8000-7fcd5dccc000 rw-p 00000000 00:00 0 
7fcd5dccc000-7fcd5dcf2000 r-xp 00000000 08:15 7082100                    /lib/x86_64-linux-gnu/ld-2.23.so
7fcd5dcf2000-7fcd5dcf3000 r--s 00000000 08:15 5512790                    /var/cache/fontconfig/b9d506c9ac06c20b433354fa67a72993-le64.cache-6
7fcd5dcf3000-7fcd5dcf4000 r--s 00000000 08:15 5512777                    /var/cache/fontconfig/551ecf3b0e8b0bca0f25c0944f561853-le64.cache-6
7fcd5dcf4000-7fcd5dcf5000 r--s 00000000 08:15 5512770                    /var/cache/fontconfig/30829fa25452a46451e813d634d7f916-le64.cache-6
7fcd5dcf5000-7fcd5ddc0000 rw-p 00000000 00:00 0 
7fcd5ddc0000-7fcd5ddc3000 ---p 00000000 00:00 0 
7fcd5ddc3000-7fcd5dec5000 rw-p 00000000 00:00 0 
7fcd5dec5000-7fcd5dec6000 r--s 00000000 08:15 5512769                    /var/cache/fontconfig/0c9eb80ebd1c36541ebe2852d3bb0c49-le64.cache-6
7fcd5dec6000-7fcd5dec9000 r--s 00000000 08:15 5512181                    /var/cache/fontconfig/75114ca45c98e8a441da0ff356701271-le64.cache-6
7fcd5dec9000-7fcd5decb000 r--s 00000000 08:15 5505108                    /var/cache/fontconfig/62f91419b9ebdb6975e7e41ab6412357-le64.cache-6
7fcd5decb000-7fcd5decf000 r--s 00000000 08:15 5506151                    /var/cache/fontconfig/7ef2298fde41cc6eeb7af42e48b7d293-le64.cache-6
7fcd5decf000-7fcd5ded1000 r--s 00000000 08:15 5505420                    /var/cache/fontconfig/16326683038b281783a0ef8c680e3a10-le64.cache-6
7fcd5ded1000-7fcd5ded2000 r--s 00000000 08:15 5505596                    /var/cache/fontconfig/e0aa53bcfa504e64f87823c16bc01eb6-le64.cache-6
7fcd5ded2000-7fcd5dee5000 r--s 00345000 08:15 12855537                   /usr/lib/jvm/java-8-oracle/jre/lib/resources.jar
7fcd5dee5000-7fcd5deed000 rw-s 00000000 08:15 1324583                    /tmp/hsperfdata_nokorot/28543
7fcd5deed000-7fcd5deee000 rw-p 00000000 00:00 0 
7fcd5deee000-7fcd5deef000 r--p 00000000 00:00 0 
7fcd5deef000-7fcd5def1000 rw-p 00000000 00:00 0 
7fcd5def1000-7fcd5def2000 r--p 00025000 08:15 7082100                    /lib/x86_64-linux-gnu/ld-2.23.so
7fcd5def2000-7fcd5def3000 rw-p 00026000 08:15 7082100                    /lib/x86_64-linux-gnu/ld-2.23.so
7fcd5def3000-7fcd5def4000 rw-p 00000000 00:00 0 
7ffe9d722000-7ffe9d743000 rw-p 00000000 00:00 0                          [stack]
7ffe9d7cc000-7ffe9d7ce000 r--p 00000000 00:00 0                          [vvar]
7ffe9d7ce000-7ffe9d7d0000 r-xp 00000000 00:00 0                          [vdso]
ffffffffff600000-ffffffffff601000 r-xp 00000000 00:00 0                  [vsyscall]

VM Arguments:
jvm_args: -Dfile.encoding=UTF-8 
java_command: engineTest.tests
java_class_path (initial): /home/nokorot/Workspace/Java/LiveSystem/NokoBox/bin
Launcher Type: SUN_STANDARD

Environment Variables:
JAVA_HOME=/usr/lib/jvm/java-8-oracle
PATH=/home/nokorot/.cabal/bin:/opt/cabal/1.22/bin:/opt/ghc/7.10.3/bin:/home/nokorot/.bin:/home/nokorot/bin:/home/nokorot/.local/bin:/usr/local/sbin:/usr/local/bin:/usr/sbin:/usr/bin:/sbin:/bin:/usr/games:/usr/local/games:/snap/bin:/usr/lib/jvm/java-8-oracle/bin:/usr/lib/jvm/java-8-oracle/db/bin:/usr/lib/jvm/java-8-oracle/jre/bin
USERNAME=nokorot
SHELL=/bin/bash
DISPLAY=:1

Signal Handlers:
SIGSEGV: [libjvm.so+0xac64b0], sa_mask[0]=11111111011111111101111111111110, sa_flags=SA_RESTART|SA_SIGINFO
SIGBUS: [libjvm.so+0xac64b0], sa_mask[0]=11111111011111111101111111111110, sa_flags=SA_RESTART|SA_SIGINFO
SIGFPE: [libjvm.so+0x91f950], sa_mask[0]=11111111011111111101111111111110, sa_flags=SA_RESTART|SA_SIGINFO
SIGPIPE: [libjvm.so+0x91f950], sa_mask[0]=11111111011111111101111111111110, sa_flags=SA_RESTART|SA_SIGINFO
SIGXFSZ: [libjvm.so+0x91f950], sa_mask[0]=11111111011111111101111111111110, sa_flags=SA_RESTART|SA_SIGINFO
SIGILL: [libjvm.so+0x91f950], sa_mask[0]=11111111011111111101111111111110, sa_flags=SA_RESTART|SA_SIGINFO
SIGUSR1: SIG_DFL, sa_mask[0]=00000000000000000000000000000000, sa_flags=none
SIGUSR2: [libjvm.so+0x920f80], sa_mask[0]=00100000000000000000000000000000, sa_flags=SA_RESTART|SA_SIGINFO
SIGHUP: [libjvm.so+0x922380], sa_mask[0]=11111111011111111101111111111110, sa_flags=SA_RESTART|SA_SIGINFO
SIGINT: [libjvm.so+0x922380], sa_mask[0]=11111111011111111101111111111110, sa_flags=SA_RESTART|SA_SIGINFO
SIGTERM: [libjvm.so+0x922380], sa_mask[0]=11111111011111111101111111111110, sa_flags=SA_RESTART|SA_SIGINFO
SIGQUIT: [libjvm.so+0x922380], sa_mask[0]=11111111011111111101111111111110, sa_flags=SA_RESTART|SA_SIGINFO


---------------  S Y S T E M  ---------------

OS:DISTRIB_ID=Ubuntu
DISTRIB_RELEASE=16.04
DISTRIB_CODENAME=xenial
DISTRIB_DESCRIPTION="Ubuntu 16.04.1 LTS"

uname:Linux 4.4.0-57-generic #78-Ubuntu SMP Fri Dec 9 23:50:32 UTC 2016 x86_64
libc:glibc 2.23 NPTL 2.23 
rlimit: STACK 8192k, CORE 0k, NPROC 31349, NOFILE 65536, AS infinity
load average:2,23 1,69 1,25

/proc/meminfo:
MemTotal:        8065836 kB
MemFree:          170540 kB
MemAvailable:     143588 kB
Buffers:            2152 kB
Cached:           877812 kB
SwapCached:        31076 kB
Active:          6251844 kB
Inactive:        1293980 kB
Active(anon):    6182716 kB
Inactive(anon):  1224688 kB
Active(file):      69128 kB
Inactive(file):    69292 kB
Unevictable:         480 kB
Mlocked:             480 kB
SwapTotal:       1951740 kB
SwapFree:         700408 kB
Dirty:               552 kB
Writeback:             0 kB
AnonPages:       6657208 kB
Mapped:           616612 kB
Shmem:            742008 kB
Slab:             145412 kB
SReclaimable:      79588 kB
SUnreclaim:        65824 kB
KernelStack:       29376 kB
PageTables:        98136 kB
NFS_Unstable:          0 kB
Bounce:                0 kB
WritebackTmp:          0 kB
CommitLimit:     5984656 kB
Committed_AS:   23483148 kB
VmallocTotal:   34359738367 kB
VmallocUsed:           0 kB
VmallocChunk:          0 kB
HardwareCorrupted:     0 kB
AnonHugePages:   2463744 kB
CmaTotal:              0 kB
CmaFree:               0 kB
HugePages_Total:       0
HugePages_Free:        0
HugePages_Rsvd:        0
HugePages_Surp:        0
Hugepagesize:       2048 kB
DirectMap4k:      419112 kB
DirectMap2M:     7860224 kB


CPU:total 4 (2 cores per cpu, 2 threads per core) family 6 model 58 stepping 9, cmov, cx8, fxsr, mmx, sse, sse2, sse3, ssse3, sse4.1, sse4.2, popcnt, avx, aes, clmul, erms, ht, tsc, tscinvbit, tscinv

/proc/cpuinfo:
processor	: 0
vendor_id	: GenuineIntel
cpu family	: 6
model		: 58
model name	: Intel(R) Core(TM) i5-3210M CPU @ 2.50GHz
stepping	: 9
microcode	: 0x15
cpu MHz		: 2899.902
cache size	: 3072 KB
physical id	: 0
siblings	: 4
core id		: 0
cpu cores	: 2
apicid		: 0
initial apicid	: 0
fpu		: yes
fpu_exception	: yes
cpuid level	: 13
wp		: yes
flags		: fpu vme de pse tsc msr pae mce cx8 apic sep mtrr pge mca cmov pat pse36 clflush dts acpi mmx fxsr sse sse2 ss ht tm pbe syscall nx rdtscp lm constant_tsc arch_perfmon pebs bts rep_good nopl xtopology nonstop_tsc aperfmperf eagerfpu pni pclmulqdq dtes64 monitor ds_cpl vmx est tm2 ssse3 cx16 xtpr pdcm pcid sse4_1 sse4_2 x2apic popcnt tsc_deadline_timer aes xsave avx f16c rdrand lahf_lm epb tpr_shadow vnmi flexpriority ept vpid fsgsbase smep erms xsaveopt dtherm ida arat pln pts
bugs		:
bogomips	: 4988.68
clflush size	: 64
cache_alignment	: 64
address sizes	: 36 bits physical, 48 bits virtual
power management:

processor	: 1
vendor_id	: GenuineIntel
cpu family	: 6
model		: 58
model name	: Intel(R) Core(TM) i5-3210M CPU @ 2.50GHz
stepping	: 9
microcode	: 0x15
cpu MHz		: 2900.000
cache size	: 3072 KB
physical id	: 0
siblings	: 4
core id		: 1
cpu cores	: 2
apicid		: 2
initial apicid	: 2
fpu		: yes
fpu_exception	: yes
cpuid level	: 13
wp		: yes
flags		: fpu vme de pse tsc msr pae mce cx8 apic sep mtrr pge mca cmov pat pse36 clflush dts acpi mmx fxsr sse sse2 ss ht tm pbe syscall nx rdtscp lm constant_tsc arch_perfmon pebs bts rep_good nopl xtopology nonstop_tsc aperfmperf eagerfpu pni pclmulqdq dtes64 monitor ds_cpl vmx est tm2 ssse3 cx16 xtpr pdcm pcid sse4_1 sse4_2 x2apic popcnt tsc_deadline_timer aes xsave avx f16c rdrand lahf_lm epb tpr_shadow vnmi flexpriority ept vpid fsgsbase smep erms xsaveopt dtherm ida arat pln pts
bugs		:
bogomips	: 4988.68
clflush size	: 64
cache_alignment	: 64
address sizes	: 36 bits physical, 48 bits virtual
power management:

processor	: 2
vendor_id	: GenuineIntel
cpu family	: 6
model		: 58
model name	: Intel(R) Core(TM) i5-3210M CPU @ 2.50GHz
stepping	: 9
microcode	: 0x15
cpu MHz		: 2899.902
cache size	: 3072 KB
physical id	: 0
siblings	: 4
core id		: 0
cpu cores	: 2
apicid		: 1
initial apicid	: 1
fpu		: yes
fpu_exception	: yes
cpuid level	: 13
wp		: yes
flags		: fpu vme de pse tsc msr pae mce cx8 apic sep mtrr pge mca cmov pat pse36 clflush dts acpi mmx fxsr sse sse2 ss ht tm pbe syscall nx rdtscp lm constant_tsc arch_perfmon pebs bts rep_good nopl xtopology nonstop_tsc aperfmperf eagerfpu pni pclmulqdq dtes64 monitor ds_cpl vmx est tm2 ssse3 cx16 xtpr pdcm pcid sse4_1 sse4_2 x2apic popcnt tsc_deadline_timer aes xsave avx f16c rdrand lahf_lm epb tpr_shadow vnmi flexpriority ept vpid fsgsbase smep erms xsaveopt dtherm ida arat pln pts
bugs		:
bogomips	: 4988.68
clflush size	: 64
cache_alignment	: 64
address sizes	: 36 bits physical, 48 bits virtual
power management:

processor	: 3
vendor_id	: GenuineIntel
cpu family	: 6
model		: 58
model name	: Intel(R) Core(TM) i5-3210M CPU @ 2.50GHz
stepping	: 9
microcode	: 0x15
cpu MHz		: 2900.000
cache size	: 3072 KB
physical id	: 0
siblings	: 4
core id		: 1
cpu cores	: 2
apicid		: 3
initial apicid	: 3
fpu		: yes
fpu_exception	: yes
cpuid level	: 13
wp		: yes
flags		: fpu vme de pse tsc msr pae mce cx8 apic sep mtrr pge mca cmov pat pse36 clflush dts acpi mmx fxsr sse sse2 ss ht tm pbe syscall nx rdtscp lm constant_tsc arch_perfmon pebs bts rep_good nopl xtopology nonstop_tsc aperfmperf eagerfpu pni pclmulqdq dtes64 monitor ds_cpl vmx est tm2 ssse3 cx16 xtpr pdcm pcid sse4_1 sse4_2 x2apic popcnt tsc_deadline_timer aes xsave avx f16c rdrand lahf_lm epb tpr_shadow vnmi flexpriority ept vpid fsgsbase smep erms xsaveopt dtherm ida arat pln pts
bugs		:
bogomips	: 4988.68
clflush size	: 64
cache_alignment	: 64
address sizes	: 36 bits physical, 48 bits virtual
power management:



Memory: 4k page, physical 8065836k(170540k free), swap 1951740k(700408k free)

vm_info: Java HotSpot(TM) 64-Bit Server VM (25.111-b14) for linux-amd64 JRE (1.8.0_111-b14), built on Sep 22 2016 16:14:03 by "java_re" with gcc 4.3.0 20080428 (Red Hat 4.3.0-8)

time: Mon Jan  9 21:30:58 2017
elapsed time: 12 seconds (0d 0h 0m 12s)

