#
# There is insufficient memory for the Java Runtime Environment to continue.
# Native memory allocation (mmap) failed to map 1034944512 bytes for committing reserved memory.
# Possible reasons:
#   The system is out of physical RAM or swap space
#   In 32 bit mode, the process size limit was hit
# Possible solutions:
#   Reduce memory load on the system
#   Increase physical memory or swap space
#   Check if swap backing store is full
#   Use 64 bit Java on a 64 bit OS
#   Decrease Java heap size (-Xmx/-Xms)
#   Decrease number of Java threads
#   Decrease Java thread stack sizes (-Xss)
#   Set larger code cache with -XX:ReservedCodeCacheSize=
# This output file may be truncated or incomplete.
#
#  Out of Memory Error (os_linux.cpp:2627), pid=2314, tid=0x00007fc572e23700
#
# JRE version: Java(TM) SE Runtime Environment (8.0_111-b14) (build 1.8.0_111-b14)
# Java VM: Java HotSpot(TM) 64-Bit Server VM (25.111-b14 mixed mode linux-amd64 compressed oops)
# Failed to write core dump. Core dumps have been disabled. To enable core dumping, try "ulimit -c unlimited" before starting Java again
#

---------------  T H R E A D  ---------------

Current thread (0x00007fc59426e800):  JavaThread "Image Fetcher 0" daemon [_thread_in_vm, id=2335, stack(0x00007fc572d23000,0x00007fc572e24000)]

Stack: [0x00007fc572d23000,0x00007fc572e24000],  sp=0x00007fc572e21140,  free space=1016k
Native frames: (J=compiled Java code, j=interpreted, Vv=VM code, C=native code)
V  [libjvm.so+0xac5c2a]  VMError::report_and_die()+0x2ba
V  [libjvm.so+0x4fc50b]  report_vm_out_of_memory(char const*, int, unsigned long, VMErrorType, char const*)+0x8b
V  [libjvm.so+0x922ae3]  os::Linux::commit_memory_impl(char*, unsigned long, bool)+0x103
V  [libjvm.so+0x923039]  os::pd_commit_memory(char*, unsigned long, unsigned long, bool)+0x29
V  [libjvm.so+0x91d33a]  os::commit_memory(char*, unsigned long, unsigned long, bool)+0x2a
V  [libjvm.so+0x991ac3]  PSVirtualSpace::expand_by(unsigned long)+0x53
V  [libjvm.so+0x982149]  PSOldGen::expand_by(unsigned long)+0x49
V  [libjvm.so+0x9823b5]  PSOldGen::expand(unsigned long)+0x1a5
V  [libjvm.so+0x98263a]  PSOldGen::expand_and_allocate(unsigned long)+0x1a
V  [libjvm.so+0x98275b]  PSOldGen::allocate(unsigned long)+0xcb
V  [libjvm.so+0x94648e]  ParallelScavengeHeap::mem_allocate(unsigned long, bool*)+0xfe
V  [libjvm.so+0xa8b47e]  TypeArrayKlass::allocate_common(int, bool, Thread*)+0x26e
V  [libjvm.so+0x68380a]  InterpreterRuntime::newarray(JavaThread*, BasicType, int)+0x2a
j  java.awt.image.DataBufferInt.<init>(I)V+11
j  java.awt.image.Raster.createPackedRaster(III[ILjava/awt/Point;)Ljava/awt/image/WritableRaster;+69
j  java.awt.image.DirectColorModel.createCompatibleWritableRaster(II)Ljava/awt/image/WritableRaster;+109
j  sun.awt.image.ImageRepresentation.createBufferedImage()V+18
J 1374 C2 sun.awt.image.ImageRepresentation.setPixels(IIIILjava/awt/image/ColorModel;[III)V (535 bytes) @ 0x00007fc584a4b754 [0x00007fc584a4b380+0x3d4]
J 1373 C2 sun.awt.image.ImageDecoder.setPixels(IIIILjava/awt/image/ColorModel;[III)I (58 bytes) @ 0x00007fc584a43100 [0x00007fc584a42f20+0x1e0]
J 1375 C2 sun.awt.image.JPEGImageDecoder.sendPixels([II)Z (40 bytes) @ 0x00007fc584a4733c [0x00007fc584a472e0+0x5c]
v  ~StubRoutines::call_stub
V  [libjvm.so+0x690206]  JavaCalls::call_helper(JavaValue*, methodHandle*, JavaCallArguments*, Thread*)+0x1056
V  [libjvm.so+0x6d20fb]  jni_invoke_nonstatic(JNIEnv_*, JavaValue*, _jobject*, JNICallType, _jmethodID*, JNI_ArgumentPusher*, Thread*)+0x40b
V  [libjvm.so+0x6d9c66]  jni_CallBooleanMethod+0x196
C  [libjpeg.so+0x2a7b8]  Java_sun_awt_image_JPEGImageDecoder_readImage+0x608
j  sun.awt.image.JPEGImageDecoder.readImage(Ljava/io/InputStream;[B)V+0
j  sun.awt.image.JPEGImageDecoder.produceImage()V+10
j  sun.awt.image.InputStreamImageSource.doFetch()V+51
j  sun.awt.image.ImageFetcher.fetchloop()V+33
j  sun.awt.image.ImageFetcher.run()V+5
v  ~StubRoutines::call_stub
V  [libjvm.so+0x690206]  JavaCalls::call_helper(JavaValue*, methodHandle*, JavaCallArguments*, Thread*)+0x1056
V  [libjvm.so+0x690711]  JavaCalls::call_virtual(JavaValue*, KlassHandle, Symbol*, Symbol*, JavaCallArguments*, Thread*)+0x321
V  [libjvm.so+0x690bb7]  JavaCalls::call_virtual(JavaValue*, Handle, KlassHandle, Symbol*, Symbol*, Thread*)+0x47
V  [libjvm.so+0x7278f0]  thread_entry(JavaThread*, Thread*)+0xa0
V  [libjvm.so+0xa742b3]  JavaThread::thread_main_inner()+0x103
V  [libjvm.so+0xa743fc]  JavaThread::run()+0x11c
V  [libjvm.so+0x924ea8]  java_start(Thread*)+0x108
C  [libpthread.so.0+0x770a]  start_thread+0xca

Java frames: (J=compiled Java code, j=interpreted, Vv=VM code)
j  java.awt.image.DataBufferInt.<init>(I)V+11
j  java.awt.image.Raster.createPackedRaster(III[ILjava/awt/Point;)Ljava/awt/image/WritableRaster;+69
j  java.awt.image.DirectColorModel.createCompatibleWritableRaster(II)Ljava/awt/image/WritableRaster;+109
j  sun.awt.image.ImageRepresentation.createBufferedImage()V+18
J 1374 C2 sun.awt.image.ImageRepresentation.setPixels(IIIILjava/awt/image/ColorModel;[III)V (535 bytes) @ 0x00007fc584a4b754 [0x00007fc584a4b380+0x3d4]
J 1373 C2 sun.awt.image.ImageDecoder.setPixels(IIIILjava/awt/image/ColorModel;[III)I (58 bytes) @ 0x00007fc584a43100 [0x00007fc584a42f20+0x1e0]
J 1375 C2 sun.awt.image.JPEGImageDecoder.sendPixels([II)Z (40 bytes) @ 0x00007fc584a4733c [0x00007fc584a472e0+0x5c]
v  ~StubRoutines::call_stub
j  sun.awt.image.JPEGImageDecoder.readImage(Ljava/io/InputStream;[B)V+0
j  sun.awt.image.JPEGImageDecoder.produceImage()V+10
j  sun.awt.image.InputStreamImageSource.doFetch()V+51
j  sun.awt.image.ImageFetcher.fetchloop()V+33
j  sun.awt.image.ImageFetcher.run()V+5
v  ~StubRoutines::call_stub

---------------  P R O C E S S  ---------------

Java Threads: ( => current thread )
  0x00007fc52c0e3800 JavaThread "Thread-61" [_thread_blocked, id=2462, stack(0x00007fc5094dc000,0x00007fc5095dd000)]
  0x00007fc52c0e1800 JavaThread "Thread-60" [_thread_blocked, id=2461, stack(0x00007fc5095dd000,0x00007fc5096de000)]
  0x00007fc52c0df800 JavaThread "Thread-59" [_thread_blocked, id=2459, stack(0x00007fc5096de000,0x00007fc5097df000)]
  0x00007fc52c0de000 JavaThread "Thread-58" [_thread_blocked, id=2458, stack(0x00007fc5097df000,0x00007fc5098e0000)]
  0x00007fc52c0dc000 JavaThread "Thread-57" [_thread_blocked, id=2456, stack(0x00007fc5098e0000,0x00007fc5099e1000)]
  0x00007fc52c0da000 JavaThread "Thread-56" [_thread_blocked, id=2455, stack(0x00007fc5099e1000,0x00007fc509ae2000)]
  0x00007fc52c0d8000 JavaThread "Thread-55" [_thread_blocked, id=2454, stack(0x00007fc509ae2000,0x00007fc509be3000)]
  0x00007fc52c0d6000 JavaThread "Thread-54" [_thread_blocked, id=2453, stack(0x00007fc509be3000,0x00007fc509ce4000)]
  0x00007fc52c0d4000 JavaThread "Thread-53" [_thread_blocked, id=2452, stack(0x00007fc509ce4000,0x00007fc509de5000)]
  0x00007fc52c0d2800 JavaThread "Thread-52" [_thread_blocked, id=2451, stack(0x00007fc509de5000,0x00007fc509ee6000)]
  0x00007fc52c079800 JavaThread "Thread-51" [_thread_blocked, id=2450, stack(0x00007fc570d9b000,0x00007fc570e9c000)]
  0x00007fc52c0d0800 JavaThread "Thread-50" [_thread_blocked, id=2449, stack(0x00007fc509ee6000,0x00007fc509fe7000)]
  0x00007fc52c0ce800 JavaThread "Thread-49" [_thread_blocked, id=2447, stack(0x00007fc509fe7000,0x00007fc50a0e8000)]
  0x00007fc52c0cc800 JavaThread "Thread-48" [_thread_blocked, id=2446, stack(0x00007fc50a0e8000,0x00007fc50a1e9000)]
  0x00007fc52c0ca800 JavaThread "Thread-47" [_thread_blocked, id=2445, stack(0x00007fc50a1e9000,0x00007fc50a2ea000)]
  0x00007fc52c0c8800 JavaThread "Thread-46" [_thread_blocked, id=2444, stack(0x00007fc50a2ea000,0x00007fc50a3eb000)]
  0x00007fc52c0c6800 JavaThread "Thread-45" [_thread_blocked, id=2442, stack(0x00007fc50a3eb000,0x00007fc50a4ec000)]
  0x00007fc52c0c4800 JavaThread "Thread-44" [_thread_blocked, id=2441, stack(0x00007fc50a4ec000,0x00007fc50a5ed000)]
  0x00007fc52c0c3000 JavaThread "Thread-43" [_thread_blocked, id=2440, stack(0x00007fc50a5ed000,0x00007fc50a6ee000)]
  0x00007fc52c0c1000 JavaThread "Thread-42" [_thread_blocked, id=2439, stack(0x00007fc50a6ee000,0x00007fc50a7ef000)]
  0x00007fc52c0bf800 JavaThread "Thread-41" [_thread_blocked, id=2438, stack(0x00007fc50a7ef000,0x00007fc50a8f0000)]
  0x00007fc52c0be000 JavaThread "Thread-40" [_thread_blocked, id=2437, stack(0x00007fc50a8f0000,0x00007fc50a9f1000)]
  0x00007fc52c0bc800 JavaThread "Thread-39" [_thread_blocked, id=2436, stack(0x00007fc50a9f1000,0x00007fc50aaf2000)]
  0x00007fc52c0ba800 JavaThread "Thread-38" [_thread_blocked, id=2432, stack(0x00007fc50aaf2000,0x00007fc50abf3000)]
  0x00007fc52c0b8800 JavaThread "Thread-37" [_thread_blocked, id=2431, stack(0x00007fc50abf3000,0x00007fc50acf4000)]
  0x00007fc52c0b6800 JavaThread "Thread-36" [_thread_blocked, id=2429, stack(0x00007fc50acf4000,0x00007fc50adf5000)]
  0x00007fc52c0b4800 JavaThread "Thread-35" [_thread_blocked, id=2428, stack(0x00007fc50adf5000,0x00007fc50aef6000)]
  0x00007fc52c0b2800 JavaThread "Thread-34" [_thread_blocked, id=2427, stack(0x00007fc50aef6000,0x00007fc50aff7000)]
  0x00007fc52c0b0800 JavaThread "Thread-33" [_thread_blocked, id=2425, stack(0x00007fc50b3f4000,0x00007fc50b4f5000)]
  0x00007fc52c0ae800 JavaThread "Thread-32" [_thread_blocked, id=2423, stack(0x00007fc50b4f5000,0x00007fc50b5f6000)]
  0x00007fc52c0ab000 JavaThread "Thread-30" [_thread_blocked, id=2411, stack(0x00007fc50b6f7000,0x00007fc50b7f8000)]
  0x00007fc52c0a7000 JavaThread "Thread-28" [_thread_blocked, id=2409, stack(0x00007fc50b8f9000,0x00007fc50b9fa000)]
  0x00007fc52c0a3000 JavaThread "Thread-26" [_thread_blocked, id=2407, stack(0x00007fc50bafb000,0x00007fc50bbfc000)]
  0x00007fc52c09b000 JavaThread "Thread-22" [_thread_blocked, id=2403, stack(0x00007fc50beff000,0x00007fc50c000000)]
  0x00007fc52c099000 JavaThread "Thread-21" [_thread_blocked, id=2401, stack(0x00007fc570055000,0x00007fc570156000)]
  0x00007fc52c091800 JavaThread "Thread-17" [_thread_blocked, id=2392, stack(0x00007fc570459000,0x00007fc57055a000)]
  0x00007fc52c08f800 JavaThread "Thread-16" [_thread_blocked, id=2386, stack(0x00007fc57055a000,0x00007fc57065b000)]
  0x00007fc52c085800 JavaThread "Thread-11" [_thread_blocked, id=2374, stack(0x00007fc570ea7000,0x00007fc570fa8000)]
  0x00007fc514001000 JavaThread "Image Fetcher 3" daemon [_thread_blocked, id=2353, stack(0x00007fc571572000,0x00007fc571673000)]
  0x00007fc520001000 JavaThread "Image Fetcher 2" daemon [_thread_blocked, id=2352, stack(0x00007fc571673000,0x00007fc571774000)]
  0x00007fc528001000 JavaThread "Image Fetcher 1" daemon [_thread_blocked, id=2346, stack(0x00007fc570c9a000,0x00007fc570d9b000)]
  0x00007fc52c083800 JavaThread "TimerQueue" daemon [_thread_blocked, id=2342, stack(0x00007fc571e77000,0x00007fc571f78000)]
  0x00007fc594295800 JavaThread "AWT-EventQueue-0" [_thread_blocked, id=2337, stack(0x00007fc572b21000,0x00007fc572c22000)]
  0x00007fc594293800 JavaThread "AWT-Shutdown" [_thread_blocked, id=2336, stack(0x00007fc572c22000,0x00007fc572d23000)]
=>0x00007fc59426e800 JavaThread "Image Fetcher 0" daemon [_thread_in_vm, id=2335, stack(0x00007fc572d23000,0x00007fc572e24000)]
  0x00007fc594239000 JavaThread "AWT-XAWT" daemon [_thread_in_native, id=2334, stack(0x00007fc572e24000,0x00007fc572f25000)]
  0x00007fc594217000 JavaThread "Java2D Disposer" daemon [_thread_blocked, id=2333, stack(0x00007fc580027000,0x00007fc580128000)]
  0x00007fc5940c9000 JavaThread "Service Thread" daemon [_thread_blocked, id=2331, stack(0x00007fc580ed4000,0x00007fc580fd5000)]
  0x00007fc5940be000 JavaThread "C1 CompilerThread2" daemon [_thread_blocked, id=2330, stack(0x00007fc580fd5000,0x00007fc5810d6000)]
  0x00007fc5940bc000 JavaThread "C2 CompilerThread1" daemon [_thread_blocked, id=2329, stack(0x00007fc5810d6000,0x00007fc5811d7000)]
  0x00007fc5940b9800 JavaThread "C2 CompilerThread0" daemon [_thread_in_native, id=2328, stack(0x00007fc5811d7000,0x00007fc5812d8000)]
  0x00007fc5940b8000 JavaThread "Signal Dispatcher" daemon [_thread_blocked, id=2327, stack(0x00007fc5812d8000,0x00007fc5813d9000)]
  0x00007fc594083800 JavaThread "Finalizer" daemon [_thread_blocked, id=2326, stack(0x00007fc581830000,0x00007fc581931000)]
  0x00007fc59407f000 JavaThread "Reference Handler" daemon [_thread_blocked, id=2325, stack(0x00007fc581931000,0x00007fc581a32000)]
  0x00007fc594009800 JavaThread "main" [_thread_blocked, id=2319, stack(0x00007fc59a609000,0x00007fc59a70a000)]

Other Threads:
  0x00007fc594077800 VMThread [stack: 0x00007fc581a32000,0x00007fc581b33000] [id=2324]
  0x00007fc5940cc000 WatcherThread [stack: 0x00007fc580dd3000,0x00007fc580ed4000] [id=2332]

VM state:synchronizing (normal execution)

VM Mutex/Monitor currently owned by a thread:  ([mutex/lock_event])
[0x00007fc594005830] ExpandHeap_lock - owner thread: 0x00007fc59426e800
[0x00007fc594005eb0] Threads_lock - owner thread: 0x00007fc594077800
[0x00007fc5940063b0] Heap_lock - owner thread: 0x00007fc59426e800

Heap:
 PSYoungGen      total 198656K, used 119948K [0x00000000d6f80000, 0x00000000ea900000, 0x0000000100000000)
  eden space 121856K, 40% used [0x00000000d6f80000,0x00000000d9f9d6b0,0x00000000de680000)
  from space 76800K, 92% used [0x00000000e3f00000,0x00000000e8405960,0x00000000e8a00000)
  to   space 90624K, 0% used [0x00000000de680000,0x00000000de680000,0x00000000e3f00000)
 ParOldGen       total 334336K, used 197928K [0x0000000084e00000, 0x0000000099480000, 0x00000000d6f80000)
  object space 334336K, 59% used [0x0000000084e00000,0x0000000090f4a358,0x0000000099480000)
 Metaspace       used 13958K, capacity 14232K, committed 14464K, reserved 1062912K
  class space    used 1746K, capacity 1838K, committed 1920K, reserved 1048576K

Card table byte_map: [0x00007fc583e0b000,0x00007fc5841e5000] byte_map_base: 0x00007fc5839e4000

Marking Bits: (ParMarkBitMap*) 0x00007fc599ae8220
 Begin Bits: [0x00007fc578270000, 0x00007fc57a138000)
 End Bits:   [0x00007fc57a138000, 0x00007fc57c000000)

Polling page: 0x00007fc59a737000

CodeCache: size=245760Kb used=4884Kb max_used=4903Kb free=240875Kb
 bounds [0x00007fc5845a5000, 0x00007fc584a85000, 0x00007fc5935a5000]
 total_blobs=1956 nmethods=1395 adapters=474
 compilation: enabled

Compilation events (10 events):
Event: 5,247 Thread 0x00007fc5940be000 nmethod 1409 0x00007fc5846c6450 code [0x00007fc5846c6600, 0x00007fc5846c6c58]
Event: 5,247 Thread 0x00007fc5940be000 1410       3       java.awt.MediaTracker::getResolutionVariant (17 bytes)
Event: 5,248 Thread 0x00007fc5940be000 nmethod 1410 0x00007fc5846b8e10 code [0x00007fc5846b8fa0, 0x00007fc5846b93c8]
Event: 5,276 Thread 0x00007fc5940bc000 1411 % !   4       sun.awt.image.ImageRepresentation::getOpaqueRGBImage @ 54 (164 bytes)
Event: 5,318 Thread 0x00007fc5940bc000 nmethod 1411% 0x00007fc584a68390 code [0x00007fc584a685e0, 0x00007fc584a69520]
Event: 5,321 Thread 0x00007fc5940b9800 1412   !   4       sun.awt.image.ImageRepresentation::getOpaqueRGBImage (164 bytes)
Event: 5,332 Thread 0x00007fc5940bc000 1413       4       java.io.BufferedInputStream::read1 (108 bytes)
Event: 5,396 Thread 0x00007fc5940b9800 nmethod 1412 0x00007fc584a55fd0 code [0x00007fc584a56240, 0x00007fc584a57270]
Event: 5,401 Thread 0x00007fc5940b9800 1414       4       java.io.BufferedInputStream::fill (233 bytes)
Event: 5,453 Thread 0x00007fc5940bc000 nmethod 1413 0x00007fc584a75890 code [0x00007fc584a75b00, 0x00007fc584a77930]

GC Heap History (10 events):
Event: 4,695 GC heap before
{Heap before GC invocations=8 (full 3):
 PSYoungGen      total 66560K, used 160K [0x00000000d6f80000, 0x00000000e3600000, 0x0000000100000000)
  eden space 61440K, 0% used [0x00000000d6f80000,0x00000000d6f80000,0x00000000dab80000)
  from space 5120K, 3% used [0x00000000dab80000,0x00000000daba8000,0x00000000db080000)
  to   space 51200K, 0% used [0x00000000e0400000,0x00000000e0400000,0x00000000e3600000)
 ParOldGen       total 170496K, used 115688K [0x0000000084e00000, 0x000000008f480000, 0x00000000d6f80000)
  object space 170496K, 67% used [0x0000000084e00000,0x000000008befa210,0x000000008f480000)
 Metaspace       used 13931K, capacity 14168K, committed 14464K, reserved 1062912K
  class space    used 1745K, capacity 1838K, committed 1920K, reserved 1048576K
Event: 4,747 GC heap after
Heap after GC invocations=8 (full 3):
 PSYoungGen      total 66560K, used 0K [0x00000000d6f80000, 0x00000000e3600000, 0x0000000100000000)
  eden space 61440K, 0% used [0x00000000d6f80000,0x00000000d6f80000,0x00000000dab80000)
  from space 5120K, 0% used [0x00000000dab80000,0x00000000dab80000,0x00000000db080000)
  to   space 51200K, 0% used [0x00000000e0400000,0x00000000e0400000,0x00000000e3600000)
 ParOldGen       total 216576K, used 96622K [0x0000000084e00000, 0x0000000092180000, 0x00000000d6f80000)
  object space 216576K, 44% used [0x0000000084e00000,0x000000008ac5b9a8,0x0000000092180000)
 Metaspace       used 13931K, capacity 14168K, committed 14464K, reserved 1062912K
  class space    used 1745K, capacity 1838K, committed 1920K, reserved 1048576K
}
Event: 4,850 GC heap before
{Heap before GC invocations=9 (full 3):
 PSYoungGen      total 66560K, used 61440K [0x00000000d6f80000, 0x00000000e3600000, 0x0000000100000000)
  eden space 61440K, 100% used [0x00000000d6f80000,0x00000000dab80000,0x00000000dab80000)
  from space 5120K, 0% used [0x00000000dab80000,0x00000000dab80000,0x00000000db080000)
  to   space 51200K, 0% used [0x00000000e0400000,0x00000000e0400000,0x00000000e3600000)
 ParOldGen       total 216576K, used 113339K [0x0000000084e00000, 0x0000000092180000, 0x00000000d6f80000)
  object space 216576K, 52% used [0x0000000084e00000,0x000000008bcaef58,0x0000000092180000)
 Metaspace       used 13944K, capacity 14168K, committed 14464K, reserved 1062912K
  class space    used 1745K, capacity 1838K, committed 1920K, reserved 1048576K
Event: 4,888 GC heap after
Heap after GC invocations=9 (full 3):
 PSYoungGen      total 139776K, used 46597K [0x00000000d6f80000, 0x00000000e4800000, 0x0000000100000000)
  eden space 88576K, 0% used [0x00000000d6f80000,0x00000000d6f80000,0x00000000dc600000)
  from space 51200K, 91% used [0x00000000e0400000,0x00000000e3181490,0x00000000e3600000)
  to   space 63488K, 0% used [0x00000000dc600000,0x00000000dc600000,0x00000000e0400000)
 ParOldGen       total 216576K, used 148622K [0x0000000084e00000, 0x0000000092180000, 0x00000000d6f80000)
  object space 216576K, 68% used [0x0000000084e00000,0x000000008df23838,0x0000000092180000)
 Metaspace       used 13944K, capacity 14168K, committed 14464K, reserved 1062912K
  class space    used 1745K, capacity 1838K, committed 1920K, reserved 1048576K
}
Event: 5,136 GC heap before
{Heap before GC invocations=10 (full 3):
 PSYoungGen      total 139776K, used 135173K [0x00000000d6f80000, 0x00000000e4800000, 0x0000000100000000)
  eden space 88576K, 100% used [0x00000000d6f80000,0x00000000dc600000,0x00000000dc600000)
  from space 51200K, 91% used [0x00000000e0400000,0x00000000e3181490,0x00000000e3600000)
  to   space 63488K, 0% used [0x00000000dc600000,0x00000000dc600000,0x00000000e0400000)
 ParOldGen       total 216576K, used 157195K [0x0000000084e00000, 0x0000000092180000, 0x00000000d6f80000)
  object space 216576K, 72% used [0x0000000084e00000,0x000000008e782e38,0x0000000092180000)
 Metaspace       used 13951K, capacity 14168K, committed 14464K, reserved 1062912K
  class space    used 1745K, capacity 1838K, committed 1920K, reserved 1048576K
Event: 5,179 GC heap after
Heap after GC invocations=10 (full 3):
 PSYoungGen      total 152064K, used 58254K [0x00000000d6f80000, 0x00000000e8a00000, 0x0000000100000000)
  eden space 88576K, 0% used [0x00000000d6f80000,0x00000000d6f80000,0x00000000dc600000)
  from space 63488K, 91% used [0x00000000dc600000,0x00000000dfee3ad0,0x00000000e0400000)
  to   space 76800K, 0% used [0x00000000e3f00000,0x00000000e3f00000,0x00000000e8a00000)
 ParOldGen       total 246272K, used 232593K [0x0000000084e00000, 0x0000000093e80000, 0x00000000d6f80000)
  object space 246272K, 94% used [0x0000000084e00000,0x00000000931244a8,0x0000000093e80000)
 Metaspace       used 13951K, capacity 14168K, committed 14464K, reserved 1062912K
  class space    used 1745K, capacity 1838K, committed 1920K, reserved 1048576K
}
Event: 5,179 GC heap before
{Heap before GC invocations=11 (full 4):
 PSYoungGen      total 152064K, used 58254K [0x00000000d6f80000, 0x00000000e8a00000, 0x0000000100000000)
  eden space 88576K, 0% used [0x00000000d6f80000,0x00000000d6f80000,0x00000000dc600000)
  from space 63488K, 91% used [0x00000000dc600000,0x00000000dfee3ad0,0x00000000e0400000)
  to   space 76800K, 0% used [0x00000000e3f00000,0x00000000e3f00000,0x00000000e8a00000)
 ParOldGen       total 246272K, used 232593K [0x0000000084e00000, 0x0000000093e80000, 0x00000000d6f80000)
  object space 246272K, 94% used [0x0000000084e00000,0x00000000931244a8,0x0000000093e80000)
 Metaspace       used 13951K, capacity 14168K, committed 14464K, reserved 1062912K
  class space    used 1745K, capacity 1838K, committed 1920K, reserved 1048576K
Event: 5,203 GC heap after
Heap after GC invocations=11 (full 4):
 PSYoungGen      total 152064K, used 0K [0x00000000d6f80000, 0x00000000e8a00000, 0x0000000100000000)
  eden space 88576K, 0% used [0x00000000d6f80000,0x00000000d6f80000,0x00000000dc600000)
  from space 63488K, 0% used [0x00000000dc600000,0x00000000dc600000,0x00000000e0400000)
  to   space 76800K, 0% used [0x00000000e3f00000,0x00000000e3f00000,0x00000000e8a00000)
 ParOldGen       total 334336K, used 181260K [0x0000000084e00000, 0x0000000099480000, 0x00000000d6f80000)
  object space 334336K, 54% used [0x0000000084e00000,0x000000008ff03158,0x0000000099480000)
 Metaspace       used 13951K, capacity 14168K, committed 14464K, reserved 1062912K
  class space    used 1745K, capacity 1838K, committed 1920K, reserved 1048576K
}
Event: 5,338 GC heap before
{Heap before GC invocations=12 (full 4):
 PSYoungGen      total 152064K, used 88576K [0x00000000d6f80000, 0x00000000e8a00000, 0x0000000100000000)
  eden space 88576K, 100% used [0x00000000d6f80000,0x00000000dc600000,0x00000000dc600000)
  from space 63488K, 0% used [0x00000000dc600000,0x00000000dc600000,0x00000000e0400000)
  to   space 76800K, 0% used [0x00000000e3f00000,0x00000000e3f00000,0x00000000e8a00000)
 ParOldGen       total 334336K, used 189828K [0x0000000084e00000, 0x0000000099480000, 0x00000000d6f80000)
  object space 334336K, 56% used [0x0000000084e00000,0x0000000090761348,0x0000000099480000)
 Metaspace       used 13958K, capacity 14232K, committed 14464K, reserved 1062912K
  class space    used 1746K, capacity 1838K, committed 1920K, reserved 1048576K
Event: 5,368 GC heap after
Heap after GC invocations=12 (full 4):
 PSYoungGen      total 198656K, used 70678K [0x00000000d6f80000, 0x00000000ea900000, 0x0000000100000000)
  eden space 121856K, 0% used [0x00000000d6f80000,0x00000000d6f80000,0x00000000de680000)
  from space 76800K, 92% used [0x00000000e3f00000,0x00000000e8405960,0x00000000e8a00000)
  to   space 90624K, 0% used [0x00000000de680000,0x00000000de680000,0x00000000e3f00000)
 ParOldGen       total 334336K, used 197928K [0x0000000084e00000, 0x0000000099480000, 0x00000000d6f80000)
  object space 334336K, 59% used [0x0000000084e00000,0x0000000090f4a358,0x0000000099480000)
 Metaspace       used 13958K, capacity 14232K, committed 14464K, reserved 1062912K
  class space    used 1746K, capacity 1838K, committed 1920K, reserved 1048576K
}

Deoptimization events (10 events):
Event: 0,531 Thread 0x00007fc594009800 Uncommon trap: reason=class_check action=maybe_recompile pc=0x00007fc58473b930 method=java.lang.String.equals(Ljava/lang/Object;)Z @ 8
Event: 0,531 Thread 0x00007fc594009800 Uncommon trap: reason=class_check action=maybe_recompile pc=0x00007fc58473b930 method=java.lang.String.equals(Ljava/lang/Object;)Z @ 8
Event: 0,756 Thread 0x00007fc594295800 Uncommon trap: reason=unstable_if action=reinterpret pc=0x00007fc584836110 method=java.nio.Buffer.nextGetIndex()I @ 8
Event: 0,889 Thread 0x00007fc594295800 Uncommon trap: reason=unstable_if action=reinterpret pc=0x00007fc5848675b0 method=java.lang.CharacterData.of(I)Ljava/lang/CharacterData; @ 4
Event: 3,060 Thread 0x00007fc528001000 Uncommon trap: reason=unstable_if action=reinterpret pc=0x00007fc5849b64f4 method=sun.awt.image.PNGImageDecoder.produceImage()V @ 867
Event: 3,067 Thread 0x00007fc528001000 Uncommon trap: reason=unstable_if action=reinterpret pc=0x00007fc5849b0ccc method=sun.awt.image.ImageRepresentation.getOpaqueRGBImage()Ljava/awt/image/BufferedImage; @ 57
Event: 4,272 Thread 0x00007fc594295800 Uncommon trap: reason=unstable_if action=reinterpret pc=0x00007fc5848d5108 method=java.lang.ref.SoftReference.get()Ljava/lang/Object; @ 17
Event: 5,218 Thread 0x00007fc528001000 Uncommon trap: reason=unstable_if action=reinterpret pc=0x00007fc584a40dd0 method=java.io.BufferedInputStream.read1([BII)I @ 22
Event: 5,333 Thread 0x00007fc528001000 Uncommon trap: reason=range_check action=make_not_entrant pc=0x00007fc584a693b8 method=java.awt.image.DirectColorModel.setFields()V @ 65
Event: 5,451 Thread 0x00007fc59426e800 Uncommon trap: reason=range_check action=make_not_entrant pc=0x00007fc584a57040 method=java.awt.image.DirectColorModel.setFields()V @ 65

Internal exceptions (10 events):
Event: 0,082 Thread 0x00007fc594009800 Exception <a 'java/security/PrivilegedActionException'> (0x00000000d7004a48) thrown at [/HUDSON3/workspace/8-2-build-linux-amd64/jdk8u111/7883/hotspot/src/share/vm/prims/jvm.cpp, line 1386]
Event: 0,083 Thread 0x00007fc594009800 Exception <a 'java/security/PrivilegedActionException'> (0x00000000d7004c58) thrown at [/HUDSON3/workspace/8-2-build-linux-amd64/jdk8u111/7883/hotspot/src/share/vm/prims/jvm.cpp, line 1386]
Event: 0,083 Thread 0x00007fc594009800 Exception <a 'java/security/PrivilegedActionException'> (0x00000000d7007098) thrown at [/HUDSON3/workspace/8-2-build-linux-amd64/jdk8u111/7883/hotspot/src/share/vm/prims/jvm.cpp, line 1386]
Event: 0,083 Thread 0x00007fc594009800 Exception <a 'java/security/PrivilegedActionException'> (0x00000000d70072a8) thrown at [/HUDSON3/workspace/8-2-build-linux-amd64/jdk8u111/7883/hotspot/src/share/vm/prims/jvm.cpp, line 1386]
Event: 0,130 Thread 0x00007fc594009800 Exception <a 'java/lang/NoSuchFieldError': method resolution failed> (0x00000000d7172158) thrown at [/HUDSON3/workspace/8-2-build-linux-amd64/jdk8u111/7883/hotspot/src/share/vm/prims/methodHandles.cpp, line 1146]
Event: 0,132 Thread 0x00007fc594009800 Exception <a 'java/lang/NoSuchFieldError': method resolution failed> (0x00000000d717f928) thrown at [/HUDSON3/workspace/8-2-build-linux-amd64/jdk8u111/7883/hotspot/src/share/vm/prims/methodHandles.cpp, line 1146]
Event: 0,171 Thread 0x00007fc594009800 Exception <a 'java/io/FileNotFoundException'> (0x00000000d71ff8e8) thrown at [/HUDSON3/workspace/8-2-build-linux-amd64/jdk8u111/7883/hotspot/src/share/vm/prims/jni.cpp, line 709]
Event: 0,173 Thread 0x00007fc594009800 Exception <a 'java/io/FileNotFoundException'> (0x00000000d72002a0) thrown at [/HUDSON3/workspace/8-2-build-linux-amd64/jdk8u111/7883/hotspot/src/share/vm/prims/jni.cpp, line 709]
Event: 0,235 Thread 0x00007fc594009800 Implicit null exception at 0x00007fc58470af62 to 0x00007fc58470b135
Event: 1,074 Thread 0x00007fc594295800 Exception <a 'java/lang/UnsupportedOperationException': > (0x00000000d83526c8) thrown at [/HUDSON3/workspace/8-2-build-linux-amd64/jdk8u111/7883/hotspot/src/share/vm/prims/jni.cpp, line 735]

Events (10 events):
Event: 5,391 Thread 0x00007fc52c0a1000 Thread exited: 0x00007fc52c0a1000
Event: 5,393 Executing VM operation: RevokeBias
Event: 5,394 Executing VM operation: RevokeBias done
Event: 5,394 Thread 0x00007fc52c06b800 Thread exited: 0x00007fc52c06b800
Event: 5,451 Thread 0x00007fc59426e800 Uncommon trap: trap_request=0xffffffe4 fr.pc=0x00007fc584a57040
Event: 5,451 Thread 0x00007fc59426e800 DEOPT PACKING pc=0x00007fc584a57040 sp=0x00007fc572e223a0
Event: 5,451 Thread 0x00007fc59426e800 DEOPT UNPACKING pc=0x00007fc5845aa229 sp=0x00007fc572e22220 mode 2
Event: 5,451 Executing VM operation: RevokeBias
Event: 5,451 Executing VM operation: RevokeBias done
Event: 5,457 Thread 0x00007fc52c08d800 Thread exited: 0x00007fc52c08d800


Dynamic libraries:
00400000-00401000 r-xp 00000000 08:15 12855452                           /usr/lib/jvm/java-8-oracle/bin/java
00600000-00601000 rw-p 00000000 08:15 12855452                           /usr/lib/jvm/java-8-oracle/bin/java
00c08000-00c29000 rw-p 00000000 00:00 0                                  [heap]
84e00000-99480000 rw-p 00000000 00:00 0 
d6f80000-ea900000 rw-p 00000000 00:00 0 
ea900000-100000000 ---p 00000000 00:00 0 
100000000-1001e0000 rw-p 00000000 00:00 0 
1001e0000-140000000 ---p 00000000 00:00 0 
7fc4f4000000-7fc4f4021000 rw-p 00000000 00:00 0 
7fc4f4021000-7fc4f8000000 ---p 00000000 00:00 0 
7fc4fc000000-7fc4fc021000 rw-p 00000000 00:00 0 
7fc4fc021000-7fc500000000 ---p 00000000 00:00 0 
7fc504000000-7fc504021000 rw-p 00000000 00:00 0 
7fc504021000-7fc508000000 ---p 00000000 00:00 0 
7fc5094dc000-7fc5094df000 ---p 00000000 00:00 0 
7fc5094df000-7fc5095dd000 rw-p 00000000 00:00 0 
7fc5095dd000-7fc5095e0000 ---p 00000000 00:00 0 
7fc5095e0000-7fc5096de000 rw-p 00000000 00:00 0 
7fc5096de000-7fc5096e1000 ---p 00000000 00:00 0 
7fc5096e1000-7fc5097df000 rw-p 00000000 00:00 0 
7fc5097df000-7fc5097e2000 ---p 00000000 00:00 0 
7fc5097e2000-7fc5098e0000 rw-p 00000000 00:00 0 
7fc5098e0000-7fc5098e3000 ---p 00000000 00:00 0 
7fc5098e3000-7fc5099e1000 rw-p 00000000 00:00 0 
7fc5099e1000-7fc5099e4000 ---p 00000000 00:00 0 
7fc5099e4000-7fc509ae2000 rw-p 00000000 00:00 0 
7fc509ae2000-7fc509ae5000 ---p 00000000 00:00 0 
7fc509ae5000-7fc509be3000 rw-p 00000000 00:00 0 
7fc509be3000-7fc509be6000 ---p 00000000 00:00 0 
7fc509be6000-7fc509ce4000 rw-p 00000000 00:00 0 
7fc509ce4000-7fc509ce7000 ---p 00000000 00:00 0 
7fc509ce7000-7fc509de5000 rw-p 00000000 00:00 0 
7fc509de5000-7fc509de8000 ---p 00000000 00:00 0 
7fc509de8000-7fc509ee6000 rw-p 00000000 00:00 0 
7fc509ee6000-7fc509ee9000 ---p 00000000 00:00 0 
7fc509ee9000-7fc509fe7000 rw-p 00000000 00:00 0 
7fc509fe7000-7fc509fea000 ---p 00000000 00:00 0 
7fc509fea000-7fc50a0e8000 rw-p 00000000 00:00 0 
7fc50a0e8000-7fc50a0eb000 ---p 00000000 00:00 0 
7fc50a0eb000-7fc50a1e9000 rw-p 00000000 00:00 0 
7fc50a1e9000-7fc50a1ec000 ---p 00000000 00:00 0 
7fc50a1ec000-7fc50a2ea000 rw-p 00000000 00:00 0 
7fc50a2ea000-7fc50a2ed000 ---p 00000000 00:00 0 
7fc50a2ed000-7fc50a3eb000 rw-p 00000000 00:00 0 
7fc50a3eb000-7fc50a3ee000 ---p 00000000 00:00 0 
7fc50a3ee000-7fc50a4ec000 rw-p 00000000 00:00 0 
7fc50a4ec000-7fc50a4ef000 ---p 00000000 00:00 0 
7fc50a4ef000-7fc50a5ed000 rw-p 00000000 00:00 0 
7fc50a5ed000-7fc50a5f0000 ---p 00000000 00:00 0 
7fc50a5f0000-7fc50a6ee000 rw-p 00000000 00:00 0 
7fc50a6ee000-7fc50a6f1000 ---p 00000000 00:00 0 
7fc50a6f1000-7fc50a7ef000 rw-p 00000000 00:00 0 
7fc50a7ef000-7fc50a7f2000 ---p 00000000 00:00 0 
7fc50a7f2000-7fc50a8f0000 rw-p 00000000 00:00 0 
7fc50a8f0000-7fc50a8f3000 ---p 00000000 00:00 0 
7fc50a8f3000-7fc50a9f1000 rw-p 00000000 00:00 0 
7fc50a9f1000-7fc50a9f4000 ---p 00000000 00:00 0 
7fc50a9f4000-7fc50aaf2000 rw-p 00000000 00:00 0 
7fc50aaf2000-7fc50aaf5000 ---p 00000000 00:00 0 
7fc50aaf5000-7fc50abf3000 rw-p 00000000 00:00 0 
7fc50abf3000-7fc50abf6000 ---p 00000000 00:00 0 
7fc50abf6000-7fc50acf4000 rw-p 00000000 00:00 0 
7fc50acf4000-7fc50acf7000 ---p 00000000 00:00 0 
7fc50acf7000-7fc50adf5000 rw-p 00000000 00:00 0 
7fc50adf5000-7fc50adf8000 ---p 00000000 00:00 0 
7fc50adf8000-7fc50aef6000 rw-p 00000000 00:00 0 
7fc50aef6000-7fc50aef9000 ---p 00000000 00:00 0 
7fc50aef9000-7fc50aff7000 rw-p 00000000 00:00 0 
7fc50b3f4000-7fc50b3f7000 ---p 00000000 00:00 0 
7fc50b3f7000-7fc50b4f5000 rw-p 00000000 00:00 0 
7fc50b4f5000-7fc50b4f8000 ---p 00000000 00:00 0 
7fc50b4f8000-7fc50b5f6000 rw-p 00000000 00:00 0 
7fc50b5f6000-7fc50b5f9000 ---p 00000000 00:00 0 
7fc50b5f9000-7fc50b6f7000 rw-p 00000000 00:00 0 
7fc50b6f7000-7fc50b6fa000 ---p 00000000 00:00 0 
7fc50b6fa000-7fc50b7f8000 rw-p 00000000 00:00 0 
7fc50b7f8000-7fc50b7fb000 ---p 00000000 00:00 0 
7fc50b7fb000-7fc50b8f9000 rw-p 00000000 00:00 0 
7fc50b8f9000-7fc50b8fc000 ---p 00000000 00:00 0 
7fc50b8fc000-7fc50b9fa000 rw-p 00000000 00:00 0 
7fc50b9fa000-7fc50b9fd000 ---p 00000000 00:00 0 
7fc50b9fd000-7fc50bafb000 rw-p 00000000 00:00 0 
7fc50bafb000-7fc50bafe000 ---p 00000000 00:00 0 
7fc50bafe000-7fc50bbfc000 rw-p 00000000 00:00 0 
7fc50bbfc000-7fc50bbff000 ---p 00000000 00:00 0 
7fc50bbff000-7fc50bcfd000 rw-p 00000000 00:00 0 
7fc50bcfd000-7fc50bd00000 ---p 00000000 00:00 0 
7fc50bd00000-7fc50bdfe000 rw-p 00000000 00:00 0 
7fc50bdfe000-7fc50be01000 ---p 00000000 00:00 0 
7fc50be01000-7fc50beff000 rw-p 00000000 00:00 0 
7fc50beff000-7fc50bf02000 ---p 00000000 00:00 0 
7fc50bf02000-7fc50c000000 rw-p 00000000 00:00 0 
7fc50c000000-7fc50c026000 rw-p 00000000 00:00 0 
7fc50c026000-7fc510000000 ---p 00000000 00:00 0 
7fc510000000-7fc510021000 rw-p 00000000 00:00 0 
7fc510021000-7fc514000000 ---p 00000000 00:00 0 
7fc514000000-7fc514021000 rw-p 00000000 00:00 0 
7fc514021000-7fc518000000 ---p 00000000 00:00 0 
7fc518000000-7fc518021000 rw-p 00000000 00:00 0 
7fc518021000-7fc51c000000 ---p 00000000 00:00 0 
7fc51c000000-7fc51c624000 rw-p 00000000 00:00 0 
7fc51c624000-7fc520000000 ---p 00000000 00:00 0 
7fc520000000-7fc520021000 rw-p 00000000 00:00 0 
7fc520021000-7fc524000000 ---p 00000000 00:00 0 
7fc524000000-7fc524021000 rw-p 00000000 00:00 0 
7fc524021000-7fc528000000 ---p 00000000 00:00 0 
7fc528000000-7fc528021000 rw-p 00000000 00:00 0 
7fc528021000-7fc52c000000 ---p 00000000 00:00 0 
7fc52c000000-7fc52c462000 rw-p 00000000 00:00 0 
7fc52c462000-7fc530000000 ---p 00000000 00:00 0 
7fc530000000-7fc530021000 rw-p 00000000 00:00 0 
7fc530021000-7fc534000000 ---p 00000000 00:00 0 
7fc534000000-7fc53461a000 rw-p 00000000 00:00 0 
7fc53461a000-7fc538000000 ---p 00000000 00:00 0 
7fc538000000-7fc538021000 rw-p 00000000 00:00 0 
7fc538021000-7fc53c000000 ---p 00000000 00:00 0 
7fc53c000000-7fc53c021000 rw-p 00000000 00:00 0 
7fc53c021000-7fc540000000 ---p 00000000 00:00 0 
7fc540000000-7fc540024000 rw-p 00000000 00:00 0 
7fc540024000-7fc544000000 ---p 00000000 00:00 0 
7fc544000000-7fc544021000 rw-p 00000000 00:00 0 
7fc544021000-7fc548000000 ---p 00000000 00:00 0 
7fc548000000-7fc548021000 rw-p 00000000 00:00 0 
7fc548021000-7fc54c000000 ---p 00000000 00:00 0 
7fc54c000000-7fc54c565000 rw-p 00000000 00:00 0 
7fc54c565000-7fc550000000 ---p 00000000 00:00 0 
7fc550000000-7fc55053b000 rw-p 00000000 00:00 0 
7fc55053b000-7fc554000000 ---p 00000000 00:00 0 
7fc554000000-7fc554021000 rw-p 00000000 00:00 0 
7fc554021000-7fc558000000 ---p 00000000 00:00 0 
7fc558000000-7fc55840f000 rw-p 00000000 00:00 0 
7fc55840f000-7fc55c000000 ---p 00000000 00:00 0 
7fc55c000000-7fc55c021000 rw-p 00000000 00:00 0 
7fc55c021000-7fc560000000 ---p 00000000 00:00 0 
7fc560000000-7fc560021000 rw-p 00000000 00:00 0 
7fc560021000-7fc564000000 ---p 00000000 00:00 0 
7fc564000000-7fc564021000 rw-p 00000000 00:00 0 
7fc564021000-7fc568000000 ---p 00000000 00:00 0 
7fc568000000-7fc5681eb000 rw-p 00000000 00:00 0 
7fc5681eb000-7fc56c000000 ---p 00000000 00:00 0 
7fc56c000000-7fc56c021000 rw-p 00000000 00:00 0 
7fc56c021000-7fc570000000 ---p 00000000 00:00 0 
7fc570055000-7fc570058000 ---p 00000000 00:00 0 
7fc570058000-7fc570156000 rw-p 00000000 00:00 0 
7fc570156000-7fc570159000 ---p 00000000 00:00 0 
7fc570159000-7fc570257000 rw-p 00000000 00:00 0 
7fc570257000-7fc57025a000 ---p 00000000 00:00 0 
7fc57025a000-7fc570358000 rw-p 00000000 00:00 0 
7fc570358000-7fc57035b000 ---p 00000000 00:00 0 
7fc57035b000-7fc570459000 rw-p 00000000 00:00 0 
7fc570459000-7fc57045c000 ---p 00000000 00:00 0 
7fc57045c000-7fc57055a000 rw-p 00000000 00:00 0 
7fc57055a000-7fc57055d000 ---p 00000000 00:00 0 
7fc57055d000-7fc57065b000 rw-p 00000000 00:00 0 
7fc57065b000-7fc57065e000 ---p 00000000 00:00 0 
7fc57065e000-7fc57075c000 rw-p 00000000 00:00 0 
7fc57075c000-7fc57075f000 ---p 00000000 00:00 0 
7fc57075f000-7fc57085d000 rw-p 00000000 00:00 0 
7fc57085d000-7fc570860000 ---p 00000000 00:00 0 
7fc570860000-7fc57095e000 rw-p 00000000 00:00 0 
7fc57095e000-7fc570961000 ---p 00000000 00:00 0 
7fc570961000-7fc570a5f000 rw-p 00000000 00:00 0 
7fc570a5f000-7fc570a9a000 r-xp 00000000 08:15 12980351                   /usr/lib/jvm/java-8-oracle/jre/lib/amd64/libjpeg.so
7fc570a9a000-7fc570c99000 ---p 0003b000 08:15 12980351                   /usr/lib/jvm/java-8-oracle/jre/lib/amd64/libjpeg.so
7fc570c99000-7fc570c9a000 rw-p 0003a000 08:15 12980351                   /usr/lib/jvm/java-8-oracle/jre/lib/amd64/libjpeg.so
7fc570c9a000-7fc570c9d000 ---p 00000000 00:00 0 
7fc570c9d000-7fc570d9b000 rw-p 00000000 00:00 0 
7fc570d9b000-7fc570d9e000 ---p 00000000 00:00 0 
7fc570d9e000-7fc570e9c000 rw-p 00000000 00:00 0 
7fc570ea7000-7fc570eaa000 ---p 00000000 00:00 0 
7fc570eaa000-7fc570fa8000 rw-p 00000000 00:00 0 
7fc570fa8000-7fc570fac000 r--s 00000000 08:15 5506269                    /var/cache/fontconfig/6aa41aa22e18b8fa06a12da28ea9c28b-le64.cache-6
7fc570fac000-7fc570fb7000 r--s 00000000 08:15 5505130                    /var/cache/fontconfig/945677eb7aeaf62f1d50efc3fb3ec7d8-le64.cache-6
7fc570fb7000-7fc570fb9000 r--s 00000000 08:15 5518660                    /var/cache/fontconfig/99e8ed0e538f840c565b6ed5dad60d56-le64.cache-6
7fc570fb9000-7fc570fc2000 r--s 00000000 08:15 5518659                    /var/cache/fontconfig/a6d8cf8e4ec09cdbc8633c31745a07dd-le64.cache-6
7fc570fc2000-7fc570fc8000 r--s 00000000 08:15 5514525                    /var/cache/fontconfig/2cd17615ca594fa2959ae173292e504c-le64.cache-6
7fc570fc8000-7fc570fc9000 r--s 00000000 08:15 5514141                    /var/cache/fontconfig/0d8c3b2ac0904cb8a57a757ad11a4a08-le64.cache-6
7fc570fc9000-7fc570fcd000 r--s 00000000 08:15 5515861                    /var/cache/fontconfig/de156ccd2eddbdc19d37a45b8b2aac9c-le64.cache-6
7fc570fcd000-7fc570fe2000 r--s 00000000 08:15 5514140                    /var/cache/fontconfig/04aabc0a78ac019cf9454389977116d2-le64.cache-6
7fc570fe2000-7fc570fe6000 r--s 00000000 08:15 5514013                    /var/cache/fontconfig/385c0604a188198f04d133e54aba7fe7-le64.cache-6
7fc570fe6000-7fc571021000 r--s 00000000 08:15 5505135                    /var/cache/fontconfig/365b55f210c0a22e9a19e35191240f32-le64.cache-6
7fc57106d000-7fc571070000 ---p 00000000 00:00 0 
7fc571070000-7fc57116e000 rw-p 00000000 00:00 0 
7fc57116e000-7fc571171000 ---p 00000000 00:00 0 
7fc571171000-7fc57126f000 rw-p 00000000 00:00 0 
7fc57126f000-7fc571272000 ---p 00000000 00:00 0 
7fc571272000-7fc571370000 rw-p 00000000 00:00 0 
7fc571370000-7fc571373000 ---p 00000000 00:00 0 
7fc571373000-7fc571471000 rw-p 00000000 00:00 0 
7fc571471000-7fc571474000 ---p 00000000 00:00 0 
7fc571474000-7fc571572000 rw-p 00000000 00:00 0 
7fc571572000-7fc571575000 ---p 00000000 00:00 0 
7fc571575000-7fc571673000 rw-p 00000000 00:00 0 
7fc571673000-7fc571676000 ---p 00000000 00:00 0 
7fc571676000-7fc571774000 rw-p 00000000 00:00 0 
7fc571774000-7fc571777000 ---p 00000000 00:00 0 
7fc571777000-7fc571875000 rw-p 00000000 00:00 0 
7fc571875000-7fc571878000 ---p 00000000 00:00 0 
7fc571878000-7fc5719b6000 rw-p 00000000 00:00 0 
7fc5719b6000-7fc571b76000 ---p 00000000 00:00 0 
7fc571b76000-7fc571d76000 rw-p 00000000 00:00 0 
7fc571d76000-7fc571d79000 ---p 00000000 00:00 0 
7fc571d79000-7fc571e77000 rw-p 00000000 00:00 0 
7fc571e77000-7fc571e7a000 ---p 00000000 00:00 0 
7fc571e7a000-7fc571f78000 rw-p 00000000 00:00 0 
7fc571f78000-7fc571fe1000 r-xp 00000000 08:15 12980623                   /usr/lib/jvm/java-8-oracle/jre/lib/amd64/libt2k.so
7fc571fe1000-7fc5721e1000 ---p 00069000 08:15 12980623                   /usr/lib/jvm/java-8-oracle/jre/lib/amd64/libt2k.so
7fc5721e1000-7fc5721e8000 rw-p 00069000 08:15 12980623                   /usr/lib/jvm/java-8-oracle/jre/lib/amd64/libt2k.so
7fc5721e8000-7fc5721f8000 rw-p 00000000 00:00 0 
7fc5721f8000-7fc572209000 r-xp 00000000 08:15 12980591                   /usr/lib/jvm/java-8-oracle/jre/lib/amd64/libnio.so
7fc572209000-7fc572408000 ---p 00011000 08:15 12980591                   /usr/lib/jvm/java-8-oracle/jre/lib/amd64/libnio.so
7fc572408000-7fc572409000 rw-p 00010000 08:15 12980591                   /usr/lib/jvm/java-8-oracle/jre/lib/amd64/libnio.so
7fc572409000-7fc57270a000 rw-p 00000000 00:00 0 
7fc57270a000-7fc572720000 r-xp 00000000 08:15 12980356                   /usr/lib/jvm/java-8-oracle/jre/lib/amd64/libnet.so
7fc572720000-7fc572920000 ---p 00016000 08:15 12980356                   /usr/lib/jvm/java-8-oracle/jre/lib/amd64/libnet.so
7fc572920000-7fc572921000 rw-p 00016000 08:15 12980356                   /usr/lib/jvm/java-8-oracle/jre/lib/amd64/libnet.so
7fc572921000-7fc572b21000 rw-p 00000000 00:00 0 
7fc572b21000-7fc572b24000 ---p 00000000 00:00 0 
7fc572b24000-7fc572c22000 rw-p 00000000 00:00 0 
7fc572c22000-7fc572c25000 ---p 00000000 00:00 0 
7fc572c25000-7fc572d23000 rw-p 00000000 00:00 0 
7fc572d23000-7fc572d26000 ---p 00000000 00:00 0 
7fc572d26000-7fc572e24000 rw-p 00000000 00:00 0 
7fc572e24000-7fc572e27000 ---p 00000000 00:00 0 
7fc572e27000-7fc572f25000 rw-p 00000000 00:00 0 
7fc572f25000-7fc572f2a000 r-xp 00000000 08:15 12329486                   /usr/lib/x86_64-linux-gnu/libXfixes.so.3.1.0
7fc572f2a000-7fc573129000 ---p 00005000 08:15 12329486                   /usr/lib/x86_64-linux-gnu/libXfixes.so.3.1.0
7fc573129000-7fc57312a000 r--p 00004000 08:15 12329486                   /usr/lib/x86_64-linux-gnu/libXfixes.so.3.1.0
7fc57312a000-7fc57312b000 rw-p 00005000 08:15 12329486                   /usr/lib/x86_64-linux-gnu/libXfixes.so.3.1.0
7fc57312b000-7fc573134000 r-xp 00000000 08:15 12329478                   /usr/lib/x86_64-linux-gnu/libXcursor.so.1.0.2
7fc573134000-7fc573333000 ---p 00009000 08:15 12329478                   /usr/lib/x86_64-linux-gnu/libXcursor.so.1.0.2
7fc573333000-7fc573334000 r--p 00008000 08:15 12329478                   /usr/lib/x86_64-linux-gnu/libXcursor.so.1.0.2
7fc573334000-7fc573335000 rw-p 00009000 08:15 12329478                   /usr/lib/x86_64-linux-gnu/libXcursor.so.1.0.2
7fc573335000-7fc57334b000 r-xp 00000000 08:15 7082441                    /lib/x86_64-linux-gnu/libgcc_s.so.1
7fc57334b000-7fc57354a000 ---p 00016000 08:15 7082441                    /lib/x86_64-linux-gnu/libgcc_s.so.1
7fc57354a000-7fc57354b000 rw-p 00015000 08:15 7082441                    /lib/x86_64-linux-gnu/libgcc_s.so.1
7fc57354b000-7fc5735b0000 r-xp 00000000 08:15 12980585                   /usr/lib/jvm/java-8-oracle/jre/lib/amd64/libfontmanager.so
7fc5735b0000-7fc5737af000 ---p 00065000 08:15 12980585                   /usr/lib/jvm/java-8-oracle/jre/lib/amd64/libfontmanager.so
7fc5737af000-7fc5737b4000 rw-p 00064000 08:15 12980585                   /usr/lib/jvm/java-8-oracle/jre/lib/amd64/libfontmanager.so
7fc5737b4000-7fc5737c4000 rw-p 00000000 00:00 0 
7fc5737c4000-7fc5737c9000 r-xp 00000000 08:15 12329482                   /usr/lib/x86_64-linux-gnu/libXdmcp.so.6.0.0
7fc5737c9000-7fc5739c8000 ---p 00005000 08:15 12329482                   /usr/lib/x86_64-linux-gnu/libXdmcp.so.6.0.0
7fc5739c8000-7fc5739c9000 r--p 00004000 08:15 12329482                   /usr/lib/x86_64-linux-gnu/libXdmcp.so.6.0.0
7fc5739c9000-7fc5739ca000 rw-p 00005000 08:15 12329482                   /usr/lib/x86_64-linux-gnu/libXdmcp.so.6.0.0
7fc5739ca000-7fc5739cc000 r-xp 00000000 08:15 12329471                   /usr/lib/x86_64-linux-gnu/libXau.so.6.0.0
7fc5739cc000-7fc573bcc000 ---p 00002000 08:15 12329471                   /usr/lib/x86_64-linux-gnu/libXau.so.6.0.0
7fc573bcc000-7fc573bcd000 r--p 00002000 08:15 12329471                   /usr/lib/x86_64-linux-gnu/libXau.so.6.0.0
7fc573bcd000-7fc573bce000 rw-p 00003000 08:15 12329471                   /usr/lib/x86_64-linux-gnu/libXau.so.6.0.0
7fc573bce000-7fc573bef000 r-xp 00000000 08:15 12330820                   /usr/lib/x86_64-linux-gnu/libxcb.so.1.1.0
7fc573bef000-7fc573dee000 ---p 00021000 08:15 12330820                   /usr/lib/x86_64-linux-gnu/libxcb.so.1.1.0
7fc573dee000-7fc573def000 r--p 00020000 08:15 12330820                   /usr/lib/x86_64-linux-gnu/libxcb.so.1.1.0
7fc573def000-7fc573df0000 rw-p 00021000 08:15 12330820                   /usr/lib/x86_64-linux-gnu/libxcb.so.1.1.0
7fc573df0000-7fc573dff000 r-xp 00000000 08:15 12329492                   /usr/lib/x86_64-linux-gnu/libXi.so.6.1.0
7fc573dff000-7fc573ffe000 ---p 0000f000 08:15 12329492                   /usr/lib/x86_64-linux-gnu/libXi.so.6.1.0
7fc573ffe000-7fc573fff000 r--p 0000e000 08:15 12329492                   /usr/lib/x86_64-linux-gnu/libXi.so.6.1.0
7fc573fff000-7fc574000000 rw-p 0000f000 08:15 12329492                   /usr/lib/x86_64-linux-gnu/libXi.so.6.1.0
7fc574000000-7fc574021000 rw-p 00000000 00:00 0 
7fc574021000-7fc578000000 ---p 00000000 00:00 0 
7fc578000000-7fc578001000 r--s 00000000 08:15 5514139                    /var/cache/fontconfig/1ac9eb803944fde146138c791f5cc56a-le64.cache-6
7fc578001000-7fc578002000 r--s 00000000 08:15 5514010                    /var/cache/fontconfig/dc05db6664285cc2f12bf69c139ae4c3-le64.cache-6
7fc578002000-7fc578005000 r--s 00000000 08:15 5513664                    /var/cache/fontconfig/767a8244fc0220cfb567a839d0392e0b-le64.cache-6
7fc578005000-7fc57800a000 r--s 00000000 08:15 5513662                    /var/cache/fontconfig/8801497958630a81b71ace7c5f9b32a8-le64.cache-6
7fc57800a000-7fc578011000 r--s 00000000 08:15 5513222                    /var/cache/fontconfig/3047814df9a2f067bd2d96a2b9c36e5a-le64.cache-6
7fc578011000-7fc578019000 r--s 00000000 08:15 5506147                    /var/cache/fontconfig/bf3b770c553c462765856025a94f1ce6-le64.cache-6
7fc578019000-7fc578021000 r--s 00000000 08:15 5518658                    /var/cache/fontconfig/52f7bdb7ce746bfd7eaa1985bd9cfa93-le64.cache-6
7fc578021000-7fc578034000 r--s 00000000 08:15 5512788                    /var/cache/fontconfig/d52a8644073d54c13679302ca1180695-le64.cache-6
7fc578034000-7fc57803f000 r--s 00000000 08:15 5506474                    /var/cache/fontconfig/d589a48862398ed80a3d6066f4f56f4c-le64.cache-6
7fc57803f000-7fc57804a000 r--s 00000000 08:15 5512171                    /var/cache/fontconfig/83bf95040141907cd45bb53cf7c1c148-le64.cache-6
7fc57804a000-7fc57806a000 r--s 00000000 08:15 5506266                    /var/cache/fontconfig/e13b20fdb08344e0e664864cc2ede53d-le64.cache-6
7fc57806a000-7fc57806f000 r-xp 00000000 08:15 12329510                   /usr/lib/x86_64-linux-gnu/libXtst.so.6.1.0
7fc57806f000-7fc57826e000 ---p 00005000 08:15 12329510                   /usr/lib/x86_64-linux-gnu/libXtst.so.6.1.0
7fc57826e000-7fc57826f000 r--p 00004000 08:15 12329510                   /usr/lib/x86_64-linux-gnu/libXtst.so.6.1.0
7fc57826f000-7fc578270000 rw-p 00005000 08:15 12329510                   /usr/lib/x86_64-linux-gnu/libXtst.so.6.1.0
7fc578270000-7fc57c000000 rw-p 00000000 00:00 0 
7fc57c000000-7fc57c021000 rw-p 00000000 00:00 0 
7fc57c021000-7fc580000000 ---p 00000000 00:00 0 
7fc580000000-7fc580001000 r--s 00000000 08:15 5513663                    /var/cache/fontconfig/4794a0821666d79190d59a36cb4f44b5-le64.cache-6
7fc580001000-7fc580005000 r--s 00000000 08:15 5515860                    /var/cache/fontconfig/c57959a16110560c8d0fcea73374aeeb-le64.cache-6
7fc580005000-7fc580006000 r--s 00000000 08:15 5513661                    /var/cache/fontconfig/bab58bb527bb656aaa9f116d68a48d89-le64.cache-6
7fc580006000-7fc580027000 r--s 00000000 08:15 5505593                    /var/cache/fontconfig/467c019e582ee353435ea5c21d137ef6-le64.cache-6
7fc580027000-7fc58002a000 ---p 00000000 00:00 0 
7fc58002a000-7fc580128000 rw-p 00000000 00:00 0 
7fc580128000-7fc580131000 r-xp 00000000 08:15 12329504                   /usr/lib/x86_64-linux-gnu/libXrender.so.1.3.0
7fc580131000-7fc580330000 ---p 00009000 08:15 12329504                   /usr/lib/x86_64-linux-gnu/libXrender.so.1.3.0
7fc580330000-7fc580331000 r--p 00008000 08:15 12329504                   /usr/lib/x86_64-linux-gnu/libXrender.so.1.3.0
7fc580331000-7fc580332000 rw-p 00009000 08:15 12329504                   /usr/lib/x86_64-linux-gnu/libXrender.so.1.3.0
7fc580332000-7fc580467000 r-xp 00000000 08:15 12329467                   /usr/lib/x86_64-linux-gnu/libX11.so.6.3.0
7fc580467000-7fc580667000 ---p 00135000 08:15 12329467                   /usr/lib/x86_64-linux-gnu/libX11.so.6.3.0
7fc580667000-7fc580668000 r--p 00135000 08:15 12329467                   /usr/lib/x86_64-linux-gnu/libX11.so.6.3.0
7fc580668000-7fc58066c000 rw-p 00136000 08:15 12329467                   /usr/lib/x86_64-linux-gnu/libX11.so.6.3.0
7fc58066c000-7fc58067d000 r-xp 00000000 08:15 12329484                   /usr/lib/x86_64-linux-gnu/libXext.so.6.4.0
7fc58067d000-7fc58087c000 ---p 00011000 08:15 12329484                   /usr/lib/x86_64-linux-gnu/libXext.so.6.4.0
7fc58087c000-7fc58087d000 r--p 00010000 08:15 12329484                   /usr/lib/x86_64-linux-gnu/libXext.so.6.4.0
7fc58087d000-7fc58087e000 rw-p 00011000 08:15 12329484                   /usr/lib/x86_64-linux-gnu/libXext.so.6.4.0
7fc58087e000-7fc580890000 r--s 00000000 08:15 5512170                    /var/cache/fontconfig/9b89f8e3dae116d678bbf48e5f21f69b-le64.cache-6
7fc5808a8000-7fc5808fc000 r-xp 00000000 08:15 12980593                   /usr/lib/jvm/java-8-oracle/jre/lib/amd64/libawt_xawt.so
7fc5808fc000-7fc580afc000 ---p 00054000 08:15 12980593                   /usr/lib/jvm/java-8-oracle/jre/lib/amd64/libawt_xawt.so
7fc580afc000-7fc580b00000 rw-p 00054000 08:15 12980593                   /usr/lib/jvm/java-8-oracle/jre/lib/amd64/libawt_xawt.so
7fc580b00000-7fc580b01000 rw-p 00000000 00:00 0 
7fc580b01000-7fc580ba3000 r-xp 00000000 08:15 12980626                   /usr/lib/jvm/java-8-oracle/jre/lib/amd64/libawt.so
7fc580ba3000-7fc580da3000 ---p 000a2000 08:15 12980626                   /usr/lib/jvm/java-8-oracle/jre/lib/amd64/libawt.so
7fc580da3000-7fc580daf000 rw-p 000a2000 08:15 12980626                   /usr/lib/jvm/java-8-oracle/jre/lib/amd64/libawt.so
7fc580daf000-7fc580dd3000 rw-p 00000000 00:00 0 
7fc580dd3000-7fc580dd4000 ---p 00000000 00:00 0 
7fc580dd4000-7fc580ed4000 rw-p 00000000 00:00 0 
7fc580ed4000-7fc580ed7000 ---p 00000000 00:00 0 
7fc580ed7000-7fc580fd5000 rw-p 00000000 00:00 0 
7fc580fd5000-7fc580fd8000 ---p 00000000 00:00 0 
7fc580fd8000-7fc5810d6000 rw-p 00000000 00:00 0 
7fc5810d6000-7fc5810d9000 ---p 00000000 00:00 0 
7fc5810d9000-7fc5811d7000 rw-p 00000000 00:00 0 
7fc5811d7000-7fc5811da000 ---p 00000000 00:00 0 
7fc5811da000-7fc5812d8000 rw-p 00000000 00:00 0 
7fc5812d8000-7fc5812db000 ---p 00000000 00:00 0 
7fc5812db000-7fc5813d9000 rw-p 00000000 00:00 0 
7fc5813d9000-7fc581830000 r--p 00000000 08:15 12321046                   /usr/lib/locale/locale-archive
7fc581830000-7fc581833000 ---p 00000000 00:00 0 
7fc581833000-7fc581931000 rw-p 00000000 00:00 0 
7fc581931000-7fc581934000 ---p 00000000 00:00 0 
7fc581934000-7fc581a32000 rw-p 00000000 00:00 0 
7fc581a32000-7fc581a33000 ---p 00000000 00:00 0 
7fc581a33000-7fc582ac6000 rw-p 00000000 00:00 0 
7fc582ac6000-7fc582c9e000 r--s 03d2a000 08:15 12855517                   /usr/lib/jvm/java-8-oracle/jre/lib/rt.jar
7fc582c9e000-7fc583877000 rw-p 00000000 00:00 0 
7fc583877000-7fc583878000 ---p 00000000 00:00 0 
7fc583878000-7fc583978000 rw-p 00000000 00:00 0 
7fc583978000-7fc583979000 ---p 00000000 00:00 0 
7fc583979000-7fc583a79000 rw-p 00000000 00:00 0 
7fc583a79000-7fc583a7a000 ---p 00000000 00:00 0 
7fc583a7a000-7fc583c1e000 rw-p 00000000 00:00 0 
7fc583c1e000-7fc583e0b000 ---p 00000000 00:00 0 
7fc583e0b000-7fc583eaf000 rw-p 00000000 00:00 0 
7fc583eaf000-7fc58409b000 ---p 00000000 00:00 0 
7fc58409b000-7fc584139000 rw-p 00000000 00:00 0 
7fc584139000-7fc5841e4000 ---p 00000000 00:00 0 
7fc5841e4000-7fc5841f9000 rw-p 00000000 00:00 0 
7fc5841f9000-7fc5845a5000 ---p 00000000 00:00 0 
7fc5845a5000-7fc584a85000 rwxp 00000000 00:00 0 
7fc584a85000-7fc5935a5000 ---p 00000000 00:00 0 
7fc5935a5000-7fc5935bf000 r-xp 00000000 08:15 12980589                   /usr/lib/jvm/java-8-oracle/jre/lib/amd64/libzip.so
7fc5935bf000-7fc5937bf000 ---p 0001a000 08:15 12980589                   /usr/lib/jvm/java-8-oracle/jre/lib/amd64/libzip.so
7fc5937bf000-7fc5937c0000 rw-p 0001a000 08:15 12980589                   /usr/lib/jvm/java-8-oracle/jre/lib/amd64/libzip.so
7fc5937c0000-7fc5937cb000 r-xp 00000000 08:15 7082080                    /lib/x86_64-linux-gnu/libnss_files-2.23.so
7fc5937cb000-7fc5939ca000 ---p 0000b000 08:15 7082080                    /lib/x86_64-linux-gnu/libnss_files-2.23.so
7fc5939ca000-7fc5939cb000 r--p 0000a000 08:15 7082080                    /lib/x86_64-linux-gnu/libnss_files-2.23.so
7fc5939cb000-7fc5939cc000 rw-p 0000b000 08:15 7082080                    /lib/x86_64-linux-gnu/libnss_files-2.23.so
7fc5939cc000-7fc5939d2000 rw-p 00000000 00:00 0 
7fc5939d2000-7fc5939dd000 r-xp 00000000 08:15 7082074                    /lib/x86_64-linux-gnu/libnss_nis-2.23.so
7fc5939dd000-7fc593bdc000 ---p 0000b000 08:15 7082074                    /lib/x86_64-linux-gnu/libnss_nis-2.23.so
7fc593bdc000-7fc593bdd000 r--p 0000a000 08:15 7082074                    /lib/x86_64-linux-gnu/libnss_nis-2.23.so
7fc593bdd000-7fc593bde000 rw-p 0000b000 08:15 7082074                    /lib/x86_64-linux-gnu/libnss_nis-2.23.so
7fc593bde000-7fc593bf4000 r-xp 00000000 08:15 7082070                    /lib/x86_64-linux-gnu/libnsl-2.23.so
7fc593bf4000-7fc593df3000 ---p 00016000 08:15 7082070                    /lib/x86_64-linux-gnu/libnsl-2.23.so
7fc593df3000-7fc593df4000 r--p 00015000 08:15 7082070                    /lib/x86_64-linux-gnu/libnsl-2.23.so
7fc593df4000-7fc593df5000 rw-p 00016000 08:15 7082070                    /lib/x86_64-linux-gnu/libnsl-2.23.so
7fc593df5000-7fc593df7000 rw-p 00000000 00:00 0 
7fc593df7000-7fc593dff000 r-xp 00000000 08:15 7082066                    /lib/x86_64-linux-gnu/libnss_compat-2.23.so
7fc593dff000-7fc593ffe000 ---p 00008000 08:15 7082066                    /lib/x86_64-linux-gnu/libnss_compat-2.23.so
7fc593ffe000-7fc593fff000 r--p 00007000 08:15 7082066                    /lib/x86_64-linux-gnu/libnss_compat-2.23.so
7fc593fff000-7fc594000000 rw-p 00008000 08:15 7082066                    /lib/x86_64-linux-gnu/libnss_compat-2.23.so
7fc594000000-7fc59458d000 rw-p 00000000 00:00 0 
7fc59458d000-7fc598000000 ---p 00000000 00:00 0 
7fc598000000-7fc598001000 r--s 00000000 08:15 5512791                    /var/cache/fontconfig/56cf4f4769d0f4abc89a4895d7bd3ae1-le64.cache-6
7fc598001000-7fc598007000 r--s 00000000 08:15 5512789                    /var/cache/fontconfig/b47c4e1ecd0709278f4910c18777a504-le64.cache-6
7fc598007000-7fc598014000 r--s 00000000 08:15 5505419                    /var/cache/fontconfig/8f02d4cb045bd6ce15663e43f347c9f8-le64.cache-6
7fc598014000-7fc5980d9000 rw-p 00000000 00:00 0 
7fc5980d9000-7fc5980da000 ---p 00000000 00:00 0 
7fc5980da000-7fc5981da000 rw-p 00000000 00:00 0 
7fc5981da000-7fc598205000 r-xp 00000000 08:15 12980616                   /usr/lib/jvm/java-8-oracle/jre/lib/amd64/libjava.so
7fc598205000-7fc598404000 ---p 0002b000 08:15 12980616                   /usr/lib/jvm/java-8-oracle/jre/lib/amd64/libjava.so
7fc598404000-7fc598406000 rw-p 0002a000 08:15 12980616                   /usr/lib/jvm/java-8-oracle/jre/lib/amd64/libjava.so
7fc598406000-7fc598413000 r-xp 00000000 08:15 12980358                   /usr/lib/jvm/java-8-oracle/jre/lib/amd64/libverify.so
7fc598413000-7fc598612000 ---p 0000d000 08:15 12980358                   /usr/lib/jvm/java-8-oracle/jre/lib/amd64/libverify.so
7fc598612000-7fc598614000 rw-p 0000c000 08:15 12980358                   /usr/lib/jvm/java-8-oracle/jre/lib/amd64/libverify.so
7fc598614000-7fc59861b000 r-xp 00000000 08:15 7082098                    /lib/x86_64-linux-gnu/librt-2.23.so
7fc59861b000-7fc59881a000 ---p 00007000 08:15 7082098                    /lib/x86_64-linux-gnu/librt-2.23.so
7fc59881a000-7fc59881b000 r--p 00006000 08:15 7082098                    /lib/x86_64-linux-gnu/librt-2.23.so
7fc59881b000-7fc59881c000 rw-p 00007000 08:15 7082098                    /lib/x86_64-linux-gnu/librt-2.23.so
7fc59881c000-7fc598924000 r-xp 00000000 08:15 7082092                    /lib/x86_64-linux-gnu/libm-2.23.so
7fc598924000-7fc598b23000 ---p 00108000 08:15 7082092                    /lib/x86_64-linux-gnu/libm-2.23.so
7fc598b23000-7fc598b24000 r--p 00107000 08:15 7082092                    /lib/x86_64-linux-gnu/libm-2.23.so
7fc598b24000-7fc598b25000 rw-p 00108000 08:15 7082092                    /lib/x86_64-linux-gnu/libm-2.23.so
7fc598b25000-7fc5997f2000 r-xp 00000000 08:15 12980620                   /usr/lib/jvm/java-8-oracle/jre/lib/amd64/server/libjvm.so
7fc5997f2000-7fc5999f1000 ---p 00ccd000 08:15 12980620                   /usr/lib/jvm/java-8-oracle/jre/lib/amd64/server/libjvm.so
7fc5999f1000-7fc599aca000 rw-p 00ccc000 08:15 12980620                   /usr/lib/jvm/java-8-oracle/jre/lib/amd64/server/libjvm.so
7fc599aca000-7fc599b15000 rw-p 00000000 00:00 0 
7fc599b15000-7fc599cd4000 r-xp 00000000 08:15 7082106                    /lib/x86_64-linux-gnu/libc-2.23.so
7fc599cd4000-7fc599ed4000 ---p 001bf000 08:15 7082106                    /lib/x86_64-linux-gnu/libc-2.23.so
7fc599ed4000-7fc599ed8000 r--p 001bf000 08:15 7082106                    /lib/x86_64-linux-gnu/libc-2.23.so
7fc599ed8000-7fc599eda000 rw-p 001c3000 08:15 7082106                    /lib/x86_64-linux-gnu/libc-2.23.so
7fc599eda000-7fc599ede000 rw-p 00000000 00:00 0 
7fc599ede000-7fc599ee1000 r-xp 00000000 08:15 7082107                    /lib/x86_64-linux-gnu/libdl-2.23.so
7fc599ee1000-7fc59a0e0000 ---p 00003000 08:15 7082107                    /lib/x86_64-linux-gnu/libdl-2.23.so
7fc59a0e0000-7fc59a0e1000 r--p 00002000 08:15 7082107                    /lib/x86_64-linux-gnu/libdl-2.23.so
7fc59a0e1000-7fc59a0e2000 rw-p 00003000 08:15 7082107                    /lib/x86_64-linux-gnu/libdl-2.23.so
7fc59a0e2000-7fc59a0f7000 r-xp 00000000 08:15 12585246                   /usr/lib/jvm/java-8-oracle/lib/amd64/jli/libjli.so
7fc59a0f7000-7fc59a2f7000 ---p 00015000 08:15 12585246                   /usr/lib/jvm/java-8-oracle/lib/amd64/jli/libjli.so
7fc59a2f7000-7fc59a2f8000 rw-p 00015000 08:15 12585246                   /usr/lib/jvm/java-8-oracle/lib/amd64/jli/libjli.so
7fc59a2f8000-7fc59a310000 r-xp 00000000 08:15 7082105                    /lib/x86_64-linux-gnu/libpthread-2.23.so
7fc59a310000-7fc59a50f000 ---p 00018000 08:15 7082105                    /lib/x86_64-linux-gnu/libpthread-2.23.so
7fc59a50f000-7fc59a510000 r--p 00017000 08:15 7082105                    /lib/x86_64-linux-gnu/libpthread-2.23.so
7fc59a510000-7fc59a511000 rw-p 00018000 08:15 7082105                    /lib/x86_64-linux-gnu/libpthread-2.23.so
7fc59a511000-7fc59a515000 rw-p 00000000 00:00 0 
7fc59a515000-7fc59a53b000 r-xp 00000000 08:15 7082100                    /lib/x86_64-linux-gnu/ld-2.23.so
7fc59a53b000-7fc59a53c000 r--s 00000000 08:15 5512790                    /var/cache/fontconfig/b9d506c9ac06c20b433354fa67a72993-le64.cache-6
7fc59a53c000-7fc59a53d000 r--s 00000000 08:15 5512777                    /var/cache/fontconfig/551ecf3b0e8b0bca0f25c0944f561853-le64.cache-6
7fc59a53d000-7fc59a53e000 r--s 00000000 08:15 5512770                    /var/cache/fontconfig/30829fa25452a46451e813d634d7f916-le64.cache-6
7fc59a53e000-7fc59a609000 rw-p 00000000 00:00 0 
7fc59a609000-7fc59a60c000 ---p 00000000 00:00 0 
7fc59a60c000-7fc59a70e000 rw-p 00000000 00:00 0 
7fc59a70e000-7fc59a70f000 r--s 00000000 08:15 5512769                    /var/cache/fontconfig/0c9eb80ebd1c36541ebe2852d3bb0c49-le64.cache-6
7fc59a70f000-7fc59a712000 r--s 00000000 08:15 5512181                    /var/cache/fontconfig/75114ca45c98e8a441da0ff356701271-le64.cache-6
7fc59a712000-7fc59a714000 r--s 00000000 08:15 5505108                    /var/cache/fontconfig/62f91419b9ebdb6975e7e41ab6412357-le64.cache-6
7fc59a714000-7fc59a718000 r--s 00000000 08:15 5506151                    /var/cache/fontconfig/7ef2298fde41cc6eeb7af42e48b7d293-le64.cache-6
7fc59a718000-7fc59a71a000 r--s 00000000 08:15 5505420                    /var/cache/fontconfig/16326683038b281783a0ef8c680e3a10-le64.cache-6
7fc59a71a000-7fc59a71b000 r--s 00000000 08:15 5505596                    /var/cache/fontconfig/e0aa53bcfa504e64f87823c16bc01eb6-le64.cache-6
7fc59a71b000-7fc59a72e000 r--s 00345000 08:15 12855537                   /usr/lib/jvm/java-8-oracle/jre/lib/resources.jar
7fc59a72e000-7fc59a736000 rw-s 00000000 08:15 1324479                    /tmp/hsperfdata_nokorot/2314
7fc59a736000-7fc59a737000 rw-p 00000000 00:00 0 
7fc59a737000-7fc59a738000 ---p 00000000 00:00 0 
7fc59a738000-7fc59a73a000 rw-p 00000000 00:00 0 
7fc59a73a000-7fc59a73b000 r--p 00025000 08:15 7082100                    /lib/x86_64-linux-gnu/ld-2.23.so
7fc59a73b000-7fc59a73c000 rw-p 00026000 08:15 7082100                    /lib/x86_64-linux-gnu/ld-2.23.so
7fc59a73c000-7fc59a73d000 rw-p 00000000 00:00 0 
7ffc72145000-7ffc72166000 rw-p 00000000 00:00 0                          [stack]
7ffc7216a000-7ffc7216c000 r--p 00000000 00:00 0                          [vvar]
7ffc7216c000-7ffc7216e000 r-xp 00000000 00:00 0                          [vdso]
ffffffffff600000-ffffffffff601000 r-xp 00000000 00:00 0                  [vsyscall]

VM Arguments:
jvm_args: -Dfile.encoding=UTF-8 
java_command: engineTest.tests
java_class_path (initial): /home/nokorot/Workspace/Java/LiveSystem/NokoBox/bin
Launcher Type: SUN_STANDARD

Environment Variables:
JAVA_HOME=/usr/lib/jvm/java-8-oracle
PATH=/home/nokorot/.cabal/bin:/opt/cabal/1.22/bin:/opt/ghc/7.10.3/bin:/home/nokorot/.bin:/home/nokorot/bin:/home/nokorot/.local/bin:/usr/local/sbin:/usr/local/bin:/usr/sbin:/usr/bin:/sbin:/bin:/usr/games:/usr/local/games:/snap/bin:/usr/lib/jvm/java-8-oracle/bin:/usr/lib/jvm/java-8-oracle/db/bin:/usr/lib/jvm/java-8-oracle/jre/bin
USERNAME=nokorot
SHELL=/bin/bash
DISPLAY=:1

Signal Handlers:
SIGSEGV: [libjvm.so+0xac64b0], sa_mask[0]=11111111011111111101111111111110, sa_flags=SA_RESTART|SA_SIGINFO
SIGBUS: [libjvm.so+0xac64b0], sa_mask[0]=11111111011111111101111111111110, sa_flags=SA_RESTART|SA_SIGINFO
SIGFPE: [libjvm.so+0x91f950], sa_mask[0]=11111111011111111101111111111110, sa_flags=SA_RESTART|SA_SIGINFO
SIGPIPE: [libjvm.so+0x91f950], sa_mask[0]=11111111011111111101111111111110, sa_flags=SA_RESTART|SA_SIGINFO
SIGXFSZ: [libjvm.so+0x91f950], sa_mask[0]=11111111011111111101111111111110, sa_flags=SA_RESTART|SA_SIGINFO
SIGILL: [libjvm.so+0x91f950], sa_mask[0]=11111111011111111101111111111110, sa_flags=SA_RESTART|SA_SIGINFO
SIGUSR1: SIG_DFL, sa_mask[0]=00000000000000000000000000000000, sa_flags=none
SIGUSR2: [libjvm.so+0x920f80], sa_mask[0]=00100000000000000000000000000000, sa_flags=SA_RESTART|SA_SIGINFO
SIGHUP: [libjvm.so+0x922380], sa_mask[0]=11111111011111111101111111111110, sa_flags=SA_RESTART|SA_SIGINFO
SIGINT: [libjvm.so+0x922380], sa_mask[0]=11111111011111111101111111111110, sa_flags=SA_RESTART|SA_SIGINFO
SIGTERM: [libjvm.so+0x922380], sa_mask[0]=11111111011111111101111111111110, sa_flags=SA_RESTART|SA_SIGINFO
SIGQUIT: [libjvm.so+0x922380], sa_mask[0]=11111111011111111101111111111110, sa_flags=SA_RESTART|SA_SIGINFO


---------------  S Y S T E M  ---------------

OS:DISTRIB_ID=Ubuntu
DISTRIB_RELEASE=16.04
DISTRIB_CODENAME=xenial
DISTRIB_DESCRIPTION="Ubuntu 16.04.1 LTS"

uname:Linux 4.4.0-57-generic #78-Ubuntu SMP Fri Dec 9 23:50:32 UTC 2016 x86_64
libc:glibc 2.23 NPTL 2.23 
rlimit: STACK 8192k, CORE 0k, NPROC 31349, NOFILE 65536, AS infinity
load average:0,95 0,74 0,71

/proc/meminfo:
MemTotal:        8065836 kB
MemFree:          274396 kB
MemAvailable:     498012 kB
Buffers:           29656 kB
Cached:          2015040 kB
SwapCached:        40588 kB
Active:          5549724 kB
Inactive:        1963684 kB
Active(anon):    5346260 kB
Inactive(anon):  1757652 kB
Active(file):     203464 kB
Inactive(file):   206032 kB
Unevictable:         464 kB
Mlocked:             464 kB
SwapTotal:       1951740 kB
SwapFree:         277440 kB
Dirty:               412 kB
Writeback:             0 kB
AnonPages:       5429640 kB
Mapped:           465904 kB
Shmem:           1635036 kB
Slab:             124460 kB
SReclaimable:      69092 kB
SUnreclaim:        55368 kB
KernelStack:       14144 kB
PageTables:        65864 kB
NFS_Unstable:          0 kB
Bounce:                0 kB
WritebackTmp:          0 kB
CommitLimit:     5984656 kB
Committed_AS:   14585812 kB
VmallocTotal:   34359738367 kB
VmallocUsed:           0 kB
VmallocChunk:          0 kB
HardwareCorrupted:     0 kB
AnonHugePages:   3143680 kB
CmaTotal:              0 kB
CmaFree:               0 kB
HugePages_Total:       0
HugePages_Free:        0
HugePages_Rsvd:        0
HugePages_Surp:        0
Hugepagesize:       2048 kB
DirectMap4k:      425256 kB
DirectMap2M:     7854080 kB


CPU:total 4 (2 cores per cpu, 2 threads per core) family 6 model 58 stepping 9, cmov, cx8, fxsr, mmx, sse, sse2, sse3, ssse3, sse4.1, sse4.2, popcnt, avx, aes, clmul, erms, ht, tsc, tscinvbit, tscinv

/proc/cpuinfo:
processor	: 0
vendor_id	: GenuineIntel
cpu family	: 6
model		: 58
model name	: Intel(R) Core(TM) i5-3210M CPU @ 2.50GHz
stepping	: 9
microcode	: 0x15
cpu MHz		: 2900.000
cache size	: 3072 KB
physical id	: 0
siblings	: 4
core id		: 0
cpu cores	: 2
apicid		: 0
initial apicid	: 0
fpu		: yes
fpu_exception	: yes
cpuid level	: 13
wp		: yes
flags		: fpu vme de pse tsc msr pae mce cx8 apic sep mtrr pge mca cmov pat pse36 clflush dts acpi mmx fxsr sse sse2 ss ht tm pbe syscall nx rdtscp lm constant_tsc arch_perfmon pebs bts rep_good nopl xtopology nonstop_tsc aperfmperf eagerfpu pni pclmulqdq dtes64 monitor ds_cpl vmx est tm2 ssse3 cx16 xtpr pdcm pcid sse4_1 sse4_2 x2apic popcnt tsc_deadline_timer aes xsave avx f16c rdrand lahf_lm epb tpr_shadow vnmi flexpriority ept vpid fsgsbase smep erms xsaveopt dtherm ida arat pln pts
bugs		:
bogomips	: 4988.68
clflush size	: 64
cache_alignment	: 64
address sizes	: 36 bits physical, 48 bits virtual
power management:

processor	: 1
vendor_id	: GenuineIntel
cpu family	: 6
model		: 58
model name	: Intel(R) Core(TM) i5-3210M CPU @ 2.50GHz
stepping	: 9
microcode	: 0x15
cpu MHz		: 2899.902
cache size	: 3072 KB
physical id	: 0
siblings	: 4
core id		: 1
cpu cores	: 2
apicid		: 2
initial apicid	: 2
fpu		: yes
fpu_exception	: yes
cpuid level	: 13
wp		: yes
flags		: fpu vme de pse tsc msr pae mce cx8 apic sep mtrr pge mca cmov pat pse36 clflush dts acpi mmx fxsr sse sse2 ss ht tm pbe syscall nx rdtscp lm constant_tsc arch_perfmon pebs bts rep_good nopl xtopology nonstop_tsc aperfmperf eagerfpu pni pclmulqdq dtes64 monitor ds_cpl vmx est tm2 ssse3 cx16 xtpr pdcm pcid sse4_1 sse4_2 x2apic popcnt tsc_deadline_timer aes xsave avx f16c rdrand lahf_lm epb tpr_shadow vnmi flexpriority ept vpid fsgsbase smep erms xsaveopt dtherm ida arat pln pts
bugs		:
bogomips	: 4988.68
clflush size	: 64
cache_alignment	: 64
address sizes	: 36 bits physical, 48 bits virtual
power management:

processor	: 2
vendor_id	: GenuineIntel
cpu family	: 6
model		: 58
model name	: Intel(R) Core(TM) i5-3210M CPU @ 2.50GHz
stepping	: 9
microcode	: 0x15
cpu MHz		: 2900.000
cache size	: 3072 KB
physical id	: 0
siblings	: 4
core id		: 0
cpu cores	: 2
apicid		: 1
initial apicid	: 1
fpu		: yes
fpu_exception	: yes
cpuid level	: 13
wp		: yes
flags		: fpu vme de pse tsc msr pae mce cx8 apic sep mtrr pge mca cmov pat pse36 clflush dts acpi mmx fxsr sse sse2 ss ht tm pbe syscall nx rdtscp lm constant_tsc arch_perfmon pebs bts rep_good nopl xtopology nonstop_tsc aperfmperf eagerfpu pni pclmulqdq dtes64 monitor ds_cpl vmx est tm2 ssse3 cx16 xtpr pdcm pcid sse4_1 sse4_2 x2apic popcnt tsc_deadline_timer aes xsave avx f16c rdrand lahf_lm epb tpr_shadow vnmi flexpriority ept vpid fsgsbase smep erms xsaveopt dtherm ida arat pln pts
bugs		:
bogomips	: 4988.68
clflush size	: 64
cache_alignment	: 64
address sizes	: 36 bits physical, 48 bits virtual
power management:

processor	: 3
vendor_id	: GenuineIntel
cpu family	: 6
model		: 58
model name	: Intel(R) Core(TM) i5-3210M CPU @ 2.50GHz
stepping	: 9
microcode	: 0x15
cpu MHz		: 2899.902
cache size	: 3072 KB
physical id	: 0
siblings	: 4
core id		: 1
cpu cores	: 2
apicid		: 3
initial apicid	: 3
fpu		: yes
fpu_exception	: yes
cpuid level	: 13
wp		: yes
flags		: fpu vme de pse tsc msr pae mce cx8 apic sep mtrr pge mca cmov pat pse36 clflush dts acpi mmx fxsr sse sse2 ss ht tm pbe syscall nx rdtscp lm constant_tsc arch_perfmon pebs bts rep_good nopl xtopology nonstop_tsc aperfmperf eagerfpu pni pclmulqdq dtes64 monitor ds_cpl vmx est tm2 ssse3 cx16 xtpr pdcm pcid sse4_1 sse4_2 x2apic popcnt tsc_deadline_timer aes xsave avx f16c rdrand lahf_lm epb tpr_shadow vnmi flexpriority ept vpid fsgsbase smep erms xsaveopt dtherm ida arat pln pts
bugs		:
bogomips	: 4988.68
clflush size	: 64
cache_alignment	: 64
address sizes	: 36 bits physical, 48 bits virtual
power management:



Memory: 4k page, physical 8065836k(274396k free), swap 1951740k(277440k free)

vm_info: Java HotSpot(TM) 64-Bit Server VM (25.111-b14) for linux-amd64 JRE (1.8.0_111-b14), built on Sep 22 2016 16:14:03 by "java_re" with gcc 4.3.0 20080428 (Red Hat 4.3.0-8)

time: Mon Jan  9 22:35:59 2017
elapsed time: 5 seconds (0d 0h 0m 5s)

