#
# There is insufficient memory for the Java Runtime Environment to continue.
# Native memory allocation (mmap) failed to map 1049100288 bytes for committing reserved memory.
# Possible reasons:
#   The system is out of physical RAM or swap space
#   In 32 bit mode, the process size limit was hit
# Possible solutions:
#   Reduce memory load on the system
#   Increase physical memory or swap space
#   Check if swap backing store is full
#   Use 64 bit Java on a 64 bit OS
#   Decrease Java heap size (-Xmx/-Xms)
#   Decrease number of Java threads
#   Decrease Java thread stack sizes (-Xss)
#   Set larger code cache with -XX:ReservedCodeCacheSize=
# This output file may be truncated or incomplete.
#
#  Out of Memory Error (os_linux.cpp:2627), pid=30067, tid=0x00007f835f441700
#
# JRE version: Java(TM) SE Runtime Environment (8.0_111-b14) (build 1.8.0_111-b14)
# Java VM: Java HotSpot(TM) 64-Bit Server VM (25.111-b14 mixed mode linux-amd64 compressed oops)
# Failed to write core dump. Core dumps have been disabled. To enable core dumping, try "ulimit -c unlimited" before starting Java again
#

---------------  T H R E A D  ---------------

Current thread (0x00007f8348001000):  JavaThread "Image Fetcher 2" daemon [_thread_in_vm, id=30108, stack(0x00007f835f341000,0x00007f835f442000)]

Stack: [0x00007f835f341000,0x00007f835f442000],  sp=0x00007f835f43f2e0,  free space=1016k
Native frames: (J=compiled Java code, j=interpreted, Vv=VM code, C=native code)
V  [libjvm.so+0xac5c2a]  VMError::report_and_die()+0x2ba
V  [libjvm.so+0x4fc50b]  report_vm_out_of_memory(char const*, int, unsigned long, VMErrorType, char const*)+0x8b
V  [libjvm.so+0x922ae3]  os::Linux::commit_memory_impl(char*, unsigned long, bool)+0x103
V  [libjvm.so+0x923039]  os::pd_commit_memory(char*, unsigned long, unsigned long, bool)+0x29
V  [libjvm.so+0x91d33a]  os::commit_memory(char*, unsigned long, unsigned long, bool)+0x2a
V  [libjvm.so+0x991ac3]  PSVirtualSpace::expand_by(unsigned long)+0x53
V  [libjvm.so+0x982149]  PSOldGen::expand_by(unsigned long)+0x49
V  [libjvm.so+0x9823b5]  PSOldGen::expand(unsigned long)+0x1a5
V  [libjvm.so+0x98263a]  PSOldGen::expand_and_allocate(unsigned long)+0x1a
V  [libjvm.so+0x98275b]  PSOldGen::allocate(unsigned long)+0xcb
V  [libjvm.so+0x94648e]  ParallelScavengeHeap::mem_allocate(unsigned long, bool*)+0xfe
V  [libjvm.so+0xa8b47e]  TypeArrayKlass::allocate_common(int, bool, Thread*)+0x26e
V  [libjvm.so+0x68380a]  InterpreterRuntime::newarray(JavaThread*, BasicType, int)+0x2a
j  java.awt.image.DataBufferInt.<init>(I)V+11
j  java.awt.image.Raster.createPackedRaster(III[ILjava/awt/Point;)Ljava/awt/image/WritableRaster;+69
j  java.awt.image.DirectColorModel.createCompatibleWritableRaster(II)Ljava/awt/image/WritableRaster;+109
j  sun.awt.image.ImageRepresentation.createBufferedImage()V+18
J 1556 C2 sun.awt.image.ImageRepresentation.setPixels(IIIILjava/awt/image/ColorModel;[III)V (535 bytes) @ 0x00007f83ad54279c [0x00007f83ad5423c0+0x3dc]
J 1572 C2 sun.awt.image.JPEGImageDecoder.sendPixels([II)Z (40 bytes) @ 0x00007f83ad548308 [0x00007f83ad548160+0x1a8]
v  ~StubRoutines::call_stub
V  [libjvm.so+0x690206]  JavaCalls::call_helper(JavaValue*, methodHandle*, JavaCallArguments*, Thread*)+0x1056
V  [libjvm.so+0x6d20fb]  jni_invoke_nonstatic(JNIEnv_*, JavaValue*, _jobject*, JNICallType, _jmethodID*, JNI_ArgumentPusher*, Thread*)+0x40b
V  [libjvm.so+0x6d9c66]  jni_CallBooleanMethod+0x196
C  [libjpeg.so+0x2a7b8]  Java_sun_awt_image_JPEGImageDecoder_readImage+0x608
j  sun.awt.image.JPEGImageDecoder.readImage(Ljava/io/InputStream;[B)V+0
j  sun.awt.image.JPEGImageDecoder.produceImage()V+10
j  sun.awt.image.InputStreamImageSource.doFetch()V+51
j  sun.awt.image.ImageFetcher.fetchloop()V+33
j  sun.awt.image.ImageFetcher.run()V+5
v  ~StubRoutines::call_stub
V  [libjvm.so+0x690206]  JavaCalls::call_helper(JavaValue*, methodHandle*, JavaCallArguments*, Thread*)+0x1056
V  [libjvm.so+0x690711]  JavaCalls::call_virtual(JavaValue*, KlassHandle, Symbol*, Symbol*, JavaCallArguments*, Thread*)+0x321
V  [libjvm.so+0x690bb7]  JavaCalls::call_virtual(JavaValue*, Handle, KlassHandle, Symbol*, Symbol*, Thread*)+0x47
V  [libjvm.so+0x7278f0]  thread_entry(JavaThread*, Thread*)+0xa0
V  [libjvm.so+0xa742b3]  JavaThread::thread_main_inner()+0x103
V  [libjvm.so+0xa743fc]  JavaThread::run()+0x11c
V  [libjvm.so+0x924ea8]  java_start(Thread*)+0x108
C  [libpthread.so.0+0x770a]  start_thread+0xca

Java frames: (J=compiled Java code, j=interpreted, Vv=VM code)
j  java.awt.image.DataBufferInt.<init>(I)V+11
j  java.awt.image.Raster.createPackedRaster(III[ILjava/awt/Point;)Ljava/awt/image/WritableRaster;+69
j  java.awt.image.DirectColorModel.createCompatibleWritableRaster(II)Ljava/awt/image/WritableRaster;+109
j  sun.awt.image.ImageRepresentation.createBufferedImage()V+18
J 1556 C2 sun.awt.image.ImageRepresentation.setPixels(IIIILjava/awt/image/ColorModel;[III)V (535 bytes) @ 0x00007f83ad54279c [0x00007f83ad5423c0+0x3dc]
J 1572 C2 sun.awt.image.JPEGImageDecoder.sendPixels([II)Z (40 bytes) @ 0x00007f83ad548308 [0x00007f83ad548160+0x1a8]
v  ~StubRoutines::call_stub
j  sun.awt.image.JPEGImageDecoder.readImage(Ljava/io/InputStream;[B)V+0
j  sun.awt.image.JPEGImageDecoder.produceImage()V+10
j  sun.awt.image.InputStreamImageSource.doFetch()V+51
j  sun.awt.image.ImageFetcher.fetchloop()V+33
j  sun.awt.image.ImageFetcher.run()V+5
v  ~StubRoutines::call_stub

---------------  P R O C E S S  ---------------

Java Threads: ( => current thread )
  0x00007f83580e4000 JavaThread "Thread-61" [_thread_blocked, id=30164, stack(0x00007f8332eef000,0x00007f8332ff0000)]
  0x00007f83580e2000 JavaThread "Thread-60" [_thread_blocked, id=30163, stack(0x00007f8332ff0000,0x00007f83330f1000)]
  0x00007f83580e0800 JavaThread "Thread-59" [_thread_blocked, id=30162, stack(0x00007f83330f1000,0x00007f83331f2000)]
  0x00007f83580de800 JavaThread "Thread-58" [_thread_blocked, id=30161, stack(0x00007f83331f2000,0x00007f83332f3000)]
  0x00007f83580dd000 JavaThread "Thread-57" [_thread_blocked, id=30160, stack(0x00007f83332f3000,0x00007f83333f4000)]
  0x00007f83580db000 JavaThread "Thread-56" [_thread_blocked, id=30159, stack(0x00007f83333f4000,0x00007f83334f5000)]
  0x00007f83580d9000 JavaThread "Thread-55" [_thread_blocked, id=30158, stack(0x00007f83334f5000,0x00007f83335f6000)]
  0x00007f83580d7000 JavaThread "Thread-54" [_thread_blocked, id=30157, stack(0x00007f83335f6000,0x00007f83336f7000)]
  0x00007f83580d5000 JavaThread "Thread-53" [_thread_blocked, id=30156, stack(0x00007f83336f7000,0x00007f83337f8000)]
  0x00007f83580d3000 JavaThread "Thread-52" [_thread_blocked, id=30155, stack(0x00007f83337f8000,0x00007f83338f9000)]
  0x00007f83580d1000 JavaThread "Thread-51" [_thread_blocked, id=30154, stack(0x00007f83338f9000,0x00007f83339fa000)]
  0x00007f83580cf000 JavaThread "Thread-50" [_thread_blocked, id=30153, stack(0x00007f83339fa000,0x00007f8333afb000)]
  0x00007f83580cd000 JavaThread "Thread-49" [_thread_blocked, id=30152, stack(0x00007f8333afb000,0x00007f8333bfc000)]
  0x00007f83580cb000 JavaThread "Thread-48" [_thread_blocked, id=30151, stack(0x00007f8333bfc000,0x00007f8333cfd000)]
  0x00007f83580c9000 JavaThread "Thread-47" [_thread_blocked, id=30150, stack(0x00007f8333cfd000,0x00007f8333dfe000)]
  0x00007f83580c7000 JavaThread "Thread-46" [_thread_blocked, id=30149, stack(0x00007f8333dfe000,0x00007f8333eff000)]
  0x00007f83580c5800 JavaThread "Thread-45" [_thread_blocked, id=30148, stack(0x00007f8333eff000,0x00007f8334000000)]
  0x00007f83580c3800 JavaThread "Thread-44" [_thread_blocked, id=30147, stack(0x00007f835c0a3000,0x00007f835c1a4000)]
  0x00007f83580c2000 JavaThread "Thread-43" [_thread_blocked, id=30146, stack(0x00007f835c1a4000,0x00007f835c2a5000)]
  0x00007f83580c0000 JavaThread "Thread-42" [_thread_blocked, id=30145, stack(0x00007f835c2a5000,0x00007f835c3a6000)]
  0x00007f8358090000 JavaThread "Thread-41" [_thread_blocked, id=30144, stack(0x00007f835f442000,0x00007f835f543000)]
  0x00007f83580be800 JavaThread "Thread-40" [_thread_blocked, id=30143, stack(0x00007f835c3a6000,0x00007f835c4a7000)]
  0x00007f83580bc800 JavaThread "Thread-39" [_thread_blocked, id=30142, stack(0x00007f835c4a7000,0x00007f835c5a8000)]
  0x00007f83580bb000 JavaThread "Thread-38" [_thread_blocked, id=30141, stack(0x00007f835c5a8000,0x00007f835c6a9000)]
  0x00007f83580b9000 JavaThread "Thread-37" [_thread_blocked, id=30140, stack(0x00007f835c6a9000,0x00007f835c7aa000)]
  0x00007f83580b7800 JavaThread "Thread-36" [_thread_blocked, id=30139, stack(0x00007f835c7aa000,0x00007f835c8ab000)]
  0x00007f835808d800 JavaThread "Thread-35" [_thread_blocked, id=30138, stack(0x00007f835edaa000,0x00007f835eeab000)]
  0x00007f83580b5800 JavaThread "Thread-34" [_thread_blocked, id=30137, stack(0x00007f835c8ab000,0x00007f835c9ac000)]
  0x00007f83580b4000 JavaThread "Thread-33" [_thread_blocked, id=30136, stack(0x00007f835c9ac000,0x00007f835caad000)]
  0x00007f83580b2000 JavaThread "Thread-32" [_thread_blocked, id=30135, stack(0x00007f835caad000,0x00007f835cbae000)]
  0x00007f83580b0800 JavaThread "Thread-31" [_thread_blocked, id=30134, stack(0x00007f835cbae000,0x00007f835ccaf000)]
  0x00007f835808b000 JavaThread "Thread-30" [_thread_blocked, id=30133, stack(0x00007f839810c000,0x00007f839820d000)]
  0x00007f83580ae800 JavaThread "Thread-29" [_thread_blocked, id=30132, stack(0x00007f835d0ac000,0x00007f835d1ad000)]
  0x00007f83580ac800 JavaThread "Thread-28" [_thread_blocked, id=30131, stack(0x00007f835d1ad000,0x00007f835d2ae000)]
  0x00007f83580ab000 JavaThread "Thread-27" [_thread_blocked, id=30130, stack(0x00007f835d2ae000,0x00007f835d3af000)]
  0x00007f83580a9000 JavaThread "Thread-26" [_thread_blocked, id=30129, stack(0x00007f835d3af000,0x00007f835d4b0000)]
  0x00007f83580a7000 JavaThread "Thread-25" [_thread_blocked, id=30128, stack(0x00007f835d4b0000,0x00007f835d5b1000)]
  0x00007f83580a5000 JavaThread "Thread-24" [_thread_blocked, id=30127, stack(0x00007f835d5b1000,0x00007f835d6b2000)]
  0x00007f83580a3000 JavaThread "Thread-23" [_thread_blocked, id=30126, stack(0x00007f835d6b2000,0x00007f835d7b3000)]
  0x00007f8334001000 JavaThread "Image Fetcher 3" daemon [_thread_in_native, id=30110, stack(0x00007f835f13f000,0x00007f835f240000)]
=>0x00007f8348001000 JavaThread "Image Fetcher 2" daemon [_thread_in_vm, id=30108, stack(0x00007f835f341000,0x00007f835f442000)]
  0x00007f8354004000 JavaThread "Image Fetcher 1" daemon [_thread_in_native, id=30101, stack(0x00007f835eca9000,0x00007f835edaa000)]
  0x00007f8358017800 JavaThread "TimerQueue" daemon [_thread_blocked, id=30097, stack(0x00007f839800b000,0x00007f839810c000)]
  0x00007f83bc295000 JavaThread "AWT-EventQueue-0" [_thread_in_native, id=30090, stack(0x00007f8398b36000,0x00007f8398c37000)]
  0x00007f83bc293800 JavaThread "AWT-Shutdown" [_thread_blocked, id=30089, stack(0x00007f8398c37000,0x00007f8398d38000)]
  0x00007f83bc26e000 JavaThread "Image Fetcher 0" daemon [_thread_in_Java, id=30088, stack(0x00007f8398d38000,0x00007f8398e39000)]
  0x00007f83bc238800 JavaThread "AWT-XAWT" daemon [_thread_in_native, id=30087, stack(0x00007f8398e39000,0x00007f8398f3a000)]
  0x00007f83bc217000 JavaThread "Java2D Disposer" daemon [_thread_blocked, id=30086, stack(0x00007f839934a000,0x00007f839944b000)]
  0x00007f83bc0c1000 JavaThread "Service Thread" daemon [_thread_blocked, id=30084, stack(0x00007f839b09e000,0x00007f839b19f000)]
  0x00007f83bc0be000 JavaThread "C1 CompilerThread2" daemon [_thread_blocked, id=30083, stack(0x00007f839b19f000,0x00007f839b2a0000)]
  0x00007f83bc0bc000 JavaThread "C2 CompilerThread1" daemon [_thread_blocked, id=30082, stack(0x00007f839b2a0000,0x00007f839b3a1000)]
  0x00007f83bc0b9800 JavaThread "C2 CompilerThread0" daemon [_thread_in_native, id=30081, stack(0x00007f839b3a1000,0x00007f839b4a2000)]
  0x00007f83bc0b8000 JavaThread "Signal Dispatcher" daemon [_thread_blocked, id=30080, stack(0x00007f839b4a2000,0x00007f839b5a3000)]
  0x00007f83bc083800 JavaThread "Finalizer" daemon [_thread_blocked, id=30079, stack(0x00007f839b9fa000,0x00007f839bafb000)]
  0x00007f83bc07f000 JavaThread "Reference Handler" daemon [_thread_blocked, id=30078, stack(0x00007f839bafb000,0x00007f839bbfc000)]
  0x00007f83bc009800 JavaThread "main" [_thread_blocked, id=30072, stack(0x00007f83c4619000,0x00007f83c471a000)]

Other Threads:
  0x00007f83bc077800 VMThread [stack: 0x00007f839bbfc000,0x00007f839bcfd000] [id=30077]
  0x00007f83bc0c4000 WatcherThread [stack: 0x00007f839af9d000,0x00007f839b09e000] [id=30085]

VM state:not at safepoint (normal execution)

VM Mutex/Monitor currently owned by a thread:  ([mutex/lock_event])
[0x00007f83bc005830] ExpandHeap_lock - owner thread: 0x00007f8348001000
[0x00007f83bc0063b0] Heap_lock - owner thread: 0x00007f8348001000

Heap:
 PSYoungGen      total 159232K, used 69701K [0x00000000d6f80000, 0x00000000e2380000, 0x0000000100000000)
  eden space 153600K, 42% used [0x00000000d6f80000,0x00000000daf50e40,0x00000000e0580000)
  from space 5632K, 77% used [0x00000000e0c00000,0x00000000e1040810,0x00000000e1180000)
  to   space 6656K, 0% used [0x00000000e0580000,0x00000000e0580000,0x00000000e0c00000)
 ParOldGen       total 320512K, used 226656K [0x0000000084e00000, 0x0000000098700000, 0x00000000d6f80000)
  object space 320512K, 70% used [0x0000000084e00000,0x0000000092b583b0,0x0000000098700000)
 Metaspace       used 14773K, capacity 14990K, committed 15232K, reserved 1062912K
  class space    used 1826K, capacity 1901K, committed 1920K, reserved 1048576K

Card table byte_map: [0x00007f83c0ff5000,0x00007f83c13cf000] byte_map_base: 0x00007f83c0bce000

Marking Bits: (ParMarkBitMap*) 0x00007f83c3af8220
 Begin Bits: [0x00007f83a9270000, 0x00007f83ab138000)
 End Bits:   [0x00007f83ab138000, 0x00007f83ad000000)

Polling page: 0x00007f83c4747000

CodeCache: size=245760Kb used=5579Kb max_used=5595Kb free=240180Kb
 bounds [0x00007f83ad000000, 0x00007f83ad580000, 0x00007f83bc000000]
 total_blobs=2197 nmethods=1626 adapters=484
 compilation: enabled

Compilation events (10 events):
Event: 7,257 Thread 0x00007f83bc0be000 1650  s    3       sun.java2d.cmm.lcms.LCMSTransform::doTransform (147 bytes)
Event: 7,258 Thread 0x00007f83bc0be000 nmethod 1650 0x00007f83ad56c750 code [0x00007f83ad56c900, 0x00007f83ad56cf18]
Event: 7,258 Thread 0x00007f83bc0be000 1652       3       java.awt.image.ColorConvertOp::filter (388 bytes)
Event: 7,261 Thread 0x00007f83bc0be000 nmethod 1652 0x00007f83ad56d150 code [0x00007f83ad56d4e0, 0x00007f83ad56f4d8]
Event: 7,261 Thread 0x00007f83bc0be000 1653   !   3       sun.java2d.cmm.lcms.LCMSTransform::colorConvert (884 bytes)
Event: 7,274 Thread 0x00007f83bc0be000 nmethod 1653 0x00007f83ad570790 code [0x00007f83ad570ce0, 0x00007f83ad574368]
Event: 7,292 Thread 0x00007f83bc0be000 1654       1       sun.awt.image.ByteInterleavedRaster::getDataOffset (7 bytes)
Event: 7,292 Thread 0x00007f83bc0be000 nmethod 1654 0x00007f83ad10e450 code [0x00007f83ad10e5a0, 0x00007f83ad10e6d0]
Event: 7,312 Thread 0x00007f83bc0bc000 1655       4       java.awt.color.ICC_Profile::intFromBigEndian (47 bytes)
Event: 7,313 Thread 0x00007f83bc0bc000 nmethod 1655 0x00007f83ad135c90 code [0x00007f83ad135de0, 0x00007f83ad135eb8]

GC Heap History (10 events):
Event: 6,229 GC heap before
{Heap before GC invocations=9 (full 3):
 PSYoungGen      total 62976K, used 57851K [0x00000000d6f80000, 0x00000000de800000, 0x0000000100000000)
  eden space 57856K, 99% used [0x00000000d6f80000,0x00000000da7fed20,0x00000000da800000)
  from space 5120K, 0% used [0x00000000da800000,0x00000000da800000,0x00000000dad00000)
  to   space 6144K, 0% used [0x00000000de200000,0x00000000de200000,0x00000000de800000)
 ParOldGen       total 211968K, used 87276K [0x0000000084e00000, 0x0000000091d00000, 0x00000000d6f80000)
  object space 211968K, 41% used [0x0000000084e00000,0x000000008a33b020,0x0000000091d00000)
 Metaspace       used 14649K, capacity 14862K, committed 14976K, reserved 1062912K
  class space    used 1812K, capacity 1901K, committed 1920K, reserved 1048576K
Event: 6,242 GC heap after
Heap after GC invocations=9 (full 3):
 PSYoungGen      total 94208K, used 256K [0x00000000d6f80000, 0x00000000de280000, 0x0000000100000000)
  eden space 93696K, 0% used [0x00000000d6f80000,0x00000000d6f80000,0x00000000dcb00000)
  from space 512K, 50% used [0x00000000de200000,0x00000000de240000,0x00000000de280000)
  to   space 6144K, 0% used [0x00000000dd680000,0x00000000dd680000,0x00000000ddc80000)
 ParOldGen       total 211968K, used 136726K [0x0000000084e00000, 0x0000000091d00000, 0x00000000d6f80000)
  object space 211968K, 64% used [0x0000000084e00000,0x000000008d385880,0x0000000091d00000)
 Metaspace       used 14649K, capacity 14862K, committed 14976K, reserved 1062912K
  class space    used 1812K, capacity 1901K, committed 1920K, reserved 1048576K
}
Event: 6,242 GC heap before
{Heap before GC invocations=10 (full 4):
 PSYoungGen      total 94208K, used 256K [0x00000000d6f80000, 0x00000000de280000, 0x0000000100000000)
  eden space 93696K, 0% used [0x00000000d6f80000,0x00000000d6f80000,0x00000000dcb00000)
  from space 512K, 50% used [0x00000000de200000,0x00000000de240000,0x00000000de280000)
  to   space 6144K, 0% used [0x00000000dd680000,0x00000000dd680000,0x00000000ddc80000)
 ParOldGen       total 211968K, used 136726K [0x0000000084e00000, 0x0000000091d00000, 0x00000000d6f80000)
  object space 211968K, 64% used [0x0000000084e00000,0x000000008d385880,0x0000000091d00000)
 Metaspace       used 14649K, capacity 14862K, committed 14976K, reserved 1062912K
  class space    used 1812K, capacity 1901K, committed 1920K, reserved 1048576K
Event: 6,259 GC heap after
Heap after GC invocations=10 (full 4):
 PSYoungGen      total 94208K, used 0K [0x00000000d6f80000, 0x00000000de280000, 0x0000000100000000)
  eden space 93696K, 0% used [0x00000000d6f80000,0x00000000d6f80000,0x00000000dcb00000)
  from space 512K, 0% used [0x00000000de200000,0x00000000de200000,0x00000000de280000)
  to   space 6144K, 0% used [0x00000000dd680000,0x00000000dd680000,0x00000000ddc80000)
 ParOldGen       total 258560K, used 110792K [0x0000000084e00000, 0x0000000094a80000, 0x00000000d6f80000)
  object space 258560K, 42% used [0x0000000084e00000,0x000000008ba32240,0x0000000094a80000)
 Metaspace       used 14649K, capacity 14862K, committed 14976K, reserved 1062912K
  class space    used 1812K, capacity 1901K, committed 1920K, reserved 1048576K
}
Event: 6,426 GC heap before
{Heap before GC invocations=11 (full 4):
 PSYoungGen      total 94208K, used 81407K [0x00000000d6f80000, 0x00000000de280000, 0x0000000100000000)
  eden space 93696K, 86% used [0x00000000d6f80000,0x00000000dbeffc00,0x00000000dcb00000)
  from space 512K, 0% used [0x00000000de200000,0x00000000de200000,0x00000000de280000)
  to   space 6144K, 0% used [0x00000000dd680000,0x00000000dd680000,0x00000000ddc80000)
 ParOldGen       total 258560K, used 126792K [0x0000000084e00000, 0x0000000094a80000, 0x00000000d6f80000)
  object space 258560K, 49% used [0x0000000084e00000,0x000000008c9d2250,0x0000000094a80000)
 Metaspace       used 14652K, capacity 14862K, committed 14976K, reserved 1062912K
  class space    used 1813K, capacity 1901K, committed 1920K, reserved 1048576K
Event: 6,497 GC heap after
Heap after GC invocations=11 (full 4):
 PSYoungGen      total 111616K, used 260K [0x00000000d6f80000, 0x00000000e1180000, 0x0000000100000000)
  eden space 105472K, 0% used [0x00000000d6f80000,0x00000000d6f80000,0x00000000dd680000)
  from space 6144K, 4% used [0x00000000dd680000,0x00000000dd6c1100,0x00000000ddc80000)
  to   space 5632K, 0% used [0x00000000e0c00000,0x00000000e0c00000,0x00000000e1180000)
 ParOldGen       total 258560K, used 182885K [0x0000000084e00000, 0x0000000094a80000, 0x00000000d6f80000)
  object space 258560K, 70% used [0x0000000084e00000,0x00000000900994c0,0x0000000094a80000)
 Metaspace       used 14652K, capacity 14862K, committed 14976K, reserved 1062912K
  class space    used 1813K, capacity 1901K, committed 1920K, reserved 1048576K
}
Event: 6,497 GC heap before
{Heap before GC invocations=12 (full 5):
 PSYoungGen      total 111616K, used 260K [0x00000000d6f80000, 0x00000000e1180000, 0x0000000100000000)
  eden space 105472K, 0% used [0x00000000d6f80000,0x00000000d6f80000,0x00000000dd680000)
  from space 6144K, 4% used [0x00000000dd680000,0x00000000dd6c1100,0x00000000ddc80000)
  to   space 5632K, 0% used [0x00000000e0c00000,0x00000000e0c00000,0x00000000e1180000)
 ParOldGen       total 258560K, used 182885K [0x0000000084e00000, 0x0000000094a80000, 0x00000000d6f80000)
  object space 258560K, 70% used [0x0000000084e00000,0x00000000900994c0,0x0000000094a80000)
 Metaspace       used 14652K, capacity 14862K, committed 14976K, reserved 1062912K
  class space    used 1813K, capacity 1901K, committed 1920K, reserved 1048576K
Event: 6,535 GC heap after
Heap after GC invocations=12 (full 5):
 PSYoungGen      total 111616K, used 0K [0x00000000d6f80000, 0x00000000e1180000, 0x0000000100000000)
  eden space 105472K, 0% used [0x00000000d6f80000,0x00000000d6f80000,0x00000000dd680000)
  from space 6144K, 0% used [0x00000000dd680000,0x00000000dd680000,0x00000000ddc80000)
  to   space 5632K, 0% used [0x00000000e0c00000,0x00000000e0c00000,0x00000000e1180000)
 ParOldGen       total 320512K, used 159127K [0x0000000084e00000, 0x0000000098700000, 0x00000000d6f80000)
  object space 320512K, 49% used [0x0000000084e00000,0x000000008e965e80,0x0000000098700000)
 Metaspace       used 14652K, capacity 14862K, committed 14976K, reserved 1062912K
  class space    used 1813K, capacity 1901K, committed 1920K, reserved 1048576K
}
Event: 7,019 GC heap before
{Heap before GC invocations=13 (full 5):
 PSYoungGen      total 111616K, used 105472K [0x00000000d6f80000, 0x00000000e1180000, 0x0000000100000000)
  eden space 105472K, 100% used [0x00000000d6f80000,0x00000000dd680000,0x00000000dd680000)
  from space 6144K, 0% used [0x00000000dd680000,0x00000000dd680000,0x00000000ddc80000)
  to   space 5632K, 0% used [0x00000000e0c00000,0x00000000e0c00000,0x00000000e1180000)
 ParOldGen       total 320512K, used 173958K [0x0000000084e00000, 0x0000000098700000, 0x00000000d6f80000)
  object space 320512K, 54% used [0x0000000084e00000,0x000000008f7e1b40,0x0000000098700000)
 Metaspace       used 14741K, capacity 14990K, committed 15232K, reserved 1062912K
  class space    used 1826K, capacity 1901K, committed 1920K, reserved 1048576K
Event: 7,116 GC heap after
Heap after GC invocations=13 (full 5):
 PSYoungGen      total 159232K, used 4354K [0x00000000d6f80000, 0x00000000e2380000, 0x0000000100000000)
  eden space 153600K, 0% used [0x00000000d6f80000,0x00000000d6f80000,0x00000000e0580000)
  from space 5632K, 77% used [0x00000000e0c00000,0x00000000e1040810,0x00000000e1180000)
  to   space 6656K, 0% used [0x00000000e0580000,0x00000000e0580000,0x00000000e0c00000)
 ParOldGen       total 320512K, used 226656K [0x0000000084e00000, 0x0000000098700000, 0x00000000d6f80000)
  object space 320512K, 70% used [0x0000000084e00000,0x0000000092b583b0,0x0000000098700000)
 Metaspace       used 14741K, capacity 14990K, committed 15232K, reserved 1062912K
  class space    used 1826K, capacity 1901K, committed 1920K, reserved 1048576K
}

Deoptimization events (10 events):
Event: 0,811 Thread 0x00007f83bc009800 Uncommon trap: reason=class_check action=maybe_recompile pc=0x00007f83ad18a670 method=java.lang.String.equals(Ljava/lang/Object;)Z @ 8
Event: 1,182 Thread 0x00007f83bc295000 Uncommon trap: reason=unstable_if action=reinterpret pc=0x00007f83ad2ae3d0 method=java.nio.Buffer.nextGetIndex()I @ 8
Event: 1,362 Thread 0x00007f83bc295000 Uncommon trap: reason=unstable_if action=reinterpret pc=0x00007f83ad2dcff0 method=java.lang.CharacterData.of(I)Ljava/lang/CharacterData; @ 4
Event: 1,573 Thread 0x00007f8358017800 Uncommon trap: reason=unstable_if action=reinterpret pc=0x00007f83ad244eec method=java.util.concurrent.locks.AbstractQueuedSynchronizer.release(I)Z @ 14
Event: 3,387 Thread 0x00007f83bc26e000 Uncommon trap: reason=unstable_if action=reinterpret pc=0x00007f83ad412234 method=sun.awt.image.PNGImageDecoder.produceImage()V @ 867
Event: 3,397 Thread 0x00007f83bc26e000 Uncommon trap: reason=unstable_if action=reinterpret pc=0x00007f83ad40cd0c method=sun.awt.image.ImageRepresentation.getOpaqueRGBImage()Ljava/awt/image/BufferedImage; @ 57
Event: 3,943 Thread 0x00007f83bc295000 Uncommon trap: reason=unstable_if action=reinterpret pc=0x00007f83ad4603f8 method=com.sun.imageio.plugins.png.PNGImageReader.paethPredictor(III)I @ 41
Event: 5,708 Thread 0x00007f83bc295000 Uncommon trap: reason=unstable_if action=reinterpret pc=0x00007f83ad32140c method=java.lang.ref.SoftReference.get()Ljava/lang/Object; @ 17
Event: 6,354 Thread 0x00007f8334001000 Uncommon trap: reason=unstable_if action=reinterpret pc=0x00007f83ad533554 method=java.io.BufferedInputStream.read1([BII)I @ 22
Event: 6,659 Thread 0x00007f8334001000 Uncommon trap: reason=unstable_if action=reinterpret pc=0x00007f83ad40c4b0 method=sun.awt.image.ImageRepresentation.getOpaqueRGBImage()Ljava/awt/image/BufferedImage; @ 57

Internal exceptions (10 events):
Event: 0,111 Thread 0x00007f83bc009800 Exception <a 'java/security/PrivilegedActionException'> (0x00000000d7006d60) thrown at [/HUDSON3/workspace/8-2-build-linux-amd64/jdk8u111/7883/hotspot/src/share/vm/prims/jvm.cpp, line 1386]
Event: 0,111 Thread 0x00007f83bc009800 Exception <a 'java/security/PrivilegedActionException'> (0x00000000d7006f70) thrown at [/HUDSON3/workspace/8-2-build-linux-amd64/jdk8u111/7883/hotspot/src/share/vm/prims/jvm.cpp, line 1386]
Event: 0,180 Thread 0x00007f83bc009800 Exception <a 'java/lang/NoSuchFieldError': method resolution failed> (0x00000000d71720b0) thrown at [/HUDSON3/workspace/8-2-build-linux-amd64/jdk8u111/7883/hotspot/src/share/vm/prims/methodHandles.cpp, line 1146]
Event: 0,183 Thread 0x00007f83bc009800 Exception <a 'java/lang/NoSuchFieldError': method resolution failed> (0x00000000d717f880) thrown at [/HUDSON3/workspace/8-2-build-linux-amd64/jdk8u111/7883/hotspot/src/share/vm/prims/methodHandles.cpp, line 1146]
Event: 0,221 Thread 0x00007f83bc009800 Exception <a 'java/io/FileNotFoundException'> (0x00000000d71ff840) thrown at [/HUDSON3/workspace/8-2-build-linux-amd64/jdk8u111/7883/hotspot/src/share/vm/prims/jni.cpp, line 709]
Event: 0,222 Thread 0x00007f83bc009800 Exception <a 'java/io/FileNotFoundException'> (0x00000000d72001f8) thrown at [/HUDSON3/workspace/8-2-build-linux-amd64/jdk8u111/7883/hotspot/src/share/vm/prims/jni.cpp, line 709]
Event: 0,305 Thread 0x00007f83bc009800 Implicit null exception at 0x00007f83ad15a1e2 to 0x00007f83ad15a3b5
Event: 0,754 Thread 0x00007f83bc009800 Implicit null exception at 0x00007f83ad203776 to 0x00007f83ad203b39
Event: 1,573 Thread 0x00007f8358017800 Implicit null exception at 0x00007f83ad244e8e to 0x00007f83ad244ede
Event: 1,591 Thread 0x00007f83bc295000 Exception <a 'java/lang/UnsupportedOperationException': > (0x00000000d848f1f8) thrown at [/HUDSON3/workspace/8-2-build-linux-amd64/jdk8u111/7883/hotspot/src/share/vm/prims/jni.cpp, line 735]

Events (10 events):
Event: 7,225 Executing VM operation: BulkRevokeBias done
Event: 7,225 Thread 0x00007f835809d800 Thread exited: 0x00007f835809d800
Event: 7,274 Executing VM operation: RevokeBias
Event: 7,274 Executing VM operation: RevokeBias done
Event: 7,274 Thread 0x00007f83bc0be000 flushing nmethod 0x00007f83ad10e450
Event: 7,275 Thread 0x00007f835809f800 Thread exited: 0x00007f835809f800
Event: 7,292 Thread 0x00007f83bc0be000 flushing nmethod 0x00007f83ad135c90
Event: 7,313 Thread 0x00007f83bc0bc000 flushing nmethod 0x00007f83ad184450
Event: 7,313 Thread 0x00007f83bc0bc000 flushing nmethod 0x00007f83ad18a310
Event: 7,313 Thread 0x00007f83bc0bc000 flushing nmethod 0x00007f83ad190e90


Dynamic libraries:
00400000-00401000 r-xp 00000000 08:15 12855452                           /usr/lib/jvm/java-8-oracle/bin/java
00600000-00601000 rw-p 00000000 08:15 12855452                           /usr/lib/jvm/java-8-oracle/bin/java
0163b000-0165c000 rw-p 00000000 00:00 0                                  [heap]
84e00000-98700000 rw-p 00000000 00:00 0 
d6f80000-e2380000 rw-p 00000000 00:00 0 
e2380000-100000000 ---p 00000000 00:00 0 
100000000-1001e0000 rw-p 00000000 00:00 0 
1001e0000-140000000 ---p 00000000 00:00 0 
7f8320000000-7f8320021000 rw-p 00000000 00:00 0 
7f8320021000-7f8324000000 ---p 00000000 00:00 0 
7f8328000000-7f8328021000 rw-p 00000000 00:00 0 
7f8328021000-7f832c000000 ---p 00000000 00:00 0 
7f832c000000-7f832c624000 rw-p 00000000 00:00 0 
7f832c624000-7f8330000000 ---p 00000000 00:00 0 
7f8332eef000-7f8332ef2000 ---p 00000000 00:00 0 
7f8332ef2000-7f8332ff0000 rw-p 00000000 00:00 0 
7f8332ff0000-7f8332ff3000 ---p 00000000 00:00 0 
7f8332ff3000-7f83330f1000 rw-p 00000000 00:00 0 
7f83330f1000-7f83330f4000 ---p 00000000 00:00 0 
7f83330f4000-7f83331f2000 rw-p 00000000 00:00 0 
7f83331f2000-7f83331f5000 ---p 00000000 00:00 0 
7f83331f5000-7f83332f3000 rw-p 00000000 00:00 0 
7f83332f3000-7f83332f6000 ---p 00000000 00:00 0 
7f83332f6000-7f83333f4000 rw-p 00000000 00:00 0 
7f83333f4000-7f83333f7000 ---p 00000000 00:00 0 
7f83333f7000-7f83334f5000 rw-p 00000000 00:00 0 
7f83334f5000-7f83334f8000 ---p 00000000 00:00 0 
7f83334f8000-7f83335f6000 rw-p 00000000 00:00 0 
7f83335f6000-7f83335f9000 ---p 00000000 00:00 0 
7f83335f9000-7f83336f7000 rw-p 00000000 00:00 0 
7f83336f7000-7f83336fa000 ---p 00000000 00:00 0 
7f83336fa000-7f83337f8000 rw-p 00000000 00:00 0 
7f83337f8000-7f83337fb000 ---p 00000000 00:00 0 
7f83337fb000-7f83338f9000 rw-p 00000000 00:00 0 
7f83338f9000-7f83338fc000 ---p 00000000 00:00 0 
7f83338fc000-7f83339fa000 rw-p 00000000 00:00 0 
7f83339fa000-7f83339fd000 ---p 00000000 00:00 0 
7f83339fd000-7f8333afb000 rw-p 00000000 00:00 0 
7f8333afb000-7f8333afe000 ---p 00000000 00:00 0 
7f8333afe000-7f8333bfc000 rw-p 00000000 00:00 0 
7f8333bfc000-7f8333bff000 ---p 00000000 00:00 0 
7f8333bff000-7f8333cfd000 rw-p 00000000 00:00 0 
7f8333cfd000-7f8333d00000 ---p 00000000 00:00 0 
7f8333d00000-7f8333dfe000 rw-p 00000000 00:00 0 
7f8333dfe000-7f8333e01000 ---p 00000000 00:00 0 
7f8333e01000-7f8333eff000 rw-p 00000000 00:00 0 
7f8333eff000-7f8333f02000 ---p 00000000 00:00 0 
7f8333f02000-7f8334000000 rw-p 00000000 00:00 0 
7f8334000000-7f8334021000 rw-p 00000000 00:00 0 
7f8334021000-7f8338000000 ---p 00000000 00:00 0 
7f8338000000-7f8338021000 rw-p 00000000 00:00 0 
7f8338021000-7f833c000000 ---p 00000000 00:00 0 
7f833c000000-7f833c021000 rw-p 00000000 00:00 0 
7f833c021000-7f8340000000 ---p 00000000 00:00 0 
7f8340000000-7f8340611000 rw-p 00000000 00:00 0 
7f8340611000-7f8344000000 ---p 00000000 00:00 0 
7f8344000000-7f8344027000 rw-p 00000000 00:00 0 
7f8344027000-7f8348000000 ---p 00000000 00:00 0 
7f8348000000-7f8348021000 rw-p 00000000 00:00 0 
7f8348021000-7f834c000000 ---p 00000000 00:00 0 
7f834c000000-7f834c021000 rw-p 00000000 00:00 0 
7f834c021000-7f8350000000 ---p 00000000 00:00 0 
7f8350000000-7f8350021000 rw-p 00000000 00:00 0 
7f8350021000-7f8354000000 ---p 00000000 00:00 0 
7f8354000000-7f8354021000 rw-p 00000000 00:00 0 
7f8354021000-7f8358000000 ---p 00000000 00:00 0 
7f8358000000-7f83587f1000 rw-p 00000000 00:00 0 
7f83587f1000-7f835c000000 ---p 00000000 00:00 0 
7f835c0a3000-7f835c0a6000 ---p 00000000 00:00 0 
7f835c0a6000-7f835c1a4000 rw-p 00000000 00:00 0 
7f835c1a4000-7f835c1a7000 ---p 00000000 00:00 0 
7f835c1a7000-7f835c2a5000 rw-p 00000000 00:00 0 
7f835c2a5000-7f835c2a8000 ---p 00000000 00:00 0 
7f835c2a8000-7f835c3a6000 rw-p 00000000 00:00 0 
7f835c3a6000-7f835c3a9000 ---p 00000000 00:00 0 
7f835c3a9000-7f835c4a7000 rw-p 00000000 00:00 0 
7f835c4a7000-7f835c4aa000 ---p 00000000 00:00 0 
7f835c4aa000-7f835c5a8000 rw-p 00000000 00:00 0 
7f835c5a8000-7f835c5ab000 ---p 00000000 00:00 0 
7f835c5ab000-7f835c6a9000 rw-p 00000000 00:00 0 
7f835c6a9000-7f835c6ac000 ---p 00000000 00:00 0 
7f835c6ac000-7f835c7aa000 rw-p 00000000 00:00 0 
7f835c7aa000-7f835c7ad000 ---p 00000000 00:00 0 
7f835c7ad000-7f835c8ab000 rw-p 00000000 00:00 0 
7f835c8ab000-7f835c8ae000 ---p 00000000 00:00 0 
7f835c8ae000-7f835c9ac000 rw-p 00000000 00:00 0 
7f835c9ac000-7f835c9af000 ---p 00000000 00:00 0 
7f835c9af000-7f835caad000 rw-p 00000000 00:00 0 
7f835caad000-7f835cab0000 ---p 00000000 00:00 0 
7f835cab0000-7f835cbae000 rw-p 00000000 00:00 0 
7f835cbae000-7f835cbb1000 ---p 00000000 00:00 0 
7f835cbb1000-7f835ccaf000 rw-p 00000000 00:00 0 
7f835ce52000-7f835cea7000 r-xp 00000000 08:15 12980573                   /usr/lib/jvm/java-8-oracle/jre/lib/amd64/liblcms.so
7f835cea7000-7f835d0a7000 ---p 00055000 08:15 12980573                   /usr/lib/jvm/java-8-oracle/jre/lib/amd64/liblcms.so
7f835d0a7000-7f835d0ac000 rw-p 00055000 08:15 12980573                   /usr/lib/jvm/java-8-oracle/jre/lib/amd64/liblcms.so
7f835d0ac000-7f835d0af000 ---p 00000000 00:00 0 
7f835d0af000-7f835d1ad000 rw-p 00000000 00:00 0 
7f835d1ad000-7f835d1b0000 ---p 00000000 00:00 0 
7f835d1b0000-7f835d2ae000 rw-p 00000000 00:00 0 
7f835d2ae000-7f835d2b1000 ---p 00000000 00:00 0 
7f835d2b1000-7f835d3af000 rw-p 00000000 00:00 0 
7f835d3af000-7f835d3b2000 ---p 00000000 00:00 0 
7f835d3b2000-7f835d4b0000 rw-p 00000000 00:00 0 
7f835d4b0000-7f835d4b3000 ---p 00000000 00:00 0 
7f835d4b3000-7f835d5b1000 rw-p 00000000 00:00 0 
7f835d5b1000-7f835d5b4000 ---p 00000000 00:00 0 
7f835d5b4000-7f835d6b2000 rw-p 00000000 00:00 0 
7f835d6b2000-7f835d6b5000 ---p 00000000 00:00 0 
7f835d6b5000-7f835d7b3000 rw-p 00000000 00:00 0 
7f835d7b3000-7f835d7b6000 ---p 00000000 00:00 0 
7f835d7b6000-7f835d8b4000 rw-p 00000000 00:00 0 
7f835d8b4000-7f835d8b7000 ---p 00000000 00:00 0 
7f835d8b7000-7f835d9b5000 rw-p 00000000 00:00 0 
7f835d9b5000-7f835d9b8000 ---p 00000000 00:00 0 
7f835d9b8000-7f835dab6000 rw-p 00000000 00:00 0 
7f835dab6000-7f835dab9000 ---p 00000000 00:00 0 
7f835dab9000-7f835dbb7000 rw-p 00000000 00:00 0 
7f835dbb7000-7f835dbba000 ---p 00000000 00:00 0 
7f835dbba000-7f835dcb8000 rw-p 00000000 00:00 0 
7f835dcb8000-7f835dcbb000 ---p 00000000 00:00 0 
7f835dcbb000-7f835ddb9000 rw-p 00000000 00:00 0 
7f835ddb9000-7f835ddbc000 ---p 00000000 00:00 0 
7f835ddbc000-7f835deba000 rw-p 00000000 00:00 0 
7f835deba000-7f835debd000 ---p 00000000 00:00 0 
7f835debd000-7f835dfbb000 rw-p 00000000 00:00 0 
7f835dfbb000-7f835dfbe000 ---p 00000000 00:00 0 
7f835dfbe000-7f835e0bc000 rw-p 00000000 00:00 0 
7f835e0bc000-7f835e0bf000 ---p 00000000 00:00 0 
7f835e0bf000-7f835e1bd000 rw-p 00000000 00:00 0 
7f835e1bd000-7f835e1c0000 ---p 00000000 00:00 0 
7f835e1c0000-7f835e2be000 rw-p 00000000 00:00 0 
7f835e2be000-7f835e2c1000 ---p 00000000 00:00 0 
7f835e2c1000-7f835e3bf000 rw-p 00000000 00:00 0 
7f835e3bf000-7f835e3c2000 ---p 00000000 00:00 0 
7f835e3c2000-7f835e4c0000 rw-p 00000000 00:00 0 
7f835e4c0000-7f835eca9000 rw-s 00000000 00:05 29196377                   /SYSV00000000 (deleted)
7f835eca9000-7f835ecac000 ---p 00000000 00:00 0 
7f835ecac000-7f835edaa000 rw-p 00000000 00:00 0 
7f835edaa000-7f835edad000 ---p 00000000 00:00 0 
7f835edad000-7f835eeab000 rw-p 00000000 00:00 0 
7f835eeb6000-7f835eeb9000 ---p 00000000 00:00 0 
7f835eeb9000-7f835efb7000 rw-p 00000000 00:00 0 
7f835efb7000-7f835efbb000 r--s 00000000 08:15 5506269                    /var/cache/fontconfig/6aa41aa22e18b8fa06a12da28ea9c28b-le64.cache-6
7f835efbb000-7f835efc6000 r--s 00000000 08:15 5505130                    /var/cache/fontconfig/945677eb7aeaf62f1d50efc3fb3ec7d8-le64.cache-6
7f835efc6000-7f835efc8000 r--s 00000000 08:15 5518660                    /var/cache/fontconfig/99e8ed0e538f840c565b6ed5dad60d56-le64.cache-6
7f835efc8000-7f835efd1000 r--s 00000000 08:15 5518659                    /var/cache/fontconfig/a6d8cf8e4ec09cdbc8633c31745a07dd-le64.cache-6
7f835efd1000-7f835efd7000 r--s 00000000 08:15 5514525                    /var/cache/fontconfig/2cd17615ca594fa2959ae173292e504c-le64.cache-6
7f835efd7000-7f835efdb000 r--s 00000000 08:15 5515861                    /var/cache/fontconfig/de156ccd2eddbdc19d37a45b8b2aac9c-le64.cache-6
7f835efdb000-7f835eff0000 r--s 00000000 08:15 5514140                    /var/cache/fontconfig/04aabc0a78ac019cf9454389977116d2-le64.cache-6
7f835eff0000-7f835f02b000 r--s 00000000 08:15 5505135                    /var/cache/fontconfig/365b55f210c0a22e9a19e35191240f32-le64.cache-6
7f835f03e000-7f835f041000 ---p 00000000 00:00 0 
7f835f041000-7f835f13f000 rw-p 00000000 00:00 0 
7f835f13f000-7f835f142000 ---p 00000000 00:00 0 
7f835f142000-7f835f240000 rw-p 00000000 00:00 0 
7f835f240000-7f835f243000 ---p 00000000 00:00 0 
7f835f243000-7f835f341000 rw-p 00000000 00:00 0 
7f835f341000-7f835f344000 ---p 00000000 00:00 0 
7f835f344000-7f835f442000 rw-p 00000000 00:00 0 
7f835f442000-7f835f445000 ---p 00000000 00:00 0 
7f835f445000-7f835f543000 rw-p 00000000 00:00 0 
7f835f543000-7f835f546000 ---p 00000000 00:00 0 
7f835f546000-7f835f644000 rw-p 00000000 00:00 0 
7f835f644000-7f835f647000 ---p 00000000 00:00 0 
7f835f647000-7f835f845000 rw-p 00000000 00:00 0 
7f835f845000-7f835f945000 ---p 00000000 00:00 0 
7f835f945000-7f835f980000 r-xp 00000000 08:15 12980351                   /usr/lib/jvm/java-8-oracle/jre/lib/amd64/libjpeg.so
7f835f980000-7f835fb7f000 ---p 0003b000 08:15 12980351                   /usr/lib/jvm/java-8-oracle/jre/lib/amd64/libjpeg.so
7f835fb7f000-7f835fb80000 rw-p 0003a000 08:15 12980351                   /usr/lib/jvm/java-8-oracle/jre/lib/amd64/libjpeg.so
7f835fb80000-7f835fd80000 rw-p 00000000 00:00 0 
7f835fd80000-7f835fde9000 r-xp 00000000 08:15 12980623                   /usr/lib/jvm/java-8-oracle/jre/lib/amd64/libt2k.so
7f835fde9000-7f835ffe9000 ---p 00069000 08:15 12980623                   /usr/lib/jvm/java-8-oracle/jre/lib/amd64/libt2k.so
7f835ffe9000-7f835fff0000 rw-p 00069000 08:15 12980623                   /usr/lib/jvm/java-8-oracle/jre/lib/amd64/libt2k.so
7f835fff0000-7f8360000000 rw-p 00000000 00:00 0 
7f8360000000-7f836002b000 rw-p 00000000 00:00 0 
7f836002b000-7f8364000000 ---p 00000000 00:00 0 
7f8364000000-7f8364021000 rw-p 00000000 00:00 0 
7f8364021000-7f8368000000 ---p 00000000 00:00 0 
7f8368000000-7f8368021000 rw-p 00000000 00:00 0 
7f8368021000-7f836c000000 ---p 00000000 00:00 0 
7f836c000000-7f836c02d000 rw-p 00000000 00:00 0 
7f836c02d000-7f8370000000 ---p 00000000 00:00 0 
7f8370000000-7f8370021000 rw-p 00000000 00:00 0 
7f8370021000-7f8374000000 ---p 00000000 00:00 0 
7f8374000000-7f8374021000 rw-p 00000000 00:00 0 
7f8374021000-7f8378000000 ---p 00000000 00:00 0 
7f8378000000-7f83784a4000 rw-p 00000000 00:00 0 
7f83784a4000-7f837c000000 ---p 00000000 00:00 0 
7f837c000000-7f837c4fc000 rw-p 00000000 00:00 0 
7f837c4fc000-7f8380000000 ---p 00000000 00:00 0 
7f8380000000-7f8380021000 rw-p 00000000 00:00 0 
7f8380021000-7f8384000000 ---p 00000000 00:00 0 
7f8384000000-7f838508a000 rw-p 00000000 00:00 0 
7f838508a000-7f8388000000 ---p 00000000 00:00 0 
7f8388000000-7f8388021000 rw-p 00000000 00:00 0 
7f8388021000-7f838c000000 ---p 00000000 00:00 0 
7f838c000000-7f838c021000 rw-p 00000000 00:00 0 
7f838c021000-7f8390000000 ---p 00000000 00:00 0 
7f8390000000-7f8390224000 rw-p 00000000 00:00 0 
7f8390224000-7f8394000000 ---p 00000000 00:00 0 
7f8394000000-7f8394021000 rw-p 00000000 00:00 0 
7f8394021000-7f8398000000 ---p 00000000 00:00 0 
7f8398001000-7f8398002000 r--s 00000000 08:15 5514141                    /var/cache/fontconfig/0d8c3b2ac0904cb8a57a757ad11a4a08-le64.cache-6
7f8398002000-7f8398003000 r--s 00000000 08:15 5514139                    /var/cache/fontconfig/1ac9eb803944fde146138c791f5cc56a-le64.cache-6
7f8398003000-7f8398007000 r--s 00000000 08:15 5514013                    /var/cache/fontconfig/385c0604a188198f04d133e54aba7fe7-le64.cache-6
7f8398007000-7f8398008000 r--s 00000000 08:15 5514010                    /var/cache/fontconfig/dc05db6664285cc2f12bf69c139ae4c3-le64.cache-6
7f8398008000-7f839800b000 r--s 00000000 08:15 5513664                    /var/cache/fontconfig/767a8244fc0220cfb567a839d0392e0b-le64.cache-6
7f839800b000-7f839800e000 ---p 00000000 00:00 0 
7f839800e000-7f839810c000 rw-p 00000000 00:00 0 
7f839810c000-7f839810f000 ---p 00000000 00:00 0 
7f839810f000-7f839820d000 rw-p 00000000 00:00 0 
7f839820d000-7f839821e000 r-xp 00000000 08:15 12980591                   /usr/lib/jvm/java-8-oracle/jre/lib/amd64/libnio.so
7f839821e000-7f839841d000 ---p 00011000 08:15 12980591                   /usr/lib/jvm/java-8-oracle/jre/lib/amd64/libnio.so
7f839841d000-7f839841e000 rw-p 00010000 08:15 12980591                   /usr/lib/jvm/java-8-oracle/jre/lib/amd64/libnio.so
7f839841e000-7f839871f000 rw-p 00000000 00:00 0 
7f839871f000-7f8398735000 r-xp 00000000 08:15 12980356                   /usr/lib/jvm/java-8-oracle/jre/lib/amd64/libnet.so
7f8398735000-7f8398935000 ---p 00016000 08:15 12980356                   /usr/lib/jvm/java-8-oracle/jre/lib/amd64/libnet.so
7f8398935000-7f8398936000 rw-p 00016000 08:15 12980356                   /usr/lib/jvm/java-8-oracle/jre/lib/amd64/libnet.so
7f8398936000-7f8398b36000 rw-p 00000000 00:00 0 
7f8398b36000-7f8398b39000 ---p 00000000 00:00 0 
7f8398b39000-7f8398c37000 rw-p 00000000 00:00 0 
7f8398c37000-7f8398c3a000 ---p 00000000 00:00 0 
7f8398c3a000-7f8398d38000 rw-p 00000000 00:00 0 
7f8398d38000-7f8398d3b000 ---p 00000000 00:00 0 
7f8398d3b000-7f8398e39000 rw-p 00000000 00:00 0 
7f8398e39000-7f8398e3c000 ---p 00000000 00:00 0 
7f8398e3c000-7f8398f3a000 rw-p 00000000 00:00 0 
7f8398f3a000-7f8398f3f000 r-xp 00000000 08:15 12329486                   /usr/lib/x86_64-linux-gnu/libXfixes.so.3.1.0
7f8398f3f000-7f839913e000 ---p 00005000 08:15 12329486                   /usr/lib/x86_64-linux-gnu/libXfixes.so.3.1.0
7f839913e000-7f839913f000 r--p 00004000 08:15 12329486                   /usr/lib/x86_64-linux-gnu/libXfixes.so.3.1.0
7f839913f000-7f8399140000 rw-p 00005000 08:15 12329486                   /usr/lib/x86_64-linux-gnu/libXfixes.so.3.1.0
7f8399140000-7f8399149000 r-xp 00000000 08:15 12329478                   /usr/lib/x86_64-linux-gnu/libXcursor.so.1.0.2
7f8399149000-7f8399348000 ---p 00009000 08:15 12329478                   /usr/lib/x86_64-linux-gnu/libXcursor.so.1.0.2
7f8399348000-7f8399349000 r--p 00008000 08:15 12329478                   /usr/lib/x86_64-linux-gnu/libXcursor.so.1.0.2
7f8399349000-7f839934a000 rw-p 00009000 08:15 12329478                   /usr/lib/x86_64-linux-gnu/libXcursor.so.1.0.2
7f839934a000-7f839934d000 ---p 00000000 00:00 0 
7f839934d000-7f839944b000 rw-p 00000000 00:00 0 
7f839944b000-7f8399461000 r-xp 00000000 08:15 7082441                    /lib/x86_64-linux-gnu/libgcc_s.so.1
7f8399461000-7f8399660000 ---p 00016000 08:15 7082441                    /lib/x86_64-linux-gnu/libgcc_s.so.1
7f8399660000-7f8399661000 rw-p 00015000 08:15 7082441                    /lib/x86_64-linux-gnu/libgcc_s.so.1
7f8399661000-7f83996c6000 r-xp 00000000 08:15 12980585                   /usr/lib/jvm/java-8-oracle/jre/lib/amd64/libfontmanager.so
7f83996c6000-7f83998c5000 ---p 00065000 08:15 12980585                   /usr/lib/jvm/java-8-oracle/jre/lib/amd64/libfontmanager.so
7f83998c5000-7f83998ca000 rw-p 00064000 08:15 12980585                   /usr/lib/jvm/java-8-oracle/jre/lib/amd64/libfontmanager.so
7f83998ca000-7f83998da000 rw-p 00000000 00:00 0 
7f83998da000-7f83998df000 r-xp 00000000 08:15 12329482                   /usr/lib/x86_64-linux-gnu/libXdmcp.so.6.0.0
7f83998df000-7f8399ade000 ---p 00005000 08:15 12329482                   /usr/lib/x86_64-linux-gnu/libXdmcp.so.6.0.0
7f8399ade000-7f8399adf000 r--p 00004000 08:15 12329482                   /usr/lib/x86_64-linux-gnu/libXdmcp.so.6.0.0
7f8399adf000-7f8399ae0000 rw-p 00005000 08:15 12329482                   /usr/lib/x86_64-linux-gnu/libXdmcp.so.6.0.0
7f8399ae0000-7f8399ae2000 r-xp 00000000 08:15 12329471                   /usr/lib/x86_64-linux-gnu/libXau.so.6.0.0
7f8399ae2000-7f8399ce2000 ---p 00002000 08:15 12329471                   /usr/lib/x86_64-linux-gnu/libXau.so.6.0.0
7f8399ce2000-7f8399ce3000 r--p 00002000 08:15 12329471                   /usr/lib/x86_64-linux-gnu/libXau.so.6.0.0
7f8399ce3000-7f8399ce4000 rw-p 00003000 08:15 12329471                   /usr/lib/x86_64-linux-gnu/libXau.so.6.0.0
7f8399ce4000-7f8399d05000 r-xp 00000000 08:15 12330820                   /usr/lib/x86_64-linux-gnu/libxcb.so.1.1.0
7f8399d05000-7f8399f04000 ---p 00021000 08:15 12330820                   /usr/lib/x86_64-linux-gnu/libxcb.so.1.1.0
7f8399f04000-7f8399f05000 r--p 00020000 08:15 12330820                   /usr/lib/x86_64-linux-gnu/libxcb.so.1.1.0
7f8399f05000-7f8399f06000 rw-p 00021000 08:15 12330820                   /usr/lib/x86_64-linux-gnu/libxcb.so.1.1.0
7f8399f06000-7f8399f15000 r-xp 00000000 08:15 12329492                   /usr/lib/x86_64-linux-gnu/libXi.so.6.1.0
7f8399f15000-7f839a114000 ---p 0000f000 08:15 12329492                   /usr/lib/x86_64-linux-gnu/libXi.so.6.1.0
7f839a114000-7f839a115000 r--p 0000e000 08:15 12329492                   /usr/lib/x86_64-linux-gnu/libXi.so.6.1.0
7f839a115000-7f839a116000 rw-p 0000f000 08:15 12329492                   /usr/lib/x86_64-linux-gnu/libXi.so.6.1.0
7f839a116000-7f839a11b000 r-xp 00000000 08:15 12329510                   /usr/lib/x86_64-linux-gnu/libXtst.so.6.1.0
7f839a11b000-7f839a31a000 ---p 00005000 08:15 12329510                   /usr/lib/x86_64-linux-gnu/libXtst.so.6.1.0
7f839a31a000-7f839a31b000 r--p 00004000 08:15 12329510                   /usr/lib/x86_64-linux-gnu/libXtst.so.6.1.0
7f839a31b000-7f839a31c000 rw-p 00005000 08:15 12329510                   /usr/lib/x86_64-linux-gnu/libXtst.so.6.1.0
7f839a31c000-7f839a325000 r-xp 00000000 08:15 12329504                   /usr/lib/x86_64-linux-gnu/libXrender.so.1.3.0
7f839a325000-7f839a524000 ---p 00009000 08:15 12329504                   /usr/lib/x86_64-linux-gnu/libXrender.so.1.3.0
7f839a524000-7f839a525000 r--p 00008000 08:15 12329504                   /usr/lib/x86_64-linux-gnu/libXrender.so.1.3.0
7f839a525000-7f839a526000 rw-p 00009000 08:15 12329504                   /usr/lib/x86_64-linux-gnu/libXrender.so.1.3.0
7f839a526000-7f839a65b000 r-xp 00000000 08:15 12329467                   /usr/lib/x86_64-linux-gnu/libX11.so.6.3.0
7f839a65b000-7f839a85b000 ---p 00135000 08:15 12329467                   /usr/lib/x86_64-linux-gnu/libX11.so.6.3.0
7f839a85b000-7f839a85c000 r--p 00135000 08:15 12329467                   /usr/lib/x86_64-linux-gnu/libX11.so.6.3.0
7f839a85c000-7f839a860000 rw-p 00136000 08:15 12329467                   /usr/lib/x86_64-linux-gnu/libX11.so.6.3.0
7f839a860000-7f839a871000 r-xp 00000000 08:15 12329484                   /usr/lib/x86_64-linux-gnu/libXext.so.6.4.0
7f839a871000-7f839aa70000 ---p 00011000 08:15 12329484                   /usr/lib/x86_64-linux-gnu/libXext.so.6.4.0
7f839aa70000-7f839aa71000 r--p 00010000 08:15 12329484                   /usr/lib/x86_64-linux-gnu/libXext.so.6.4.0
7f839aa71000-7f839aa72000 rw-p 00011000 08:15 12329484                   /usr/lib/x86_64-linux-gnu/libXext.so.6.4.0
7f839aa72000-7f839aac6000 r-xp 00000000 08:15 12980593                   /usr/lib/jvm/java-8-oracle/jre/lib/amd64/libawt_xawt.so
7f839aac6000-7f839acc6000 ---p 00054000 08:15 12980593                   /usr/lib/jvm/java-8-oracle/jre/lib/amd64/libawt_xawt.so
7f839acc6000-7f839acca000 rw-p 00054000 08:15 12980593                   /usr/lib/jvm/java-8-oracle/jre/lib/amd64/libawt_xawt.so
7f839acca000-7f839accb000 rw-p 00000000 00:00 0 
7f839accb000-7f839ad6d000 r-xp 00000000 08:15 12980626                   /usr/lib/jvm/java-8-oracle/jre/lib/amd64/libawt.so
7f839ad6d000-7f839af6d000 ---p 000a2000 08:15 12980626                   /usr/lib/jvm/java-8-oracle/jre/lib/amd64/libawt.so
7f839af6d000-7f839af79000 rw-p 000a2000 08:15 12980626                   /usr/lib/jvm/java-8-oracle/jre/lib/amd64/libawt.so
7f839af79000-7f839af9d000 rw-p 00000000 00:00 0 
7f839af9d000-7f839af9e000 ---p 00000000 00:00 0 
7f839af9e000-7f839b09e000 rw-p 00000000 00:00 0 
7f839b09e000-7f839b0a1000 ---p 00000000 00:00 0 
7f839b0a1000-7f839b19f000 rw-p 00000000 00:00 0 
7f839b19f000-7f839b1a2000 ---p 00000000 00:00 0 
7f839b1a2000-7f839b2a0000 rw-p 00000000 00:00 0 
7f839b2a0000-7f839b2a3000 ---p 00000000 00:00 0 
7f839b2a3000-7f839b3a1000 rw-p 00000000 00:00 0 
7f839b3a1000-7f839b3a4000 ---p 00000000 00:00 0 
7f839b3a4000-7f839b4a2000 rw-p 00000000 00:00 0 
7f839b4a2000-7f839b4a5000 ---p 00000000 00:00 0 
7f839b4a5000-7f839b5a3000 rw-p 00000000 00:00 0 
7f839b5a3000-7f839b9fa000 r--p 00000000 08:15 12321046                   /usr/lib/locale/locale-archive
7f839b9fa000-7f839b9fd000 ---p 00000000 00:00 0 
7f839b9fd000-7f839bafb000 rw-p 00000000 00:00 0 
7f839bafb000-7f839bafe000 ---p 00000000 00:00 0 
7f839bafe000-7f839bbfc000 rw-p 00000000 00:00 0 
7f839bbfc000-7f839bbfd000 ---p 00000000 00:00 0 
7f839bbfd000-7f839c000000 rw-p 00000000 00:00 0 
7f839c000000-7f839c021000 rw-p 00000000 00:00 0 
7f839c021000-7f83a0000000 ---p 00000000 00:00 0 
7f83a0000000-7f83a0021000 rw-p 00000000 00:00 0 
7f83a0021000-7f83a4000000 ---p 00000000 00:00 0 
7f83a4000000-7f83a4021000 rw-p 00000000 00:00 0 
7f83a4021000-7f83a8000000 ---p 00000000 00:00 0 
7f83a8000000-7f83a8001000 r--s 00000000 08:15 5513663                    /var/cache/fontconfig/4794a0821666d79190d59a36cb4f44b5-le64.cache-6
7f83a8001000-7f83a8006000 r--s 00000000 08:15 5513662                    /var/cache/fontconfig/8801497958630a81b71ace7c5f9b32a8-le64.cache-6
7f83a8006000-7f83a800a000 r--s 00000000 08:15 5515860                    /var/cache/fontconfig/c57959a16110560c8d0fcea73374aeeb-le64.cache-6
7f83a800a000-7f83a800b000 r--s 00000000 08:15 5513661                    /var/cache/fontconfig/bab58bb527bb656aaa9f116d68a48d89-le64.cache-6
7f83a800b000-7f83a8012000 r--s 00000000 08:15 5513222                    /var/cache/fontconfig/3047814df9a2f067bd2d96a2b9c36e5a-le64.cache-6
7f83a8012000-7f83a801a000 r--s 00000000 08:15 5506147                    /var/cache/fontconfig/bf3b770c553c462765856025a94f1ce6-le64.cache-6
7f83a801a000-7f83a8020000 r--s 00000000 08:15 5512789                    /var/cache/fontconfig/b47c4e1ecd0709278f4910c18777a504-le64.cache-6
7f83a8020000-7f83a8028000 r--s 00000000 08:15 5518658                    /var/cache/fontconfig/52f7bdb7ce746bfd7eaa1985bd9cfa93-le64.cache-6
7f83a8028000-7f83a803b000 r--s 00000000 08:15 5512788                    /var/cache/fontconfig/d52a8644073d54c13679302ca1180695-le64.cache-6
7f83a803b000-7f83a8046000 r--s 00000000 08:15 5506474                    /var/cache/fontconfig/d589a48862398ed80a3d6066f4f56f4c-le64.cache-6
7f83a8046000-7f83a8066000 r--s 00000000 08:15 5506266                    /var/cache/fontconfig/e13b20fdb08344e0e664864cc2ede53d-le64.cache-6
7f83a8066000-7f83ad000000 rw-p 00000000 00:00 0 
7f83ad000000-7f83ad580000 rwxp 00000000 00:00 0 
7f83ad580000-7f83bc000000 ---p 00000000 00:00 0 
7f83bc000000-7f83bc58e000 rw-p 00000000 00:00 0 
7f83bc58e000-7f83c0000000 ---p 00000000 00:00 0 
7f83c0000000-7f83c0001000 r--s 00000000 08:15 5512791                    /var/cache/fontconfig/56cf4f4769d0f4abc89a4895d7bd3ae1-le64.cache-6
7f83c0001000-7f83c000c000 r--s 00000000 08:15 5512171                    /var/cache/fontconfig/83bf95040141907cd45bb53cf7c1c148-le64.cache-6
7f83c000c000-7f83c001e000 r--s 00000000 08:15 5512170                    /var/cache/fontconfig/9b89f8e3dae116d678bbf48e5f21f69b-le64.cache-6
7f83c001e000-7f83c002b000 r--s 00000000 08:15 5505419                    /var/cache/fontconfig/8f02d4cb045bd6ce15663e43f347c9f8-le64.cache-6
7f83c002b000-7f83c004c000 r--s 00000000 08:15 5505593                    /var/cache/fontconfig/467c019e582ee353435ea5c21d137ef6-le64.cache-6
7f83c0064000-7f83c0339000 rw-p 00000000 00:00 0 
7f83c0339000-7f83c0511000 r--s 03d2a000 08:15 12855517                   /usr/lib/jvm/java-8-oracle/jre/lib/rt.jar
7f83c0511000-7f83c0960000 rw-p 00000000 00:00 0 
7f83c0960000-7f83c0961000 ---p 00000000 00:00 0 
7f83c0961000-7f83c0a61000 rw-p 00000000 00:00 0 
7f83c0a61000-7f83c0a62000 ---p 00000000 00:00 0 
7f83c0a62000-7f83c0b62000 rw-p 00000000 00:00 0 
7f83c0b62000-7f83c0b63000 ---p 00000000 00:00 0 
7f83c0b63000-7f83c0c63000 rw-p 00000000 00:00 0 
7f83c0c63000-7f83c0c64000 ---p 00000000 00:00 0 
7f83c0c64000-7f83c0e01000 rw-p 00000000 00:00 0 
7f83c0e01000-7f83c0ff5000 ---p 00000000 00:00 0 
7f83c0ff5000-7f83c1092000 rw-p 00000000 00:00 0 
7f83c1092000-7f83c1285000 ---p 00000000 00:00 0 
7f83c1285000-7f83c12e0000 rw-p 00000000 00:00 0 
7f83c12e0000-7f83c13ce000 ---p 00000000 00:00 0 
7f83c13ce000-7f83c13e5000 rw-p 00000000 00:00 0 
7f83c13e5000-7f83c178f000 ---p 00000000 00:00 0 
7f83c178f000-7f83c17a9000 r-xp 00000000 08:15 12980589                   /usr/lib/jvm/java-8-oracle/jre/lib/amd64/libzip.so
7f83c17a9000-7f83c19a9000 ---p 0001a000 08:15 12980589                   /usr/lib/jvm/java-8-oracle/jre/lib/amd64/libzip.so
7f83c19a9000-7f83c19aa000 rw-p 0001a000 08:15 12980589                   /usr/lib/jvm/java-8-oracle/jre/lib/amd64/libzip.so
7f83c19aa000-7f83c19b5000 r-xp 00000000 08:15 7082080                    /lib/x86_64-linux-gnu/libnss_files-2.23.so
7f83c19b5000-7f83c1bb4000 ---p 0000b000 08:15 7082080                    /lib/x86_64-linux-gnu/libnss_files-2.23.so
7f83c1bb4000-7f83c1bb5000 r--p 0000a000 08:15 7082080                    /lib/x86_64-linux-gnu/libnss_files-2.23.so
7f83c1bb5000-7f83c1bb6000 rw-p 0000b000 08:15 7082080                    /lib/x86_64-linux-gnu/libnss_files-2.23.so
7f83c1bb6000-7f83c1bbc000 rw-p 00000000 00:00 0 
7f83c1bbc000-7f83c1bc7000 r-xp 00000000 08:15 7082074                    /lib/x86_64-linux-gnu/libnss_nis-2.23.so
7f83c1bc7000-7f83c1dc6000 ---p 0000b000 08:15 7082074                    /lib/x86_64-linux-gnu/libnss_nis-2.23.so
7f83c1dc6000-7f83c1dc7000 r--p 0000a000 08:15 7082074                    /lib/x86_64-linux-gnu/libnss_nis-2.23.so
7f83c1dc7000-7f83c1dc8000 rw-p 0000b000 08:15 7082074                    /lib/x86_64-linux-gnu/libnss_nis-2.23.so
7f83c1dc8000-7f83c1dde000 r-xp 00000000 08:15 7082070                    /lib/x86_64-linux-gnu/libnsl-2.23.so
7f83c1dde000-7f83c1fdd000 ---p 00016000 08:15 7082070                    /lib/x86_64-linux-gnu/libnsl-2.23.so
7f83c1fdd000-7f83c1fde000 r--p 00015000 08:15 7082070                    /lib/x86_64-linux-gnu/libnsl-2.23.so
7f83c1fde000-7f83c1fdf000 rw-p 00016000 08:15 7082070                    /lib/x86_64-linux-gnu/libnsl-2.23.so
7f83c1fdf000-7f83c1fe1000 rw-p 00000000 00:00 0 
7f83c1fe1000-7f83c1fe9000 r-xp 00000000 08:15 7082066                    /lib/x86_64-linux-gnu/libnss_compat-2.23.so
7f83c1fe9000-7f83c21e8000 ---p 00008000 08:15 7082066                    /lib/x86_64-linux-gnu/libnss_compat-2.23.so
7f83c21e8000-7f83c21e9000 r--p 00007000 08:15 7082066                    /lib/x86_64-linux-gnu/libnss_compat-2.23.so
7f83c21e9000-7f83c21ea000 rw-p 00008000 08:15 7082066                    /lib/x86_64-linux-gnu/libnss_compat-2.23.so
7f83c21ea000-7f83c2215000 r-xp 00000000 08:15 12980616                   /usr/lib/jvm/java-8-oracle/jre/lib/amd64/libjava.so
7f83c2215000-7f83c2414000 ---p 0002b000 08:15 12980616                   /usr/lib/jvm/java-8-oracle/jre/lib/amd64/libjava.so
7f83c2414000-7f83c2416000 rw-p 0002a000 08:15 12980616                   /usr/lib/jvm/java-8-oracle/jre/lib/amd64/libjava.so
7f83c2416000-7f83c2423000 r-xp 00000000 08:15 12980358                   /usr/lib/jvm/java-8-oracle/jre/lib/amd64/libverify.so
7f83c2423000-7f83c2622000 ---p 0000d000 08:15 12980358                   /usr/lib/jvm/java-8-oracle/jre/lib/amd64/libverify.so
7f83c2622000-7f83c2624000 rw-p 0000c000 08:15 12980358                   /usr/lib/jvm/java-8-oracle/jre/lib/amd64/libverify.so
7f83c2624000-7f83c262b000 r-xp 00000000 08:15 7082098                    /lib/x86_64-linux-gnu/librt-2.23.so
7f83c262b000-7f83c282a000 ---p 00007000 08:15 7082098                    /lib/x86_64-linux-gnu/librt-2.23.so
7f83c282a000-7f83c282b000 r--p 00006000 08:15 7082098                    /lib/x86_64-linux-gnu/librt-2.23.so
7f83c282b000-7f83c282c000 rw-p 00007000 08:15 7082098                    /lib/x86_64-linux-gnu/librt-2.23.so
7f83c282c000-7f83c2934000 r-xp 00000000 08:15 7082092                    /lib/x86_64-linux-gnu/libm-2.23.so
7f83c2934000-7f83c2b33000 ---p 00108000 08:15 7082092                    /lib/x86_64-linux-gnu/libm-2.23.so
7f83c2b33000-7f83c2b34000 r--p 00107000 08:15 7082092                    /lib/x86_64-linux-gnu/libm-2.23.so
7f83c2b34000-7f83c2b35000 rw-p 00108000 08:15 7082092                    /lib/x86_64-linux-gnu/libm-2.23.so
7f83c2b35000-7f83c3802000 r-xp 00000000 08:15 12980620                   /usr/lib/jvm/java-8-oracle/jre/lib/amd64/server/libjvm.so
7f83c3802000-7f83c3a01000 ---p 00ccd000 08:15 12980620                   /usr/lib/jvm/java-8-oracle/jre/lib/amd64/server/libjvm.so
7f83c3a01000-7f83c3ada000 rw-p 00ccc000 08:15 12980620                   /usr/lib/jvm/java-8-oracle/jre/lib/amd64/server/libjvm.so
7f83c3ada000-7f83c3b25000 rw-p 00000000 00:00 0 
7f83c3b25000-7f83c3ce4000 r-xp 00000000 08:15 7082106                    /lib/x86_64-linux-gnu/libc-2.23.so
7f83c3ce4000-7f83c3ee4000 ---p 001bf000 08:15 7082106                    /lib/x86_64-linux-gnu/libc-2.23.so
7f83c3ee4000-7f83c3ee8000 r--p 001bf000 08:15 7082106                    /lib/x86_64-linux-gnu/libc-2.23.so
7f83c3ee8000-7f83c3eea000 rw-p 001c3000 08:15 7082106                    /lib/x86_64-linux-gnu/libc-2.23.so
7f83c3eea000-7f83c3eee000 rw-p 00000000 00:00 0 
7f83c3eee000-7f83c3ef1000 r-xp 00000000 08:15 7082107                    /lib/x86_64-linux-gnu/libdl-2.23.so
7f83c3ef1000-7f83c40f0000 ---p 00003000 08:15 7082107                    /lib/x86_64-linux-gnu/libdl-2.23.so
7f83c40f0000-7f83c40f1000 r--p 00002000 08:15 7082107                    /lib/x86_64-linux-gnu/libdl-2.23.so
7f83c40f1000-7f83c40f2000 rw-p 00003000 08:15 7082107                    /lib/x86_64-linux-gnu/libdl-2.23.so
7f83c40f2000-7f83c4107000 r-xp 00000000 08:15 12585246                   /usr/lib/jvm/java-8-oracle/lib/amd64/jli/libjli.so
7f83c4107000-7f83c4307000 ---p 00015000 08:15 12585246                   /usr/lib/jvm/java-8-oracle/lib/amd64/jli/libjli.so
7f83c4307000-7f83c4308000 rw-p 00015000 08:15 12585246                   /usr/lib/jvm/java-8-oracle/lib/amd64/jli/libjli.so
7f83c4308000-7f83c4320000 r-xp 00000000 08:15 7082105                    /lib/x86_64-linux-gnu/libpthread-2.23.so
7f83c4320000-7f83c451f000 ---p 00018000 08:15 7082105                    /lib/x86_64-linux-gnu/libpthread-2.23.so
7f83c451f000-7f83c4520000 r--p 00017000 08:15 7082105                    /lib/x86_64-linux-gnu/libpthread-2.23.so
7f83c4520000-7f83c4521000 rw-p 00018000 08:15 7082105                    /lib/x86_64-linux-gnu/libpthread-2.23.so
7f83c4521000-7f83c4525000 rw-p 00000000 00:00 0 
7f83c4525000-7f83c454b000 r-xp 00000000 08:15 7082100                    /lib/x86_64-linux-gnu/ld-2.23.so
7f83c454b000-7f83c454c000 r--s 00000000 08:15 5512790                    /var/cache/fontconfig/b9d506c9ac06c20b433354fa67a72993-le64.cache-6
7f83c454c000-7f83c454d000 r--s 00000000 08:15 5512777                    /var/cache/fontconfig/551ecf3b0e8b0bca0f25c0944f561853-le64.cache-6
7f83c454d000-7f83c454e000 r--s 00000000 08:15 5512770                    /var/cache/fontconfig/30829fa25452a46451e813d634d7f916-le64.cache-6
7f83c454e000-7f83c4619000 rw-p 00000000 00:00 0 
7f83c4619000-7f83c461c000 ---p 00000000 00:00 0 
7f83c461c000-7f83c471e000 rw-p 00000000 00:00 0 
7f83c471e000-7f83c471f000 r--s 00000000 08:15 5512769                    /var/cache/fontconfig/0c9eb80ebd1c36541ebe2852d3bb0c49-le64.cache-6
7f83c471f000-7f83c4722000 r--s 00000000 08:15 5512181                    /var/cache/fontconfig/75114ca45c98e8a441da0ff356701271-le64.cache-6
7f83c4722000-7f83c4724000 r--s 00000000 08:15 5505108                    /var/cache/fontconfig/62f91419b9ebdb6975e7e41ab6412357-le64.cache-6
7f83c4724000-7f83c4728000 r--s 00000000 08:15 5506151                    /var/cache/fontconfig/7ef2298fde41cc6eeb7af42e48b7d293-le64.cache-6
7f83c4728000-7f83c472a000 r--s 00000000 08:15 5505420                    /var/cache/fontconfig/16326683038b281783a0ef8c680e3a10-le64.cache-6
7f83c472a000-7f83c472b000 r--s 00000000 08:15 5505596                    /var/cache/fontconfig/e0aa53bcfa504e64f87823c16bc01eb6-le64.cache-6
7f83c472b000-7f83c473e000 r--s 00345000 08:15 12855537                   /usr/lib/jvm/java-8-oracle/jre/lib/resources.jar
7f83c473e000-7f83c4746000 rw-s 00000000 08:15 1324583                    /tmp/hsperfdata_nokorot/30067
7f83c4746000-7f83c4747000 rw-p 00000000 00:00 0 
7f83c4747000-7f83c4748000 r--p 00000000 00:00 0 
7f83c4748000-7f83c474a000 rw-p 00000000 00:00 0 
7f83c474a000-7f83c474b000 r--p 00025000 08:15 7082100                    /lib/x86_64-linux-gnu/ld-2.23.so
7f83c474b000-7f83c474c000 rw-p 00026000 08:15 7082100                    /lib/x86_64-linux-gnu/ld-2.23.so
7f83c474c000-7f83c474d000 rw-p 00000000 00:00 0 
7fffc1831000-7fffc1852000 rw-p 00000000 00:00 0                          [stack]
7fffc18d5000-7fffc18d7000 r--p 00000000 00:00 0                          [vvar]
7fffc18d7000-7fffc18d9000 r-xp 00000000 00:00 0                          [vdso]
ffffffffff600000-ffffffffff601000 r-xp 00000000 00:00 0                  [vsyscall]

VM Arguments:
jvm_args: -Dfile.encoding=UTF-8 
java_command: engineTest.tests
java_class_path (initial): /home/nokorot/Workspace/Java/LiveSystem/NokoBox/bin
Launcher Type: SUN_STANDARD

Environment Variables:
JAVA_HOME=/usr/lib/jvm/java-8-oracle
PATH=/home/nokorot/.cabal/bin:/opt/cabal/1.22/bin:/opt/ghc/7.10.3/bin:/home/nokorot/.bin:/home/nokorot/bin:/home/nokorot/.local/bin:/usr/local/sbin:/usr/local/bin:/usr/sbin:/usr/bin:/sbin:/bin:/usr/games:/usr/local/games:/snap/bin:/usr/lib/jvm/java-8-oracle/bin:/usr/lib/jvm/java-8-oracle/db/bin:/usr/lib/jvm/java-8-oracle/jre/bin
USERNAME=nokorot
SHELL=/bin/bash
DISPLAY=:1

Signal Handlers:
SIGSEGV: [libjvm.so+0xac64b0], sa_mask[0]=11111111011111111101111111111110, sa_flags=SA_RESTART|SA_SIGINFO
SIGBUS: [libjvm.so+0xac64b0], sa_mask[0]=11111111011111111101111111111110, sa_flags=SA_RESTART|SA_SIGINFO
SIGFPE: [libjvm.so+0x91f950], sa_mask[0]=11111111011111111101111111111110, sa_flags=SA_RESTART|SA_SIGINFO
SIGPIPE: [libjvm.so+0x91f950], sa_mask[0]=11111111011111111101111111111110, sa_flags=SA_RESTART|SA_SIGINFO
SIGXFSZ: [libjvm.so+0x91f950], sa_mask[0]=11111111011111111101111111111110, sa_flags=SA_RESTART|SA_SIGINFO
SIGILL: [libjvm.so+0x91f950], sa_mask[0]=11111111011111111101111111111110, sa_flags=SA_RESTART|SA_SIGINFO
SIGUSR1: SIG_DFL, sa_mask[0]=00000000000000000000000000000000, sa_flags=none
SIGUSR2: [libjvm.so+0x920f80], sa_mask[0]=00100000000000000000000000000000, sa_flags=SA_RESTART|SA_SIGINFO
SIGHUP: [libjvm.so+0x922380], sa_mask[0]=11111111011111111101111111111110, sa_flags=SA_RESTART|SA_SIGINFO
SIGINT: [libjvm.so+0x922380], sa_mask[0]=11111111011111111101111111111110, sa_flags=SA_RESTART|SA_SIGINFO
SIGTERM: [libjvm.so+0x922380], sa_mask[0]=11111111011111111101111111111110, sa_flags=SA_RESTART|SA_SIGINFO
SIGQUIT: [libjvm.so+0x922380], sa_mask[0]=11111111011111111101111111111110, sa_flags=SA_RESTART|SA_SIGINFO


---------------  S Y S T E M  ---------------

OS:DISTRIB_ID=Ubuntu
DISTRIB_RELEASE=16.04
DISTRIB_CODENAME=xenial
DISTRIB_DESCRIPTION="Ubuntu 16.04.1 LTS"

uname:Linux 4.4.0-57-generic #78-Ubuntu SMP Fri Dec 9 23:50:32 UTC 2016 x86_64
libc:glibc 2.23 NPTL 2.23 
rlimit: STACK 8192k, CORE 0k, NPROC 31349, NOFILE 65536, AS infinity
load average:1,31 1,47 1,44

/proc/meminfo:
MemTotal:        8065836 kB
MemFree:          153332 kB
MemAvailable:     243756 kB
Buffers:           11248 kB
Cached:           978268 kB
SwapCached:        59372 kB
Active:          6276288 kB
Inactive:        1286672 kB
Active(anon):    6082552 kB
Inactive(anon):  1208464 kB
Active(file):     193736 kB
Inactive(file):    78208 kB
Unevictable:         480 kB
Mlocked:             480 kB
SwapTotal:       1951740 kB
SwapFree:         398816 kB
Dirty:              2696 kB
Writeback:           132 kB
AnonPages:       6534784 kB
Mapped:           640312 kB
Shmem:            717620 kB
Slab:             144280 kB
SReclaimable:      77812 kB
SUnreclaim:        66468 kB
KernelStack:       28448 kB
PageTables:        98528 kB
NFS_Unstable:          0 kB
Bounce:                0 kB
WritebackTmp:          0 kB
CommitLimit:     5984656 kB
Committed_AS:   23428944 kB
VmallocTotal:   34359738367 kB
VmallocUsed:           0 kB
VmallocChunk:          0 kB
HardwareCorrupted:     0 kB
AnonHugePages:   2514944 kB
CmaTotal:              0 kB
CmaFree:               0 kB
HugePages_Total:       0
HugePages_Free:        0
HugePages_Rsvd:        0
HugePages_Surp:        0
Hugepagesize:       2048 kB
DirectMap4k:      425256 kB
DirectMap2M:     7854080 kB


CPU:total 4 (2 cores per cpu, 2 threads per core) family 6 model 58 stepping 9, cmov, cx8, fxsr, mmx, sse, sse2, sse3, ssse3, sse4.1, sse4.2, popcnt, avx, aes, clmul, erms, ht, tsc, tscinvbit, tscinv

/proc/cpuinfo:
processor	: 0
vendor_id	: GenuineIntel
cpu family	: 6
model		: 58
model name	: Intel(R) Core(TM) i5-3210M CPU @ 2.50GHz
stepping	: 9
microcode	: 0x15
cpu MHz		: 2900.000
cache size	: 3072 KB
physical id	: 0
siblings	: 4
core id		: 0
cpu cores	: 2
apicid		: 0
initial apicid	: 0
fpu		: yes
fpu_exception	: yes
cpuid level	: 13
wp		: yes
flags		: fpu vme de pse tsc msr pae mce cx8 apic sep mtrr pge mca cmov pat pse36 clflush dts acpi mmx fxsr sse sse2 ss ht tm pbe syscall nx rdtscp lm constant_tsc arch_perfmon pebs bts rep_good nopl xtopology nonstop_tsc aperfmperf eagerfpu pni pclmulqdq dtes64 monitor ds_cpl vmx est tm2 ssse3 cx16 xtpr pdcm pcid sse4_1 sse4_2 x2apic popcnt tsc_deadline_timer aes xsave avx f16c rdrand lahf_lm epb tpr_shadow vnmi flexpriority ept vpid fsgsbase smep erms xsaveopt dtherm ida arat pln pts
bugs		:
bogomips	: 4988.68
clflush size	: 64
cache_alignment	: 64
address sizes	: 36 bits physical, 48 bits virtual
power management:

processor	: 1
vendor_id	: GenuineIntel
cpu family	: 6
model		: 58
model name	: Intel(R) Core(TM) i5-3210M CPU @ 2.50GHz
stepping	: 9
microcode	: 0x15
cpu MHz		: 2900.000
cache size	: 3072 KB
physical id	: 0
siblings	: 4
core id		: 1
cpu cores	: 2
apicid		: 2
initial apicid	: 2
fpu		: yes
fpu_exception	: yes
cpuid level	: 13
wp		: yes
flags		: fpu vme de pse tsc msr pae mce cx8 apic sep mtrr pge mca cmov pat pse36 clflush dts acpi mmx fxsr sse sse2 ss ht tm pbe syscall nx rdtscp lm constant_tsc arch_perfmon pebs bts rep_good nopl xtopology nonstop_tsc aperfmperf eagerfpu pni pclmulqdq dtes64 monitor ds_cpl vmx est tm2 ssse3 cx16 xtpr pdcm pcid sse4_1 sse4_2 x2apic popcnt tsc_deadline_timer aes xsave avx f16c rdrand lahf_lm epb tpr_shadow vnmi flexpriority ept vpid fsgsbase smep erms xsaveopt dtherm ida arat pln pts
bugs		:
bogomips	: 4988.68
clflush size	: 64
cache_alignment	: 64
address sizes	: 36 bits physical, 48 bits virtual
power management:

processor	: 2
vendor_id	: GenuineIntel
cpu family	: 6
model		: 58
model name	: Intel(R) Core(TM) i5-3210M CPU @ 2.50GHz
stepping	: 9
microcode	: 0x15
cpu MHz		: 2899.902
cache size	: 3072 KB
physical id	: 0
siblings	: 4
core id		: 0
cpu cores	: 2
apicid		: 1
initial apicid	: 1
fpu		: yes
fpu_exception	: yes
cpuid level	: 13
wp		: yes
flags		: fpu vme de pse tsc msr pae mce cx8 apic sep mtrr pge mca cmov pat pse36 clflush dts acpi mmx fxsr sse sse2 ss ht tm pbe syscall nx rdtscp lm constant_tsc arch_perfmon pebs bts rep_good nopl xtopology nonstop_tsc aperfmperf eagerfpu pni pclmulqdq dtes64 monitor ds_cpl vmx est tm2 ssse3 cx16 xtpr pdcm pcid sse4_1 sse4_2 x2apic popcnt tsc_deadline_timer aes xsave avx f16c rdrand lahf_lm epb tpr_shadow vnmi flexpriority ept vpid fsgsbase smep erms xsaveopt dtherm ida arat pln pts
bugs		:
bogomips	: 4988.68
clflush size	: 64
cache_alignment	: 64
address sizes	: 36 bits physical, 48 bits virtual
power management:

processor	: 3
vendor_id	: GenuineIntel
cpu family	: 6
model		: 58
model name	: Intel(R) Core(TM) i5-3210M CPU @ 2.50GHz
stepping	: 9
microcode	: 0x15
cpu MHz		: 2900.000
cache size	: 3072 KB
physical id	: 0
siblings	: 4
core id		: 1
cpu cores	: 2
apicid		: 3
initial apicid	: 3
fpu		: yes
fpu_exception	: yes
cpuid level	: 13
wp		: yes
flags		: fpu vme de pse tsc msr pae mce cx8 apic sep mtrr pge mca cmov pat pse36 clflush dts acpi mmx fxsr sse sse2 ss ht tm pbe syscall nx rdtscp lm constant_tsc arch_perfmon pebs bts rep_good nopl xtopology nonstop_tsc aperfmperf eagerfpu pni pclmulqdq dtes64 monitor ds_cpl vmx est tm2 ssse3 cx16 xtpr pdcm pcid sse4_1 sse4_2 x2apic popcnt tsc_deadline_timer aes xsave avx f16c rdrand lahf_lm epb tpr_shadow vnmi flexpriority ept vpid fsgsbase smep erms xsaveopt dtherm ida arat pln pts
bugs		:
bogomips	: 4988.68
clflush size	: 64
cache_alignment	: 64
address sizes	: 36 bits physical, 48 bits virtual
power management:



Memory: 4k page, physical 8065836k(153332k free), swap 1951740k(398816k free)

vm_info: Java HotSpot(TM) 64-Bit Server VM (25.111-b14) for linux-amd64 JRE (1.8.0_111-b14), built on Sep 22 2016 16:14:03 by "java_re" with gcc 4.3.0 20080428 (Red Hat 4.3.0-8)

time: Mon Jan  9 21:46:40 2017
elapsed time: 7 seconds (0d 0h 0m 7s)

