#
# A fatal error has been detected by the Java Runtime Environment:
#
#  SIGSEGV (0xb) at pc=0x00007f6531686d44, pid=6301, tid=0x00007f6531a8e700
#
# JRE version: Java(TM) SE Runtime Environment (8.0_111-b14) (build 1.8.0_111-b14)
# Java VM: Java HotSpot(TM) 64-Bit Server VM (25.111-b14 mixed mode linux-amd64 compressed oops)
# Problematic frame:
# C  [libpthread.so.0+0x9d44]  pthread_mutex_lock+0x4
#
# Failed to write core dump. Core dumps have been disabled. To enable core dumping, try "ulimit -c unlimited" before starting Java again
#
# If you would like to submit a bug report, please visit:
#   http://bugreport.java.com/bugreport/crash.jsp
# The crash happened outside the Java Virtual Machine in native code.
# See problematic frame for where to report the bug.
#

---------------  T H R E A D  ---------------

Current thread (0x00007f652800b000):  JavaThread "main" [_thread_in_native, id=6304, stack(0x00007f653198e000,0x00007f6531a8f000)]

siginfo: si_signo: 11 (SIGSEGV), si_code: 1 (SEGV_MAPERR), si_addr: 0x0000000000000010

Registers:
RAX=0x00007f64e380d370, RBX=0x00007f65282fa550, RCX=0x0000000000000192, RDX=0x00007f6531a8cca0
RSP=0x00007f6531a8cc10, RBP=0x00007f6531a8cc80, RSI=0x00007f6531a8cc90, RDI=0x0000000000000000
R8 =0x00007f6531a8cc80, R9 =0x00007f65282f62c2, R10=0x00007f64e3892447, R11=0x0000000000000065
R12=0x00007f6531a8cc7c, R13=0x00007f6531a8cdb8, R14=0x00007f6531a8cdb0, R15=0x00007f652800b1f8
RIP=0x00007f6531686d44, EFLAGS=0x0000000000010202, CSGSFS=0x0000000000000033, ERR=0x0000000000000004
  TRAPNO=0x000000000000000e

Top of Stack: (sp=0x00007f6531a8cc10)
0x00007f6531a8cc10:   0000000000000193 00007f64e3827bfa
0x00007f6531a8cc20:   00007f6531a8cc90 00007f6531a8cca0
0x00007f6531a8cc30:   0000000000000000 00007f65282a0e40
0x00007f6531a8cc40:   00007f652830d470 852bd2c599445700
0x00007f6531a8cc50:   00007f65282a0e40 00007f652830d470
0x00007f6531a8cc60:   00007f652830d510 00007f64e3803f86
0x00007f6531a8cc70:   00007f652800b1f8 00007f652807a708
0x00007f6531a8cc80:   00007f652830d510 696c4369746c756d
0x00007f6531a8cc90:   0000019300000192 00007f6500000000
0x00007f6531a8cca0:   0000015500000154 00007f6500000000
0x00007f6531a8ccb0:   0000000000000004 852bd2c599445700
0x00007f6531a8ccc0:   00007f652830d510 00007f6531a8cd20
0x00007f6531a8ccd0:   00007f652830d470 00007f6508046981
0x00007f6531a8cce0:   00007f652800b000 00007f65282a0e40
0x00007f6531a8ccf0:   00007f6531a8cd30 00007f652d54ca48
0x00007f6531a8cd00:   0000000000000000 00007f652d54ca48
0x00007f6531a8cd10:   00007f6531a8cdc8 00007f652800b000
0x00007f6531a8cd20:   00007f6531a8cd90 00007f6519017a34
0x00007f6531a8cd30:   00007f6531a8cd90 00007f65190177b9
0x00007f6531a8cd40:   00007f652800b000 00007f6519017782
0x00007f6531a8cd50:   00007f6531a8cd50 00007f652d54ca48
0x00007f6531a8cd60:   00007f6531a8cdc8 00007f652d54ffe0
0x00007f6531a8cd70:   0000000000000000 00007f652d54ca48
0x00007f6531a8cd80:   0000000000000000 00007f6531a8cdb0
0x00007f6531a8cd90:   00007f6531a8ce10 00007f6519008040
0x00007f6531a8cda0:   00000000d7327d60 00007f651901153b
0x00007f6531a8cdb0:   00000000d74f5ae8 00000000d6ff7e80
0x00007f6531a8cdc0:   00007f65282a0e40 00007f6519007dd0
0x00007f6531a8cdd0:   00007f6531a8cdd0 00007f652d6e60b4
0x00007f6531a8cde0:   00007f6531a8ce28 00007f652d6eebc0
0x00007f6531a8cdf0:   0000000000000000 00007f652d6e6158
0x00007f6531a8ce00:   00007f6531a8cdb0 00007f6531a8ce30 

Instructions: (pc=0x00007f6531686d44)
0x00007f6531686d24:   f0 02 00 00 00 00 00 00 b8 82 00 00 00 e9 d8 f9
0x00007f6531686d34:   ff ff 66 2e 0f 1f 84 00 00 00 00 00 48 83 ec 08
0x00007f6531686d44:   8b 57 10 89 d1 81 e1 7f 01 00 00 90 89 d0 83 e0
0x00007f6531686d54:   7c 0f 85 95 00 00 00 85 c9 49 89 f8 0f 85 9a 00 

Register to memory mapping:

RAX=0x00007f64e380d370: <offset 0x2b370> in /usr/lib/x86_64-linux-gnu/libX11.so.6 at 0x00007f64e37e2000
RBX=0x00007f65282fa550 is an unknown value
RCX=0x0000000000000192 is an unknown value
RDX=0x00007f6531a8cca0 is pointing into the stack for thread: 0x00007f652800b000
RSP=0x00007f6531a8cc10 is pointing into the stack for thread: 0x00007f652800b000
RBP=0x00007f6531a8cc80 is pointing into the stack for thread: 0x00007f652800b000
RSI=0x00007f6531a8cc90 is pointing into the stack for thread: 0x00007f652800b000
RDI=0x0000000000000000 is an unknown value
R8 =0x00007f6531a8cc80 is pointing into the stack for thread: 0x00007f652800b000
R9 =0x00007f65282f62c2 is an unknown value
R10=0x00007f64e3892447: <offset 0xb0447> in /usr/lib/x86_64-linux-gnu/libX11.so.6 at 0x00007f64e37e2000
R11=0x0000000000000065 is an unknown value
R12=0x00007f6531a8cc7c is pointing into the stack for thread: 0x00007f652800b000
R13=0x00007f6531a8cdb8 is pointing into the stack for thread: 0x00007f652800b000
R14=0x00007f6531a8cdb0 is pointing into the stack for thread: 0x00007f652800b000
R15=0x00007f652800b1f8 is an unknown value


Stack: [0x00007f653198e000,0x00007f6531a8f000],  sp=0x00007f6531a8cc10,  free space=1019k
Native frames: (J=compiled Java code, j=interpreted, Vv=VM code, C=native code)
C  [libpthread.so.0+0x9d44]  pthread_mutex_lock+0x4
C  0x696c4369746c756d

Java frames: (J=compiled Java code, j=interpreted, Vv=VM code)
j  sun.awt.X11.XlibWrapper.XGetDefault(JLjava/lang/String;Ljava/lang/String;)Ljava/lang/String;+0
j  sun.awt.X11.XToolkit.initializeMultiClickTime()V+12
j  sun.awt.X11.XToolkit.getMultiClickTime()I+6
j  sun.awt.X11.XToolkit.initializeDesktopProperties()V+82
j  java.awt.Toolkit.getDesktopProperty(Ljava/lang/String;)Ljava/lang/Object;+32
j  sun.swing.SwingUtilities2$AATextInfo.getAATextInfo(Z)Lsun/swing/SwingUtilities2$AATextInfo;+11
j  javax.swing.plaf.metal.MetalLookAndFeel.initComponentDefaults(Ljavax/swing/UIDefaults;)V+12062
j  javax.swing.plaf.basic.BasicLookAndFeel.getDefaults()Ljavax/swing/UIDefaults;+25
j  javax.swing.plaf.metal.MetalLookAndFeel.getDefaults()Ljavax/swing/UIDefaults;+9
j  javax.swing.UIManager.setLookAndFeel(Ljavax/swing/LookAndFeel;)V+79
j  javax.swing.UIManager.setLookAndFeel(Ljava/lang/String;)V+16
j  javax.swing.UIManager.initializeDefaultLAF(Ljava/util/Properties;)V+55
j  javax.swing.UIManager.initialize()V+9
j  javax.swing.UIManager.maybeInitialize()V+22
j  javax.swing.UIManager.getUI(Ljavax/swing/JComponent;)Ljavax/swing/plaf/ComponentUI;+0
j  javax.swing.JPanel.updateUI()V+2
j  javax.swing.JPanel.<init>(Ljava/awt/LayoutManager;Z)V+24
j  javax.swing.JPanel.<init>(Z)V+9
j  javax.swing.JPanel.<init>()V+2
j  javax.swing.JRootPane.createGlassPane()Ljava/awt/Component;+4
j  javax.swing.JRootPane.<init>()V+11
j  javax.swing.JFrame.createRootPane()Ljavax/swing/JRootPane;+4
j  javax.swing.JFrame.frameInit()V+16
j  javax.swing.JFrame.<init>(Ljava/lang/String;)V+21
j  engineTest.Main.<init>()V+3
j  engineTest.Main.main([Ljava/lang/String;)V+20
v  ~StubRoutines::call_stub

---------------  P R O C E S S  ---------------

Java Threads: ( => current thread )
  0x00007f6528302800 JavaThread "AWT-XAWT" daemon [_thread_in_native, id=6324, stack(0x00007f64e167e000,0x00007f64e177f000)]
  0x00007f65282e0000 JavaThread "Java2D Disposer" daemon [_thread_blocked, id=6323, stack(0x00007f64e1ddc000,0x00007f64e1edd000)]
  0x00007f652829a000 JavaThread "Thread-0" [_thread_in_native, id=6322, stack(0x00007f64e2a95000,0x00007f64e2b96000)]
  0x00007f65280c2800 JavaThread "Service Thread" daemon [_thread_blocked, id=6319, stack(0x00007f651819f000,0x00007f65182a0000)]
  0x00007f65280bf800 JavaThread "C1 CompilerThread2" daemon [_thread_blocked, id=6318, stack(0x00007f65182a0000,0x00007f65183a1000)]
  0x00007f65280bd800 JavaThread "C2 CompilerThread1" daemon [_thread_blocked, id=6317, stack(0x00007f65183a1000,0x00007f65184a2000)]
  0x00007f65280bb000 JavaThread "C2 CompilerThread0" daemon [_thread_blocked, id=6316, stack(0x00007f65184a2000,0x00007f65185a3000)]
  0x00007f65280b9800 JavaThread "Signal Dispatcher" daemon [_thread_blocked, id=6315, stack(0x00007f65185a3000,0x00007f65186a4000)]
  0x00007f6528085000 JavaThread "Finalizer" daemon [_thread_blocked, id=6314, stack(0x00007f6518afb000,0x00007f6518bfc000)]
  0x00007f6528080800 JavaThread "Reference Handler" daemon [_thread_blocked, id=6313, stack(0x00007f6518bfc000,0x00007f6518cfd000)]
=>0x00007f652800b000 JavaThread "main" [_thread_in_native, id=6304, stack(0x00007f653198e000,0x00007f6531a8f000)]

Other Threads:
  0x00007f6528079000 VMThread [stack: 0x00007f6518cfd000,0x00007f6518dfe000] [id=6312]
  0x00007f65280c5800 WatcherThread [stack: 0x00007f651809e000,0x00007f651819f000] [id=6320]

VM state:not at safepoint (normal execution)

VM Mutex/Monitor currently owned by a thread: None

Heap:
 PSYoungGen      total 36864K, used 7619K [0x00000000d6f80000, 0x00000000d9880000, 0x0000000100000000)
  eden space 31744K, 24% used [0x00000000d6f80000,0x00000000d76f0c78,0x00000000d8e80000)
  from space 5120K, 0% used [0x00000000d9380000,0x00000000d9380000,0x00000000d9880000)
  to   space 5120K, 0% used [0x00000000d8e80000,0x00000000d8e80000,0x00000000d9380000)
 ParOldGen       total 84992K, used 0K [0x0000000084e00000, 0x000000008a100000, 0x00000000d6f80000)
  object space 84992K, 0% used [0x0000000084e00000,0x0000000084e00000,0x000000008a100000)
 Metaspace       used 8397K, capacity 8562K, committed 8704K, reserved 1056768K
  class space    used 913K, capacity 1000K, committed 1024K, reserved 1048576K

Card table byte_map: [0x00007f652e36a000,0x00007f652e744000] byte_map_base: 0x00007f652df43000

Marking Bits: (ParMarkBitMap*) 0x00007f6530e6d220
 Begin Bits: [0x00007f6508270000, 0x00007f650a138000)
 End Bits:   [0x00007f650a138000, 0x00007f650c000000)

Polling page: 0x00007f6531abc000

CodeCache: size=245760Kb used=2253Kb max_used=2253Kb free=243507Kb
 bounds [0x00007f6519000000, 0x00007f6519270000, 0x00007f6528000000]
 total_blobs=1224 nmethods=438 adapters=700
 compilation: enabled

Compilation events (10 events):
Event: 0,373 Thread 0x00007f65280bf800  434       3       java.lang.invoke.MethodType::toMethodDescriptorString (21 bytes)
Event: 0,374 Thread 0x00007f65280bf800 nmethod 434 0x00007f65192312d0 code [0x00007f65192314e0, 0x00007f6519231fd8]
Event: 0,375 Thread 0x00007f65280bf800  435       3       java.lang.reflect.Modifier::isFinal (13 bytes)
Event: 0,375 Thread 0x00007f65280bf800 nmethod 435 0x00007f6519232710 code [0x00007f6519232880, 0x00007f6519232a10]
Event: 0,376 Thread 0x00007f65280bf800  436       3       java.lang.invoke.MethodType$ConcurrentWeakInternSet$WeakEntry::equals (49 bytes)
Event: 0,376 Thread 0x00007f65280bf800 nmethod 436 0x00007f6519232a90 code [0x00007f6519232c20, 0x00007f6519233288]
Event: 0,376 Thread 0x00007f65280bf800  437       3       jdk.internal.org.objectweb.asm.Item::<init> (5 bytes)
Event: 0,377 Thread 0x00007f65280bf800 nmethod 437 0x00007f6519233390 code [0x00007f6519233500, 0x00007f65192336b0]
Event: 0,377 Thread 0x00007f65280bf800  438       3       java.lang.reflect.Modifier::isPublic (12 bytes)
Event: 0,377 Thread 0x00007f65280bf800 nmethod 438 0x00007f6519233750 code [0x00007f65192338c0, 0x00007f6519233a50]

GC Heap History (0 events):
No events

Deoptimization events (1 events):
Event: 0,188 Thread 0x00007f652800b000 Uncommon trap: reason=null_check action=make_not_entrant pc=0x00007f6519170b44 method=java.lang.String.equals(Ljava/lang/Object;)Z @ 8

Internal exceptions (10 events):
Event: 0,026 Thread 0x00007f652800b000 Exception <a 'java/lang/NoSuchMethodError': Method sun.misc.Unsafe.prefetchRead(Ljava/lang/Object;J)V name or signature does not match> (0x00000000d6f87f60) thrown at [/HUDSON3/workspace/8-2-build-linux-amd64/jdk8u111/7883/hotspot/src/share/vm/prims/jni.c
Event: 0,086 Thread 0x00007f652800b000 Exception <a 'java/security/PrivilegedActionException'> (0x00000000d7012588) thrown at [/HUDSON3/workspace/8-2-build-linux-amd64/jdk8u111/7883/hotspot/src/share/vm/prims/jvm.cpp, line 1386]
Event: 0,086 Thread 0x00007f652800b000 Exception <a 'java/security/PrivilegedActionException'> (0x00000000d7012798) thrown at [/HUDSON3/workspace/8-2-build-linux-amd64/jdk8u111/7883/hotspot/src/share/vm/prims/jvm.cpp, line 1386]
Event: 0,087 Thread 0x00007f652800b000 Exception <a 'java/security/PrivilegedActionException'> (0x00000000d7014bd8) thrown at [/HUDSON3/workspace/8-2-build-linux-amd64/jdk8u111/7883/hotspot/src/share/vm/prims/jvm.cpp, line 1386]
Event: 0,087 Thread 0x00007f652800b000 Exception <a 'java/security/PrivilegedActionException'> (0x00000000d7014de8) thrown at [/HUDSON3/workspace/8-2-build-linux-amd64/jdk8u111/7883/hotspot/src/share/vm/prims/jvm.cpp, line 1386]
Event: 0,146 Thread 0x00007f652800b000 Exception <a 'java/lang/NoSuchFieldError': method resolution failed> (0x00000000d7180298) thrown at [/HUDSON3/workspace/8-2-build-linux-amd64/jdk8u111/7883/hotspot/src/share/vm/prims/methodHandles.cpp, line 1146]
Event: 0,148 Thread 0x00007f652800b000 Exception <a 'java/lang/NoSuchFieldError': method resolution failed> (0x00000000d718da68) thrown at [/HUDSON3/workspace/8-2-build-linux-amd64/jdk8u111/7883/hotspot/src/share/vm/prims/methodHandles.cpp, line 1146]
Event: 0,177 Thread 0x00007f652800b000 Exception <a 'java/io/FileNotFoundException'> (0x00000000d720dce0) thrown at [/HUDSON3/workspace/8-2-build-linux-amd64/jdk8u111/7883/hotspot/src/share/vm/prims/jni.cpp, line 709]
Event: 0,177 Thread 0x00007f652800b000 Exception <a 'java/io/FileNotFoundException'> (0x00000000d720e698) thrown at [/HUDSON3/workspace/8-2-build-linux-amd64/jdk8u111/7883/hotspot/src/share/vm/prims/jni.cpp, line 709]
Event: 0,188 Thread 0x00007f652800b000 Implicit null exception at 0x00007f6519170962 to 0x00007f6519170b35

Events (10 events):
Event: 0,369 loading class javax/swing/plaf/DimensionUIResource
Event: 0,370 loading class javax/swing/plaf/DimensionUIResource done
Event: 0,370 loading class javax/swing/UIDefaults$LazyInputMap
Event: 0,370 loading class javax/swing/UIDefaults$LazyInputMap done
Event: 0,374 loading class javax/swing/plaf/metal/MetalLookAndFeel$FontActiveValue
Event: 0,374 loading class javax/swing/plaf/metal/MetalLookAndFeel$FontActiveValue done
Event: 0,377 loading class sun/swing/SwingUtilities2$AATextInfo
Event: 0,377 loading class sun/swing/SwingUtilities2$AATextInfo done
Event: 0,377 loading class sun/awt/HeadlessToolkit
Event: 0,378 loading class sun/awt/HeadlessToolkit done


Dynamic libraries:
00400000-00401000 r-xp 00000000 08:15 12855452                           /usr/lib/jvm/java-8-oracle/bin/java
00600000-00601000 rw-p 00000000 08:15 12855452                           /usr/lib/jvm/java-8-oracle/bin/java
01787000-017a8000 rw-p 00000000 00:00 0                                  [heap]
84e00000-8a100000 rw-p 00000000 00:00 0 
8a100000-d6f80000 ---p 00000000 00:00 0 
d6f80000-d9880000 rw-p 00000000 00:00 0 
d9880000-100000000 ---p 00000000 00:00 0 
100000000-100100000 rw-p 00000000 00:00 0 
100100000-140000000 ---p 00000000 00:00 0 
7f64d0000000-7f64d0021000 rw-p 00000000 00:00 0 
7f64d0021000-7f64d4000000 ---p 00000000 00:00 0 
7f64d4000000-7f64d4021000 rw-p 00000000 00:00 0 
7f64d4021000-7f64d8000000 ---p 00000000 00:00 0 
7f64d8000000-7f64d8256000 rw-p 00000000 00:00 0 
7f64d8256000-7f64dc000000 ---p 00000000 00:00 0 
7f64dc000000-7f64dc021000 rw-p 00000000 00:00 0 
7f64dc021000-7f64e0000000 ---p 00000000 00:00 0 
7f64e07ca000-7f64e07cb000 r-xp 00000000 08:15 12329465                   /usr/lib/x86_64-linux-gnu/libX11-xcb.so.1.0.0
7f64e07cb000-7f64e09ca000 ---p 00001000 08:15 12329465                   /usr/lib/x86_64-linux-gnu/libX11-xcb.so.1.0.0
7f64e09ca000-7f64e09cb000 r--p 00000000 08:15 12329465                   /usr/lib/x86_64-linux-gnu/libX11-xcb.so.1.0.0
7f64e09cb000-7f64e09cc000 rw-p 00001000 08:15 12329465                   /usr/lib/x86_64-linux-gnu/libX11-xcb.so.1.0.0
7f64e09cc000-7f64e09d1000 r-xp 00000000 08:15 12329520                   /usr/lib/x86_64-linux-gnu/libXxf86vm.so.1.0.0
7f64e09d1000-7f64e0bd0000 ---p 00005000 08:15 12329520                   /usr/lib/x86_64-linux-gnu/libXxf86vm.so.1.0.0
7f64e0bd0000-7f64e0bd1000 r--p 00004000 08:15 12329520                   /usr/lib/x86_64-linux-gnu/libXxf86vm.so.1.0.0
7f64e0bd1000-7f64e0bd2000 rw-p 00005000 08:15 12329520                   /usr/lib/x86_64-linux-gnu/libXxf86vm.so.1.0.0
7f64e0bd2000-7f64e0bd4000 r-xp 00000000 08:15 12329494                   /usr/lib/x86_64-linux-gnu/libXinerama.so.1.0.0
7f64e0bd4000-7f64e0dd3000 ---p 00002000 08:15 12329494                   /usr/lib/x86_64-linux-gnu/libXinerama.so.1.0.0
7f64e0dd3000-7f64e0dd4000 r--p 00001000 08:15 12329494                   /usr/lib/x86_64-linux-gnu/libXinerama.so.1.0.0
7f64e0dd4000-7f64e0dd5000 rw-p 00002000 08:15 12329494                   /usr/lib/x86_64-linux-gnu/libXinerama.so.1.0.0
7f64e0dd5000-7f64e0ddf000 r-xp 00000000 08:15 12329502                   /usr/lib/x86_64-linux-gnu/libXrandr.so.2.2.0
7f64e0ddf000-7f64e0fde000 ---p 0000a000 08:15 12329502                   /usr/lib/x86_64-linux-gnu/libXrandr.so.2.2.0
7f64e0fde000-7f64e0fdf000 r--p 00009000 08:15 12329502                   /usr/lib/x86_64-linux-gnu/libXrandr.so.2.2.0
7f64e0fdf000-7f64e0fe0000 rw-p 0000a000 08:15 12329502                   /usr/lib/x86_64-linux-gnu/libXrandr.so.2.2.0
7f64e0fe0000-7f64e0ffe000 r-xp 00000000 08:15 1466952                    /tmp/lwjglnokorot/3.1.1-build-16/libglfw.so
7f64e0ffe000-7f64e11fd000 ---p 0001e000 08:15 1466952                    /tmp/lwjglnokorot/3.1.1-build-16/libglfw.so
7f64e11fd000-7f64e11fe000 r--p 0001d000 08:15 1466952                    /tmp/lwjglnokorot/3.1.1-build-16/libglfw.so
7f64e11fe000-7f64e11ff000 rw-p 0001e000 08:15 1466952                    /tmp/lwjglnokorot/3.1.1-build-16/libglfw.so
7f64e11ff000-7f64e1200000 rw-p 00000000 00:00 0 
7f64e1200000-7f64e1400000 rw-p 00000000 00:00 0 
7f64e1441000-7f64e147a000 r-xp 00000000 08:15 1466951                    /tmp/lwjglnokorot/3.1.1-build-16/libjemalloc.so
7f64e147a000-7f64e1679000 ---p 00039000 08:15 1466951                    /tmp/lwjglnokorot/3.1.1-build-16/libjemalloc.so
7f64e1679000-7f64e167c000 r--p 00038000 08:15 1466951                    /tmp/lwjglnokorot/3.1.1-build-16/libjemalloc.so
7f64e167c000-7f64e167d000 rw-p 0003b000 08:15 1466951                    /tmp/lwjglnokorot/3.1.1-build-16/libjemalloc.so
7f64e167d000-7f64e167e000 rw-p 00000000 00:00 0 
7f64e167e000-7f64e1681000 ---p 00000000 00:00 0 
7f64e1681000-7f64e177f000 rw-p 00000000 00:00 0 
7f64e177f000-7f64e17ca000 r-xp 00000000 08:15 1466950                    /tmp/lwjglnokorot/3.1.1-build-16/liblwjgl.so
7f64e17ca000-7f64e19ca000 ---p 0004b000 08:15 1466950                    /tmp/lwjglnokorot/3.1.1-build-16/liblwjgl.so
7f64e19ca000-7f64e19cb000 r--p 0004b000 08:15 1466950                    /tmp/lwjglnokorot/3.1.1-build-16/liblwjgl.so
7f64e19cb000-7f64e19cc000 rw-p 0004c000 08:15 1466950                    /tmp/lwjglnokorot/3.1.1-build-16/liblwjgl.so
7f64e19cc000-7f64e19d1000 r-xp 00000000 08:15 12329486                   /usr/lib/x86_64-linux-gnu/libXfixes.so.3.1.0
7f64e19d1000-7f64e1bd0000 ---p 00005000 08:15 12329486                   /usr/lib/x86_64-linux-gnu/libXfixes.so.3.1.0
7f64e1bd0000-7f64e1bd1000 r--p 00004000 08:15 12329486                   /usr/lib/x86_64-linux-gnu/libXfixes.so.3.1.0
7f64e1bd1000-7f64e1bd2000 rw-p 00005000 08:15 12329486                   /usr/lib/x86_64-linux-gnu/libXfixes.so.3.1.0
7f64e1bd2000-7f64e1bdb000 r-xp 00000000 08:15 12329478                   /usr/lib/x86_64-linux-gnu/libXcursor.so.1.0.2
7f64e1bdb000-7f64e1dda000 ---p 00009000 08:15 12329478                   /usr/lib/x86_64-linux-gnu/libXcursor.so.1.0.2
7f64e1dda000-7f64e1ddb000 r--p 00008000 08:15 12329478                   /usr/lib/x86_64-linux-gnu/libXcursor.so.1.0.2
7f64e1ddb000-7f64e1ddc000 rw-p 00009000 08:15 12329478                   /usr/lib/x86_64-linux-gnu/libXcursor.so.1.0.2
7f64e1ddc000-7f64e1ddf000 ---p 00000000 00:00 0 
7f64e1ddf000-7f64e21de000 rw-p 00000000 00:00 0 
7f64e21de000-7f64e21f4000 r-xp 00000000 08:15 12980356                   /usr/lib/jvm/java-8-oracle/jre/lib/amd64/libnet.so
7f64e21f4000-7f64e23f4000 ---p 00016000 08:15 12980356                   /usr/lib/jvm/java-8-oracle/jre/lib/amd64/libnet.so
7f64e23f4000-7f64e23f5000 rw-p 00016000 08:15 12980356                   /usr/lib/jvm/java-8-oracle/jre/lib/amd64/libnet.so
7f64e23f5000-7f64e2406000 r-xp 00000000 08:15 12980591                   /usr/lib/jvm/java-8-oracle/jre/lib/amd64/libnio.so
7f64e2406000-7f64e2605000 ---p 00011000 08:15 12980591                   /usr/lib/jvm/java-8-oracle/jre/lib/amd64/libnio.so
7f64e2605000-7f64e2606000 rw-p 00010000 08:15 12980591                   /usr/lib/jvm/java-8-oracle/jre/lib/amd64/libnio.so
7f64e2606000-7f64e261c000 r-xp 00000000 08:15 7082441                    /lib/x86_64-linux-gnu/libgcc_s.so.1
7f64e261c000-7f64e281b000 ---p 00016000 08:15 7082441                    /lib/x86_64-linux-gnu/libgcc_s.so.1
7f64e281b000-7f64e281c000 rw-p 00015000 08:15 7082441                    /lib/x86_64-linux-gnu/libgcc_s.so.1
7f64e281c000-7f64e2881000 r-xp 00000000 08:15 12980585                   /usr/lib/jvm/java-8-oracle/jre/lib/amd64/libfontmanager.so
7f64e2881000-7f64e2a80000 ---p 00065000 08:15 12980585                   /usr/lib/jvm/java-8-oracle/jre/lib/amd64/libfontmanager.so
7f64e2a80000-7f64e2a85000 rw-p 00064000 08:15 12980585                   /usr/lib/jvm/java-8-oracle/jre/lib/amd64/libfontmanager.so
7f64e2a85000-7f64e2a95000 rw-p 00000000 00:00 0 
7f64e2a95000-7f64e2a98000 ---p 00000000 00:00 0 
7f64e2a98000-7f64e2b96000 rw-p 00000000 00:00 0 
7f64e2b96000-7f64e2b9b000 r-xp 00000000 08:15 12329482                   /usr/lib/x86_64-linux-gnu/libXdmcp.so.6.0.0
7f64e2b9b000-7f64e2d9a000 ---p 00005000 08:15 12329482                   /usr/lib/x86_64-linux-gnu/libXdmcp.so.6.0.0
7f64e2d9a000-7f64e2d9b000 r--p 00004000 08:15 12329482                   /usr/lib/x86_64-linux-gnu/libXdmcp.so.6.0.0
7f64e2d9b000-7f64e2d9c000 rw-p 00005000 08:15 12329482                   /usr/lib/x86_64-linux-gnu/libXdmcp.so.6.0.0
7f64e2d9c000-7f64e2d9e000 r-xp 00000000 08:15 12329471                   /usr/lib/x86_64-linux-gnu/libXau.so.6.0.0
7f64e2d9e000-7f64e2f9e000 ---p 00002000 08:15 12329471                   /usr/lib/x86_64-linux-gnu/libXau.so.6.0.0
7f64e2f9e000-7f64e2f9f000 r--p 00002000 08:15 12329471                   /usr/lib/x86_64-linux-gnu/libXau.so.6.0.0
7f64e2f9f000-7f64e2fa0000 rw-p 00003000 08:15 12329471                   /usr/lib/x86_64-linux-gnu/libXau.so.6.0.0
7f64e2fa0000-7f64e2fc1000 r-xp 00000000 08:15 12330820                   /usr/lib/x86_64-linux-gnu/libxcb.so.1.1.0
7f64e2fc1000-7f64e31c0000 ---p 00021000 08:15 12330820                   /usr/lib/x86_64-linux-gnu/libxcb.so.1.1.0
7f64e31c0000-7f64e31c1000 r--p 00020000 08:15 12330820                   /usr/lib/x86_64-linux-gnu/libxcb.so.1.1.0
7f64e31c1000-7f64e31c2000 rw-p 00021000 08:15 12330820                   /usr/lib/x86_64-linux-gnu/libxcb.so.1.1.0
7f64e31c2000-7f64e31d1000 r-xp 00000000 08:15 12329492                   /usr/lib/x86_64-linux-gnu/libXi.so.6.1.0
7f64e31d1000-7f64e33d0000 ---p 0000f000 08:15 12329492                   /usr/lib/x86_64-linux-gnu/libXi.so.6.1.0
7f64e33d0000-7f64e33d1000 r--p 0000e000 08:15 12329492                   /usr/lib/x86_64-linux-gnu/libXi.so.6.1.0
7f64e33d1000-7f64e33d2000 rw-p 0000f000 08:15 12329492                   /usr/lib/x86_64-linux-gnu/libXi.so.6.1.0
7f64e33d2000-7f64e33d7000 r-xp 00000000 08:15 12329510                   /usr/lib/x86_64-linux-gnu/libXtst.so.6.1.0
7f64e33d7000-7f64e35d6000 ---p 00005000 08:15 12329510                   /usr/lib/x86_64-linux-gnu/libXtst.so.6.1.0
7f64e35d6000-7f64e35d7000 r--p 00004000 08:15 12329510                   /usr/lib/x86_64-linux-gnu/libXtst.so.6.1.0
7f64e35d7000-7f64e35d8000 rw-p 00005000 08:15 12329510                   /usr/lib/x86_64-linux-gnu/libXtst.so.6.1.0
7f64e35d8000-7f64e35e1000 r-xp 00000000 08:15 12329504                   /usr/lib/x86_64-linux-gnu/libXrender.so.1.3.0
7f64e35e1000-7f64e37e0000 ---p 00009000 08:15 12329504                   /usr/lib/x86_64-linux-gnu/libXrender.so.1.3.0
7f64e37e0000-7f64e37e1000 r--p 00008000 08:15 12329504                   /usr/lib/x86_64-linux-gnu/libXrender.so.1.3.0
7f64e37e1000-7f64e37e2000 rw-p 00009000 08:15 12329504                   /usr/lib/x86_64-linux-gnu/libXrender.so.1.3.0
7f64e37e2000-7f64e3917000 r-xp 00000000 08:15 12329467                   /usr/lib/x86_64-linux-gnu/libX11.so.6.3.0
7f64e3917000-7f64e3b17000 ---p 00135000 08:15 12329467                   /usr/lib/x86_64-linux-gnu/libX11.so.6.3.0
7f64e3b17000-7f64e3b18000 r--p 00135000 08:15 12329467                   /usr/lib/x86_64-linux-gnu/libX11.so.6.3.0
7f64e3b18000-7f64e3b1c000 rw-p 00136000 08:15 12329467                   /usr/lib/x86_64-linux-gnu/libX11.so.6.3.0
7f64e3b1c000-7f64e3b2d000 r-xp 00000000 08:15 12329484                   /usr/lib/x86_64-linux-gnu/libXext.so.6.4.0
7f64e3b2d000-7f64e3d2c000 ---p 00011000 08:15 12329484                   /usr/lib/x86_64-linux-gnu/libXext.so.6.4.0
7f64e3d2c000-7f64e3d2d000 r--p 00010000 08:15 12329484                   /usr/lib/x86_64-linux-gnu/libXext.so.6.4.0
7f64e3d2d000-7f64e3d2e000 rw-p 00011000 08:15 12329484                   /usr/lib/x86_64-linux-gnu/libXext.so.6.4.0
7f64e3d2e000-7f64e3dd0000 r-xp 00000000 08:15 12980626                   /usr/lib/jvm/java-8-oracle/jre/lib/amd64/libawt.so
7f64e3dd0000-7f64e3fd0000 ---p 000a2000 08:15 12980626                   /usr/lib/jvm/java-8-oracle/jre/lib/amd64/libawt.so
7f64e3fd0000-7f64e3fdc000 rw-p 000a2000 08:15 12980626                   /usr/lib/jvm/java-8-oracle/jre/lib/amd64/libawt.so
7f64e3fdc000-7f64e4000000 rw-p 00000000 00:00 0 
7f64e4000000-7f64e41fa000 rw-p 00000000 00:00 0 
7f64e41fa000-7f64e8000000 ---p 00000000 00:00 0 
7f64e8000000-7f64e8021000 rw-p 00000000 00:00 0 
7f64e8021000-7f64ec000000 ---p 00000000 00:00 0 
7f64ec000000-7f64ec0d3000 rw-p 00000000 00:00 0 
7f64ec0d3000-7f64f0000000 ---p 00000000 00:00 0 
7f64f0000000-7f64f0071000 rw-p 00000000 00:00 0 
7f64f0071000-7f64f4000000 ---p 00000000 00:00 0 
7f64f4000000-7f64f4021000 rw-p 00000000 00:00 0 
7f64f4021000-7f64f8000000 ---p 00000000 00:00 0 
7f64f8000000-7f64f8021000 rw-p 00000000 00:00 0 
7f64f8021000-7f64fc000000 ---p 00000000 00:00 0 
7f64fc000000-7f64fc021000 rw-p 00000000 00:00 0 
7f64fc021000-7f6500000000 ---p 00000000 00:00 0 
7f6500000000-7f6500021000 rw-p 00000000 00:00 0 
7f6500021000-7f6504000000 ---p 00000000 00:00 0 
7f6504000000-7f6504021000 rw-p 00000000 00:00 0 
7f6504021000-7f6508000000 ---p 00000000 00:00 0 
7f6508017000-7f650806b000 r-xp 00000000 08:15 12980593                   /usr/lib/jvm/java-8-oracle/jre/lib/amd64/libawt_xawt.so
7f650806b000-7f650826b000 ---p 00054000 08:15 12980593                   /usr/lib/jvm/java-8-oracle/jre/lib/amd64/libawt_xawt.so
7f650826b000-7f650826f000 rw-p 00054000 08:15 12980593                   /usr/lib/jvm/java-8-oracle/jre/lib/amd64/libawt_xawt.so
7f650826f000-7f650c000000 rw-p 00000000 00:00 0 
7f650c000000-7f650c021000 rw-p 00000000 00:00 0 
7f650c021000-7f6510000000 ---p 00000000 00:00 0 
7f6510000000-7f6510021000 rw-p 00000000 00:00 0 
7f6510021000-7f6514000000 ---p 00000000 00:00 0 
7f6514000000-7f6514021000 rw-p 00000000 00:00 0 
7f6514021000-7f6518000000 ---p 00000000 00:00 0 
7f651809e000-7f651809f000 ---p 00000000 00:00 0 
7f651809f000-7f651819f000 rw-p 00000000 00:00 0 
7f651819f000-7f65181a2000 ---p 00000000 00:00 0 
7f65181a2000-7f65182a0000 rw-p 00000000 00:00 0 
7f65182a0000-7f65182a3000 ---p 00000000 00:00 0 
7f65182a3000-7f65183a1000 rw-p 00000000 00:00 0 
7f65183a1000-7f65183a4000 ---p 00000000 00:00 0 
7f65183a4000-7f65184a2000 rw-p 00000000 00:00 0 
7f65184a2000-7f65184a5000 ---p 00000000 00:00 0 
7f65184a5000-7f65185a3000 rw-p 00000000 00:00 0 
7f65185a3000-7f65185a6000 ---p 00000000 00:00 0 
7f65185a6000-7f65186a4000 rw-p 00000000 00:00 0 
7f65186a4000-7f6518afb000 r--p 00000000 08:15 12322328                   /usr/lib/locale/locale-archive
7f6518afb000-7f6518afe000 ---p 00000000 00:00 0 
7f6518afe000-7f6518bfc000 rw-p 00000000 00:00 0 
7f6518bfc000-7f6518bff000 ---p 00000000 00:00 0 
7f6518bff000-7f6518cfd000 rw-p 00000000 00:00 0 
7f6518cfd000-7f6518cfe000 ---p 00000000 00:00 0 
7f6518cfe000-7f6519000000 rw-p 00000000 00:00 0 
7f6519000000-7f6519270000 rwxp 00000000 00:00 0 
7f6519270000-7f6528000000 ---p 00000000 00:00 0 
7f6528000000-7f6528444000 rw-p 00000000 00:00 0 
7f6528444000-7f652c000000 ---p 00000000 00:00 0 
7f652c087000-7f652c08e000 r--s 00000000 08:15 12594715                   /usr/lib/x86_64-linux-gnu/gconv/gconv-modules.cache
7f652c08e000-7f652c08f000 rwxp 00000000 00:00 0 
7f652c08f000-7f652c090000 r--s 00004000 08:15 13654818                   /home/nokorot/Workspace/Java/PS/PS 3.0.0/LWJGL3/lwjgl-xxhash.jar
7f652c090000-7f652c091000 r--s 00001000 08:15 13654817                   /home/nokorot/Workspace/Java/PS/PS 3.0.0/LWJGL3/lwjgl-xxhash-natives-linux.jar
7f652c091000-7f652c09a000 r--s 000a6000 08:15 13654825                   /home/nokorot/Workspace/Java/PS/PS 3.0.0/LWJGL3/lwjgl-vulkan.jar
7f652c09a000-7f652c09f000 r--s 000ac000 08:15 13654824                   /home/nokorot/Workspace/Java/PS/PS 3.0.0/LWJGL3/lwjgl-vulkan-sources.jar
7f652c09f000-7f652c0a0000 r--s 00001000 08:15 13654813                   /home/nokorot/Workspace/Java/PS/PS 3.0.0/LWJGL3/lwjgl-tinyfd.jar
7f652c0a0000-7f652c0a1000 r--s 00007000 08:15 13654815                   /home/nokorot/Workspace/Java/PS/PS 3.0.0/LWJGL3/lwjgl-tinyfd-natives-linux.jar
7f652c0a1000-7f652c0a4000 r--s 00012000 08:15 13654809                   /home/nokorot/Workspace/Java/PS/PS 3.0.0/LWJGL3/lwjgl-stb.jar
7f652c0a4000-7f652c0a5000 r--s 0002c000 08:15 13654808                   /home/nokorot/Workspace/Java/PS/PS 3.0.0/LWJGL3/lwjgl-stb-natives-linux.jar
7f652c0a5000-7f652c0a6000 r--s 00000000 08:15 13654803                   /home/nokorot/Workspace/Java/PS/PS 3.0.0/LWJGL3/lwjgl-sse.jar
7f652c0a6000-7f652c0a7000 r--s 00000000 08:15 13654802                   /home/nokorot/Workspace/Java/PS/PS 3.0.0/LWJGL3/lwjgl-sse-natives-linux.jar
7f652c0a7000-7f652c0a9000 r--s 00058000 08:15 13654804                   /home/nokorot/Workspace/Java/PS/PS 3.0.0/LWJGL3/lwjgl-sse-javadoc.jar
7f652c0a9000-7f652c0ab000 r--s 00001000 08:15 13654799                   /home/nokorot/Workspace/Java/PS/PS 3.0.0/LWJGL3/lwjgl-par.jar
7f652c0ab000-7f652c0ac000 r--s 00005000 08:15 13654795                   /home/nokorot/Workspace/Java/PS/PS 3.0.0/LWJGL3/lwjgl-par-natives-linux.jar
7f652c0ac000-7f652c0b2000 r--s 00048000 08:15 13654794                   /home/nokorot/Workspace/Java/PS/PS 3.0.0/LWJGL3/lwjgl-opengles.jar
7f652c0b2000-7f652c0b3000 r--s 00007000 08:15 13654792                   /home/nokorot/Workspace/Java/PS/PS 3.0.0/LWJGL3/lwjgl-opengles-natives-linux.jar
7f652c0b3000-7f652c0bc000 r--s 000ba000 08:15 13654797                   /home/nokorot/Workspace/Java/PS/PS 3.0.0/LWJGL3/lwjgl-opengl.jar
7f652c0bc000-7f652c0bd000 r--s 00015000 08:15 13654789                   /home/nokorot/Workspace/Java/PS/PS 3.0.0/LWJGL3/lwjgl-opengl-natives-linux.jar
7f652c0bd000-7f652c0c0000 r--s 00023000 08:15 13654790                   /home/nokorot/Workspace/Java/PS/PS 3.0.0/LWJGL3/lwjgl-opencl.jar
7f652c0c0000-7f652c0c2000 r--s 00010000 08:15 13654776                   /home/nokorot/Workspace/Java/PS/PS 3.0.0/LWJGL3/lwjgl-openal.jar
7f652c0c2000-7f652c0c3000 r--s 0004a000 08:15 13654787                   /home/nokorot/Workspace/Java/PS/PS 3.0.0/LWJGL3/lwjgl-openal-natives-linux.jar
7f652c0c3000-7f652c0c8000 r--s 00054000 08:15 13654782                   /home/nokorot/Workspace/Java/PS/PS 3.0.0/LWJGL3/lwjgl-nuklear.jar
7f652c0c8000-7f652c0c9000 r--s 0001f000 08:15 13654772                   /home/nokorot/Workspace/Java/PS/PS 3.0.0/LWJGL3/lwjgl-nuklear-natives-linux.jar
7f652c0c9000-7f652c0ca000 r--s 00001000 08:15 13654766                   /home/nokorot/Workspace/Java/PS/PS 3.0.0/LWJGL3/lwjgl-nfd.jar
7f652c0ca000-7f652c0cb000 r--s 00001000 08:15 13654764                   /home/nokorot/Workspace/Java/PS/PS 3.0.0/LWJGL3/lwjgl-nfd-natives-linux.jar
7f652c0cb000-7f652c0cc000 r--s 00011000 08:15 13654822                   /home/nokorot/Workspace/Java/PS/PS 3.0.0/LWJGL3/lwjgl-natives-linux.jar
7f652c0cc000-7f652c0ce000 r--s 00008000 08:15 13654756                   /home/nokorot/Workspace/Java/PS/PS 3.0.0/LWJGL3/lwjgl-nanovg.jar
7f652c0ce000-7f652ceae000 rw-p 00000000 00:00 0 
7f652ceae000-7f652d086000 r--s 03d2a000 08:15 12855517                   /usr/lib/jvm/java-8-oracle/jre/lib/rt.jar
7f652d086000-7f652d87c000 rw-p 00000000 00:00 0 
7f652d87c000-7f652d8fc000 ---p 00000000 00:00 0 
7f652d8fc000-7f652dcd5000 rw-p 00000000 00:00 0 
7f652dcd5000-7f652dcd6000 ---p 00000000 00:00 0 
7f652dcd6000-7f652ddd6000 rw-p 00000000 00:00 0 
7f652ddd6000-7f652ddd7000 ---p 00000000 00:00 0 
7f652ddd7000-7f652ded7000 rw-p 00000000 00:00 0 
7f652ded7000-7f652ded8000 ---p 00000000 00:00 0 
7f652ded8000-7f652dfd8000 rw-p 00000000 00:00 0 
7f652dfd8000-7f652dfd9000 ---p 00000000 00:00 0 
7f652dfd9000-7f652e103000 rw-p 00000000 00:00 0 
7f652e103000-7f652e36a000 ---p 00000000 00:00 0 
7f652e36a000-7f652e394000 rw-p 00000000 00:00 0 
7f652e394000-7f652e5fa000 ---p 00000000 00:00 0 
7f652e5fa000-7f652e610000 rw-p 00000000 00:00 0 
7f652e610000-7f652e743000 ---p 00000000 00:00 0 
7f652e743000-7f652e74e000 rw-p 00000000 00:00 0 
7f652e74e000-7f652eb04000 ---p 00000000 00:00 0 
7f652eb04000-7f652eb1e000 r-xp 00000000 08:15 12980589                   /usr/lib/jvm/java-8-oracle/jre/lib/amd64/libzip.so
7f652eb1e000-7f652ed1e000 ---p 0001a000 08:15 12980589                   /usr/lib/jvm/java-8-oracle/jre/lib/amd64/libzip.so
7f652ed1e000-7f652ed1f000 rw-p 0001a000 08:15 12980589                   /usr/lib/jvm/java-8-oracle/jre/lib/amd64/libzip.so
7f652ed1f000-7f652ed2a000 r-xp 00000000 08:15 7082071                    /lib/x86_64-linux-gnu/libnss_files-2.23.so
7f652ed2a000-7f652ef29000 ---p 0000b000 08:15 7082071                    /lib/x86_64-linux-gnu/libnss_files-2.23.so
7f652ef29000-7f652ef2a000 r--p 0000a000 08:15 7082071                    /lib/x86_64-linux-gnu/libnss_files-2.23.so
7f652ef2a000-7f652ef2b000 rw-p 0000b000 08:15 7082071                    /lib/x86_64-linux-gnu/libnss_files-2.23.so
7f652ef2b000-7f652ef31000 rw-p 00000000 00:00 0 
7f652ef31000-7f652ef3c000 r-xp 00000000 08:15 7082047                    /lib/x86_64-linux-gnu/libnss_nis-2.23.so
7f652ef3c000-7f652f13b000 ---p 0000b000 08:15 7082047                    /lib/x86_64-linux-gnu/libnss_nis-2.23.so
7f652f13b000-7f652f13c000 r--p 0000a000 08:15 7082047                    /lib/x86_64-linux-gnu/libnss_nis-2.23.so
7f652f13c000-7f652f13d000 rw-p 0000b000 08:15 7082047                    /lib/x86_64-linux-gnu/libnss_nis-2.23.so
7f652f13d000-7f652f153000 r-xp 00000000 08:15 7082063                    /lib/x86_64-linux-gnu/libnsl-2.23.so
7f652f153000-7f652f352000 ---p 00016000 08:15 7082063                    /lib/x86_64-linux-gnu/libnsl-2.23.so
7f652f352000-7f652f353000 r--p 00015000 08:15 7082063                    /lib/x86_64-linux-gnu/libnsl-2.23.so
7f652f353000-7f652f354000 rw-p 00016000 08:15 7082063                    /lib/x86_64-linux-gnu/libnsl-2.23.so
7f652f354000-7f652f356000 rw-p 00000000 00:00 0 
7f652f356000-7f652f35e000 r-xp 00000000 08:15 7082065                    /lib/x86_64-linux-gnu/libnss_compat-2.23.so
7f652f35e000-7f652f55d000 ---p 00008000 08:15 7082065                    /lib/x86_64-linux-gnu/libnss_compat-2.23.so
7f652f55d000-7f652f55e000 r--p 00007000 08:15 7082065                    /lib/x86_64-linux-gnu/libnss_compat-2.23.so
7f652f55e000-7f652f55f000 rw-p 00008000 08:15 7082065                    /lib/x86_64-linux-gnu/libnss_compat-2.23.so
7f652f55f000-7f652f58a000 r-xp 00000000 08:15 12980616                   /usr/lib/jvm/java-8-oracle/jre/lib/amd64/libjava.so
7f652f58a000-7f652f789000 ---p 0002b000 08:15 12980616                   /usr/lib/jvm/java-8-oracle/jre/lib/amd64/libjava.so
7f652f789000-7f652f78b000 rw-p 0002a000 08:15 12980616                   /usr/lib/jvm/java-8-oracle/jre/lib/amd64/libjava.so
7f652f78b000-7f652f798000 r-xp 00000000 08:15 12980358                   /usr/lib/jvm/java-8-oracle/jre/lib/amd64/libverify.so
7f652f798000-7f652f997000 ---p 0000d000 08:15 12980358                   /usr/lib/jvm/java-8-oracle/jre/lib/amd64/libverify.so
7f652f997000-7f652f999000 rw-p 0000c000 08:15 12980358                   /usr/lib/jvm/java-8-oracle/jre/lib/amd64/libverify.so
7f652f999000-7f652f9a0000 r-xp 00000000 08:15 7082046                    /lib/x86_64-linux-gnu/librt-2.23.so
7f652f9a0000-7f652fb9f000 ---p 00007000 08:15 7082046                    /lib/x86_64-linux-gnu/librt-2.23.so
7f652fb9f000-7f652fba0000 r--p 00006000 08:15 7082046                    /lib/x86_64-linux-gnu/librt-2.23.so
7f652fba0000-7f652fba1000 rw-p 00007000 08:15 7082046                    /lib/x86_64-linux-gnu/librt-2.23.so
7f652fba1000-7f652fca9000 r-xp 00000000 08:15 7082058                    /lib/x86_64-linux-gnu/libm-2.23.so
7f652fca9000-7f652fea8000 ---p 00108000 08:15 7082058                    /lib/x86_64-linux-gnu/libm-2.23.so
7f652fea8000-7f652fea9000 r--p 00107000 08:15 7082058                    /lib/x86_64-linux-gnu/libm-2.23.so
7f652fea9000-7f652feaa000 rw-p 00108000 08:15 7082058                    /lib/x86_64-linux-gnu/libm-2.23.so
7f652feaa000-7f6530b77000 r-xp 00000000 08:15 12980620                   /usr/lib/jvm/java-8-oracle/jre/lib/amd64/server/libjvm.so
7f6530b77000-7f6530d76000 ---p 00ccd000 08:15 12980620                   /usr/lib/jvm/java-8-oracle/jre/lib/amd64/server/libjvm.so
7f6530d76000-7f6530e4f000 rw-p 00ccc000 08:15 12980620                   /usr/lib/jvm/java-8-oracle/jre/lib/amd64/server/libjvm.so
7f6530e4f000-7f6530e9a000 rw-p 00000000 00:00 0 
7f6530e9a000-7f6531059000 r-xp 00000000 08:15 7082051                    /lib/x86_64-linux-gnu/libc-2.23.so
7f6531059000-7f6531259000 ---p 001bf000 08:15 7082051                    /lib/x86_64-linux-gnu/libc-2.23.so
7f6531259000-7f653125d000 r--p 001bf000 08:15 7082051                    /lib/x86_64-linux-gnu/libc-2.23.so
7f653125d000-7f653125f000 rw-p 001c3000 08:15 7082051                    /lib/x86_64-linux-gnu/libc-2.23.so
7f653125f000-7f6531263000 rw-p 00000000 00:00 0 
7f6531263000-7f6531266000 r-xp 00000000 08:15 7082050                    /lib/x86_64-linux-gnu/libdl-2.23.so
7f6531266000-7f6531465000 ---p 00003000 08:15 7082050                    /lib/x86_64-linux-gnu/libdl-2.23.so
7f6531465000-7f6531466000 r--p 00002000 08:15 7082050                    /lib/x86_64-linux-gnu/libdl-2.23.so
7f6531466000-7f6531467000 rw-p 00003000 08:15 7082050                    /lib/x86_64-linux-gnu/libdl-2.23.so
7f6531467000-7f653147c000 r-xp 00000000 08:15 12585246                   /usr/lib/jvm/java-8-oracle/lib/amd64/jli/libjli.so
7f653147c000-7f653167c000 ---p 00015000 08:15 12585246                   /usr/lib/jvm/java-8-oracle/lib/amd64/jli/libjli.so
7f653167c000-7f653167d000 rw-p 00015000 08:15 12585246                   /usr/lib/jvm/java-8-oracle/lib/amd64/jli/libjli.so
7f653167d000-7f6531695000 r-xp 00000000 08:15 7082059                    /lib/x86_64-linux-gnu/libpthread-2.23.so
7f6531695000-7f6531894000 ---p 00018000 08:15 7082059                    /lib/x86_64-linux-gnu/libpthread-2.23.so
7f6531894000-7f6531895000 r--p 00017000 08:15 7082059                    /lib/x86_64-linux-gnu/libpthread-2.23.so
7f6531895000-7f6531896000 rw-p 00018000 08:15 7082059                    /lib/x86_64-linux-gnu/libpthread-2.23.so
7f6531896000-7f653189a000 rw-p 00000000 00:00 0 
7f653189a000-7f65318c0000 r-xp 00000000 08:15 7082039                    /lib/x86_64-linux-gnu/ld-2.23.so
7f65318c0000-7f65318c1000 r--s 0001f000 08:15 13654762                   /home/nokorot/Workspace/Java/PS/PS 3.0.0/LWJGL3/lwjgl-nanovg-natives-linux.jar
7f65318c1000-7f65318c3000 r--s 00005000 08:15 13654746                   /home/nokorot/Workspace/Java/PS/PS 3.0.0/LWJGL3/lwjgl-lmdb.jar
7f65318c3000-7f653198e000 rw-p 00000000 00:00 0 
7f653198e000-7f6531991000 ---p 00000000 00:00 0 
7f6531991000-7f6531a93000 rw-p 00000000 00:00 0 
7f6531a93000-7f6531a94000 r--s 0000d000 08:15 13654750                   /home/nokorot/Workspace/Java/PS/PS 3.0.0/LWJGL3/lwjgl-lmdb-natives-linux.jar
7f6531a94000-7f6531a96000 r--s 00007000 08:15 13654736                   /home/nokorot/Workspace/Java/PS/PS 3.0.0/LWJGL3/lwjgl-jemalloc.jar
7f6531a96000-7f6531a97000 r--s 00019000 08:15 13654734                   /home/nokorot/Workspace/Java/PS/PS 3.0.0/LWJGL3/lwjgl-jemalloc-natives-linux.jar
7f6531a97000-7f6531a98000 r--s 00005000 08:15 13654724                   /home/nokorot/Workspace/Java/PS/PS 3.0.0/LWJGL3/lwjgl-jawt.jar
7f6531a98000-7f6531a9a000 r--s 00066000 08:15 13654732                   /home/nokorot/Workspace/Java/PS/PS 3.0.0/LWJGL3/lwjgl-jawt-javadoc.jar
7f6531a9a000-7f6531a9d000 r--s 00015000 08:15 13654722                   /home/nokorot/Workspace/Java/PS/PS 3.0.0/LWJGL3/lwjgl-glfw.jar
7f6531a9d000-7f6531a9e000 r--s 0000e000 08:15 13654716                   /home/nokorot/Workspace/Java/PS/PS 3.0.0/LWJGL3/lwjgl-glfw-natives-linux.jar
7f6531a9e000-7f6531aa2000 r--s 0001b000 08:15 13654708                   /home/nokorot/Workspace/Java/PS/PS 3.0.0/LWJGL3/lwjgl-egl.jar
7f6531aa2000-7f6531aa6000 r--s 0001e000 08:15 13654712                   /home/nokorot/Workspace/Java/PS/PS 3.0.0/LWJGL3/lwjgl-egl-sources.jar
7f6531aa6000-7f6531aa9000 r--s 0001f000 08:15 13654702                   /home/nokorot/Workspace/Java/PS/PS 3.0.0/LWJGL3/lwjgl-bgfx.jar
7f6531aa9000-7f6531aaa000 r--s 00042000 08:15 13654704                   /home/nokorot/Workspace/Java/PS/PS 3.0.0/LWJGL3/lwjgl-bgfx-natives-linux.jar
7f6531aaa000-7f6531aae000 r--s 0002a000 08:15 13654692                   /home/nokorot/Workspace/Java/PS/PS 3.0.0/LWJGL3/lwjgl-assimp.jar
7f6531aae000-7f6531aaf000 r--s 002ae000 08:15 13654740                   /home/nokorot/Workspace/Java/PS/PS 3.0.0/LWJGL3/lwjgl-assimp-natives-linux.jar
7f6531aaf000-7f6531ab3000 r--s 0003d000 08:15 13654827                   /home/nokorot/Workspace/Java/PS/PS 3.0.0/LWJGL3/lwjgl.jar
7f6531ab3000-7f6531abb000 rw-s 00000000 08:15 1325745                    /tmp/hsperfdata_nokorot/6301
7f6531abb000-7f6531abc000 rw-p 00000000 00:00 0 
7f6531abc000-7f6531abd000 r--p 00000000 00:00 0 
7f6531abd000-7f6531abf000 rw-p 00000000 00:00 0 
7f6531abf000-7f6531ac0000 r--p 00025000 08:15 7082039                    /lib/x86_64-linux-gnu/ld-2.23.so
7f6531ac0000-7f6531ac1000 rw-p 00026000 08:15 7082039                    /lib/x86_64-linux-gnu/ld-2.23.so
7f6531ac1000-7f6531ac2000 rw-p 00000000 00:00 0 
7fffe1397000-7fffe13b9000 rw-p 00000000 00:00 0                          [stack]
7fffe13d3000-7fffe13d5000 r--p 00000000 00:00 0                          [vvar]
7fffe13d5000-7fffe13d7000 r-xp 00000000 00:00 0                          [vdso]
ffffffffff600000-ffffffffff601000 r-xp 00000000 00:00 0                  [vsyscall]

VM Arguments:
jvm_args: -Djava.library.path=/home/noko/workspace/Java/Test/Test/LWJGL3 -Dfile.encoding=UTF-8 
java_command: engineTest.Main
java_class_path (initial): /home/nokorot/Workspace/Java/PS/PS 3.0.0/bin:/home/nokorot/Workspace/Java/PS/PS 3.0.0/LWJGL3/lwjgl.jar:/home/nokorot/Workspace/Java/PS/PS 3.0.0/LWJGL3/lwjgl-assimp-natives-linux.jar:/home/nokorot/Workspace/Java/PS/PS 3.0.0/LWJGL3/lwjgl-assimp.jar:/home/nokorot/Workspace/Java/PS/PS 3.0.0/LWJGL3/lwjgl-bgfx-natives-linux.jar:/home/nokorot/Workspace/Java/PS/PS 3.0.0/LWJGL3/lwjgl-bgfx.jar:/home/nokorot/Workspace/Java/PS/PS 3.0.0/LWJGL3/lwjgl-egl-sources.jar:/home/nokorot/Workspace/Java/PS/PS 3.0.0/LWJGL3/lwjgl-egl.jar:/home/nokorot/Workspace/Java/PS/PS 3.0.0/LWJGL3/lwjgl-glfw-natives-linux.jar:/home/nokorot/Workspace/Java/PS/PS 3.0.0/LWJGL3/lwjgl-glfw.jar:/home/nokorot/Workspace/Java/PS/PS 3.0.0/LWJGL3/lwjgl-jawt-javadoc.jar:/home/nokorot/Workspace/Java/PS/PS 3.0.0/LWJGL3/lwjgl-jawt.jar:/home/nokorot/Workspace/Java/PS/PS 3.0.0/LWJGL3/lwjgl-jemalloc-natives-linux.jar:/home/nokorot/Workspace/Java/PS/PS 3.0.0/LWJGL3/lwjgl-jemalloc.jar:/home/nokorot/Workspace/Java/PS/PS 3.0.0/LWJGL3/lwjgl-lmdb-natives-linux.jar:/home/nokorot/Workspace/Java/PS/PS 3.0.0/LWJGL3/lwjgl-lmdb.jar:/home/nokorot/Workspace/Java/PS/PS 3.0.0/LWJGL3/lwjgl-nanovg-natives-linux.jar:/home/nokorot/Workspace/Java/PS/PS 3.0.0/LWJGL3/lwjgl-nanovg.jar:/home/nokorot/Workspace/Java/PS/PS 3.0.0/LWJGL3/lwjgl-natives-linux.jar:/home/nokorot/Workspace/Java/PS/PS 3.0.0/LWJGL3/lwjgl-nfd-natives-linux.jar:/home/nokorot/Workspace/Java/PS/PS 3.0.0/LWJGL3/lwjgl-nfd.jar:/home/nokorot/Workspace/Java/PS/PS 3.0.0/LWJGL3/lwjgl-nuklear-natives-linux.jar:/home/nokorot/Workspace/Java/PS/PS 3.0.0/LWJGL3/lwjgl-nuklear.jar:/home/nokorot/Workspace/Java/PS/PS 3.0.0/LWJGL3/lwjgl-openal-natives-linux.jar:/home/nokorot/Workspace/Java/PS/PS 3.0.0/LWJGL3/lwjgl-openal.jar:/home/nokorot/Workspace/Java/PS/PS 3.0.0/LWJGL3/lwjgl-opencl.jar:/home/nokorot/Workspace/Java/PS/PS 3.0.0/LWJGL3/lwjgl-opengl-natives-linux.jar:/home/nokorot/Workspace/Java/PS/PS 3.0.0/LWJGL3/lwjgl-opengl.jar:/home/nokorot/Workspace/Java/PS/PS 3.
Launcher Type: SUN_STANDARD

Environment Variables:
JAVA_HOME=/usr/lib/jvm/java-8-oracle
PATH=/home/nokorot/.cabal/bin:/opt/cabal/1.22/bin:/opt/ghc/7.10.3/bin:/home/nokorot/.bin:/home/nokorot/bin:/home/nokorot/.local/bin:/usr/local/sbin:/usr/local/bin:/usr/sbin:/usr/bin:/sbin:/bin:/usr/games:/usr/local/games:/snap/bin:/usr/lib/jvm/java-8-oracle/bin:/usr/lib/jvm/java-8-oracle/db/bin:/usr/lib/jvm/java-8-oracle/jre/bin
USERNAME=nokorot
SHELL=/bin/bash
DISPLAY=:1

Signal Handlers:
SIGSEGV: [libjvm.so+0xac64b0], sa_mask[0]=11111111011111111101111111111110, sa_flags=SA_RESTART|SA_SIGINFO
SIGBUS: [libjvm.so+0xac64b0], sa_mask[0]=11111111011111111101111111111110, sa_flags=SA_RESTART|SA_SIGINFO
SIGFPE: [libjvm.so+0x91f950], sa_mask[0]=11111111011111111101111111111110, sa_flags=SA_RESTART|SA_SIGINFO
SIGPIPE: [libjvm.so+0x91f950], sa_mask[0]=11111111011111111101111111111110, sa_flags=SA_RESTART|SA_SIGINFO
SIGXFSZ: [libjvm.so+0x91f950], sa_mask[0]=11111111011111111101111111111110, sa_flags=SA_RESTART|SA_SIGINFO
SIGILL: [libjvm.so+0x91f950], sa_mask[0]=11111111011111111101111111111110, sa_flags=SA_RESTART|SA_SIGINFO
SIGUSR1: SIG_DFL, sa_mask[0]=00000000000000000000000000000000, sa_flags=none
SIGUSR2: [libjvm.so+0x920f80], sa_mask[0]=00100000000000000000000000000000, sa_flags=SA_RESTART|SA_SIGINFO
SIGHUP: [libjvm.so+0x922380], sa_mask[0]=11111111011111111101111111111110, sa_flags=SA_RESTART|SA_SIGINFO
SIGINT: [libjvm.so+0x922380], sa_mask[0]=11111111011111111101111111111110, sa_flags=SA_RESTART|SA_SIGINFO
SIGTERM: [libjvm.so+0x922380], sa_mask[0]=11111111011111111101111111111110, sa_flags=SA_RESTART|SA_SIGINFO
SIGQUIT: [libjvm.so+0x922380], sa_mask[0]=11111111011111111101111111111110, sa_flags=SA_RESTART|SA_SIGINFO


---------------  S Y S T E M  ---------------

OS:DISTRIB_ID=Ubuntu
DISTRIB_RELEASE=16.04
DISTRIB_CODENAME=xenial
DISTRIB_DESCRIPTION="Ubuntu 16.04.1 LTS"

uname:Linux 4.4.0-59-generic #80-Ubuntu SMP Fri Jan 6 17:47:47 UTC 2017 x86_64
libc:glibc 2.23 NPTL 2.23 
rlimit: STACK 8192k, CORE 0k, NPROC 31349, NOFILE 65536, AS infinity
load average:0,60 0,66 0,71

/proc/meminfo:
MemTotal:        8065832 kB
MemFree:          944172 kB
MemAvailable:    2246792 kB
Buffers:          119096 kB
Cached:          2201316 kB
SwapCached:          212 kB
Active:          4970720 kB
Inactive:        1805052 kB
Active(anon):    4134220 kB
Inactive(anon):  1186380 kB
Active(file):     836500 kB
Inactive(file):   618672 kB
Unevictable:         496 kB
Mlocked:             496 kB
SwapTotal:       1951740 kB
SwapFree:        1879504 kB
Dirty:                96 kB
Writeback:             4 kB
AnonPages:       4455720 kB
Mapped:           791436 kB
Shmem:            865240 kB
Slab:             185420 kB
SReclaimable:     135752 kB
SUnreclaim:        49668 kB
KernelStack:       14656 kB
PageTables:        67432 kB
NFS_Unstable:          0 kB
Bounce:                0 kB
WritebackTmp:          0 kB
CommitLimit:     5984656 kB
Committed_AS:   11476296 kB
VmallocTotal:   34359738367 kB
VmallocUsed:           0 kB
VmallocChunk:          0 kB
HardwareCorrupted:     0 kB
AnonHugePages:   2557952 kB
CmaTotal:              0 kB
CmaFree:               0 kB
HugePages_Total:       0
HugePages_Free:        0
HugePages_Rsvd:        0
HugePages_Surp:        0
Hugepagesize:       2048 kB
DirectMap4k:      255272 kB
DirectMap2M:     8024064 kB


CPU:total 4 (2 cores per cpu, 2 threads per core) family 6 model 58 stepping 9, cmov, cx8, fxsr, mmx, sse, sse2, sse3, ssse3, sse4.1, sse4.2, popcnt, avx, aes, clmul, erms, ht, tsc, tscinvbit, tscinv

/proc/cpuinfo:
processor	: 0
vendor_id	: GenuineIntel
cpu family	: 6
model		: 58
model name	: Intel(R) Core(TM) i5-3210M CPU @ 2.50GHz
stepping	: 9
microcode	: 0x15
cpu MHz		: 2900.000
cache size	: 3072 KB
physical id	: 0
siblings	: 4
core id		: 0
cpu cores	: 2
apicid		: 0
initial apicid	: 0
fpu		: yes
fpu_exception	: yes
cpuid level	: 13
wp		: yes
flags		: fpu vme de pse tsc msr pae mce cx8 apic sep mtrr pge mca cmov pat pse36 clflush dts acpi mmx fxsr sse sse2 ss ht tm pbe syscall nx rdtscp lm constant_tsc arch_perfmon pebs bts rep_good nopl xtopology nonstop_tsc aperfmperf eagerfpu pni pclmulqdq dtes64 monitor ds_cpl vmx est tm2 ssse3 cx16 xtpr pdcm pcid sse4_1 sse4_2 x2apic popcnt tsc_deadline_timer aes xsave avx f16c rdrand lahf_lm epb tpr_shadow vnmi flexpriority ept vpid fsgsbase smep erms xsaveopt dtherm ida arat pln pts
bugs		:
bogomips	: 4989.04
clflush size	: 64
cache_alignment	: 64
address sizes	: 36 bits physical, 48 bits virtual
power management:

processor	: 1
vendor_id	: GenuineIntel
cpu family	: 6
model		: 58
model name	: Intel(R) Core(TM) i5-3210M CPU @ 2.50GHz
stepping	: 9
microcode	: 0x15
cpu MHz		: 2935.937
cache size	: 3072 KB
physical id	: 0
siblings	: 4
core id		: 1
cpu cores	: 2
apicid		: 2
initial apicid	: 2
fpu		: yes
fpu_exception	: yes
cpuid level	: 13
wp		: yes
flags		: fpu vme de pse tsc msr pae mce cx8 apic sep mtrr pge mca cmov pat pse36 clflush dts acpi mmx fxsr sse sse2 ss ht tm pbe syscall nx rdtscp lm constant_tsc arch_perfmon pebs bts rep_good nopl xtopology nonstop_tsc aperfmperf eagerfpu pni pclmulqdq dtes64 monitor ds_cpl vmx est tm2 ssse3 cx16 xtpr pdcm pcid sse4_1 sse4_2 x2apic popcnt tsc_deadline_timer aes xsave avx f16c rdrand lahf_lm epb tpr_shadow vnmi flexpriority ept vpid fsgsbase smep erms xsaveopt dtherm ida arat pln pts
bugs		:
bogomips	: 4989.04
clflush size	: 64
cache_alignment	: 64
address sizes	: 36 bits physical, 48 bits virtual
power management:

processor	: 2
vendor_id	: GenuineIntel
cpu family	: 6
model		: 58
model name	: Intel(R) Core(TM) i5-3210M CPU @ 2.50GHz
stepping	: 9
microcode	: 0x15
cpu MHz		: 2899.902
cache size	: 3072 KB
physical id	: 0
siblings	: 4
core id		: 0
cpu cores	: 2
apicid		: 1
initial apicid	: 1
fpu		: yes
fpu_exception	: yes
cpuid level	: 13
wp		: yes
flags		: fpu vme de pse tsc msr pae mce cx8 apic sep mtrr pge mca cmov pat pse36 clflush dts acpi mmx fxsr sse sse2 ss ht tm pbe syscall nx rdtscp lm constant_tsc arch_perfmon pebs bts rep_good nopl xtopology nonstop_tsc aperfmperf eagerfpu pni pclmulqdq dtes64 monitor ds_cpl vmx est tm2 ssse3 cx16 xtpr pdcm pcid sse4_1 sse4_2 x2apic popcnt tsc_deadline_timer aes xsave avx f16c rdrand lahf_lm epb tpr_shadow vnmi flexpriority ept vpid fsgsbase smep erms xsaveopt dtherm ida arat pln pts
bugs		:
bogomips	: 4989.04
clflush size	: 64
cache_alignment	: 64
address sizes	: 36 bits physical, 48 bits virtual
power management:

processor	: 3
vendor_id	: GenuineIntel
cpu family	: 6
model		: 58
model name	: Intel(R) Core(TM) i5-3210M CPU @ 2.50GHz
stepping	: 9
microcode	: 0x15
cpu MHz		: 2935.937
cache size	: 3072 KB
physical id	: 0
siblings	: 4
core id		: 1
cpu cores	: 2
apicid		: 3
initial apicid	: 3
fpu		: yes
fpu_exception	: yes
cpuid level	: 13
wp		: yes
flags		: fpu vme de pse tsc msr pae mce cx8 apic sep mtrr pge mca cmov pat pse36 clflush dts acpi mmx fxsr sse sse2 ss ht tm pbe syscall nx rdtscp lm constant_tsc arch_perfmon pebs bts rep_good nopl xtopology nonstop_tsc aperfmperf eagerfpu pni pclmulqdq dtes64 monitor ds_cpl vmx est tm2 ssse3 cx16 xtpr pdcm pcid sse4_1 sse4_2 x2apic popcnt tsc_deadline_timer aes xsave avx f16c rdrand lahf_lm epb tpr_shadow vnmi flexpriority ept vpid fsgsbase smep erms xsaveopt dtherm ida arat pln pts
bugs		:
bogomips	: 4989.04
clflush size	: 64
cache_alignment	: 64
address sizes	: 36 bits physical, 48 bits virtual
power management:



Memory: 4k page, physical 8065832k(944172k free), swap 1951740k(1879504k free)

vm_info: Java HotSpot(TM) 64-Bit Server VM (25.111-b14) for linux-amd64 JRE (1.8.0_111-b14), built on Sep 22 2016 16:14:03 by "java_re" with gcc 4.3.0 20080428 (Red Hat 4.3.0-8)

time: Sun Feb  5 02:28:05 2017
elapsed time: 0 seconds (0d 0h 0m 0s)

