#
# A fatal error has been detected by the Java Runtime Environment:
#
#  SIGSEGV (0xb) at pc=0x00007f4169ef6d44, pid=9442, tid=0x00007f416a2fe700
#
# JRE version: Java(TM) SE Runtime Environment (8.0_111-b14) (build 1.8.0_111-b14)
# Java VM: Java HotSpot(TM) 64-Bit Server VM (25.111-b14 mixed mode linux-amd64 compressed oops)
# Problematic frame:
# C  [libpthread.so.0+0x9d44]  pthread_mutex_lock+0x4
#
# Failed to write core dump. Core dumps have been disabled. To enable core dumping, try "ulimit -c unlimited" before starting Java again
#
# If you would like to submit a bug report, please visit:
#   http://bugreport.java.com/bugreport/crash.jsp
# The crash happened outside the Java Virtual Machine in native code.
# See problematic frame for where to report the bug.
#

---------------  T H R E A D  ---------------

Current thread (0x00007f416400e800):  JavaThread "main" [_thread_in_native, id=9444, stack(0x00007f416a1fe000,0x00007f416a2ff000)]

siginfo: si_signo: 11 (SIGSEGV), si_code: 128 (SI_KERNEL), si_addr: 0x0000000000000000

Registers:
RAX=0x00007f414380d370, RBX=0x00007f4164231670, RCX=0x000000000000015b, RDX=0x00007f416a2fcca0
RSP=0x00007f416a2fcc10, RBP=0x00007f416a2fcc80, RSI=0x00007f416a2fcc90, RDI=0x007373616c632e61
R8 =0x00007f416a2fcc80, R9 =0x00007f416422e3d2, R10=0x00007f4143892447, R11=0x0000000000000065
R12=0x00007f416a2fcc7c, R13=0x00007f416a2fcdb8, R14=0x00007f416a2fcdb0, R15=0x00007f416400e9f8
RIP=0x00007f4169ef6d44, EFLAGS=0x0000000000010202, CSGSFS=0x0000000000000033, ERR=0x0000000000000000
  TRAPNO=0x000000000000000d

Top of Stack: (sp=0x00007f416a2fcc10)
0x00007f416a2fcc10:   000000000000015c 00007f4143827bfa
0x00007f416a2fcc20:   00007f416a2fcc90 00007f416a2fcca0
0x00007f416a2fcc30:   0000000000000000 00007f41641e1d50
0x00007f416a2fcc40:   00007f4164250a80 3f027ade84585100
0x00007f416a2fcc50:   00007f41641e1d50 00007f4164250a80
0x00007f416a2fcc60:   00007f4164257b50 00007f4143803f86
0x00007f416a2fcc70:   00007f416400e9f8 00007f416407db98
0x00007f416a2fcc80:   00007f4164257b50 696c4369746c756d
0x00007f416a2fcc90:   0000015c0000015b 00007f4100000000
0x00007f416a2fcca0:   0000015500000154 00007f4100000000
0x00007f416a2fccb0:   0000000000000004 3f027ade84585100
0x00007f416a2fccc0:   00007f4164257b50 00007f416a2fcd20
0x00007f416a2fccd0:   00007f4164250a80 00007f4148046981
0x00007f416a2fcce0:   00007f416400e800 00007f41641e1d50
0x00007f416a2fccf0:   00007f416a2fcd30 00007f4152542c80
0x00007f416a2fcd00:   0000000000000000 00007f4152542c80
0x00007f416a2fcd10:   00007f416a2fcdc8 00007f416400e800
0x00007f416a2fcd20:   00007f416a2fcd90 00007f4153af9ca4
0x00007f416a2fcd30:   00007f416a2fcd90 00007f4153af9759
0x00007f416a2fcd40:   00007f416400e800 00007f4153af9722
0x00007f416a2fcd50:   00007f416a2fcd50 00007f4152542c80
0x00007f416a2fcd60:   00007f416a2fcdc8 00007f41525465f8
0x00007f416a2fcd70:   0000000000000000 00007f4152542c80
0x00007f416a2fcd80:   0000000000000000 00007f416a2fcdb0
0x00007f416a2fcd90:   00007f416a2fce10 00007f4153ae20c0
0x00007f416a2fcda0:   00000000d72e83d0 00007f4153af047b
0x00007f416a2fcdb0:   00000000d7695930 00000000d6ff94a0
0x00007f416a2fcdc0:   00007f41641e1d50 00007f4153ae1e50
0x00007f416a2fcdd0:   00007f416a2fcdd0 00007f41526c7394
0x00007f416a2fcde0:   00007f416a2fce28 00007f41526cec28
0x00007f416a2fcdf0:   0000000000000000 00007f41526c7438
0x00007f416a2fce00:   00007f416a2fcdb0 00007f416a2fce30 

Instructions: (pc=0x00007f4169ef6d44)
0x00007f4169ef6d24:   f0 02 00 00 00 00 00 00 b8 82 00 00 00 e9 d8 f9
0x00007f4169ef6d34:   ff ff 66 2e 0f 1f 84 00 00 00 00 00 48 83 ec 08
0x00007f4169ef6d44:   8b 57 10 89 d1 81 e1 7f 01 00 00 90 89 d0 83 e0
0x00007f4169ef6d54:   7c 0f 85 95 00 00 00 85 c9 49 89 f8 0f 85 9a 00 

Register to memory mapping:

RAX=0x00007f414380d370: <offset 0x2b370> in /usr/lib/x86_64-linux-gnu/libX11.so.6 at 0x00007f41437e2000
RBX=0x00007f4164231670 is an unknown value
RCX=0x000000000000015b is an unknown value
RDX=0x00007f416a2fcca0 is pointing into the stack for thread: 0x00007f416400e800
RSP=0x00007f416a2fcc10 is pointing into the stack for thread: 0x00007f416400e800
RBP=0x00007f416a2fcc80 is pointing into the stack for thread: 0x00007f416400e800
RSI=0x00007f416a2fcc90 is pointing into the stack for thread: 0x00007f416400e800
RDI=0x007373616c632e61 is an unknown value
R8 =0x00007f416a2fcc80 is pointing into the stack for thread: 0x00007f416400e800
R9 =0x00007f416422e3d2 is an unknown value
R10=0x00007f4143892447: <offset 0xb0447> in /usr/lib/x86_64-linux-gnu/libX11.so.6 at 0x00007f41437e2000
R11=0x0000000000000065 is an unknown value
R12=0x00007f416a2fcc7c is pointing into the stack for thread: 0x00007f416400e800
R13=0x00007f416a2fcdb8 is pointing into the stack for thread: 0x00007f416400e800
R14=0x00007f416a2fcdb0 is pointing into the stack for thread: 0x00007f416400e800
R15=0x00007f416400e9f8 is an unknown value


Stack: [0x00007f416a1fe000,0x00007f416a2ff000],  sp=0x00007f416a2fcc10,  free space=1019k
Native frames: (J=compiled Java code, j=interpreted, Vv=VM code, C=native code)
C  [libpthread.so.0+0x9d44]  pthread_mutex_lock+0x4
C  0x696c4369746c756d

Java frames: (J=compiled Java code, j=interpreted, Vv=VM code)
j  sun.awt.X11.XlibWrapper.XGetDefault(JLjava/lang/String;Ljava/lang/String;)Ljava/lang/String;+0
j  sun.awt.X11.XToolkit.initializeMultiClickTime()V+12
j  sun.awt.X11.XToolkit.getMultiClickTime()I+6
j  sun.awt.X11.XToolkit.initializeDesktopProperties()V+82
j  java.awt.Toolkit.getDesktopProperty(Ljava/lang/String;)Ljava/lang/Object;+32
j  sun.swing.SwingUtilities2$AATextInfo.getAATextInfo(Z)Lsun/swing/SwingUtilities2$AATextInfo;+11
j  javax.swing.plaf.metal.MetalLookAndFeel.initComponentDefaults(Ljavax/swing/UIDefaults;)V+12062
j  javax.swing.plaf.basic.BasicLookAndFeel.getDefaults()Ljavax/swing/UIDefaults;+25
j  javax.swing.plaf.metal.MetalLookAndFeel.getDefaults()Ljavax/swing/UIDefaults;+9
j  javax.swing.UIManager.setLookAndFeel(Ljavax/swing/LookAndFeel;)V+79
j  javax.swing.UIManager.setLookAndFeel(Ljava/lang/String;)V+16
j  javax.swing.UIManager.initializeDefaultLAF(Ljava/util/Properties;)V+55
j  javax.swing.UIManager.initialize()V+9
j  javax.swing.UIManager.maybeInitialize()V+22
j  javax.swing.UIManager.getUI(Ljavax/swing/JComponent;)Ljavax/swing/plaf/ComponentUI;+0
j  javax.swing.JPanel.updateUI()V+2
j  javax.swing.JPanel.<init>(Ljava/awt/LayoutManager;Z)V+24
j  javax.swing.JPanel.<init>(Z)V+9
j  javax.swing.JPanel.<init>()V+2
j  javax.swing.JRootPane.createGlassPane()Ljava/awt/Component;+4
j  javax.swing.JRootPane.<init>()V+11
j  javax.swing.JFrame.createRootPane()Ljavax/swing/JRootPane;+4
j  javax.swing.JFrame.frameInit()V+16
j  javax.swing.JFrame.<init>(Ljava/lang/String;)V+21
j  engineTest.Main.<init>()V+3
j  engineTest.Main.main([Ljava/lang/String;)V+20
v  ~StubRoutines::call_stub

---------------  P R O C E S S  ---------------

Java Threads: ( => current thread )
  0x00007f416423d000 JavaThread "AWT-XAWT" daemon [_thread_in_native, id=9473, stack(0x00007f414167e000,0x00007f414177f000)]
  0x00007f4164216000 JavaThread "Java2D Disposer" daemon [_thread_blocked, id=9472, stack(0x00007f4141ddc000,0x00007f4141edd000)]
  0x00007f41641d5000 JavaThread "Thread-0" [_thread_in_native, id=9471, stack(0x00007f4142a95000,0x00007f4142b96000)]
  0x00007f41640d5800 JavaThread "Service Thread" daemon [_thread_blocked, id=9468, stack(0x00007f4150193000,0x00007f4150294000)]
  0x00007f41640d2000 JavaThread "C1 CompilerThread2" daemon [_thread_blocked, id=9467, stack(0x00007f4150294000,0x00007f4150395000)]
  0x00007f41640d0800 JavaThread "C2 CompilerThread1" daemon [_thread_blocked, id=9466, stack(0x00007f4150395000,0x00007f4150496000)]
  0x00007f41640cd800 JavaThread "C2 CompilerThread0" daemon [_thread_blocked, id=9465, stack(0x00007f4150496000,0x00007f4150597000)]
  0x00007f4128001000 JavaThread "JDWP Command Reader" daemon [_thread_in_native, id=9462, stack(0x00007f4150597000,0x00007f4150698000)]
  0x00007f41640cb800 JavaThread "JDWP Event Helper Thread" daemon [_thread_blocked, id=9461, stack(0x00007f4150698000,0x00007f4150799000)]
  0x00007f41640c8000 JavaThread "JDWP Transport Listener: dt_socket" daemon [_thread_blocked, id=9459, stack(0x00007f4150799000,0x00007f415089a000)]
  0x00007f41640ba800 JavaThread "Signal Dispatcher" daemon [_thread_blocked, id=9456, stack(0x00007f4150a9e000,0x00007f4150b9f000)]
  0x00007f4164088800 JavaThread "Finalizer" daemon [_thread_blocked, id=9455, stack(0x00007f4150b9f000,0x00007f4150ca0000)]
  0x00007f4164084000 JavaThread "Reference Handler" daemon [_thread_blocked, id=9454, stack(0x00007f4150ca0000,0x00007f4150da1000)]
=>0x00007f416400e800 JavaThread "main" [_thread_in_native, id=9444, stack(0x00007f416a1fe000,0x00007f416a2ff000)]

Other Threads:
  0x00007f416407c800 VMThread [stack: 0x00007f4150da1000,0x00007f4150ea2000] [id=9453]
  0x00007f41640d9000 WatcherThread [stack: 0x00007f4150092000,0x00007f4150193000] [id=9469]

VM state:not at safepoint (normal execution)

VM Mutex/Monitor currently owned by a thread: None

Heap:
 PSYoungGen      total 36864K, used 8304K [0x00000000d6f80000, 0x00000000d9880000, 0x0000000100000000)
  eden space 31744K, 26% used [0x00000000d6f80000,0x00000000d779c2d0,0x00000000d8e80000)
  from space 5120K, 0% used [0x00000000d9380000,0x00000000d9380000,0x00000000d9880000)
  to   space 5120K, 0% used [0x00000000d8e80000,0x00000000d8e80000,0x00000000d9380000)
 ParOldGen       total 84992K, used 0K [0x0000000084e00000, 0x000000008a100000, 0x00000000d6f80000)
  object space 84992K, 0% used [0x0000000084e00000,0x0000000084e00000,0x000000008a100000)
 Metaspace       used 8471K, capacity 8686K, committed 8960K, reserved 1056768K
  class space    used 907K, capacity 1000K, committed 1024K, reserved 1048576K

Card table byte_map: [0x00007f4153340000,0x00007f415371a000] byte_map_base: 0x00007f4152f19000

Marking Bits: (ParMarkBitMap*) 0x00007f41696dd220
 Begin Bits: [0x00007f4148270000, 0x00007f414a138000)
 End Bits:   [0x00007f414a138000, 0x00007f414c000000)

Polling page: 0x00007f416a32c000

CodeCache: size=245760Kb used=2187Kb max_used=2187Kb free=243572Kb
 bounds [0x00007f4153ada000, 0x00007f4153d4a000, 0x00007f4162ada000]
 total_blobs=1208 nmethods=430 adapters=700
 compilation: enabled

Compilation events (10 events):
Event: 0,448 Thread 0x00007f41640d2000 nmethod 423 0x00007f4153ccbe50 code [0x00007f4153ccbfc0, 0x00007f4153ccc110]
Event: 0,448 Thread 0x00007f41640d2000  424       1       org.lwjgl.system.MemoryAccess$MemoryAccessorUnsafe::memPutByte (9 bytes)
Event: 0,448 Thread 0x00007f41640d2000 nmethod 424 0x00007f4153ccc190 code [0x00007f4153ccc2e0, 0x00007f4153ccc3f0]
Event: 0,449 Thread 0x00007f41640d2000  425       1       sun.misc.URLClassPath$JarLoader::access$500 (5 bytes)
Event: 0,449 Thread 0x00007f41640d2000 nmethod 425 0x00007f4153ccc450 code [0x00007f4153ccc5a0, 0x00007f4153ccc690]
Event: 0,449 Thread 0x00007f41640d2000  426  s    3       java.util.Hashtable::put (104 bytes)
Event: 0,450 Thread 0x00007f41640d2000 nmethod 426 0x00007f4153ccc710 code [0x00007f4153ccc8e0, 0x00007f4153ccd098]
Event: 0,450 Thread 0x00007f41640d2000  427       3       java.lang.invoke.MethodType::toMethodDescriptorString (21 bytes)
Event: 0,452 Thread 0x00007f41640d2000 nmethod 427 0x00007f4153cdf890 code [0x00007f4153cdfaa0, 0x00007f4153ce05b8]
Event: 0,454 Thread 0x00007f41640d2000  428       3       java.lang.invoke.MethodType$ConcurrentWeakInternSet$WeakEntry::equals (49 bytes)

GC Heap History (0 events):
No events

Deoptimization events (1 events):
Event: 0,295 Thread 0x00007f41641d5000 Uncommon trap: reason=null_check action=make_not_entrant pc=0x00007f4153c55b60 method=java.lang.String.equals(Ljava/lang/Object;)Z @ 8

Internal exceptions (10 events):
Event: 0,035 Thread 0x00007f416400e800 Exception <a 'java/lang/NoSuchMethodError': Method sun.misc.Unsafe.prefetchRead(Ljava/lang/Object;J)V name or signature does not match> (0x00000000d6f87f60) thrown at [/HUDSON3/workspace/8-2-build-linux-amd64/jdk8u111/7883/hotspot/src/share/vm/prims/jni.c
Event: 0,168 Thread 0x00007f416400e800 Exception <a 'java/security/PrivilegedActionException'> (0x00000000d701d330) thrown at [/HUDSON3/workspace/8-2-build-linux-amd64/jdk8u111/7883/hotspot/src/share/vm/prims/jvm.cpp, line 1386]
Event: 0,168 Thread 0x00007f416400e800 Exception <a 'java/security/PrivilegedActionException'> (0x00000000d701d540) thrown at [/HUDSON3/workspace/8-2-build-linux-amd64/jdk8u111/7883/hotspot/src/share/vm/prims/jvm.cpp, line 1386]
Event: 0,169 Thread 0x00007f416400e800 Exception <a 'java/security/PrivilegedActionException'> (0x00000000d715d118) thrown at [/HUDSON3/workspace/8-2-build-linux-amd64/jdk8u111/7883/hotspot/src/share/vm/prims/jvm.cpp, line 1386]
Event: 0,169 Thread 0x00007f416400e800 Exception <a 'java/security/PrivilegedActionException'> (0x00000000d715d328) thrown at [/HUDSON3/workspace/8-2-build-linux-amd64/jdk8u111/7883/hotspot/src/share/vm/prims/jvm.cpp, line 1386]
Event: 0,234 Thread 0x00007f416400e800 Exception <a 'java/lang/NoSuchFieldError': method resolution failed> (0x00000000d72293e8) thrown at [/HUDSON3/workspace/8-2-build-linux-amd64/jdk8u111/7883/hotspot/src/share/vm/prims/methodHandles.cpp, line 1146]
Event: 0,239 Thread 0x00007f416400e800 Exception <a 'java/lang/NoSuchFieldError': method resolution failed> (0x00000000d7236bb8) thrown at [/HUDSON3/workspace/8-2-build-linux-amd64/jdk8u111/7883/hotspot/src/share/vm/prims/methodHandles.cpp, line 1146]
Event: 0,282 Thread 0x00007f416400e800 Exception <a 'java/io/FileNotFoundException'> (0x00000000d72b6b90) thrown at [/HUDSON3/workspace/8-2-build-linux-amd64/jdk8u111/7883/hotspot/src/share/vm/prims/jni.cpp, line 709]
Event: 0,283 Thread 0x00007f416400e800 Exception <a 'java/io/FileNotFoundException'> (0x00000000d72b7548) thrown at [/HUDSON3/workspace/8-2-build-linux-amd64/jdk8u111/7883/hotspot/src/share/vm/prims/jni.cpp, line 709]
Event: 0,295 Thread 0x00007f41641d5000 Implicit null exception at 0x00007f4153c558c5 to 0x00007f4153c55b51

Events (10 events):
Event: 0,449 Thread 0x00007f41641d5000 DEOPT PACKING pc=0x00007f4153c73194 sp=0x00007f4142b92fe0
Event: 0,449 Thread 0x00007f41641d5000 DEOPT UNPACKING pc=0x00007f4153b21633 sp=0x00007f4142b92e20 mode 1
Event: 0,449 Thread 0x00007f41641d5000 DEOPT PACKING pc=0x00007f4153c72f34 sp=0x00007f4142b93170
Event: 0,449 Thread 0x00007f41641d5000 DEOPT UNPACKING pc=0x00007f4153b21633 sp=0x00007f4142b92fc8 mode 1
Event: 0,451 loading class javax/swing/plaf/metal/MetalLookAndFeel$FontActiveValue
Event: 0,451 loading class javax/swing/plaf/metal/MetalLookAndFeel$FontActiveValue done
Event: 0,454 loading class sun/swing/SwingUtilities2$AATextInfo
Event: 0,454 loading class sun/swing/SwingUtilities2$AATextInfo done
Event: 0,454 loading class sun/awt/HeadlessToolkit
Event: 0,454 loading class sun/awt/HeadlessToolkit done


Dynamic libraries:
00400000-00401000 r-xp 00000000 08:15 12855452                           /usr/lib/jvm/java-8-oracle/bin/java
00600000-00601000 rw-p 00000000 08:15 12855452                           /usr/lib/jvm/java-8-oracle/bin/java
023c1000-023e2000 rw-p 00000000 00:00 0                                  [heap]
84e00000-8a100000 rw-p 00000000 00:00 0 
8a100000-d6f80000 ---p 00000000 00:00 0 
d6f80000-d9880000 rw-p 00000000 00:00 0 
d9880000-100000000 ---p 00000000 00:00 0 
100000000-100100000 rw-p 00000000 00:00 0 
100100000-140000000 ---p 00000000 00:00 0 
7f40f4000000-7f40f4021000 rw-p 00000000 00:00 0 
7f40f4021000-7f40f8000000 ---p 00000000 00:00 0 
7f40fc000000-7f40fc403000 rw-p 00000000 00:00 0 
7f40fc403000-7f4100000000 ---p 00000000 00:00 0 
7f4100000000-7f4100021000 rw-p 00000000 00:00 0 
7f4100021000-7f4104000000 ---p 00000000 00:00 0 
7f4104000000-7f4104021000 rw-p 00000000 00:00 0 
7f4104021000-7f4108000000 ---p 00000000 00:00 0 
7f4108000000-7f4108021000 rw-p 00000000 00:00 0 
7f4108021000-7f410c000000 ---p 00000000 00:00 0 
7f410c000000-7f410c02a000 rw-p 00000000 00:00 0 
7f410c02a000-7f4110000000 ---p 00000000 00:00 0 
7f4110000000-7f411021f000 rw-p 00000000 00:00 0 
7f411021f000-7f4114000000 ---p 00000000 00:00 0 
7f4114000000-7f4114093000 rw-p 00000000 00:00 0 
7f4114093000-7f4118000000 ---p 00000000 00:00 0 
7f411c000000-7f411c021000 rw-p 00000000 00:00 0 
7f411c021000-7f4120000000 ---p 00000000 00:00 0 
7f4120000000-7f4120021000 rw-p 00000000 00:00 0 
7f4120021000-7f4124000000 ---p 00000000 00:00 0 
7f4124000000-7f4124021000 rw-p 00000000 00:00 0 
7f4124021000-7f4128000000 ---p 00000000 00:00 0 
7f4128000000-7f4128021000 rw-p 00000000 00:00 0 
7f4128021000-7f412c000000 ---p 00000000 00:00 0 
7f412c000000-7f412c021000 rw-p 00000000 00:00 0 
7f412c021000-7f4130000000 ---p 00000000 00:00 0 
7f4130000000-7f4130021000 rw-p 00000000 00:00 0 
7f4130021000-7f4134000000 ---p 00000000 00:00 0 
7f4134000000-7f4134021000 rw-p 00000000 00:00 0 
7f4134021000-7f4138000000 ---p 00000000 00:00 0 
7f4138000000-7f4138021000 rw-p 00000000 00:00 0 
7f4138021000-7f413c000000 ---p 00000000 00:00 0 
7f413c000000-7f413c021000 rw-p 00000000 00:00 0 
7f413c021000-7f4140000000 ---p 00000000 00:00 0 
7f41407ca000-7f41407cb000 r-xp 00000000 08:15 12329465                   /usr/lib/x86_64-linux-gnu/libX11-xcb.so.1.0.0
7f41407cb000-7f41409ca000 ---p 00001000 08:15 12329465                   /usr/lib/x86_64-linux-gnu/libX11-xcb.so.1.0.0
7f41409ca000-7f41409cb000 r--p 00000000 08:15 12329465                   /usr/lib/x86_64-linux-gnu/libX11-xcb.so.1.0.0
7f41409cb000-7f41409cc000 rw-p 00001000 08:15 12329465                   /usr/lib/x86_64-linux-gnu/libX11-xcb.so.1.0.0
7f41409cc000-7f41409d1000 r-xp 00000000 08:15 12329520                   /usr/lib/x86_64-linux-gnu/libXxf86vm.so.1.0.0
7f41409d1000-7f4140bd0000 ---p 00005000 08:15 12329520                   /usr/lib/x86_64-linux-gnu/libXxf86vm.so.1.0.0
7f4140bd0000-7f4140bd1000 r--p 00004000 08:15 12329520                   /usr/lib/x86_64-linux-gnu/libXxf86vm.so.1.0.0
7f4140bd1000-7f4140bd2000 rw-p 00005000 08:15 12329520                   /usr/lib/x86_64-linux-gnu/libXxf86vm.so.1.0.0
7f4140bd2000-7f4140bd4000 r-xp 00000000 08:15 12329494                   /usr/lib/x86_64-linux-gnu/libXinerama.so.1.0.0
7f4140bd4000-7f4140dd3000 ---p 00002000 08:15 12329494                   /usr/lib/x86_64-linux-gnu/libXinerama.so.1.0.0
7f4140dd3000-7f4140dd4000 r--p 00001000 08:15 12329494                   /usr/lib/x86_64-linux-gnu/libXinerama.so.1.0.0
7f4140dd4000-7f4140dd5000 rw-p 00002000 08:15 12329494                   /usr/lib/x86_64-linux-gnu/libXinerama.so.1.0.0
7f4140dd5000-7f4140ddf000 r-xp 00000000 08:15 12329502                   /usr/lib/x86_64-linux-gnu/libXrandr.so.2.2.0
7f4140ddf000-7f4140fde000 ---p 0000a000 08:15 12329502                   /usr/lib/x86_64-linux-gnu/libXrandr.so.2.2.0
7f4140fde000-7f4140fdf000 r--p 00009000 08:15 12329502                   /usr/lib/x86_64-linux-gnu/libXrandr.so.2.2.0
7f4140fdf000-7f4140fe0000 rw-p 0000a000 08:15 12329502                   /usr/lib/x86_64-linux-gnu/libXrandr.so.2.2.0
7f4140fe0000-7f4140ffe000 r-xp 00000000 08:15 1466952                    /tmp/lwjglnokorot/3.1.1-build-16/libglfw.so
7f4140ffe000-7f41411fd000 ---p 0001e000 08:15 1466952                    /tmp/lwjglnokorot/3.1.1-build-16/libglfw.so
7f41411fd000-7f41411fe000 r--p 0001d000 08:15 1466952                    /tmp/lwjglnokorot/3.1.1-build-16/libglfw.so
7f41411fe000-7f41411ff000 rw-p 0001e000 08:15 1466952                    /tmp/lwjglnokorot/3.1.1-build-16/libglfw.so
7f41411ff000-7f4141200000 rw-p 00000000 00:00 0 
7f4141200000-7f4141400000 rw-p 00000000 00:00 0 
7f4141441000-7f414147a000 r-xp 00000000 08:15 1466951                    /tmp/lwjglnokorot/3.1.1-build-16/libjemalloc.so
7f414147a000-7f4141679000 ---p 00039000 08:15 1466951                    /tmp/lwjglnokorot/3.1.1-build-16/libjemalloc.so
7f4141679000-7f414167c000 r--p 00038000 08:15 1466951                    /tmp/lwjglnokorot/3.1.1-build-16/libjemalloc.so
7f414167c000-7f414167d000 rw-p 0003b000 08:15 1466951                    /tmp/lwjglnokorot/3.1.1-build-16/libjemalloc.so
7f414167d000-7f414167e000 rw-p 00000000 00:00 0 
7f414167e000-7f4141681000 ---p 00000000 00:00 0 
7f4141681000-7f414177f000 rw-p 00000000 00:00 0 
7f414177f000-7f41417ca000 r-xp 00000000 08:15 1466950                    /tmp/lwjglnokorot/3.1.1-build-16/liblwjgl.so
7f41417ca000-7f41419ca000 ---p 0004b000 08:15 1466950                    /tmp/lwjglnokorot/3.1.1-build-16/liblwjgl.so
7f41419ca000-7f41419cb000 r--p 0004b000 08:15 1466950                    /tmp/lwjglnokorot/3.1.1-build-16/liblwjgl.so
7f41419cb000-7f41419cc000 rw-p 0004c000 08:15 1466950                    /tmp/lwjglnokorot/3.1.1-build-16/liblwjgl.so
7f41419cc000-7f41419d1000 r-xp 00000000 08:15 12329486                   /usr/lib/x86_64-linux-gnu/libXfixes.so.3.1.0
7f41419d1000-7f4141bd0000 ---p 00005000 08:15 12329486                   /usr/lib/x86_64-linux-gnu/libXfixes.so.3.1.0
7f4141bd0000-7f4141bd1000 r--p 00004000 08:15 12329486                   /usr/lib/x86_64-linux-gnu/libXfixes.so.3.1.0
7f4141bd1000-7f4141bd2000 rw-p 00005000 08:15 12329486                   /usr/lib/x86_64-linux-gnu/libXfixes.so.3.1.0
7f4141bd2000-7f4141bdb000 r-xp 00000000 08:15 12329478                   /usr/lib/x86_64-linux-gnu/libXcursor.so.1.0.2
7f4141bdb000-7f4141dda000 ---p 00009000 08:15 12329478                   /usr/lib/x86_64-linux-gnu/libXcursor.so.1.0.2
7f4141dda000-7f4141ddb000 r--p 00008000 08:15 12329478                   /usr/lib/x86_64-linux-gnu/libXcursor.so.1.0.2
7f4141ddb000-7f4141ddc000 rw-p 00009000 08:15 12329478                   /usr/lib/x86_64-linux-gnu/libXcursor.so.1.0.2
7f4141ddc000-7f4141ddf000 ---p 00000000 00:00 0 
7f4141ddf000-7f41421de000 rw-p 00000000 00:00 0 
7f41421de000-7f41421f4000 r-xp 00000000 08:15 12980356                   /usr/lib/jvm/java-8-oracle/jre/lib/amd64/libnet.so
7f41421f4000-7f41423f4000 ---p 00016000 08:15 12980356                   /usr/lib/jvm/java-8-oracle/jre/lib/amd64/libnet.so
7f41423f4000-7f41423f5000 rw-p 00016000 08:15 12980356                   /usr/lib/jvm/java-8-oracle/jre/lib/amd64/libnet.so
7f41423f5000-7f4142406000 r-xp 00000000 08:15 12980591                   /usr/lib/jvm/java-8-oracle/jre/lib/amd64/libnio.so
7f4142406000-7f4142605000 ---p 00011000 08:15 12980591                   /usr/lib/jvm/java-8-oracle/jre/lib/amd64/libnio.so
7f4142605000-7f4142606000 rw-p 00010000 08:15 12980591                   /usr/lib/jvm/java-8-oracle/jre/lib/amd64/libnio.so
7f4142606000-7f414261c000 r-xp 00000000 08:15 7082441                    /lib/x86_64-linux-gnu/libgcc_s.so.1
7f414261c000-7f414281b000 ---p 00016000 08:15 7082441                    /lib/x86_64-linux-gnu/libgcc_s.so.1
7f414281b000-7f414281c000 rw-p 00015000 08:15 7082441                    /lib/x86_64-linux-gnu/libgcc_s.so.1
7f414281c000-7f4142881000 r-xp 00000000 08:15 12980585                   /usr/lib/jvm/java-8-oracle/jre/lib/amd64/libfontmanager.so
7f4142881000-7f4142a80000 ---p 00065000 08:15 12980585                   /usr/lib/jvm/java-8-oracle/jre/lib/amd64/libfontmanager.so
7f4142a80000-7f4142a85000 rw-p 00064000 08:15 12980585                   /usr/lib/jvm/java-8-oracle/jre/lib/amd64/libfontmanager.so
7f4142a85000-7f4142a95000 rw-p 00000000 00:00 0 
7f4142a95000-7f4142a98000 ---p 00000000 00:00 0 
7f4142a98000-7f4142b96000 rw-p 00000000 00:00 0 
7f4142b96000-7f4142b9b000 r-xp 00000000 08:15 12329482                   /usr/lib/x86_64-linux-gnu/libXdmcp.so.6.0.0
7f4142b9b000-7f4142d9a000 ---p 00005000 08:15 12329482                   /usr/lib/x86_64-linux-gnu/libXdmcp.so.6.0.0
7f4142d9a000-7f4142d9b000 r--p 00004000 08:15 12329482                   /usr/lib/x86_64-linux-gnu/libXdmcp.so.6.0.0
7f4142d9b000-7f4142d9c000 rw-p 00005000 08:15 12329482                   /usr/lib/x86_64-linux-gnu/libXdmcp.so.6.0.0
7f4142d9c000-7f4142d9e000 r-xp 00000000 08:15 12329471                   /usr/lib/x86_64-linux-gnu/libXau.so.6.0.0
7f4142d9e000-7f4142f9e000 ---p 00002000 08:15 12329471                   /usr/lib/x86_64-linux-gnu/libXau.so.6.0.0
7f4142f9e000-7f4142f9f000 r--p 00002000 08:15 12329471                   /usr/lib/x86_64-linux-gnu/libXau.so.6.0.0
7f4142f9f000-7f4142fa0000 rw-p 00003000 08:15 12329471                   /usr/lib/x86_64-linux-gnu/libXau.so.6.0.0
7f4142fa0000-7f4142fc1000 r-xp 00000000 08:15 12330820                   /usr/lib/x86_64-linux-gnu/libxcb.so.1.1.0
7f4142fc1000-7f41431c0000 ---p 00021000 08:15 12330820                   /usr/lib/x86_64-linux-gnu/libxcb.so.1.1.0
7f41431c0000-7f41431c1000 r--p 00020000 08:15 12330820                   /usr/lib/x86_64-linux-gnu/libxcb.so.1.1.0
7f41431c1000-7f41431c2000 rw-p 00021000 08:15 12330820                   /usr/lib/x86_64-linux-gnu/libxcb.so.1.1.0
7f41431c2000-7f41431d1000 r-xp 00000000 08:15 12329492                   /usr/lib/x86_64-linux-gnu/libXi.so.6.1.0
7f41431d1000-7f41433d0000 ---p 0000f000 08:15 12329492                   /usr/lib/x86_64-linux-gnu/libXi.so.6.1.0
7f41433d0000-7f41433d1000 r--p 0000e000 08:15 12329492                   /usr/lib/x86_64-linux-gnu/libXi.so.6.1.0
7f41433d1000-7f41433d2000 rw-p 0000f000 08:15 12329492                   /usr/lib/x86_64-linux-gnu/libXi.so.6.1.0
7f41433d2000-7f41433d7000 r-xp 00000000 08:15 12329510                   /usr/lib/x86_64-linux-gnu/libXtst.so.6.1.0
7f41433d7000-7f41435d6000 ---p 00005000 08:15 12329510                   /usr/lib/x86_64-linux-gnu/libXtst.so.6.1.0
7f41435d6000-7f41435d7000 r--p 00004000 08:15 12329510                   /usr/lib/x86_64-linux-gnu/libXtst.so.6.1.0
7f41435d7000-7f41435d8000 rw-p 00005000 08:15 12329510                   /usr/lib/x86_64-linux-gnu/libXtst.so.6.1.0
7f41435d8000-7f41435e1000 r-xp 00000000 08:15 12329504                   /usr/lib/x86_64-linux-gnu/libXrender.so.1.3.0
7f41435e1000-7f41437e0000 ---p 00009000 08:15 12329504                   /usr/lib/x86_64-linux-gnu/libXrender.so.1.3.0
7f41437e0000-7f41437e1000 r--p 00008000 08:15 12329504                   /usr/lib/x86_64-linux-gnu/libXrender.so.1.3.0
7f41437e1000-7f41437e2000 rw-p 00009000 08:15 12329504                   /usr/lib/x86_64-linux-gnu/libXrender.so.1.3.0
7f41437e2000-7f4143917000 r-xp 00000000 08:15 12329467                   /usr/lib/x86_64-linux-gnu/libX11.so.6.3.0
7f4143917000-7f4143b17000 ---p 00135000 08:15 12329467                   /usr/lib/x86_64-linux-gnu/libX11.so.6.3.0
7f4143b17000-7f4143b18000 r--p 00135000 08:15 12329467                   /usr/lib/x86_64-linux-gnu/libX11.so.6.3.0
7f4143b18000-7f4143b1c000 rw-p 00136000 08:15 12329467                   /usr/lib/x86_64-linux-gnu/libX11.so.6.3.0
7f4143b1c000-7f4143b2d000 r-xp 00000000 08:15 12329484                   /usr/lib/x86_64-linux-gnu/libXext.so.6.4.0
7f4143b2d000-7f4143d2c000 ---p 00011000 08:15 12329484                   /usr/lib/x86_64-linux-gnu/libXext.so.6.4.0
7f4143d2c000-7f4143d2d000 r--p 00010000 08:15 12329484                   /usr/lib/x86_64-linux-gnu/libXext.so.6.4.0
7f4143d2d000-7f4143d2e000 rw-p 00011000 08:15 12329484                   /usr/lib/x86_64-linux-gnu/libXext.so.6.4.0
7f4143d2e000-7f4143dd0000 r-xp 00000000 08:15 12980626                   /usr/lib/jvm/java-8-oracle/jre/lib/amd64/libawt.so
7f4143dd0000-7f4143fd0000 ---p 000a2000 08:15 12980626                   /usr/lib/jvm/java-8-oracle/jre/lib/amd64/libawt.so
7f4143fd0000-7f4143fdc000 rw-p 000a2000 08:15 12980626                   /usr/lib/jvm/java-8-oracle/jre/lib/amd64/libawt.so
7f4143fdc000-7f4144000000 rw-p 00000000 00:00 0 
7f4144000000-7f4144021000 rw-p 00000000 00:00 0 
7f4144021000-7f4148000000 ---p 00000000 00:00 0 
7f4148017000-7f414806b000 r-xp 00000000 08:15 12980593                   /usr/lib/jvm/java-8-oracle/jre/lib/amd64/libawt_xawt.so
7f414806b000-7f414826b000 ---p 00054000 08:15 12980593                   /usr/lib/jvm/java-8-oracle/jre/lib/amd64/libawt_xawt.so
7f414826b000-7f414826f000 rw-p 00054000 08:15 12980593                   /usr/lib/jvm/java-8-oracle/jre/lib/amd64/libawt_xawt.so
7f414826f000-7f414c000000 rw-p 00000000 00:00 0 
7f414c000000-7f414c021000 rw-p 00000000 00:00 0 
7f414c021000-7f4150000000 ---p 00000000 00:00 0 
7f4150058000-7f4150059000 rwxp 00000000 00:00 0 
7f4150059000-7f415005a000 r--s 00004000 08:15 13654818                   /home/nokorot/Workspace/Java/PS/PS 3.0.0/LWJGL3/lwjgl-xxhash.jar
7f415005a000-7f415005b000 r--s 00001000 08:15 13654817                   /home/nokorot/Workspace/Java/PS/PS 3.0.0/LWJGL3/lwjgl-xxhash-natives-linux.jar
7f415005b000-7f4150064000 r--s 000a6000 08:15 13654825                   /home/nokorot/Workspace/Java/PS/PS 3.0.0/LWJGL3/lwjgl-vulkan.jar
7f4150064000-7f4150069000 r--s 000ac000 08:15 13654824                   /home/nokorot/Workspace/Java/PS/PS 3.0.0/LWJGL3/lwjgl-vulkan-sources.jar
7f4150069000-7f415006a000 r--s 00001000 08:15 13654813                   /home/nokorot/Workspace/Java/PS/PS 3.0.0/LWJGL3/lwjgl-tinyfd.jar
7f415006a000-7f415006b000 r--s 00007000 08:15 13654815                   /home/nokorot/Workspace/Java/PS/PS 3.0.0/LWJGL3/lwjgl-tinyfd-natives-linux.jar
7f415006b000-7f415006e000 r--s 00012000 08:15 13654809                   /home/nokorot/Workspace/Java/PS/PS 3.0.0/LWJGL3/lwjgl-stb.jar
7f415006e000-7f415006f000 r--s 0002c000 08:15 13654808                   /home/nokorot/Workspace/Java/PS/PS 3.0.0/LWJGL3/lwjgl-stb-natives-linux.jar
7f415006f000-7f4150070000 r--s 00000000 08:15 13654803                   /home/nokorot/Workspace/Java/PS/PS 3.0.0/LWJGL3/lwjgl-sse.jar
7f4150070000-7f4150071000 r--s 00000000 08:15 13654802                   /home/nokorot/Workspace/Java/PS/PS 3.0.0/LWJGL3/lwjgl-sse-natives-linux.jar
7f4150071000-7f4150073000 r--s 00058000 08:15 13654804                   /home/nokorot/Workspace/Java/PS/PS 3.0.0/LWJGL3/lwjgl-sse-javadoc.jar
7f4150073000-7f4150075000 r--s 00001000 08:15 13654799                   /home/nokorot/Workspace/Java/PS/PS 3.0.0/LWJGL3/lwjgl-par.jar
7f4150075000-7f4150076000 r--s 00005000 08:15 13654795                   /home/nokorot/Workspace/Java/PS/PS 3.0.0/LWJGL3/lwjgl-par-natives-linux.jar
7f4150076000-7f415007c000 r--s 00048000 08:15 13654794                   /home/nokorot/Workspace/Java/PS/PS 3.0.0/LWJGL3/lwjgl-opengles.jar
7f415007c000-7f415007d000 r--s 00007000 08:15 13654792                   /home/nokorot/Workspace/Java/PS/PS 3.0.0/LWJGL3/lwjgl-opengles-natives-linux.jar
7f415007d000-7f4150086000 r--s 000ba000 08:15 13654797                   /home/nokorot/Workspace/Java/PS/PS 3.0.0/LWJGL3/lwjgl-opengl.jar
7f4150086000-7f4150087000 r--s 00015000 08:15 13654789                   /home/nokorot/Workspace/Java/PS/PS 3.0.0/LWJGL3/lwjgl-opengl-natives-linux.jar
7f4150087000-7f415008a000 r--s 00023000 08:15 13654790                   /home/nokorot/Workspace/Java/PS/PS 3.0.0/LWJGL3/lwjgl-opencl.jar
7f415008a000-7f415008c000 r--s 00010000 08:15 13654776                   /home/nokorot/Workspace/Java/PS/PS 3.0.0/LWJGL3/lwjgl-openal.jar
7f415008c000-7f415008d000 r--s 0004a000 08:15 13654787                   /home/nokorot/Workspace/Java/PS/PS 3.0.0/LWJGL3/lwjgl-openal-natives-linux.jar
7f415008d000-7f4150092000 r--s 00054000 08:15 13654782                   /home/nokorot/Workspace/Java/PS/PS 3.0.0/LWJGL3/lwjgl-nuklear.jar
7f4150092000-7f4150093000 ---p 00000000 00:00 0 
7f4150093000-7f4150193000 rw-p 00000000 00:00 0 
7f4150193000-7f4150196000 ---p 00000000 00:00 0 
7f4150196000-7f4150294000 rw-p 00000000 00:00 0 
7f4150294000-7f4150297000 ---p 00000000 00:00 0 
7f4150297000-7f4150395000 rw-p 00000000 00:00 0 
7f4150395000-7f4150398000 ---p 00000000 00:00 0 
7f4150398000-7f4150496000 rw-p 00000000 00:00 0 
7f4150496000-7f4150499000 ---p 00000000 00:00 0 
7f4150499000-7f4150597000 rw-p 00000000 00:00 0 
7f4150597000-7f415059a000 ---p 00000000 00:00 0 
7f415059a000-7f4150698000 rw-p 00000000 00:00 0 
7f4150698000-7f415069b000 ---p 00000000 00:00 0 
7f415069b000-7f4150799000 rw-p 00000000 00:00 0 
7f4150799000-7f415079c000 ---p 00000000 00:00 0 
7f415079c000-7f415089a000 rw-p 00000000 00:00 0 
7f415089a000-7f415089e000 r-xp 00000000 08:15 12980607                   /usr/lib/jvm/java-8-oracle/jre/lib/amd64/libdt_socket.so
7f415089e000-7f4150a9d000 ---p 00004000 08:15 12980607                   /usr/lib/jvm/java-8-oracle/jre/lib/amd64/libdt_socket.so
7f4150a9d000-7f4150a9e000 rw-p 00003000 08:15 12980607                   /usr/lib/jvm/java-8-oracle/jre/lib/amd64/libdt_socket.so
7f4150a9e000-7f4150aa1000 ---p 00000000 00:00 0 
7f4150aa1000-7f4150b9f000 rw-p 00000000 00:00 0 
7f4150b9f000-7f4150ba2000 ---p 00000000 00:00 0 
7f4150ba2000-7f4150ca0000 rw-p 00000000 00:00 0 
7f4150ca0000-7f4150ca3000 ---p 00000000 00:00 0 
7f4150ca3000-7f4150da1000 rw-p 00000000 00:00 0 
7f4150da1000-7f4150da2000 ---p 00000000 00:00 0 
7f4150da2000-7f4151e84000 rw-p 00000000 00:00 0 
7f4151e84000-7f415205c000 r--s 03d2a000 08:15 12855517                   /usr/lib/jvm/java-8-oracle/jre/lib/rt.jar
7f415205c000-7f4152892000 rw-p 00000000 00:00 0 
7f4152892000-7f41528d2000 ---p 00000000 00:00 0 
7f41528d2000-7f4152cab000 rw-p 00000000 00:00 0 
7f4152cab000-7f4152cac000 ---p 00000000 00:00 0 
7f4152cac000-7f4152dac000 rw-p 00000000 00:00 0 
7f4152dac000-7f4152dad000 ---p 00000000 00:00 0 
7f4152dad000-7f4152ead000 rw-p 00000000 00:00 0 
7f4152ead000-7f4152eae000 ---p 00000000 00:00 0 
7f4152eae000-7f4152fae000 rw-p 00000000 00:00 0 
7f4152fae000-7f4152faf000 ---p 00000000 00:00 0 
7f4152faf000-7f41530d9000 rw-p 00000000 00:00 0 
7f41530d9000-7f4153340000 ---p 00000000 00:00 0 
7f4153340000-7f415336a000 rw-p 00000000 00:00 0 
7f415336a000-7f41535d0000 ---p 00000000 00:00 0 
7f41535d0000-7f41535e6000 rw-p 00000000 00:00 0 
7f41535e6000-7f4153719000 ---p 00000000 00:00 0 
7f4153719000-7f4153724000 rw-p 00000000 00:00 0 
7f4153724000-7f4153ada000 ---p 00000000 00:00 0 
7f4153ada000-7f4153d4a000 rwxp 00000000 00:00 0 
7f4153d4a000-7f4162ada000 ---p 00000000 00:00 0 
7f4162ada000-7f4162af4000 r-xp 00000000 08:15 12980589                   /usr/lib/jvm/java-8-oracle/jre/lib/amd64/libzip.so
7f4162af4000-7f4162cf4000 ---p 0001a000 08:15 12980589                   /usr/lib/jvm/java-8-oracle/jre/lib/amd64/libzip.so
7f4162cf4000-7f4162cf5000 rw-p 0001a000 08:15 12980589                   /usr/lib/jvm/java-8-oracle/jre/lib/amd64/libzip.so
7f4162cf5000-7f4162d00000 r-xp 00000000 08:15 7082071                    /lib/x86_64-linux-gnu/libnss_files-2.23.so
7f4162d00000-7f4162eff000 ---p 0000b000 08:15 7082071                    /lib/x86_64-linux-gnu/libnss_files-2.23.so
7f4162eff000-7f4162f00000 r--p 0000a000 08:15 7082071                    /lib/x86_64-linux-gnu/libnss_files-2.23.so
7f4162f00000-7f4162f01000 rw-p 0000b000 08:15 7082071                    /lib/x86_64-linux-gnu/libnss_files-2.23.so
7f4162f01000-7f4162f07000 rw-p 00000000 00:00 0 
7f4162f07000-7f4162f12000 r-xp 00000000 08:15 7082047                    /lib/x86_64-linux-gnu/libnss_nis-2.23.so
7f4162f12000-7f4163111000 ---p 0000b000 08:15 7082047                    /lib/x86_64-linux-gnu/libnss_nis-2.23.so
7f4163111000-7f4163112000 r--p 0000a000 08:15 7082047                    /lib/x86_64-linux-gnu/libnss_nis-2.23.so
7f4163112000-7f4163113000 rw-p 0000b000 08:15 7082047                    /lib/x86_64-linux-gnu/libnss_nis-2.23.so
7f4163113000-7f4163129000 r-xp 00000000 08:15 7082063                    /lib/x86_64-linux-gnu/libnsl-2.23.so
7f4163129000-7f4163328000 ---p 00016000 08:15 7082063                    /lib/x86_64-linux-gnu/libnsl-2.23.so
7f4163328000-7f4163329000 r--p 00015000 08:15 7082063                    /lib/x86_64-linux-gnu/libnsl-2.23.so
7f4163329000-7f416332a000 rw-p 00016000 08:15 7082063                    /lib/x86_64-linux-gnu/libnsl-2.23.so
7f416332a000-7f416332c000 rw-p 00000000 00:00 0 
7f416332c000-7f4163334000 r-xp 00000000 08:15 7082065                    /lib/x86_64-linux-gnu/libnss_compat-2.23.so
7f4163334000-7f4163533000 ---p 00008000 08:15 7082065                    /lib/x86_64-linux-gnu/libnss_compat-2.23.so
7f4163533000-7f4163534000 r--p 00007000 08:15 7082065                    /lib/x86_64-linux-gnu/libnss_compat-2.23.so
7f4163534000-7f4163535000 rw-p 00008000 08:15 7082065                    /lib/x86_64-linux-gnu/libnss_compat-2.23.so
7f4163535000-7f416398c000 r--p 00000000 08:15 12322328                   /usr/lib/locale/locale-archive
7f416398c000-7f41639c5000 r-xp 00000000 08:15 12980352                   /usr/lib/jvm/java-8-oracle/jre/lib/amd64/libjdwp.so
7f41639c5000-7f4163bc4000 ---p 00039000 08:15 12980352                   /usr/lib/jvm/java-8-oracle/jre/lib/amd64/libjdwp.so
7f4163bc4000-7f4163bc6000 rw-p 00038000 08:15 12980352                   /usr/lib/jvm/java-8-oracle/jre/lib/amd64/libjdwp.so
7f4163bc6000-7f4163bf1000 r-xp 00000000 08:15 12980616                   /usr/lib/jvm/java-8-oracle/jre/lib/amd64/libjava.so
7f4163bf1000-7f4163df0000 ---p 0002b000 08:15 12980616                   /usr/lib/jvm/java-8-oracle/jre/lib/amd64/libjava.so
7f4163df0000-7f4163df2000 rw-p 0002a000 08:15 12980616                   /usr/lib/jvm/java-8-oracle/jre/lib/amd64/libjava.so
7f4163df2000-7f4163dff000 r-xp 00000000 08:15 12980358                   /usr/lib/jvm/java-8-oracle/jre/lib/amd64/libverify.so
7f4163dff000-7f4163ffe000 ---p 0000d000 08:15 12980358                   /usr/lib/jvm/java-8-oracle/jre/lib/amd64/libverify.so
7f4163ffe000-7f4164000000 rw-p 0000c000 08:15 12980358                   /usr/lib/jvm/java-8-oracle/jre/lib/amd64/libverify.so
7f4164000000-7f4164264000 rw-p 00000000 00:00 0 
7f4164264000-7f4168000000 ---p 00000000 00:00 0 
7f4168000000-7f4168001000 r--s 0001f000 08:15 13654772                   /home/nokorot/Workspace/Java/PS/PS 3.0.0/LWJGL3/lwjgl-nuklear-natives-linux.jar
7f4168001000-7f4168002000 r--s 00001000 08:15 13654766                   /home/nokorot/Workspace/Java/PS/PS 3.0.0/LWJGL3/lwjgl-nfd.jar
7f4168002000-7f4168003000 r--s 00001000 08:15 13654764                   /home/nokorot/Workspace/Java/PS/PS 3.0.0/LWJGL3/lwjgl-nfd-natives-linux.jar
7f4168003000-7f4168004000 r--s 00011000 08:15 13654822                   /home/nokorot/Workspace/Java/PS/PS 3.0.0/LWJGL3/lwjgl-natives-linux.jar
7f4168004000-7f4168006000 r--s 00008000 08:15 13654756                   /home/nokorot/Workspace/Java/PS/PS 3.0.0/LWJGL3/lwjgl-nanovg.jar
7f4168006000-7f4168008000 r-xp 00000000 08:15 12980597                   /usr/lib/jvm/java-8-oracle/jre/lib/amd64/libnpt.so
7f4168008000-7f4168208000 ---p 00002000 08:15 12980597                   /usr/lib/jvm/java-8-oracle/jre/lib/amd64/libnpt.so
7f4168208000-7f4168209000 rw-p 00002000 08:15 12980597                   /usr/lib/jvm/java-8-oracle/jre/lib/amd64/libnpt.so
7f4168209000-7f4168210000 r-xp 00000000 08:15 7082046                    /lib/x86_64-linux-gnu/librt-2.23.so
7f4168210000-7f416840f000 ---p 00007000 08:15 7082046                    /lib/x86_64-linux-gnu/librt-2.23.so
7f416840f000-7f4168410000 r--p 00006000 08:15 7082046                    /lib/x86_64-linux-gnu/librt-2.23.so
7f4168410000-7f4168411000 rw-p 00007000 08:15 7082046                    /lib/x86_64-linux-gnu/librt-2.23.so
7f4168411000-7f4168519000 r-xp 00000000 08:15 7082058                    /lib/x86_64-linux-gnu/libm-2.23.so
7f4168519000-7f4168718000 ---p 00108000 08:15 7082058                    /lib/x86_64-linux-gnu/libm-2.23.so
7f4168718000-7f4168719000 r--p 00107000 08:15 7082058                    /lib/x86_64-linux-gnu/libm-2.23.so
7f4168719000-7f416871a000 rw-p 00108000 08:15 7082058                    /lib/x86_64-linux-gnu/libm-2.23.so
7f416871a000-7f41693e7000 r-xp 00000000 08:15 12980620                   /usr/lib/jvm/java-8-oracle/jre/lib/amd64/server/libjvm.so
7f41693e7000-7f41695e6000 ---p 00ccd000 08:15 12980620                   /usr/lib/jvm/java-8-oracle/jre/lib/amd64/server/libjvm.so
7f41695e6000-7f41696bf000 rw-p 00ccc000 08:15 12980620                   /usr/lib/jvm/java-8-oracle/jre/lib/amd64/server/libjvm.so
7f41696bf000-7f416970a000 rw-p 00000000 00:00 0 
7f416970a000-7f41698c9000 r-xp 00000000 08:15 7082051                    /lib/x86_64-linux-gnu/libc-2.23.so
7f41698c9000-7f4169ac9000 ---p 001bf000 08:15 7082051                    /lib/x86_64-linux-gnu/libc-2.23.so
7f4169ac9000-7f4169acd000 r--p 001bf000 08:15 7082051                    /lib/x86_64-linux-gnu/libc-2.23.so
7f4169acd000-7f4169acf000 rw-p 001c3000 08:15 7082051                    /lib/x86_64-linux-gnu/libc-2.23.so
7f4169acf000-7f4169ad3000 rw-p 00000000 00:00 0 
7f4169ad3000-7f4169ad6000 r-xp 00000000 08:15 7082050                    /lib/x86_64-linux-gnu/libdl-2.23.so
7f4169ad6000-7f4169cd5000 ---p 00003000 08:15 7082050                    /lib/x86_64-linux-gnu/libdl-2.23.so
7f4169cd5000-7f4169cd6000 r--p 00002000 08:15 7082050                    /lib/x86_64-linux-gnu/libdl-2.23.so
7f4169cd6000-7f4169cd7000 rw-p 00003000 08:15 7082050                    /lib/x86_64-linux-gnu/libdl-2.23.so
7f4169cd7000-7f4169cec000 r-xp 00000000 08:15 12585246                   /usr/lib/jvm/java-8-oracle/lib/amd64/jli/libjli.so
7f4169cec000-7f4169eec000 ---p 00015000 08:15 12585246                   /usr/lib/jvm/java-8-oracle/lib/amd64/jli/libjli.so
7f4169eec000-7f4169eed000 rw-p 00015000 08:15 12585246                   /usr/lib/jvm/java-8-oracle/lib/amd64/jli/libjli.so
7f4169eed000-7f4169f05000 r-xp 00000000 08:15 7082059                    /lib/x86_64-linux-gnu/libpthread-2.23.so
7f4169f05000-7f416a104000 ---p 00018000 08:15 7082059                    /lib/x86_64-linux-gnu/libpthread-2.23.so
7f416a104000-7f416a105000 r--p 00017000 08:15 7082059                    /lib/x86_64-linux-gnu/libpthread-2.23.so
7f416a105000-7f416a106000 rw-p 00018000 08:15 7082059                    /lib/x86_64-linux-gnu/libpthread-2.23.so
7f416a106000-7f416a10a000 rw-p 00000000 00:00 0 
7f416a10a000-7f416a130000 r-xp 00000000 08:15 7082039                    /lib/x86_64-linux-gnu/ld-2.23.so
7f416a130000-7f416a131000 r--s 0001f000 08:15 13654762                   /home/nokorot/Workspace/Java/PS/PS 3.0.0/LWJGL3/lwjgl-nanovg-natives-linux.jar
7f416a131000-7f416a133000 r--s 00005000 08:15 13654746                   /home/nokorot/Workspace/Java/PS/PS 3.0.0/LWJGL3/lwjgl-lmdb.jar
7f416a133000-7f416a1fe000 rw-p 00000000 00:00 0 
7f416a1fe000-7f416a201000 ---p 00000000 00:00 0 
7f416a201000-7f416a303000 rw-p 00000000 00:00 0 
7f416a303000-7f416a304000 r--s 0000d000 08:15 13654750                   /home/nokorot/Workspace/Java/PS/PS 3.0.0/LWJGL3/lwjgl-lmdb-natives-linux.jar
7f416a304000-7f416a306000 r--s 00007000 08:15 13654736                   /home/nokorot/Workspace/Java/PS/PS 3.0.0/LWJGL3/lwjgl-jemalloc.jar
7f416a306000-7f416a307000 r--s 00019000 08:15 13654734                   /home/nokorot/Workspace/Java/PS/PS 3.0.0/LWJGL3/lwjgl-jemalloc-natives-linux.jar
7f416a307000-7f416a308000 r--s 00005000 08:15 13654724                   /home/nokorot/Workspace/Java/PS/PS 3.0.0/LWJGL3/lwjgl-jawt.jar
7f416a308000-7f416a30a000 r--s 00066000 08:15 13654732                   /home/nokorot/Workspace/Java/PS/PS 3.0.0/LWJGL3/lwjgl-jawt-javadoc.jar
7f416a30a000-7f416a30d000 r--s 00015000 08:15 13654722                   /home/nokorot/Workspace/Java/PS/PS 3.0.0/LWJGL3/lwjgl-glfw.jar
7f416a30d000-7f416a30e000 r--s 0000e000 08:15 13654716                   /home/nokorot/Workspace/Java/PS/PS 3.0.0/LWJGL3/lwjgl-glfw-natives-linux.jar
7f416a30e000-7f416a312000 r--s 0001b000 08:15 13654708                   /home/nokorot/Workspace/Java/PS/PS 3.0.0/LWJGL3/lwjgl-egl.jar
7f416a312000-7f416a316000 r--s 0001e000 08:15 13654712                   /home/nokorot/Workspace/Java/PS/PS 3.0.0/LWJGL3/lwjgl-egl-sources.jar
7f416a316000-7f416a319000 r--s 0001f000 08:15 13654702                   /home/nokorot/Workspace/Java/PS/PS 3.0.0/LWJGL3/lwjgl-bgfx.jar
7f416a319000-7f416a31a000 r--s 00042000 08:15 13654704                   /home/nokorot/Workspace/Java/PS/PS 3.0.0/LWJGL3/lwjgl-bgfx-natives-linux.jar
7f416a31a000-7f416a31e000 r--s 0002a000 08:15 13654692                   /home/nokorot/Workspace/Java/PS/PS 3.0.0/LWJGL3/lwjgl-assimp.jar
7f416a31e000-7f416a31f000 r--s 002ae000 08:15 13654740                   /home/nokorot/Workspace/Java/PS/PS 3.0.0/LWJGL3/lwjgl-assimp-natives-linux.jar
7f416a31f000-7f416a323000 r--s 0003d000 08:15 13654827                   /home/nokorot/Workspace/Java/PS/PS 3.0.0/LWJGL3/lwjgl.jar
7f416a323000-7f416a32b000 rw-s 00000000 08:15 1325745                    /tmp/hsperfdata_nokorot/9442
7f416a32b000-7f416a32c000 rw-p 00000000 00:00 0 
7f416a32c000-7f416a32d000 r--p 00000000 00:00 0 
7f416a32d000-7f416a32f000 rw-p 00000000 00:00 0 
7f416a32f000-7f416a330000 r--p 00025000 08:15 7082039                    /lib/x86_64-linux-gnu/ld-2.23.so
7f416a330000-7f416a331000 rw-p 00026000 08:15 7082039                    /lib/x86_64-linux-gnu/ld-2.23.so
7f416a331000-7f416a332000 rw-p 00000000 00:00 0 
7ffe7b860000-7ffe7b882000 rw-p 00000000 00:00 0                          [stack]
7ffe7b895000-7ffe7b897000 r--p 00000000 00:00 0                          [vvar]
7ffe7b897000-7ffe7b899000 r-xp 00000000 00:00 0                          [vdso]
ffffffffff600000-ffffffffff601000 r-xp 00000000 00:00 0                  [vsyscall]

VM Arguments:
jvm_args: -agentlib:jdwp=transport=dt_socket,suspend=y,address=localhost:40669 -Djava.library.path=/home/noko/workspace/Java/Test/Test/LWJGL3 -Dfile.encoding=UTF-8 
java_command: engineTest.Main
java_class_path (initial): /home/nokorot/Workspace/Java/PS/PS 3.0.0/bin:/home/nokorot/Workspace/Java/PS/PS 3.0.0/LWJGL3/lwjgl.jar:/home/nokorot/Workspace/Java/PS/PS 3.0.0/LWJGL3/lwjgl-assimp-natives-linux.jar:/home/nokorot/Workspace/Java/PS/PS 3.0.0/LWJGL3/lwjgl-assimp.jar:/home/nokorot/Workspace/Java/PS/PS 3.0.0/LWJGL3/lwjgl-bgfx-natives-linux.jar:/home/nokorot/Workspace/Java/PS/PS 3.0.0/LWJGL3/lwjgl-bgfx.jar:/home/nokorot/Workspace/Java/PS/PS 3.0.0/LWJGL3/lwjgl-egl-sources.jar:/home/nokorot/Workspace/Java/PS/PS 3.0.0/LWJGL3/lwjgl-egl.jar:/home/nokorot/Workspace/Java/PS/PS 3.0.0/LWJGL3/lwjgl-glfw-natives-linux.jar:/home/nokorot/Workspace/Java/PS/PS 3.0.0/LWJGL3/lwjgl-glfw.jar:/home/nokorot/Workspace/Java/PS/PS 3.0.0/LWJGL3/lwjgl-jawt-javadoc.jar:/home/nokorot/Workspace/Java/PS/PS 3.0.0/LWJGL3/lwjgl-jawt.jar:/home/nokorot/Workspace/Java/PS/PS 3.0.0/LWJGL3/lwjgl-jemalloc-natives-linux.jar:/home/nokorot/Workspace/Java/PS/PS 3.0.0/LWJGL3/lwjgl-jemalloc.jar:/home/nokorot/Workspace/Java/PS/PS 3.0.0/LWJGL3/lwjgl-lmdb-natives-linux.jar:/home/nokorot/Workspace/Java/PS/PS 3.0.0/LWJGL3/lwjgl-lmdb.jar:/home/nokorot/Workspace/Java/PS/PS 3.0.0/LWJGL3/lwjgl-nanovg-natives-linux.jar:/home/nokorot/Workspace/Java/PS/PS 3.0.0/LWJGL3/lwjgl-nanovg.jar:/home/nokorot/Workspace/Java/PS/PS 3.0.0/LWJGL3/lwjgl-natives-linux.jar:/home/nokorot/Workspace/Java/PS/PS 3.0.0/LWJGL3/lwjgl-nfd-natives-linux.jar:/home/nokorot/Workspace/Java/PS/PS 3.0.0/LWJGL3/lwjgl-nfd.jar:/home/nokorot/Workspace/Java/PS/PS 3.0.0/LWJGL3/lwjgl-nuklear-natives-linux.jar:/home/nokorot/Workspace/Java/PS/PS 3.0.0/LWJGL3/lwjgl-nuklear.jar:/home/nokorot/Workspace/Java/PS/PS 3.0.0/LWJGL3/lwjgl-openal-natives-linux.jar:/home/nokorot/Workspace/Java/PS/PS 3.0.0/LWJGL3/lwjgl-openal.jar:/home/nokorot/Workspace/Java/PS/PS 3.0.0/LWJGL3/lwjgl-opencl.jar:/home/nokorot/Workspace/Java/PS/PS 3.0.0/LWJGL3/lwjgl-opengl-natives-linux.jar:/home/nokorot/Workspace/Java/PS/PS 3.0.0/LWJGL3/lwjgl-opengl.jar:/home/nokorot/Workspace/Java/PS/PS 3.
Launcher Type: SUN_STANDARD

Environment Variables:
JAVA_HOME=/usr/lib/jvm/java-8-oracle
PATH=/home/nokorot/.cabal/bin:/opt/cabal/1.22/bin:/opt/ghc/7.10.3/bin:/home/nokorot/.bin:/home/nokorot/bin:/home/nokorot/.local/bin:/usr/local/sbin:/usr/local/bin:/usr/sbin:/usr/bin:/sbin:/bin:/usr/games:/usr/local/games:/snap/bin:/usr/lib/jvm/java-8-oracle/bin:/usr/lib/jvm/java-8-oracle/db/bin:/usr/lib/jvm/java-8-oracle/jre/bin
USERNAME=nokorot
SHELL=/bin/bash
DISPLAY=:1

Signal Handlers:
SIGSEGV: [libjvm.so+0xac64b0], sa_mask[0]=11111111011111111101111111111110, sa_flags=SA_RESTART|SA_SIGINFO
SIGBUS: [libjvm.so+0xac64b0], sa_mask[0]=11111111011111111101111111111110, sa_flags=SA_RESTART|SA_SIGINFO
SIGFPE: [libjvm.so+0x91f950], sa_mask[0]=11111111011111111101111111111110, sa_flags=SA_RESTART|SA_SIGINFO
SIGPIPE: [libjvm.so+0x91f950], sa_mask[0]=11111111011111111101111111111110, sa_flags=SA_RESTART|SA_SIGINFO
SIGXFSZ: [libjvm.so+0x91f950], sa_mask[0]=11111111011111111101111111111110, sa_flags=SA_RESTART|SA_SIGINFO
SIGILL: [libjvm.so+0x91f950], sa_mask[0]=11111111011111111101111111111110, sa_flags=SA_RESTART|SA_SIGINFO
SIGUSR1: SIG_DFL, sa_mask[0]=00000000000000000000000000000000, sa_flags=none
SIGUSR2: [libjvm.so+0x920f80], sa_mask[0]=00100000000000000000000000000000, sa_flags=SA_RESTART|SA_SIGINFO
SIGHUP: [libjvm.so+0x922380], sa_mask[0]=11111111011111111101111111111110, sa_flags=SA_RESTART|SA_SIGINFO
SIGINT: [libjvm.so+0x922380], sa_mask[0]=11111111011111111101111111111110, sa_flags=SA_RESTART|SA_SIGINFO
SIGTERM: [libjvm.so+0x922380], sa_mask[0]=11111111011111111101111111111110, sa_flags=SA_RESTART|SA_SIGINFO
SIGQUIT: [libjvm.so+0x922380], sa_mask[0]=11111111011111111101111111111110, sa_flags=SA_RESTART|SA_SIGINFO


---------------  S Y S T E M  ---------------

OS:DISTRIB_ID=Ubuntu
DISTRIB_RELEASE=16.04
DISTRIB_CODENAME=xenial
DISTRIB_DESCRIPTION="Ubuntu 16.04.1 LTS"

uname:Linux 4.4.0-59-generic #80-Ubuntu SMP Fri Jan 6 17:47:47 UTC 2017 x86_64
libc:glibc 2.23 NPTL 2.23 
rlimit: STACK 8192k, CORE 0k, NPROC 31349, NOFILE 65536, AS infinity
load average:0,89 0,96 0,82

/proc/meminfo:
MemTotal:        8065832 kB
MemFree:          817048 kB
MemAvailable:    2054456 kB
Buffers:          100256 kB
Cached:          2070616 kB
SwapCached:         5056 kB
Active:          5162484 kB
Inactive:        1738440 kB
Active(anon):    4425536 kB
Inactive(anon):  1085236 kB
Active(file):     736948 kB
Inactive(file):   653204 kB
Unevictable:         496 kB
Mlocked:             496 kB
SwapTotal:       1951740 kB
SwapFree:        1844020 kB
Dirty:              2476 kB
Writeback:             0 kB
AnonPages:       4725508 kB
Mapped:           750348 kB
Shmem:            780720 kB
Slab:             185836 kB
SReclaimable:     135364 kB
SUnreclaim:        50472 kB
KernelStack:       14752 kB
PageTables:        67960 kB
NFS_Unstable:          0 kB
Bounce:                0 kB
WritebackTmp:          0 kB
CommitLimit:     5984656 kB
Committed_AS:   11419796 kB
VmallocTotal:   34359738367 kB
VmallocUsed:           0 kB
VmallocChunk:          0 kB
HardwareCorrupted:     0 kB
AnonHugePages:   2719744 kB
CmaTotal:              0 kB
CmaFree:               0 kB
HugePages_Total:       0
HugePages_Free:        0
HugePages_Rsvd:        0
HugePages_Surp:        0
Hugepagesize:       2048 kB
DirectMap4k:      255272 kB
DirectMap2M:     8024064 kB


CPU:total 4 (2 cores per cpu, 2 threads per core) family 6 model 58 stepping 9, cmov, cx8, fxsr, mmx, sse, sse2, sse3, ssse3, sse4.1, sse4.2, popcnt, avx, aes, clmul, erms, ht, tsc, tscinvbit, tscinv

/proc/cpuinfo:
processor	: 0
vendor_id	: GenuineIntel
cpu family	: 6
model		: 58
model name	: Intel(R) Core(TM) i5-3210M CPU @ 2.50GHz
stepping	: 9
microcode	: 0x15
cpu MHz		: 2899.902
cache size	: 3072 KB
physical id	: 0
siblings	: 4
core id		: 0
cpu cores	: 2
apicid		: 0
initial apicid	: 0
fpu		: yes
fpu_exception	: yes
cpuid level	: 13
wp		: yes
flags		: fpu vme de pse tsc msr pae mce cx8 apic sep mtrr pge mca cmov pat pse36 clflush dts acpi mmx fxsr sse sse2 ss ht tm pbe syscall nx rdtscp lm constant_tsc arch_perfmon pebs bts rep_good nopl xtopology nonstop_tsc aperfmperf eagerfpu pni pclmulqdq dtes64 monitor ds_cpl vmx est tm2 ssse3 cx16 xtpr pdcm pcid sse4_1 sse4_2 x2apic popcnt tsc_deadline_timer aes xsave avx f16c rdrand lahf_lm epb tpr_shadow vnmi flexpriority ept vpid fsgsbase smep erms xsaveopt dtherm ida arat pln pts
bugs		:
bogomips	: 4989.04
clflush size	: 64
cache_alignment	: 64
address sizes	: 36 bits physical, 48 bits virtual
power management:

processor	: 1
vendor_id	: GenuineIntel
cpu family	: 6
model		: 58
model name	: Intel(R) Core(TM) i5-3210M CPU @ 2.50GHz
stepping	: 9
microcode	: 0x15
cpu MHz		: 2900.000
cache size	: 3072 KB
physical id	: 0
siblings	: 4
core id		: 1
cpu cores	: 2
apicid		: 2
initial apicid	: 2
fpu		: yes
fpu_exception	: yes
cpuid level	: 13
wp		: yes
flags		: fpu vme de pse tsc msr pae mce cx8 apic sep mtrr pge mca cmov pat pse36 clflush dts acpi mmx fxsr sse sse2 ss ht tm pbe syscall nx rdtscp lm constant_tsc arch_perfmon pebs bts rep_good nopl xtopology nonstop_tsc aperfmperf eagerfpu pni pclmulqdq dtes64 monitor ds_cpl vmx est tm2 ssse3 cx16 xtpr pdcm pcid sse4_1 sse4_2 x2apic popcnt tsc_deadline_timer aes xsave avx f16c rdrand lahf_lm epb tpr_shadow vnmi flexpriority ept vpid fsgsbase smep erms xsaveopt dtherm ida arat pln pts
bugs		:
bogomips	: 4989.04
clflush size	: 64
cache_alignment	: 64
address sizes	: 36 bits physical, 48 bits virtual
power management:

processor	: 2
vendor_id	: GenuineIntel
cpu family	: 6
model		: 58
model name	: Intel(R) Core(TM) i5-3210M CPU @ 2.50GHz
stepping	: 9
microcode	: 0x15
cpu MHz		: 2900.000
cache size	: 3072 KB
physical id	: 0
siblings	: 4
core id		: 0
cpu cores	: 2
apicid		: 1
initial apicid	: 1
fpu		: yes
fpu_exception	: yes
cpuid level	: 13
wp		: yes
flags		: fpu vme de pse tsc msr pae mce cx8 apic sep mtrr pge mca cmov pat pse36 clflush dts acpi mmx fxsr sse sse2 ss ht tm pbe syscall nx rdtscp lm constant_tsc arch_perfmon pebs bts rep_good nopl xtopology nonstop_tsc aperfmperf eagerfpu pni pclmulqdq dtes64 monitor ds_cpl vmx est tm2 ssse3 cx16 xtpr pdcm pcid sse4_1 sse4_2 x2apic popcnt tsc_deadline_timer aes xsave avx f16c rdrand lahf_lm epb tpr_shadow vnmi flexpriority ept vpid fsgsbase smep erms xsaveopt dtherm ida arat pln pts
bugs		:
bogomips	: 4989.04
clflush size	: 64
cache_alignment	: 64
address sizes	: 36 bits physical, 48 bits virtual
power management:

processor	: 3
vendor_id	: GenuineIntel
cpu family	: 6
model		: 58
model name	: Intel(R) Core(TM) i5-3210M CPU @ 2.50GHz
stepping	: 9
microcode	: 0x15
cpu MHz		: 2900.000
cache size	: 3072 KB
physical id	: 0
siblings	: 4
core id		: 1
cpu cores	: 2
apicid		: 3
initial apicid	: 3
fpu		: yes
fpu_exception	: yes
cpuid level	: 13
wp		: yes
flags		: fpu vme de pse tsc msr pae mce cx8 apic sep mtrr pge mca cmov pat pse36 clflush dts acpi mmx fxsr sse sse2 ss ht tm pbe syscall nx rdtscp lm constant_tsc arch_perfmon pebs bts rep_good nopl xtopology nonstop_tsc aperfmperf eagerfpu pni pclmulqdq dtes64 monitor ds_cpl vmx est tm2 ssse3 cx16 xtpr pdcm pcid sse4_1 sse4_2 x2apic popcnt tsc_deadline_timer aes xsave avx f16c rdrand lahf_lm epb tpr_shadow vnmi flexpriority ept vpid fsgsbase smep erms xsaveopt dtherm ida arat pln pts
bugs		:
bogomips	: 4989.04
clflush size	: 64
cache_alignment	: 64
address sizes	: 36 bits physical, 48 bits virtual
power management:



Memory: 4k page, physical 8065832k(817048k free), swap 1951740k(1844020k free)

vm_info: Java HotSpot(TM) 64-Bit Server VM (25.111-b14) for linux-amd64 JRE (1.8.0_111-b14), built on Sep 22 2016 16:14:03 by "java_re" with gcc 4.3.0 20080428 (Red Hat 4.3.0-8)

time: Sun Feb  5 03:09:28 2017
elapsed time: 0 seconds (0d 0h 0m 0s)

