#
# A fatal error has been detected by the Java Runtime Environment:
#
#  SIGSEGV (0xb) at pc=0x00007f9106a3bd44, pid=5468, tid=0x00007f9106e43700
#
# JRE version: Java(TM) SE Runtime Environment (8.0_111-b14) (build 1.8.0_111-b14)
# Java VM: Java HotSpot(TM) 64-Bit Server VM (25.111-b14 mixed mode linux-amd64 compressed oops)
# Problematic frame:
# C  [libpthread.so.0+0x9d44]  pthread_mutex_lock+0x4
#
# Failed to write core dump. Core dumps have been disabled. To enable core dumping, try "ulimit -c unlimited" before starting Java again
#
# If you would like to submit a bug report, please visit:
#   http://bugreport.java.com/bugreport/crash.jsp
# The crash happened outside the Java Virtual Machine in native code.
# See problematic frame for where to report the bug.
#

---------------  T H R E A D  ---------------

Current thread (0x00007f910000b000):  JavaThread "main" [_thread_in_native, id=5473, stack(0x00007f9106d43000,0x00007f9106e44000)]

siginfo: si_signo: 11 (SIGSEGV), si_code: 1 (SEGV_MAPERR), si_addr: 0x0000000000000010

Registers:
RAX=0x00007f90dcd00370, RBX=0x00007f9100338130, RCX=0x0000000000000192, RDX=0x00007f9106e41ca0
RSP=0x00007f9106e41c10, RBP=0x00007f9106e41c80, RSI=0x00007f9106e41c90, RDI=0x0000000000000000
R8 =0x00007f9106e41c80, R9 =0x00007f9100333e82, R10=0x00007f90dcd85447, R11=0x0000000000000065
R12=0x00007f9106e41c7c, R13=0x00007f9106e41db8, R14=0x00007f9106e41db0, R15=0x00007f910000b1f8
RIP=0x00007f9106a3bd44, EFLAGS=0x0000000000010202, CSGSFS=0x0000000000000033, ERR=0x0000000000000004
  TRAPNO=0x000000000000000e

Top of Stack: (sp=0x00007f9106e41c10)
0x00007f9106e41c10:   0000000000000193 00007f90dcd1abfa
0x00007f9106e41c20:   00007f9106e41c90 00007f9106e41ca0
0x00007f9106e41c30:   0000000000000000 00007f91002e1050
0x00007f9106e41c40:   00007f910033a1d0 e76035af2964bc00
0x00007f9106e41c50:   00007f91002e1050 00007f910033a1d0
0x00007f9106e41c60:   00007f9100349350 00007f90dccf6f86
0x00007f9106e41c70:   00007f910000b1f8 00007f910007a708
0x00007f9106e41c80:   00007f9100349350 696c4369746c756d
0x00007f9106e41c90:   0000019300000192 00007f9100000000
0x00007f9106e41ca0:   0000015500000154 00007f9100000000
0x00007f9106e41cb0:   0000000000000004 e76035af2964bc00
0x00007f9106e41cc0:   00007f9100349350 00007f9106e41d20
0x00007f9106e41cd0:   00007f910033a1d0 00007f90dd27a981
0x00007f9106e41ce0:   00007f910000b000 00007f91002e1050
0x00007f9106e41cf0:   00007f9106e41d30 00007f90df8770b8
0x00007f9106e41d00:   0000000000000000 00007f90df8770b8
0x00007f9106e41d10:   00007f9106e41dc8 00007f910000b000
0x00007f9106e41d20:   00007f9106e41d90 00007f90f0dfca34
0x00007f9106e41d30:   00007f9106e41d90 00007f90f0dfc7b9
0x00007f9106e41d40:   00007f910000b000 00007f90f0dfc782
0x00007f9106e41d50:   00007f9106e41d50 00007f90df8770b8
0x00007f9106e41d60:   00007f9106e41dc8 00007f90df87a7e0
0x00007f9106e41d70:   0000000000000000 00007f90df8770b8
0x00007f9106e41d80:   0000000000000000 00007f9106e41db0
0x00007f9106e41d90:   00007f9106e41e10 00007f90f0ded040
0x00007f9106e41da0:   00000000d7327d60 00007f90f0df653b
0x00007f9106e41db0:   00000000d74f5a50 00000000d6ff7e80
0x00007f9106e41dc0:   00007f91002e1050 00007f90f0decdd0
0x00007f9106e41dd0:   00007f9106e41dd0 00007f90dfa13e34
0x00007f9106e41de0:   00007f9106e41e28 00007f90dfa1bd38
0x00007f9106e41df0:   0000000000000000 00007f90dfa13ed8
0x00007f9106e41e00:   00007f9106e41db0 00007f9106e41e30 

Instructions: (pc=0x00007f9106a3bd44)
0x00007f9106a3bd24:   f0 02 00 00 00 00 00 00 b8 82 00 00 00 e9 d8 f9
0x00007f9106a3bd34:   ff ff 66 2e 0f 1f 84 00 00 00 00 00 48 83 ec 08
0x00007f9106a3bd44:   8b 57 10 89 d1 81 e1 7f 01 00 00 90 89 d0 83 e0
0x00007f9106a3bd54:   7c 0f 85 95 00 00 00 85 c9 49 89 f8 0f 85 9a 00 

Register to memory mapping:

RAX=0x00007f90dcd00370: <offset 0x2b370> in /usr/lib/x86_64-linux-gnu/libX11.so.6 at 0x00007f90dccd5000
RBX=0x00007f9100338130 is an unknown value
RCX=0x0000000000000192 is an unknown value
RDX=0x00007f9106e41ca0 is pointing into the stack for thread: 0x00007f910000b000
RSP=0x00007f9106e41c10 is pointing into the stack for thread: 0x00007f910000b000
RBP=0x00007f9106e41c80 is pointing into the stack for thread: 0x00007f910000b000
RSI=0x00007f9106e41c90 is pointing into the stack for thread: 0x00007f910000b000
RDI=0x0000000000000000 is an unknown value
R8 =0x00007f9106e41c80 is pointing into the stack for thread: 0x00007f910000b000
R9 =0x00007f9100333e82 is an unknown value
R10=0x00007f90dcd85447: <offset 0xb0447> in /usr/lib/x86_64-linux-gnu/libX11.so.6 at 0x00007f90dccd5000
R11=0x0000000000000065 is an unknown value
R12=0x00007f9106e41c7c is pointing into the stack for thread: 0x00007f910000b000
R13=0x00007f9106e41db8 is pointing into the stack for thread: 0x00007f910000b000
R14=0x00007f9106e41db0 is pointing into the stack for thread: 0x00007f910000b000
R15=0x00007f910000b1f8 is an unknown value


Stack: [0x00007f9106d43000,0x00007f9106e44000],  sp=0x00007f9106e41c10,  free space=1019k
Native frames: (J=compiled Java code, j=interpreted, Vv=VM code, C=native code)
C  [libpthread.so.0+0x9d44]  pthread_mutex_lock+0x4
C  0x696c4369746c756d

Java frames: (J=compiled Java code, j=interpreted, Vv=VM code)
j  sun.awt.X11.XlibWrapper.XGetDefault(JLjava/lang/String;Ljava/lang/String;)Ljava/lang/String;+0
j  sun.awt.X11.XToolkit.initializeMultiClickTime()V+12
j  sun.awt.X11.XToolkit.getMultiClickTime()I+6
j  sun.awt.X11.XToolkit.initializeDesktopProperties()V+82
j  java.awt.Toolkit.getDesktopProperty(Ljava/lang/String;)Ljava/lang/Object;+32
j  sun.swing.SwingUtilities2$AATextInfo.getAATextInfo(Z)Lsun/swing/SwingUtilities2$AATextInfo;+11
j  javax.swing.plaf.metal.MetalLookAndFeel.initComponentDefaults(Ljavax/swing/UIDefaults;)V+12062
j  javax.swing.plaf.basic.BasicLookAndFeel.getDefaults()Ljavax/swing/UIDefaults;+25
j  javax.swing.plaf.metal.MetalLookAndFeel.getDefaults()Ljavax/swing/UIDefaults;+9
j  javax.swing.UIManager.setLookAndFeel(Ljavax/swing/LookAndFeel;)V+79
j  javax.swing.UIManager.setLookAndFeel(Ljava/lang/String;)V+16
j  javax.swing.UIManager.initializeDefaultLAF(Ljava/util/Properties;)V+55
j  javax.swing.UIManager.initialize()V+9
j  javax.swing.UIManager.maybeInitialize()V+22
j  javax.swing.UIManager.getUI(Ljavax/swing/JComponent;)Ljavax/swing/plaf/ComponentUI;+0
j  javax.swing.JPanel.updateUI()V+2
j  javax.swing.JPanel.<init>(Ljava/awt/LayoutManager;Z)V+24
j  javax.swing.JPanel.<init>(Z)V+9
j  javax.swing.JPanel.<init>()V+2
j  javax.swing.JRootPane.createGlassPane()Ljava/awt/Component;+4
j  javax.swing.JRootPane.<init>()V+11
j  javax.swing.JFrame.createRootPane()Ljavax/swing/JRootPane;+4
j  javax.swing.JFrame.frameInit()V+16
j  javax.swing.JFrame.<init>(Ljava/lang/String;)V+21
j  engineTest.Main.<init>()V+3
j  engineTest.Main.main([Ljava/lang/String;)V+20
v  ~StubRoutines::call_stub

---------------  P R O C E S S  ---------------

Java Threads: ( => current thread )
  0x00007f9100340800 JavaThread "AWT-XAWT" daemon [_thread_in_native, id=5490, stack(0x00007f90b2ae8000,0x00007f90b2be9000)]
  0x00007f910031e000 JavaThread "Java2D Disposer" daemon [_thread_blocked, id=5489, stack(0x00007f90b3246000,0x00007f90b3347000)]
  0x00007f91002da000 JavaThread "Thread-0" [_thread_in_native, id=5488, stack(0x00007f90b3eff000,0x00007f90b4000000)]
  0x00007f91000ec800 JavaThread "Service Thread" daemon [_thread_blocked, id=5486, stack(0x00007f90dd877000,0x00007f90dd978000)]
  0x00007f91000bf800 JavaThread "C1 CompilerThread2" daemon [_thread_blocked, id=5485, stack(0x00007f90dd978000,0x00007f90dda79000)]
  0x00007f91000bd800 JavaThread "C2 CompilerThread1" daemon [_thread_blocked, id=5484, stack(0x00007f90dda79000,0x00007f90ddb7a000)]
  0x00007f91000bb000 JavaThread "C2 CompilerThread0" daemon [_thread_blocked, id=5483, stack(0x00007f90ddb7a000,0x00007f90ddc7b000)]
  0x00007f91000b9800 JavaThread "Signal Dispatcher" daemon [_thread_blocked, id=5482, stack(0x00007f90ddc7b000,0x00007f90ddd7c000)]
  0x00007f9100085000 JavaThread "Finalizer" daemon [_thread_blocked, id=5480, stack(0x00007f90de1d3000,0x00007f90de2d4000)]
  0x00007f9100080800 JavaThread "Reference Handler" daemon [_thread_blocked, id=5479, stack(0x00007f90de2d4000,0x00007f90de3d5000)]
=>0x00007f910000b000 JavaThread "main" [_thread_in_native, id=5473, stack(0x00007f9106d43000,0x00007f9106e44000)]

Other Threads:
  0x00007f9100079000 VMThread [stack: 0x00007f90de3d5000,0x00007f90de4d6000] [id=5478]
  0x00007f91000ef800 WatcherThread [stack: 0x00007f90dd776000,0x00007f90dd877000] [id=5487]

VM state:not at safepoint (normal execution)

VM Mutex/Monitor currently owned by a thread: None

Heap:
 PSYoungGen      total 36864K, used 7619K [0x00000000d6f80000, 0x00000000d9880000, 0x0000000100000000)
  eden space 31744K, 24% used [0x00000000d6f80000,0x00000000d76f0cd8,0x00000000d8e80000)
  from space 5120K, 0% used [0x00000000d9380000,0x00000000d9380000,0x00000000d9880000)
  to   space 5120K, 0% used [0x00000000d8e80000,0x00000000d8e80000,0x00000000d9380000)
 ParOldGen       total 84992K, used 0K [0x0000000084e00000, 0x000000008a100000, 0x00000000d6f80000)
  object space 84992K, 0% used [0x0000000084e00000,0x0000000084e00000,0x000000008a100000)
 Metaspace       used 8382K, capacity 8558K, committed 8704K, reserved 1056768K
  class space    used 913K, capacity 1000K, committed 1024K, reserved 1048576K

Card table byte_map: [0x00007f90f064b000,0x00007f90f0a25000] byte_map_base: 0x00007f90f0224000

Marking Bits: (ParMarkBitMap*) 0x00007f9106222220
 Begin Bits: [0x00007f90ec226000, 0x00007f90ee0ee000)
 End Bits:   [0x00007f90ee0ee000, 0x00007f90effb6000)

Polling page: 0x00007f9106e71000

CodeCache: size=245760Kb used=2178Kb max_used=2178Kb free=243581Kb
 bounds [0x00007f90f0de5000, 0x00007f90f1055000, 0x00007f90ffde5000]
 total_blobs=1201 nmethods=415 adapters=700
 compilation: enabled

Compilation events (10 events):
Event: 0,339 Thread 0x00007f91000bf800  411       3       java.lang.invoke.MethodType::toMethodDescriptorString (21 bytes)
Event: 0,341 Thread 0x00007f91000bf800 nmethod 411 0x00007f90f1003950 code [0x00007f90f1003b60, 0x00007f90f1004658]
Event: 0,341 Thread 0x00007f91000bf800  412       3       java.lang.reflect.Modifier::isFinal (13 bytes)
Event: 0,341 Thread 0x00007f91000bf800 nmethod 412 0x00007f90f1004d90 code [0x00007f90f1004f00, 0x00007f90f1005090]
Event: 0,341 Thread 0x00007f91000bf800  413       3       java.lang.invoke.MethodType$ConcurrentWeakInternSet$WeakEntry::equals (49 bytes)
Event: 0,341 Thread 0x00007f91000bf800 nmethod 413 0x00007f90f1005110 code [0x00007f90f10052a0, 0x00007f90f1005908]
Event: 0,341 Thread 0x00007f91000bf800  414       3       jdk.internal.org.objectweb.asm.Item::<init> (5 bytes)
Event: 0,341 Thread 0x00007f91000bf800 nmethod 414 0x00007f90f1005a10 code [0x00007f90f1005b80, 0x00007f90f1005d30]
Event: 0,341 Thread 0x00007f91000bf800  415       3       java.lang.reflect.Modifier::isPublic (12 bytes)
Event: 0,341 Thread 0x00007f91000bf800 nmethod 415 0x00007f90f1005dd0 code [0x00007f90f1005f40, 0x00007f90f10060d0]

GC Heap History (0 events):
No events

Deoptimization events (1 events):
Event: 0,182 Thread 0x00007f910000b000 Uncommon trap: reason=null_check action=make_not_entrant pc=0x00007f90f0f48ac4 method=java.lang.String.equals(Ljava/lang/Object;)Z @ 8

Internal exceptions (10 events):
Event: 0,029 Thread 0x00007f910000b000 Exception <a 'java/lang/NoSuchMethodError': Method sun.misc.Unsafe.prefetchRead(Ljava/lang/Object;J)V name or signature does not match> (0x00000000d6f87f60) thrown at [/HUDSON3/workspace/8-2-build-linux-amd64/jdk8u111/7883/hotspot/src/share/vm/prims/jni.c
Event: 0,095 Thread 0x00007f910000b000 Exception <a 'java/security/PrivilegedActionException'> (0x00000000d7012588) thrown at [/HUDSON3/workspace/8-2-build-linux-amd64/jdk8u111/7883/hotspot/src/share/vm/prims/jvm.cpp, line 1386]
Event: 0,095 Thread 0x00007f910000b000 Exception <a 'java/security/PrivilegedActionException'> (0x00000000d7012798) thrown at [/HUDSON3/workspace/8-2-build-linux-amd64/jdk8u111/7883/hotspot/src/share/vm/prims/jvm.cpp, line 1386]
Event: 0,095 Thread 0x00007f910000b000 Exception <a 'java/security/PrivilegedActionException'> (0x00000000d7014bd8) thrown at [/HUDSON3/workspace/8-2-build-linux-amd64/jdk8u111/7883/hotspot/src/share/vm/prims/jvm.cpp, line 1386]
Event: 0,095 Thread 0x00007f910000b000 Exception <a 'java/security/PrivilegedActionException'> (0x00000000d7014de8) thrown at [/HUDSON3/workspace/8-2-build-linux-amd64/jdk8u111/7883/hotspot/src/share/vm/prims/jvm.cpp, line 1386]
Event: 0,147 Thread 0x00007f910000b000 Exception <a 'java/lang/NoSuchFieldError': method resolution failed> (0x00000000d7180298) thrown at [/HUDSON3/workspace/8-2-build-linux-amd64/jdk8u111/7883/hotspot/src/share/vm/prims/methodHandles.cpp, line 1146]
Event: 0,149 Thread 0x00007f910000b000 Exception <a 'java/lang/NoSuchFieldError': method resolution failed> (0x00000000d718da68) thrown at [/HUDSON3/workspace/8-2-build-linux-amd64/jdk8u111/7883/hotspot/src/share/vm/prims/methodHandles.cpp, line 1146]
Event: 0,177 Thread 0x00007f910000b000 Exception <a 'java/io/FileNotFoundException'> (0x00000000d720dce0) thrown at [/HUDSON3/workspace/8-2-build-linux-amd64/jdk8u111/7883/hotspot/src/share/vm/prims/jni.cpp, line 709]
Event: 0,177 Thread 0x00007f910000b000 Exception <a 'java/io/FileNotFoundException'> (0x00000000d720e698) thrown at [/HUDSON3/workspace/8-2-build-linux-amd64/jdk8u111/7883/hotspot/src/share/vm/prims/jni.cpp, line 709]
Event: 0,182 Thread 0x00007f910000b000 Implicit null exception at 0x00007f90f0f488e2 to 0x00007f90f0f48ab5

Events (10 events):
Event: 0,337 loading class javax/swing/plaf/DimensionUIResource
Event: 0,337 loading class javax/swing/plaf/DimensionUIResource done
Event: 0,337 loading class javax/swing/UIDefaults$LazyInputMap
Event: 0,337 loading class javax/swing/UIDefaults$LazyInputMap done
Event: 0,339 loading class javax/swing/plaf/metal/MetalLookAndFeel$FontActiveValue
Event: 0,339 loading class javax/swing/plaf/metal/MetalLookAndFeel$FontActiveValue done
Event: 0,341 loading class sun/swing/SwingUtilities2$AATextInfo
Event: 0,341 loading class sun/swing/SwingUtilities2$AATextInfo done
Event: 0,341 loading class sun/awt/HeadlessToolkit
Event: 0,341 loading class sun/awt/HeadlessToolkit done


Dynamic libraries:
00400000-00401000 r-xp 00000000 08:15 12855452                           /usr/lib/jvm/java-8-oracle/bin/java
00600000-00601000 rw-p 00000000 08:15 12855452                           /usr/lib/jvm/java-8-oracle/bin/java
01e6a000-01e8b000 rw-p 00000000 00:00 0                                  [heap]
84e00000-8a100000 rw-p 00000000 00:00 0 
8a100000-d6f80000 ---p 00000000 00:00 0 
d6f80000-d9880000 rw-p 00000000 00:00 0 
d9880000-100000000 ---p 00000000 00:00 0 
100000000-100100000 rw-p 00000000 00:00 0 
100100000-140000000 ---p 00000000 00:00 0 
7f90a4000000-7f90a4021000 rw-p 00000000 00:00 0 
7f90a4021000-7f90a8000000 ---p 00000000 00:00 0 
7f90a8000000-7f90a8021000 rw-p 00000000 00:00 0 
7f90a8021000-7f90ac000000 ---p 00000000 00:00 0 
7f90ac000000-7f90ac2a4000 rw-p 00000000 00:00 0 
7f90ac2a4000-7f90b0000000 ---p 00000000 00:00 0 
7f90b1bca000-7f90b1bcb000 r-xp 00000000 08:15 12329465                   /usr/lib/x86_64-linux-gnu/libX11-xcb.so.1.0.0
7f90b1bcb000-7f90b1dca000 ---p 00001000 08:15 12329465                   /usr/lib/x86_64-linux-gnu/libX11-xcb.so.1.0.0
7f90b1dca000-7f90b1dcb000 r--p 00000000 08:15 12329465                   /usr/lib/x86_64-linux-gnu/libX11-xcb.so.1.0.0
7f90b1dcb000-7f90b1dcc000 rw-p 00001000 08:15 12329465                   /usr/lib/x86_64-linux-gnu/libX11-xcb.so.1.0.0
7f90b1dcc000-7f90b1dd1000 r-xp 00000000 08:15 12329520                   /usr/lib/x86_64-linux-gnu/libXxf86vm.so.1.0.0
7f90b1dd1000-7f90b1fd0000 ---p 00005000 08:15 12329520                   /usr/lib/x86_64-linux-gnu/libXxf86vm.so.1.0.0
7f90b1fd0000-7f90b1fd1000 r--p 00004000 08:15 12329520                   /usr/lib/x86_64-linux-gnu/libXxf86vm.so.1.0.0
7f90b1fd1000-7f90b1fd2000 rw-p 00005000 08:15 12329520                   /usr/lib/x86_64-linux-gnu/libXxf86vm.so.1.0.0
7f90b1fd2000-7f90b1fd4000 r-xp 00000000 08:15 12329494                   /usr/lib/x86_64-linux-gnu/libXinerama.so.1.0.0
7f90b1fd4000-7f90b21d3000 ---p 00002000 08:15 12329494                   /usr/lib/x86_64-linux-gnu/libXinerama.so.1.0.0
7f90b21d3000-7f90b21d4000 r--p 00001000 08:15 12329494                   /usr/lib/x86_64-linux-gnu/libXinerama.so.1.0.0
7f90b21d4000-7f90b21d5000 rw-p 00002000 08:15 12329494                   /usr/lib/x86_64-linux-gnu/libXinerama.so.1.0.0
7f90b21d5000-7f90b21df000 r-xp 00000000 08:15 12329502                   /usr/lib/x86_64-linux-gnu/libXrandr.so.2.2.0
7f90b21df000-7f90b23de000 ---p 0000a000 08:15 12329502                   /usr/lib/x86_64-linux-gnu/libXrandr.so.2.2.0
7f90b23de000-7f90b23df000 r--p 00009000 08:15 12329502                   /usr/lib/x86_64-linux-gnu/libXrandr.so.2.2.0
7f90b23df000-7f90b23e0000 rw-p 0000a000 08:15 12329502                   /usr/lib/x86_64-linux-gnu/libXrandr.so.2.2.0
7f90b23e0000-7f90b23fe000 r-xp 00000000 08:15 1466952                    /tmp/lwjglnokorot/3.1.1-build-16/libglfw.so
7f90b23fe000-7f90b25fd000 ---p 0001e000 08:15 1466952                    /tmp/lwjglnokorot/3.1.1-build-16/libglfw.so
7f90b25fd000-7f90b25fe000 r--p 0001d000 08:15 1466952                    /tmp/lwjglnokorot/3.1.1-build-16/libglfw.so
7f90b25fe000-7f90b25ff000 rw-p 0001e000 08:15 1466952                    /tmp/lwjglnokorot/3.1.1-build-16/libglfw.so
7f90b25ff000-7f90b2600000 rw-p 00000000 00:00 0 
7f90b2600000-7f90b2800000 rw-p 00000000 00:00 0 
7f90b28ab000-7f90b28e4000 r-xp 00000000 08:15 1466951                    /tmp/lwjglnokorot/3.1.1-build-16/libjemalloc.so
7f90b28e4000-7f90b2ae3000 ---p 00039000 08:15 1466951                    /tmp/lwjglnokorot/3.1.1-build-16/libjemalloc.so
7f90b2ae3000-7f90b2ae6000 r--p 00038000 08:15 1466951                    /tmp/lwjglnokorot/3.1.1-build-16/libjemalloc.so
7f90b2ae6000-7f90b2ae7000 rw-p 0003b000 08:15 1466951                    /tmp/lwjglnokorot/3.1.1-build-16/libjemalloc.so
7f90b2ae7000-7f90b2ae8000 rw-p 00000000 00:00 0 
7f90b2ae8000-7f90b2aeb000 ---p 00000000 00:00 0 
7f90b2aeb000-7f90b2be9000 rw-p 00000000 00:00 0 
7f90b2be9000-7f90b2c34000 r-xp 00000000 08:15 1466950                    /tmp/lwjglnokorot/3.1.1-build-16/liblwjgl.so
7f90b2c34000-7f90b2e34000 ---p 0004b000 08:15 1466950                    /tmp/lwjglnokorot/3.1.1-build-16/liblwjgl.so
7f90b2e34000-7f90b2e35000 r--p 0004b000 08:15 1466950                    /tmp/lwjglnokorot/3.1.1-build-16/liblwjgl.so
7f90b2e35000-7f90b2e36000 rw-p 0004c000 08:15 1466950                    /tmp/lwjglnokorot/3.1.1-build-16/liblwjgl.so
7f90b2e36000-7f90b2e3b000 r-xp 00000000 08:15 12329486                   /usr/lib/x86_64-linux-gnu/libXfixes.so.3.1.0
7f90b2e3b000-7f90b303a000 ---p 00005000 08:15 12329486                   /usr/lib/x86_64-linux-gnu/libXfixes.so.3.1.0
7f90b303a000-7f90b303b000 r--p 00004000 08:15 12329486                   /usr/lib/x86_64-linux-gnu/libXfixes.so.3.1.0
7f90b303b000-7f90b303c000 rw-p 00005000 08:15 12329486                   /usr/lib/x86_64-linux-gnu/libXfixes.so.3.1.0
7f90b303c000-7f90b3045000 r-xp 00000000 08:15 12329478                   /usr/lib/x86_64-linux-gnu/libXcursor.so.1.0.2
7f90b3045000-7f90b3244000 ---p 00009000 08:15 12329478                   /usr/lib/x86_64-linux-gnu/libXcursor.so.1.0.2
7f90b3244000-7f90b3245000 r--p 00008000 08:15 12329478                   /usr/lib/x86_64-linux-gnu/libXcursor.so.1.0.2
7f90b3245000-7f90b3246000 rw-p 00009000 08:15 12329478                   /usr/lib/x86_64-linux-gnu/libXcursor.so.1.0.2
7f90b3246000-7f90b3249000 ---p 00000000 00:00 0 
7f90b3249000-7f90b3648000 rw-p 00000000 00:00 0 
7f90b3648000-7f90b365e000 r-xp 00000000 08:15 12980356                   /usr/lib/jvm/java-8-oracle/jre/lib/amd64/libnet.so
7f90b365e000-7f90b385e000 ---p 00016000 08:15 12980356                   /usr/lib/jvm/java-8-oracle/jre/lib/amd64/libnet.so
7f90b385e000-7f90b385f000 rw-p 00016000 08:15 12980356                   /usr/lib/jvm/java-8-oracle/jre/lib/amd64/libnet.so
7f90b385f000-7f90b3870000 r-xp 00000000 08:15 12980591                   /usr/lib/jvm/java-8-oracle/jre/lib/amd64/libnio.so
7f90b3870000-7f90b3a6f000 ---p 00011000 08:15 12980591                   /usr/lib/jvm/java-8-oracle/jre/lib/amd64/libnio.so
7f90b3a6f000-7f90b3a70000 rw-p 00010000 08:15 12980591                   /usr/lib/jvm/java-8-oracle/jre/lib/amd64/libnio.so
7f90b3a70000-7f90b3a86000 r-xp 00000000 08:15 7082441                    /lib/x86_64-linux-gnu/libgcc_s.so.1
7f90b3a86000-7f90b3c85000 ---p 00016000 08:15 7082441                    /lib/x86_64-linux-gnu/libgcc_s.so.1
7f90b3c85000-7f90b3c86000 rw-p 00015000 08:15 7082441                    /lib/x86_64-linux-gnu/libgcc_s.so.1
7f90b3c86000-7f90b3ceb000 r-xp 00000000 08:15 12980585                   /usr/lib/jvm/java-8-oracle/jre/lib/amd64/libfontmanager.so
7f90b3ceb000-7f90b3eea000 ---p 00065000 08:15 12980585                   /usr/lib/jvm/java-8-oracle/jre/lib/amd64/libfontmanager.so
7f90b3eea000-7f90b3eef000 rw-p 00064000 08:15 12980585                   /usr/lib/jvm/java-8-oracle/jre/lib/amd64/libfontmanager.so
7f90b3eef000-7f90b3eff000 rw-p 00000000 00:00 0 
7f90b3eff000-7f90b3f02000 ---p 00000000 00:00 0 
7f90b3f02000-7f90b4000000 rw-p 00000000 00:00 0 
7f90b4000000-7f90b4021000 rw-p 00000000 00:00 0 
7f90b4021000-7f90b8000000 ---p 00000000 00:00 0 
7f90b8000000-7f90b8021000 rw-p 00000000 00:00 0 
7f90b8021000-7f90bc000000 ---p 00000000 00:00 0 
7f90bc000000-7f90bc106000 rw-p 00000000 00:00 0 
7f90bc106000-7f90c0000000 ---p 00000000 00:00 0 
7f90c0000000-7f90c0186000 rw-p 00000000 00:00 0 
7f90c0186000-7f90c4000000 ---p 00000000 00:00 0 
7f90c4000000-7f90c4021000 rw-p 00000000 00:00 0 
7f90c4021000-7f90c8000000 ---p 00000000 00:00 0 
7f90c8000000-7f90c80b4000 rw-p 00000000 00:00 0 
7f90c80b4000-7f90cc000000 ---p 00000000 00:00 0 
7f90cc000000-7f90cc021000 rw-p 00000000 00:00 0 
7f90cc021000-7f90d0000000 ---p 00000000 00:00 0 
7f90d0000000-7f90d0021000 rw-p 00000000 00:00 0 
7f90d0021000-7f90d4000000 ---p 00000000 00:00 0 
7f90d4000000-7f90d4021000 rw-p 00000000 00:00 0 
7f90d4021000-7f90d8000000 ---p 00000000 00:00 0 
7f90d8000000-7f90d8021000 rw-p 00000000 00:00 0 
7f90d8021000-7f90dc000000 ---p 00000000 00:00 0 
7f90dc089000-7f90dc08e000 r-xp 00000000 08:15 12329482                   /usr/lib/x86_64-linux-gnu/libXdmcp.so.6.0.0
7f90dc08e000-7f90dc28d000 ---p 00005000 08:15 12329482                   /usr/lib/x86_64-linux-gnu/libXdmcp.so.6.0.0
7f90dc28d000-7f90dc28e000 r--p 00004000 08:15 12329482                   /usr/lib/x86_64-linux-gnu/libXdmcp.so.6.0.0
7f90dc28e000-7f90dc28f000 rw-p 00005000 08:15 12329482                   /usr/lib/x86_64-linux-gnu/libXdmcp.so.6.0.0
7f90dc28f000-7f90dc291000 r-xp 00000000 08:15 12329471                   /usr/lib/x86_64-linux-gnu/libXau.so.6.0.0
7f90dc291000-7f90dc491000 ---p 00002000 08:15 12329471                   /usr/lib/x86_64-linux-gnu/libXau.so.6.0.0
7f90dc491000-7f90dc492000 r--p 00002000 08:15 12329471                   /usr/lib/x86_64-linux-gnu/libXau.so.6.0.0
7f90dc492000-7f90dc493000 rw-p 00003000 08:15 12329471                   /usr/lib/x86_64-linux-gnu/libXau.so.6.0.0
7f90dc493000-7f90dc4b4000 r-xp 00000000 08:15 12330820                   /usr/lib/x86_64-linux-gnu/libxcb.so.1.1.0
7f90dc4b4000-7f90dc6b3000 ---p 00021000 08:15 12330820                   /usr/lib/x86_64-linux-gnu/libxcb.so.1.1.0
7f90dc6b3000-7f90dc6b4000 r--p 00020000 08:15 12330820                   /usr/lib/x86_64-linux-gnu/libxcb.so.1.1.0
7f90dc6b4000-7f90dc6b5000 rw-p 00021000 08:15 12330820                   /usr/lib/x86_64-linux-gnu/libxcb.so.1.1.0
7f90dc6b5000-7f90dc6c4000 r-xp 00000000 08:15 12329492                   /usr/lib/x86_64-linux-gnu/libXi.so.6.1.0
7f90dc6c4000-7f90dc8c3000 ---p 0000f000 08:15 12329492                   /usr/lib/x86_64-linux-gnu/libXi.so.6.1.0
7f90dc8c3000-7f90dc8c4000 r--p 0000e000 08:15 12329492                   /usr/lib/x86_64-linux-gnu/libXi.so.6.1.0
7f90dc8c4000-7f90dc8c5000 rw-p 0000f000 08:15 12329492                   /usr/lib/x86_64-linux-gnu/libXi.so.6.1.0
7f90dc8c5000-7f90dc8ca000 r-xp 00000000 08:15 12329510                   /usr/lib/x86_64-linux-gnu/libXtst.so.6.1.0
7f90dc8ca000-7f90dcac9000 ---p 00005000 08:15 12329510                   /usr/lib/x86_64-linux-gnu/libXtst.so.6.1.0
7f90dcac9000-7f90dcaca000 r--p 00004000 08:15 12329510                   /usr/lib/x86_64-linux-gnu/libXtst.so.6.1.0
7f90dcaca000-7f90dcacb000 rw-p 00005000 08:15 12329510                   /usr/lib/x86_64-linux-gnu/libXtst.so.6.1.0
7f90dcacb000-7f90dcad4000 r-xp 00000000 08:15 12329504                   /usr/lib/x86_64-linux-gnu/libXrender.so.1.3.0
7f90dcad4000-7f90dccd3000 ---p 00009000 08:15 12329504                   /usr/lib/x86_64-linux-gnu/libXrender.so.1.3.0
7f90dccd3000-7f90dccd4000 r--p 00008000 08:15 12329504                   /usr/lib/x86_64-linux-gnu/libXrender.so.1.3.0
7f90dccd4000-7f90dccd5000 rw-p 00009000 08:15 12329504                   /usr/lib/x86_64-linux-gnu/libXrender.so.1.3.0
7f90dccd5000-7f90dce0a000 r-xp 00000000 08:15 12329467                   /usr/lib/x86_64-linux-gnu/libX11.so.6.3.0
7f90dce0a000-7f90dd00a000 ---p 00135000 08:15 12329467                   /usr/lib/x86_64-linux-gnu/libX11.so.6.3.0
7f90dd00a000-7f90dd00b000 r--p 00135000 08:15 12329467                   /usr/lib/x86_64-linux-gnu/libX11.so.6.3.0
7f90dd00b000-7f90dd00f000 rw-p 00136000 08:15 12329467                   /usr/lib/x86_64-linux-gnu/libX11.so.6.3.0
7f90dd00f000-7f90dd020000 r-xp 00000000 08:15 12329484                   /usr/lib/x86_64-linux-gnu/libXext.so.6.4.0
7f90dd020000-7f90dd21f000 ---p 00011000 08:15 12329484                   /usr/lib/x86_64-linux-gnu/libXext.so.6.4.0
7f90dd21f000-7f90dd220000 r--p 00010000 08:15 12329484                   /usr/lib/x86_64-linux-gnu/libXext.so.6.4.0
7f90dd220000-7f90dd221000 rw-p 00011000 08:15 12329484                   /usr/lib/x86_64-linux-gnu/libXext.so.6.4.0
7f90dd226000-7f90dd227000 rwxp 00000000 00:00 0 
7f90dd227000-7f90dd228000 r--s 00004000 08:15 13654818                   /home/nokorot/Workspace/Java/PS/PS 3.0.0/LWJGL3/lwjgl-xxhash.jar
7f90dd228000-7f90dd229000 r--s 00001000 08:15 13654817                   /home/nokorot/Workspace/Java/PS/PS 3.0.0/LWJGL3/lwjgl-xxhash-natives-linux.jar
7f90dd229000-7f90dd232000 r--s 000a6000 08:15 13654825                   /home/nokorot/Workspace/Java/PS/PS 3.0.0/LWJGL3/lwjgl-vulkan.jar
7f90dd232000-7f90dd237000 r--s 000ac000 08:15 13654824                   /home/nokorot/Workspace/Java/PS/PS 3.0.0/LWJGL3/lwjgl-vulkan-sources.jar
7f90dd237000-7f90dd238000 r--s 00001000 08:15 13654813                   /home/nokorot/Workspace/Java/PS/PS 3.0.0/LWJGL3/lwjgl-tinyfd.jar
7f90dd238000-7f90dd239000 r--s 00007000 08:15 13654815                   /home/nokorot/Workspace/Java/PS/PS 3.0.0/LWJGL3/lwjgl-tinyfd-natives-linux.jar
7f90dd239000-7f90dd23c000 r--s 00012000 08:15 13654809                   /home/nokorot/Workspace/Java/PS/PS 3.0.0/LWJGL3/lwjgl-stb.jar
7f90dd23c000-7f90dd23d000 r--s 0002c000 08:15 13654808                   /home/nokorot/Workspace/Java/PS/PS 3.0.0/LWJGL3/lwjgl-stb-natives-linux.jar
7f90dd23d000-7f90dd23e000 r--s 00000000 08:15 13654803                   /home/nokorot/Workspace/Java/PS/PS 3.0.0/LWJGL3/lwjgl-sse.jar
7f90dd23e000-7f90dd23f000 r--s 00000000 08:15 13654802                   /home/nokorot/Workspace/Java/PS/PS 3.0.0/LWJGL3/lwjgl-sse-natives-linux.jar
7f90dd23f000-7f90dd241000 r--s 00058000 08:15 13654804                   /home/nokorot/Workspace/Java/PS/PS 3.0.0/LWJGL3/lwjgl-sse-javadoc.jar
7f90dd241000-7f90dd243000 r--s 00001000 08:15 13654799                   /home/nokorot/Workspace/Java/PS/PS 3.0.0/LWJGL3/lwjgl-par.jar
7f90dd243000-7f90dd244000 r--s 00005000 08:15 13654795                   /home/nokorot/Workspace/Java/PS/PS 3.0.0/LWJGL3/lwjgl-par-natives-linux.jar
7f90dd244000-7f90dd24a000 r--s 00048000 08:15 13654794                   /home/nokorot/Workspace/Java/PS/PS 3.0.0/LWJGL3/lwjgl-opengles.jar
7f90dd24a000-7f90dd24b000 r--s 00007000 08:15 13654792                   /home/nokorot/Workspace/Java/PS/PS 3.0.0/LWJGL3/lwjgl-opengles-natives-linux.jar
7f90dd24b000-7f90dd29f000 r-xp 00000000 08:15 12980593                   /usr/lib/jvm/java-8-oracle/jre/lib/amd64/libawt_xawt.so
7f90dd29f000-7f90dd49f000 ---p 00054000 08:15 12980593                   /usr/lib/jvm/java-8-oracle/jre/lib/amd64/libawt_xawt.so
7f90dd49f000-7f90dd4a3000 rw-p 00054000 08:15 12980593                   /usr/lib/jvm/java-8-oracle/jre/lib/amd64/libawt_xawt.so
7f90dd4a3000-7f90dd4a4000 rw-p 00000000 00:00 0 
7f90dd4a4000-7f90dd546000 r-xp 00000000 08:15 12980626                   /usr/lib/jvm/java-8-oracle/jre/lib/amd64/libawt.so
7f90dd546000-7f90dd746000 ---p 000a2000 08:15 12980626                   /usr/lib/jvm/java-8-oracle/jre/lib/amd64/libawt.so
7f90dd746000-7f90dd752000 rw-p 000a2000 08:15 12980626                   /usr/lib/jvm/java-8-oracle/jre/lib/amd64/libawt.so
7f90dd752000-7f90dd776000 rw-p 00000000 00:00 0 
7f90dd776000-7f90dd777000 ---p 00000000 00:00 0 
7f90dd777000-7f90dd877000 rw-p 00000000 00:00 0 
7f90dd877000-7f90dd87a000 ---p 00000000 00:00 0 
7f90dd87a000-7f90dd978000 rw-p 00000000 00:00 0 
7f90dd978000-7f90dd97b000 ---p 00000000 00:00 0 
7f90dd97b000-7f90dda79000 rw-p 00000000 00:00 0 
7f90dda79000-7f90dda7c000 ---p 00000000 00:00 0 
7f90dda7c000-7f90ddb7a000 rw-p 00000000 00:00 0 
7f90ddb7a000-7f90ddb7d000 ---p 00000000 00:00 0 
7f90ddb7d000-7f90ddc7b000 rw-p 00000000 00:00 0 
7f90ddc7b000-7f90ddc7e000 ---p 00000000 00:00 0 
7f90ddc7e000-7f90ddd7c000 rw-p 00000000 00:00 0 
7f90ddd7c000-7f90de1d3000 r--p 00000000 08:15 12322328                   /usr/lib/locale/locale-archive
7f90de1d3000-7f90de1d6000 ---p 00000000 00:00 0 
7f90de1d6000-7f90de2d4000 rw-p 00000000 00:00 0 
7f90de2d4000-7f90de2d7000 ---p 00000000 00:00 0 
7f90de2d7000-7f90de3d5000 rw-p 00000000 00:00 0 
7f90de3d5000-7f90de3d6000 ---p 00000000 00:00 0 
7f90de3d6000-7f90dfba7000 rw-p 00000000 00:00 0 
7f90dfba7000-7f90dfc27000 ---p 00000000 00:00 0 
7f90dfc27000-7f90e0000000 rw-p 00000000 00:00 0 
7f90e0000000-7f90e0021000 rw-p 00000000 00:00 0 
7f90e0021000-7f90e4000000 ---p 00000000 00:00 0 
7f90e4000000-7f90e4021000 rw-p 00000000 00:00 0 
7f90e4021000-7f90e8000000 ---p 00000000 00:00 0 
7f90e8000000-7f90e8021000 rw-p 00000000 00:00 0 
7f90e8021000-7f90ec000000 ---p 00000000 00:00 0 
7f90ec000000-7f90ec009000 r--s 000ba000 08:15 13654797                   /home/nokorot/Workspace/Java/PS/PS 3.0.0/LWJGL3/lwjgl-opengl.jar
7f90ec009000-7f90ec00c000 r--s 00023000 08:15 13654790                   /home/nokorot/Workspace/Java/PS/PS 3.0.0/LWJGL3/lwjgl-opencl.jar
7f90ec00c000-7f90ec04e000 rw-p 00000000 00:00 0 
7f90ec04e000-7f90ec226000 r--s 03d2a000 08:15 12855517                   /usr/lib/jvm/java-8-oracle/jre/lib/rt.jar
7f90ec226000-7f90effb6000 rw-p 00000000 00:00 0 
7f90effb6000-7f90effb7000 ---p 00000000 00:00 0 
7f90effb7000-7f90f00b7000 rw-p 00000000 00:00 0 
7f90f00b7000-7f90f00b8000 ---p 00000000 00:00 0 
7f90f00b8000-7f90f01b8000 rw-p 00000000 00:00 0 
7f90f01b8000-7f90f01b9000 ---p 00000000 00:00 0 
7f90f01b9000-7f90f02b9000 rw-p 00000000 00:00 0 
7f90f02b9000-7f90f02ba000 ---p 00000000 00:00 0 
7f90f02ba000-7f90f03e4000 rw-p 00000000 00:00 0 
7f90f03e4000-7f90f064b000 ---p 00000000 00:00 0 
7f90f064b000-7f90f0675000 rw-p 00000000 00:00 0 
7f90f0675000-7f90f08db000 ---p 00000000 00:00 0 
7f90f08db000-7f90f08f1000 rw-p 00000000 00:00 0 
7f90f08f1000-7f90f0a24000 ---p 00000000 00:00 0 
7f90f0a24000-7f90f0a2f000 rw-p 00000000 00:00 0 
7f90f0a2f000-7f90f0de5000 ---p 00000000 00:00 0 
7f90f0de5000-7f90f1055000 rwxp 00000000 00:00 0 
7f90f1055000-7f90ffde5000 ---p 00000000 00:00 0 
7f90ffde5000-7f90ffdff000 r-xp 00000000 08:15 12980589                   /usr/lib/jvm/java-8-oracle/jre/lib/amd64/libzip.so
7f90ffdff000-7f90fffff000 ---p 0001a000 08:15 12980589                   /usr/lib/jvm/java-8-oracle/jre/lib/amd64/libzip.so
7f90fffff000-7f9100000000 rw-p 0001a000 08:15 12980589                   /usr/lib/jvm/java-8-oracle/jre/lib/amd64/libzip.so
7f9100000000-7f9100368000 rw-p 00000000 00:00 0 
7f9100368000-7f9104000000 ---p 00000000 00:00 0 
7f9104000000-7f9104001000 r--s 00015000 08:15 13654789                   /home/nokorot/Workspace/Java/PS/PS 3.0.0/LWJGL3/lwjgl-opengl-natives-linux.jar
7f9104001000-7f9104003000 r--s 00010000 08:15 13654776                   /home/nokorot/Workspace/Java/PS/PS 3.0.0/LWJGL3/lwjgl-openal.jar
7f9104003000-7f9104004000 r--s 0004a000 08:15 13654787                   /home/nokorot/Workspace/Java/PS/PS 3.0.0/LWJGL3/lwjgl-openal-natives-linux.jar
7f9104004000-7f9104009000 r--s 00054000 08:15 13654782                   /home/nokorot/Workspace/Java/PS/PS 3.0.0/LWJGL3/lwjgl-nuklear.jar
7f9104009000-7f910400a000 r--s 0001f000 08:15 13654772                   /home/nokorot/Workspace/Java/PS/PS 3.0.0/LWJGL3/lwjgl-nuklear-natives-linux.jar
7f910400a000-7f910400b000 r--s 00001000 08:15 13654766                   /home/nokorot/Workspace/Java/PS/PS 3.0.0/LWJGL3/lwjgl-nfd.jar
7f910400b000-7f910400c000 r--s 00001000 08:15 13654764                   /home/nokorot/Workspace/Java/PS/PS 3.0.0/LWJGL3/lwjgl-nfd-natives-linux.jar
7f910400c000-7f910400d000 r--s 00011000 08:15 13654822                   /home/nokorot/Workspace/Java/PS/PS 3.0.0/LWJGL3/lwjgl-natives-linux.jar
7f910400d000-7f910400f000 r--s 00008000 08:15 13654756                   /home/nokorot/Workspace/Java/PS/PS 3.0.0/LWJGL3/lwjgl-nanovg.jar
7f910400f000-7f91040d4000 rw-p 00000000 00:00 0 
7f91040d4000-7f91040df000 r-xp 00000000 08:15 7082071                    /lib/x86_64-linux-gnu/libnss_files-2.23.so
7f91040df000-7f91042de000 ---p 0000b000 08:15 7082071                    /lib/x86_64-linux-gnu/libnss_files-2.23.so
7f91042de000-7f91042df000 r--p 0000a000 08:15 7082071                    /lib/x86_64-linux-gnu/libnss_files-2.23.so
7f91042df000-7f91042e0000 rw-p 0000b000 08:15 7082071                    /lib/x86_64-linux-gnu/libnss_files-2.23.so
7f91042e0000-7f91042e6000 rw-p 00000000 00:00 0 
7f91042e6000-7f91042f1000 r-xp 00000000 08:15 7082047                    /lib/x86_64-linux-gnu/libnss_nis-2.23.so
7f91042f1000-7f91044f0000 ---p 0000b000 08:15 7082047                    /lib/x86_64-linux-gnu/libnss_nis-2.23.so
7f91044f0000-7f91044f1000 r--p 0000a000 08:15 7082047                    /lib/x86_64-linux-gnu/libnss_nis-2.23.so
7f91044f1000-7f91044f2000 rw-p 0000b000 08:15 7082047                    /lib/x86_64-linux-gnu/libnss_nis-2.23.so
7f91044f2000-7f9104508000 r-xp 00000000 08:15 7082063                    /lib/x86_64-linux-gnu/libnsl-2.23.so
7f9104508000-7f9104707000 ---p 00016000 08:15 7082063                    /lib/x86_64-linux-gnu/libnsl-2.23.so
7f9104707000-7f9104708000 r--p 00015000 08:15 7082063                    /lib/x86_64-linux-gnu/libnsl-2.23.so
7f9104708000-7f9104709000 rw-p 00016000 08:15 7082063                    /lib/x86_64-linux-gnu/libnsl-2.23.so
7f9104709000-7f910470b000 rw-p 00000000 00:00 0 
7f910470b000-7f9104713000 r-xp 00000000 08:15 7082065                    /lib/x86_64-linux-gnu/libnss_compat-2.23.so
7f9104713000-7f9104912000 ---p 00008000 08:15 7082065                    /lib/x86_64-linux-gnu/libnss_compat-2.23.so
7f9104912000-7f9104913000 r--p 00007000 08:15 7082065                    /lib/x86_64-linux-gnu/libnss_compat-2.23.so
7f9104913000-7f9104914000 rw-p 00008000 08:15 7082065                    /lib/x86_64-linux-gnu/libnss_compat-2.23.so
7f9104914000-7f910493f000 r-xp 00000000 08:15 12980616                   /usr/lib/jvm/java-8-oracle/jre/lib/amd64/libjava.so
7f910493f000-7f9104b3e000 ---p 0002b000 08:15 12980616                   /usr/lib/jvm/java-8-oracle/jre/lib/amd64/libjava.so
7f9104b3e000-7f9104b40000 rw-p 0002a000 08:15 12980616                   /usr/lib/jvm/java-8-oracle/jre/lib/amd64/libjava.so
7f9104b40000-7f9104b4d000 r-xp 00000000 08:15 12980358                   /usr/lib/jvm/java-8-oracle/jre/lib/amd64/libverify.so
7f9104b4d000-7f9104d4c000 ---p 0000d000 08:15 12980358                   /usr/lib/jvm/java-8-oracle/jre/lib/amd64/libverify.so
7f9104d4c000-7f9104d4e000 rw-p 0000c000 08:15 12980358                   /usr/lib/jvm/java-8-oracle/jre/lib/amd64/libverify.so
7f9104d4e000-7f9104d55000 r-xp 00000000 08:15 7082046                    /lib/x86_64-linux-gnu/librt-2.23.so
7f9104d55000-7f9104f54000 ---p 00007000 08:15 7082046                    /lib/x86_64-linux-gnu/librt-2.23.so
7f9104f54000-7f9104f55000 r--p 00006000 08:15 7082046                    /lib/x86_64-linux-gnu/librt-2.23.so
7f9104f55000-7f9104f56000 rw-p 00007000 08:15 7082046                    /lib/x86_64-linux-gnu/librt-2.23.so
7f9104f56000-7f910505e000 r-xp 00000000 08:15 7082058                    /lib/x86_64-linux-gnu/libm-2.23.so
7f910505e000-7f910525d000 ---p 00108000 08:15 7082058                    /lib/x86_64-linux-gnu/libm-2.23.so
7f910525d000-7f910525e000 r--p 00107000 08:15 7082058                    /lib/x86_64-linux-gnu/libm-2.23.so
7f910525e000-7f910525f000 rw-p 00108000 08:15 7082058                    /lib/x86_64-linux-gnu/libm-2.23.so
7f910525f000-7f9105f2c000 r-xp 00000000 08:15 12980620                   /usr/lib/jvm/java-8-oracle/jre/lib/amd64/server/libjvm.so
7f9105f2c000-7f910612b000 ---p 00ccd000 08:15 12980620                   /usr/lib/jvm/java-8-oracle/jre/lib/amd64/server/libjvm.so
7f910612b000-7f9106204000 rw-p 00ccc000 08:15 12980620                   /usr/lib/jvm/java-8-oracle/jre/lib/amd64/server/libjvm.so
7f9106204000-7f910624f000 rw-p 00000000 00:00 0 
7f910624f000-7f910640e000 r-xp 00000000 08:15 7082051                    /lib/x86_64-linux-gnu/libc-2.23.so
7f910640e000-7f910660e000 ---p 001bf000 08:15 7082051                    /lib/x86_64-linux-gnu/libc-2.23.so
7f910660e000-7f9106612000 r--p 001bf000 08:15 7082051                    /lib/x86_64-linux-gnu/libc-2.23.so
7f9106612000-7f9106614000 rw-p 001c3000 08:15 7082051                    /lib/x86_64-linux-gnu/libc-2.23.so
7f9106614000-7f9106618000 rw-p 00000000 00:00 0 
7f9106618000-7f910661b000 r-xp 00000000 08:15 7082050                    /lib/x86_64-linux-gnu/libdl-2.23.so
7f910661b000-7f910681a000 ---p 00003000 08:15 7082050                    /lib/x86_64-linux-gnu/libdl-2.23.so
7f910681a000-7f910681b000 r--p 00002000 08:15 7082050                    /lib/x86_64-linux-gnu/libdl-2.23.so
7f910681b000-7f910681c000 rw-p 00003000 08:15 7082050                    /lib/x86_64-linux-gnu/libdl-2.23.so
7f910681c000-7f9106831000 r-xp 00000000 08:15 12585246                   /usr/lib/jvm/java-8-oracle/lib/amd64/jli/libjli.so
7f9106831000-7f9106a31000 ---p 00015000 08:15 12585246                   /usr/lib/jvm/java-8-oracle/lib/amd64/jli/libjli.so
7f9106a31000-7f9106a32000 rw-p 00015000 08:15 12585246                   /usr/lib/jvm/java-8-oracle/lib/amd64/jli/libjli.so
7f9106a32000-7f9106a4a000 r-xp 00000000 08:15 7082059                    /lib/x86_64-linux-gnu/libpthread-2.23.so
7f9106a4a000-7f9106c49000 ---p 00018000 08:15 7082059                    /lib/x86_64-linux-gnu/libpthread-2.23.so
7f9106c49000-7f9106c4a000 r--p 00017000 08:15 7082059                    /lib/x86_64-linux-gnu/libpthread-2.23.so
7f9106c4a000-7f9106c4b000 rw-p 00018000 08:15 7082059                    /lib/x86_64-linux-gnu/libpthread-2.23.so
7f9106c4b000-7f9106c4f000 rw-p 00000000 00:00 0 
7f9106c4f000-7f9106c75000 r-xp 00000000 08:15 7082039                    /lib/x86_64-linux-gnu/ld-2.23.so
7f9106c75000-7f9106c76000 r--s 0001f000 08:15 13654762                   /home/nokorot/Workspace/Java/PS/PS 3.0.0/LWJGL3/lwjgl-nanovg-natives-linux.jar
7f9106c76000-7f9106c78000 r--s 00005000 08:15 13654746                   /home/nokorot/Workspace/Java/PS/PS 3.0.0/LWJGL3/lwjgl-lmdb.jar
7f9106c78000-7f9106d43000 rw-p 00000000 00:00 0 
7f9106d43000-7f9106d46000 ---p 00000000 00:00 0 
7f9106d46000-7f9106e48000 rw-p 00000000 00:00 0 
7f9106e48000-7f9106e49000 r--s 0000d000 08:15 13654750                   /home/nokorot/Workspace/Java/PS/PS 3.0.0/LWJGL3/lwjgl-lmdb-natives-linux.jar
7f9106e49000-7f9106e4b000 r--s 00007000 08:15 13654736                   /home/nokorot/Workspace/Java/PS/PS 3.0.0/LWJGL3/lwjgl-jemalloc.jar
7f9106e4b000-7f9106e4c000 r--s 00019000 08:15 13654734                   /home/nokorot/Workspace/Java/PS/PS 3.0.0/LWJGL3/lwjgl-jemalloc-natives-linux.jar
7f9106e4c000-7f9106e4d000 r--s 00005000 08:15 13654724                   /home/nokorot/Workspace/Java/PS/PS 3.0.0/LWJGL3/lwjgl-jawt.jar
7f9106e4d000-7f9106e4f000 r--s 00066000 08:15 13654732                   /home/nokorot/Workspace/Java/PS/PS 3.0.0/LWJGL3/lwjgl-jawt-javadoc.jar
7f9106e4f000-7f9106e52000 r--s 00015000 08:15 13654722                   /home/nokorot/Workspace/Java/PS/PS 3.0.0/LWJGL3/lwjgl-glfw.jar
7f9106e52000-7f9106e53000 r--s 0000e000 08:15 13654716                   /home/nokorot/Workspace/Java/PS/PS 3.0.0/LWJGL3/lwjgl-glfw-natives-linux.jar
7f9106e53000-7f9106e57000 r--s 0001b000 08:15 13654708                   /home/nokorot/Workspace/Java/PS/PS 3.0.0/LWJGL3/lwjgl-egl.jar
7f9106e57000-7f9106e5b000 r--s 0001e000 08:15 13654712                   /home/nokorot/Workspace/Java/PS/PS 3.0.0/LWJGL3/lwjgl-egl-sources.jar
7f9106e5b000-7f9106e5e000 r--s 0001f000 08:15 13654702                   /home/nokorot/Workspace/Java/PS/PS 3.0.0/LWJGL3/lwjgl-bgfx.jar
7f9106e5e000-7f9106e5f000 r--s 00042000 08:15 13654704                   /home/nokorot/Workspace/Java/PS/PS 3.0.0/LWJGL3/lwjgl-bgfx-natives-linux.jar
7f9106e5f000-7f9106e63000 r--s 0002a000 08:15 13654692                   /home/nokorot/Workspace/Java/PS/PS 3.0.0/LWJGL3/lwjgl-assimp.jar
7f9106e63000-7f9106e64000 r--s 002ae000 08:15 13654740                   /home/nokorot/Workspace/Java/PS/PS 3.0.0/LWJGL3/lwjgl-assimp-natives-linux.jar
7f9106e64000-7f9106e68000 r--s 0003d000 08:15 13654827                   /home/nokorot/Workspace/Java/PS/PS 3.0.0/LWJGL3/lwjgl.jar
7f9106e68000-7f9106e70000 rw-s 00000000 08:15 1325745                    /tmp/hsperfdata_nokorot/5468
7f9106e70000-7f9106e71000 rw-p 00000000 00:00 0 
7f9106e71000-7f9106e72000 r--p 00000000 00:00 0 
7f9106e72000-7f9106e74000 rw-p 00000000 00:00 0 
7f9106e74000-7f9106e75000 r--p 00025000 08:15 7082039                    /lib/x86_64-linux-gnu/ld-2.23.so
7f9106e75000-7f9106e76000 rw-p 00026000 08:15 7082039                    /lib/x86_64-linux-gnu/ld-2.23.so
7f9106e76000-7f9106e77000 rw-p 00000000 00:00 0 
7ffca6afc000-7ffca6b1e000 rw-p 00000000 00:00 0                          [stack]
7ffca6b55000-7ffca6b57000 r--p 00000000 00:00 0                          [vvar]
7ffca6b57000-7ffca6b59000 r-xp 00000000 00:00 0                          [vdso]
ffffffffff600000-ffffffffff601000 r-xp 00000000 00:00 0                  [vsyscall]

VM Arguments:
jvm_args: -Djava.library.path=/home/noko/workspace/Java/Test/Test/LWJGL3 -Dfile.encoding=UTF-8 
java_command: engineTest.Main
java_class_path (initial): /home/nokorot/Workspace/Java/PS/PS 3.0.0/bin:/home/nokorot/Workspace/Java/PS/PS 3.0.0/LWJGL3/lwjgl.jar:/home/nokorot/Workspace/Java/PS/PS 3.0.0/LWJGL3/lwjgl-assimp-natives-linux.jar:/home/nokorot/Workspace/Java/PS/PS 3.0.0/LWJGL3/lwjgl-assimp.jar:/home/nokorot/Workspace/Java/PS/PS 3.0.0/LWJGL3/lwjgl-bgfx-natives-linux.jar:/home/nokorot/Workspace/Java/PS/PS 3.0.0/LWJGL3/lwjgl-bgfx.jar:/home/nokorot/Workspace/Java/PS/PS 3.0.0/LWJGL3/lwjgl-egl-sources.jar:/home/nokorot/Workspace/Java/PS/PS 3.0.0/LWJGL3/lwjgl-egl.jar:/home/nokorot/Workspace/Java/PS/PS 3.0.0/LWJGL3/lwjgl-glfw-natives-linux.jar:/home/nokorot/Workspace/Java/PS/PS 3.0.0/LWJGL3/lwjgl-glfw.jar:/home/nokorot/Workspace/Java/PS/PS 3.0.0/LWJGL3/lwjgl-jawt-javadoc.jar:/home/nokorot/Workspace/Java/PS/PS 3.0.0/LWJGL3/lwjgl-jawt.jar:/home/nokorot/Workspace/Java/PS/PS 3.0.0/LWJGL3/lwjgl-jemalloc-natives-linux.jar:/home/nokorot/Workspace/Java/PS/PS 3.0.0/LWJGL3/lwjgl-jemalloc.jar:/home/nokorot/Workspace/Java/PS/PS 3.0.0/LWJGL3/lwjgl-lmdb-natives-linux.jar:/home/nokorot/Workspace/Java/PS/PS 3.0.0/LWJGL3/lwjgl-lmdb.jar:/home/nokorot/Workspace/Java/PS/PS 3.0.0/LWJGL3/lwjgl-nanovg-natives-linux.jar:/home/nokorot/Workspace/Java/PS/PS 3.0.0/LWJGL3/lwjgl-nanovg.jar:/home/nokorot/Workspace/Java/PS/PS 3.0.0/LWJGL3/lwjgl-natives-linux.jar:/home/nokorot/Workspace/Java/PS/PS 3.0.0/LWJGL3/lwjgl-nfd-natives-linux.jar:/home/nokorot/Workspace/Java/PS/PS 3.0.0/LWJGL3/lwjgl-nfd.jar:/home/nokorot/Workspace/Java/PS/PS 3.0.0/LWJGL3/lwjgl-nuklear-natives-linux.jar:/home/nokorot/Workspace/Java/PS/PS 3.0.0/LWJGL3/lwjgl-nuklear.jar:/home/nokorot/Workspace/Java/PS/PS 3.0.0/LWJGL3/lwjgl-openal-natives-linux.jar:/home/nokorot/Workspace/Java/PS/PS 3.0.0/LWJGL3/lwjgl-openal.jar:/home/nokorot/Workspace/Java/PS/PS 3.0.0/LWJGL3/lwjgl-opencl.jar:/home/nokorot/Workspace/Java/PS/PS 3.0.0/LWJGL3/lwjgl-opengl-natives-linux.jar:/home/nokorot/Workspace/Java/PS/PS 3.0.0/LWJGL3/lwjgl-opengl.jar:/home/nokorot/Workspace/Java/PS/PS 3.
Launcher Type: SUN_STANDARD

Environment Variables:
JAVA_HOME=/usr/lib/jvm/java-8-oracle
PATH=/home/nokorot/.cabal/bin:/opt/cabal/1.22/bin:/opt/ghc/7.10.3/bin:/home/nokorot/.bin:/home/nokorot/bin:/home/nokorot/.local/bin:/usr/local/sbin:/usr/local/bin:/usr/sbin:/usr/bin:/sbin:/bin:/usr/games:/usr/local/games:/snap/bin:/usr/lib/jvm/java-8-oracle/bin:/usr/lib/jvm/java-8-oracle/db/bin:/usr/lib/jvm/java-8-oracle/jre/bin
USERNAME=nokorot
SHELL=/bin/bash
DISPLAY=:1

Signal Handlers:
SIGSEGV: [libjvm.so+0xac64b0], sa_mask[0]=11111111011111111101111111111110, sa_flags=SA_RESTART|SA_SIGINFO
SIGBUS: [libjvm.so+0xac64b0], sa_mask[0]=11111111011111111101111111111110, sa_flags=SA_RESTART|SA_SIGINFO
SIGFPE: [libjvm.so+0x91f950], sa_mask[0]=11111111011111111101111111111110, sa_flags=SA_RESTART|SA_SIGINFO
SIGPIPE: [libjvm.so+0x91f950], sa_mask[0]=11111111011111111101111111111110, sa_flags=SA_RESTART|SA_SIGINFO
SIGXFSZ: [libjvm.so+0x91f950], sa_mask[0]=11111111011111111101111111111110, sa_flags=SA_RESTART|SA_SIGINFO
SIGILL: [libjvm.so+0x91f950], sa_mask[0]=11111111011111111101111111111110, sa_flags=SA_RESTART|SA_SIGINFO
SIGUSR1: SIG_DFL, sa_mask[0]=00000000000000000000000000000000, sa_flags=none
SIGUSR2: [libjvm.so+0x920f80], sa_mask[0]=00100000000000000000000000000000, sa_flags=SA_RESTART|SA_SIGINFO
SIGHUP: [libjvm.so+0x922380], sa_mask[0]=11111111011111111101111111111110, sa_flags=SA_RESTART|SA_SIGINFO
SIGINT: [libjvm.so+0x922380], sa_mask[0]=11111111011111111101111111111110, sa_flags=SA_RESTART|SA_SIGINFO
SIGTERM: [libjvm.so+0x922380], sa_mask[0]=11111111011111111101111111111110, sa_flags=SA_RESTART|SA_SIGINFO
SIGQUIT: [libjvm.so+0x922380], sa_mask[0]=11111111011111111101111111111110, sa_flags=SA_RESTART|SA_SIGINFO


---------------  S Y S T E M  ---------------

OS:DISTRIB_ID=Ubuntu
DISTRIB_RELEASE=16.04
DISTRIB_CODENAME=xenial
DISTRIB_DESCRIPTION="Ubuntu 16.04.1 LTS"

uname:Linux 4.4.0-59-generic #80-Ubuntu SMP Fri Jan 6 17:47:47 UTC 2017 x86_64
libc:glibc 2.23 NPTL 2.23 
rlimit: STACK 8192k, CORE 0k, NPROC 31349, NOFILE 65536, AS infinity
load average:0,85 0,77 0,74

/proc/meminfo:
MemTotal:        8065832 kB
MemFree:          302424 kB
MemAvailable:    2274804 kB
Buffers:          165440 kB
Cached:          2835284 kB
SwapCached:          228 kB
Active:          5419084 kB
Inactive:        1967368 kB
Active(anon):    4114920 kB
Inactive(anon):  1162784 kB
Active(file):    1304164 kB
Inactive(file):   804584 kB
Unevictable:         496 kB
Mlocked:             496 kB
SwapTotal:       1951740 kB
SwapFree:        1900284 kB
Dirty:                40 kB
Writeback:             0 kB
AnonPages:       4386064 kB
Mapped:           839572 kB
Shmem:            891976 kB
Slab:             218420 kB
SReclaimable:     168116 kB
SUnreclaim:        50304 kB
KernelStack:       14192 kB
PageTables:        67188 kB
NFS_Unstable:          0 kB
Bounce:                0 kB
WritebackTmp:          0 kB
CommitLimit:     5984656 kB
Committed_AS:   11439180 kB
VmallocTotal:   34359738367 kB
VmallocUsed:           0 kB
VmallocChunk:          0 kB
HardwareCorrupted:     0 kB
AnonHugePages:   2228224 kB
CmaTotal:              0 kB
CmaFree:               0 kB
HugePages_Total:       0
HugePages_Free:        0
HugePages_Rsvd:        0
HugePages_Surp:        0
Hugepagesize:       2048 kB
DirectMap4k:      255272 kB
DirectMap2M:     8024064 kB


CPU:total 4 (2 cores per cpu, 2 threads per core) family 6 model 58 stepping 9, cmov, cx8, fxsr, mmx, sse, sse2, sse3, ssse3, sse4.1, sse4.2, popcnt, avx, aes, clmul, erms, ht, tsc, tscinvbit, tscinv

/proc/cpuinfo:
processor	: 0
vendor_id	: GenuineIntel
cpu family	: 6
model		: 58
model name	: Intel(R) Core(TM) i5-3210M CPU @ 2.50GHz
stepping	: 9
microcode	: 0x15
cpu MHz		: 2899.902
cache size	: 3072 KB
physical id	: 0
siblings	: 4
core id		: 0
cpu cores	: 2
apicid		: 0
initial apicid	: 0
fpu		: yes
fpu_exception	: yes
cpuid level	: 13
wp		: yes
flags		: fpu vme de pse tsc msr pae mce cx8 apic sep mtrr pge mca cmov pat pse36 clflush dts acpi mmx fxsr sse sse2 ss ht tm pbe syscall nx rdtscp lm constant_tsc arch_perfmon pebs bts rep_good nopl xtopology nonstop_tsc aperfmperf eagerfpu pni pclmulqdq dtes64 monitor ds_cpl vmx est tm2 ssse3 cx16 xtpr pdcm pcid sse4_1 sse4_2 x2apic popcnt tsc_deadline_timer aes xsave avx f16c rdrand lahf_lm epb tpr_shadow vnmi flexpriority ept vpid fsgsbase smep erms xsaveopt dtherm ida arat pln pts
bugs		:
bogomips	: 4989.04
clflush size	: 64
cache_alignment	: 64
address sizes	: 36 bits physical, 48 bits virtual
power management:

processor	: 1
vendor_id	: GenuineIntel
cpu family	: 6
model		: 58
model name	: Intel(R) Core(TM) i5-3210M CPU @ 2.50GHz
stepping	: 9
microcode	: 0x15
cpu MHz		: 2900.000
cache size	: 3072 KB
physical id	: 0
siblings	: 4
core id		: 1
cpu cores	: 2
apicid		: 2
initial apicid	: 2
fpu		: yes
fpu_exception	: yes
cpuid level	: 13
wp		: yes
flags		: fpu vme de pse tsc msr pae mce cx8 apic sep mtrr pge mca cmov pat pse36 clflush dts acpi mmx fxsr sse sse2 ss ht tm pbe syscall nx rdtscp lm constant_tsc arch_perfmon pebs bts rep_good nopl xtopology nonstop_tsc aperfmperf eagerfpu pni pclmulqdq dtes64 monitor ds_cpl vmx est tm2 ssse3 cx16 xtpr pdcm pcid sse4_1 sse4_2 x2apic popcnt tsc_deadline_timer aes xsave avx f16c rdrand lahf_lm epb tpr_shadow vnmi flexpriority ept vpid fsgsbase smep erms xsaveopt dtherm ida arat pln pts
bugs		:
bogomips	: 4989.04
clflush size	: 64
cache_alignment	: 64
address sizes	: 36 bits physical, 48 bits virtual
power management:

processor	: 2
vendor_id	: GenuineIntel
cpu family	: 6
model		: 58
model name	: Intel(R) Core(TM) i5-3210M CPU @ 2.50GHz
stepping	: 9
microcode	: 0x15
cpu MHz		: 2900.000
cache size	: 3072 KB
physical id	: 0
siblings	: 4
core id		: 0
cpu cores	: 2
apicid		: 1
initial apicid	: 1
fpu		: yes
fpu_exception	: yes
cpuid level	: 13
wp		: yes
flags		: fpu vme de pse tsc msr pae mce cx8 apic sep mtrr pge mca cmov pat pse36 clflush dts acpi mmx fxsr sse sse2 ss ht tm pbe syscall nx rdtscp lm constant_tsc arch_perfmon pebs bts rep_good nopl xtopology nonstop_tsc aperfmperf eagerfpu pni pclmulqdq dtes64 monitor ds_cpl vmx est tm2 ssse3 cx16 xtpr pdcm pcid sse4_1 sse4_2 x2apic popcnt tsc_deadline_timer aes xsave avx f16c rdrand lahf_lm epb tpr_shadow vnmi flexpriority ept vpid fsgsbase smep erms xsaveopt dtherm ida arat pln pts
bugs		:
bogomips	: 4989.04
clflush size	: 64
cache_alignment	: 64
address sizes	: 36 bits physical, 48 bits virtual
power management:

processor	: 3
vendor_id	: GenuineIntel
cpu family	: 6
model		: 58
model name	: Intel(R) Core(TM) i5-3210M CPU @ 2.50GHz
stepping	: 9
microcode	: 0x15
cpu MHz		: 2899.902
cache size	: 3072 KB
physical id	: 0
siblings	: 4
core id		: 1
cpu cores	: 2
apicid		: 3
initial apicid	: 3
fpu		: yes
fpu_exception	: yes
cpuid level	: 13
wp		: yes
flags		: fpu vme de pse tsc msr pae mce cx8 apic sep mtrr pge mca cmov pat pse36 clflush dts acpi mmx fxsr sse sse2 ss ht tm pbe syscall nx rdtscp lm constant_tsc arch_perfmon pebs bts rep_good nopl xtopology nonstop_tsc aperfmperf eagerfpu pni pclmulqdq dtes64 monitor ds_cpl vmx est tm2 ssse3 cx16 xtpr pdcm pcid sse4_1 sse4_2 x2apic popcnt tsc_deadline_timer aes xsave avx f16c rdrand lahf_lm epb tpr_shadow vnmi flexpriority ept vpid fsgsbase smep erms xsaveopt dtherm ida arat pln pts
bugs		:
bogomips	: 4989.04
clflush size	: 64
cache_alignment	: 64
address sizes	: 36 bits physical, 48 bits virtual
power management:



Memory: 4k page, physical 8065832k(302424k free), swap 1951740k(1900284k free)

vm_info: Java HotSpot(TM) 64-Bit Server VM (25.111-b14) for linux-amd64 JRE (1.8.0_111-b14), built on Sep 22 2016 16:14:03 by "java_re" with gcc 4.3.0 20080428 (Red Hat 4.3.0-8)

time: Sun Feb  5 02:16:14 2017
elapsed time: 0 seconds (0d 0h 0m 0s)

