#
# A fatal error has been detected by the Java Runtime Environment:
#
#  SIGSEGV (0xb) at pc=0x00007f559506b23c, pid=1614, tid=0x00007f55f6feb700
#
# JRE version: Java(TM) SE Runtime Environment (8.0_111-b14) (build 1.8.0_111-b14)
# Java VM: Java HotSpot(TM) 64-Bit Server VM (25.111-b14 mixed mode linux-amd64 compressed oops)
# Problematic frame:
# C  [liblwjgl_opengl.so+0x4d23c]  Java_org_lwjgl_opengl_GL11_nglGenTextures__IJ+0xc
#
# Failed to write core dump. Core dumps have been disabled. To enable core dumping, try "ulimit -c unlimited" before starting Java again
#
# If you would like to submit a bug report, please visit:
#   http://bugreport.java.com/bugreport/crash.jsp
# The crash happened outside the Java Virtual Machine in native code.
# See problematic frame for where to report the bug.
#

---------------  T H R E A D  ---------------

Current thread (0x00007f55f000b000):  JavaThread "main" [_thread_in_native, id=1617, stack(0x00007f55f6eeb000,0x00007f55f6fec000)]

siginfo: si_signo: 11 (SIGSEGV), si_code: 1 (SEGV_MAPERR), si_addr: 0x0000000000000f00

Registers:
RAX=0x0000000000000000, RBX=0x00007f5594eea338, RCX=0x00007f55f04206ec, RDX=0x0000000000000001
RSP=0x00007f55f6fea408, RBP=0x00007f55f6fea468, RSI=0x00007f55f04206ec, RDI=0x0000000000000001
R8 =0x0000000000000000, R9 =0x0000000000000004, R10=0x00007f55e1017a08, R11=0x00007f55f5dc9a70
R12=0x0000000000000000, R13=0x00007f5594eea338, R14=0x00007f55f6fea498, R15=0x00007f55f000b000
RIP=0x00007f559506b23c, EFLAGS=0x0000000000010287, CSGSFS=0x0000000000000033, ERR=0x0000000000000004
  TRAPNO=0x000000000000000e

Top of Stack: (sp=0x00007f55f6fea408)
0x00007f55f6fea408:   00007f55e1017a34 00007f55f6fea468
0x00007f55f6fea418:   00007f55e10177c7 00007f55e1017782
0x00007f55f6fea428:   00007f55f6fea428 00007f5594eea338
0x00007f55f6fea438:   00007f55f6fea498 00007f5594f13c28
0x00007f55f6fea448:   0000000000000000 00007f5594eea338
0x00007f55f6fea458:   0000000000000000 00007f55f6fea488
0x00007f55f6fea468:   00007f55f6fea4e0 00007f55e10082bd
0x00007f55f6fea478:   00000000d905b108 00007f55e1011538
0x00007f55f6fea488:   00007f55f04206ec 00000000d7125408
0x00007f55f6fea498:   0000000000000001 00007f55f6fea4a0
0x00007f55f6fea4a8:   00007f5594eea48c 00007f55f6fea510
0x00007f55f6fea4b8:   00007f5594f13c28 00007f5594a6df38
0x00007f55f6fea4c8:   00007f5594eea4f0 00007f55f6fea488
0x00007f55f6fea4d8:   00007f55f6fea520 00007f55f6fea738
0x00007f55f6fea4e8:   00007f55e136de0c 0000000000000000
0x00007f55f6fea4f8:   0000000000000000 00000000d7125408
0x00007f55f6fea508:   0000000000008000 00000000d7125308
0x00007f55f6fea518:   00007f55e136de0c 00000000000000a3
0x00007f55f6fea528:   00007f5594a6b3d0 00007f55f0009df0
0x00007f55f6fea538:   00007f55f0000020 0000000000000030
0x00007f55f6fea548:   0000000000000030 00007f55e136c090
0x00007f55f6fea558:   0000000000000000 00007f55f6fea600
0x00007f55f6fea568:   00007f55f647a5d4 00007f55f6fea6b8
0x00007f55f6fea578:   00007f55f638e284 00007f55f6fea5c0
0x00007f55f6fea588:   00007f55f5d22bd5 00000004f6fea5d0
0x00007f55f6fea598:   00007f55f6fea600 0000000000000030
0x00007f55f6fea5a8:   00007f55f6fea600 0000000000000030
0x00007f55f6fea5b8:   00007f55e136c090 00007f55f6fea660
0x00007f55f6fea5c8:   00007f55f5dc8a95 00007f55f6fea678
0x00007f55f6fea5d8:   00007f55e101f43e 00007f55e10055d0
0x00007f55f6fea5e8:   00007f5500000000 00007f55f6fea6b8
0x00007f55f6fea5f8:   00007f55f6fea678 0000000000000000 

Instructions: (pc=0x00007f559506b23c)
0x00007f559506b21c:   48 8b 80 d8 09 00 00 ff e0 66 66 2e 0f 1f 84 00
0x00007f559506b22c:   00 00 00 00 48 8b 07 48 89 ce 89 d7 48 8b 40 18
0x00007f559506b23c:   48 8b 80 00 0f 00 00 ff e0 66 66 2e 0f 1f 84 00
0x00007f559506b24c:   00 00 00 00 48 8b 07 89 d7 48 8b 40 18 48 8b 80 

Register to memory mapping:

RAX=0x0000000000000000 is an unknown value
RBX={method} {0x00007f5594eea338} 'nglGenTextures' '(IJ)V' in 'org/lwjgl/opengl/GL11'
RCX=0x00007f55f04206ec is an unknown value
RDX=0x0000000000000001 is an unknown value
RSP=0x00007f55f6fea408 is pointing into the stack for thread: 0x00007f55f000b000
RBP=0x00007f55f6fea468 is pointing into the stack for thread: 0x00007f55f000b000
RSI=0x00007f55f04206ec is an unknown value
RDI=0x0000000000000001 is an unknown value
R8 =0x0000000000000000 is an unknown value
R9 =0x0000000000000004 is an unknown value
R10=0x00007f55e1017a08 is at code_begin+808 in an Interpreter codelet
method entry point (kind = native)  [0x00007f55e10176e0, 0x00007f55e1017fe0]  2304 bytes
R11=0x00007f55f5dc9a70: <offset 0x9c2a70> in /usr/lib/jvm/java-8-oracle/jre/lib/amd64/server/libjvm.so at 0x00007f55f5407000
R12=0x0000000000000000 is an unknown value
R13={method} {0x00007f5594eea338} 'nglGenTextures' '(IJ)V' in 'org/lwjgl/opengl/GL11'
R14=0x00007f55f6fea498 is pointing into the stack for thread: 0x00007f55f000b000
R15=0x00007f55f000b000 is a thread


Stack: [0x00007f55f6eeb000,0x00007f55f6fec000],  sp=0x00007f55f6fea408,  free space=1021k
Native frames: (J=compiled Java code, j=interpreted, Vv=VM code, C=native code)
C  [liblwjgl_opengl.so+0x4d23c]  Java_org_lwjgl_opengl_GL11_nglGenTextures__IJ+0xc
j  org.lwjgl.opengl.GL11.glGenTextures()I+20
J 916% C1 textures.TextureUtils.loadTexture(Ljava/awt/image/BufferedImage;)Ltextures/Texture; (297 bytes) @ 0x00007f55e136de0c [0x00007f55e136c500+0x190c]
j  textures.TextureUtils.loadTexture(Ljava/lang/String;)Ltextures/Texture;+38
j  fontRendering.TextMaster.loadFontAtlas(Ljava/lang/String;)I+25
j  fontRendering.TextMaster.newFontType(Ljava/lang/String;Ljava/lang/String;Ljava/lang/String;)LfontMeshCreator/FontType;+5
j  fontRendering.TextMaster.getFontType(Ljava/lang/String;)LfontMeshCreator/FontType;+28
j  fontRendering.FontMaterial.loadFile(Ljava/lang/String;)LfontRendering/FontMaterial;+303
j  engineTest.Main.main([Ljava/lang/String;)V+52
v  ~StubRoutines::call_stub
V  [libjvm.so+0x690206]  JavaCalls::call_helper(JavaValue*, methodHandle*, JavaCallArguments*, Thread*)+0x1056
V  [libjvm.so+0x6d1612]  jni_invoke_static(JNIEnv_*, JavaValue*, _jobject*, JNICallType, _jmethodID*, JNI_ArgumentPusher*, Thread*)+0x362
V  [libjvm.so+0x6ede7a]  jni_CallStaticVoidMethod+0x17a
C  [libjli.so+0x7bdf]  JavaMain+0x81f
C  [libpthread.so.0+0x76ba]  start_thread+0xca

Java frames: (J=compiled Java code, j=interpreted, Vv=VM code)
j  org.lwjgl.opengl.GL11.nglGenTextures(IJ)V+0
j  org.lwjgl.opengl.GL11.glGenTextures()I+20
J 916% C1 textures.TextureUtils.loadTexture(Ljava/awt/image/BufferedImage;)Ltextures/Texture; (297 bytes) @ 0x00007f55e136de0c [0x00007f55e136c500+0x190c]
j  textures.TextureUtils.loadTexture(Ljava/lang/String;)Ltextures/Texture;+38
j  fontRendering.TextMaster.loadFontAtlas(Ljava/lang/String;)I+25
j  fontRendering.TextMaster.newFontType(Ljava/lang/String;Ljava/lang/String;Ljava/lang/String;)LfontMeshCreator/FontType;+5
j  fontRendering.TextMaster.getFontType(Ljava/lang/String;)LfontMeshCreator/FontType;+28
j  fontRendering.FontMaterial.loadFile(Ljava/lang/String;)LfontRendering/FontMaterial;+303
j  engineTest.Main.main([Ljava/lang/String;)V+52
v  ~StubRoutines::call_stub

---------------  P R O C E S S  ---------------

Java Threads: ( => current thread )
  0x00007f55f0368800 JavaThread "AWT-EventQueue-0" [_thread_blocked, id=1653, stack(0x00007f5596825000,0x00007f5596926000)]
  0x00007f55f0367000 JavaThread "AWT-Shutdown" [_thread_blocked, id=1652, stack(0x00007f55a28ab000,0x00007f55a29ac000)]
  0x00007f55f0328000 JavaThread "AWT-XAWT" daemon [_thread_in_native, id=1651, stack(0x00007f55a2be9000,0x00007f55a2cea000)]
  0x00007f55f0306000 JavaThread "Java2D Disposer" daemon [_thread_blocked, id=1650, stack(0x00007f55a3347000,0x00007f55a3448000)]
  0x00007f55f02c2000 JavaThread "Thread-0" [_thread_in_vm, id=1649, stack(0x00007f55c80f5000,0x00007f55c81f6000)]
  0x00007f55f00dc800 JavaThread "Service Thread" daemon [_thread_blocked, id=1646, stack(0x00007f55c99ba000,0x00007f55c9abb000)]
  0x00007f55f00bf800 JavaThread "C1 CompilerThread2" daemon [_thread_in_native, id=1641, stack(0x00007f55c9abb000,0x00007f55c9bbc000)]
  0x00007f55f00bd800 JavaThread "C2 CompilerThread1" daemon [_thread_blocked, id=1639, stack(0x00007f55c9bbc000,0x00007f55c9cbd000)]
  0x00007f55f00bb000 JavaThread "C2 CompilerThread0" daemon [_thread_in_native, id=1636, stack(0x00007f55c9cbd000,0x00007f55c9dbe000)]
  0x00007f55f00b9800 JavaThread "Signal Dispatcher" daemon [_thread_blocked, id=1632, stack(0x00007f55c9dbe000,0x00007f55c9ebf000)]
  0x00007f55f0085000 JavaThread "Finalizer" daemon [_thread_blocked, id=1630, stack(0x00007f55ca316000,0x00007f55ca417000)]
  0x00007f55f0080800 JavaThread "Reference Handler" daemon [_thread_blocked, id=1629, stack(0x00007f55ca417000,0x00007f55ca518000)]
=>0x00007f55f000b000 JavaThread "main" [_thread_in_native, id=1617, stack(0x00007f55f6eeb000,0x00007f55f6fec000)]

Other Threads:
  0x00007f55f0079000 VMThread [stack: 0x00007f55ca518000,0x00007f55ca619000] [id=1627]
  0x00007f55f00df800 WatcherThread [stack: 0x00007f55c98b9000,0x00007f55c99ba000] [id=1648]

VM state:not at safepoint (normal execution)

VM Mutex/Monitor currently owned by a thread: None

Heap:
 PSYoungGen      total 36864K, used 18078K [0x00000000d6f80000, 0x00000000db780000, 0x0000000100000000)
  eden space 31744K, 40% used [0x00000000d6f80000,0x00000000d7c29d98,0x00000000d8e80000)
  from space 5120K, 99% used [0x00000000d8e80000,0x00000000d937db50,0x00000000d9380000)
  to   space 5120K, 0% used [0x00000000db280000,0x00000000db280000,0x00000000db780000)
 ParOldGen       total 84992K, used 21641K [0x0000000084e00000, 0x000000008a100000, 0x00000000d6f80000)
  object space 84992K, 25% used [0x0000000084e00000,0x0000000086322680,0x000000008a100000)
 Metaspace       used 15949K, capacity 16157K, committed 16512K, reserved 1064960K
  class space    used 1774K, capacity 1856K, committed 1920K, reserved 1048576K

Card table byte_map: [0x00007f55e0866000,0x00007f55e0c40000] byte_map_base: 0x00007f55e043f000

Marking Bits: (ParMarkBitMap*) 0x00007f55f63ca220
 Begin Bits: [0x00007f55d0270000, 0x00007f55d2138000)
 End Bits:   [0x00007f55d2138000, 0x00007f55d4000000)

Polling page: 0x00007f55f7019000

CodeCache: size=245760Kb used=3561Kb max_used=3561Kb free=242198Kb
 bounds [0x00007f55e1000000, 0x00007f55e1380000, 0x00007f55f0000000]
 total_blobs=1919 nmethods=927 adapters=906
 compilation: enabled

Compilation events (10 events):
Event: 0,980 Thread 0x00007f55f00bf800  926       3       sun.misc.VM::addFinalRefCount (24 bytes)
Event: 0,980 Thread 0x00007f55f00bf800 nmethod 926 0x00007f55e136afd0 code [0x00007f55e136b140, 0x00007f55e136b2f0]
Event: 0,980 Thread 0x00007f55f00bf800  922       3       java.lang.ref.Reference::clear (6 bytes)
Event: 0,980 Thread 0x00007f55f00bf800 nmethod 922 0x00007f55e1379350 code [0x00007f55e13794a0, 0x00007f55e1379610]
Event: 0,980 Thread 0x00007f55f00bf800  925       3       java.lang.ref.ReferenceQueue::reallyPoll (66 bytes)
Event: 0,981 Thread 0x00007f55f00bf800 nmethod 925 0x00007f55e1379690 code [0x00007f55e1379820, 0x00007f55e1379c90]
Event: 0,981 Thread 0x00007f55f00bf800  923       3       java.lang.ref.ReferenceQueue::remove (6 bytes)
Event: 0,981 Thread 0x00007f55f00bf800 nmethod 923 0x00007f55e1379d50 code [0x00007f55e1379ec0, 0x00007f55e137a0c8]
Event: 0,981 Thread 0x00007f55f00bf800  924   !   3       java.lang.ref.ReferenceQueue::remove (125 bytes)
Event: 0,981 Thread 0x00007f55f00bf800 nmethod 924 0x00007f55e137a150 code [0x00007f55e137a340, 0x00007f55e137abf8]

GC Heap History (2 events):
Event: 0,945 GC heap before
{Heap before GC invocations=1 (full 0):
 PSYoungGen      total 36864K, used 31744K [0x00000000d6f80000, 0x00000000d9880000, 0x0000000100000000)
  eden space 31744K, 100% used [0x00000000d6f80000,0x00000000d8e80000,0x00000000d8e80000)
  from space 5120K, 0% used [0x00000000d9380000,0x00000000d9380000,0x00000000d9880000)
  to   space 5120K, 0% used [0x00000000d8e80000,0x00000000d8e80000,0x00000000d9380000)
 ParOldGen       total 84992K, used 0K [0x0000000084e00000, 0x000000008a100000, 0x00000000d6f80000)
  object space 84992K, 0% used [0x0000000084e00000,0x0000000084e00000,0x000000008a100000)
 Metaspace       used 15939K, capacity 16157K, committed 16512K, reserved 1064960K
  class space    used 1773K, capacity 1856K, committed 1920K, reserved 1048576K
Event: 0,967 GC heap after
Heap after GC invocations=1 (full 0):
 PSYoungGen      total 36864K, used 5110K [0x00000000d6f80000, 0x00000000db780000, 0x0000000100000000)
  eden space 31744K, 0% used [0x00000000d6f80000,0x00000000d6f80000,0x00000000d8e80000)
  from space 5120K, 99% used [0x00000000d8e80000,0x00000000d937db50,0x00000000d9380000)
  to   space 5120K, 0% used [0x00000000db280000,0x00000000db280000,0x00000000db780000)
 ParOldGen       total 84992K, used 21641K [0x0000000084e00000, 0x000000008a100000, 0x00000000d6f80000)
  object space 84992K, 25% used [0x0000000084e00000,0x0000000086322680,0x000000008a100000)
 Metaspace       used 15939K, capacity 16157K, committed 16512K, reserved 1064960K
  class space    used 1773K, capacity 1856K, committed 1920K, reserved 1048576K
}

Deoptimization events (2 events):
Event: 0,179 Thread 0x00007f55f000b000 Uncommon trap: reason=null_check action=make_not_entrant pc=0x00007f55e11638e8 method=java.lang.String.equals(Ljava/lang/Object;)Z @ 8
Event: 0,820 Thread 0x00007f55f000b000 Uncommon trap: reason=unstable_if action=reinterpret pc=0x00007f55e11c2184 method=java.lang.String.indexOf([CII[CIII)I @ 3

Internal exceptions (10 events):
Event: 0,094 Thread 0x00007f55f000b000 Exception <a 'java/security/PrivilegedActionException'> (0x00000000d7014820) thrown at [/HUDSON3/workspace/8-2-build-linux-amd64/jdk8u111/7883/hotspot/src/share/vm/prims/jvm.cpp, line 1386]
Event: 0,146 Thread 0x00007f55f000b000 Exception <a 'java/lang/NoSuchFieldError': method resolution failed> (0x00000000d7180090) thrown at [/HUDSON3/workspace/8-2-build-linux-amd64/jdk8u111/7883/hotspot/src/share/vm/prims/methodHandles.cpp, line 1146]
Event: 0,149 Thread 0x00007f55f000b000 Exception <a 'java/lang/NoSuchFieldError': method resolution failed> (0x00000000d718d860) thrown at [/HUDSON3/workspace/8-2-build-linux-amd64/jdk8u111/7883/hotspot/src/share/vm/prims/methodHandles.cpp, line 1146]
Event: 0,172 Thread 0x00007f55f000b000 Exception <a 'java/io/FileNotFoundException'> (0x00000000d720dac0) thrown at [/HUDSON3/workspace/8-2-build-linux-amd64/jdk8u111/7883/hotspot/src/share/vm/prims/jni.cpp, line 709]
Event: 0,173 Thread 0x00007f55f000b000 Exception <a 'java/io/FileNotFoundException'> (0x00000000d720e478) thrown at [/HUDSON3/workspace/8-2-build-linux-amd64/jdk8u111/7883/hotspot/src/share/vm/prims/jni.cpp, line 709]
Event: 0,179 Thread 0x00007f55f000b000 Implicit null exception at 0x00007f55e116371b to 0x00007f55e11638d9
Event: 0,411 Thread 0x00007f55f02c2000 Exception <a 'sun/nio/fs/UnixException'> (0x00000000d76cd498) thrown at [/HUDSON3/workspace/8-2-build-linux-amd64/jdk8u111/7883/hotspot/src/share/vm/prims/jni.cpp, line 709]
Event: 0,412 Thread 0x00007f55f02c2000 Exception <a 'sun/nio/fs/UnixException'> (0x00000000d76ce7b0) thrown at [/HUDSON3/workspace/8-2-build-linux-amd64/jdk8u111/7883/hotspot/src/share/vm/prims/jni.cpp, line 709]
Event: 0,742 Thread 0x00007f55f0368800 Exception <a 'java/lang/UnsupportedOperationException': > (0x00000000d77b4c28) thrown at [/HUDSON3/workspace/8-2-build-linux-amd64/jdk8u111/7883/hotspot/src/share/vm/prims/jni.cpp, line 735]
Event: 0,844 Thread 0x00007f55f0368800 Exception <a 'java/lang/UnsupportedOperationException': > (0x00000000d77cece8) thrown at [/HUDSON3/workspace/8-2-build-linux-amd64/jdk8u111/7883/hotspot/src/share/vm/prims/jni.cpp, line 735]

Events (10 events):
Event: 0,896 Thread 0x00007f55f02c2000 DEOPT PACKING pc=0x00007f55e1342f8a sp=0x00007f55c81f37d0
Event: 0,896 Thread 0x00007f55f02c2000 DEOPT UNPACKING pc=0x00007f55e1047633 sp=0x00007f55c81f3550 mode 0
Event: 0,896 Thread 0x00007f55f02c2000 DEOPT PACKING pc=0x00007f55e1342f8a sp=0x00007f55c81f37d0
Event: 0,896 Thread 0x00007f55f02c2000 DEOPT UNPACKING pc=0x00007f55e1047633 sp=0x00007f55c81f3550 mode 0
Event: 0,896 Thread 0x00007f55f02c2000 DEOPT PACKING pc=0x00007f55e1342f8a sp=0x00007f55c81f37d0
Event: 0,896 Thread 0x00007f55f02c2000 DEOPT UNPACKING pc=0x00007f55e1047633 sp=0x00007f55c81f3550 mode 0
Event: 0,945 Executing VM operation: ParallelGCFailedAllocation
Event: 0,967 Executing VM operation: ParallelGCFailedAllocation done
Event: 0,976 loading class textures/Texture
Event: 0,976 loading class textures/Texture done


Dynamic libraries:
00400000-00401000 r-xp 00000000 08:15 12855452                           /usr/lib/jvm/java-8-oracle/bin/java
00600000-00601000 rw-p 00000000 08:15 12855452                           /usr/lib/jvm/java-8-oracle/bin/java
01ab7000-01ad8000 rw-p 00000000 00:00 0                                  [heap]
84e00000-8a100000 rw-p 00000000 00:00 0 
8a100000-d6f80000 ---p 00000000 00:00 0 
d6f80000-db780000 rw-p 00000000 00:00 0 
db780000-100000000 ---p 00000000 00:00 0 
100000000-1001e0000 rw-p 00000000 00:00 0 
1001e0000-140000000 ---p 00000000 00:00 0 
7f5584000000-7f55841a8000 rw-p 00000000 00:00 0 
7f55841a8000-7f5588000000 ---p 00000000 00:00 0 
7f558c000000-7f558c021000 rw-p 00000000 00:00 0 
7f558c021000-7f5590000000 ---p 00000000 00:00 0 
7f5590000000-7f5590021000 rw-p 00000000 00:00 0 
7f5590021000-7f5594000000 ---p 00000000 00:00 0 
7f55941c5000-7f5594205000 rw-p 00000000 00:00 0 
7f5594205000-7f55943c5000 ---p 00000000 00:00 0 
7f55943c5000-7f5594400000 r-xp 00000000 08:15 12980351                   /usr/lib/jvm/java-8-oracle/jre/lib/amd64/libjpeg.so
7f5594400000-7f55945ff000 ---p 0003b000 08:15 12980351                   /usr/lib/jvm/java-8-oracle/jre/lib/amd64/libjpeg.so
7f55945ff000-7f5594600000 rw-p 0003a000 08:15 12980351                   /usr/lib/jvm/java-8-oracle/jre/lib/amd64/libjpeg.so
7f5594600000-7f5594800000 rw-p 00000000 00:00 0 
7f559499e000-7f5594b9e000 rw-p 00000000 00:00 0 
7f5594b9e000-7f5594c07000 r-xp 00000000 08:15 12980623                   /usr/lib/jvm/java-8-oracle/jre/lib/amd64/libt2k.so
7f5594c07000-7f5594e07000 ---p 00069000 08:15 12980623                   /usr/lib/jvm/java-8-oracle/jre/lib/amd64/libt2k.so
7f5594e07000-7f5594e0e000 rw-p 00069000 08:15 12980623                   /usr/lib/jvm/java-8-oracle/jre/lib/amd64/libt2k.so
7f5594e0e000-7f559501e000 rw-p 00000000 00:00 0 
7f559501e000-7f5595087000 r-xp 00000000 08:15 1466953                    /tmp/lwjglnokorot/3.1.1-build-16/liblwjgl_opengl.so
7f5595087000-7f5595286000 ---p 00069000 08:15 1466953                    /tmp/lwjglnokorot/3.1.1-build-16/liblwjgl_opengl.so
7f5595286000-7f5595287000 r--p 00068000 08:15 1466953                    /tmp/lwjglnokorot/3.1.1-build-16/liblwjgl_opengl.so
7f5595287000-7f5595288000 rw-p 00069000 08:15 1466953                    /tmp/lwjglnokorot/3.1.1-build-16/liblwjgl_opengl.so
7f5595288000-7f55965ed000 rw-p 00000000 00:00 0 
7f55965ed000-7f5596624000 r-xp 00000000 08:15 12330677                   /usr/lib/x86_64-linux-gnu/libtxc_dxtn_s2tc.so.0.0.0
7f5596624000-7f5596823000 ---p 00037000 08:15 12330677                   /usr/lib/x86_64-linux-gnu/libtxc_dxtn_s2tc.so.0.0.0
7f5596823000-7f5596824000 r--p 00036000 08:15 12330677                   /usr/lib/x86_64-linux-gnu/libtxc_dxtn_s2tc.so.0.0.0
7f5596824000-7f5596825000 rw-p 00037000 08:15 12330677                   /usr/lib/x86_64-linux-gnu/libtxc_dxtn_s2tc.so.0.0.0
7f5596825000-7f5596828000 ---p 00000000 00:00 0 
7f5596828000-7f5596926000 rw-p 00000000 00:00 0 
7f5596926000-7f559693f000 r-xp 00000000 08:15 7082592                    /lib/x86_64-linux-gnu/libz.so.1.2.8
7f559693f000-7f5596b3e000 ---p 00019000 08:15 7082592                    /lib/x86_64-linux-gnu/libz.so.1.2.8
7f5596b3e000-7f5596b3f000 r--p 00018000 08:15 7082592                    /lib/x86_64-linux-gnu/libz.so.1.2.8
7f5596b3f000-7f5596b40000 rw-p 00019000 08:15 7082592                    /lib/x86_64-linux-gnu/libz.so.1.2.8
7f5596b40000-7f5596b48000 r-xp 00000000 08:15 12330428                   /usr/lib/x86_64-linux-gnu/libpciaccess.so.0.11.1
7f5596b48000-7f5596d48000 ---p 00008000 08:15 12330428                   /usr/lib/x86_64-linux-gnu/libpciaccess.so.0.11.1
7f5596d48000-7f5596d49000 r--p 00008000 08:15 12330428                   /usr/lib/x86_64-linux-gnu/libpciaccess.so.0.11.1
7f5596d49000-7f5596d4a000 rw-p 00009000 08:15 12330428                   /usr/lib/x86_64-linux-gnu/libpciaccess.so.0.11.1
7f5596d4a000-7f5596ebc000 r-xp 00000000 08:15 12321131                   /usr/lib/x86_64-linux-gnu/libstdc++.so.6.0.21
7f5596ebc000-7f55970bc000 ---p 00172000 08:15 12321131                   /usr/lib/x86_64-linux-gnu/libstdc++.so.6.0.21
7f55970bc000-7f55970c6000 r--p 00172000 08:15 12321131                   /usr/lib/x86_64-linux-gnu/libstdc++.so.6.0.21
7f55970c6000-7f55970c8000 rw-p 0017c000 08:15 12321131                   /usr/lib/x86_64-linux-gnu/libstdc++.so.6.0.21
7f55970c8000-7f55970cc000 rw-p 00000000 00:00 0 
7f55970cc000-7f55970d7000 r-xp 00000000 08:15 12322849                   /usr/lib/x86_64-linux-gnu/libdrm_radeon.so.1.0.1
7f55970d7000-7f55972d6000 ---p 0000b000 08:15 12322849                   /usr/lib/x86_64-linux-gnu/libdrm_radeon.so.1.0.1
7f55972d6000-7f55972d7000 r--p 0000a000 08:15 12322849                   /usr/lib/x86_64-linux-gnu/libdrm_radeon.so.1.0.1
7f55972d7000-7f55972d8000 rw-p 0000b000 08:15 12322849                   /usr/lib/x86_64-linux-gnu/libdrm_radeon.so.1.0.1
7f55972d8000-7f55972df000 r-xp 00000000 08:15 12324466                   /usr/lib/x86_64-linux-gnu/libdrm_nouveau.so.2.0.0
7f55972df000-7f55974de000 ---p 00007000 08:15 12324466                   /usr/lib/x86_64-linux-gnu/libdrm_nouveau.so.2.0.0
7f55974de000-7f55974df000 r--p 00006000 08:15 12324466                   /usr/lib/x86_64-linux-gnu/libdrm_nouveau.so.2.0.0
7f55974df000-7f55974e0000 rw-p 00007000 08:15 12324466                   /usr/lib/x86_64-linux-gnu/libdrm_nouveau.so.2.0.0
7f55974e0000-7f5597502000 r-xp 00000000 08:15 12322846                   /usr/lib/x86_64-linux-gnu/libdrm_intel.so.1.0.0
7f5597502000-7f5597701000 ---p 00022000 08:15 12322846                   /usr/lib/x86_64-linux-gnu/libdrm_intel.so.1.0.0
7f5597701000-7f5597702000 r--p 00021000 08:15 12322846                   /usr/lib/x86_64-linux-gnu/libdrm_intel.so.1.0.0
7f5597702000-7f5597703000 rw-p 00022000 08:15 12322846                   /usr/lib/x86_64-linux-gnu/libdrm_intel.so.1.0.0
7f5597703000-7f5597dae000 r-xp 00000000 08:15 12590571                   /usr/lib/x86_64-linux-gnu/dri/i965_dri.so
7f5597dae000-7f5597fae000 ---p 006ab000 08:15 12590571                   /usr/lib/x86_64-linux-gnu/dri/i965_dri.so
7f5597fae000-7f5597ff0000 r--p 006ab000 08:15 12590571                   /usr/lib/x86_64-linux-gnu/dri/i965_dri.so
7f5597ff0000-7f5597ff8000 rw-p 006ed000 08:15 12590571                   /usr/lib/x86_64-linux-gnu/dri/i965_dri.so
7f5597ff8000-7f5598000000 rw-p 00000000 00:00 0 
7f5598000000-7f5598021000 rw-p 00000000 00:00 0 
7f5598021000-7f559c000000 ---p 00000000 00:00 0 
7f559c000000-7f559ca34000 rw-p 00000000 00:00 0 
7f559ca34000-7f55a0000000 ---p 00000000 00:00 0 
7f55a008b000-7f55a00bf000 r-xp 00000000 08:15 12330345                   /usr/lib/x86_64-linux-gnu/libnettle.so.6.2
7f55a00bf000-7f55a02be000 ---p 00034000 08:15 12330345                   /usr/lib/x86_64-linux-gnu/libnettle.so.6.2
7f55a02be000-7f55a02c0000 r--p 00033000 08:15 12330345                   /usr/lib/x86_64-linux-gnu/libnettle.so.6.2
7f55a02c0000-7f55a02c1000 rw-p 00035000 08:15 12330345                   /usr/lib/x86_64-linux-gnu/libnettle.so.6.2
7f55a02c1000-7f55a02cf000 r-xp 00000000 08:15 12321210                   /usr/lib/x86_64-linux-gnu/libdrm.so.2.4.0
7f55a02cf000-7f55a04cf000 ---p 0000e000 08:15 12321210                   /usr/lib/x86_64-linux-gnu/libdrm.so.2.4.0
7f55a04cf000-7f55a04d0000 r--p 0000e000 08:15 12321210                   /usr/lib/x86_64-linux-gnu/libdrm.so.2.4.0
7f55a04d0000-7f55a04d1000 rw-p 0000f000 08:15 12321210                   /usr/lib/x86_64-linux-gnu/libdrm.so.2.4.0
7f55a04d1000-7f55a04d5000 r-xp 00000000 08:15 12330784                   /usr/lib/x86_64-linux-gnu/libxcb-dri2.so.0.0.0
7f55a04d5000-7f55a06d4000 ---p 00004000 08:15 12330784                   /usr/lib/x86_64-linux-gnu/libxcb-dri2.so.0.0.0
7f55a06d4000-7f55a06d5000 r--p 00003000 08:15 12330784                   /usr/lib/x86_64-linux-gnu/libxcb-dri2.so.0.0.0
7f55a06d5000-7f55a06d6000 rw-p 00004000 08:15 12330784                   /usr/lib/x86_64-linux-gnu/libxcb-dri2.so.0.0.0
7f55a06d6000-7f55a06ed000 r-xp 00000000 08:15 12330788                   /usr/lib/x86_64-linux-gnu/libxcb-glx.so.0.0.0
7f55a06ed000-7f55a08ec000 ---p 00017000 08:15 12330788                   /usr/lib/x86_64-linux-gnu/libxcb-glx.so.0.0.0
7f55a08ec000-7f55a08ee000 r--p 00016000 08:15 12330788                   /usr/lib/x86_64-linux-gnu/libxcb-glx.so.0.0.0
7f55a08ee000-7f55a08ef000 rw-p 00018000 08:15 12330788                   /usr/lib/x86_64-linux-gnu/libxcb-glx.so.0.0.0
7f55a08ef000-7f55a08f1000 r-xp 00000000 08:15 12329480                   /usr/lib/x86_64-linux-gnu/libXdamage.so.1.1.0
7f55a08f1000-7f55a0af0000 ---p 00002000 08:15 12329480                   /usr/lib/x86_64-linux-gnu/libXdamage.so.1.1.0
7f55a0af0000-7f55a0af1000 r--p 00001000 08:15 12329480                   /usr/lib/x86_64-linux-gnu/libXdamage.so.1.1.0
7f55a0af1000-7f55a0af2000 rw-p 00002000 08:15 12329480                   /usr/lib/x86_64-linux-gnu/libXdamage.so.1.1.0
7f55a0af2000-7f55a0b1c000 r-xp 00000000 08:15 12320906                   /usr/lib/x86_64-linux-gnu/libglapi.so.0.0.0
7f55a0b1c000-7f55a0d1b000 ---p 0002a000 08:15 12320906                   /usr/lib/x86_64-linux-gnu/libglapi.so.0.0.0
7f55a0d1b000-7f55a0d1f000 r--p 00029000 08:15 12320906                   /usr/lib/x86_64-linux-gnu/libglapi.so.0.0.0
7f55a0d1f000-7f55a0d20000 rw-p 0002d000 08:15 12320906                   /usr/lib/x86_64-linux-gnu/libglapi.so.0.0.0
7f55a0d20000-7f55a0d21000 rw-p 00000000 00:00 0 
7f55a0d21000-7f55a0d22000 r-xp 00000000 08:15 12330832                   /usr/lib/x86_64-linux-gnu/libxshmfence.so.1.0.0
7f55a0d22000-7f55a0f22000 ---p 00001000 08:15 12330832                   /usr/lib/x86_64-linux-gnu/libxshmfence.so.1.0.0
7f55a0f22000-7f55a0f23000 r--p 00001000 08:15 12330832                   /usr/lib/x86_64-linux-gnu/libxshmfence.so.1.0.0
7f55a0f23000-7f55a0f24000 rw-p 00002000 08:15 12330832                   /usr/lib/x86_64-linux-gnu/libxshmfence.so.1.0.0
7f55a0f24000-7f55a0f29000 r-xp 00000000 08:15 12330808                   /usr/lib/x86_64-linux-gnu/libxcb-sync.so.1.0.0
7f55a0f29000-7f55a1129000 ---p 00005000 08:15 12330808                   /usr/lib/x86_64-linux-gnu/libxcb-sync.so.1.0.0
7f55a1129000-7f55a112a000 r--p 00005000 08:15 12330808                   /usr/lib/x86_64-linux-gnu/libxcb-sync.so.1.0.0
7f55a112a000-7f55a112b000 rw-p 00006000 08:15 12330808                   /usr/lib/x86_64-linux-gnu/libxcb-sync.so.1.0.0
7f55a112b000-7f55a112d000 r-xp 00000000 08:15 12330796                   /usr/lib/x86_64-linux-gnu/libxcb-present.so.0.0.0
7f55a112d000-7f55a132c000 ---p 00002000 08:15 12330796                   /usr/lib/x86_64-linux-gnu/libxcb-present.so.0.0.0
7f55a132c000-7f55a132d000 r--p 00001000 08:15 12330796                   /usr/lib/x86_64-linux-gnu/libxcb-present.so.0.0.0
7f55a132d000-7f55a132e000 rw-p 00002000 08:15 12330796                   /usr/lib/x86_64-linux-gnu/libxcb-present.so.0.0.0
7f55a132e000-7f55a1330000 r-xp 00000000 08:15 12330786                   /usr/lib/x86_64-linux-gnu/libxcb-dri3.so.0.0.0
7f55a1330000-7f55a152f000 ---p 00002000 08:15 12330786                   /usr/lib/x86_64-linux-gnu/libxcb-dri3.so.0.0.0
7f55a152f000-7f55a1530000 r--p 00001000 08:15 12330786                   /usr/lib/x86_64-linux-gnu/libxcb-dri3.so.0.0.0
7f55a1530000-7f55a1531000 rw-p 00002000 08:15 12330786                   /usr/lib/x86_64-linux-gnu/libxcb-dri3.so.0.0.0
7f55a1531000-7f55a1557000 r-xp 00000000 08:15 7082434                    /lib/x86_64-linux-gnu/libexpat.so.1.6.0
7f55a1557000-7f55a1757000 ---p 00026000 08:15 7082434                    /lib/x86_64-linux-gnu/libexpat.so.1.6.0
7f55a1757000-7f55a1759000 r--p 00026000 08:15 7082434                    /lib/x86_64-linux-gnu/libexpat.so.1.6.0
7f55a1759000-7f55a175a000 rw-p 00028000 08:15 7082434                    /lib/x86_64-linux-gnu/libexpat.so.1.6.0
7f55a175a000-7f55a17c6000 r-xp 00000000 08:15 12588015                   /usr/lib/x86_64-linux-gnu/mesa/libGL.so.1.2.0
7f55a17c6000-7f55a19c5000 ---p 0006c000 08:15 12588015                   /usr/lib/x86_64-linux-gnu/mesa/libGL.so.1.2.0
7f55a19c5000-7f55a19c8000 r--p 0006b000 08:15 12588015                   /usr/lib/x86_64-linux-gnu/mesa/libGL.so.1.2.0
7f55a19c8000-7f55a19c9000 rw-p 0006e000 08:15 12588015                   /usr/lib/x86_64-linux-gnu/mesa/libGL.so.1.2.0
7f55a19c9000-7f55a1bca000 rw-p 00000000 00:00 0 
7f55a1bca000-7f55a1bcb000 r-xp 00000000 08:15 12329465                   /usr/lib/x86_64-linux-gnu/libX11-xcb.so.1.0.0
7f55a1bcb000-7f55a1dca000 ---p 00001000 08:15 12329465                   /usr/lib/x86_64-linux-gnu/libX11-xcb.so.1.0.0
7f55a1dca000-7f55a1dcb000 r--p 00000000 08:15 12329465                   /usr/lib/x86_64-linux-gnu/libX11-xcb.so.1.0.0
7f55a1dcb000-7f55a1dcc000 rw-p 00001000 08:15 12329465                   /usr/lib/x86_64-linux-gnu/libX11-xcb.so.1.0.0
7f55a1dcc000-7f55a1dd1000 r-xp 00000000 08:15 12329520                   /usr/lib/x86_64-linux-gnu/libXxf86vm.so.1.0.0
7f55a1dd1000-7f55a1fd0000 ---p 00005000 08:15 12329520                   /usr/lib/x86_64-linux-gnu/libXxf86vm.so.1.0.0
7f55a1fd0000-7f55a1fd1000 r--p 00004000 08:15 12329520                   /usr/lib/x86_64-linux-gnu/libXxf86vm.so.1.0.0
7f55a1fd1000-7f55a1fd2000 rw-p 00005000 08:15 12329520                   /usr/lib/x86_64-linux-gnu/libXxf86vm.so.1.0.0
7f55a1fd2000-7f55a1fd4000 r-xp 00000000 08:15 12329494                   /usr/lib/x86_64-linux-gnu/libXinerama.so.1.0.0
7f55a1fd4000-7f55a21d3000 ---p 00002000 08:15 12329494                   /usr/lib/x86_64-linux-gnu/libXinerama.so.1.0.0
7f55a21d3000-7f55a21d4000 r--p 00001000 08:15 12329494                   /usr/lib/x86_64-linux-gnu/libXinerama.so.1.0.0
7f55a21d4000-7f55a21d5000 rw-p 00002000 08:15 12329494                   /usr/lib/x86_64-linux-gnu/libXinerama.so.1.0.0
7f55a21d5000-7f55a21df000 r-xp 00000000 08:15 12329502                   /usr/lib/x86_64-linux-gnu/libXrandr.so.2.2.0
7f55a21df000-7f55a23de000 ---p 0000a000 08:15 12329502                   /usr/lib/x86_64-linux-gnu/libXrandr.so.2.2.0
7f55a23de000-7f55a23df000 r--p 00009000 08:15 12329502                   /usr/lib/x86_64-linux-gnu/libXrandr.so.2.2.0
7f55a23df000-7f55a23e0000 rw-p 0000a000 08:15 12329502                   /usr/lib/x86_64-linux-gnu/libXrandr.so.2.2.0
7f55a23e0000-7f55a23fe000 r-xp 00000000 08:15 1466952                    /tmp/lwjglnokorot/3.1.1-build-16/libglfw.so
7f55a23fe000-7f55a25fd000 ---p 0001e000 08:15 1466952                    /tmp/lwjglnokorot/3.1.1-build-16/libglfw.so
7f55a25fd000-7f55a25fe000 r--p 0001d000 08:15 1466952                    /tmp/lwjglnokorot/3.1.1-build-16/libglfw.so
7f55a25fe000-7f55a25ff000 rw-p 0001e000 08:15 1466952                    /tmp/lwjglnokorot/3.1.1-build-16/libglfw.so
7f55a25ff000-7f55a2600000 rw-p 00000000 00:00 0 
7f55a2600000-7f55a2800000 rw-p 00000000 00:00 0 
7f55a28ab000-7f55a28ae000 ---p 00000000 00:00 0 
7f55a28ae000-7f55a29ac000 rw-p 00000000 00:00 0 
7f55a29ac000-7f55a29e5000 r-xp 00000000 08:15 1466951                    /tmp/lwjglnokorot/3.1.1-build-16/libjemalloc.so
7f55a29e5000-7f55a2be4000 ---p 00039000 08:15 1466951                    /tmp/lwjglnokorot/3.1.1-build-16/libjemalloc.so
7f55a2be4000-7f55a2be7000 r--p 00038000 08:15 1466951                    /tmp/lwjglnokorot/3.1.1-build-16/libjemalloc.so
7f55a2be7000-7f55a2be8000 rw-p 0003b000 08:15 1466951                    /tmp/lwjglnokorot/3.1.1-build-16/libjemalloc.so
7f55a2be8000-7f55a2be9000 rw-p 00000000 00:00 0 
7f55a2be9000-7f55a2bec000 ---p 00000000 00:00 0 
7f55a2bec000-7f55a2cea000 rw-p 00000000 00:00 0 
7f55a2cea000-7f55a2d35000 r-xp 00000000 08:15 1466950                    /tmp/lwjglnokorot/3.1.1-build-16/liblwjgl.so
7f55a2d35000-7f55a2f35000 ---p 0004b000 08:15 1466950                    /tmp/lwjglnokorot/3.1.1-build-16/liblwjgl.so
7f55a2f35000-7f55a2f36000 r--p 0004b000 08:15 1466950                    /tmp/lwjglnokorot/3.1.1-build-16/liblwjgl.so
7f55a2f36000-7f55a2f37000 rw-p 0004c000 08:15 1466950                    /tmp/lwjglnokorot/3.1.1-build-16/liblwjgl.so
7f55a2f37000-7f55a2f3c000 r-xp 00000000 08:15 12329486                   /usr/lib/x86_64-linux-gnu/libXfixes.so.3.1.0
7f55a2f3c000-7f55a313b000 ---p 00005000 08:15 12329486                   /usr/lib/x86_64-linux-gnu/libXfixes.so.3.1.0
7f55a313b000-7f55a313c000 r--p 00004000 08:15 12329486                   /usr/lib/x86_64-linux-gnu/libXfixes.so.3.1.0
7f55a313c000-7f55a313d000 rw-p 00005000 08:15 12329486                   /usr/lib/x86_64-linux-gnu/libXfixes.so.3.1.0
7f55a313d000-7f55a3146000 r-xp 00000000 08:15 12329478                   /usr/lib/x86_64-linux-gnu/libXcursor.so.1.0.2
7f55a3146000-7f55a3345000 ---p 00009000 08:15 12329478                   /usr/lib/x86_64-linux-gnu/libXcursor.so.1.0.2
7f55a3345000-7f55a3346000 r--p 00008000 08:15 12329478                   /usr/lib/x86_64-linux-gnu/libXcursor.so.1.0.2
7f55a3346000-7f55a3347000 rw-p 00009000 08:15 12329478                   /usr/lib/x86_64-linux-gnu/libXcursor.so.1.0.2
7f55a3347000-7f55a334a000 ---p 00000000 00:00 0 
7f55a334a000-7f55a3749000 rw-p 00000000 00:00 0 
7f55a3749000-7f55a375f000 r-xp 00000000 08:15 12980356                   /usr/lib/jvm/java-8-oracle/jre/lib/amd64/libnet.so
7f55a375f000-7f55a395f000 ---p 00016000 08:15 12980356                   /usr/lib/jvm/java-8-oracle/jre/lib/amd64/libnet.so
7f55a395f000-7f55a3960000 rw-p 00016000 08:15 12980356                   /usr/lib/jvm/java-8-oracle/jre/lib/amd64/libnet.so
7f55a3960000-7f55a3971000 r-xp 00000000 08:15 12980591                   /usr/lib/jvm/java-8-oracle/jre/lib/amd64/libnio.so
7f55a3971000-7f55a3b70000 ---p 00011000 08:15 12980591                   /usr/lib/jvm/java-8-oracle/jre/lib/amd64/libnio.so
7f55a3b70000-7f55a3b71000 rw-p 00010000 08:15 12980591                   /usr/lib/jvm/java-8-oracle/jre/lib/amd64/libnio.so
7f55a3b71000-7f55a3b87000 r-xp 00000000 08:15 7082441                    /lib/x86_64-linux-gnu/libgcc_s.so.1
7f55a3b87000-7f55a3d86000 ---p 00016000 08:15 7082441                    /lib/x86_64-linux-gnu/libgcc_s.so.1
7f55a3d86000-7f55a3d87000 rw-p 00015000 08:15 7082441                    /lib/x86_64-linux-gnu/libgcc_s.so.1
7f55a3d87000-7f55a3dec000 r-xp 00000000 08:15 12980585                   /usr/lib/jvm/java-8-oracle/jre/lib/amd64/libfontmanager.so
7f55a3dec000-7f55a3feb000 ---p 00065000 08:15 12980585                   /usr/lib/jvm/java-8-oracle/jre/lib/amd64/libfontmanager.so
7f55a3feb000-7f55a3ff0000 rw-p 00064000 08:15 12980585                   /usr/lib/jvm/java-8-oracle/jre/lib/amd64/libfontmanager.so
7f55a3ff0000-7f55a4000000 rw-p 00000000 00:00 0 
7f55a4000000-7f55a4021000 rw-p 00000000 00:00 0 
7f55a4021000-7f55a8000000 ---p 00000000 00:00 0 
7f55a8000000-7f55a8021000 rw-p 00000000 00:00 0 
7f55a8021000-7f55ac000000 ---p 00000000 00:00 0 
7f55ac000000-7f55ac102000 rw-p 00000000 00:00 0 
7f55ac102000-7f55b0000000 ---p 00000000 00:00 0 
7f55b0000000-7f55b024e000 rw-p 00000000 00:00 0 
7f55b024e000-7f55b4000000 ---p 00000000 00:00 0 
7f55b4000000-7f55b4021000 rw-p 00000000 00:00 0 
7f55b4021000-7f55b8000000 ---p 00000000 00:00 0 
7f55b8000000-7f55b81b8000 rw-p 00000000 00:00 0 
7f55b81b8000-7f55bc000000 ---p 00000000 00:00 0 
7f55bc000000-7f55bc021000 rw-p 00000000 00:00 0 
7f55bc021000-7f55c0000000 ---p 00000000 00:00 0 
7f55c0000000-7f55c0021000 rw-p 00000000 00:00 0 
7f55c0021000-7f55c4000000 ---p 00000000 00:00 0 
7f55c4000000-7f55c4021000 rw-p 00000000 00:00 0 
7f55c4021000-7f55c8000000 ---p 00000000 00:00 0 
7f55c80f5000-7f55c80f8000 ---p 00000000 00:00 0 
7f55c80f8000-7f55c81f6000 rw-p 00000000 00:00 0 
7f55c81f6000-7f55c81fb000 r-xp 00000000 08:15 12329482                   /usr/lib/x86_64-linux-gnu/libXdmcp.so.6.0.0
7f55c81fb000-7f55c83fa000 ---p 00005000 08:15 12329482                   /usr/lib/x86_64-linux-gnu/libXdmcp.so.6.0.0
7f55c83fa000-7f55c83fb000 r--p 00004000 08:15 12329482                   /usr/lib/x86_64-linux-gnu/libXdmcp.so.6.0.0
7f55c83fb000-7f55c83fc000 rw-p 00005000 08:15 12329482                   /usr/lib/x86_64-linux-gnu/libXdmcp.so.6.0.0
7f55c83fc000-7f55c83fe000 r-xp 00000000 08:15 12329471                   /usr/lib/x86_64-linux-gnu/libXau.so.6.0.0
7f55c83fe000-7f55c85fe000 ---p 00002000 08:15 12329471                   /usr/lib/x86_64-linux-gnu/libXau.so.6.0.0
7f55c85fe000-7f55c85ff000 r--p 00002000 08:15 12329471                   /usr/lib/x86_64-linux-gnu/libXau.so.6.0.0
7f55c85ff000-7f55c8600000 rw-p 00003000 08:15 12329471                   /usr/lib/x86_64-linux-gnu/libXau.so.6.0.0
7f55c8600000-7f55c8621000 r-xp 00000000 08:15 12330820                   /usr/lib/x86_64-linux-gnu/libxcb.so.1.1.0
7f55c8621000-7f55c8820000 ---p 00021000 08:15 12330820                   /usr/lib/x86_64-linux-gnu/libxcb.so.1.1.0
7f55c8820000-7f55c8821000 r--p 00020000 08:15 12330820                   /usr/lib/x86_64-linux-gnu/libxcb.so.1.1.0
7f55c8821000-7f55c8822000 rw-p 00021000 08:15 12330820                   /usr/lib/x86_64-linux-gnu/libxcb.so.1.1.0
7f55c8822000-7f55c8831000 r-xp 00000000 08:15 12329492                   /usr/lib/x86_64-linux-gnu/libXi.so.6.1.0
7f55c8831000-7f55c8a30000 ---p 0000f000 08:15 12329492                   /usr/lib/x86_64-linux-gnu/libXi.so.6.1.0
7f55c8a30000-7f55c8a31000 r--p 0000e000 08:15 12329492                   /usr/lib/x86_64-linux-gnu/libXi.so.6.1.0
7f55c8a31000-7f55c8a32000 rw-p 0000f000 08:15 12329492                   /usr/lib/x86_64-linux-gnu/libXi.so.6.1.0
7f55c8a32000-7f55c8a37000 r-xp 00000000 08:15 12329510                   /usr/lib/x86_64-linux-gnu/libXtst.so.6.1.0
7f55c8a37000-7f55c8c36000 ---p 00005000 08:15 12329510                   /usr/lib/x86_64-linux-gnu/libXtst.so.6.1.0
7f55c8c36000-7f55c8c37000 r--p 00004000 08:15 12329510                   /usr/lib/x86_64-linux-gnu/libXtst.so.6.1.0
7f55c8c37000-7f55c8c38000 rw-p 00005000 08:15 12329510                   /usr/lib/x86_64-linux-gnu/libXtst.so.6.1.0
7f55c8c38000-7f55c8c41000 r-xp 00000000 08:15 12329504                   /usr/lib/x86_64-linux-gnu/libXrender.so.1.3.0
7f55c8c41000-7f55c8e40000 ---p 00009000 08:15 12329504                   /usr/lib/x86_64-linux-gnu/libXrender.so.1.3.0
7f55c8e40000-7f55c8e41000 r--p 00008000 08:15 12329504                   /usr/lib/x86_64-linux-gnu/libXrender.so.1.3.0
7f55c8e41000-7f55c8e42000 rw-p 00009000 08:15 12329504                   /usr/lib/x86_64-linux-gnu/libXrender.so.1.3.0
7f55c8e42000-7f55c8f77000 r-xp 00000000 08:15 12329467                   /usr/lib/x86_64-linux-gnu/libX11.so.6.3.0
7f55c8f77000-7f55c9177000 ---p 00135000 08:15 12329467                   /usr/lib/x86_64-linux-gnu/libX11.so.6.3.0
7f55c9177000-7f55c9178000 r--p 00135000 08:15 12329467                   /usr/lib/x86_64-linux-gnu/libX11.so.6.3.0
7f55c9178000-7f55c917c000 rw-p 00136000 08:15 12329467                   /usr/lib/x86_64-linux-gnu/libX11.so.6.3.0
7f55c917c000-7f55c918d000 r-xp 00000000 08:15 12329484                   /usr/lib/x86_64-linux-gnu/libXext.so.6.4.0
7f55c918d000-7f55c938c000 ---p 00011000 08:15 12329484                   /usr/lib/x86_64-linux-gnu/libXext.so.6.4.0
7f55c938c000-7f55c938d000 r--p 00010000 08:15 12329484                   /usr/lib/x86_64-linux-gnu/libXext.so.6.4.0
7f55c938d000-7f55c938e000 rw-p 00011000 08:15 12329484                   /usr/lib/x86_64-linux-gnu/libXext.so.6.4.0
7f55c938e000-7f55c93e2000 r-xp 00000000 08:15 12980593                   /usr/lib/jvm/java-8-oracle/jre/lib/amd64/libawt_xawt.so
7f55c93e2000-7f55c95e2000 ---p 00054000 08:15 12980593                   /usr/lib/jvm/java-8-oracle/jre/lib/amd64/libawt_xawt.so
7f55c95e2000-7f55c95e6000 rw-p 00054000 08:15 12980593                   /usr/lib/jvm/java-8-oracle/jre/lib/amd64/libawt_xawt.so
7f55c95e6000-7f55c95e7000 rw-p 00000000 00:00 0 
7f55c95e7000-7f55c9689000 r-xp 00000000 08:15 12980626                   /usr/lib/jvm/java-8-oracle/jre/lib/amd64/libawt.so
7f55c9689000-7f55c9889000 ---p 000a2000 08:15 12980626                   /usr/lib/jvm/java-8-oracle/jre/lib/amd64/libawt.so
7f55c9889000-7f55c9895000 rw-p 000a2000 08:15 12980626                   /usr/lib/jvm/java-8-oracle/jre/lib/amd64/libawt.so
7f55c9895000-7f55c98b9000 rw-p 00000000 00:00 0 
7f55c98b9000-7f55c98ba000 ---p 00000000 00:00 0 
7f55c98ba000-7f55c99ba000 rw-p 00000000 00:00 0 
7f55c99ba000-7f55c99bd000 ---p 00000000 00:00 0 
7f55c99bd000-7f55c9abb000 rw-p 00000000 00:00 0 
7f55c9abb000-7f55c9abe000 ---p 00000000 00:00 0 
7f55c9abe000-7f55c9bbc000 rw-p 00000000 00:00 0 
7f55c9bbc000-7f55c9bbf000 ---p 00000000 00:00 0 
7f55c9bbf000-7f55c9cbd000 rw-p 00000000 00:00 0 
7f55c9cbd000-7f55c9cc0000 ---p 00000000 00:00 0 
7f55c9cc0000-7f55c9dbe000 rw-p 00000000 00:00 0 
7f55c9dbe000-7f55c9dc1000 ---p 00000000 00:00 0 
7f55c9dc1000-7f55c9ebf000 rw-p 00000000 00:00 0 
7f55c9ebf000-7f55ca316000 r--p 00000000 08:15 12322328                   /usr/lib/locale/locale-archive
7f55ca316000-7f55ca319000 ---p 00000000 00:00 0 
7f55ca319000-7f55ca417000 rw-p 00000000 00:00 0 
7f55ca417000-7f55ca41a000 ---p 00000000 00:00 0 
7f55ca41a000-7f55ca518000 rw-p 00000000 00:00 0 
7f55ca518000-7f55ca519000 ---p 00000000 00:00 0 
7f55ca519000-7f55cc000000 rw-p 00000000 00:00 0 
7f55cc000000-7f55cc021000 rw-p 00000000 00:00 0 
7f55cc021000-7f55d0000000 ---p 00000000 00:00 0 
7f55d0022000-7f55d0026000 r--s 00097000 08:15 12855478                   /usr/lib/jvm/java-8-oracle/jre/lib/jsse.jar
7f55d0026000-7f55d0028000 rwxp 00000000 00:00 0 
7f55d0028000-7f55d0030000 rw-s 00000000 00:05 385691                     /drm mm object (deleted)
7f55d0030000-7f55d0031000 rw-s 115c9e000 00:06 361                       /dev/dri/card0
7f55d0031000-7f55d0039000 rw-s 00000000 00:05 388202                     /drm mm object (deleted)
7f55d0039000-7f55d0040000 r--s 00000000 08:15 12594715                   /usr/lib/x86_64-linux-gnu/gconv/gconv-modules.cache
7f55d0040000-7f55d0041000 rwxp 00000000 00:00 0 
7f55d0041000-7f55d0042000 r--s 00004000 08:15 13654818                   /home/nokorot/Workspace/Java/PS/PS 3.0.0/LWJGL3/lwjgl-xxhash.jar
7f55d0042000-7f55d0043000 r--s 00001000 08:15 13654817                   /home/nokorot/Workspace/Java/PS/PS 3.0.0/LWJGL3/lwjgl-xxhash-natives-linux.jar
7f55d0043000-7f55d004c000 r--s 000a6000 08:15 13654825                   /home/nokorot/Workspace/Java/PS/PS 3.0.0/LWJGL3/lwjgl-vulkan.jar
7f55d004c000-7f55d0051000 r--s 000ac000 08:15 13654824                   /home/nokorot/Workspace/Java/PS/PS 3.0.0/LWJGL3/lwjgl-vulkan-sources.jar
7f55d0051000-7f55d0052000 r--s 00001000 08:15 13654813                   /home/nokorot/Workspace/Java/PS/PS 3.0.0/LWJGL3/lwjgl-tinyfd.jar
7f55d0052000-7f55d0053000 r--s 00007000 08:15 13654815                   /home/nokorot/Workspace/Java/PS/PS 3.0.0/LWJGL3/lwjgl-tinyfd-natives-linux.jar
7f55d0053000-7f55d0056000 r--s 00012000 08:15 13654809                   /home/nokorot/Workspace/Java/PS/PS 3.0.0/LWJGL3/lwjgl-stb.jar
7f55d0056000-7f55d0098000 rw-p 00000000 00:00 0 
7f55d0098000-7f55d0270000 r--s 03d2a000 08:15 12855517                   /usr/lib/jvm/java-8-oracle/jre/lib/rt.jar
7f55d0270000-7f55d4000000 rw-p 00000000 00:00 0 
7f55d4000000-7f55d4021000 rw-p 00000000 00:00 0 
7f55d4021000-7f55d8000000 ---p 00000000 00:00 0 
7f55d8000000-7f55d8021000 rw-p 00000000 00:00 0 
7f55d8021000-7f55dc000000 ---p 00000000 00:00 0 
7f55dc000000-7f55dc021000 rw-p 00000000 00:00 0 
7f55dc021000-7f55e0000000 ---p 00000000 00:00 0 
7f55e0000000-7f55e0001000 r--s 0002c000 08:15 13654808                   /home/nokorot/Workspace/Java/PS/PS 3.0.0/LWJGL3/lwjgl-stb-natives-linux.jar
7f55e0001000-7f55e0002000 r--s 00000000 08:15 13654803                   /home/nokorot/Workspace/Java/PS/PS 3.0.0/LWJGL3/lwjgl-sse.jar
7f55e0002000-7f55e0003000 r--s 00000000 08:15 13654802                   /home/nokorot/Workspace/Java/PS/PS 3.0.0/LWJGL3/lwjgl-sse-natives-linux.jar
7f55e0003000-7f55e0005000 r--s 00058000 08:15 13654804                   /home/nokorot/Workspace/Java/PS/PS 3.0.0/LWJGL3/lwjgl-sse-javadoc.jar
7f55e0005000-7f55e0007000 r--s 00001000 08:15 13654799                   /home/nokorot/Workspace/Java/PS/PS 3.0.0/LWJGL3/lwjgl-par.jar
7f55e0007000-7f55e0008000 r--s 00005000 08:15 13654795                   /home/nokorot/Workspace/Java/PS/PS 3.0.0/LWJGL3/lwjgl-par-natives-linux.jar
7f55e0008000-7f55e000e000 r--s 00048000 08:15 13654794                   /home/nokorot/Workspace/Java/PS/PS 3.0.0/LWJGL3/lwjgl-opengles.jar
7f55e000e000-7f55e000f000 r--s 00007000 08:15 13654792                   /home/nokorot/Workspace/Java/PS/PS 3.0.0/LWJGL3/lwjgl-opengles-natives-linux.jar
7f55e000f000-7f55e0018000 r--s 000ba000 08:15 13654797                   /home/nokorot/Workspace/Java/PS/PS 3.0.0/LWJGL3/lwjgl-opengl.jar
7f55e0018000-7f55e01d1000 rw-p 00000000 00:00 0 
7f55e01d1000-7f55e01d2000 ---p 00000000 00:00 0 
7f55e01d2000-7f55e02d2000 rw-p 00000000 00:00 0 
7f55e02d2000-7f55e02d3000 ---p 00000000 00:00 0 
7f55e02d3000-7f55e03d3000 rw-p 00000000 00:00 0 
7f55e03d3000-7f55e03d4000 ---p 00000000 00:00 0 
7f55e03d4000-7f55e04d4000 rw-p 00000000 00:00 0 
7f55e04d4000-7f55e04d5000 ---p 00000000 00:00 0 
7f55e04d5000-7f55e05ff000 rw-p 00000000 00:00 0 
7f55e05ff000-7f55e0866000 ---p 00000000 00:00 0 
7f55e0866000-7f55e0890000 rw-p 00000000 00:00 0 
7f55e0890000-7f55e0af6000 ---p 00000000 00:00 0 
7f55e0af6000-7f55e0b1b000 rw-p 00000000 00:00 0 
7f55e0b1b000-7f55e0c3f000 ---p 00000000 00:00 0 
7f55e0c3f000-7f55e0c4f000 rw-p 00000000 00:00 0 
7f55e0c4f000-7f55e1000000 ---p 00000000 00:00 0 
7f55e1000000-7f55e1390000 rwxp 00000000 00:00 0 
7f55e1390000-7f55f0000000 ---p 00000000 00:00 0 
7f55f0000000-7f55f07bd000 rw-p 00000000 00:00 0 
7f55f07bd000-7f55f4000000 ---p 00000000 00:00 0 
7f55f4000000-7f55f4001000 r--s 00015000 08:15 13654789                   /home/nokorot/Workspace/Java/PS/PS 3.0.0/LWJGL3/lwjgl-opengl-natives-linux.jar
7f55f4001000-7f55f4004000 r--s 00023000 08:15 13654790                   /home/nokorot/Workspace/Java/PS/PS 3.0.0/LWJGL3/lwjgl-opencl.jar
7f55f4004000-7f55f4006000 r--s 00010000 08:15 13654776                   /home/nokorot/Workspace/Java/PS/PS 3.0.0/LWJGL3/lwjgl-openal.jar
7f55f4006000-7f55f4007000 r--s 0004a000 08:15 13654787                   /home/nokorot/Workspace/Java/PS/PS 3.0.0/LWJGL3/lwjgl-openal-natives-linux.jar
7f55f4007000-7f55f400c000 r--s 00054000 08:15 13654782                   /home/nokorot/Workspace/Java/PS/PS 3.0.0/LWJGL3/lwjgl-nuklear.jar
7f55f400c000-7f55f400d000 r--s 0001f000 08:15 13654772                   /home/nokorot/Workspace/Java/PS/PS 3.0.0/LWJGL3/lwjgl-nuklear-natives-linux.jar
7f55f400d000-7f55f400e000 r--s 00001000 08:15 13654766                   /home/nokorot/Workspace/Java/PS/PS 3.0.0/LWJGL3/lwjgl-nfd.jar
7f55f400e000-7f55f400f000 r--s 00001000 08:15 13654764                   /home/nokorot/Workspace/Java/PS/PS 3.0.0/LWJGL3/lwjgl-nfd-natives-linux.jar
7f55f400f000-7f55f4010000 r--s 00011000 08:15 13654822                   /home/nokorot/Workspace/Java/PS/PS 3.0.0/LWJGL3/lwjgl-natives-linux.jar
7f55f4010000-7f55f4012000 r--s 00008000 08:15 13654756                   /home/nokorot/Workspace/Java/PS/PS 3.0.0/LWJGL3/lwjgl-nanovg.jar
7f55f4012000-7f55f4061000 rw-p 00000000 00:00 0 
7f55f4061000-7f55f407b000 r-xp 00000000 08:15 12980589                   /usr/lib/jvm/java-8-oracle/jre/lib/amd64/libzip.so
7f55f407b000-7f55f427b000 ---p 0001a000 08:15 12980589                   /usr/lib/jvm/java-8-oracle/jre/lib/amd64/libzip.so
7f55f427b000-7f55f427c000 rw-p 0001a000 08:15 12980589                   /usr/lib/jvm/java-8-oracle/jre/lib/amd64/libzip.so
7f55f427c000-7f55f4287000 r-xp 00000000 08:15 7082071                    /lib/x86_64-linux-gnu/libnss_files-2.23.so
7f55f4287000-7f55f4486000 ---p 0000b000 08:15 7082071                    /lib/x86_64-linux-gnu/libnss_files-2.23.so
7f55f4486000-7f55f4487000 r--p 0000a000 08:15 7082071                    /lib/x86_64-linux-gnu/libnss_files-2.23.so
7f55f4487000-7f55f4488000 rw-p 0000b000 08:15 7082071                    /lib/x86_64-linux-gnu/libnss_files-2.23.so
7f55f4488000-7f55f448e000 rw-p 00000000 00:00 0 
7f55f448e000-7f55f4499000 r-xp 00000000 08:15 7082047                    /lib/x86_64-linux-gnu/libnss_nis-2.23.so
7f55f4499000-7f55f4698000 ---p 0000b000 08:15 7082047                    /lib/x86_64-linux-gnu/libnss_nis-2.23.so
7f55f4698000-7f55f4699000 r--p 0000a000 08:15 7082047                    /lib/x86_64-linux-gnu/libnss_nis-2.23.so
7f55f4699000-7f55f469a000 rw-p 0000b000 08:15 7082047                    /lib/x86_64-linux-gnu/libnss_nis-2.23.so
7f55f469a000-7f55f46b0000 r-xp 00000000 08:15 7082063                    /lib/x86_64-linux-gnu/libnsl-2.23.so
7f55f46b0000-7f55f48af000 ---p 00016000 08:15 7082063                    /lib/x86_64-linux-gnu/libnsl-2.23.so
7f55f48af000-7f55f48b0000 r--p 00015000 08:15 7082063                    /lib/x86_64-linux-gnu/libnsl-2.23.so
7f55f48b0000-7f55f48b1000 rw-p 00016000 08:15 7082063                    /lib/x86_64-linux-gnu/libnsl-2.23.so
7f55f48b1000-7f55f48b3000 rw-p 00000000 00:00 0 
7f55f48b3000-7f55f48bb000 r-xp 00000000 08:15 7082065                    /lib/x86_64-linux-gnu/libnss_compat-2.23.so
7f55f48bb000-7f55f4aba000 ---p 00008000 08:15 7082065                    /lib/x86_64-linux-gnu/libnss_compat-2.23.so
7f55f4aba000-7f55f4abb000 r--p 00007000 08:15 7082065                    /lib/x86_64-linux-gnu/libnss_compat-2.23.so
7f55f4abb000-7f55f4abc000 rw-p 00008000 08:15 7082065                    /lib/x86_64-linux-gnu/libnss_compat-2.23.so
7f55f4abc000-7f55f4ae7000 r-xp 00000000 08:15 12980616                   /usr/lib/jvm/java-8-oracle/jre/lib/amd64/libjava.so
7f55f4ae7000-7f55f4ce6000 ---p 0002b000 08:15 12980616                   /usr/lib/jvm/java-8-oracle/jre/lib/amd64/libjava.so
7f55f4ce6000-7f55f4ce8000 rw-p 0002a000 08:15 12980616                   /usr/lib/jvm/java-8-oracle/jre/lib/amd64/libjava.so
7f55f4ce8000-7f55f4cf5000 r-xp 00000000 08:15 12980358                   /usr/lib/jvm/java-8-oracle/jre/lib/amd64/libverify.so
7f55f4cf5000-7f55f4ef4000 ---p 0000d000 08:15 12980358                   /usr/lib/jvm/java-8-oracle/jre/lib/amd64/libverify.so
7f55f4ef4000-7f55f4ef6000 rw-p 0000c000 08:15 12980358                   /usr/lib/jvm/java-8-oracle/jre/lib/amd64/libverify.so
7f55f4ef6000-7f55f4efd000 r-xp 00000000 08:15 7082046                    /lib/x86_64-linux-gnu/librt-2.23.so
7f55f4efd000-7f55f50fc000 ---p 00007000 08:15 7082046                    /lib/x86_64-linux-gnu/librt-2.23.so
7f55f50fc000-7f55f50fd000 r--p 00006000 08:15 7082046                    /lib/x86_64-linux-gnu/librt-2.23.so
7f55f50fd000-7f55f50fe000 rw-p 00007000 08:15 7082046                    /lib/x86_64-linux-gnu/librt-2.23.so
7f55f50fe000-7f55f5206000 r-xp 00000000 08:15 7082058                    /lib/x86_64-linux-gnu/libm-2.23.so
7f55f5206000-7f55f5405000 ---p 00108000 08:15 7082058                    /lib/x86_64-linux-gnu/libm-2.23.so
7f55f5405000-7f55f5406000 r--p 00107000 08:15 7082058                    /lib/x86_64-linux-gnu/libm-2.23.so
7f55f5406000-7f55f5407000 rw-p 00108000 08:15 7082058                    /lib/x86_64-linux-gnu/libm-2.23.so
7f55f5407000-7f55f60d4000 r-xp 00000000 08:15 12980620                   /usr/lib/jvm/java-8-oracle/jre/lib/amd64/server/libjvm.so
7f55f60d4000-7f55f62d3000 ---p 00ccd000 08:15 12980620                   /usr/lib/jvm/java-8-oracle/jre/lib/amd64/server/libjvm.so
7f55f62d3000-7f55f63ac000 rw-p 00ccc000 08:15 12980620                   /usr/lib/jvm/java-8-oracle/jre/lib/amd64/server/libjvm.so
7f55f63ac000-7f55f63f7000 rw-p 00000000 00:00 0 
7f55f63f7000-7f55f65b6000 r-xp 00000000 08:15 7082051                    /lib/x86_64-linux-gnu/libc-2.23.so
7f55f65b6000-7f55f67b6000 ---p 001bf000 08:15 7082051                    /lib/x86_64-linux-gnu/libc-2.23.so
7f55f67b6000-7f55f67ba000 r--p 001bf000 08:15 7082051                    /lib/x86_64-linux-gnu/libc-2.23.so
7f55f67ba000-7f55f67bc000 rw-p 001c3000 08:15 7082051                    /lib/x86_64-linux-gnu/libc-2.23.so
7f55f67bc000-7f55f67c0000 rw-p 00000000 00:00 0 
7f55f67c0000-7f55f67c3000 r-xp 00000000 08:15 7082050                    /lib/x86_64-linux-gnu/libdl-2.23.so
7f55f67c3000-7f55f69c2000 ---p 00003000 08:15 7082050                    /lib/x86_64-linux-gnu/libdl-2.23.so
7f55f69c2000-7f55f69c3000 r--p 00002000 08:15 7082050                    /lib/x86_64-linux-gnu/libdl-2.23.so
7f55f69c3000-7f55f69c4000 rw-p 00003000 08:15 7082050                    /lib/x86_64-linux-gnu/libdl-2.23.so
7f55f69c4000-7f55f69d9000 r-xp 00000000 08:15 12585246                   /usr/lib/jvm/java-8-oracle/lib/amd64/jli/libjli.so
7f55f69d9000-7f55f6bd9000 ---p 00015000 08:15 12585246                   /usr/lib/jvm/java-8-oracle/lib/amd64/jli/libjli.so
7f55f6bd9000-7f55f6bda000 rw-p 00015000 08:15 12585246                   /usr/lib/jvm/java-8-oracle/lib/amd64/jli/libjli.so
7f55f6bda000-7f55f6bf2000 r-xp 00000000 08:15 7082059                    /lib/x86_64-linux-gnu/libpthread-2.23.so
7f55f6bf2000-7f55f6df1000 ---p 00018000 08:15 7082059                    /lib/x86_64-linux-gnu/libpthread-2.23.so
7f55f6df1000-7f55f6df2000 r--p 00017000 08:15 7082059                    /lib/x86_64-linux-gnu/libpthread-2.23.so
7f55f6df2000-7f55f6df3000 rw-p 00018000 08:15 7082059                    /lib/x86_64-linux-gnu/libpthread-2.23.so
7f55f6df3000-7f55f6df7000 rw-p 00000000 00:00 0 
7f55f6df7000-7f55f6e1d000 r-xp 00000000 08:15 7082039                    /lib/x86_64-linux-gnu/ld-2.23.so
7f55f6e1d000-7f55f6e1e000 r--s 0001f000 08:15 13654762                   /home/nokorot/Workspace/Java/PS/PS 3.0.0/LWJGL3/lwjgl-nanovg-natives-linux.jar
7f55f6e1e000-7f55f6e20000 r--s 00005000 08:15 13654746                   /home/nokorot/Workspace/Java/PS/PS 3.0.0/LWJGL3/lwjgl-lmdb.jar
7f55f6e20000-7f55f6eeb000 rw-p 00000000 00:00 0 
7f55f6eeb000-7f55f6eee000 ---p 00000000 00:00 0 
7f55f6eee000-7f55f6ff0000 rw-p 00000000 00:00 0 
7f55f6ff0000-7f55f6ff1000 r--s 0000d000 08:15 13654750                   /home/nokorot/Workspace/Java/PS/PS 3.0.0/LWJGL3/lwjgl-lmdb-natives-linux.jar
7f55f6ff1000-7f55f6ff3000 r--s 00007000 08:15 13654736                   /home/nokorot/Workspace/Java/PS/PS 3.0.0/LWJGL3/lwjgl-jemalloc.jar
7f55f6ff3000-7f55f6ff4000 r--s 00019000 08:15 13654734                   /home/nokorot/Workspace/Java/PS/PS 3.0.0/LWJGL3/lwjgl-jemalloc-natives-linux.jar
7f55f6ff4000-7f55f6ff5000 r--s 00005000 08:15 13654724                   /home/nokorot/Workspace/Java/PS/PS 3.0.0/LWJGL3/lwjgl-jawt.jar
7f55f6ff5000-7f55f6ff7000 r--s 00066000 08:15 13654732                   /home/nokorot/Workspace/Java/PS/PS 3.0.0/LWJGL3/lwjgl-jawt-javadoc.jar
7f55f6ff7000-7f55f6ffa000 r--s 00015000 08:15 13654722                   /home/nokorot/Workspace/Java/PS/PS 3.0.0/LWJGL3/lwjgl-glfw.jar
7f55f6ffa000-7f55f6ffb000 r--s 0000e000 08:15 13654716                   /home/nokorot/Workspace/Java/PS/PS 3.0.0/LWJGL3/lwjgl-glfw-natives-linux.jar
7f55f6ffb000-7f55f6fff000 r--s 0001b000 08:15 13654708                   /home/nokorot/Workspace/Java/PS/PS 3.0.0/LWJGL3/lwjgl-egl.jar
7f55f6fff000-7f55f7003000 r--s 0001e000 08:15 13654712                   /home/nokorot/Workspace/Java/PS/PS 3.0.0/LWJGL3/lwjgl-egl-sources.jar
7f55f7003000-7f55f7006000 r--s 0001f000 08:15 13654702                   /home/nokorot/Workspace/Java/PS/PS 3.0.0/LWJGL3/lwjgl-bgfx.jar
7f55f7006000-7f55f7007000 r--s 00042000 08:15 13654704                   /home/nokorot/Workspace/Java/PS/PS 3.0.0/LWJGL3/lwjgl-bgfx-natives-linux.jar
7f55f7007000-7f55f700b000 r--s 0002a000 08:15 13654692                   /home/nokorot/Workspace/Java/PS/PS 3.0.0/LWJGL3/lwjgl-assimp.jar
7f55f700b000-7f55f700c000 r--s 002ae000 08:15 13654740                   /home/nokorot/Workspace/Java/PS/PS 3.0.0/LWJGL3/lwjgl-assimp-natives-linux.jar
7f55f700c000-7f55f7010000 r--s 0003d000 08:15 13654827                   /home/nokorot/Workspace/Java/PS/PS 3.0.0/LWJGL3/lwjgl.jar
7f55f7010000-7f55f7018000 rw-s 00000000 08:15 1325743                    /tmp/hsperfdata_nokorot/1614
7f55f7018000-7f55f7019000 rw-p 00000000 00:00 0 
7f55f7019000-7f55f701a000 r--p 00000000 00:00 0 
7f55f701a000-7f55f701c000 rw-p 00000000 00:00 0 
7f55f701c000-7f55f701d000 r--p 00025000 08:15 7082039                    /lib/x86_64-linux-gnu/ld-2.23.so
7f55f701d000-7f55f701e000 rw-p 00026000 08:15 7082039                    /lib/x86_64-linux-gnu/ld-2.23.so
7f55f701e000-7f55f701f000 rw-p 00000000 00:00 0 
7ffc5eff0000-7ffc5f012000 rw-p 00000000 00:00 0                          [stack]
7ffc5f034000-7ffc5f036000 r--p 00000000 00:00 0                          [vvar]
7ffc5f036000-7ffc5f038000 r-xp 00000000 00:00 0                          [vdso]
ffffffffff600000-ffffffffff601000 r-xp 00000000 00:00 0                  [vsyscall]

VM Arguments:
jvm_args: -Djava.library.path=/home/noko/workspace/Java/Test/Test/LWJGL3 -Dfile.encoding=UTF-8 
java_command: engineTest.Main
java_class_path (initial): /home/nokorot/Workspace/Java/PS/PS 3.0.0/bin:/home/nokorot/Workspace/Java/PS/PS 3.0.0/LWJGL3/lwjgl.jar:/home/nokorot/Workspace/Java/PS/PS 3.0.0/LWJGL3/lwjgl-assimp-natives-linux.jar:/home/nokorot/Workspace/Java/PS/PS 3.0.0/LWJGL3/lwjgl-assimp.jar:/home/nokorot/Workspace/Java/PS/PS 3.0.0/LWJGL3/lwjgl-bgfx-natives-linux.jar:/home/nokorot/Workspace/Java/PS/PS 3.0.0/LWJGL3/lwjgl-bgfx.jar:/home/nokorot/Workspace/Java/PS/PS 3.0.0/LWJGL3/lwjgl-egl-sources.jar:/home/nokorot/Workspace/Java/PS/PS 3.0.0/LWJGL3/lwjgl-egl.jar:/home/nokorot/Workspace/Java/PS/PS 3.0.0/LWJGL3/lwjgl-glfw-natives-linux.jar:/home/nokorot/Workspace/Java/PS/PS 3.0.0/LWJGL3/lwjgl-glfw.jar:/home/nokorot/Workspace/Java/PS/PS 3.0.0/LWJGL3/lwjgl-jawt-javadoc.jar:/home/nokorot/Workspace/Java/PS/PS 3.0.0/LWJGL3/lwjgl-jawt.jar:/home/nokorot/Workspace/Java/PS/PS 3.0.0/LWJGL3/lwjgl-jemalloc-natives-linux.jar:/home/nokorot/Workspace/Java/PS/PS 3.0.0/LWJGL3/lwjgl-jemalloc.jar:/home/nokorot/Workspace/Java/PS/PS 3.0.0/LWJGL3/lwjgl-lmdb-natives-linux.jar:/home/nokorot/Workspace/Java/PS/PS 3.0.0/LWJGL3/lwjgl-lmdb.jar:/home/nokorot/Workspace/Java/PS/PS 3.0.0/LWJGL3/lwjgl-nanovg-natives-linux.jar:/home/nokorot/Workspace/Java/PS/PS 3.0.0/LWJGL3/lwjgl-nanovg.jar:/home/nokorot/Workspace/Java/PS/PS 3.0.0/LWJGL3/lwjgl-natives-linux.jar:/home/nokorot/Workspace/Java/PS/PS 3.0.0/LWJGL3/lwjgl-nfd-natives-linux.jar:/home/nokorot/Workspace/Java/PS/PS 3.0.0/LWJGL3/lwjgl-nfd.jar:/home/nokorot/Workspace/Java/PS/PS 3.0.0/LWJGL3/lwjgl-nuklear-natives-linux.jar:/home/nokorot/Workspace/Java/PS/PS 3.0.0/LWJGL3/lwjgl-nuklear.jar:/home/nokorot/Workspace/Java/PS/PS 3.0.0/LWJGL3/lwjgl-openal-natives-linux.jar:/home/nokorot/Workspace/Java/PS/PS 3.0.0/LWJGL3/lwjgl-openal.jar:/home/nokorot/Workspace/Java/PS/PS 3.0.0/LWJGL3/lwjgl-opencl.jar:/home/nokorot/Workspace/Java/PS/PS 3.0.0/LWJGL3/lwjgl-opengl-natives-linux.jar:/home/nokorot/Workspace/Java/PS/PS 3.0.0/LWJGL3/lwjgl-opengl.jar:/home/nokorot/Workspace/Java/PS/PS 3.
Launcher Type: SUN_STANDARD

Environment Variables:
JAVA_HOME=/usr/lib/jvm/java-8-oracle
PATH=/home/nokorot/.cabal/bin:/opt/cabal/1.22/bin:/opt/ghc/7.10.3/bin:/home/nokorot/.bin:/home/nokorot/bin:/home/nokorot/.local/bin:/usr/local/sbin:/usr/local/bin:/usr/sbin:/usr/bin:/sbin:/bin:/usr/games:/usr/local/games:/snap/bin:/usr/lib/jvm/java-8-oracle/bin:/usr/lib/jvm/java-8-oracle/db/bin:/usr/lib/jvm/java-8-oracle/jre/bin
USERNAME=nokorot
SHELL=/bin/bash
DISPLAY=:1

Signal Handlers:
SIGSEGV: [libjvm.so+0xac64b0], sa_mask[0]=11111111011111111101111111111110, sa_flags=SA_RESTART|SA_SIGINFO
SIGBUS: [libjvm.so+0xac64b0], sa_mask[0]=11111111011111111101111111111110, sa_flags=SA_RESTART|SA_SIGINFO
SIGFPE: [libjvm.so+0x91f950], sa_mask[0]=11111111011111111101111111111110, sa_flags=SA_RESTART|SA_SIGINFO
SIGPIPE: [libjvm.so+0x91f950], sa_mask[0]=11111111011111111101111111111110, sa_flags=SA_RESTART|SA_SIGINFO
SIGXFSZ: [libjvm.so+0x91f950], sa_mask[0]=11111111011111111101111111111110, sa_flags=SA_RESTART|SA_SIGINFO
SIGILL: [libjvm.so+0x91f950], sa_mask[0]=11111111011111111101111111111110, sa_flags=SA_RESTART|SA_SIGINFO
SIGUSR1: SIG_DFL, sa_mask[0]=00000000000000000000000000000000, sa_flags=none
SIGUSR2: [libjvm.so+0x920f80], sa_mask[0]=00100000000000000000000000000000, sa_flags=SA_RESTART|SA_SIGINFO
SIGHUP: [libjvm.so+0x922380], sa_mask[0]=11111111011111111101111111111110, sa_flags=SA_RESTART|SA_SIGINFO
SIGINT: [libjvm.so+0x922380], sa_mask[0]=11111111011111111101111111111110, sa_flags=SA_RESTART|SA_SIGINFO
SIGTERM: [libjvm.so+0x922380], sa_mask[0]=11111111011111111101111111111110, sa_flags=SA_RESTART|SA_SIGINFO
SIGQUIT: [libjvm.so+0x922380], sa_mask[0]=11111111011111111101111111111110, sa_flags=SA_RESTART|SA_SIGINFO


---------------  S Y S T E M  ---------------

OS:DISTRIB_ID=Ubuntu
DISTRIB_RELEASE=16.04
DISTRIB_CODENAME=xenial
DISTRIB_DESCRIPTION="Ubuntu 16.04.1 LTS"

uname:Linux 4.4.0-59-generic #80-Ubuntu SMP Fri Jan 6 17:47:47 UTC 2017 x86_64
libc:glibc 2.23 NPTL 2.23 
rlimit: STACK 8192k, CORE 0k, NPROC 31349, NOFILE 65536, AS infinity
load average:0,77 0,91 0,89

/proc/meminfo:
MemTotal:        8065832 kB
MemFree:          223268 kB
MemAvailable:    2387396 kB
Buffers:          194368 kB
Cached:          3026836 kB
SwapCached:         2404 kB
Active:          5492324 kB
Inactive:        1971972 kB
Active(anon):    4003088 kB
Inactive(anon):  1166612 kB
Active(file):    1489236 kB
Inactive(file):   805360 kB
Unevictable:         496 kB
Mlocked:             496 kB
SwapTotal:       1951740 kB
SwapFree:        1924648 kB
Dirty:               356 kB
Writeback:             0 kB
AnonPages:       4241644 kB
Mapped:           861060 kB
Shmem:            926352 kB
Slab:             224216 kB
SReclaimable:     174428 kB
SUnreclaim:        49788 kB
KernelStack:       14656 kB
PageTables:        67284 kB
NFS_Unstable:          0 kB
Bounce:                0 kB
WritebackTmp:          0 kB
CommitLimit:     5984656 kB
Committed_AS:   11485784 kB
VmallocTotal:   34359738367 kB
VmallocUsed:           0 kB
VmallocChunk:          0 kB
HardwareCorrupted:     0 kB
AnonHugePages:   2121728 kB
CmaTotal:              0 kB
CmaFree:               0 kB
HugePages_Total:       0
HugePages_Free:        0
HugePages_Rsvd:        0
HugePages_Surp:        0
Hugepagesize:       2048 kB
DirectMap4k:      255272 kB
DirectMap2M:     8024064 kB


CPU:total 4 (2 cores per cpu, 2 threads per core) family 6 model 58 stepping 9, cmov, cx8, fxsr, mmx, sse, sse2, sse3, ssse3, sse4.1, sse4.2, popcnt, avx, aes, clmul, erms, ht, tsc, tscinvbit, tscinv

/proc/cpuinfo:
processor	: 0
vendor_id	: GenuineIntel
cpu family	: 6
model		: 58
model name	: Intel(R) Core(TM) i5-3210M CPU @ 2.50GHz
stepping	: 9
microcode	: 0x15
cpu MHz		: 2899.902
cache size	: 3072 KB
physical id	: 0
siblings	: 4
core id		: 0
cpu cores	: 2
apicid		: 0
initial apicid	: 0
fpu		: yes
fpu_exception	: yes
cpuid level	: 13
wp		: yes
flags		: fpu vme de pse tsc msr pae mce cx8 apic sep mtrr pge mca cmov pat pse36 clflush dts acpi mmx fxsr sse sse2 ss ht tm pbe syscall nx rdtscp lm constant_tsc arch_perfmon pebs bts rep_good nopl xtopology nonstop_tsc aperfmperf eagerfpu pni pclmulqdq dtes64 monitor ds_cpl vmx est tm2 ssse3 cx16 xtpr pdcm pcid sse4_1 sse4_2 x2apic popcnt tsc_deadline_timer aes xsave avx f16c rdrand lahf_lm epb tpr_shadow vnmi flexpriority ept vpid fsgsbase smep erms xsaveopt dtherm ida arat pln pts
bugs		:
bogomips	: 4989.04
clflush size	: 64
cache_alignment	: 64
address sizes	: 36 bits physical, 48 bits virtual
power management:

processor	: 1
vendor_id	: GenuineIntel
cpu family	: 6
model		: 58
model name	: Intel(R) Core(TM) i5-3210M CPU @ 2.50GHz
stepping	: 9
microcode	: 0x15
cpu MHz		: 2899.902
cache size	: 3072 KB
physical id	: 0
siblings	: 4
core id		: 1
cpu cores	: 2
apicid		: 2
initial apicid	: 2
fpu		: yes
fpu_exception	: yes
cpuid level	: 13
wp		: yes
flags		: fpu vme de pse tsc msr pae mce cx8 apic sep mtrr pge mca cmov pat pse36 clflush dts acpi mmx fxsr sse sse2 ss ht tm pbe syscall nx rdtscp lm constant_tsc arch_perfmon pebs bts rep_good nopl xtopology nonstop_tsc aperfmperf eagerfpu pni pclmulqdq dtes64 monitor ds_cpl vmx est tm2 ssse3 cx16 xtpr pdcm pcid sse4_1 sse4_2 x2apic popcnt tsc_deadline_timer aes xsave avx f16c rdrand lahf_lm epb tpr_shadow vnmi flexpriority ept vpid fsgsbase smep erms xsaveopt dtherm ida arat pln pts
bugs		:
bogomips	: 4989.04
clflush size	: 64
cache_alignment	: 64
address sizes	: 36 bits physical, 48 bits virtual
power management:

processor	: 2
vendor_id	: GenuineIntel
cpu family	: 6
model		: 58
model name	: Intel(R) Core(TM) i5-3210M CPU @ 2.50GHz
stepping	: 9
microcode	: 0x15
cpu MHz		: 2899.902
cache size	: 3072 KB
physical id	: 0
siblings	: 4
core id		: 0
cpu cores	: 2
apicid		: 1
initial apicid	: 1
fpu		: yes
fpu_exception	: yes
cpuid level	: 13
wp		: yes
flags		: fpu vme de pse tsc msr pae mce cx8 apic sep mtrr pge mca cmov pat pse36 clflush dts acpi mmx fxsr sse sse2 ss ht tm pbe syscall nx rdtscp lm constant_tsc arch_perfmon pebs bts rep_good nopl xtopology nonstop_tsc aperfmperf eagerfpu pni pclmulqdq dtes64 monitor ds_cpl vmx est tm2 ssse3 cx16 xtpr pdcm pcid sse4_1 sse4_2 x2apic popcnt tsc_deadline_timer aes xsave avx f16c rdrand lahf_lm epb tpr_shadow vnmi flexpriority ept vpid fsgsbase smep erms xsaveopt dtherm ida arat pln pts
bugs		:
bogomips	: 4989.04
clflush size	: 64
cache_alignment	: 64
address sizes	: 36 bits physical, 48 bits virtual
power management:

processor	: 3
vendor_id	: GenuineIntel
cpu family	: 6
model		: 58
model name	: Intel(R) Core(TM) i5-3210M CPU @ 2.50GHz
stepping	: 9
microcode	: 0x15
cpu MHz		: 2899.902
cache size	: 3072 KB
physical id	: 0
siblings	: 4
core id		: 1
cpu cores	: 2
apicid		: 3
initial apicid	: 3
fpu		: yes
fpu_exception	: yes
cpuid level	: 13
wp		: yes
flags		: fpu vme de pse tsc msr pae mce cx8 apic sep mtrr pge mca cmov pat pse36 clflush dts acpi mmx fxsr sse sse2 ss ht tm pbe syscall nx rdtscp lm constant_tsc arch_perfmon pebs bts rep_good nopl xtopology nonstop_tsc aperfmperf eagerfpu pni pclmulqdq dtes64 monitor ds_cpl vmx est tm2 ssse3 cx16 xtpr pdcm pcid sse4_1 sse4_2 x2apic popcnt tsc_deadline_timer aes xsave avx f16c rdrand lahf_lm epb tpr_shadow vnmi flexpriority ept vpid fsgsbase smep erms xsaveopt dtherm ida arat pln pts
bugs		:
bogomips	: 4989.04
clflush size	: 64
cache_alignment	: 64
address sizes	: 36 bits physical, 48 bits virtual
power management:



Memory: 4k page, physical 8065832k(223268k free), swap 1951740k(1924648k free)

vm_info: Java HotSpot(TM) 64-Bit Server VM (25.111-b14) for linux-amd64 JRE (1.8.0_111-b14), built on Sep 22 2016 16:14:03 by "java_re" with gcc 4.3.0 20080428 (Red Hat 4.3.0-8)

time: Sun Feb  5 01:41:22 2017
elapsed time: 0 seconds (0d 0h 0m 0s)

