#
# A fatal error has been detected by the Java Runtime Environment:
#
#  SIGSEGV (0xb) at pc=0x00007fcda53e623c, pid=1842, tid=0x00007fcde1085700
#
# JRE version: Java(TM) SE Runtime Environment (8.0_111-b14) (build 1.8.0_111-b14)
# Java VM: Java HotSpot(TM) 64-Bit Server VM (25.111-b14 mixed mode linux-amd64 compressed oops)
# Problematic frame:
# C  [liblwjgl_opengl.so+0x4d23c]  Java_org_lwjgl_opengl_GL11_nglGenTextures__IJ+0xc
#
# Failed to write core dump. Core dumps have been disabled. To enable core dumping, try "ulimit -c unlimited" before starting Java again
#
# If you would like to submit a bug report, please visit:
#   http://bugreport.java.com/bugreport/crash.jsp
# The crash happened outside the Java Virtual Machine in native code.
# See problematic frame for where to report the bug.
#

---------------  T H R E A D  ---------------

Current thread (0x00007fcdd800b000):  JavaThread "main" [_thread_in_native, id=1847, stack(0x00007fcde0f85000,0x00007fcde1086000)]

siginfo: si_signo: 11 (SIGSEGV), si_code: 1 (SEGV_MAPERR), si_addr: 0x0000000000000f00

Registers:
RAX=0x0000000000000000, RBX=0x00007fcddcd186c0, RCX=0x00007fcdd84b1c7c, RDX=0x0000000000000001
RSP=0x00007fcde1084498, RBP=0x00007fcde10844f8, RSI=0x00007fcdd84b1c7c, RDI=0x0000000000000001
R8 =0x0000000000000000, R9 =0x0000000000000004, R10=0x00007fcdc9017a08, R11=0x00007fcddfe63a70
R12=0x0000000000000000, R13=0x00007fcddcd186c0, R14=0x00007fcde1084528, R15=0x00007fcdd800b000
RIP=0x00007fcda53e623c, EFLAGS=0x0000000000010287, CSGSFS=0x0000000000000033, ERR=0x0000000000000004
  TRAPNO=0x000000000000000e

Top of Stack: (sp=0x00007fcde1084498)
0x00007fcde1084498:   00007fcdc9017a34 00007fcde10844f8
0x00007fcde10844a8:   00007fcdc90177c7 00007fcdc9017782
0x00007fcde10844b8:   00007fcde10844b8 00007fcddcd186c0
0x00007fcde10844c8:   00007fcde1084528 00007fcddcd42848
0x00007fcde10844d8:   0000000000000000 00007fcddcd186c0
0x00007fcde10844e8:   0000000000000000 00007fcde1084518
0x00007fcde10844f8:   00007fcde1084570 00007fcdc90082bd
0x00007fcde1084508:   00000000d76065c0 00007fcdc9011538
0x00007fcde1084518:   00007fcdd84b1c7c 00000000d7857e98
0x00007fcde1084528:   0000000000000001 00007fcde1084530
0x00007fcde1084538:   00007fcddcd18814 00007fcde10845a0
0x00007fcde1084548:   00007fcddcd42848 0000000000000000
0x00007fcde1084558:   00007fcddcd18878 00007fcde1084518
0x00007fcde1084568:   00007fcde10845b0 00007fcde1084740
0x00007fcde1084578:   00007fcdc91e156c 0000000000000000
0x00007fcde1084588:   0000000000000000 00000000d7857e98
0x00007fcde1084598:   0000000000008000 00000000d7810880
0x00007fcde10845a8:   00007fcdc91e156c 00000000000000a3
0x00007fcde10845b8:   00007fcddcb6f148 00007fcde1084660
0x00007fcde10845c8:   00007fcddfe62a95 00007fcde1084680
0x00007fcde10845d8:   00007fcdc901f43e 00007fcdc90055d0
0x00007fcde10845e8:   00007fcd00000000 00007fcde10846c0
0x00007fcde10845f8:   00007fcde1084680 0000000000000000
0x00007fcde1084608:   0000000000000000 0000000000000000
0x00007fcde1084618:   0000000000000000 00007fcd00000000
0x00007fcde1084628:   00007fcdc901f399 00007fcdc90055d0
0x00007fcde1084638:   000000000000002b 0000000000000000
0x00007fcde1084648:   00007fcdc91df850 00007fcde10846f8
0x00007fcde1084658:   00007fcdd800b000 00007fcde10846c0
0x00007fcde1084668:   00007fcdc901f472 000000880000011d
0x00007fcde1084678:   00000000d75bfe08 00000000d7619b40
0x00007fcde1084688:   00000000d73a7f60 00000000d75bfe08 

Instructions: (pc=0x00007fcda53e623c)
0x00007fcda53e621c:   48 8b 80 d8 09 00 00 ff e0 66 66 2e 0f 1f 84 00
0x00007fcda53e622c:   00 00 00 00 48 8b 07 48 89 ce 89 d7 48 8b 40 18
0x00007fcda53e623c:   48 8b 80 00 0f 00 00 ff e0 66 66 2e 0f 1f 84 00
0x00007fcda53e624c:   00 00 00 00 48 8b 07 89 d7 48 8b 40 18 48 8b 80 

Register to memory mapping:

RAX=0x0000000000000000 is an unknown value
RBX={method} {0x00007fcddcd186c0} 'nglGenTextures' '(IJ)V' in 'org/lwjgl/opengl/GL11'
RCX=0x00007fcdd84b1c7c is an unknown value
RDX=0x0000000000000001 is an unknown value
RSP=0x00007fcde1084498 is pointing into the stack for thread: 0x00007fcdd800b000
RBP=0x00007fcde10844f8 is pointing into the stack for thread: 0x00007fcdd800b000
RSI=0x00007fcdd84b1c7c is an unknown value
RDI=0x0000000000000001 is an unknown value
R8 =0x0000000000000000 is an unknown value
R9 =0x0000000000000004 is an unknown value
R10=0x00007fcdc9017a08 is at code_begin+808 in an Interpreter codelet
method entry point (kind = native)  [0x00007fcdc90176e0, 0x00007fcdc9017fe0]  2304 bytes
R11=0x00007fcddfe63a70: <offset 0x9c2a70> in /usr/lib/jvm/java-8-oracle/jre/lib/amd64/server/libjvm.so at 0x00007fcddf4a1000
R12=0x0000000000000000 is an unknown value
R13={method} {0x00007fcddcd186c0} 'nglGenTextures' '(IJ)V' in 'org/lwjgl/opengl/GL11'
R14=0x00007fcde1084528 is pointing into the stack for thread: 0x00007fcdd800b000
R15=0x00007fcdd800b000 is a thread


Stack: [0x00007fcde0f85000,0x00007fcde1086000],  sp=0x00007fcde1084498,  free space=1021k
Native frames: (J=compiled Java code, j=interpreted, Vv=VM code, C=native code)
C  [liblwjgl_opengl.so+0x4d23c]  Java_org_lwjgl_opengl_GL11_nglGenTextures__IJ+0xc
j  org.lwjgl.opengl.GL11.glGenTextures()I+20
J 344% C1 textures.TextureUtils.loadTexture(Ljava/awt/image/BufferedImage;)Ltextures/Texture; (297 bytes) @ 0x00007fcdc91e156c [0x00007fcdc91dfc60+0x190c]
j  textures.TextureUtils.loadTexture(Ljava/lang/String;)Ltextures/Texture;+38
j  fontRendering.TextMaster.loadFontAtlas(Ljava/lang/String;)I+25
j  fontRendering.TextMaster.newFontType(Ljava/lang/String;Ljava/lang/String;Ljava/lang/String;)LfontMeshCreator/FontType;+5
j  fontRendering.TextMaster.getFontType(Ljava/lang/String;)LfontMeshCreator/FontType;+28
j  fontRendering.FontMaterial.loadFile(Ljava/lang/String;)LfontRendering/FontMaterial;+303
j  engineTest.Main.main([Ljava/lang/String;)V+2
v  ~StubRoutines::call_stub
V  [libjvm.so+0x690206]  JavaCalls::call_helper(JavaValue*, methodHandle*, JavaCallArguments*, Thread*)+0x1056
V  [libjvm.so+0x6d1612]  jni_invoke_static(JNIEnv_*, JavaValue*, _jobject*, JNICallType, _jmethodID*, JNI_ArgumentPusher*, Thread*)+0x362
V  [libjvm.so+0x6ede7a]  jni_CallStaticVoidMethod+0x17a
C  [libjli.so+0x7bdf]  JavaMain+0x81f
C  [libpthread.so.0+0x76ba]  start_thread+0xca

Java frames: (J=compiled Java code, j=interpreted, Vv=VM code)
j  org.lwjgl.opengl.GL11.nglGenTextures(IJ)V+0
j  org.lwjgl.opengl.GL11.glGenTextures()I+20
J 344% C1 textures.TextureUtils.loadTexture(Ljava/awt/image/BufferedImage;)Ltextures/Texture; (297 bytes) @ 0x00007fcdc91e156c [0x00007fcdc91dfc60+0x190c]
j  textures.TextureUtils.loadTexture(Ljava/lang/String;)Ltextures/Texture;+38
j  fontRendering.TextMaster.loadFontAtlas(Ljava/lang/String;)I+25
j  fontRendering.TextMaster.newFontType(Ljava/lang/String;Ljava/lang/String;Ljava/lang/String;)LfontMeshCreator/FontType;+5
j  fontRendering.TextMaster.getFontType(Ljava/lang/String;)LfontMeshCreator/FontType;+28
j  fontRendering.FontMaterial.loadFile(Ljava/lang/String;)LfontRendering/FontMaterial;+303
j  engineTest.Main.main([Ljava/lang/String;)V+2
v  ~StubRoutines::call_stub

---------------  P R O C E S S  ---------------

Java Threads: ( => current thread )
  0x00007fcdd8313800 JavaThread "Java2D Disposer" daemon [_thread_blocked, id=1862, stack(0x00007fcda5a90000,0x00007fcda5b91000)]
  0x00007fcdd80dc800 JavaThread "Service Thread" daemon [_thread_blocked, id=1859, stack(0x00007fcda7aa8000,0x00007fcda7ba9000)]
  0x00007fcdd80bf800 JavaThread "C1 CompilerThread2" daemon [_thread_blocked, id=1858, stack(0x00007fcdc401c000,0x00007fcdc411d000)]
  0x00007fcdd80bd800 JavaThread "C2 CompilerThread1" daemon [_thread_blocked, id=1857, stack(0x00007fcdc411d000,0x00007fcdc421e000)]
  0x00007fcdd80bb000 JavaThread "C2 CompilerThread0" daemon [_thread_blocked, id=1856, stack(0x00007fcdc421e000,0x00007fcdc431f000)]
  0x00007fcdd80b9800 JavaThread "Signal Dispatcher" daemon [_thread_blocked, id=1855, stack(0x00007fcdc431f000,0x00007fcdc4420000)]
  0x00007fcdd8085000 JavaThread "Finalizer" daemon [_thread_blocked, id=1854, stack(0x00007fcdc4420000,0x00007fcdc4521000)]
  0x00007fcdd8080800 JavaThread "Reference Handler" daemon [_thread_blocked, id=1853, stack(0x00007fcdc4521000,0x00007fcdc4622000)]
=>0x00007fcdd800b000 JavaThread "main" [_thread_in_native, id=1847, stack(0x00007fcde0f85000,0x00007fcde1086000)]

Other Threads:
  0x00007fcdd8079000 VMThread [stack: 0x00007fcdc4622000,0x00007fcdc4723000] [id=1852]
  0x00007fcdd80df800 WatcherThread [stack: 0x00007fcda79a7000,0x00007fcda7aa8000] [id=1860]

VM state:not at safepoint (normal execution)

VM Mutex/Monitor currently owned by a thread: None

Heap:
 PSYoungGen      total 36864K, used 9060K [0x00000000d6f80000, 0x00000000d9880000, 0x0000000100000000)
  eden space 31744K, 28% used [0x00000000d6f80000,0x00000000d7859260,0x00000000d8e80000)
  from space 5120K, 0% used [0x00000000d9380000,0x00000000d9380000,0x00000000d9880000)
  to   space 5120K, 0% used [0x00000000d8e80000,0x00000000d8e80000,0x00000000d9380000)
 ParOldGen       total 84992K, used 0K [0x0000000084e00000, 0x000000008a100000, 0x00000000d6f80000)
  object space 84992K, 0% used [0x0000000084e00000,0x0000000084e00000,0x000000008a100000)
 Metaspace       used 7863K, capacity 8038K, committed 8192K, reserved 1056768K
  class space    used 865K, capacity 950K, committed 1024K, reserved 1048576K

Card table byte_map: [0x00007fcddd961000,0x00007fcdddd3b000] byte_map_base: 0x00007fcddd53a000

Marking Bits: (ParMarkBitMap*) 0x00007fcde0464220
 Begin Bits: [0x00007fcdc5270000, 0x00007fcdc7138000)
 End Bits:   [0x00007fcdc7138000, 0x00007fcdc9000000)

Polling page: 0x00007fcde10b3000

CodeCache: size=245760Kb used=2147Kb max_used=2152Kb free=243612Kb
 bounds [0x00007fcdc9000000, 0x00007fcdc9270000, 0x00007fcdd8000000]
 total_blobs=813 nmethods=422 adapters=305
 compilation: enabled

Compilation events (10 events):
Event: 0,471 Thread 0x00007fcdd80bf800 nmethod 417 0x00007fcdc920fa50 code [0x00007fcdc920fba0, 0x00007fcdc920fc90]
Event: 0,472 Thread 0x00007fcdd80bf800  418       3       java.lang.String::equalsIgnoreCase (48 bytes)
Event: 0,472 Thread 0x00007fcdd80bf800 nmethod 418 0x00007fcdc92173d0 code [0x00007fcdc9217540, 0x00007fcdc9217888]
Event: 0,474 Thread 0x00007fcdd80bf800  419       3       java.util.BitSet::checkInvariants (111 bytes)
Event: 0,475 Thread 0x00007fcdd80bf800 nmethod 419 0x00007fcdc9217990 code [0x00007fcdc9217b00, 0x00007fcdc9217c90]
Event: 0,475 Thread 0x00007fcdd80bb000 nmethod 414 0x00007fcdc921ad90 code [0x00007fcdc921af00, 0x00007fcdc921b378]
Event: 0,476 Thread 0x00007fcdd80bf800  420       3       java.util.zip.ZipFile::access$400 (5 bytes)
Event: 0,476 Thread 0x00007fcdd80bf800 nmethod 420 0x00007fcdc921aa50 code [0x00007fcdc921aba0, 0x00007fcdc921acd0]
Event: 0,476 Thread 0x00007fcdd80bf800  421       1       java.net.URLClassLoader::access$000 (5 bytes)
Event: 0,476 Thread 0x00007fcdd80bf800 nmethod 421 0x00007fcdc921a790 code [0x00007fcdc921a8e0, 0x00007fcdc921a9d0]

GC Heap History (0 events):
No events

Deoptimization events (2 events):
Event: 0,236 Thread 0x00007fcdd800b000 Uncommon trap: reason=null_check action=make_not_entrant pc=0x00007fcdc9160868 method=java.lang.String.equals(Ljava/lang/Object;)Z @ 8
Event: 0,428 Thread 0x00007fcdd800b000 Uncommon trap: reason=unstable_if action=reinterpret pc=0x00007fcdc91b3be0 method=java.lang.String.indexOf([CII[CIII)I @ 134

Internal exceptions (10 events):
Event: 0,111 Thread 0x00007fcdd800b000 Exception <a 'java/security/PrivilegedActionException'> (0x00000000d70121c0) thrown at [/HUDSON3/workspace/8-2-build-linux-amd64/jdk8u111/7883/hotspot/src/share/vm/prims/jvm.cpp, line 1386]
Event: 0,112 Thread 0x00007fcdd800b000 Exception <a 'java/security/PrivilegedActionException'> (0x00000000d7014600) thrown at [/HUDSON3/workspace/8-2-build-linux-amd64/jdk8u111/7883/hotspot/src/share/vm/prims/jvm.cpp, line 1386]
Event: 0,112 Thread 0x00007fcdd800b000 Exception <a 'java/security/PrivilegedActionException'> (0x00000000d7014810) thrown at [/HUDSON3/workspace/8-2-build-linux-amd64/jdk8u111/7883/hotspot/src/share/vm/prims/jvm.cpp, line 1386]
Event: 0,164 Thread 0x00007fcdd800b000 Exception <a 'java/lang/NoSuchFieldError': method resolution failed> (0x00000000d7180090) thrown at [/HUDSON3/workspace/8-2-build-linux-amd64/jdk8u111/7883/hotspot/src/share/vm/prims/methodHandles.cpp, line 1146]
Event: 0,166 Thread 0x00007fcdd800b000 Exception <a 'java/lang/NoSuchFieldError': method resolution failed> (0x00000000d718d860) thrown at [/HUDSON3/workspace/8-2-build-linux-amd64/jdk8u111/7883/hotspot/src/share/vm/prims/methodHandles.cpp, line 1146]
Event: 0,194 Thread 0x00007fcdd800b000 Exception <a 'java/io/FileNotFoundException'> (0x00000000d720db20) thrown at [/HUDSON3/workspace/8-2-build-linux-amd64/jdk8u111/7883/hotspot/src/share/vm/prims/jni.cpp, line 709]
Event: 0,194 Thread 0x00007fcdd800b000 Exception <a 'java/io/FileNotFoundException'> (0x00000000d720e4d8) thrown at [/HUDSON3/workspace/8-2-build-linux-amd64/jdk8u111/7883/hotspot/src/share/vm/prims/jni.cpp, line 709]
Event: 0,236 Thread 0x00007fcdd800b000 Implicit null exception at 0x00007fcdc916069b to 0x00007fcdc9160859
Event: 0,458 Thread 0x00007fcdd800b000 Exception <a 'sun/nio/fs/UnixException'> (0x00000000d77e8d60) thrown at [/HUDSON3/workspace/8-2-build-linux-amd64/jdk8u111/7883/hotspot/src/share/vm/prims/jni.cpp, line 709]
Event: 0,458 Thread 0x00007fcdd800b000 Exception <a 'sun/nio/fs/UnixException'> (0x00000000d77ea078) thrown at [/HUDSON3/workspace/8-2-build-linux-amd64/jdk8u111/7883/hotspot/src/share/vm/prims/jni.cpp, line 709]

Events (10 events):
Event: 0,473 loading class java/nio/DirectDoubleBufferU
Event: 0,473 loading class java/nio/DirectDoubleBufferU done
Event: 0,474 loading class org/lwjgl/system/linux/DynamicLinkLoader
Event: 0,474 loading class org/lwjgl/system/linux/DynamicLinkLoader done
Event: 0,476 loading class org/lwjgl/opengl/GL$2
Event: 0,476 loading class org/lwjgl/opengl/GL$2 done
Event: 0,476 loading class org/lwjgl/opengl/GL$SharedLibraryGL
Event: 0,476 loading class org/lwjgl/opengl/GL$SharedLibraryGL done
Event: 0,476 loading class org/lwjgl/system/SharedLibrary$Delegate
Event: 0,476 loading class org/lwjgl/system/SharedLibrary$Delegate done


Dynamic libraries:
00400000-00401000 r-xp 00000000 08:15 12855452                           /usr/lib/jvm/java-8-oracle/bin/java
00600000-00601000 rw-p 00000000 08:15 12855452                           /usr/lib/jvm/java-8-oracle/bin/java
01612000-01633000 rw-p 00000000 00:00 0                                  [heap]
84e00000-8a100000 rw-p 00000000 00:00 0 
8a100000-d6f80000 ---p 00000000 00:00 0 
d6f80000-d9880000 rw-p 00000000 00:00 0 
d9880000-100000000 ---p 00000000 00:00 0 
100000000-100100000 rw-p 00000000 00:00 0 
100100000-140000000 ---p 00000000 00:00 0 
7fcd875ca000-7fcd875d8000 r-xp 00000000 08:15 12321210                   /usr/lib/x86_64-linux-gnu/libdrm.so.2.4.0
7fcd875d8000-7fcd877d8000 ---p 0000e000 08:15 12321210                   /usr/lib/x86_64-linux-gnu/libdrm.so.2.4.0
7fcd877d8000-7fcd877d9000 r--p 0000e000 08:15 12321210                   /usr/lib/x86_64-linux-gnu/libdrm.so.2.4.0
7fcd877d9000-7fcd877da000 rw-p 0000f000 08:15 12321210                   /usr/lib/x86_64-linux-gnu/libdrm.so.2.4.0
7fcd877da000-7fcd877df000 r-xp 00000000 08:15 12329520                   /usr/lib/x86_64-linux-gnu/libXxf86vm.so.1.0.0
7fcd877df000-7fcd879de000 ---p 00005000 08:15 12329520                   /usr/lib/x86_64-linux-gnu/libXxf86vm.so.1.0.0
7fcd879de000-7fcd879df000 r--p 00004000 08:15 12329520                   /usr/lib/x86_64-linux-gnu/libXxf86vm.so.1.0.0
7fcd879df000-7fcd879e0000 rw-p 00005000 08:15 12329520                   /usr/lib/x86_64-linux-gnu/libXxf86vm.so.1.0.0
7fcd879e0000-7fcd879e4000 r-xp 00000000 08:15 12330784                   /usr/lib/x86_64-linux-gnu/libxcb-dri2.so.0.0.0
7fcd879e4000-7fcd87be3000 ---p 00004000 08:15 12330784                   /usr/lib/x86_64-linux-gnu/libxcb-dri2.so.0.0.0
7fcd87be3000-7fcd87be4000 r--p 00003000 08:15 12330784                   /usr/lib/x86_64-linux-gnu/libxcb-dri2.so.0.0.0
7fcd87be4000-7fcd87be5000 rw-p 00004000 08:15 12330784                   /usr/lib/x86_64-linux-gnu/libxcb-dri2.so.0.0.0
7fcd87be5000-7fcd87bfc000 r-xp 00000000 08:15 12330788                   /usr/lib/x86_64-linux-gnu/libxcb-glx.so.0.0.0
7fcd87bfc000-7fcd87dfb000 ---p 00017000 08:15 12330788                   /usr/lib/x86_64-linux-gnu/libxcb-glx.so.0.0.0
7fcd87dfb000-7fcd87dfd000 r--p 00016000 08:15 12330788                   /usr/lib/x86_64-linux-gnu/libxcb-glx.so.0.0.0
7fcd87dfd000-7fcd87dfe000 rw-p 00018000 08:15 12330788                   /usr/lib/x86_64-linux-gnu/libxcb-glx.so.0.0.0
7fcd87dfe000-7fcd87dff000 r-xp 00000000 08:15 12329465                   /usr/lib/x86_64-linux-gnu/libX11-xcb.so.1.0.0
7fcd87dff000-7fcd87ffe000 ---p 00001000 08:15 12329465                   /usr/lib/x86_64-linux-gnu/libX11-xcb.so.1.0.0
7fcd87ffe000-7fcd87fff000 r--p 00000000 08:15 12329465                   /usr/lib/x86_64-linux-gnu/libX11-xcb.so.1.0.0
7fcd87fff000-7fcd88000000 rw-p 00001000 08:15 12329465                   /usr/lib/x86_64-linux-gnu/libX11-xcb.so.1.0.0
7fcd88000000-7fcd88021000 rw-p 00000000 00:00 0 
7fcd88021000-7fcd8c000000 ---p 00000000 00:00 0 
7fcd8c000000-7fcd8c021000 rw-p 00000000 00:00 0 
7fcd8c021000-7fcd90000000 ---p 00000000 00:00 0 
7fcd90000000-7fcd901a1000 rw-p 00000000 00:00 0 
7fcd901a1000-7fcd94000000 ---p 00000000 00:00 0 
7fcd94000000-7fcd94021000 rw-p 00000000 00:00 0 
7fcd94021000-7fcd98000000 ---p 00000000 00:00 0 
7fcd98000000-7fcd98141000 rw-p 00000000 00:00 0 
7fcd98141000-7fcd9c000000 ---p 00000000 00:00 0 
7fcd9c000000-7fcd9c0ba000 rw-p 00000000 00:00 0 
7fcd9c0ba000-7fcda0000000 ---p 00000000 00:00 0 
7fcda0000000-7fcda0021000 rw-p 00000000 00:00 0 
7fcda0021000-7fcda4000000 ---p 00000000 00:00 0 
7fcda40b8000-7fcda40bd000 r-xp 00000000 08:15 12329486                   /usr/lib/x86_64-linux-gnu/libXfixes.so.3.1.0
7fcda40bd000-7fcda42bc000 ---p 00005000 08:15 12329486                   /usr/lib/x86_64-linux-gnu/libXfixes.so.3.1.0
7fcda42bc000-7fcda42bd000 r--p 00004000 08:15 12329486                   /usr/lib/x86_64-linux-gnu/libXfixes.so.3.1.0
7fcda42bd000-7fcda42be000 rw-p 00005000 08:15 12329486                   /usr/lib/x86_64-linux-gnu/libXfixes.so.3.1.0
7fcda42be000-7fcda42c0000 r-xp 00000000 08:15 12329480                   /usr/lib/x86_64-linux-gnu/libXdamage.so.1.1.0
7fcda42c0000-7fcda44bf000 ---p 00002000 08:15 12329480                   /usr/lib/x86_64-linux-gnu/libXdamage.so.1.1.0
7fcda44bf000-7fcda44c0000 r--p 00001000 08:15 12329480                   /usr/lib/x86_64-linux-gnu/libXdamage.so.1.1.0
7fcda44c0000-7fcda44c1000 rw-p 00002000 08:15 12329480                   /usr/lib/x86_64-linux-gnu/libXdamage.so.1.1.0
7fcda44c1000-7fcda44eb000 r-xp 00000000 08:15 12320906                   /usr/lib/x86_64-linux-gnu/libglapi.so.0.0.0
7fcda44eb000-7fcda46ea000 ---p 0002a000 08:15 12320906                   /usr/lib/x86_64-linux-gnu/libglapi.so.0.0.0
7fcda46ea000-7fcda46ee000 r--p 00029000 08:15 12320906                   /usr/lib/x86_64-linux-gnu/libglapi.so.0.0.0
7fcda46ee000-7fcda46ef000 rw-p 0002d000 08:15 12320906                   /usr/lib/x86_64-linux-gnu/libglapi.so.0.0.0
7fcda46ef000-7fcda46f0000 rw-p 00000000 00:00 0 
7fcda46f0000-7fcda46f1000 r-xp 00000000 08:15 12330832                   /usr/lib/x86_64-linux-gnu/libxshmfence.so.1.0.0
7fcda46f1000-7fcda48f1000 ---p 00001000 08:15 12330832                   /usr/lib/x86_64-linux-gnu/libxshmfence.so.1.0.0
7fcda48f1000-7fcda48f2000 r--p 00001000 08:15 12330832                   /usr/lib/x86_64-linux-gnu/libxshmfence.so.1.0.0
7fcda48f2000-7fcda48f3000 rw-p 00002000 08:15 12330832                   /usr/lib/x86_64-linux-gnu/libxshmfence.so.1.0.0
7fcda48f3000-7fcda48f8000 r-xp 00000000 08:15 12330808                   /usr/lib/x86_64-linux-gnu/libxcb-sync.so.1.0.0
7fcda48f8000-7fcda4af8000 ---p 00005000 08:15 12330808                   /usr/lib/x86_64-linux-gnu/libxcb-sync.so.1.0.0
7fcda4af8000-7fcda4af9000 r--p 00005000 08:15 12330808                   /usr/lib/x86_64-linux-gnu/libxcb-sync.so.1.0.0
7fcda4af9000-7fcda4afa000 rw-p 00006000 08:15 12330808                   /usr/lib/x86_64-linux-gnu/libxcb-sync.so.1.0.0
7fcda4afa000-7fcda4afc000 r-xp 00000000 08:15 12330796                   /usr/lib/x86_64-linux-gnu/libxcb-present.so.0.0.0
7fcda4afc000-7fcda4cfb000 ---p 00002000 08:15 12330796                   /usr/lib/x86_64-linux-gnu/libxcb-present.so.0.0.0
7fcda4cfb000-7fcda4cfc000 r--p 00001000 08:15 12330796                   /usr/lib/x86_64-linux-gnu/libxcb-present.so.0.0.0
7fcda4cfc000-7fcda4cfd000 rw-p 00002000 08:15 12330796                   /usr/lib/x86_64-linux-gnu/libxcb-present.so.0.0.0
7fcda4cfd000-7fcda4cff000 r-xp 00000000 08:15 12330786                   /usr/lib/x86_64-linux-gnu/libxcb-dri3.so.0.0.0
7fcda4cff000-7fcda4efe000 ---p 00002000 08:15 12330786                   /usr/lib/x86_64-linux-gnu/libxcb-dri3.so.0.0.0
7fcda4efe000-7fcda4eff000 r--p 00001000 08:15 12330786                   /usr/lib/x86_64-linux-gnu/libxcb-dri3.so.0.0.0
7fcda4eff000-7fcda4f00000 rw-p 00002000 08:15 12330786                   /usr/lib/x86_64-linux-gnu/libxcb-dri3.so.0.0.0
7fcda4f00000-7fcda4f26000 r-xp 00000000 08:15 7082434                    /lib/x86_64-linux-gnu/libexpat.so.1.6.0
7fcda4f26000-7fcda5126000 ---p 00026000 08:15 7082434                    /lib/x86_64-linux-gnu/libexpat.so.1.6.0
7fcda5126000-7fcda5128000 r--p 00026000 08:15 7082434                    /lib/x86_64-linux-gnu/libexpat.so.1.6.0
7fcda5128000-7fcda5129000 rw-p 00028000 08:15 7082434                    /lib/x86_64-linux-gnu/libexpat.so.1.6.0
7fcda5129000-7fcda5195000 r-xp 00000000 08:15 12588015                   /usr/lib/x86_64-linux-gnu/mesa/libGL.so.1.2.0
7fcda5195000-7fcda5394000 ---p 0006c000 08:15 12588015                   /usr/lib/x86_64-linux-gnu/mesa/libGL.so.1.2.0
7fcda5394000-7fcda5397000 r--p 0006b000 08:15 12588015                   /usr/lib/x86_64-linux-gnu/mesa/libGL.so.1.2.0
7fcda5397000-7fcda5398000 rw-p 0006e000 08:15 12588015                   /usr/lib/x86_64-linux-gnu/mesa/libGL.so.1.2.0
7fcda5398000-7fcda5399000 rw-p 00000000 00:00 0 
7fcda5399000-7fcda5402000 r-xp 00000000 08:15 1466953                    /tmp/lwjglnokorot/3.1.1-build-16/liblwjgl_opengl.so
7fcda5402000-7fcda5601000 ---p 00069000 08:15 1466953                    /tmp/lwjglnokorot/3.1.1-build-16/liblwjgl_opengl.so
7fcda5601000-7fcda5602000 r--p 00068000 08:15 1466953                    /tmp/lwjglnokorot/3.1.1-build-16/liblwjgl_opengl.so
7fcda5602000-7fcda5603000 rw-p 00069000 08:15 1466953                    /tmp/lwjglnokorot/3.1.1-build-16/liblwjgl_opengl.so
7fcda5603000-7fcda5619000 r-xp 00000000 08:15 7082441                    /lib/x86_64-linux-gnu/libgcc_s.so.1
7fcda5619000-7fcda5818000 ---p 00016000 08:15 7082441                    /lib/x86_64-linux-gnu/libgcc_s.so.1
7fcda5818000-7fcda5819000 rw-p 00015000 08:15 7082441                    /lib/x86_64-linux-gnu/libgcc_s.so.1
7fcda5843000-7fcda588e000 r-xp 00000000 08:15 1466950                    /tmp/lwjglnokorot/3.1.1-build-16/liblwjgl.so
7fcda588e000-7fcda5a8e000 ---p 0004b000 08:15 1466950                    /tmp/lwjglnokorot/3.1.1-build-16/liblwjgl.so
7fcda5a8e000-7fcda5a8f000 r--p 0004b000 08:15 1466950                    /tmp/lwjglnokorot/3.1.1-build-16/liblwjgl.so
7fcda5a8f000-7fcda5a90000 rw-p 0004c000 08:15 1466950                    /tmp/lwjglnokorot/3.1.1-build-16/liblwjgl.so
7fcda5a90000-7fcda5a93000 ---p 00000000 00:00 0 
7fcda5a93000-7fcda5b91000 rw-p 00000000 00:00 0 
7fcda5b91000-7fcda5ba2000 r-xp 00000000 08:15 12980591                   /usr/lib/jvm/java-8-oracle/jre/lib/amd64/libnio.so
7fcda5ba2000-7fcda5da1000 ---p 00011000 08:15 12980591                   /usr/lib/jvm/java-8-oracle/jre/lib/amd64/libnio.so
7fcda5da1000-7fcda5da2000 rw-p 00010000 08:15 12980591                   /usr/lib/jvm/java-8-oracle/jre/lib/amd64/libnio.so
7fcda5da2000-7fcda60a3000 rw-p 00000000 00:00 0 
7fcda60a3000-7fcda60b9000 r-xp 00000000 08:15 12980356                   /usr/lib/jvm/java-8-oracle/jre/lib/amd64/libnet.so
7fcda60b9000-7fcda62b9000 ---p 00016000 08:15 12980356                   /usr/lib/jvm/java-8-oracle/jre/lib/amd64/libnet.so
7fcda62b9000-7fcda62ba000 rw-p 00016000 08:15 12980356                   /usr/lib/jvm/java-8-oracle/jre/lib/amd64/libnet.so
7fcda62ba000-7fcda62bf000 r-xp 00000000 08:15 12329482                   /usr/lib/x86_64-linux-gnu/libXdmcp.so.6.0.0
7fcda62bf000-7fcda64be000 ---p 00005000 08:15 12329482                   /usr/lib/x86_64-linux-gnu/libXdmcp.so.6.0.0
7fcda64be000-7fcda64bf000 r--p 00004000 08:15 12329482                   /usr/lib/x86_64-linux-gnu/libXdmcp.so.6.0.0
7fcda64bf000-7fcda64c0000 rw-p 00005000 08:15 12329482                   /usr/lib/x86_64-linux-gnu/libXdmcp.so.6.0.0
7fcda64c0000-7fcda64c2000 r-xp 00000000 08:15 12329471                   /usr/lib/x86_64-linux-gnu/libXau.so.6.0.0
7fcda64c2000-7fcda66c2000 ---p 00002000 08:15 12329471                   /usr/lib/x86_64-linux-gnu/libXau.so.6.0.0
7fcda66c2000-7fcda66c3000 r--p 00002000 08:15 12329471                   /usr/lib/x86_64-linux-gnu/libXau.so.6.0.0
7fcda66c3000-7fcda66c4000 rw-p 00003000 08:15 12329471                   /usr/lib/x86_64-linux-gnu/libXau.so.6.0.0
7fcda66c4000-7fcda66e5000 r-xp 00000000 08:15 12330820                   /usr/lib/x86_64-linux-gnu/libxcb.so.1.1.0
7fcda66e5000-7fcda68e4000 ---p 00021000 08:15 12330820                   /usr/lib/x86_64-linux-gnu/libxcb.so.1.1.0
7fcda68e4000-7fcda68e5000 r--p 00020000 08:15 12330820                   /usr/lib/x86_64-linux-gnu/libxcb.so.1.1.0
7fcda68e5000-7fcda68e6000 rw-p 00021000 08:15 12330820                   /usr/lib/x86_64-linux-gnu/libxcb.so.1.1.0
7fcda68e6000-7fcda68f5000 r-xp 00000000 08:15 12329492                   /usr/lib/x86_64-linux-gnu/libXi.so.6.1.0
7fcda68f5000-7fcda6af4000 ---p 0000f000 08:15 12329492                   /usr/lib/x86_64-linux-gnu/libXi.so.6.1.0
7fcda6af4000-7fcda6af5000 r--p 0000e000 08:15 12329492                   /usr/lib/x86_64-linux-gnu/libXi.so.6.1.0
7fcda6af5000-7fcda6af6000 rw-p 0000f000 08:15 12329492                   /usr/lib/x86_64-linux-gnu/libXi.so.6.1.0
7fcda6af6000-7fcda6afb000 r-xp 00000000 08:15 12329510                   /usr/lib/x86_64-linux-gnu/libXtst.so.6.1.0
7fcda6afb000-7fcda6cfa000 ---p 00005000 08:15 12329510                   /usr/lib/x86_64-linux-gnu/libXtst.so.6.1.0
7fcda6cfa000-7fcda6cfb000 r--p 00004000 08:15 12329510                   /usr/lib/x86_64-linux-gnu/libXtst.so.6.1.0
7fcda6cfb000-7fcda6cfc000 rw-p 00005000 08:15 12329510                   /usr/lib/x86_64-linux-gnu/libXtst.so.6.1.0
7fcda6cfc000-7fcda6d05000 r-xp 00000000 08:15 12329504                   /usr/lib/x86_64-linux-gnu/libXrender.so.1.3.0
7fcda6d05000-7fcda6f04000 ---p 00009000 08:15 12329504                   /usr/lib/x86_64-linux-gnu/libXrender.so.1.3.0
7fcda6f04000-7fcda6f05000 r--p 00008000 08:15 12329504                   /usr/lib/x86_64-linux-gnu/libXrender.so.1.3.0
7fcda6f05000-7fcda6f06000 rw-p 00009000 08:15 12329504                   /usr/lib/x86_64-linux-gnu/libXrender.so.1.3.0
7fcda6f06000-7fcda703b000 r-xp 00000000 08:15 12329467                   /usr/lib/x86_64-linux-gnu/libX11.so.6.3.0
7fcda703b000-7fcda723b000 ---p 00135000 08:15 12329467                   /usr/lib/x86_64-linux-gnu/libX11.so.6.3.0
7fcda723b000-7fcda723c000 r--p 00135000 08:15 12329467                   /usr/lib/x86_64-linux-gnu/libX11.so.6.3.0
7fcda723c000-7fcda7240000 rw-p 00136000 08:15 12329467                   /usr/lib/x86_64-linux-gnu/libX11.so.6.3.0
7fcda7240000-7fcda7251000 r-xp 00000000 08:15 12329484                   /usr/lib/x86_64-linux-gnu/libXext.so.6.4.0
7fcda7251000-7fcda7450000 ---p 00011000 08:15 12329484                   /usr/lib/x86_64-linux-gnu/libXext.so.6.4.0
7fcda7450000-7fcda7451000 r--p 00010000 08:15 12329484                   /usr/lib/x86_64-linux-gnu/libXext.so.6.4.0
7fcda7451000-7fcda7452000 rw-p 00011000 08:15 12329484                   /usr/lib/x86_64-linux-gnu/libXext.so.6.4.0
7fcda7465000-7fcda7469000 r--s 00097000 08:15 12855478                   /usr/lib/jvm/java-8-oracle/jre/lib/jsse.jar
7fcda7469000-7fcda746a000 r--s 00004000 08:15 13654818                   /home/nokorot/Workspace/Java/PS/PS 3.0.0/LWJGL3/lwjgl-xxhash.jar
7fcda746a000-7fcda746b000 r--s 00001000 08:15 13654817                   /home/nokorot/Workspace/Java/PS/PS 3.0.0/LWJGL3/lwjgl-xxhash-natives-linux.jar
7fcda746b000-7fcda7474000 r--s 000a6000 08:15 13654825                   /home/nokorot/Workspace/Java/PS/PS 3.0.0/LWJGL3/lwjgl-vulkan.jar
7fcda7474000-7fcda7479000 r--s 000ac000 08:15 13654824                   /home/nokorot/Workspace/Java/PS/PS 3.0.0/LWJGL3/lwjgl-vulkan-sources.jar
7fcda7479000-7fcda747c000 r--s 00012000 08:15 13654809                   /home/nokorot/Workspace/Java/PS/PS 3.0.0/LWJGL3/lwjgl-stb.jar
7fcda747c000-7fcda74d0000 r-xp 00000000 08:15 12980593                   /usr/lib/jvm/java-8-oracle/jre/lib/amd64/libawt_xawt.so
7fcda74d0000-7fcda76d0000 ---p 00054000 08:15 12980593                   /usr/lib/jvm/java-8-oracle/jre/lib/amd64/libawt_xawt.so
7fcda76d0000-7fcda76d4000 rw-p 00054000 08:15 12980593                   /usr/lib/jvm/java-8-oracle/jre/lib/amd64/libawt_xawt.so
7fcda76d4000-7fcda76d5000 rw-p 00000000 00:00 0 
7fcda76d5000-7fcda7777000 r-xp 00000000 08:15 12980626                   /usr/lib/jvm/java-8-oracle/jre/lib/amd64/libawt.so
7fcda7777000-7fcda7977000 ---p 000a2000 08:15 12980626                   /usr/lib/jvm/java-8-oracle/jre/lib/amd64/libawt.so
7fcda7977000-7fcda7983000 rw-p 000a2000 08:15 12980626                   /usr/lib/jvm/java-8-oracle/jre/lib/amd64/libawt.so
7fcda7983000-7fcda79a7000 rw-p 00000000 00:00 0 
7fcda79a7000-7fcda79a8000 ---p 00000000 00:00 0 
7fcda79a8000-7fcda7aa8000 rw-p 00000000 00:00 0 
7fcda7aa8000-7fcda7aab000 ---p 00000000 00:00 0 
7fcda7aab000-7fcda7ba9000 rw-p 00000000 00:00 0 
7fcda7ba9000-7fcda8000000 r--p 00000000 08:15 12322328                   /usr/lib/locale/locale-archive
7fcda8000000-7fcda8021000 rw-p 00000000 00:00 0 
7fcda8021000-7fcdac000000 ---p 00000000 00:00 0 
7fcdac000000-7fcdac021000 rw-p 00000000 00:00 0 
7fcdac021000-7fcdb0000000 ---p 00000000 00:00 0 
7fcdb0000000-7fcdb0021000 rw-p 00000000 00:00 0 
7fcdb0021000-7fcdb4000000 ---p 00000000 00:00 0 
7fcdb4000000-7fcdb4021000 rw-p 00000000 00:00 0 
7fcdb4021000-7fcdb8000000 ---p 00000000 00:00 0 
7fcdb8000000-7fcdb8021000 rw-p 00000000 00:00 0 
7fcdb8021000-7fcdbc000000 ---p 00000000 00:00 0 
7fcdbc000000-7fcdbc021000 rw-p 00000000 00:00 0 
7fcdbc021000-7fcdc0000000 ---p 00000000 00:00 0 
7fcdc0000000-7fcdc0021000 rw-p 00000000 00:00 0 
7fcdc0021000-7fcdc4000000 ---p 00000000 00:00 0 
7fcdc4000000-7fcdc4001000 r--s 00001000 08:15 13654813                   /home/nokorot/Workspace/Java/PS/PS 3.0.0/LWJGL3/lwjgl-tinyfd.jar
7fcdc4001000-7fcdc4002000 r--s 00007000 08:15 13654815                   /home/nokorot/Workspace/Java/PS/PS 3.0.0/LWJGL3/lwjgl-tinyfd-natives-linux.jar
7fcdc4002000-7fcdc4003000 r--s 0002c000 08:15 13654808                   /home/nokorot/Workspace/Java/PS/PS 3.0.0/LWJGL3/lwjgl-stb-natives-linux.jar
7fcdc4003000-7fcdc4004000 r--s 00000000 08:15 13654803                   /home/nokorot/Workspace/Java/PS/PS 3.0.0/LWJGL3/lwjgl-sse.jar
7fcdc4004000-7fcdc4005000 r--s 00000000 08:15 13654802                   /home/nokorot/Workspace/Java/PS/PS 3.0.0/LWJGL3/lwjgl-sse-natives-linux.jar
7fcdc4005000-7fcdc4007000 r--s 00058000 08:15 13654804                   /home/nokorot/Workspace/Java/PS/PS 3.0.0/LWJGL3/lwjgl-sse-javadoc.jar
7fcdc4007000-7fcdc4009000 r--s 00001000 08:15 13654799                   /home/nokorot/Workspace/Java/PS/PS 3.0.0/LWJGL3/lwjgl-par.jar
7fcdc4009000-7fcdc400a000 r--s 00005000 08:15 13654795                   /home/nokorot/Workspace/Java/PS/PS 3.0.0/LWJGL3/lwjgl-par-natives-linux.jar
7fcdc400a000-7fcdc4010000 r--s 00048000 08:15 13654794                   /home/nokorot/Workspace/Java/PS/PS 3.0.0/LWJGL3/lwjgl-opengles.jar
7fcdc4010000-7fcdc4019000 r--s 000ba000 08:15 13654797                   /home/nokorot/Workspace/Java/PS/PS 3.0.0/LWJGL3/lwjgl-opengl.jar
7fcdc4019000-7fcdc401c000 r--s 00023000 08:15 13654790                   /home/nokorot/Workspace/Java/PS/PS 3.0.0/LWJGL3/lwjgl-opencl.jar
7fcdc401c000-7fcdc401f000 ---p 00000000 00:00 0 
7fcdc401f000-7fcdc411d000 rw-p 00000000 00:00 0 
7fcdc411d000-7fcdc4120000 ---p 00000000 00:00 0 
7fcdc4120000-7fcdc421e000 rw-p 00000000 00:00 0 
7fcdc421e000-7fcdc4221000 ---p 00000000 00:00 0 
7fcdc4221000-7fcdc431f000 rw-p 00000000 00:00 0 
7fcdc431f000-7fcdc4322000 ---p 00000000 00:00 0 
7fcdc4322000-7fcdc4420000 rw-p 00000000 00:00 0 
7fcdc4420000-7fcdc4423000 ---p 00000000 00:00 0 
7fcdc4423000-7fcdc4521000 rw-p 00000000 00:00 0 
7fcdc4521000-7fcdc4524000 ---p 00000000 00:00 0 
7fcdc4524000-7fcdc4622000 rw-p 00000000 00:00 0 
7fcdc4622000-7fcdc4623000 ---p 00000000 00:00 0 
7fcdc4623000-7fcdc9000000 rw-p 00000000 00:00 0 
7fcdc9000000-7fcdc9270000 rwxp 00000000 00:00 0 
7fcdc9270000-7fcdd8000000 ---p 00000000 00:00 0 
7fcdd8000000-7fcdd8758000 rw-p 00000000 00:00 0 
7fcdd8758000-7fcddc000000 ---p 00000000 00:00 0 
7fcddc000000-7fcddc001000 r--s 00007000 08:15 13654792                   /home/nokorot/Workspace/Java/PS/PS 3.0.0/LWJGL3/lwjgl-opengles-natives-linux.jar
7fcddc001000-7fcddc002000 r--s 00015000 08:15 13654789                   /home/nokorot/Workspace/Java/PS/PS 3.0.0/LWJGL3/lwjgl-opengl-natives-linux.jar
7fcddc002000-7fcddc004000 r--s 00010000 08:15 13654776                   /home/nokorot/Workspace/Java/PS/PS 3.0.0/LWJGL3/lwjgl-openal.jar
7fcddc004000-7fcddc005000 r--s 0004a000 08:15 13654787                   /home/nokorot/Workspace/Java/PS/PS 3.0.0/LWJGL3/lwjgl-openal-natives-linux.jar
7fcddc005000-7fcddc00a000 r--s 00054000 08:15 13654782                   /home/nokorot/Workspace/Java/PS/PS 3.0.0/LWJGL3/lwjgl-nuklear.jar
7fcddc00a000-7fcddc00b000 r--s 0001f000 08:15 13654772                   /home/nokorot/Workspace/Java/PS/PS 3.0.0/LWJGL3/lwjgl-nuklear-natives-linux.jar
7fcddc00b000-7fcddc00c000 r--s 00001000 08:15 13654766                   /home/nokorot/Workspace/Java/PS/PS 3.0.0/LWJGL3/lwjgl-nfd.jar
7fcddc00c000-7fcddc00d000 r--s 00001000 08:15 13654764                   /home/nokorot/Workspace/Java/PS/PS 3.0.0/LWJGL3/lwjgl-nfd-natives-linux.jar
7fcddc00d000-7fcddc00e000 r--s 00011000 08:15 13654822                   /home/nokorot/Workspace/Java/PS/PS 3.0.0/LWJGL3/lwjgl-natives-linux.jar
7fcddc00e000-7fcddc010000 r--s 00008000 08:15 13654756                   /home/nokorot/Workspace/Java/PS/PS 3.0.0/LWJGL3/lwjgl-nanovg.jar
7fcddc010000-7fcddc4a5000 rw-p 00000000 00:00 0 
7fcddc4a5000-7fcddc67d000 r--s 03d2a000 08:15 12855517                   /usr/lib/jvm/java-8-oracle/jre/lib/rt.jar
7fcddc67d000-7fcddcdf3000 rw-p 00000000 00:00 0 
7fcddcdf3000-7fcddcef3000 ---p 00000000 00:00 0 
7fcddcef3000-7fcddd2cc000 rw-p 00000000 00:00 0 
7fcddd2cc000-7fcddd2cd000 ---p 00000000 00:00 0 
7fcddd2cd000-7fcddd3cd000 rw-p 00000000 00:00 0 
7fcddd3cd000-7fcddd3ce000 ---p 00000000 00:00 0 
7fcddd3ce000-7fcddd4ce000 rw-p 00000000 00:00 0 
7fcddd4ce000-7fcddd4cf000 ---p 00000000 00:00 0 
7fcddd4cf000-7fcddd5cf000 rw-p 00000000 00:00 0 
7fcddd5cf000-7fcddd5d0000 ---p 00000000 00:00 0 
7fcddd5d0000-7fcddd6fa000 rw-p 00000000 00:00 0 
7fcddd6fa000-7fcddd961000 ---p 00000000 00:00 0 
7fcddd961000-7fcddd98b000 rw-p 00000000 00:00 0 
7fcddd98b000-7fcdddbf1000 ---p 00000000 00:00 0 
7fcdddbf1000-7fcdddc07000 rw-p 00000000 00:00 0 
7fcdddc07000-7fcdddd3a000 ---p 00000000 00:00 0 
7fcdddd3a000-7fcdddd45000 rw-p 00000000 00:00 0 
7fcdddd45000-7fcdde0fb000 ---p 00000000 00:00 0 
7fcdde0fb000-7fcdde115000 r-xp 00000000 08:15 12980589                   /usr/lib/jvm/java-8-oracle/jre/lib/amd64/libzip.so
7fcdde115000-7fcdde315000 ---p 0001a000 08:15 12980589                   /usr/lib/jvm/java-8-oracle/jre/lib/amd64/libzip.so
7fcdde315000-7fcdde316000 rw-p 0001a000 08:15 12980589                   /usr/lib/jvm/java-8-oracle/jre/lib/amd64/libzip.so
7fcdde316000-7fcdde321000 r-xp 00000000 08:15 7082071                    /lib/x86_64-linux-gnu/libnss_files-2.23.so
7fcdde321000-7fcdde520000 ---p 0000b000 08:15 7082071                    /lib/x86_64-linux-gnu/libnss_files-2.23.so
7fcdde520000-7fcdde521000 r--p 0000a000 08:15 7082071                    /lib/x86_64-linux-gnu/libnss_files-2.23.so
7fcdde521000-7fcdde522000 rw-p 0000b000 08:15 7082071                    /lib/x86_64-linux-gnu/libnss_files-2.23.so
7fcdde522000-7fcdde528000 rw-p 00000000 00:00 0 
7fcdde528000-7fcdde533000 r-xp 00000000 08:15 7082047                    /lib/x86_64-linux-gnu/libnss_nis-2.23.so
7fcdde533000-7fcdde732000 ---p 0000b000 08:15 7082047                    /lib/x86_64-linux-gnu/libnss_nis-2.23.so
7fcdde732000-7fcdde733000 r--p 0000a000 08:15 7082047                    /lib/x86_64-linux-gnu/libnss_nis-2.23.so
7fcdde733000-7fcdde734000 rw-p 0000b000 08:15 7082047                    /lib/x86_64-linux-gnu/libnss_nis-2.23.so
7fcdde734000-7fcdde74a000 r-xp 00000000 08:15 7082063                    /lib/x86_64-linux-gnu/libnsl-2.23.so
7fcdde74a000-7fcdde949000 ---p 00016000 08:15 7082063                    /lib/x86_64-linux-gnu/libnsl-2.23.so
7fcdde949000-7fcdde94a000 r--p 00015000 08:15 7082063                    /lib/x86_64-linux-gnu/libnsl-2.23.so
7fcdde94a000-7fcdde94b000 rw-p 00016000 08:15 7082063                    /lib/x86_64-linux-gnu/libnsl-2.23.so
7fcdde94b000-7fcdde94d000 rw-p 00000000 00:00 0 
7fcdde94d000-7fcdde955000 r-xp 00000000 08:15 7082065                    /lib/x86_64-linux-gnu/libnss_compat-2.23.so
7fcdde955000-7fcddeb54000 ---p 00008000 08:15 7082065                    /lib/x86_64-linux-gnu/libnss_compat-2.23.so
7fcddeb54000-7fcddeb55000 r--p 00007000 08:15 7082065                    /lib/x86_64-linux-gnu/libnss_compat-2.23.so
7fcddeb55000-7fcddeb56000 rw-p 00008000 08:15 7082065                    /lib/x86_64-linux-gnu/libnss_compat-2.23.so
7fcddeb56000-7fcddeb81000 r-xp 00000000 08:15 12980616                   /usr/lib/jvm/java-8-oracle/jre/lib/amd64/libjava.so
7fcddeb81000-7fcdded80000 ---p 0002b000 08:15 12980616                   /usr/lib/jvm/java-8-oracle/jre/lib/amd64/libjava.so
7fcdded80000-7fcdded82000 rw-p 0002a000 08:15 12980616                   /usr/lib/jvm/java-8-oracle/jre/lib/amd64/libjava.so
7fcdded82000-7fcdded8f000 r-xp 00000000 08:15 12980358                   /usr/lib/jvm/java-8-oracle/jre/lib/amd64/libverify.so
7fcdded8f000-7fcddef8e000 ---p 0000d000 08:15 12980358                   /usr/lib/jvm/java-8-oracle/jre/lib/amd64/libverify.so
7fcddef8e000-7fcddef90000 rw-p 0000c000 08:15 12980358                   /usr/lib/jvm/java-8-oracle/jre/lib/amd64/libverify.so
7fcddef90000-7fcddef97000 r-xp 00000000 08:15 7082046                    /lib/x86_64-linux-gnu/librt-2.23.so
7fcddef97000-7fcddf196000 ---p 00007000 08:15 7082046                    /lib/x86_64-linux-gnu/librt-2.23.so
7fcddf196000-7fcddf197000 r--p 00006000 08:15 7082046                    /lib/x86_64-linux-gnu/librt-2.23.so
7fcddf197000-7fcddf198000 rw-p 00007000 08:15 7082046                    /lib/x86_64-linux-gnu/librt-2.23.so
7fcddf198000-7fcddf2a0000 r-xp 00000000 08:15 7082058                    /lib/x86_64-linux-gnu/libm-2.23.so
7fcddf2a0000-7fcddf49f000 ---p 00108000 08:15 7082058                    /lib/x86_64-linux-gnu/libm-2.23.so
7fcddf49f000-7fcddf4a0000 r--p 00107000 08:15 7082058                    /lib/x86_64-linux-gnu/libm-2.23.so
7fcddf4a0000-7fcddf4a1000 rw-p 00108000 08:15 7082058                    /lib/x86_64-linux-gnu/libm-2.23.so
7fcddf4a1000-7fcde016e000 r-xp 00000000 08:15 12980620                   /usr/lib/jvm/java-8-oracle/jre/lib/amd64/server/libjvm.so
7fcde016e000-7fcde036d000 ---p 00ccd000 08:15 12980620                   /usr/lib/jvm/java-8-oracle/jre/lib/amd64/server/libjvm.so
7fcde036d000-7fcde0446000 rw-p 00ccc000 08:15 12980620                   /usr/lib/jvm/java-8-oracle/jre/lib/amd64/server/libjvm.so
7fcde0446000-7fcde0491000 rw-p 00000000 00:00 0 
7fcde0491000-7fcde0650000 r-xp 00000000 08:15 7082051                    /lib/x86_64-linux-gnu/libc-2.23.so
7fcde0650000-7fcde0850000 ---p 001bf000 08:15 7082051                    /lib/x86_64-linux-gnu/libc-2.23.so
7fcde0850000-7fcde0854000 r--p 001bf000 08:15 7082051                    /lib/x86_64-linux-gnu/libc-2.23.so
7fcde0854000-7fcde0856000 rw-p 001c3000 08:15 7082051                    /lib/x86_64-linux-gnu/libc-2.23.so
7fcde0856000-7fcde085a000 rw-p 00000000 00:00 0 
7fcde085a000-7fcde085d000 r-xp 00000000 08:15 7082050                    /lib/x86_64-linux-gnu/libdl-2.23.so
7fcde085d000-7fcde0a5c000 ---p 00003000 08:15 7082050                    /lib/x86_64-linux-gnu/libdl-2.23.so
7fcde0a5c000-7fcde0a5d000 r--p 00002000 08:15 7082050                    /lib/x86_64-linux-gnu/libdl-2.23.so
7fcde0a5d000-7fcde0a5e000 rw-p 00003000 08:15 7082050                    /lib/x86_64-linux-gnu/libdl-2.23.so
7fcde0a5e000-7fcde0a73000 r-xp 00000000 08:15 12585246                   /usr/lib/jvm/java-8-oracle/lib/amd64/jli/libjli.so
7fcde0a73000-7fcde0c73000 ---p 00015000 08:15 12585246                   /usr/lib/jvm/java-8-oracle/lib/amd64/jli/libjli.so
7fcde0c73000-7fcde0c74000 rw-p 00015000 08:15 12585246                   /usr/lib/jvm/java-8-oracle/lib/amd64/jli/libjli.so
7fcde0c74000-7fcde0c8c000 r-xp 00000000 08:15 7082059                    /lib/x86_64-linux-gnu/libpthread-2.23.so
7fcde0c8c000-7fcde0e8b000 ---p 00018000 08:15 7082059                    /lib/x86_64-linux-gnu/libpthread-2.23.so
7fcde0e8b000-7fcde0e8c000 r--p 00017000 08:15 7082059                    /lib/x86_64-linux-gnu/libpthread-2.23.so
7fcde0e8c000-7fcde0e8d000 rw-p 00018000 08:15 7082059                    /lib/x86_64-linux-gnu/libpthread-2.23.so
7fcde0e8d000-7fcde0e91000 rw-p 00000000 00:00 0 
7fcde0e91000-7fcde0eb7000 r-xp 00000000 08:15 7082039                    /lib/x86_64-linux-gnu/ld-2.23.so
7fcde0eb7000-7fcde0eb8000 r--s 0001f000 08:15 13654762                   /home/nokorot/Workspace/Java/PS/PS 3.0.0/LWJGL3/lwjgl-nanovg-natives-linux.jar
7fcde0eb8000-7fcde0eba000 r--s 00005000 08:15 13654746                   /home/nokorot/Workspace/Java/PS/PS 3.0.0/LWJGL3/lwjgl-lmdb.jar
7fcde0eba000-7fcde0f85000 rw-p 00000000 00:00 0 
7fcde0f85000-7fcde0f88000 ---p 00000000 00:00 0 
7fcde0f88000-7fcde108a000 rw-p 00000000 00:00 0 
7fcde108a000-7fcde108b000 r--s 0000d000 08:15 13654750                   /home/nokorot/Workspace/Java/PS/PS 3.0.0/LWJGL3/lwjgl-lmdb-natives-linux.jar
7fcde108b000-7fcde108d000 r--s 00007000 08:15 13654736                   /home/nokorot/Workspace/Java/PS/PS 3.0.0/LWJGL3/lwjgl-jemalloc.jar
7fcde108d000-7fcde108e000 r--s 00019000 08:15 13654734                   /home/nokorot/Workspace/Java/PS/PS 3.0.0/LWJGL3/lwjgl-jemalloc-natives-linux.jar
7fcde108e000-7fcde108f000 r--s 00005000 08:15 13654724                   /home/nokorot/Workspace/Java/PS/PS 3.0.0/LWJGL3/lwjgl-jawt.jar
7fcde108f000-7fcde1091000 r--s 00066000 08:15 13654732                   /home/nokorot/Workspace/Java/PS/PS 3.0.0/LWJGL3/lwjgl-jawt-javadoc.jar
7fcde1091000-7fcde1094000 r--s 00015000 08:15 13654722                   /home/nokorot/Workspace/Java/PS/PS 3.0.0/LWJGL3/lwjgl-glfw.jar
7fcde1094000-7fcde1095000 r--s 0000e000 08:15 13654716                   /home/nokorot/Workspace/Java/PS/PS 3.0.0/LWJGL3/lwjgl-glfw-natives-linux.jar
7fcde1095000-7fcde1099000 r--s 0001b000 08:15 13654708                   /home/nokorot/Workspace/Java/PS/PS 3.0.0/LWJGL3/lwjgl-egl.jar
7fcde1099000-7fcde109d000 r--s 0001e000 08:15 13654712                   /home/nokorot/Workspace/Java/PS/PS 3.0.0/LWJGL3/lwjgl-egl-sources.jar
7fcde109d000-7fcde10a0000 r--s 0001f000 08:15 13654702                   /home/nokorot/Workspace/Java/PS/PS 3.0.0/LWJGL3/lwjgl-bgfx.jar
7fcde10a0000-7fcde10a1000 r--s 00042000 08:15 13654704                   /home/nokorot/Workspace/Java/PS/PS 3.0.0/LWJGL3/lwjgl-bgfx-natives-linux.jar
7fcde10a1000-7fcde10a5000 r--s 0002a000 08:15 13654692                   /home/nokorot/Workspace/Java/PS/PS 3.0.0/LWJGL3/lwjgl-assimp.jar
7fcde10a5000-7fcde10a6000 r--s 002ae000 08:15 13654740                   /home/nokorot/Workspace/Java/PS/PS 3.0.0/LWJGL3/lwjgl-assimp-natives-linux.jar
7fcde10a6000-7fcde10aa000 r--s 0003d000 08:15 13654827                   /home/nokorot/Workspace/Java/PS/PS 3.0.0/LWJGL3/lwjgl.jar
7fcde10aa000-7fcde10b2000 rw-s 00000000 08:15 1325743                    /tmp/hsperfdata_nokorot/1842
7fcde10b2000-7fcde10b3000 rw-p 00000000 00:00 0 
7fcde10b3000-7fcde10b4000 r--p 00000000 00:00 0 
7fcde10b4000-7fcde10b6000 rw-p 00000000 00:00 0 
7fcde10b6000-7fcde10b7000 r--p 00025000 08:15 7082039                    /lib/x86_64-linux-gnu/ld-2.23.so
7fcde10b7000-7fcde10b8000 rw-p 00026000 08:15 7082039                    /lib/x86_64-linux-gnu/ld-2.23.so
7fcde10b8000-7fcde10b9000 rw-p 00000000 00:00 0 
7fff51d11000-7fff51d33000 rw-p 00000000 00:00 0                          [stack]
7fff51d5b000-7fff51d5d000 r--p 00000000 00:00 0                          [vvar]
7fff51d5d000-7fff51d5f000 r-xp 00000000 00:00 0                          [vdso]
ffffffffff600000-ffffffffff601000 r-xp 00000000 00:00 0                  [vsyscall]

VM Arguments:
jvm_args: -Djava.library.path=/home/noko/workspace/Java/Test/Test/LWJGL3 -Dfile.encoding=UTF-8 
java_command: engineTest.Main
java_class_path (initial): /home/nokorot/Workspace/Java/PS/PS 3.0.0/bin:/home/nokorot/Workspace/Java/PS/PS 3.0.0/LWJGL3/lwjgl.jar:/home/nokorot/Workspace/Java/PS/PS 3.0.0/LWJGL3/lwjgl-assimp-natives-linux.jar:/home/nokorot/Workspace/Java/PS/PS 3.0.0/LWJGL3/lwjgl-assimp.jar:/home/nokorot/Workspace/Java/PS/PS 3.0.0/LWJGL3/lwjgl-bgfx-natives-linux.jar:/home/nokorot/Workspace/Java/PS/PS 3.0.0/LWJGL3/lwjgl-bgfx.jar:/home/nokorot/Workspace/Java/PS/PS 3.0.0/LWJGL3/lwjgl-egl-sources.jar:/home/nokorot/Workspace/Java/PS/PS 3.0.0/LWJGL3/lwjgl-egl.jar:/home/nokorot/Workspace/Java/PS/PS 3.0.0/LWJGL3/lwjgl-glfw-natives-linux.jar:/home/nokorot/Workspace/Java/PS/PS 3.0.0/LWJGL3/lwjgl-glfw.jar:/home/nokorot/Workspace/Java/PS/PS 3.0.0/LWJGL3/lwjgl-jawt-javadoc.jar:/home/nokorot/Workspace/Java/PS/PS 3.0.0/LWJGL3/lwjgl-jawt.jar:/home/nokorot/Workspace/Java/PS/PS 3.0.0/LWJGL3/lwjgl-jemalloc-natives-linux.jar:/home/nokorot/Workspace/Java/PS/PS 3.0.0/LWJGL3/lwjgl-jemalloc.jar:/home/nokorot/Workspace/Java/PS/PS 3.0.0/LWJGL3/lwjgl-lmdb-natives-linux.jar:/home/nokorot/Workspace/Java/PS/PS 3.0.0/LWJGL3/lwjgl-lmdb.jar:/home/nokorot/Workspace/Java/PS/PS 3.0.0/LWJGL3/lwjgl-nanovg-natives-linux.jar:/home/nokorot/Workspace/Java/PS/PS 3.0.0/LWJGL3/lwjgl-nanovg.jar:/home/nokorot/Workspace/Java/PS/PS 3.0.0/LWJGL3/lwjgl-natives-linux.jar:/home/nokorot/Workspace/Java/PS/PS 3.0.0/LWJGL3/lwjgl-nfd-natives-linux.jar:/home/nokorot/Workspace/Java/PS/PS 3.0.0/LWJGL3/lwjgl-nfd.jar:/home/nokorot/Workspace/Java/PS/PS 3.0.0/LWJGL3/lwjgl-nuklear-natives-linux.jar:/home/nokorot/Workspace/Java/PS/PS 3.0.0/LWJGL3/lwjgl-nuklear.jar:/home/nokorot/Workspace/Java/PS/PS 3.0.0/LWJGL3/lwjgl-openal-natives-linux.jar:/home/nokorot/Workspace/Java/PS/PS 3.0.0/LWJGL3/lwjgl-openal.jar:/home/nokorot/Workspace/Java/PS/PS 3.0.0/LWJGL3/lwjgl-opencl.jar:/home/nokorot/Workspace/Java/PS/PS 3.0.0/LWJGL3/lwjgl-opengl-natives-linux.jar:/home/nokorot/Workspace/Java/PS/PS 3.0.0/LWJGL3/lwjgl-opengl.jar:/home/nokorot/Workspace/Java/PS/PS 3.
Launcher Type: SUN_STANDARD

Environment Variables:
JAVA_HOME=/usr/lib/jvm/java-8-oracle
PATH=/home/nokorot/.cabal/bin:/opt/cabal/1.22/bin:/opt/ghc/7.10.3/bin:/home/nokorot/.bin:/home/nokorot/bin:/home/nokorot/.local/bin:/usr/local/sbin:/usr/local/bin:/usr/sbin:/usr/bin:/sbin:/bin:/usr/games:/usr/local/games:/snap/bin:/usr/lib/jvm/java-8-oracle/bin:/usr/lib/jvm/java-8-oracle/db/bin:/usr/lib/jvm/java-8-oracle/jre/bin
USERNAME=nokorot
SHELL=/bin/bash
DISPLAY=:1

Signal Handlers:
SIGSEGV: [libjvm.so+0xac64b0], sa_mask[0]=11111111011111111101111111111110, sa_flags=SA_RESTART|SA_SIGINFO
SIGBUS: [libjvm.so+0xac64b0], sa_mask[0]=11111111011111111101111111111110, sa_flags=SA_RESTART|SA_SIGINFO
SIGFPE: [libjvm.so+0x91f950], sa_mask[0]=11111111011111111101111111111110, sa_flags=SA_RESTART|SA_SIGINFO
SIGPIPE: [libjvm.so+0x91f950], sa_mask[0]=11111111011111111101111111111110, sa_flags=SA_RESTART|SA_SIGINFO
SIGXFSZ: [libjvm.so+0x91f950], sa_mask[0]=11111111011111111101111111111110, sa_flags=SA_RESTART|SA_SIGINFO
SIGILL: [libjvm.so+0x91f950], sa_mask[0]=11111111011111111101111111111110, sa_flags=SA_RESTART|SA_SIGINFO
SIGUSR1: SIG_DFL, sa_mask[0]=00000000000000000000000000000000, sa_flags=none
SIGUSR2: [libjvm.so+0x920f80], sa_mask[0]=00100000000000000000000000000000, sa_flags=SA_RESTART|SA_SIGINFO
SIGHUP: [libjvm.so+0x922380], sa_mask[0]=11111111011111111101111111111110, sa_flags=SA_RESTART|SA_SIGINFO
SIGINT: [libjvm.so+0x922380], sa_mask[0]=11111111011111111101111111111110, sa_flags=SA_RESTART|SA_SIGINFO
SIGTERM: [libjvm.so+0x922380], sa_mask[0]=11111111011111111101111111111110, sa_flags=SA_RESTART|SA_SIGINFO
SIGQUIT: [libjvm.so+0x922380], sa_mask[0]=11111111011111111101111111111110, sa_flags=SA_RESTART|SA_SIGINFO


---------------  S Y S T E M  ---------------

OS:DISTRIB_ID=Ubuntu
DISTRIB_RELEASE=16.04
DISTRIB_CODENAME=xenial
DISTRIB_DESCRIPTION="Ubuntu 16.04.1 LTS"

uname:Linux 4.4.0-59-generic #80-Ubuntu SMP Fri Jan 6 17:47:47 UTC 2017 x86_64
libc:glibc 2.23 NPTL 2.23 
rlimit: STACK 8192k, CORE 0k, NPROC 31349, NOFILE 65536, AS infinity
load average:0,64 0,83 0,87

/proc/meminfo:
MemTotal:        8065832 kB
MemFree:          296660 kB
MemAvailable:    2458924 kB
Buffers:          194452 kB
Cached:          3012528 kB
SwapCached:         1256 kB
Active:          5423228 kB
Inactive:        1963036 kB
Active(anon):    3940068 kB
Inactive(anon):  1153420 kB
Active(file):    1483160 kB
Inactive(file):   809616 kB
Unevictable:         496 kB
Mlocked:             496 kB
SwapTotal:       1951740 kB
SwapFree:        1924648 kB
Dirty:               108 kB
Writeback:             0 kB
AnonPages:       4178468 kB
Mapped:           839928 kB
Shmem:            914204 kB
Slab:             224276 kB
SReclaimable:     174384 kB
SUnreclaim:        49892 kB
KernelStack:       14336 kB
PageTables:        66964 kB
NFS_Unstable:          0 kB
Bounce:                0 kB
WritebackTmp:          0 kB
CommitLimit:     5984656 kB
Committed_AS:   11437040 kB
VmallocTotal:   34359738367 kB
VmallocUsed:           0 kB
VmallocChunk:          0 kB
HardwareCorrupted:     0 kB
AnonHugePages:   2119680 kB
CmaTotal:              0 kB
CmaFree:               0 kB
HugePages_Total:       0
HugePages_Free:        0
HugePages_Rsvd:        0
HugePages_Surp:        0
Hugepagesize:       2048 kB
DirectMap4k:      255272 kB
DirectMap2M:     8024064 kB


CPU:total 4 (2 cores per cpu, 2 threads per core) family 6 model 58 stepping 9, cmov, cx8, fxsr, mmx, sse, sse2, sse3, ssse3, sse4.1, sse4.2, popcnt, avx, aes, clmul, erms, ht, tsc, tscinvbit, tscinv

/proc/cpuinfo:
processor	: 0
vendor_id	: GenuineIntel
cpu family	: 6
model		: 58
model name	: Intel(R) Core(TM) i5-3210M CPU @ 2.50GHz
stepping	: 9
microcode	: 0x15
cpu MHz		: 2906.054
cache size	: 3072 KB
physical id	: 0
siblings	: 4
core id		: 0
cpu cores	: 2
apicid		: 0
initial apicid	: 0
fpu		: yes
fpu_exception	: yes
cpuid level	: 13
wp		: yes
flags		: fpu vme de pse tsc msr pae mce cx8 apic sep mtrr pge mca cmov pat pse36 clflush dts acpi mmx fxsr sse sse2 ss ht tm pbe syscall nx rdtscp lm constant_tsc arch_perfmon pebs bts rep_good nopl xtopology nonstop_tsc aperfmperf eagerfpu pni pclmulqdq dtes64 monitor ds_cpl vmx est tm2 ssse3 cx16 xtpr pdcm pcid sse4_1 sse4_2 x2apic popcnt tsc_deadline_timer aes xsave avx f16c rdrand lahf_lm epb tpr_shadow vnmi flexpriority ept vpid fsgsbase smep erms xsaveopt dtherm ida arat pln pts
bugs		:
bogomips	: 4989.04
clflush size	: 64
cache_alignment	: 64
address sizes	: 36 bits physical, 48 bits virtual
power management:

processor	: 1
vendor_id	: GenuineIntel
cpu family	: 6
model		: 58
model name	: Intel(R) Core(TM) i5-3210M CPU @ 2.50GHz
stepping	: 9
microcode	: 0x15
cpu MHz		: 2900.000
cache size	: 3072 KB
physical id	: 0
siblings	: 4
core id		: 1
cpu cores	: 2
apicid		: 2
initial apicid	: 2
fpu		: yes
fpu_exception	: yes
cpuid level	: 13
wp		: yes
flags		: fpu vme de pse tsc msr pae mce cx8 apic sep mtrr pge mca cmov pat pse36 clflush dts acpi mmx fxsr sse sse2 ss ht tm pbe syscall nx rdtscp lm constant_tsc arch_perfmon pebs bts rep_good nopl xtopology nonstop_tsc aperfmperf eagerfpu pni pclmulqdq dtes64 monitor ds_cpl vmx est tm2 ssse3 cx16 xtpr pdcm pcid sse4_1 sse4_2 x2apic popcnt tsc_deadline_timer aes xsave avx f16c rdrand lahf_lm epb tpr_shadow vnmi flexpriority ept vpid fsgsbase smep erms xsaveopt dtherm ida arat pln pts
bugs		:
bogomips	: 4989.04
clflush size	: 64
cache_alignment	: 64
address sizes	: 36 bits physical, 48 bits virtual
power management:

processor	: 2
vendor_id	: GenuineIntel
cpu family	: 6
model		: 58
model name	: Intel(R) Core(TM) i5-3210M CPU @ 2.50GHz
stepping	: 9
microcode	: 0x15
cpu MHz		: 2906.933
cache size	: 3072 KB
physical id	: 0
siblings	: 4
core id		: 0
cpu cores	: 2
apicid		: 1
initial apicid	: 1
fpu		: yes
fpu_exception	: yes
cpuid level	: 13
wp		: yes
flags		: fpu vme de pse tsc msr pae mce cx8 apic sep mtrr pge mca cmov pat pse36 clflush dts acpi mmx fxsr sse sse2 ss ht tm pbe syscall nx rdtscp lm constant_tsc arch_perfmon pebs bts rep_good nopl xtopology nonstop_tsc aperfmperf eagerfpu pni pclmulqdq dtes64 monitor ds_cpl vmx est tm2 ssse3 cx16 xtpr pdcm pcid sse4_1 sse4_2 x2apic popcnt tsc_deadline_timer aes xsave avx f16c rdrand lahf_lm epb tpr_shadow vnmi flexpriority ept vpid fsgsbase smep erms xsaveopt dtherm ida arat pln pts
bugs		:
bogomips	: 4989.04
clflush size	: 64
cache_alignment	: 64
address sizes	: 36 bits physical, 48 bits virtual
power management:

processor	: 3
vendor_id	: GenuineIntel
cpu family	: 6
model		: 58
model name	: Intel(R) Core(TM) i5-3210M CPU @ 2.50GHz
stepping	: 9
microcode	: 0x15
cpu MHz		: 2900.000
cache size	: 3072 KB
physical id	: 0
siblings	: 4
core id		: 1
cpu cores	: 2
apicid		: 3
initial apicid	: 3
fpu		: yes
fpu_exception	: yes
cpuid level	: 13
wp		: yes
flags		: fpu vme de pse tsc msr pae mce cx8 apic sep mtrr pge mca cmov pat pse36 clflush dts acpi mmx fxsr sse sse2 ss ht tm pbe syscall nx rdtscp lm constant_tsc arch_perfmon pebs bts rep_good nopl xtopology nonstop_tsc aperfmperf eagerfpu pni pclmulqdq dtes64 monitor ds_cpl vmx est tm2 ssse3 cx16 xtpr pdcm pcid sse4_1 sse4_2 x2apic popcnt tsc_deadline_timer aes xsave avx f16c rdrand lahf_lm epb tpr_shadow vnmi flexpriority ept vpid fsgsbase smep erms xsaveopt dtherm ida arat pln pts
bugs		:
bogomips	: 4989.04
clflush size	: 64
cache_alignment	: 64
address sizes	: 36 bits physical, 48 bits virtual
power management:



Memory: 4k page, physical 8065832k(296660k free), swap 1951740k(1924648k free)

vm_info: Java HotSpot(TM) 64-Bit Server VM (25.111-b14) for linux-amd64 JRE (1.8.0_111-b14), built on Sep 22 2016 16:14:03 by "java_re" with gcc 4.3.0 20080428 (Red Hat 4.3.0-8)

time: Sun Feb  5 01:42:24 2017
elapsed time: 0 seconds (0d 0h 0m 0s)

