#
# A fatal error has been detected by the Java Runtime Environment:
#
#  SIGSEGV (0xb) at pc=0x00007f89123b6d44, pid=29164, tid=0x00007f89127be700
#
# JRE version: Java(TM) SE Runtime Environment (8.0_111-b14) (build 1.8.0_111-b14)
# Java VM: Java HotSpot(TM) 64-Bit Server VM (25.111-b14 mixed mode linux-amd64 compressed oops)
# Problematic frame:
# C  [libpthread.so.0+0x9d44]  pthread_mutex_lock+0x4
#
# Failed to write core dump. Core dumps have been disabled. To enable core dumping, try "ulimit -c unlimited" before starting Java again
#
# If you would like to submit a bug report, please visit:
#   http://bugreport.java.com/bugreport/crash.jsp
# The crash happened outside the Java Virtual Machine in native code.
# See problematic frame for where to report the bug.
#

---------------  T H R E A D  ---------------

Current thread (0x00007f890c00b000):  JavaThread "main" [_thread_in_native, id=29166, stack(0x00007f89126be000,0x00007f89127bf000)]

siginfo: si_signo: 11 (SIGSEGV), si_code: 1 (SEGV_MAPERR), si_addr: 0x000000001008ff3c

Registers:
RAX=0x00007f88f4686370, RBX=0x00007f890c34bf00, RCX=0x000000000000015b, RDX=0x00007f89127bcca0
RSP=0x00007f89127bcc10, RBP=0x00007f89127bcc80, RSI=0x00007f89127bcc90, RDI=0x000000001008ff2c
R8 =0x00007f89127bcc80, R9 =0x00007f890c347c52, R10=0x00007f88f470b447, R11=0x0000000000000065
R12=0x00007f89127bcc7c, R13=0x00007f89127bcdb8, R14=0x00007f89127bcdb0, R15=0x00007f890c00b1f8
RIP=0x00007f89123b6d44, EFLAGS=0x0000000000010202, CSGSFS=0x0000000000000033, ERR=0x0000000000000004
  TRAPNO=0x000000000000000e

Top of Stack: (sp=0x00007f89127bcc10)
0x00007f89127bcc10:   000000000000015c 00007f88f46a0bfa
0x00007f89127bcc20:   00007f89127bcc90 00007f89127bcca0
0x00007f89127bcc30:   0000000000000000 00007f890c2f6dc0
0x00007f89127bcc40:   00007f890c35edf0 16ff174ed8a36200
0x00007f89127bcc50:   00007f890c2f6dc0 00007f890c35edf0
0x00007f89127bcc60:   00007f890c35eeb0 00007f88f467cf86
0x00007f89127bcc70:   00007f890c00b1f8 00007f890c07a708
0x00007f89127bcc80:   00007f890c35eeb0 696c4369746c756d
0x00007f89127bcc90:   0000015c0000015b 00007f8900000000
0x00007f89127bcca0:   0000015500000154 00007f8900000000
0x00007f89127bccb0:   0000000000000004 16ff174ed8a36200
0x00007f89127bccc0:   00007f890c35eeb0 00007f89127bcd20
0x00007f89127bccd0:   00007f890c35edf0 00007f88f4c00981
0x00007f89127bcce0:   00007f890c00b000 00007f890c2f6dc0
0x00007f89127bccf0:   00007f89127bcd30 00007f88f74637e8
0x00007f89127bcd00:   0000000000000000 00007f88f74637e8
0x00007f89127bcd10:   00007f89127bcdc8 00007f890c00b000
0x00007f89127bcd20:   00007f89127bcd90 00007f88fc7c5a34
0x00007f89127bcd30:   00007f89127bcd90 00007f88fc7c57b9
0x00007f89127bcd40:   00007f890c00b000 00007f88fc7c5782
0x00007f89127bcd50:   00007f89127bcd50 00007f88f74637e8
0x00007f89127bcd60:   00007f89127bcdc8 00007f88f7477040
0x00007f89127bcd70:   0000000000000000 00007f88f74637e8
0x00007f89127bcd80:   0000000000000000 00007f89127bcdb0
0x00007f89127bcd90:   00007f89127bce10 00007f88fc7b6040
0x00007f89127bcda0:   00000000d73279c8 00007f88fc7bf53b
0x00007f89127bcdb0:   00000000d74f49f8 00000000d6ff7c08
0x00007f89127bcdc0:   00007f890c2f6dc0 00007f88fc7b5dd0
0x00007f89127bcdd0:   00007f89127bcdd0 00007f88f75f267c
0x00007f89127bcde0:   00007f89127bce28 00007f88f75fa4f0
0x00007f89127bcdf0:   0000000000000000 00007f88f75f2720
0x00007f89127bce00:   00007f89127bcdb0 00007f89127bce30 

Instructions: (pc=0x00007f89123b6d44)
0x00007f89123b6d24:   f0 02 00 00 00 00 00 00 b8 82 00 00 00 e9 d8 f9
0x00007f89123b6d34:   ff ff 66 2e 0f 1f 84 00 00 00 00 00 48 83 ec 08
0x00007f89123b6d44:   8b 57 10 89 d1 81 e1 7f 01 00 00 90 89 d0 83 e0
0x00007f89123b6d54:   7c 0f 85 95 00 00 00 85 c9 49 89 f8 0f 85 9a 00 

Register to memory mapping:

RAX=0x00007f88f4686370: <offset 0x2b370> in /usr/lib/x86_64-linux-gnu/libX11.so.6 at 0x00007f88f465b000
RBX=0x00007f890c34bf00 is an unknown value
RCX=0x000000000000015b is an unknown value
RDX=0x00007f89127bcca0 is pointing into the stack for thread: 0x00007f890c00b000
RSP=0x00007f89127bcc10 is pointing into the stack for thread: 0x00007f890c00b000
RBP=0x00007f89127bcc80 is pointing into the stack for thread: 0x00007f890c00b000
RSI=0x00007f89127bcc90 is pointing into the stack for thread: 0x00007f890c00b000
RDI=0x000000001008ff2c is an unknown value
R8 =0x00007f89127bcc80 is pointing into the stack for thread: 0x00007f890c00b000
R9 =0x00007f890c347c52 is an unknown value
R10=0x00007f88f470b447: <offset 0xb0447> in /usr/lib/x86_64-linux-gnu/libX11.so.6 at 0x00007f88f465b000
R11=0x0000000000000065 is an unknown value
R12=0x00007f89127bcc7c is pointing into the stack for thread: 0x00007f890c00b000
R13=0x00007f89127bcdb8 is pointing into the stack for thread: 0x00007f890c00b000
R14=0x00007f89127bcdb0 is pointing into the stack for thread: 0x00007f890c00b000
R15=0x00007f890c00b1f8 is an unknown value


Stack: [0x00007f89126be000,0x00007f89127bf000],  sp=0x00007f89127bcc10,  free space=1019k
Native frames: (J=compiled Java code, j=interpreted, Vv=VM code, C=native code)
C  [libpthread.so.0+0x9d44]  pthread_mutex_lock+0x4
C  0x696c4369746c756d

Java frames: (J=compiled Java code, j=interpreted, Vv=VM code)
j  sun.awt.X11.XlibWrapper.XGetDefault(JLjava/lang/String;Ljava/lang/String;)Ljava/lang/String;+0
j  sun.awt.X11.XToolkit.initializeMultiClickTime()V+12
j  sun.awt.X11.XToolkit.getMultiClickTime()I+6
j  sun.awt.X11.XToolkit.initializeDesktopProperties()V+82
j  java.awt.Toolkit.getDesktopProperty(Ljava/lang/String;)Ljava/lang/Object;+32
j  sun.swing.SwingUtilities2$AATextInfo.getAATextInfo(Z)Lsun/swing/SwingUtilities2$AATextInfo;+11
j  javax.swing.plaf.metal.MetalLookAndFeel.initComponentDefaults(Ljavax/swing/UIDefaults;)V+12062
j  javax.swing.plaf.basic.BasicLookAndFeel.getDefaults()Ljavax/swing/UIDefaults;+25
j  javax.swing.plaf.metal.MetalLookAndFeel.getDefaults()Ljavax/swing/UIDefaults;+9
j  javax.swing.UIManager.setLookAndFeel(Ljavax/swing/LookAndFeel;)V+79
j  javax.swing.UIManager.setLookAndFeel(Ljava/lang/String;)V+16
j  javax.swing.UIManager.initializeDefaultLAF(Ljava/util/Properties;)V+55
j  javax.swing.UIManager.initialize()V+9
j  javax.swing.UIManager.maybeInitialize()V+22
j  javax.swing.UIManager.getUI(Ljavax/swing/JComponent;)Ljavax/swing/plaf/ComponentUI;+0
j  javax.swing.JPanel.updateUI()V+2
j  javax.swing.JPanel.<init>(Ljava/awt/LayoutManager;Z)V+24
j  javax.swing.JPanel.<init>(Z)V+9
j  javax.swing.JPanel.<init>()V+2
j  javax.swing.JRootPane.createGlassPane()Ljava/awt/Component;+4
j  javax.swing.JRootPane.<init>()V+11
j  javax.swing.JFrame.createRootPane()Ljavax/swing/JRootPane;+4
j  javax.swing.JFrame.frameInit()V+16
j  javax.swing.JFrame.<init>(Ljava/lang/String;)V+21
j  engineTest.Main.<init>()V+3
j  engineTest.Main.main([Ljava/lang/String;)V+20
v  ~StubRoutines::call_stub

---------------  P R O C E S S  ---------------

Java Threads: ( => current thread )
  0x00007f890c354000 JavaThread "AWT-XAWT" daemon [_thread_in_native, id=29186, stack(0x00007f88be4bc000,0x00007f88be5bd000)]
  0x00007f890c330000 JavaThread "Java2D Disposer" daemon [_thread_blocked, id=29185, stack(0x00007f88bec1a000,0x00007f88bed1b000)]
  0x00007f890c2f2000 JavaThread "Thread-0" [_thread_in_native, id=29184, stack(0x00007f88bf8d3000,0x00007f88bf9d4000)]
  0x00007f890c0ca800 JavaThread "Service Thread" daemon [_thread_blocked, id=29182, stack(0x00007f88f51fd000,0x00007f88f52fe000)]
  0x00007f890c0bf800 JavaThread "C1 CompilerThread2" daemon [_thread_blocked, id=29181, stack(0x00007f88f52fe000,0x00007f88f53ff000)]
  0x00007f890c0bd800 JavaThread "C2 CompilerThread1" daemon [_thread_blocked, id=29180, stack(0x00007f88f53ff000,0x00007f88f5500000)]
  0x00007f890c0bb000 JavaThread "C2 CompilerThread0" daemon [_thread_blocked, id=29179, stack(0x00007f88f5500000,0x00007f88f5601000)]
  0x00007f890c0b9800 JavaThread "Signal Dispatcher" daemon [_thread_blocked, id=29178, stack(0x00007f88f5601000,0x00007f88f5702000)]
  0x00007f890c085000 JavaThread "Finalizer" daemon [_thread_blocked, id=29177, stack(0x00007f88f5b59000,0x00007f88f5c5a000)]
  0x00007f890c080800 JavaThread "Reference Handler" daemon [_thread_blocked, id=29176, stack(0x00007f88f5c5a000,0x00007f88f5d5b000)]
=>0x00007f890c00b000 JavaThread "main" [_thread_in_native, id=29166, stack(0x00007f89126be000,0x00007f89127bf000)]

Other Threads:
  0x00007f890c079000 VMThread [stack: 0x00007f88f5d5b000,0x00007f88f5e5c000] [id=29175]
  0x00007f890c0cd800 WatcherThread [stack: 0x00007f88f50fc000,0x00007f88f51fd000] [id=29183]

VM state:not at safepoint (normal execution)

VM Mutex/Monitor currently owned by a thread: None

Heap:
 PSYoungGen      total 36864K, used 7619K [0x00000000d6f80000, 0x00000000d9880000, 0x0000000100000000)
  eden space 31744K, 24% used [0x00000000d6f80000,0x00000000d76f0c00,0x00000000d8e80000)
  from space 5120K, 0% used [0x00000000d9380000,0x00000000d9380000,0x00000000d9880000)
  to   space 5120K, 0% used [0x00000000d8e80000,0x00000000d8e80000,0x00000000d9380000)
 ParOldGen       total 84992K, used 0K [0x0000000084e00000, 0x000000008a100000, 0x00000000d6f80000)
  object space 84992K, 0% used [0x0000000084e00000,0x0000000084e00000,0x000000008a100000)
 Metaspace       used 8364K, capacity 8506K, committed 8704K, reserved 1056768K
  class space    used 908K, capacity 1000K, committed 1024K, reserved 1048576K

Card table byte_map: [0x00007f88fc014000,0x00007f88fc3ee000] byte_map_base: 0x00007f88fbbed000

Marking Bits: (ParMarkBitMap*) 0x00007f8911b9d220
 Begin Bits: [0x00007f88f7bef000, 0x00007f88f9ab7000)
 End Bits:   [0x00007f88f9ab7000, 0x00007f88fb97f000)

Polling page: 0x00007f89127ec000

CodeCache: size=245760Kb used=2160Kb max_used=2160Kb free=243599Kb
 bounds [0x00007f88fc7ae000, 0x00007f88fca1e000, 0x00007f890b7ae000]
 total_blobs=1202 nmethods=416 adapters=700
 compilation: enabled

Compilation events (10 events):
Event: 0,344 Thread 0x00007f890c0bf800 nmethod 411 0x00007f88fc9bbad0 code [0x00007f88fc9bbce0, 0x00007f88fc9bc7d8]
Event: 0,344 Thread 0x00007f890c0bf800  412       3       java.lang.reflect.Modifier::isFinal (13 bytes)
Event: 0,344 Thread 0x00007f890c0bf800 nmethod 412 0x00007f88fc9be5d0 code [0x00007f88fc9be740, 0x00007f88fc9be8d0]
Event: 0,344 Thread 0x00007f890c0bf800  413       3       java.lang.invoke.MethodType$ConcurrentWeakInternSet$WeakEntry::equals (49 bytes)
Event: 0,345 Thread 0x00007f890c0bf800 nmethod 413 0x00007f88fc9c7a50 code [0x00007f88fc9c7be0, 0x00007f88fc9c8248]
Event: 0,345 Thread 0x00007f890c0bf800  414       3       jdk.internal.org.objectweb.asm.Item::<init> (5 bytes)
Event: 0,345 Thread 0x00007f890c0bf800 nmethod 414 0x00007f88fc9c9890 code [0x00007f88fc9c9a00, 0x00007f88fc9c9bb0]
Event: 0,346 Thread 0x00007f890c0bf800  415       3       java.lang.reflect.Modifier::isPublic (12 bytes)
Event: 0,346 Thread 0x00007f890c0bf800 nmethod 415 0x00007f88fc9c9c50 code [0x00007f88fc9c9dc0, 0x00007f88fc9c9f50]
Event: 0,347 Thread 0x00007f890c0bf800  416       3       java.lang.Integer::valueOf (32 bytes)

GC Heap History (0 events):
No events

Deoptimization events (1 events):
Event: 0,193 Thread 0x00007f890c00b000 Uncommon trap: reason=null_check action=make_not_entrant pc=0x00007f88fc90e5a8 method=java.lang.String.equals(Ljava/lang/Object;)Z @ 8

Internal exceptions (10 events):
Event: 0,031 Thread 0x00007f890c00b000 Exception <a 'java/lang/NoSuchMethodError': Method sun.misc.Unsafe.prefetchRead(Ljava/lang/Object;J)V name or signature does not match> (0x00000000d6f87f60) thrown at [/HUDSON3/workspace/8-2-build-linux-amd64/jdk8u111/7883/hotspot/src/share/vm/prims/jni.c
Event: 0,095 Thread 0x00007f890c00b000 Exception <a 'java/security/PrivilegedActionException'> (0x00000000d7011e60) thrown at [/HUDSON3/workspace/8-2-build-linux-amd64/jdk8u111/7883/hotspot/src/share/vm/prims/jvm.cpp, line 1386]
Event: 0,095 Thread 0x00007f890c00b000 Exception <a 'java/security/PrivilegedActionException'> (0x00000000d7012070) thrown at [/HUDSON3/workspace/8-2-build-linux-amd64/jdk8u111/7883/hotspot/src/share/vm/prims/jvm.cpp, line 1386]
Event: 0,096 Thread 0x00007f890c00b000 Exception <a 'java/security/PrivilegedActionException'> (0x00000000d70144b0) thrown at [/HUDSON3/workspace/8-2-build-linux-amd64/jdk8u111/7883/hotspot/src/share/vm/prims/jvm.cpp, line 1386]
Event: 0,096 Thread 0x00007f890c00b000 Exception <a 'java/security/PrivilegedActionException'> (0x00000000d70146c0) thrown at [/HUDSON3/workspace/8-2-build-linux-amd64/jdk8u111/7883/hotspot/src/share/vm/prims/jvm.cpp, line 1386]
Event: 0,153 Thread 0x00007f890c00b000 Exception <a 'java/lang/NoSuchFieldError': method resolution failed> (0x00000000d717fdb8) thrown at [/HUDSON3/workspace/8-2-build-linux-amd64/jdk8u111/7883/hotspot/src/share/vm/prims/methodHandles.cpp, line 1146]
Event: 0,155 Thread 0x00007f890c00b000 Exception <a 'java/lang/NoSuchFieldError': method resolution failed> (0x00000000d718d588) thrown at [/HUDSON3/workspace/8-2-build-linux-amd64/jdk8u111/7883/hotspot/src/share/vm/prims/methodHandles.cpp, line 1146]
Event: 0,184 Thread 0x00007f890c00b000 Exception <a 'java/io/FileNotFoundException'> (0x00000000d720d828) thrown at [/HUDSON3/workspace/8-2-build-linux-amd64/jdk8u111/7883/hotspot/src/share/vm/prims/jni.cpp, line 709]
Event: 0,184 Thread 0x00007f890c00b000 Exception <a 'java/io/FileNotFoundException'> (0x00000000d720e1e0) thrown at [/HUDSON3/workspace/8-2-build-linux-amd64/jdk8u111/7883/hotspot/src/share/vm/prims/jni.cpp, line 709]
Event: 0,193 Thread 0x00007f890c00b000 Implicit null exception at 0x00007f88fc90e3db to 0x00007f88fc90e599

Events (10 events):
Event: 0,339 loading class javax/swing/plaf/DimensionUIResource
Event: 0,339 loading class javax/swing/plaf/DimensionUIResource done
Event: 0,339 loading class javax/swing/UIDefaults$LazyInputMap
Event: 0,339 loading class javax/swing/UIDefaults$LazyInputMap done
Event: 0,342 loading class javax/swing/plaf/metal/MetalLookAndFeel$FontActiveValue
Event: 0,342 loading class javax/swing/plaf/metal/MetalLookAndFeel$FontActiveValue done
Event: 0,347 loading class sun/swing/SwingUtilities2$AATextInfo
Event: 0,347 loading class sun/swing/SwingUtilities2$AATextInfo done
Event: 0,347 loading class sun/awt/HeadlessToolkit
Event: 0,347 loading class sun/awt/HeadlessToolkit done


Dynamic libraries:
00400000-00401000 r-xp 00000000 08:15 12855452                           /usr/lib/jvm/java-8-oracle/bin/java
00600000-00601000 rw-p 00000000 08:15 12855452                           /usr/lib/jvm/java-8-oracle/bin/java
00f01000-00f22000 rw-p 00000000 00:00 0                                  [heap]
84e00000-8a100000 rw-p 00000000 00:00 0 
8a100000-d6f80000 ---p 00000000 00:00 0 
d6f80000-d9880000 rw-p 00000000 00:00 0 
d9880000-100000000 ---p 00000000 00:00 0 
100000000-100100000 rw-p 00000000 00:00 0 
100100000-140000000 ---p 00000000 00:00 0 
7f88b0000000-7f88b0021000 rw-p 00000000 00:00 0 
7f88b0021000-7f88b4000000 ---p 00000000 00:00 0 
7f88b4000000-7f88b4021000 rw-p 00000000 00:00 0 
7f88b4021000-7f88b8000000 ---p 00000000 00:00 0 
7f88b8000000-7f88b817f000 rw-p 00000000 00:00 0 
7f88b817f000-7f88bc000000 ---p 00000000 00:00 0 
7f88bd5ca000-7f88bd5cb000 r-xp 00000000 08:15 12329465                   /usr/lib/x86_64-linux-gnu/libX11-xcb.so.1.0.0
7f88bd5cb000-7f88bd7ca000 ---p 00001000 08:15 12329465                   /usr/lib/x86_64-linux-gnu/libX11-xcb.so.1.0.0
7f88bd7ca000-7f88bd7cb000 r--p 00000000 08:15 12329465                   /usr/lib/x86_64-linux-gnu/libX11-xcb.so.1.0.0
7f88bd7cb000-7f88bd7cc000 rw-p 00001000 08:15 12329465                   /usr/lib/x86_64-linux-gnu/libX11-xcb.so.1.0.0
7f88bd7cc000-7f88bd7d1000 r-xp 00000000 08:15 12329520                   /usr/lib/x86_64-linux-gnu/libXxf86vm.so.1.0.0
7f88bd7d1000-7f88bd9d0000 ---p 00005000 08:15 12329520                   /usr/lib/x86_64-linux-gnu/libXxf86vm.so.1.0.0
7f88bd9d0000-7f88bd9d1000 r--p 00004000 08:15 12329520                   /usr/lib/x86_64-linux-gnu/libXxf86vm.so.1.0.0
7f88bd9d1000-7f88bd9d2000 rw-p 00005000 08:15 12329520                   /usr/lib/x86_64-linux-gnu/libXxf86vm.so.1.0.0
7f88bd9d2000-7f88bd9d4000 r-xp 00000000 08:15 12329494                   /usr/lib/x86_64-linux-gnu/libXinerama.so.1.0.0
7f88bd9d4000-7f88bdbd3000 ---p 00002000 08:15 12329494                   /usr/lib/x86_64-linux-gnu/libXinerama.so.1.0.0
7f88bdbd3000-7f88bdbd4000 r--p 00001000 08:15 12329494                   /usr/lib/x86_64-linux-gnu/libXinerama.so.1.0.0
7f88bdbd4000-7f88bdbd5000 rw-p 00002000 08:15 12329494                   /usr/lib/x86_64-linux-gnu/libXinerama.so.1.0.0
7f88bdbd5000-7f88bdbdf000 r-xp 00000000 08:15 12329502                   /usr/lib/x86_64-linux-gnu/libXrandr.so.2.2.0
7f88bdbdf000-7f88bddde000 ---p 0000a000 08:15 12329502                   /usr/lib/x86_64-linux-gnu/libXrandr.so.2.2.0
7f88bddde000-7f88bdddf000 r--p 00009000 08:15 12329502                   /usr/lib/x86_64-linux-gnu/libXrandr.so.2.2.0
7f88bdddf000-7f88bdde0000 rw-p 0000a000 08:15 12329502                   /usr/lib/x86_64-linux-gnu/libXrandr.so.2.2.0
7f88bdde0000-7f88bddfe000 r-xp 00000000 08:15 1466952                    /tmp/lwjglnokorot/3.1.1-build-16/libglfw.so
7f88bddfe000-7f88bdffd000 ---p 0001e000 08:15 1466952                    /tmp/lwjglnokorot/3.1.1-build-16/libglfw.so
7f88bdffd000-7f88bdffe000 r--p 0001d000 08:15 1466952                    /tmp/lwjglnokorot/3.1.1-build-16/libglfw.so
7f88bdffe000-7f88bdfff000 rw-p 0001e000 08:15 1466952                    /tmp/lwjglnokorot/3.1.1-build-16/libglfw.so
7f88bdfff000-7f88be000000 rw-p 00000000 00:00 0 
7f88be000000-7f88be200000 rw-p 00000000 00:00 0 
7f88be27f000-7f88be2b8000 r-xp 00000000 08:15 1466951                    /tmp/lwjglnokorot/3.1.1-build-16/libjemalloc.so
7f88be2b8000-7f88be4b7000 ---p 00039000 08:15 1466951                    /tmp/lwjglnokorot/3.1.1-build-16/libjemalloc.so
7f88be4b7000-7f88be4ba000 r--p 00038000 08:15 1466951                    /tmp/lwjglnokorot/3.1.1-build-16/libjemalloc.so
7f88be4ba000-7f88be4bb000 rw-p 0003b000 08:15 1466951                    /tmp/lwjglnokorot/3.1.1-build-16/libjemalloc.so
7f88be4bb000-7f88be4bc000 rw-p 00000000 00:00 0 
7f88be4bc000-7f88be4bf000 ---p 00000000 00:00 0 
7f88be4bf000-7f88be5bd000 rw-p 00000000 00:00 0 
7f88be5bd000-7f88be608000 r-xp 00000000 08:15 1466950                    /tmp/lwjglnokorot/3.1.1-build-16/liblwjgl.so
7f88be608000-7f88be808000 ---p 0004b000 08:15 1466950                    /tmp/lwjglnokorot/3.1.1-build-16/liblwjgl.so
7f88be808000-7f88be809000 r--p 0004b000 08:15 1466950                    /tmp/lwjglnokorot/3.1.1-build-16/liblwjgl.so
7f88be809000-7f88be80a000 rw-p 0004c000 08:15 1466950                    /tmp/lwjglnokorot/3.1.1-build-16/liblwjgl.so
7f88be80a000-7f88be80f000 r-xp 00000000 08:15 12329486                   /usr/lib/x86_64-linux-gnu/libXfixes.so.3.1.0
7f88be80f000-7f88bea0e000 ---p 00005000 08:15 12329486                   /usr/lib/x86_64-linux-gnu/libXfixes.so.3.1.0
7f88bea0e000-7f88bea0f000 r--p 00004000 08:15 12329486                   /usr/lib/x86_64-linux-gnu/libXfixes.so.3.1.0
7f88bea0f000-7f88bea10000 rw-p 00005000 08:15 12329486                   /usr/lib/x86_64-linux-gnu/libXfixes.so.3.1.0
7f88bea10000-7f88bea19000 r-xp 00000000 08:15 12329478                   /usr/lib/x86_64-linux-gnu/libXcursor.so.1.0.2
7f88bea19000-7f88bec18000 ---p 00009000 08:15 12329478                   /usr/lib/x86_64-linux-gnu/libXcursor.so.1.0.2
7f88bec18000-7f88bec19000 r--p 00008000 08:15 12329478                   /usr/lib/x86_64-linux-gnu/libXcursor.so.1.0.2
7f88bec19000-7f88bec1a000 rw-p 00009000 08:15 12329478                   /usr/lib/x86_64-linux-gnu/libXcursor.so.1.0.2
7f88bec1a000-7f88bec1d000 ---p 00000000 00:00 0 
7f88bec1d000-7f88bf01c000 rw-p 00000000 00:00 0 
7f88bf01c000-7f88bf032000 r-xp 00000000 08:15 12980356                   /usr/lib/jvm/java-8-oracle/jre/lib/amd64/libnet.so
7f88bf032000-7f88bf232000 ---p 00016000 08:15 12980356                   /usr/lib/jvm/java-8-oracle/jre/lib/amd64/libnet.so
7f88bf232000-7f88bf233000 rw-p 00016000 08:15 12980356                   /usr/lib/jvm/java-8-oracle/jre/lib/amd64/libnet.so
7f88bf233000-7f88bf244000 r-xp 00000000 08:15 12980591                   /usr/lib/jvm/java-8-oracle/jre/lib/amd64/libnio.so
7f88bf244000-7f88bf443000 ---p 00011000 08:15 12980591                   /usr/lib/jvm/java-8-oracle/jre/lib/amd64/libnio.so
7f88bf443000-7f88bf444000 rw-p 00010000 08:15 12980591                   /usr/lib/jvm/java-8-oracle/jre/lib/amd64/libnio.so
7f88bf444000-7f88bf45a000 r-xp 00000000 08:15 7082441                    /lib/x86_64-linux-gnu/libgcc_s.so.1
7f88bf45a000-7f88bf659000 ---p 00016000 08:15 7082441                    /lib/x86_64-linux-gnu/libgcc_s.so.1
7f88bf659000-7f88bf65a000 rw-p 00015000 08:15 7082441                    /lib/x86_64-linux-gnu/libgcc_s.so.1
7f88bf65a000-7f88bf6bf000 r-xp 00000000 08:15 12980585                   /usr/lib/jvm/java-8-oracle/jre/lib/amd64/libfontmanager.so
7f88bf6bf000-7f88bf8be000 ---p 00065000 08:15 12980585                   /usr/lib/jvm/java-8-oracle/jre/lib/amd64/libfontmanager.so
7f88bf8be000-7f88bf8c3000 rw-p 00064000 08:15 12980585                   /usr/lib/jvm/java-8-oracle/jre/lib/amd64/libfontmanager.so
7f88bf8c3000-7f88bf8d3000 rw-p 00000000 00:00 0 
7f88bf8d3000-7f88bf8d6000 ---p 00000000 00:00 0 
7f88bf8d6000-7f88bf9d4000 rw-p 00000000 00:00 0 
7f88bf9d4000-7f88bf9d9000 r-xp 00000000 08:15 12329482                   /usr/lib/x86_64-linux-gnu/libXdmcp.so.6.0.0
7f88bf9d9000-7f88bfbd8000 ---p 00005000 08:15 12329482                   /usr/lib/x86_64-linux-gnu/libXdmcp.so.6.0.0
7f88bfbd8000-7f88bfbd9000 r--p 00004000 08:15 12329482                   /usr/lib/x86_64-linux-gnu/libXdmcp.so.6.0.0
7f88bfbd9000-7f88bfbda000 rw-p 00005000 08:15 12329482                   /usr/lib/x86_64-linux-gnu/libXdmcp.so.6.0.0
7f88bfbda000-7f88bfbdc000 r-xp 00000000 08:15 12329471                   /usr/lib/x86_64-linux-gnu/libXau.so.6.0.0
7f88bfbdc000-7f88bfddc000 ---p 00002000 08:15 12329471                   /usr/lib/x86_64-linux-gnu/libXau.so.6.0.0
7f88bfddc000-7f88bfddd000 r--p 00002000 08:15 12329471                   /usr/lib/x86_64-linux-gnu/libXau.so.6.0.0
7f88bfddd000-7f88bfdde000 rw-p 00003000 08:15 12329471                   /usr/lib/x86_64-linux-gnu/libXau.so.6.0.0
7f88bfdde000-7f88bfdff000 r-xp 00000000 08:15 12330820                   /usr/lib/x86_64-linux-gnu/libxcb.so.1.1.0
7f88bfdff000-7f88bfffe000 ---p 00021000 08:15 12330820                   /usr/lib/x86_64-linux-gnu/libxcb.so.1.1.0
7f88bfffe000-7f88bffff000 r--p 00020000 08:15 12330820                   /usr/lib/x86_64-linux-gnu/libxcb.so.1.1.0
7f88bffff000-7f88c0000000 rw-p 00021000 08:15 12330820                   /usr/lib/x86_64-linux-gnu/libxcb.so.1.1.0
7f88c0000000-7f88c0021000 rw-p 00000000 00:00 0 
7f88c0021000-7f88c4000000 ---p 00000000 00:00 0 
7f88c4000000-7f88c4021000 rw-p 00000000 00:00 0 
7f88c4021000-7f88c8000000 ---p 00000000 00:00 0 
7f88c8000000-7f88c815e000 rw-p 00000000 00:00 0 
7f88c815e000-7f88cc000000 ---p 00000000 00:00 0 
7f88cc000000-7f88cc15d000 rw-p 00000000 00:00 0 
7f88cc15d000-7f88d0000000 ---p 00000000 00:00 0 
7f88d0000000-7f88d0021000 rw-p 00000000 00:00 0 
7f88d0021000-7f88d4000000 ---p 00000000 00:00 0 
7f88d4000000-7f88d404c000 rw-p 00000000 00:00 0 
7f88d404c000-7f88d8000000 ---p 00000000 00:00 0 
7f88d8000000-7f88d8021000 rw-p 00000000 00:00 0 
7f88d8021000-7f88dc000000 ---p 00000000 00:00 0 
7f88dc000000-7f88dc021000 rw-p 00000000 00:00 0 
7f88dc021000-7f88e0000000 ---p 00000000 00:00 0 
7f88e0000000-7f88e0021000 rw-p 00000000 00:00 0 
7f88e0021000-7f88e4000000 ---p 00000000 00:00 0 
7f88e4000000-7f88e4021000 rw-p 00000000 00:00 0 
7f88e4021000-7f88e8000000 ---p 00000000 00:00 0 
7f88e8000000-7f88e8021000 rw-p 00000000 00:00 0 
7f88e8021000-7f88ec000000 ---p 00000000 00:00 0 
7f88ec000000-7f88ec021000 rw-p 00000000 00:00 0 
7f88ec021000-7f88f0000000 ---p 00000000 00:00 0 
7f88f0000000-7f88f0021000 rw-p 00000000 00:00 0 
7f88f0021000-7f88f4000000 ---p 00000000 00:00 0 
7f88f4032000-7f88f403b000 r--s 000a6000 08:15 13654825                   /home/nokorot/Workspace/Java/PS/PS 3.0.0/LWJGL3/lwjgl-vulkan.jar
7f88f403b000-7f88f404a000 r-xp 00000000 08:15 12329492                   /usr/lib/x86_64-linux-gnu/libXi.so.6.1.0
7f88f404a000-7f88f4249000 ---p 0000f000 08:15 12329492                   /usr/lib/x86_64-linux-gnu/libXi.so.6.1.0
7f88f4249000-7f88f424a000 r--p 0000e000 08:15 12329492                   /usr/lib/x86_64-linux-gnu/libXi.so.6.1.0
7f88f424a000-7f88f424b000 rw-p 0000f000 08:15 12329492                   /usr/lib/x86_64-linux-gnu/libXi.so.6.1.0
7f88f424b000-7f88f4250000 r-xp 00000000 08:15 12329510                   /usr/lib/x86_64-linux-gnu/libXtst.so.6.1.0
7f88f4250000-7f88f444f000 ---p 00005000 08:15 12329510                   /usr/lib/x86_64-linux-gnu/libXtst.so.6.1.0
7f88f444f000-7f88f4450000 r--p 00004000 08:15 12329510                   /usr/lib/x86_64-linux-gnu/libXtst.so.6.1.0
7f88f4450000-7f88f4451000 rw-p 00005000 08:15 12329510                   /usr/lib/x86_64-linux-gnu/libXtst.so.6.1.0
7f88f4451000-7f88f445a000 r-xp 00000000 08:15 12329504                   /usr/lib/x86_64-linux-gnu/libXrender.so.1.3.0
7f88f445a000-7f88f4659000 ---p 00009000 08:15 12329504                   /usr/lib/x86_64-linux-gnu/libXrender.so.1.3.0
7f88f4659000-7f88f465a000 r--p 00008000 08:15 12329504                   /usr/lib/x86_64-linux-gnu/libXrender.so.1.3.0
7f88f465a000-7f88f465b000 rw-p 00009000 08:15 12329504                   /usr/lib/x86_64-linux-gnu/libXrender.so.1.3.0
7f88f465b000-7f88f4790000 r-xp 00000000 08:15 12329467                   /usr/lib/x86_64-linux-gnu/libX11.so.6.3.0
7f88f4790000-7f88f4990000 ---p 00135000 08:15 12329467                   /usr/lib/x86_64-linux-gnu/libX11.so.6.3.0
7f88f4990000-7f88f4991000 r--p 00135000 08:15 12329467                   /usr/lib/x86_64-linux-gnu/libX11.so.6.3.0
7f88f4991000-7f88f4995000 rw-p 00136000 08:15 12329467                   /usr/lib/x86_64-linux-gnu/libX11.so.6.3.0
7f88f4995000-7f88f49a6000 r-xp 00000000 08:15 12329484                   /usr/lib/x86_64-linux-gnu/libXext.so.6.4.0
7f88f49a6000-7f88f4ba5000 ---p 00011000 08:15 12329484                   /usr/lib/x86_64-linux-gnu/libXext.so.6.4.0
7f88f4ba5000-7f88f4ba6000 r--p 00010000 08:15 12329484                   /usr/lib/x86_64-linux-gnu/libXext.so.6.4.0
7f88f4ba6000-7f88f4ba7000 rw-p 00011000 08:15 12329484                   /usr/lib/x86_64-linux-gnu/libXext.so.6.4.0
7f88f4baa000-7f88f4bab000 rwxp 00000000 00:00 0 
7f88f4bab000-7f88f4bac000 r--s 00004000 08:15 13654818                   /home/nokorot/Workspace/Java/PS/PS 3.0.0/LWJGL3/lwjgl-xxhash.jar
7f88f4bac000-7f88f4bad000 r--s 00001000 08:15 13654817                   /home/nokorot/Workspace/Java/PS/PS 3.0.0/LWJGL3/lwjgl-xxhash-natives-linux.jar
7f88f4bad000-7f88f4bb2000 r--s 000ac000 08:15 13654824                   /home/nokorot/Workspace/Java/PS/PS 3.0.0/LWJGL3/lwjgl-vulkan-sources.jar
7f88f4bb2000-7f88f4bb3000 r--s 00001000 08:15 13654813                   /home/nokorot/Workspace/Java/PS/PS 3.0.0/LWJGL3/lwjgl-tinyfd.jar
7f88f4bb3000-7f88f4bb4000 r--s 00007000 08:15 13654815                   /home/nokorot/Workspace/Java/PS/PS 3.0.0/LWJGL3/lwjgl-tinyfd-natives-linux.jar
7f88f4bb4000-7f88f4bb7000 r--s 00012000 08:15 13654809                   /home/nokorot/Workspace/Java/PS/PS 3.0.0/LWJGL3/lwjgl-stb.jar
7f88f4bb7000-7f88f4bb8000 r--s 0002c000 08:15 13654808                   /home/nokorot/Workspace/Java/PS/PS 3.0.0/LWJGL3/lwjgl-stb-natives-linux.jar
7f88f4bb8000-7f88f4bb9000 r--s 00000000 08:15 13654803                   /home/nokorot/Workspace/Java/PS/PS 3.0.0/LWJGL3/lwjgl-sse.jar
7f88f4bb9000-7f88f4bba000 r--s 00000000 08:15 13654802                   /home/nokorot/Workspace/Java/PS/PS 3.0.0/LWJGL3/lwjgl-sse-natives-linux.jar
7f88f4bba000-7f88f4bbc000 r--s 00058000 08:15 13654804                   /home/nokorot/Workspace/Java/PS/PS 3.0.0/LWJGL3/lwjgl-sse-javadoc.jar
7f88f4bbc000-7f88f4bbe000 r--s 00001000 08:15 13654799                   /home/nokorot/Workspace/Java/PS/PS 3.0.0/LWJGL3/lwjgl-par.jar
7f88f4bbe000-7f88f4bbf000 r--s 00005000 08:15 13654795                   /home/nokorot/Workspace/Java/PS/PS 3.0.0/LWJGL3/lwjgl-par-natives-linux.jar
7f88f4bbf000-7f88f4bc5000 r--s 00048000 08:15 13654794                   /home/nokorot/Workspace/Java/PS/PS 3.0.0/LWJGL3/lwjgl-opengles.jar
7f88f4bc5000-7f88f4bce000 r--s 000ba000 08:15 13654797                   /home/nokorot/Workspace/Java/PS/PS 3.0.0/LWJGL3/lwjgl-opengl.jar
7f88f4bce000-7f88f4bd1000 r--s 00023000 08:15 13654790                   /home/nokorot/Workspace/Java/PS/PS 3.0.0/LWJGL3/lwjgl-opencl.jar
7f88f4bd1000-7f88f4c25000 r-xp 00000000 08:15 12980593                   /usr/lib/jvm/java-8-oracle/jre/lib/amd64/libawt_xawt.so
7f88f4c25000-7f88f4e25000 ---p 00054000 08:15 12980593                   /usr/lib/jvm/java-8-oracle/jre/lib/amd64/libawt_xawt.so
7f88f4e25000-7f88f4e29000 rw-p 00054000 08:15 12980593                   /usr/lib/jvm/java-8-oracle/jre/lib/amd64/libawt_xawt.so
7f88f4e29000-7f88f4e2a000 rw-p 00000000 00:00 0 
7f88f4e2a000-7f88f4ecc000 r-xp 00000000 08:15 12980626                   /usr/lib/jvm/java-8-oracle/jre/lib/amd64/libawt.so
7f88f4ecc000-7f88f50cc000 ---p 000a2000 08:15 12980626                   /usr/lib/jvm/java-8-oracle/jre/lib/amd64/libawt.so
7f88f50cc000-7f88f50d8000 rw-p 000a2000 08:15 12980626                   /usr/lib/jvm/java-8-oracle/jre/lib/amd64/libawt.so
7f88f50d8000-7f88f50fc000 rw-p 00000000 00:00 0 
7f88f50fc000-7f88f50fd000 ---p 00000000 00:00 0 
7f88f50fd000-7f88f51fd000 rw-p 00000000 00:00 0 
7f88f51fd000-7f88f5200000 ---p 00000000 00:00 0 
7f88f5200000-7f88f52fe000 rw-p 00000000 00:00 0 
7f88f52fe000-7f88f5301000 ---p 00000000 00:00 0 
7f88f5301000-7f88f53ff000 rw-p 00000000 00:00 0 
7f88f53ff000-7f88f5402000 ---p 00000000 00:00 0 
7f88f5402000-7f88f5500000 rw-p 00000000 00:00 0 
7f88f5500000-7f88f5503000 ---p 00000000 00:00 0 
7f88f5503000-7f88f5601000 rw-p 00000000 00:00 0 
7f88f5601000-7f88f5604000 ---p 00000000 00:00 0 
7f88f5604000-7f88f5702000 rw-p 00000000 00:00 0 
7f88f5702000-7f88f5b59000 r--p 00000000 08:15 12322328                   /usr/lib/locale/locale-archive
7f88f5b59000-7f88f5b5c000 ---p 00000000 00:00 0 
7f88f5b5c000-7f88f5c5a000 rw-p 00000000 00:00 0 
7f88f5c5a000-7f88f5c5d000 ---p 00000000 00:00 0 
7f88f5c5d000-7f88f5d5b000 rw-p 00000000 00:00 0 
7f88f5d5b000-7f88f5d5c000 ---p 00000000 00:00 0 
7f88f5d5c000-7f88f6e3e000 rw-p 00000000 00:00 0 
7f88f6e3e000-7f88f7016000 r--s 03d2a000 08:15 12855517                   /usr/lib/jvm/java-8-oracle/jre/lib/rt.jar
7f88f7016000-7f88f7796000 rw-p 00000000 00:00 0 
7f88f7796000-7f88f7816000 ---p 00000000 00:00 0 
7f88f7816000-7f88fb97f000 rw-p 00000000 00:00 0 
7f88fb97f000-7f88fb980000 ---p 00000000 00:00 0 
7f88fb980000-7f88fba80000 rw-p 00000000 00:00 0 
7f88fba80000-7f88fba81000 ---p 00000000 00:00 0 
7f88fba81000-7f88fbb81000 rw-p 00000000 00:00 0 
7f88fbb81000-7f88fbb82000 ---p 00000000 00:00 0 
7f88fbb82000-7f88fbc82000 rw-p 00000000 00:00 0 
7f88fbc82000-7f88fbc83000 ---p 00000000 00:00 0 
7f88fbc83000-7f88fbdad000 rw-p 00000000 00:00 0 
7f88fbdad000-7f88fc014000 ---p 00000000 00:00 0 
7f88fc014000-7f88fc03e000 rw-p 00000000 00:00 0 
7f88fc03e000-7f88fc2a4000 ---p 00000000 00:00 0 
7f88fc2a4000-7f88fc2ba000 rw-p 00000000 00:00 0 
7f88fc2ba000-7f88fc3ed000 ---p 00000000 00:00 0 
7f88fc3ed000-7f88fc3f8000 rw-p 00000000 00:00 0 
7f88fc3f8000-7f88fc7ae000 ---p 00000000 00:00 0 
7f88fc7ae000-7f88fca1e000 rwxp 00000000 00:00 0 
7f88fca1e000-7f890b7ae000 ---p 00000000 00:00 0 
7f890b7ae000-7f890b7c8000 r-xp 00000000 08:15 12980589                   /usr/lib/jvm/java-8-oracle/jre/lib/amd64/libzip.so
7f890b7c8000-7f890b9c8000 ---p 0001a000 08:15 12980589                   /usr/lib/jvm/java-8-oracle/jre/lib/amd64/libzip.so
7f890b9c8000-7f890b9c9000 rw-p 0001a000 08:15 12980589                   /usr/lib/jvm/java-8-oracle/jre/lib/amd64/libzip.so
7f890b9c9000-7f890b9d4000 r-xp 00000000 08:15 7082071                    /lib/x86_64-linux-gnu/libnss_files-2.23.so
7f890b9d4000-7f890bbd3000 ---p 0000b000 08:15 7082071                    /lib/x86_64-linux-gnu/libnss_files-2.23.so
7f890bbd3000-7f890bbd4000 r--p 0000a000 08:15 7082071                    /lib/x86_64-linux-gnu/libnss_files-2.23.so
7f890bbd4000-7f890bbd5000 rw-p 0000b000 08:15 7082071                    /lib/x86_64-linux-gnu/libnss_files-2.23.so
7f890bbd5000-7f890bbdb000 rw-p 00000000 00:00 0 
7f890bbdb000-7f890bbe6000 r-xp 00000000 08:15 7082047                    /lib/x86_64-linux-gnu/libnss_nis-2.23.so
7f890bbe6000-7f890bde5000 ---p 0000b000 08:15 7082047                    /lib/x86_64-linux-gnu/libnss_nis-2.23.so
7f890bde5000-7f890bde6000 r--p 0000a000 08:15 7082047                    /lib/x86_64-linux-gnu/libnss_nis-2.23.so
7f890bde6000-7f890bde7000 rw-p 0000b000 08:15 7082047                    /lib/x86_64-linux-gnu/libnss_nis-2.23.so
7f890bde7000-7f890bdfd000 r-xp 00000000 08:15 7082063                    /lib/x86_64-linux-gnu/libnsl-2.23.so
7f890bdfd000-7f890bffc000 ---p 00016000 08:15 7082063                    /lib/x86_64-linux-gnu/libnsl-2.23.so
7f890bffc000-7f890bffd000 r--p 00015000 08:15 7082063                    /lib/x86_64-linux-gnu/libnsl-2.23.so
7f890bffd000-7f890bffe000 rw-p 00016000 08:15 7082063                    /lib/x86_64-linux-gnu/libnsl-2.23.so
7f890bffe000-7f890c000000 rw-p 00000000 00:00 0 
7f890c000000-7f890c49c000 rw-p 00000000 00:00 0 
7f890c49c000-7f8910000000 ---p 00000000 00:00 0 
7f8910000000-7f8910001000 r--s 00007000 08:15 13654792                   /home/nokorot/Workspace/Java/PS/PS 3.0.0/LWJGL3/lwjgl-opengles-natives-linux.jar
7f8910001000-7f8910002000 r--s 00015000 08:15 13654789                   /home/nokorot/Workspace/Java/PS/PS 3.0.0/LWJGL3/lwjgl-opengl-natives-linux.jar
7f8910002000-7f8910004000 r--s 00010000 08:15 13654776                   /home/nokorot/Workspace/Java/PS/PS 3.0.0/LWJGL3/lwjgl-openal.jar
7f8910004000-7f8910005000 r--s 0004a000 08:15 13654787                   /home/nokorot/Workspace/Java/PS/PS 3.0.0/LWJGL3/lwjgl-openal-natives-linux.jar
7f8910005000-7f891000a000 r--s 00054000 08:15 13654782                   /home/nokorot/Workspace/Java/PS/PS 3.0.0/LWJGL3/lwjgl-nuklear.jar
7f891000a000-7f891000b000 r--s 0001f000 08:15 13654772                   /home/nokorot/Workspace/Java/PS/PS 3.0.0/LWJGL3/lwjgl-nuklear-natives-linux.jar
7f891000b000-7f891000c000 r--s 00001000 08:15 13654766                   /home/nokorot/Workspace/Java/PS/PS 3.0.0/LWJGL3/lwjgl-nfd.jar
7f891000c000-7f891000d000 r--s 00001000 08:15 13654764                   /home/nokorot/Workspace/Java/PS/PS 3.0.0/LWJGL3/lwjgl-nfd-natives-linux.jar
7f891000d000-7f891000e000 r--s 00011000 08:15 13654822                   /home/nokorot/Workspace/Java/PS/PS 3.0.0/LWJGL3/lwjgl-natives-linux.jar
7f891000e000-7f8910010000 r--s 00008000 08:15 13654756                   /home/nokorot/Workspace/Java/PS/PS 3.0.0/LWJGL3/lwjgl-nanovg.jar
7f8910010000-7f8910086000 rw-p 00000000 00:00 0 
7f8910086000-7f891008e000 r-xp 00000000 08:15 7082065                    /lib/x86_64-linux-gnu/libnss_compat-2.23.so
7f891008e000-7f891028d000 ---p 00008000 08:15 7082065                    /lib/x86_64-linux-gnu/libnss_compat-2.23.so
7f891028d000-7f891028e000 r--p 00007000 08:15 7082065                    /lib/x86_64-linux-gnu/libnss_compat-2.23.so
7f891028e000-7f891028f000 rw-p 00008000 08:15 7082065                    /lib/x86_64-linux-gnu/libnss_compat-2.23.so
7f891028f000-7f89102ba000 r-xp 00000000 08:15 12980616                   /usr/lib/jvm/java-8-oracle/jre/lib/amd64/libjava.so
7f89102ba000-7f89104b9000 ---p 0002b000 08:15 12980616                   /usr/lib/jvm/java-8-oracle/jre/lib/amd64/libjava.so
7f89104b9000-7f89104bb000 rw-p 0002a000 08:15 12980616                   /usr/lib/jvm/java-8-oracle/jre/lib/amd64/libjava.so
7f89104bb000-7f89104c8000 r-xp 00000000 08:15 12980358                   /usr/lib/jvm/java-8-oracle/jre/lib/amd64/libverify.so
7f89104c8000-7f89106c7000 ---p 0000d000 08:15 12980358                   /usr/lib/jvm/java-8-oracle/jre/lib/amd64/libverify.so
7f89106c7000-7f89106c9000 rw-p 0000c000 08:15 12980358                   /usr/lib/jvm/java-8-oracle/jre/lib/amd64/libverify.so
7f89106c9000-7f89106d0000 r-xp 00000000 08:15 7082046                    /lib/x86_64-linux-gnu/librt-2.23.so
7f89106d0000-7f89108cf000 ---p 00007000 08:15 7082046                    /lib/x86_64-linux-gnu/librt-2.23.so
7f89108cf000-7f89108d0000 r--p 00006000 08:15 7082046                    /lib/x86_64-linux-gnu/librt-2.23.so
7f89108d0000-7f89108d1000 rw-p 00007000 08:15 7082046                    /lib/x86_64-linux-gnu/librt-2.23.so
7f89108d1000-7f89109d9000 r-xp 00000000 08:15 7082058                    /lib/x86_64-linux-gnu/libm-2.23.so
7f89109d9000-7f8910bd8000 ---p 00108000 08:15 7082058                    /lib/x86_64-linux-gnu/libm-2.23.so
7f8910bd8000-7f8910bd9000 r--p 00107000 08:15 7082058                    /lib/x86_64-linux-gnu/libm-2.23.so
7f8910bd9000-7f8910bda000 rw-p 00108000 08:15 7082058                    /lib/x86_64-linux-gnu/libm-2.23.so
7f8910bda000-7f89118a7000 r-xp 00000000 08:15 12980620                   /usr/lib/jvm/java-8-oracle/jre/lib/amd64/server/libjvm.so
7f89118a7000-7f8911aa6000 ---p 00ccd000 08:15 12980620                   /usr/lib/jvm/java-8-oracle/jre/lib/amd64/server/libjvm.so
7f8911aa6000-7f8911b7f000 rw-p 00ccc000 08:15 12980620                   /usr/lib/jvm/java-8-oracle/jre/lib/amd64/server/libjvm.so
7f8911b7f000-7f8911bca000 rw-p 00000000 00:00 0 
7f8911bca000-7f8911d89000 r-xp 00000000 08:15 7082051                    /lib/x86_64-linux-gnu/libc-2.23.so
7f8911d89000-7f8911f89000 ---p 001bf000 08:15 7082051                    /lib/x86_64-linux-gnu/libc-2.23.so
7f8911f89000-7f8911f8d000 r--p 001bf000 08:15 7082051                    /lib/x86_64-linux-gnu/libc-2.23.so
7f8911f8d000-7f8911f8f000 rw-p 001c3000 08:15 7082051                    /lib/x86_64-linux-gnu/libc-2.23.so
7f8911f8f000-7f8911f93000 rw-p 00000000 00:00 0 
7f8911f93000-7f8911f96000 r-xp 00000000 08:15 7082050                    /lib/x86_64-linux-gnu/libdl-2.23.so
7f8911f96000-7f8912195000 ---p 00003000 08:15 7082050                    /lib/x86_64-linux-gnu/libdl-2.23.so
7f8912195000-7f8912196000 r--p 00002000 08:15 7082050                    /lib/x86_64-linux-gnu/libdl-2.23.so
7f8912196000-7f8912197000 rw-p 00003000 08:15 7082050                    /lib/x86_64-linux-gnu/libdl-2.23.so
7f8912197000-7f89121ac000 r-xp 00000000 08:15 12585246                   /usr/lib/jvm/java-8-oracle/lib/amd64/jli/libjli.so
7f89121ac000-7f89123ac000 ---p 00015000 08:15 12585246                   /usr/lib/jvm/java-8-oracle/lib/amd64/jli/libjli.so
7f89123ac000-7f89123ad000 rw-p 00015000 08:15 12585246                   /usr/lib/jvm/java-8-oracle/lib/amd64/jli/libjli.so
7f89123ad000-7f89123c5000 r-xp 00000000 08:15 7082059                    /lib/x86_64-linux-gnu/libpthread-2.23.so
7f89123c5000-7f89125c4000 ---p 00018000 08:15 7082059                    /lib/x86_64-linux-gnu/libpthread-2.23.so
7f89125c4000-7f89125c5000 r--p 00017000 08:15 7082059                    /lib/x86_64-linux-gnu/libpthread-2.23.so
7f89125c5000-7f89125c6000 rw-p 00018000 08:15 7082059                    /lib/x86_64-linux-gnu/libpthread-2.23.so
7f89125c6000-7f89125ca000 rw-p 00000000 00:00 0 
7f89125ca000-7f89125f0000 r-xp 00000000 08:15 7082039                    /lib/x86_64-linux-gnu/ld-2.23.so
7f89125f0000-7f89125f1000 r--s 0001f000 08:15 13654762                   /home/nokorot/Workspace/Java/PS/PS 3.0.0/LWJGL3/lwjgl-nanovg-natives-linux.jar
7f89125f1000-7f89125f3000 r--s 00005000 08:15 13654746                   /home/nokorot/Workspace/Java/PS/PS 3.0.0/LWJGL3/lwjgl-lmdb.jar
7f89125f3000-7f89126be000 rw-p 00000000 00:00 0 
7f89126be000-7f89126c1000 ---p 00000000 00:00 0 
7f89126c1000-7f89127c3000 rw-p 00000000 00:00 0 
7f89127c3000-7f89127c4000 r--s 0000d000 08:15 13654750                   /home/nokorot/Workspace/Java/PS/PS 3.0.0/LWJGL3/lwjgl-lmdb-natives-linux.jar
7f89127c4000-7f89127c6000 r--s 00007000 08:15 13654736                   /home/nokorot/Workspace/Java/PS/PS 3.0.0/LWJGL3/lwjgl-jemalloc.jar
7f89127c6000-7f89127c7000 r--s 00019000 08:15 13654734                   /home/nokorot/Workspace/Java/PS/PS 3.0.0/LWJGL3/lwjgl-jemalloc-natives-linux.jar
7f89127c7000-7f89127c8000 r--s 00005000 08:15 13654724                   /home/nokorot/Workspace/Java/PS/PS 3.0.0/LWJGL3/lwjgl-jawt.jar
7f89127c8000-7f89127ca000 r--s 00066000 08:15 13654732                   /home/nokorot/Workspace/Java/PS/PS 3.0.0/LWJGL3/lwjgl-jawt-javadoc.jar
7f89127ca000-7f89127cd000 r--s 00015000 08:15 13654722                   /home/nokorot/Workspace/Java/PS/PS 3.0.0/LWJGL3/lwjgl-glfw.jar
7f89127cd000-7f89127ce000 r--s 0000e000 08:15 13654716                   /home/nokorot/Workspace/Java/PS/PS 3.0.0/LWJGL3/lwjgl-glfw-natives-linux.jar
7f89127ce000-7f89127d2000 r--s 0001b000 08:15 13654708                   /home/nokorot/Workspace/Java/PS/PS 3.0.0/LWJGL3/lwjgl-egl.jar
7f89127d2000-7f89127d6000 r--s 0001e000 08:15 13654712                   /home/nokorot/Workspace/Java/PS/PS 3.0.0/LWJGL3/lwjgl-egl-sources.jar
7f89127d6000-7f89127d9000 r--s 0001f000 08:15 13654702                   /home/nokorot/Workspace/Java/PS/PS 3.0.0/LWJGL3/lwjgl-bgfx.jar
7f89127d9000-7f89127da000 r--s 00042000 08:15 13654704                   /home/nokorot/Workspace/Java/PS/PS 3.0.0/LWJGL3/lwjgl-bgfx-natives-linux.jar
7f89127da000-7f89127de000 r--s 0002a000 08:15 13654692                   /home/nokorot/Workspace/Java/PS/PS 3.0.0/LWJGL3/lwjgl-assimp.jar
7f89127de000-7f89127df000 r--s 002ae000 08:15 13654740                   /home/nokorot/Workspace/Java/PS/PS 3.0.0/LWJGL3/lwjgl-assimp-natives-linux.jar
7f89127df000-7f89127e3000 r--s 0003d000 08:15 13654827                   /home/nokorot/Workspace/Java/PS/PS 3.0.0/LWJGL3/lwjgl.jar
7f89127e3000-7f89127eb000 rw-s 00000000 08:15 1325741                    /tmp/hsperfdata_nokorot/29164
7f89127eb000-7f89127ec000 rw-p 00000000 00:00 0 
7f89127ec000-7f89127ed000 r--p 00000000 00:00 0 
7f89127ed000-7f89127ef000 rw-p 00000000 00:00 0 
7f89127ef000-7f89127f0000 r--p 00025000 08:15 7082039                    /lib/x86_64-linux-gnu/ld-2.23.so
7f89127f0000-7f89127f1000 rw-p 00026000 08:15 7082039                    /lib/x86_64-linux-gnu/ld-2.23.so
7f89127f1000-7f89127f2000 rw-p 00000000 00:00 0 
7ffc04f55000-7ffc04f77000 rw-p 00000000 00:00 0                          [stack]
7ffc04f9f000-7ffc04fa1000 r--p 00000000 00:00 0                          [vvar]
7ffc04fa1000-7ffc04fa3000 r-xp 00000000 00:00 0                          [vdso]
ffffffffff600000-ffffffffff601000 r-xp 00000000 00:00 0                  [vsyscall]

VM Arguments:
jvm_args: -Djava.library.path=/home/noko/workspace/Java/Test/Test/LWJGL3 -Dfile.encoding=UTF-8 
java_command: engineTest.Main
java_class_path (initial): /home/nokorot/Workspace/Java/PS/PS 3.0.0/bin:/home/nokorot/Workspace/Java/PS/PS 3.0.0/LWJGL3/lwjgl.jar:/home/nokorot/Workspace/Java/PS/PS 3.0.0/LWJGL3/lwjgl-assimp-natives-linux.jar:/home/nokorot/Workspace/Java/PS/PS 3.0.0/LWJGL3/lwjgl-assimp.jar:/home/nokorot/Workspace/Java/PS/PS 3.0.0/LWJGL3/lwjgl-bgfx-natives-linux.jar:/home/nokorot/Workspace/Java/PS/PS 3.0.0/LWJGL3/lwjgl-bgfx.jar:/home/nokorot/Workspace/Java/PS/PS 3.0.0/LWJGL3/lwjgl-egl-sources.jar:/home/nokorot/Workspace/Java/PS/PS 3.0.0/LWJGL3/lwjgl-egl.jar:/home/nokorot/Workspace/Java/PS/PS 3.0.0/LWJGL3/lwjgl-glfw-natives-linux.jar:/home/nokorot/Workspace/Java/PS/PS 3.0.0/LWJGL3/lwjgl-glfw.jar:/home/nokorot/Workspace/Java/PS/PS 3.0.0/LWJGL3/lwjgl-jawt-javadoc.jar:/home/nokorot/Workspace/Java/PS/PS 3.0.0/LWJGL3/lwjgl-jawt.jar:/home/nokorot/Workspace/Java/PS/PS 3.0.0/LWJGL3/lwjgl-jemalloc-natives-linux.jar:/home/nokorot/Workspace/Java/PS/PS 3.0.0/LWJGL3/lwjgl-jemalloc.jar:/home/nokorot/Workspace/Java/PS/PS 3.0.0/LWJGL3/lwjgl-lmdb-natives-linux.jar:/home/nokorot/Workspace/Java/PS/PS 3.0.0/LWJGL3/lwjgl-lmdb.jar:/home/nokorot/Workspace/Java/PS/PS 3.0.0/LWJGL3/lwjgl-nanovg-natives-linux.jar:/home/nokorot/Workspace/Java/PS/PS 3.0.0/LWJGL3/lwjgl-nanovg.jar:/home/nokorot/Workspace/Java/PS/PS 3.0.0/LWJGL3/lwjgl-natives-linux.jar:/home/nokorot/Workspace/Java/PS/PS 3.0.0/LWJGL3/lwjgl-nfd-natives-linux.jar:/home/nokorot/Workspace/Java/PS/PS 3.0.0/LWJGL3/lwjgl-nfd.jar:/home/nokorot/Workspace/Java/PS/PS 3.0.0/LWJGL3/lwjgl-nuklear-natives-linux.jar:/home/nokorot/Workspace/Java/PS/PS 3.0.0/LWJGL3/lwjgl-nuklear.jar:/home/nokorot/Workspace/Java/PS/PS 3.0.0/LWJGL3/lwjgl-openal-natives-linux.jar:/home/nokorot/Workspace/Java/PS/PS 3.0.0/LWJGL3/lwjgl-openal.jar:/home/nokorot/Workspace/Java/PS/PS 3.0.0/LWJGL3/lwjgl-opencl.jar:/home/nokorot/Workspace/Java/PS/PS 3.0.0/LWJGL3/lwjgl-opengl-natives-linux.jar:/home/nokorot/Workspace/Java/PS/PS 3.0.0/LWJGL3/lwjgl-opengl.jar:/home/nokorot/Workspace/Java/PS/PS 3.
Launcher Type: SUN_STANDARD

Environment Variables:
JAVA_HOME=/usr/lib/jvm/java-8-oracle
PATH=/home/nokorot/.cabal/bin:/opt/cabal/1.22/bin:/opt/ghc/7.10.3/bin:/home/nokorot/.bin:/home/nokorot/bin:/home/nokorot/.local/bin:/usr/local/sbin:/usr/local/bin:/usr/sbin:/usr/bin:/sbin:/bin:/usr/games:/usr/local/games:/snap/bin:/usr/lib/jvm/java-8-oracle/bin:/usr/lib/jvm/java-8-oracle/db/bin:/usr/lib/jvm/java-8-oracle/jre/bin
USERNAME=nokorot
SHELL=/bin/bash
DISPLAY=:1

Signal Handlers:
SIGSEGV: [libjvm.so+0xac64b0], sa_mask[0]=11111111011111111101111111111110, sa_flags=SA_RESTART|SA_SIGINFO
SIGBUS: [libjvm.so+0xac64b0], sa_mask[0]=11111111011111111101111111111110, sa_flags=SA_RESTART|SA_SIGINFO
SIGFPE: [libjvm.so+0x91f950], sa_mask[0]=11111111011111111101111111111110, sa_flags=SA_RESTART|SA_SIGINFO
SIGPIPE: [libjvm.so+0x91f950], sa_mask[0]=11111111011111111101111111111110, sa_flags=SA_RESTART|SA_SIGINFO
SIGXFSZ: [libjvm.so+0x91f950], sa_mask[0]=11111111011111111101111111111110, sa_flags=SA_RESTART|SA_SIGINFO
SIGILL: [libjvm.so+0x91f950], sa_mask[0]=11111111011111111101111111111110, sa_flags=SA_RESTART|SA_SIGINFO
SIGUSR1: SIG_DFL, sa_mask[0]=00000000000000000000000000000000, sa_flags=none
SIGUSR2: [libjvm.so+0x920f80], sa_mask[0]=00100000000000000000000000000000, sa_flags=SA_RESTART|SA_SIGINFO
SIGHUP: [libjvm.so+0x922380], sa_mask[0]=11111111011111111101111111111110, sa_flags=SA_RESTART|SA_SIGINFO
SIGINT: [libjvm.so+0x922380], sa_mask[0]=11111111011111111101111111111110, sa_flags=SA_RESTART|SA_SIGINFO
SIGTERM: [libjvm.so+0x922380], sa_mask[0]=11111111011111111101111111111110, sa_flags=SA_RESTART|SA_SIGINFO
SIGQUIT: [libjvm.so+0x922380], sa_mask[0]=11111111011111111101111111111110, sa_flags=SA_RESTART|SA_SIGINFO


---------------  S Y S T E M  ---------------

OS:DISTRIB_ID=Ubuntu
DISTRIB_RELEASE=16.04
DISTRIB_CODENAME=xenial
DISTRIB_DESCRIPTION="Ubuntu 16.04.1 LTS"

uname:Linux 4.4.0-59-generic #80-Ubuntu SMP Fri Jan 6 17:47:47 UTC 2017 x86_64
libc:glibc 2.23 NPTL 2.23 
rlimit: STACK 8192k, CORE 0k, NPROC 31349, NOFILE 65536, AS infinity
load average:0,57 0,79 0,96

/proc/meminfo:
MemTotal:        8065832 kB
MemFree:         1106468 kB
MemAvailable:    3202400 kB
Buffers:          191360 kB
Cached:          2908572 kB
SwapCached:         2404 kB
Active:          4705824 kB
Inactive:        1874348 kB
Active(anon):    3235188 kB
Inactive(anon):  1117908 kB
Active(file):    1470636 kB
Inactive(file):   756440 kB
Unevictable:         496 kB
Mlocked:             496 kB
SwapTotal:       1951740 kB
SwapFree:        1924648 kB
Dirty:               184 kB
Writeback:             0 kB
AnonPages:       3478412 kB
Mapped:           823560 kB
Shmem:            872856 kB
Slab:             222884 kB
SReclaimable:     173752 kB
SUnreclaim:        49132 kB
KernelStack:       13632 kB
PageTables:        63740 kB
NFS_Unstable:          0 kB
Bounce:                0 kB
WritebackTmp:          0 kB
CommitLimit:     5984656 kB
Committed_AS:   10775044 kB
VmallocTotal:   34359738367 kB
VmallocUsed:           0 kB
VmallocChunk:          0 kB
HardwareCorrupted:     0 kB
AnonHugePages:   1472512 kB
CmaTotal:              0 kB
CmaFree:               0 kB
HugePages_Total:       0
HugePages_Free:        0
HugePages_Rsvd:        0
HugePages_Surp:        0
Hugepagesize:       2048 kB
DirectMap4k:      255272 kB
DirectMap2M:     8024064 kB


CPU:total 4 (2 cores per cpu, 2 threads per core) family 6 model 58 stepping 9, cmov, cx8, fxsr, mmx, sse, sse2, sse3, ssse3, sse4.1, sse4.2, popcnt, avx, aes, clmul, erms, ht, tsc, tscinvbit, tscinv

/proc/cpuinfo:
processor	: 0
vendor_id	: GenuineIntel
cpu family	: 6
model		: 58
model name	: Intel(R) Core(TM) i5-3210M CPU @ 2.50GHz
stepping	: 9
microcode	: 0x15
cpu MHz		: 2900.000
cache size	: 3072 KB
physical id	: 0
siblings	: 4
core id		: 0
cpu cores	: 2
apicid		: 0
initial apicid	: 0
fpu		: yes
fpu_exception	: yes
cpuid level	: 13
wp		: yes
flags		: fpu vme de pse tsc msr pae mce cx8 apic sep mtrr pge mca cmov pat pse36 clflush dts acpi mmx fxsr sse sse2 ss ht tm pbe syscall nx rdtscp lm constant_tsc arch_perfmon pebs bts rep_good nopl xtopology nonstop_tsc aperfmperf eagerfpu pni pclmulqdq dtes64 monitor ds_cpl vmx est tm2 ssse3 cx16 xtpr pdcm pcid sse4_1 sse4_2 x2apic popcnt tsc_deadline_timer aes xsave avx f16c rdrand lahf_lm epb tpr_shadow vnmi flexpriority ept vpid fsgsbase smep erms xsaveopt dtherm ida arat pln pts
bugs		:
bogomips	: 4989.04
clflush size	: 64
cache_alignment	: 64
address sizes	: 36 bits physical, 48 bits virtual
power management:

processor	: 1
vendor_id	: GenuineIntel
cpu family	: 6
model		: 58
model name	: Intel(R) Core(TM) i5-3210M CPU @ 2.50GHz
stepping	: 9
microcode	: 0x15
cpu MHz		: 2900.000
cache size	: 3072 KB
physical id	: 0
siblings	: 4
core id		: 1
cpu cores	: 2
apicid		: 2
initial apicid	: 2
fpu		: yes
fpu_exception	: yes
cpuid level	: 13
wp		: yes
flags		: fpu vme de pse tsc msr pae mce cx8 apic sep mtrr pge mca cmov pat pse36 clflush dts acpi mmx fxsr sse sse2 ss ht tm pbe syscall nx rdtscp lm constant_tsc arch_perfmon pebs bts rep_good nopl xtopology nonstop_tsc aperfmperf eagerfpu pni pclmulqdq dtes64 monitor ds_cpl vmx est tm2 ssse3 cx16 xtpr pdcm pcid sse4_1 sse4_2 x2apic popcnt tsc_deadline_timer aes xsave avx f16c rdrand lahf_lm epb tpr_shadow vnmi flexpriority ept vpid fsgsbase smep erms xsaveopt dtherm ida arat pln pts
bugs		:
bogomips	: 4989.04
clflush size	: 64
cache_alignment	: 64
address sizes	: 36 bits physical, 48 bits virtual
power management:

processor	: 2
vendor_id	: GenuineIntel
cpu family	: 6
model		: 58
model name	: Intel(R) Core(TM) i5-3210M CPU @ 2.50GHz
stepping	: 9
microcode	: 0x15
cpu MHz		: 2899.902
cache size	: 3072 KB
physical id	: 0
siblings	: 4
core id		: 0
cpu cores	: 2
apicid		: 1
initial apicid	: 1
fpu		: yes
fpu_exception	: yes
cpuid level	: 13
wp		: yes
flags		: fpu vme de pse tsc msr pae mce cx8 apic sep mtrr pge mca cmov pat pse36 clflush dts acpi mmx fxsr sse sse2 ss ht tm pbe syscall nx rdtscp lm constant_tsc arch_perfmon pebs bts rep_good nopl xtopology nonstop_tsc aperfmperf eagerfpu pni pclmulqdq dtes64 monitor ds_cpl vmx est tm2 ssse3 cx16 xtpr pdcm pcid sse4_1 sse4_2 x2apic popcnt tsc_deadline_timer aes xsave avx f16c rdrand lahf_lm epb tpr_shadow vnmi flexpriority ept vpid fsgsbase smep erms xsaveopt dtherm ida arat pln pts
bugs		:
bogomips	: 4989.04
clflush size	: 64
cache_alignment	: 64
address sizes	: 36 bits physical, 48 bits virtual
power management:

processor	: 3
vendor_id	: GenuineIntel
cpu family	: 6
model		: 58
model name	: Intel(R) Core(TM) i5-3210M CPU @ 2.50GHz
stepping	: 9
microcode	: 0x15
cpu MHz		: 2900.000
cache size	: 3072 KB
physical id	: 0
siblings	: 4
core id		: 1
cpu cores	: 2
apicid		: 3
initial apicid	: 3
fpu		: yes
fpu_exception	: yes
cpuid level	: 13
wp		: yes
flags		: fpu vme de pse tsc msr pae mce cx8 apic sep mtrr pge mca cmov pat pse36 clflush dts acpi mmx fxsr sse sse2 ss ht tm pbe syscall nx rdtscp lm constant_tsc arch_perfmon pebs bts rep_good nopl xtopology nonstop_tsc aperfmperf eagerfpu pni pclmulqdq dtes64 monitor ds_cpl vmx est tm2 ssse3 cx16 xtpr pdcm pcid sse4_1 sse4_2 x2apic popcnt tsc_deadline_timer aes xsave avx f16c rdrand lahf_lm epb tpr_shadow vnmi flexpriority ept vpid fsgsbase smep erms xsaveopt dtherm ida arat pln pts
bugs		:
bogomips	: 4989.04
clflush size	: 64
cache_alignment	: 64
address sizes	: 36 bits physical, 48 bits virtual
power management:



Memory: 4k page, physical 8065832k(1106468k free), swap 1951740k(1924648k free)

vm_info: Java HotSpot(TM) 64-Bit Server VM (25.111-b14) for linux-amd64 JRE (1.8.0_111-b14), built on Sep 22 2016 16:14:03 by "java_re" with gcc 4.3.0 20080428 (Red Hat 4.3.0-8)

time: Sun Feb  5 00:52:16 2017
elapsed time: 0 seconds (0d 0h 0m 0s)

