#
# A fatal error has been detected by the Java Runtime Environment:
#
#  SIGSEGV (0xb) at pc=0x00007ff2a968f23c, pid=1869, tid=0x00007ff2f5bf2700
#
# JRE version: Java(TM) SE Runtime Environment (8.0_111-b14) (build 1.8.0_111-b14)
# Java VM: Java HotSpot(TM) 64-Bit Server VM (25.111-b14 mixed mode linux-amd64 compressed oops)
# Problematic frame:
# C  [liblwjgl_opengl.so+0x4d23c]  Java_org_lwjgl_opengl_GL11_nglGenTextures__IJ+0xc
#
# Failed to write core dump. Core dumps have been disabled. To enable core dumping, try "ulimit -c unlimited" before starting Java again
#
# If you would like to submit a bug report, please visit:
#   http://bugreport.java.com/bugreport/crash.jsp
# The crash happened outside the Java Virtual Machine in native code.
# See problematic frame for where to report the bug.
#

---------------  T H R E A D  ---------------

Current thread (0x00007ff2ec00e800):  JavaThread "main" [_thread_in_native, id=1875, stack(0x00007ff2f5af2000,0x00007ff2f5bf3000)]

siginfo: si_signo: 11 (SIGSEGV), si_code: 1 (SEGV_MAPERR), si_addr: 0x0000000000000f00

Registers:
RAX=0x0000000000000000, RBX=0x00007ff2f10026c0, RCX=0x00007ff2ec51de2c, RDX=0x0000000000000001
RSP=0x00007ff2f5bf1488, RBP=0x00007ff2f5bf14e8, RSI=0x00007ff2ec51de2c, RDI=0x0000000000000001
R8 =0x0000000000000000, R9 =0x0000000000000004, R10=0x00007ff2dd01fc78, R11=0x00007ff2f49d0a70
R12=0x0000000000000000, R13=0x00007ff2f10026c0, R14=0x00007ff2f5bf1518, R15=0x00007ff2ec00e800
RIP=0x00007ff2a968f23c, EFLAGS=0x0000000000010287, CSGSFS=0x0000000000000033, ERR=0x0000000000000004
  TRAPNO=0x000000000000000e

Top of Stack: (sp=0x00007ff2f5bf1488)
0x00007ff2f5bf1488:   00007ff2dd01fca4 00007ff2f5bf14e8
0x00007ff2f5bf1498:   00007ff2dd01f767 00007ff2dd01f722
0x00007ff2f5bf14a8:   00007ff2f5bf14a8 00007ff2f10026c0
0x00007ff2f5bf14b8:   00007ff2f5bf1518 00007ff2f102e4a8
0x00007ff2f5bf14c8:   0000000000000000 00007ff2f10026c0
0x00007ff2f5bf14d8:   0000000000000000 00007ff2f5bf1508
0x00007ff2f5bf14e8:   00007ff2f5bf1560 00007ff2dd00833d
0x00007ff2f5bf14f8:   00000000d76a7768 00007ff2dd016478
0x00007ff2f5bf1508:   00007ff2ec51de2c 00000000d78f6ef8
0x00007ff2f5bf1518:   0000000000000001 00007ff2f5bf1520
0x00007ff2f5bf1528:   00007ff2f1002814 00007ff2f5bf1590
0x00007ff2f5bf1538:   00007ff2f102e4a8 0000000000000000
0x00007ff2f5bf1548:   00007ff2f1002878 00007ff2f5bf1508
0x00007ff2f5bf1558:   00007ff2f5bf15a0 00007ff2f5bf1740
0x00007ff2f5bf1568:   00007ff2dd1ef404 0000000000000000
0x00007ff2f5bf1578:   0000000000000000 00000000d78f6ef8
0x00007ff2f5bf1588:   0000000000008000 00000000d78af8e0
0x00007ff2f5bf1598:   00007ff2dd1ef404 00000000000000a3
0x00007ff2f5bf15a8:   00007ff2f0e59200 0000000000000030
0x00007ff2f5bf15b8:   00007ff2dd1ed6d0 00007ff2f5bf1660
0x00007ff2f5bf15c8:   00007ff2f49cfa95 00007ff2f5bf1680
0x00007ff2f5bf15d8:   00007ff2dd02954b 00007ff2dd0055d0
0x00007ff2f5bf15e8:   00007ff200000000 00007ff2f5bf16c0
0x00007ff2f5bf15f8:   00007ff2f5bf1680 0000000000000000
0x00007ff2f5bf1608:   0000000000000000 0000000000000000
0x00007ff2f5bf1618:   0000000000000000 00007ff200000000
0x00007ff2f5bf1628:   00007ff2dd029417 00007ff2dd0055d0
0x00007ff2f5bf1638:   000000000000002b 0000000000000000
0x00007ff2f5bf1648:   00007ff2dd1ed6d0 00007ff2f5bf16f8
0x00007ff2f5bf1658:   00007ff2ec00e800 00000181f5bf16c0
0x00007ff2f5bf1668:   000000000000008c 00000000d7660fb0
0x00007ff2f5bf1678:   00000000d76bace8 00000000d7449110 

Instructions: (pc=0x00007ff2a968f23c)
0x00007ff2a968f21c:   48 8b 80 d8 09 00 00 ff e0 66 66 2e 0f 1f 84 00
0x00007ff2a968f22c:   00 00 00 00 48 8b 07 48 89 ce 89 d7 48 8b 40 18
0x00007ff2a968f23c:   48 8b 80 00 0f 00 00 ff e0 66 66 2e 0f 1f 84 00
0x00007ff2a968f24c:   00 00 00 00 48 8b 07 89 d7 48 8b 40 18 48 8b 80 

Register to memory mapping:

RAX=0x0000000000000000 is an unknown value
RBX={method} {0x00007ff2f10026c0} 'nglGenTextures' '(IJ)V' in 'org/lwjgl/opengl/GL11'
RCX=0x00007ff2ec51de2c is an unknown value
RDX=0x0000000000000001 is an unknown value
RSP=0x00007ff2f5bf1488 is pointing into the stack for thread: 0x00007ff2ec00e800
RBP=0x00007ff2f5bf14e8 is pointing into the stack for thread: 0x00007ff2ec00e800
RSI=0x00007ff2ec51de2c is an unknown value
RDI=0x0000000000000001 is an unknown value
R8 =0x0000000000000000 is an unknown value
R9 =0x0000000000000004 is an unknown value
R10=0x00007ff2dd01fc78 is at code_begin+1528 in an Interpreter codelet
method entry point (kind = native)  [0x00007ff2dd01f680, 0x00007ff2dd0205c0]  3904 bytes
R11=0x00007ff2f49d0a70: <offset 0x9c2a70> in /usr/lib/jvm/java-8-oracle/jre/lib/amd64/server/libjvm.so at 0x00007ff2f400e000
R12=0x0000000000000000 is an unknown value
R13={method} {0x00007ff2f10026c0} 'nglGenTextures' '(IJ)V' in 'org/lwjgl/opengl/GL11'
R14=0x00007ff2f5bf1518 is pointing into the stack for thread: 0x00007ff2ec00e800
R15=0x00007ff2ec00e800 is a thread


Stack: [0x00007ff2f5af2000,0x00007ff2f5bf3000],  sp=0x00007ff2f5bf1488,  free space=1021k
Native frames: (J=compiled Java code, j=interpreted, Vv=VM code, C=native code)
C  [liblwjgl_opengl.so+0x4d23c]  Java_org_lwjgl_opengl_GL11_nglGenTextures__IJ+0xc
j  org.lwjgl.opengl.GL11.glGenTextures()I+20
J 363% C1 textures.TextureUtils.loadTexture(Ljava/awt/image/BufferedImage;)Ltextures/Texture; (297 bytes) @ 0x00007ff2dd1ef404 [0x00007ff2dd1edae0+0x1924]
j  textures.TextureUtils.loadTexture(Ljava/lang/String;)Ltextures/Texture;+38
j  fontRendering.TextMaster.loadFontAtlas(Ljava/lang/String;)I+25
j  fontRendering.TextMaster.newFontType(Ljava/lang/String;Ljava/lang/String;Ljava/lang/String;)LfontMeshCreator/FontType;+5
j  fontRendering.TextMaster.getFontType(Ljava/lang/String;)LfontMeshCreator/FontType;+28
j  fontRendering.FontMaterial.loadFile(Ljava/lang/String;)LfontRendering/FontMaterial;+303
j  engineTest.Main.main([Ljava/lang/String;)V+2
v  ~StubRoutines::call_stub
V  [libjvm.so+0x690206]  JavaCalls::call_helper(JavaValue*, methodHandle*, JavaCallArguments*, Thread*)+0x1056
V  [libjvm.so+0x6d1612]  jni_invoke_static(JNIEnv_*, JavaValue*, _jobject*, JNICallType, _jmethodID*, JNI_ArgumentPusher*, Thread*)+0x362
V  [libjvm.so+0x6ede7a]  jni_CallStaticVoidMethod+0x17a
C  [libjli.so+0x7bdf]  JavaMain+0x81f
C  [libpthread.so.0+0x76ba]  start_thread+0xca

Java frames: (J=compiled Java code, j=interpreted, Vv=VM code)
j  org.lwjgl.opengl.GL11.nglGenTextures(IJ)V+0
j  org.lwjgl.opengl.GL11.glGenTextures()I+20
J 363% C1 textures.TextureUtils.loadTexture(Ljava/awt/image/BufferedImage;)Ltextures/Texture; (297 bytes) @ 0x00007ff2dd1ef404 [0x00007ff2dd1edae0+0x1924]
j  textures.TextureUtils.loadTexture(Ljava/lang/String;)Ltextures/Texture;+38
j  fontRendering.TextMaster.loadFontAtlas(Ljava/lang/String;)I+25
j  fontRendering.TextMaster.newFontType(Ljava/lang/String;Ljava/lang/String;Ljava/lang/String;)LfontMeshCreator/FontType;+5
j  fontRendering.TextMaster.getFontType(Ljava/lang/String;)LfontMeshCreator/FontType;+28
j  fontRendering.FontMaterial.loadFile(Ljava/lang/String;)LfontRendering/FontMaterial;+303
j  engineTest.Main.main([Ljava/lang/String;)V+2
v  ~StubRoutines::call_stub

---------------  P R O C E S S  ---------------

Java Threads: ( => current thread )
  0x00007ff2ec376000 JavaThread "Java2D Disposer" daemon [_thread_blocked, id=1898, stack(0x00007ff2a9d0f000,0x00007ff2a9e10000)]
  0x00007ff2ec0d5800 JavaThread "Service Thread" daemon [_thread_blocked, id=1896, stack(0x00007ff2abcfd000,0x00007ff2abdfe000)]
  0x00007ff2ec0d2000 JavaThread "C1 CompilerThread2" daemon [_thread_blocked, id=1895, stack(0x00007ff2abdfe000,0x00007ff2abeff000)]
  0x00007ff2ec0d0800 JavaThread "C2 CompilerThread1" daemon [_thread_blocked, id=1894, stack(0x00007ff2a3eff000,0x00007ff2a4000000)]
  0x00007ff2ec0cd800 JavaThread "C2 CompilerThread0" daemon [_thread_blocked, id=1893, stack(0x00007ff2abeff000,0x00007ff2ac000000)]
  0x00007ff2b8001000 JavaThread "JDWP Command Reader" daemon [_thread_in_native, id=1890, stack(0x00007ff2cc06e000,0x00007ff2cc16f000)]
  0x00007ff2ec0cb800 JavaThread "JDWP Event Helper Thread" daemon [_thread_blocked, id=1889, stack(0x00007ff2cc16f000,0x00007ff2cc270000)]
  0x00007ff2ec0c8000 JavaThread "JDWP Transport Listener: dt_socket" daemon [_thread_blocked, id=1886, stack(0x00007ff2dc08c000,0x00007ff2dc18d000)]
  0x00007ff2ec0ba800 JavaThread "Signal Dispatcher" daemon [_thread_blocked, id=1884, stack(0x00007ff2dc391000,0x00007ff2dc492000)]
  0x00007ff2ec088800 JavaThread "Finalizer" daemon [_thread_blocked, id=1882, stack(0x00007ff2dc492000,0x00007ff2dc593000)]
  0x00007ff2ec084000 JavaThread "Reference Handler" daemon [_thread_blocked, id=1881, stack(0x00007ff2dc593000,0x00007ff2dc694000)]
=>0x00007ff2ec00e800 JavaThread "main" [_thread_in_native, id=1875, stack(0x00007ff2f5af2000,0x00007ff2f5bf3000)]

Other Threads:
  0x00007ff2ec07c800 VMThread [stack: 0x00007ff2dc694000,0x00007ff2dc795000] [id=1880]
  0x00007ff2ec0d8800 WatcherThread [stack: 0x00007ff2abbfc000,0x00007ff2abcfd000] [id=1897]

VM state:not at safepoint (normal execution)

VM Mutex/Monitor currently owned by a thread: None

Heap:
 PSYoungGen      total 36864K, used 9697K [0x00000000d6f80000, 0x00000000d9880000, 0x0000000100000000)
  eden space 31744K, 30% used [0x00000000d6f80000,0x00000000d78f8460,0x00000000d8e80000)
  from space 5120K, 0% used [0x00000000d9380000,0x00000000d9380000,0x00000000d9880000)
  to   space 5120K, 0% used [0x00000000d8e80000,0x00000000d8e80000,0x00000000d9380000)
 ParOldGen       total 84992K, used 0K [0x0000000084e00000, 0x000000008a100000, 0x00000000d6f80000)
  object space 84992K, 0% used [0x0000000084e00000,0x0000000084e00000,0x000000008a100000)
 Metaspace       used 7946K, capacity 8106K, committed 8192K, reserved 1056768K
  class space    used 867K, capacity 950K, committed 1024K, reserved 1048576K

Card table byte_map: [0x00007ff2f1c3a000,0x00007ff2f2014000] byte_map_base: 0x00007ff2f1813000

Marking Bits: (ParMarkBitMap*) 0x00007ff2f4fd1220
 Begin Bits: [0x00007ff2cc270000, 0x00007ff2ce138000)
 End Bits:   [0x00007ff2ce138000, 0x00007ff2d0000000)

Polling page: 0x00007ff2f5c20000

CodeCache: size=245760Kb used=2219Kb max_used=2219Kb free=243540Kb
 bounds [0x00007ff2dd000000, 0x00007ff2dd270000, 0x00007ff2ec000000]
 total_blobs=827 nmethods=444 adapters=305
 compilation: enabled

Compilation events (10 events):
Event: 0,556 Thread 0x00007ff2ec0d2000 nmethod 439 0x00007ff2dd223190 code [0x00007ff2dd2232e0, 0x00007ff2dd2233d0]
Event: 0,557 Thread 0x00007ff2ec0d2000  440       3       java.lang.String::equalsIgnoreCase (48 bytes)
Event: 0,557 Thread 0x00007ff2ec0d2000 nmethod 440 0x00007ff2dd22a950 code [0x00007ff2dd22aac0, 0x00007ff2dd22ae28]
Event: 0,560 Thread 0x00007ff2ec0d2000  441       3       java.util.zip.ZipFile::access$400 (5 bytes)
Event: 0,560 Thread 0x00007ff2ec0d2000 nmethod 441 0x00007ff2dd22a610 code [0x00007ff2dd22a760, 0x00007ff2dd22a890]
Event: 0,561 Thread 0x00007ff2ec0d2000  442       3       java.util.BitSet::checkInvariants (111 bytes)
Event: 0,561 Thread 0x00007ff2ec0d2000 nmethod 442 0x00007ff2dd22a290 code [0x00007ff2dd22a400, 0x00007ff2dd22a590]
Event: 0,561 Thread 0x00007ff2ec0d2000  443       1       java.net.URLClassLoader::access$000 (5 bytes)
Event: 0,561 Thread 0x00007ff2ec0d2000 nmethod 443 0x00007ff2dd222ed0 code [0x00007ff2dd223020, 0x00007ff2dd223110]
Event: 0,562 Thread 0x00007ff2ec0d2000  444  s    3       java.util.Vector::elementAt (48 bytes)

GC Heap History (0 events):
No events

Deoptimization events (2 events):
Event: 0,322 Thread 0x00007ff2ec00e800 Uncommon trap: reason=null_check action=make_not_entrant pc=0x00007ff2dd17cd58 method=java.lang.String.equals(Ljava/lang/Object;)Z @ 8
Event: 0,517 Thread 0x00007ff2ec00e800 Uncommon trap: reason=unstable_if action=reinterpret pc=0x00007ff2dd1c3904 method=java.lang.String.indexOf([CII[CIII)I @ 134

Internal exceptions (10 events):
Event: 0,164 Thread 0x00007ff2ec00e800 Exception <a 'java/security/PrivilegedActionException'> (0x00000000d7013930) thrown at [/HUDSON3/workspace/8-2-build-linux-amd64/jdk8u111/7883/hotspot/src/share/vm/prims/jvm.cpp, line 1386]
Event: 0,164 Thread 0x00007ff2ec00e800 Exception <a 'java/security/PrivilegedActionException'> (0x00000000d7015d70) thrown at [/HUDSON3/workspace/8-2-build-linux-amd64/jdk8u111/7883/hotspot/src/share/vm/prims/jvm.cpp, line 1386]
Event: 0,164 Thread 0x00007ff2ec00e800 Exception <a 'java/security/PrivilegedActionException'> (0x00000000d7015f80) thrown at [/HUDSON3/workspace/8-2-build-linux-amd64/jdk8u111/7883/hotspot/src/share/vm/prims/jvm.cpp, line 1386]
Event: 0,226 Thread 0x00007ff2ec00e800 Exception <a 'java/lang/NoSuchFieldError': method resolution failed> (0x00000000d72202e0) thrown at [/HUDSON3/workspace/8-2-build-linux-amd64/jdk8u111/7883/hotspot/src/share/vm/prims/methodHandles.cpp, line 1146]
Event: 0,230 Thread 0x00007ff2ec00e800 Exception <a 'java/lang/NoSuchFieldError': method resolution failed> (0x00000000d722dab0) thrown at [/HUDSON3/workspace/8-2-build-linux-amd64/jdk8u111/7883/hotspot/src/share/vm/prims/methodHandles.cpp, line 1146]
Event: 0,269 Thread 0x00007ff2ec00e800 Exception <a 'java/io/FileNotFoundException'> (0x00000000d72add40) thrown at [/HUDSON3/workspace/8-2-build-linux-amd64/jdk8u111/7883/hotspot/src/share/vm/prims/jni.cpp, line 709]
Event: 0,270 Thread 0x00007ff2ec00e800 Exception <a 'java/io/FileNotFoundException'> (0x00000000d72ae6f8) thrown at [/HUDSON3/workspace/8-2-build-linux-amd64/jdk8u111/7883/hotspot/src/share/vm/prims/jni.cpp, line 709]
Event: 0,322 Thread 0x00007ff2ec00e800 Implicit null exception at 0x00007ff2dd17cabe to 0x00007ff2dd17cd49
Event: 0,546 Thread 0x00007ff2ec00e800 Exception <a 'sun/nio/fs/UnixException'> (0x00000000d7887dc0) thrown at [/HUDSON3/workspace/8-2-build-linux-amd64/jdk8u111/7883/hotspot/src/share/vm/prims/jni.cpp, line 709]
Event: 0,547 Thread 0x00007ff2ec00e800 Exception <a 'sun/nio/fs/UnixException'> (0x00000000d78890d8) thrown at [/HUDSON3/workspace/8-2-build-linux-amd64/jdk8u111/7883/hotspot/src/share/vm/prims/jni.cpp, line 709]

Events (10 events):
Event: 0,560 Thread 0x00007ff2ec00e800 DEOPT PACKING pc=0x00007ff2dd184ad4 sp=0x00007ff2f5beb7a0
Event: 0,560 Thread 0x00007ff2ec00e800 DEOPT UNPACKING pc=0x00007ff2dd047633 sp=0x00007ff2f5beb5e0 mode 1
Event: 0,560 Thread 0x00007ff2ec00e800 DEOPT PACKING pc=0x00007ff2dd184874 sp=0x00007ff2f5beb930
Event: 0,560 Thread 0x00007ff2ec00e800 DEOPT UNPACKING pc=0x00007ff2dd047633 sp=0x00007ff2f5beb788 mode 1
Event: 0,561 loading class org/lwjgl/system/SharedLibrary$Delegate
Event: 0,561 loading class org/lwjgl/system/SharedLibrary$Delegate done
Event: 0,561 Thread 0x00007ff2ec00e800 DEOPT PACKING pc=0x00007ff2dd184ad4 sp=0x00007ff2f5be94d0
Event: 0,561 Thread 0x00007ff2ec00e800 DEOPT UNPACKING pc=0x00007ff2dd047633 sp=0x00007ff2f5be9310 mode 1
Event: 0,561 Thread 0x00007ff2ec00e800 DEOPT PACKING pc=0x00007ff2dd184874 sp=0x00007ff2f5be9660
Event: 0,561 Thread 0x00007ff2ec00e800 DEOPT UNPACKING pc=0x00007ff2dd047633 sp=0x00007ff2f5be94b8 mode 1


Dynamic libraries:
00400000-00401000 r-xp 00000000 08:15 12855452                           /usr/lib/jvm/java-8-oracle/bin/java
00600000-00601000 rw-p 00000000 08:15 12855452                           /usr/lib/jvm/java-8-oracle/bin/java
0116f000-01190000 rw-p 00000000 00:00 0                                  [heap]
84e00000-8a100000 rw-p 00000000 00:00 0 
8a100000-d6f80000 ---p 00000000 00:00 0 
d6f80000-d9880000 rw-p 00000000 00:00 0 
d9880000-100000000 ---p 00000000 00:00 0 
100000000-100100000 rw-p 00000000 00:00 0 
100100000-140000000 ---p 00000000 00:00 0 
7ff28c000000-7ff28c021000 rw-p 00000000 00:00 0 
7ff28c021000-7ff290000000 ---p 00000000 00:00 0 
7ff290000000-7ff290021000 rw-p 00000000 00:00 0 
7ff290021000-7ff294000000 ---p 00000000 00:00 0 
7ff294000000-7ff29424e000 rw-p 00000000 00:00 0 
7ff29424e000-7ff298000000 ---p 00000000 00:00 0 
7ff298000000-7ff298021000 rw-p 00000000 00:00 0 
7ff298021000-7ff29c000000 ---p 00000000 00:00 0 
7ff29c000000-7ff29c0cf000 rw-p 00000000 00:00 0 
7ff29c0cf000-7ff2a0000000 ---p 00000000 00:00 0 
7ff2a36cb000-7ff2a36d9000 r-xp 00000000 08:15 12321210                   /usr/lib/x86_64-linux-gnu/libdrm.so.2.4.0
7ff2a36d9000-7ff2a38d9000 ---p 0000e000 08:15 12321210                   /usr/lib/x86_64-linux-gnu/libdrm.so.2.4.0
7ff2a38d9000-7ff2a38da000 r--p 0000e000 08:15 12321210                   /usr/lib/x86_64-linux-gnu/libdrm.so.2.4.0
7ff2a38da000-7ff2a38db000 rw-p 0000f000 08:15 12321210                   /usr/lib/x86_64-linux-gnu/libdrm.so.2.4.0
7ff2a38db000-7ff2a38e0000 r-xp 00000000 08:15 12329520                   /usr/lib/x86_64-linux-gnu/libXxf86vm.so.1.0.0
7ff2a38e0000-7ff2a3adf000 ---p 00005000 08:15 12329520                   /usr/lib/x86_64-linux-gnu/libXxf86vm.so.1.0.0
7ff2a3adf000-7ff2a3ae0000 r--p 00004000 08:15 12329520                   /usr/lib/x86_64-linux-gnu/libXxf86vm.so.1.0.0
7ff2a3ae0000-7ff2a3ae1000 rw-p 00005000 08:15 12329520                   /usr/lib/x86_64-linux-gnu/libXxf86vm.so.1.0.0
7ff2a3ae1000-7ff2a3ae5000 r-xp 00000000 08:15 12330784                   /usr/lib/x86_64-linux-gnu/libxcb-dri2.so.0.0.0
7ff2a3ae5000-7ff2a3ce4000 ---p 00004000 08:15 12330784                   /usr/lib/x86_64-linux-gnu/libxcb-dri2.so.0.0.0
7ff2a3ce4000-7ff2a3ce5000 r--p 00003000 08:15 12330784                   /usr/lib/x86_64-linux-gnu/libxcb-dri2.so.0.0.0
7ff2a3ce5000-7ff2a3ce6000 rw-p 00004000 08:15 12330784                   /usr/lib/x86_64-linux-gnu/libxcb-dri2.so.0.0.0
7ff2a3ce6000-7ff2a3cfd000 r-xp 00000000 08:15 12330788                   /usr/lib/x86_64-linux-gnu/libxcb-glx.so.0.0.0
7ff2a3cfd000-7ff2a3efc000 ---p 00017000 08:15 12330788                   /usr/lib/x86_64-linux-gnu/libxcb-glx.so.0.0.0
7ff2a3efc000-7ff2a3efe000 r--p 00016000 08:15 12330788                   /usr/lib/x86_64-linux-gnu/libxcb-glx.so.0.0.0
7ff2a3efe000-7ff2a3eff000 rw-p 00018000 08:15 12330788                   /usr/lib/x86_64-linux-gnu/libxcb-glx.so.0.0.0
7ff2a3eff000-7ff2a3f02000 ---p 00000000 00:00 0 
7ff2a3f02000-7ff2a4000000 rw-p 00000000 00:00 0 
7ff2a4000000-7ff2a4097000 rw-p 00000000 00:00 0 
7ff2a4097000-7ff2a8000000 ---p 00000000 00:00 0 
7ff2a815f000-7ff2a8160000 r-xp 00000000 08:15 12329465                   /usr/lib/x86_64-linux-gnu/libX11-xcb.so.1.0.0
7ff2a8160000-7ff2a835f000 ---p 00001000 08:15 12329465                   /usr/lib/x86_64-linux-gnu/libX11-xcb.so.1.0.0
7ff2a835f000-7ff2a8360000 r--p 00000000 08:15 12329465                   /usr/lib/x86_64-linux-gnu/libX11-xcb.so.1.0.0
7ff2a8360000-7ff2a8361000 rw-p 00001000 08:15 12329465                   /usr/lib/x86_64-linux-gnu/libX11-xcb.so.1.0.0
7ff2a8361000-7ff2a8366000 r-xp 00000000 08:15 12329486                   /usr/lib/x86_64-linux-gnu/libXfixes.so.3.1.0
7ff2a8366000-7ff2a8565000 ---p 00005000 08:15 12329486                   /usr/lib/x86_64-linux-gnu/libXfixes.so.3.1.0
7ff2a8565000-7ff2a8566000 r--p 00004000 08:15 12329486                   /usr/lib/x86_64-linux-gnu/libXfixes.so.3.1.0
7ff2a8566000-7ff2a8567000 rw-p 00005000 08:15 12329486                   /usr/lib/x86_64-linux-gnu/libXfixes.so.3.1.0
7ff2a8567000-7ff2a8569000 r-xp 00000000 08:15 12329480                   /usr/lib/x86_64-linux-gnu/libXdamage.so.1.1.0
7ff2a8569000-7ff2a8768000 ---p 00002000 08:15 12329480                   /usr/lib/x86_64-linux-gnu/libXdamage.so.1.1.0
7ff2a8768000-7ff2a8769000 r--p 00001000 08:15 12329480                   /usr/lib/x86_64-linux-gnu/libXdamage.so.1.1.0
7ff2a8769000-7ff2a876a000 rw-p 00002000 08:15 12329480                   /usr/lib/x86_64-linux-gnu/libXdamage.so.1.1.0
7ff2a876a000-7ff2a8794000 r-xp 00000000 08:15 12320906                   /usr/lib/x86_64-linux-gnu/libglapi.so.0.0.0
7ff2a8794000-7ff2a8993000 ---p 0002a000 08:15 12320906                   /usr/lib/x86_64-linux-gnu/libglapi.so.0.0.0
7ff2a8993000-7ff2a8997000 r--p 00029000 08:15 12320906                   /usr/lib/x86_64-linux-gnu/libglapi.so.0.0.0
7ff2a8997000-7ff2a8998000 rw-p 0002d000 08:15 12320906                   /usr/lib/x86_64-linux-gnu/libglapi.so.0.0.0
7ff2a8998000-7ff2a8999000 rw-p 00000000 00:00 0 
7ff2a8999000-7ff2a899a000 r-xp 00000000 08:15 12330832                   /usr/lib/x86_64-linux-gnu/libxshmfence.so.1.0.0
7ff2a899a000-7ff2a8b9a000 ---p 00001000 08:15 12330832                   /usr/lib/x86_64-linux-gnu/libxshmfence.so.1.0.0
7ff2a8b9a000-7ff2a8b9b000 r--p 00001000 08:15 12330832                   /usr/lib/x86_64-linux-gnu/libxshmfence.so.1.0.0
7ff2a8b9b000-7ff2a8b9c000 rw-p 00002000 08:15 12330832                   /usr/lib/x86_64-linux-gnu/libxshmfence.so.1.0.0
7ff2a8b9c000-7ff2a8ba1000 r-xp 00000000 08:15 12330808                   /usr/lib/x86_64-linux-gnu/libxcb-sync.so.1.0.0
7ff2a8ba1000-7ff2a8da1000 ---p 00005000 08:15 12330808                   /usr/lib/x86_64-linux-gnu/libxcb-sync.so.1.0.0
7ff2a8da1000-7ff2a8da2000 r--p 00005000 08:15 12330808                   /usr/lib/x86_64-linux-gnu/libxcb-sync.so.1.0.0
7ff2a8da2000-7ff2a8da3000 rw-p 00006000 08:15 12330808                   /usr/lib/x86_64-linux-gnu/libxcb-sync.so.1.0.0
7ff2a8da3000-7ff2a8da5000 r-xp 00000000 08:15 12330796                   /usr/lib/x86_64-linux-gnu/libxcb-present.so.0.0.0
7ff2a8da5000-7ff2a8fa4000 ---p 00002000 08:15 12330796                   /usr/lib/x86_64-linux-gnu/libxcb-present.so.0.0.0
7ff2a8fa4000-7ff2a8fa5000 r--p 00001000 08:15 12330796                   /usr/lib/x86_64-linux-gnu/libxcb-present.so.0.0.0
7ff2a8fa5000-7ff2a8fa6000 rw-p 00002000 08:15 12330796                   /usr/lib/x86_64-linux-gnu/libxcb-present.so.0.0.0
7ff2a8fa6000-7ff2a8fa8000 r-xp 00000000 08:15 12330786                   /usr/lib/x86_64-linux-gnu/libxcb-dri3.so.0.0.0
7ff2a8fa8000-7ff2a91a7000 ---p 00002000 08:15 12330786                   /usr/lib/x86_64-linux-gnu/libxcb-dri3.so.0.0.0
7ff2a91a7000-7ff2a91a8000 r--p 00001000 08:15 12330786                   /usr/lib/x86_64-linux-gnu/libxcb-dri3.so.0.0.0
7ff2a91a8000-7ff2a91a9000 rw-p 00002000 08:15 12330786                   /usr/lib/x86_64-linux-gnu/libxcb-dri3.so.0.0.0
7ff2a91a9000-7ff2a91cf000 r-xp 00000000 08:15 7082434                    /lib/x86_64-linux-gnu/libexpat.so.1.6.0
7ff2a91cf000-7ff2a93cf000 ---p 00026000 08:15 7082434                    /lib/x86_64-linux-gnu/libexpat.so.1.6.0
7ff2a93cf000-7ff2a93d1000 r--p 00026000 08:15 7082434                    /lib/x86_64-linux-gnu/libexpat.so.1.6.0
7ff2a93d1000-7ff2a93d2000 rw-p 00028000 08:15 7082434                    /lib/x86_64-linux-gnu/libexpat.so.1.6.0
7ff2a93d2000-7ff2a943e000 r-xp 00000000 08:15 12588015                   /usr/lib/x86_64-linux-gnu/mesa/libGL.so.1.2.0
7ff2a943e000-7ff2a963d000 ---p 0006c000 08:15 12588015                   /usr/lib/x86_64-linux-gnu/mesa/libGL.so.1.2.0
7ff2a963d000-7ff2a9640000 r--p 0006b000 08:15 12588015                   /usr/lib/x86_64-linux-gnu/mesa/libGL.so.1.2.0
7ff2a9640000-7ff2a9641000 rw-p 0006e000 08:15 12588015                   /usr/lib/x86_64-linux-gnu/mesa/libGL.so.1.2.0
7ff2a9641000-7ff2a9642000 rw-p 00000000 00:00 0 
7ff2a9642000-7ff2a96ab000 r-xp 00000000 08:15 1466953                    /tmp/lwjglnokorot/3.1.1-build-16/liblwjgl_opengl.so
7ff2a96ab000-7ff2a98aa000 ---p 00069000 08:15 1466953                    /tmp/lwjglnokorot/3.1.1-build-16/liblwjgl_opengl.so
7ff2a98aa000-7ff2a98ab000 r--p 00068000 08:15 1466953                    /tmp/lwjglnokorot/3.1.1-build-16/liblwjgl_opengl.so
7ff2a98ab000-7ff2a98ac000 rw-p 00069000 08:15 1466953                    /tmp/lwjglnokorot/3.1.1-build-16/liblwjgl_opengl.so
7ff2a98ac000-7ff2a98c2000 r-xp 00000000 08:15 7082441                    /lib/x86_64-linux-gnu/libgcc_s.so.1
7ff2a98c2000-7ff2a9ac1000 ---p 00016000 08:15 7082441                    /lib/x86_64-linux-gnu/libgcc_s.so.1
7ff2a9ac1000-7ff2a9ac2000 rw-p 00015000 08:15 7082441                    /lib/x86_64-linux-gnu/libgcc_s.so.1
7ff2a9ac2000-7ff2a9b0d000 r-xp 00000000 08:15 1466950                    /tmp/lwjglnokorot/3.1.1-build-16/liblwjgl.so
7ff2a9b0d000-7ff2a9d0d000 ---p 0004b000 08:15 1466950                    /tmp/lwjglnokorot/3.1.1-build-16/liblwjgl.so
7ff2a9d0d000-7ff2a9d0e000 r--p 0004b000 08:15 1466950                    /tmp/lwjglnokorot/3.1.1-build-16/liblwjgl.so
7ff2a9d0e000-7ff2a9d0f000 rw-p 0004c000 08:15 1466950                    /tmp/lwjglnokorot/3.1.1-build-16/liblwjgl.so
7ff2a9d0f000-7ff2a9d12000 ---p 00000000 00:00 0 
7ff2a9d12000-7ff2a9e10000 rw-p 00000000 00:00 0 
7ff2a9e10000-7ff2a9e21000 r-xp 00000000 08:15 12980591                   /usr/lib/jvm/java-8-oracle/jre/lib/amd64/libnio.so
7ff2a9e21000-7ff2aa020000 ---p 00011000 08:15 12980591                   /usr/lib/jvm/java-8-oracle/jre/lib/amd64/libnio.so
7ff2aa020000-7ff2aa021000 rw-p 00010000 08:15 12980591                   /usr/lib/jvm/java-8-oracle/jre/lib/amd64/libnio.so
7ff2aa021000-7ff2aa322000 rw-p 00000000 00:00 0 
7ff2aa322000-7ff2aa338000 r-xp 00000000 08:15 12980356                   /usr/lib/jvm/java-8-oracle/jre/lib/amd64/libnet.so
7ff2aa338000-7ff2aa538000 ---p 00016000 08:15 12980356                   /usr/lib/jvm/java-8-oracle/jre/lib/amd64/libnet.so
7ff2aa538000-7ff2aa539000 rw-p 00016000 08:15 12980356                   /usr/lib/jvm/java-8-oracle/jre/lib/amd64/libnet.so
7ff2aa539000-7ff2aa53e000 r-xp 00000000 08:15 12329482                   /usr/lib/x86_64-linux-gnu/libXdmcp.so.6.0.0
7ff2aa53e000-7ff2aa73d000 ---p 00005000 08:15 12329482                   /usr/lib/x86_64-linux-gnu/libXdmcp.so.6.0.0
7ff2aa73d000-7ff2aa73e000 r--p 00004000 08:15 12329482                   /usr/lib/x86_64-linux-gnu/libXdmcp.so.6.0.0
7ff2aa73e000-7ff2aa73f000 rw-p 00005000 08:15 12329482                   /usr/lib/x86_64-linux-gnu/libXdmcp.so.6.0.0
7ff2aa73f000-7ff2aa741000 r-xp 00000000 08:15 12329471                   /usr/lib/x86_64-linux-gnu/libXau.so.6.0.0
7ff2aa741000-7ff2aa941000 ---p 00002000 08:15 12329471                   /usr/lib/x86_64-linux-gnu/libXau.so.6.0.0
7ff2aa941000-7ff2aa942000 r--p 00002000 08:15 12329471                   /usr/lib/x86_64-linux-gnu/libXau.so.6.0.0
7ff2aa942000-7ff2aa943000 rw-p 00003000 08:15 12329471                   /usr/lib/x86_64-linux-gnu/libXau.so.6.0.0
7ff2aa943000-7ff2aa964000 r-xp 00000000 08:15 12330820                   /usr/lib/x86_64-linux-gnu/libxcb.so.1.1.0
7ff2aa964000-7ff2aab63000 ---p 00021000 08:15 12330820                   /usr/lib/x86_64-linux-gnu/libxcb.so.1.1.0
7ff2aab63000-7ff2aab64000 r--p 00020000 08:15 12330820                   /usr/lib/x86_64-linux-gnu/libxcb.so.1.1.0
7ff2aab64000-7ff2aab65000 rw-p 00021000 08:15 12330820                   /usr/lib/x86_64-linux-gnu/libxcb.so.1.1.0
7ff2aab65000-7ff2aab74000 r-xp 00000000 08:15 12329492                   /usr/lib/x86_64-linux-gnu/libXi.so.6.1.0
7ff2aab74000-7ff2aad73000 ---p 0000f000 08:15 12329492                   /usr/lib/x86_64-linux-gnu/libXi.so.6.1.0
7ff2aad73000-7ff2aad74000 r--p 0000e000 08:15 12329492                   /usr/lib/x86_64-linux-gnu/libXi.so.6.1.0
7ff2aad74000-7ff2aad75000 rw-p 0000f000 08:15 12329492                   /usr/lib/x86_64-linux-gnu/libXi.so.6.1.0
7ff2aad75000-7ff2aad7a000 r-xp 00000000 08:15 12329510                   /usr/lib/x86_64-linux-gnu/libXtst.so.6.1.0
7ff2aad7a000-7ff2aaf79000 ---p 00005000 08:15 12329510                   /usr/lib/x86_64-linux-gnu/libXtst.so.6.1.0
7ff2aaf79000-7ff2aaf7a000 r--p 00004000 08:15 12329510                   /usr/lib/x86_64-linux-gnu/libXtst.so.6.1.0
7ff2aaf7a000-7ff2aaf7b000 rw-p 00005000 08:15 12329510                   /usr/lib/x86_64-linux-gnu/libXtst.so.6.1.0
7ff2aaf7b000-7ff2aaf84000 r-xp 00000000 08:15 12329504                   /usr/lib/x86_64-linux-gnu/libXrender.so.1.3.0
7ff2aaf84000-7ff2ab183000 ---p 00009000 08:15 12329504                   /usr/lib/x86_64-linux-gnu/libXrender.so.1.3.0
7ff2ab183000-7ff2ab184000 r--p 00008000 08:15 12329504                   /usr/lib/x86_64-linux-gnu/libXrender.so.1.3.0
7ff2ab184000-7ff2ab185000 rw-p 00009000 08:15 12329504                   /usr/lib/x86_64-linux-gnu/libXrender.so.1.3.0
7ff2ab185000-7ff2ab2ba000 r-xp 00000000 08:15 12329467                   /usr/lib/x86_64-linux-gnu/libX11.so.6.3.0
7ff2ab2ba000-7ff2ab4ba000 ---p 00135000 08:15 12329467                   /usr/lib/x86_64-linux-gnu/libX11.so.6.3.0
7ff2ab4ba000-7ff2ab4bb000 r--p 00135000 08:15 12329467                   /usr/lib/x86_64-linux-gnu/libX11.so.6.3.0
7ff2ab4bb000-7ff2ab4bf000 rw-p 00136000 08:15 12329467                   /usr/lib/x86_64-linux-gnu/libX11.so.6.3.0
7ff2ab4bf000-7ff2ab4d0000 r-xp 00000000 08:15 12329484                   /usr/lib/x86_64-linux-gnu/libXext.so.6.4.0
7ff2ab4d0000-7ff2ab6cf000 ---p 00011000 08:15 12329484                   /usr/lib/x86_64-linux-gnu/libXext.so.6.4.0
7ff2ab6cf000-7ff2ab6d0000 r--p 00010000 08:15 12329484                   /usr/lib/x86_64-linux-gnu/libXext.so.6.4.0
7ff2ab6d0000-7ff2ab6d1000 rw-p 00011000 08:15 12329484                   /usr/lib/x86_64-linux-gnu/libXext.so.6.4.0
7ff2ab6d1000-7ff2ab725000 r-xp 00000000 08:15 12980593                   /usr/lib/jvm/java-8-oracle/jre/lib/amd64/libawt_xawt.so
7ff2ab725000-7ff2ab925000 ---p 00054000 08:15 12980593                   /usr/lib/jvm/java-8-oracle/jre/lib/amd64/libawt_xawt.so
7ff2ab925000-7ff2ab929000 rw-p 00054000 08:15 12980593                   /usr/lib/jvm/java-8-oracle/jre/lib/amd64/libawt_xawt.so
7ff2ab929000-7ff2ab92a000 rw-p 00000000 00:00 0 
7ff2ab92a000-7ff2ab9cc000 r-xp 00000000 08:15 12980626                   /usr/lib/jvm/java-8-oracle/jre/lib/amd64/libawt.so
7ff2ab9cc000-7ff2abbcc000 ---p 000a2000 08:15 12980626                   /usr/lib/jvm/java-8-oracle/jre/lib/amd64/libawt.so
7ff2abbcc000-7ff2abbd8000 rw-p 000a2000 08:15 12980626                   /usr/lib/jvm/java-8-oracle/jre/lib/amd64/libawt.so
7ff2abbd8000-7ff2abbfc000 rw-p 00000000 00:00 0 
7ff2abbfc000-7ff2abbfd000 ---p 00000000 00:00 0 
7ff2abbfd000-7ff2abcfd000 rw-p 00000000 00:00 0 
7ff2abcfd000-7ff2abd00000 ---p 00000000 00:00 0 
7ff2abd00000-7ff2abdfe000 rw-p 00000000 00:00 0 
7ff2abdfe000-7ff2abe01000 ---p 00000000 00:00 0 
7ff2abe01000-7ff2abeff000 rw-p 00000000 00:00 0 
7ff2abeff000-7ff2abf02000 ---p 00000000 00:00 0 
7ff2abf02000-7ff2ac000000 rw-p 00000000 00:00 0 
7ff2ac000000-7ff2ac021000 rw-p 00000000 00:00 0 
7ff2ac021000-7ff2b0000000 ---p 00000000 00:00 0 
7ff2b0000000-7ff2b0021000 rw-p 00000000 00:00 0 
7ff2b0021000-7ff2b4000000 ---p 00000000 00:00 0 
7ff2b4000000-7ff2b4021000 rw-p 00000000 00:00 0 
7ff2b4021000-7ff2b8000000 ---p 00000000 00:00 0 
7ff2b8000000-7ff2b8021000 rw-p 00000000 00:00 0 
7ff2b8021000-7ff2bc000000 ---p 00000000 00:00 0 
7ff2bc000000-7ff2bc021000 rw-p 00000000 00:00 0 
7ff2bc021000-7ff2c0000000 ---p 00000000 00:00 0 
7ff2c0000000-7ff2c0021000 rw-p 00000000 00:00 0 
7ff2c0021000-7ff2c4000000 ---p 00000000 00:00 0 
7ff2c4000000-7ff2c4021000 rw-p 00000000 00:00 0 
7ff2c4021000-7ff2c8000000 ---p 00000000 00:00 0 
7ff2c8000000-7ff2c8021000 rw-p 00000000 00:00 0 
7ff2c8021000-7ff2cc000000 ---p 00000000 00:00 0 
7ff2cc06e000-7ff2cc071000 ---p 00000000 00:00 0 
7ff2cc071000-7ff2cc16f000 rw-p 00000000 00:00 0 
7ff2cc16f000-7ff2cc172000 ---p 00000000 00:00 0 
7ff2cc172000-7ff2d0000000 rw-p 00000000 00:00 0 
7ff2d0000000-7ff2d0021000 rw-p 00000000 00:00 0 
7ff2d0021000-7ff2d4000000 ---p 00000000 00:00 0 
7ff2d4000000-7ff2d4021000 rw-p 00000000 00:00 0 
7ff2d4021000-7ff2d8000000 ---p 00000000 00:00 0 
7ff2d8000000-7ff2d8021000 rw-p 00000000 00:00 0 
7ff2d8021000-7ff2dc000000 ---p 00000000 00:00 0 
7ff2dc050000-7ff2dc054000 r--s 00097000 08:15 12855478                   /usr/lib/jvm/java-8-oracle/jre/lib/jsse.jar
7ff2dc054000-7ff2dc055000 r--s 00004000 08:15 13654818                   /home/nokorot/Workspace/Java/PS/PS 3.0.0/LWJGL3/lwjgl-xxhash.jar
7ff2dc055000-7ff2dc056000 r--s 00001000 08:15 13654817                   /home/nokorot/Workspace/Java/PS/PS 3.0.0/LWJGL3/lwjgl-xxhash-natives-linux.jar
7ff2dc056000-7ff2dc05f000 r--s 000a6000 08:15 13654825                   /home/nokorot/Workspace/Java/PS/PS 3.0.0/LWJGL3/lwjgl-vulkan.jar
7ff2dc05f000-7ff2dc064000 r--s 000ac000 08:15 13654824                   /home/nokorot/Workspace/Java/PS/PS 3.0.0/LWJGL3/lwjgl-vulkan-sources.jar
7ff2dc064000-7ff2dc065000 r--s 00001000 08:15 13654813                   /home/nokorot/Workspace/Java/PS/PS 3.0.0/LWJGL3/lwjgl-tinyfd.jar
7ff2dc065000-7ff2dc066000 r--s 00007000 08:15 13654815                   /home/nokorot/Workspace/Java/PS/PS 3.0.0/LWJGL3/lwjgl-tinyfd-natives-linux.jar
7ff2dc066000-7ff2dc069000 r--s 00012000 08:15 13654809                   /home/nokorot/Workspace/Java/PS/PS 3.0.0/LWJGL3/lwjgl-stb.jar
7ff2dc069000-7ff2dc06a000 r--s 0002c000 08:15 13654808                   /home/nokorot/Workspace/Java/PS/PS 3.0.0/LWJGL3/lwjgl-stb-natives-linux.jar
7ff2dc06a000-7ff2dc06b000 r--s 00000000 08:15 13654803                   /home/nokorot/Workspace/Java/PS/PS 3.0.0/LWJGL3/lwjgl-sse.jar
7ff2dc06b000-7ff2dc06c000 r--s 00000000 08:15 13654802                   /home/nokorot/Workspace/Java/PS/PS 3.0.0/LWJGL3/lwjgl-sse-natives-linux.jar
7ff2dc06c000-7ff2dc06e000 r--s 00058000 08:15 13654804                   /home/nokorot/Workspace/Java/PS/PS 3.0.0/LWJGL3/lwjgl-sse-javadoc.jar
7ff2dc06e000-7ff2dc070000 r--s 00001000 08:15 13654799                   /home/nokorot/Workspace/Java/PS/PS 3.0.0/LWJGL3/lwjgl-par.jar
7ff2dc070000-7ff2dc071000 r--s 00005000 08:15 13654795                   /home/nokorot/Workspace/Java/PS/PS 3.0.0/LWJGL3/lwjgl-par-natives-linux.jar
7ff2dc071000-7ff2dc077000 r--s 00048000 08:15 13654794                   /home/nokorot/Workspace/Java/PS/PS 3.0.0/LWJGL3/lwjgl-opengles.jar
7ff2dc077000-7ff2dc078000 r--s 00007000 08:15 13654792                   /home/nokorot/Workspace/Java/PS/PS 3.0.0/LWJGL3/lwjgl-opengles-natives-linux.jar
7ff2dc078000-7ff2dc081000 r--s 000ba000 08:15 13654797                   /home/nokorot/Workspace/Java/PS/PS 3.0.0/LWJGL3/lwjgl-opengl.jar
7ff2dc081000-7ff2dc082000 r--s 00015000 08:15 13654789                   /home/nokorot/Workspace/Java/PS/PS 3.0.0/LWJGL3/lwjgl-opengl-natives-linux.jar
7ff2dc082000-7ff2dc085000 r--s 00023000 08:15 13654790                   /home/nokorot/Workspace/Java/PS/PS 3.0.0/LWJGL3/lwjgl-opencl.jar
7ff2dc085000-7ff2dc087000 r--s 00010000 08:15 13654776                   /home/nokorot/Workspace/Java/PS/PS 3.0.0/LWJGL3/lwjgl-openal.jar
7ff2dc087000-7ff2dc08c000 r--s 00054000 08:15 13654782                   /home/nokorot/Workspace/Java/PS/PS 3.0.0/LWJGL3/lwjgl-nuklear.jar
7ff2dc08c000-7ff2dc08f000 ---p 00000000 00:00 0 
7ff2dc08f000-7ff2dc18d000 rw-p 00000000 00:00 0 
7ff2dc18d000-7ff2dc191000 r-xp 00000000 08:15 12980607                   /usr/lib/jvm/java-8-oracle/jre/lib/amd64/libdt_socket.so
7ff2dc191000-7ff2dc390000 ---p 00004000 08:15 12980607                   /usr/lib/jvm/java-8-oracle/jre/lib/amd64/libdt_socket.so
7ff2dc390000-7ff2dc391000 rw-p 00003000 08:15 12980607                   /usr/lib/jvm/java-8-oracle/jre/lib/amd64/libdt_socket.so
7ff2dc391000-7ff2dc394000 ---p 00000000 00:00 0 
7ff2dc394000-7ff2dc492000 rw-p 00000000 00:00 0 
7ff2dc492000-7ff2dc495000 ---p 00000000 00:00 0 
7ff2dc495000-7ff2dc593000 rw-p 00000000 00:00 0 
7ff2dc593000-7ff2dc596000 ---p 00000000 00:00 0 
7ff2dc596000-7ff2dc694000 rw-p 00000000 00:00 0 
7ff2dc694000-7ff2dc695000 ---p 00000000 00:00 0 
7ff2dc695000-7ff2dd000000 rw-p 00000000 00:00 0 
7ff2dd000000-7ff2dd270000 rwxp 00000000 00:00 0 
7ff2dd270000-7ff2ec000000 ---p 00000000 00:00 0 
7ff2ec000000-7ff2ec7c5000 rw-p 00000000 00:00 0 
7ff2ec7c5000-7ff2f0000000 ---p 00000000 00:00 0 
7ff2f0000000-7ff2f0001000 r--s 0004a000 08:15 13654787                   /home/nokorot/Workspace/Java/PS/PS 3.0.0/LWJGL3/lwjgl-openal-natives-linux.jar
7ff2f0001000-7ff2f0002000 r--s 0001f000 08:15 13654772                   /home/nokorot/Workspace/Java/PS/PS 3.0.0/LWJGL3/lwjgl-nuklear-natives-linux.jar
7ff2f0002000-7ff2f0003000 r--s 00001000 08:15 13654766                   /home/nokorot/Workspace/Java/PS/PS 3.0.0/LWJGL3/lwjgl-nfd.jar
7ff2f0003000-7ff2f0004000 r--s 00001000 08:15 13654764                   /home/nokorot/Workspace/Java/PS/PS 3.0.0/LWJGL3/lwjgl-nfd-natives-linux.jar
7ff2f0004000-7ff2f0005000 r--s 00011000 08:15 13654822                   /home/nokorot/Workspace/Java/PS/PS 3.0.0/LWJGL3/lwjgl-natives-linux.jar
7ff2f0005000-7ff2f0007000 r--s 00008000 08:15 13654756                   /home/nokorot/Workspace/Java/PS/PS 3.0.0/LWJGL3/lwjgl-nanovg.jar
7ff2f0007000-7ff2f077e000 rw-p 00000000 00:00 0 
7ff2f077e000-7ff2f0956000 r--s 03d2a000 08:15 12855517                   /usr/lib/jvm/java-8-oracle/jre/lib/rt.jar
7ff2f0956000-7ff2f10cc000 rw-p 00000000 00:00 0 
7ff2f10cc000-7ff2f11cc000 ---p 00000000 00:00 0 
7ff2f11cc000-7ff2f15a5000 rw-p 00000000 00:00 0 
7ff2f15a5000-7ff2f15a6000 ---p 00000000 00:00 0 
7ff2f15a6000-7ff2f16a6000 rw-p 00000000 00:00 0 
7ff2f16a6000-7ff2f16a7000 ---p 00000000 00:00 0 
7ff2f16a7000-7ff2f17a7000 rw-p 00000000 00:00 0 
7ff2f17a7000-7ff2f17a8000 ---p 00000000 00:00 0 
7ff2f17a8000-7ff2f18a8000 rw-p 00000000 00:00 0 
7ff2f18a8000-7ff2f18a9000 ---p 00000000 00:00 0 
7ff2f18a9000-7ff2f19d3000 rw-p 00000000 00:00 0 
7ff2f19d3000-7ff2f1c3a000 ---p 00000000 00:00 0 
7ff2f1c3a000-7ff2f1c64000 rw-p 00000000 00:00 0 
7ff2f1c64000-7ff2f1eca000 ---p 00000000 00:00 0 
7ff2f1eca000-7ff2f1ee0000 rw-p 00000000 00:00 0 
7ff2f1ee0000-7ff2f2013000 ---p 00000000 00:00 0 
7ff2f2013000-7ff2f201e000 rw-p 00000000 00:00 0 
7ff2f201e000-7ff2f23d4000 ---p 00000000 00:00 0 
7ff2f23d4000-7ff2f23ee000 r-xp 00000000 08:15 12980589                   /usr/lib/jvm/java-8-oracle/jre/lib/amd64/libzip.so
7ff2f23ee000-7ff2f25ee000 ---p 0001a000 08:15 12980589                   /usr/lib/jvm/java-8-oracle/jre/lib/amd64/libzip.so
7ff2f25ee000-7ff2f25ef000 rw-p 0001a000 08:15 12980589                   /usr/lib/jvm/java-8-oracle/jre/lib/amd64/libzip.so
7ff2f25ef000-7ff2f25fa000 r-xp 00000000 08:15 7082071                    /lib/x86_64-linux-gnu/libnss_files-2.23.so
7ff2f25fa000-7ff2f27f9000 ---p 0000b000 08:15 7082071                    /lib/x86_64-linux-gnu/libnss_files-2.23.so
7ff2f27f9000-7ff2f27fa000 r--p 0000a000 08:15 7082071                    /lib/x86_64-linux-gnu/libnss_files-2.23.so
7ff2f27fa000-7ff2f27fb000 rw-p 0000b000 08:15 7082071                    /lib/x86_64-linux-gnu/libnss_files-2.23.so
7ff2f27fb000-7ff2f2801000 rw-p 00000000 00:00 0 
7ff2f2801000-7ff2f280c000 r-xp 00000000 08:15 7082047                    /lib/x86_64-linux-gnu/libnss_nis-2.23.so
7ff2f280c000-7ff2f2a0b000 ---p 0000b000 08:15 7082047                    /lib/x86_64-linux-gnu/libnss_nis-2.23.so
7ff2f2a0b000-7ff2f2a0c000 r--p 0000a000 08:15 7082047                    /lib/x86_64-linux-gnu/libnss_nis-2.23.so
7ff2f2a0c000-7ff2f2a0d000 rw-p 0000b000 08:15 7082047                    /lib/x86_64-linux-gnu/libnss_nis-2.23.so
7ff2f2a0d000-7ff2f2a23000 r-xp 00000000 08:15 7082063                    /lib/x86_64-linux-gnu/libnsl-2.23.so
7ff2f2a23000-7ff2f2c22000 ---p 00016000 08:15 7082063                    /lib/x86_64-linux-gnu/libnsl-2.23.so
7ff2f2c22000-7ff2f2c23000 r--p 00015000 08:15 7082063                    /lib/x86_64-linux-gnu/libnsl-2.23.so
7ff2f2c23000-7ff2f2c24000 rw-p 00016000 08:15 7082063                    /lib/x86_64-linux-gnu/libnsl-2.23.so
7ff2f2c24000-7ff2f2c26000 rw-p 00000000 00:00 0 
7ff2f2c26000-7ff2f2c2e000 r-xp 00000000 08:15 7082065                    /lib/x86_64-linux-gnu/libnss_compat-2.23.so
7ff2f2c2e000-7ff2f2e2d000 ---p 00008000 08:15 7082065                    /lib/x86_64-linux-gnu/libnss_compat-2.23.so
7ff2f2e2d000-7ff2f2e2e000 r--p 00007000 08:15 7082065                    /lib/x86_64-linux-gnu/libnss_compat-2.23.so
7ff2f2e2e000-7ff2f2e2f000 rw-p 00008000 08:15 7082065                    /lib/x86_64-linux-gnu/libnss_compat-2.23.so
7ff2f2e2f000-7ff2f3286000 r--p 00000000 08:15 12322328                   /usr/lib/locale/locale-archive
7ff2f3286000-7ff2f3288000 r-xp 00000000 08:15 12980597                   /usr/lib/jvm/java-8-oracle/jre/lib/amd64/libnpt.so
7ff2f3288000-7ff2f3488000 ---p 00002000 08:15 12980597                   /usr/lib/jvm/java-8-oracle/jre/lib/amd64/libnpt.so
7ff2f3488000-7ff2f3489000 rw-p 00002000 08:15 12980597                   /usr/lib/jvm/java-8-oracle/jre/lib/amd64/libnpt.so
7ff2f3489000-7ff2f34c2000 r-xp 00000000 08:15 12980352                   /usr/lib/jvm/java-8-oracle/jre/lib/amd64/libjdwp.so
7ff2f34c2000-7ff2f36c1000 ---p 00039000 08:15 12980352                   /usr/lib/jvm/java-8-oracle/jre/lib/amd64/libjdwp.so
7ff2f36c1000-7ff2f36c3000 rw-p 00038000 08:15 12980352                   /usr/lib/jvm/java-8-oracle/jre/lib/amd64/libjdwp.so
7ff2f36c3000-7ff2f36ee000 r-xp 00000000 08:15 12980616                   /usr/lib/jvm/java-8-oracle/jre/lib/amd64/libjava.so
7ff2f36ee000-7ff2f38ed000 ---p 0002b000 08:15 12980616                   /usr/lib/jvm/java-8-oracle/jre/lib/amd64/libjava.so
7ff2f38ed000-7ff2f38ef000 rw-p 0002a000 08:15 12980616                   /usr/lib/jvm/java-8-oracle/jre/lib/amd64/libjava.so
7ff2f38ef000-7ff2f38fc000 r-xp 00000000 08:15 12980358                   /usr/lib/jvm/java-8-oracle/jre/lib/amd64/libverify.so
7ff2f38fc000-7ff2f3afb000 ---p 0000d000 08:15 12980358                   /usr/lib/jvm/java-8-oracle/jre/lib/amd64/libverify.so
7ff2f3afb000-7ff2f3afd000 rw-p 0000c000 08:15 12980358                   /usr/lib/jvm/java-8-oracle/jre/lib/amd64/libverify.so
7ff2f3afd000-7ff2f3b04000 r-xp 00000000 08:15 7082046                    /lib/x86_64-linux-gnu/librt-2.23.so
7ff2f3b04000-7ff2f3d03000 ---p 00007000 08:15 7082046                    /lib/x86_64-linux-gnu/librt-2.23.so
7ff2f3d03000-7ff2f3d04000 r--p 00006000 08:15 7082046                    /lib/x86_64-linux-gnu/librt-2.23.so
7ff2f3d04000-7ff2f3d05000 rw-p 00007000 08:15 7082046                    /lib/x86_64-linux-gnu/librt-2.23.so
7ff2f3d05000-7ff2f3e0d000 r-xp 00000000 08:15 7082058                    /lib/x86_64-linux-gnu/libm-2.23.so
7ff2f3e0d000-7ff2f400c000 ---p 00108000 08:15 7082058                    /lib/x86_64-linux-gnu/libm-2.23.so
7ff2f400c000-7ff2f400d000 r--p 00107000 08:15 7082058                    /lib/x86_64-linux-gnu/libm-2.23.so
7ff2f400d000-7ff2f400e000 rw-p 00108000 08:15 7082058                    /lib/x86_64-linux-gnu/libm-2.23.so
7ff2f400e000-7ff2f4cdb000 r-xp 00000000 08:15 12980620                   /usr/lib/jvm/java-8-oracle/jre/lib/amd64/server/libjvm.so
7ff2f4cdb000-7ff2f4eda000 ---p 00ccd000 08:15 12980620                   /usr/lib/jvm/java-8-oracle/jre/lib/amd64/server/libjvm.so
7ff2f4eda000-7ff2f4fb3000 rw-p 00ccc000 08:15 12980620                   /usr/lib/jvm/java-8-oracle/jre/lib/amd64/server/libjvm.so
7ff2f4fb3000-7ff2f4ffe000 rw-p 00000000 00:00 0 
7ff2f4ffe000-7ff2f51bd000 r-xp 00000000 08:15 7082051                    /lib/x86_64-linux-gnu/libc-2.23.so
7ff2f51bd000-7ff2f53bd000 ---p 001bf000 08:15 7082051                    /lib/x86_64-linux-gnu/libc-2.23.so
7ff2f53bd000-7ff2f53c1000 r--p 001bf000 08:15 7082051                    /lib/x86_64-linux-gnu/libc-2.23.so
7ff2f53c1000-7ff2f53c3000 rw-p 001c3000 08:15 7082051                    /lib/x86_64-linux-gnu/libc-2.23.so
7ff2f53c3000-7ff2f53c7000 rw-p 00000000 00:00 0 
7ff2f53c7000-7ff2f53ca000 r-xp 00000000 08:15 7082050                    /lib/x86_64-linux-gnu/libdl-2.23.so
7ff2f53ca000-7ff2f55c9000 ---p 00003000 08:15 7082050                    /lib/x86_64-linux-gnu/libdl-2.23.so
7ff2f55c9000-7ff2f55ca000 r--p 00002000 08:15 7082050                    /lib/x86_64-linux-gnu/libdl-2.23.so
7ff2f55ca000-7ff2f55cb000 rw-p 00003000 08:15 7082050                    /lib/x86_64-linux-gnu/libdl-2.23.so
7ff2f55cb000-7ff2f55e0000 r-xp 00000000 08:15 12585246                   /usr/lib/jvm/java-8-oracle/lib/amd64/jli/libjli.so
7ff2f55e0000-7ff2f57e0000 ---p 00015000 08:15 12585246                   /usr/lib/jvm/java-8-oracle/lib/amd64/jli/libjli.so
7ff2f57e0000-7ff2f57e1000 rw-p 00015000 08:15 12585246                   /usr/lib/jvm/java-8-oracle/lib/amd64/jli/libjli.so
7ff2f57e1000-7ff2f57f9000 r-xp 00000000 08:15 7082059                    /lib/x86_64-linux-gnu/libpthread-2.23.so
7ff2f57f9000-7ff2f59f8000 ---p 00018000 08:15 7082059                    /lib/x86_64-linux-gnu/libpthread-2.23.so
7ff2f59f8000-7ff2f59f9000 r--p 00017000 08:15 7082059                    /lib/x86_64-linux-gnu/libpthread-2.23.so
7ff2f59f9000-7ff2f59fa000 rw-p 00018000 08:15 7082059                    /lib/x86_64-linux-gnu/libpthread-2.23.so
7ff2f59fa000-7ff2f59fe000 rw-p 00000000 00:00 0 
7ff2f59fe000-7ff2f5a24000 r-xp 00000000 08:15 7082039                    /lib/x86_64-linux-gnu/ld-2.23.so
7ff2f5a24000-7ff2f5a25000 r--s 0001f000 08:15 13654762                   /home/nokorot/Workspace/Java/PS/PS 3.0.0/LWJGL3/lwjgl-nanovg-natives-linux.jar
7ff2f5a25000-7ff2f5a27000 r--s 00005000 08:15 13654746                   /home/nokorot/Workspace/Java/PS/PS 3.0.0/LWJGL3/lwjgl-lmdb.jar
7ff2f5a27000-7ff2f5af2000 rw-p 00000000 00:00 0 
7ff2f5af2000-7ff2f5af5000 ---p 00000000 00:00 0 
7ff2f5af5000-7ff2f5bf7000 rw-p 00000000 00:00 0 
7ff2f5bf7000-7ff2f5bf8000 r--s 0000d000 08:15 13654750                   /home/nokorot/Workspace/Java/PS/PS 3.0.0/LWJGL3/lwjgl-lmdb-natives-linux.jar
7ff2f5bf8000-7ff2f5bfa000 r--s 00007000 08:15 13654736                   /home/nokorot/Workspace/Java/PS/PS 3.0.0/LWJGL3/lwjgl-jemalloc.jar
7ff2f5bfa000-7ff2f5bfb000 r--s 00019000 08:15 13654734                   /home/nokorot/Workspace/Java/PS/PS 3.0.0/LWJGL3/lwjgl-jemalloc-natives-linux.jar
7ff2f5bfb000-7ff2f5bfc000 r--s 00005000 08:15 13654724                   /home/nokorot/Workspace/Java/PS/PS 3.0.0/LWJGL3/lwjgl-jawt.jar
7ff2f5bfc000-7ff2f5bfe000 r--s 00066000 08:15 13654732                   /home/nokorot/Workspace/Java/PS/PS 3.0.0/LWJGL3/lwjgl-jawt-javadoc.jar
7ff2f5bfe000-7ff2f5c01000 r--s 00015000 08:15 13654722                   /home/nokorot/Workspace/Java/PS/PS 3.0.0/LWJGL3/lwjgl-glfw.jar
7ff2f5c01000-7ff2f5c02000 r--s 0000e000 08:15 13654716                   /home/nokorot/Workspace/Java/PS/PS 3.0.0/LWJGL3/lwjgl-glfw-natives-linux.jar
7ff2f5c02000-7ff2f5c06000 r--s 0001b000 08:15 13654708                   /home/nokorot/Workspace/Java/PS/PS 3.0.0/LWJGL3/lwjgl-egl.jar
7ff2f5c06000-7ff2f5c0a000 r--s 0001e000 08:15 13654712                   /home/nokorot/Workspace/Java/PS/PS 3.0.0/LWJGL3/lwjgl-egl-sources.jar
7ff2f5c0a000-7ff2f5c0d000 r--s 0001f000 08:15 13654702                   /home/nokorot/Workspace/Java/PS/PS 3.0.0/LWJGL3/lwjgl-bgfx.jar
7ff2f5c0d000-7ff2f5c0e000 r--s 00042000 08:15 13654704                   /home/nokorot/Workspace/Java/PS/PS 3.0.0/LWJGL3/lwjgl-bgfx-natives-linux.jar
7ff2f5c0e000-7ff2f5c12000 r--s 0002a000 08:15 13654692                   /home/nokorot/Workspace/Java/PS/PS 3.0.0/LWJGL3/lwjgl-assimp.jar
7ff2f5c12000-7ff2f5c13000 r--s 002ae000 08:15 13654740                   /home/nokorot/Workspace/Java/PS/PS 3.0.0/LWJGL3/lwjgl-assimp-natives-linux.jar
7ff2f5c13000-7ff2f5c17000 r--s 0003d000 08:15 13654827                   /home/nokorot/Workspace/Java/PS/PS 3.0.0/LWJGL3/lwjgl.jar
7ff2f5c17000-7ff2f5c1f000 rw-s 00000000 08:15 1325743                    /tmp/hsperfdata_nokorot/1869
7ff2f5c1f000-7ff2f5c20000 rw-p 00000000 00:00 0 
7ff2f5c20000-7ff2f5c21000 r--p 00000000 00:00 0 
7ff2f5c21000-7ff2f5c23000 rw-p 00000000 00:00 0 
7ff2f5c23000-7ff2f5c24000 r--p 00025000 08:15 7082039                    /lib/x86_64-linux-gnu/ld-2.23.so
7ff2f5c24000-7ff2f5c25000 rw-p 00026000 08:15 7082039                    /lib/x86_64-linux-gnu/ld-2.23.so
7ff2f5c25000-7ff2f5c26000 rw-p 00000000 00:00 0 
7ffd8dd54000-7ffd8dd76000 rw-p 00000000 00:00 0                          [stack]
7ffd8dd82000-7ffd8dd84000 r--p 00000000 00:00 0                          [vvar]
7ffd8dd84000-7ffd8dd86000 r-xp 00000000 00:00 0                          [vdso]
ffffffffff600000-ffffffffff601000 r-xp 00000000 00:00 0                  [vsyscall]

VM Arguments:
jvm_args: -agentlib:jdwp=transport=dt_socket,suspend=y,address=localhost:36268 -Djava.library.path=/home/noko/workspace/Java/Test/Test/LWJGL3 -Dfile.encoding=UTF-8 
java_command: engineTest.Main
java_class_path (initial): /home/nokorot/Workspace/Java/PS/PS 3.0.0/bin:/home/nokorot/Workspace/Java/PS/PS 3.0.0/LWJGL3/lwjgl.jar:/home/nokorot/Workspace/Java/PS/PS 3.0.0/LWJGL3/lwjgl-assimp-natives-linux.jar:/home/nokorot/Workspace/Java/PS/PS 3.0.0/LWJGL3/lwjgl-assimp.jar:/home/nokorot/Workspace/Java/PS/PS 3.0.0/LWJGL3/lwjgl-bgfx-natives-linux.jar:/home/nokorot/Workspace/Java/PS/PS 3.0.0/LWJGL3/lwjgl-bgfx.jar:/home/nokorot/Workspace/Java/PS/PS 3.0.0/LWJGL3/lwjgl-egl-sources.jar:/home/nokorot/Workspace/Java/PS/PS 3.0.0/LWJGL3/lwjgl-egl.jar:/home/nokorot/Workspace/Java/PS/PS 3.0.0/LWJGL3/lwjgl-glfw-natives-linux.jar:/home/nokorot/Workspace/Java/PS/PS 3.0.0/LWJGL3/lwjgl-glfw.jar:/home/nokorot/Workspace/Java/PS/PS 3.0.0/LWJGL3/lwjgl-jawt-javadoc.jar:/home/nokorot/Workspace/Java/PS/PS 3.0.0/LWJGL3/lwjgl-jawt.jar:/home/nokorot/Workspace/Java/PS/PS 3.0.0/LWJGL3/lwjgl-jemalloc-natives-linux.jar:/home/nokorot/Workspace/Java/PS/PS 3.0.0/LWJGL3/lwjgl-jemalloc.jar:/home/nokorot/Workspace/Java/PS/PS 3.0.0/LWJGL3/lwjgl-lmdb-natives-linux.jar:/home/nokorot/Workspace/Java/PS/PS 3.0.0/LWJGL3/lwjgl-lmdb.jar:/home/nokorot/Workspace/Java/PS/PS 3.0.0/LWJGL3/lwjgl-nanovg-natives-linux.jar:/home/nokorot/Workspace/Java/PS/PS 3.0.0/LWJGL3/lwjgl-nanovg.jar:/home/nokorot/Workspace/Java/PS/PS 3.0.0/LWJGL3/lwjgl-natives-linux.jar:/home/nokorot/Workspace/Java/PS/PS 3.0.0/LWJGL3/lwjgl-nfd-natives-linux.jar:/home/nokorot/Workspace/Java/PS/PS 3.0.0/LWJGL3/lwjgl-nfd.jar:/home/nokorot/Workspace/Java/PS/PS 3.0.0/LWJGL3/lwjgl-nuklear-natives-linux.jar:/home/nokorot/Workspace/Java/PS/PS 3.0.0/LWJGL3/lwjgl-nuklear.jar:/home/nokorot/Workspace/Java/PS/PS 3.0.0/LWJGL3/lwjgl-openal-natives-linux.jar:/home/nokorot/Workspace/Java/PS/PS 3.0.0/LWJGL3/lwjgl-openal.jar:/home/nokorot/Workspace/Java/PS/PS 3.0.0/LWJGL3/lwjgl-opencl.jar:/home/nokorot/Workspace/Java/PS/PS 3.0.0/LWJGL3/lwjgl-opengl-natives-linux.jar:/home/nokorot/Workspace/Java/PS/PS 3.0.0/LWJGL3/lwjgl-opengl.jar:/home/nokorot/Workspace/Java/PS/PS 3.
Launcher Type: SUN_STANDARD

Environment Variables:
JAVA_HOME=/usr/lib/jvm/java-8-oracle
PATH=/home/nokorot/.cabal/bin:/opt/cabal/1.22/bin:/opt/ghc/7.10.3/bin:/home/nokorot/.bin:/home/nokorot/bin:/home/nokorot/.local/bin:/usr/local/sbin:/usr/local/bin:/usr/sbin:/usr/bin:/sbin:/bin:/usr/games:/usr/local/games:/snap/bin:/usr/lib/jvm/java-8-oracle/bin:/usr/lib/jvm/java-8-oracle/db/bin:/usr/lib/jvm/java-8-oracle/jre/bin
USERNAME=nokorot
SHELL=/bin/bash
DISPLAY=:1

Signal Handlers:
SIGSEGV: [libjvm.so+0xac64b0], sa_mask[0]=11111111011111111101111111111110, sa_flags=SA_RESTART|SA_SIGINFO
SIGBUS: [libjvm.so+0xac64b0], sa_mask[0]=11111111011111111101111111111110, sa_flags=SA_RESTART|SA_SIGINFO
SIGFPE: [libjvm.so+0x91f950], sa_mask[0]=11111111011111111101111111111110, sa_flags=SA_RESTART|SA_SIGINFO
SIGPIPE: [libjvm.so+0x91f950], sa_mask[0]=11111111011111111101111111111110, sa_flags=SA_RESTART|SA_SIGINFO
SIGXFSZ: [libjvm.so+0x91f950], sa_mask[0]=11111111011111111101111111111110, sa_flags=SA_RESTART|SA_SIGINFO
SIGILL: [libjvm.so+0x91f950], sa_mask[0]=11111111011111111101111111111110, sa_flags=SA_RESTART|SA_SIGINFO
SIGUSR1: SIG_DFL, sa_mask[0]=00000000000000000000000000000000, sa_flags=none
SIGUSR2: [libjvm.so+0x920f80], sa_mask[0]=00100000000000000000000000000000, sa_flags=SA_RESTART|SA_SIGINFO
SIGHUP: [libjvm.so+0x922380], sa_mask[0]=11111111011111111101111111111110, sa_flags=SA_RESTART|SA_SIGINFO
SIGINT: [libjvm.so+0x922380], sa_mask[0]=11111111011111111101111111111110, sa_flags=SA_RESTART|SA_SIGINFO
SIGTERM: [libjvm.so+0x922380], sa_mask[0]=11111111011111111101111111111110, sa_flags=SA_RESTART|SA_SIGINFO
SIGQUIT: [libjvm.so+0x922380], sa_mask[0]=11111111011111111101111111111110, sa_flags=SA_RESTART|SA_SIGINFO


---------------  S Y S T E M  ---------------

OS:DISTRIB_ID=Ubuntu
DISTRIB_RELEASE=16.04
DISTRIB_CODENAME=xenial
DISTRIB_DESCRIPTION="Ubuntu 16.04.1 LTS"

uname:Linux 4.4.0-59-generic #80-Ubuntu SMP Fri Jan 6 17:47:47 UTC 2017 x86_64
libc:glibc 2.23 NPTL 2.23 
rlimit: STACK 8192k, CORE 0k, NPROC 31349, NOFILE 65536, AS infinity
load average:0,75 0,85 0,88

/proc/meminfo:
MemTotal:        8065832 kB
MemFree:          276160 kB
MemAvailable:    2439940 kB
Buffers:          194460 kB
Cached:          3030388 kB
SwapCached:         1256 kB
Active:          5426112 kB
Inactive:        1980728 kB
Active(anon):    3942932 kB
Inactive(anon):  1169616 kB
Active(file):    1483180 kB
Inactive(file):   811112 kB
Unevictable:         496 kB
Mlocked:             496 kB
SwapTotal:       1951740 kB
SwapFree:        1924648 kB
Dirty:              3672 kB
Writeback:             0 kB
AnonPages:       4181640 kB
Mapped:           856476 kB
Shmem:            930396 kB
Slab:             224300 kB
SReclaimable:     174384 kB
SUnreclaim:        49916 kB
KernelStack:       14560 kB
PageTables:        67328 kB
NFS_Unstable:          0 kB
Bounce:                0 kB
WritebackTmp:          0 kB
CommitLimit:     5984656 kB
Committed_AS:   11453772 kB
VmallocTotal:   34359738367 kB
VmallocUsed:           0 kB
VmallocChunk:          0 kB
HardwareCorrupted:     0 kB
AnonHugePages:   2119680 kB
CmaTotal:              0 kB
CmaFree:               0 kB
HugePages_Total:       0
HugePages_Free:        0
HugePages_Rsvd:        0
HugePages_Surp:        0
Hugepagesize:       2048 kB
DirectMap4k:      255272 kB
DirectMap2M:     8024064 kB


CPU:total 4 (2 cores per cpu, 2 threads per core) family 6 model 58 stepping 9, cmov, cx8, fxsr, mmx, sse, sse2, sse3, ssse3, sse4.1, sse4.2, popcnt, avx, aes, clmul, erms, ht, tsc, tscinvbit, tscinv

/proc/cpuinfo:
processor	: 0
vendor_id	: GenuineIntel
cpu family	: 6
model		: 58
model name	: Intel(R) Core(TM) i5-3210M CPU @ 2.50GHz
stepping	: 9
microcode	: 0x15
cpu MHz		: 2900.000
cache size	: 3072 KB
physical id	: 0
siblings	: 4
core id		: 0
cpu cores	: 2
apicid		: 0
initial apicid	: 0
fpu		: yes
fpu_exception	: yes
cpuid level	: 13
wp		: yes
flags		: fpu vme de pse tsc msr pae mce cx8 apic sep mtrr pge mca cmov pat pse36 clflush dts acpi mmx fxsr sse sse2 ss ht tm pbe syscall nx rdtscp lm constant_tsc arch_perfmon pebs bts rep_good nopl xtopology nonstop_tsc aperfmperf eagerfpu pni pclmulqdq dtes64 monitor ds_cpl vmx est tm2 ssse3 cx16 xtpr pdcm pcid sse4_1 sse4_2 x2apic popcnt tsc_deadline_timer aes xsave avx f16c rdrand lahf_lm epb tpr_shadow vnmi flexpriority ept vpid fsgsbase smep erms xsaveopt dtherm ida arat pln pts
bugs		:
bogomips	: 4989.04
clflush size	: 64
cache_alignment	: 64
address sizes	: 36 bits physical, 48 bits virtual
power management:

processor	: 1
vendor_id	: GenuineIntel
cpu family	: 6
model		: 58
model name	: Intel(R) Core(TM) i5-3210M CPU @ 2.50GHz
stepping	: 9
microcode	: 0x15
cpu MHz		: 2939.160
cache size	: 3072 KB
physical id	: 0
siblings	: 4
core id		: 1
cpu cores	: 2
apicid		: 2
initial apicid	: 2
fpu		: yes
fpu_exception	: yes
cpuid level	: 13
wp		: yes
flags		: fpu vme de pse tsc msr pae mce cx8 apic sep mtrr pge mca cmov pat pse36 clflush dts acpi mmx fxsr sse sse2 ss ht tm pbe syscall nx rdtscp lm constant_tsc arch_perfmon pebs bts rep_good nopl xtopology nonstop_tsc aperfmperf eagerfpu pni pclmulqdq dtes64 monitor ds_cpl vmx est tm2 ssse3 cx16 xtpr pdcm pcid sse4_1 sse4_2 x2apic popcnt tsc_deadline_timer aes xsave avx f16c rdrand lahf_lm epb tpr_shadow vnmi flexpriority ept vpid fsgsbase smep erms xsaveopt dtherm ida arat pln pts
bugs		:
bogomips	: 4989.04
clflush size	: 64
cache_alignment	: 64
address sizes	: 36 bits physical, 48 bits virtual
power management:

processor	: 2
vendor_id	: GenuineIntel
cpu family	: 6
model		: 58
model name	: Intel(R) Core(TM) i5-3210M CPU @ 2.50GHz
stepping	: 9
microcode	: 0x15
cpu MHz		: 2900.000
cache size	: 3072 KB
physical id	: 0
siblings	: 4
core id		: 0
cpu cores	: 2
apicid		: 1
initial apicid	: 1
fpu		: yes
fpu_exception	: yes
cpuid level	: 13
wp		: yes
flags		: fpu vme de pse tsc msr pae mce cx8 apic sep mtrr pge mca cmov pat pse36 clflush dts acpi mmx fxsr sse sse2 ss ht tm pbe syscall nx rdtscp lm constant_tsc arch_perfmon pebs bts rep_good nopl xtopology nonstop_tsc aperfmperf eagerfpu pni pclmulqdq dtes64 monitor ds_cpl vmx est tm2 ssse3 cx16 xtpr pdcm pcid sse4_1 sse4_2 x2apic popcnt tsc_deadline_timer aes xsave avx f16c rdrand lahf_lm epb tpr_shadow vnmi flexpriority ept vpid fsgsbase smep erms xsaveopt dtherm ida arat pln pts
bugs		:
bogomips	: 4989.04
clflush size	: 64
cache_alignment	: 64
address sizes	: 36 bits physical, 48 bits virtual
power management:

processor	: 3
vendor_id	: GenuineIntel
cpu family	: 6
model		: 58
model name	: Intel(R) Core(TM) i5-3210M CPU @ 2.50GHz
stepping	: 9
microcode	: 0x15
cpu MHz		: 2908.789
cache size	: 3072 KB
physical id	: 0
siblings	: 4
core id		: 1
cpu cores	: 2
apicid		: 3
initial apicid	: 3
fpu		: yes
fpu_exception	: yes
cpuid level	: 13
wp		: yes
flags		: fpu vme de pse tsc msr pae mce cx8 apic sep mtrr pge mca cmov pat pse36 clflush dts acpi mmx fxsr sse sse2 ss ht tm pbe syscall nx rdtscp lm constant_tsc arch_perfmon pebs bts rep_good nopl xtopology nonstop_tsc aperfmperf eagerfpu pni pclmulqdq dtes64 monitor ds_cpl vmx est tm2 ssse3 cx16 xtpr pdcm pcid sse4_1 sse4_2 x2apic popcnt tsc_deadline_timer aes xsave avx f16c rdrand lahf_lm epb tpr_shadow vnmi flexpriority ept vpid fsgsbase smep erms xsaveopt dtherm ida arat pln pts
bugs		:
bogomips	: 4989.04
clflush size	: 64
cache_alignment	: 64
address sizes	: 36 bits physical, 48 bits virtual
power management:



Memory: 4k page, physical 8065832k(275912k free), swap 1951740k(1924648k free)

vm_info: Java HotSpot(TM) 64-Bit Server VM (25.111-b14) for linux-amd64 JRE (1.8.0_111-b14), built on Sep 22 2016 16:14:03 by "java_re" with gcc 4.3.0 20080428 (Red Hat 4.3.0-8)

time: Sun Feb  5 01:42:26 2017
elapsed time: 0 seconds (0d 0h 0m 0s)

