#
# A fatal error has been detected by the Java Runtime Environment:
#
#  SIGSEGV (0xb) at pc=0x00007f717436123c, pid=1903, tid=0x00007f71a4932700
#
# JRE version: Java(TM) SE Runtime Environment (8.0_111-b14) (build 1.8.0_111-b14)
# Java VM: Java HotSpot(TM) 64-Bit Server VM (25.111-b14 mixed mode linux-amd64 compressed oops)
# Problematic frame:
# C  [liblwjgl_opengl.so+0x4d23c]  Java_org_lwjgl_opengl_GL11_nglGenTextures__IJ+0xc
#
# Failed to write core dump. Core dumps have been disabled. To enable core dumping, try "ulimit -c unlimited" before starting Java again
#
# If you would like to submit a bug report, please visit:
#   http://bugreport.java.com/bugreport/crash.jsp
# The crash happened outside the Java Virtual Machine in native code.
# See problematic frame for where to report the bug.
#

---------------  T H R E A D  ---------------

Current thread (0x00007f719c00e800):  JavaThread "main" [_thread_in_native, id=1904, stack(0x00007f71a4832000,0x00007f71a4933000)]

siginfo: si_signo: 11 (SIGSEGV), si_code: 1 (SEGV_MAPERR), si_addr: 0x0000000000000f00

Registers:
RAX=0x0000000000000000, RBX=0x00007f718ca5d6c0, RCX=0x00007f719c4a634c, RDX=0x0000000000000001
RSP=0x00007f71a4931488, RBP=0x00007f71a49314e8, RSI=0x00007f719c4a634c, RDI=0x0000000000000001
R8 =0x0000000000000000, R9 =0x0000000000000004, R10=0x00007f718d01fc78, R11=0x00007f71a3710a70
R12=0x0000000000000000, R13=0x00007f718ca5d6c0, R14=0x00007f71a4931518, R15=0x00007f719c00e800
RIP=0x00007f717436123c, EFLAGS=0x0000000000010287, CSGSFS=0x0000000000000033, ERR=0x0000000000000004
  TRAPNO=0x000000000000000e

Top of Stack: (sp=0x00007f71a4931488)
0x00007f71a4931488:   00007f718d01fca4 00007f71a49314e8
0x00007f71a4931498:   00007f718d01f767 00007f718d01f722
0x00007f71a49314a8:   00007f71a49314a8 00007f718ca5d6c0
0x00007f71a49314b8:   00007f71a4931518 00007f718ca894a8
0x00007f71a49314c8:   0000000000000000 00007f718ca5d6c0
0x00007f71a49314d8:   0000000000000000 00007f71a4931508
0x00007f71a49314e8:   00007f71a4931560 00007f718d00833d
0x00007f71a49314f8:   00000000d76a7760 00007f718d016478
0x00007f71a4931508:   00007f719c4a634c 00000000d78f6ef8
0x00007f71a4931518:   0000000000000001 00007f71a4931520
0x00007f71a4931528:   00007f718ca5d814 00007f71a4931590
0x00007f71a4931538:   00007f718ca894a8 0000000000000000
0x00007f71a4931548:   00007f718ca5d878 00007f71a4931508
0x00007f71a4931558:   00007f71a49315a0 00007f71a4931740
0x00007f71a4931568:   00007f718d1f3004 0000000000000000
0x00007f71a4931578:   0000000000000000 00000000d78f6ef8
0x00007f71a4931588:   0000000000008000 00000000d78af8e0
0x00007f71a4931598:   00007f718d1f3004 00000000000000a3
0x00007f71a49315a8:   00007f718c8b4200 0000000000000030
0x00007f71a49315b8:   00007f718d1f12d0 00007f71a4931660
0x00007f71a49315c8:   00007f71a370fa95 00007f71a4931680
0x00007f71a49315d8:   00007f718d02954b 00007f718d0055d0
0x00007f71a49315e8:   00007f7100000000 00007f71a49316c0
0x00007f71a49315f8:   00007f71a4931680 0000000000000000
0x00007f71a4931608:   0000000000000000 0000000000000000
0x00007f71a4931618:   0000000000000000 00007f7100000000
0x00007f71a4931628:   00007f718d029417 00007f718d0055d0
0x00007f71a4931638:   000000000000002b 0000000000000000
0x00007f71a4931648:   00007f718d1f12d0 00007f71a49316f8
0x00007f71a4931658:   00007f719c00e800 0000012da49316c0
0x00007f71a4931668:   0000000000000084 00000000d7660fa8
0x00007f71a4931678:   00000000d76bace8 00000000d7449100 

Instructions: (pc=0x00007f717436123c)
0x00007f717436121c:   48 8b 80 d8 09 00 00 ff e0 66 66 2e 0f 1f 84 00
0x00007f717436122c:   00 00 00 00 48 8b 07 48 89 ce 89 d7 48 8b 40 18
0x00007f717436123c:   48 8b 80 00 0f 00 00 ff e0 66 66 2e 0f 1f 84 00
0x00007f717436124c:   00 00 00 00 48 8b 07 89 d7 48 8b 40 18 48 8b 80 

Register to memory mapping:

RAX=0x0000000000000000 is an unknown value
RBX={method} {0x00007f718ca5d6c0} 'nglGenTextures' '(IJ)V' in 'org/lwjgl/opengl/GL11'
RCX=0x00007f719c4a634c is an unknown value
RDX=0x0000000000000001 is an unknown value
RSP=0x00007f71a4931488 is pointing into the stack for thread: 0x00007f719c00e800
RBP=0x00007f71a49314e8 is pointing into the stack for thread: 0x00007f719c00e800
RSI=0x00007f719c4a634c is an unknown value
RDI=0x0000000000000001 is an unknown value
R8 =0x0000000000000000 is an unknown value
R9 =0x0000000000000004 is an unknown value
R10=0x00007f718d01fc78 is at code_begin+1528 in an Interpreter codelet
method entry point (kind = native)  [0x00007f718d01f680, 0x00007f718d0205c0]  3904 bytes
R11=0x00007f71a3710a70: <offset 0x9c2a70> in /usr/lib/jvm/java-8-oracle/jre/lib/amd64/server/libjvm.so at 0x00007f71a2d4e000
R12=0x0000000000000000 is an unknown value
R13={method} {0x00007f718ca5d6c0} 'nglGenTextures' '(IJ)V' in 'org/lwjgl/opengl/GL11'
R14=0x00007f71a4931518 is pointing into the stack for thread: 0x00007f719c00e800
R15=0x00007f719c00e800 is a thread


Stack: [0x00007f71a4832000,0x00007f71a4933000],  sp=0x00007f71a4931488,  free space=1021k
Native frames: (J=compiled Java code, j=interpreted, Vv=VM code, C=native code)
C  [liblwjgl_opengl.so+0x4d23c]  Java_org_lwjgl_opengl_GL11_nglGenTextures__IJ+0xc
j  org.lwjgl.opengl.GL11.glGenTextures()I+20
J 349% C1 textures.TextureUtils.loadTexture(Ljava/awt/image/BufferedImage;)Ltextures/Texture; (297 bytes) @ 0x00007f718d1f3004 [0x00007f718d1f16e0+0x1924]
j  textures.TextureUtils.loadTexture(Ljava/lang/String;)Ltextures/Texture;+38
j  fontRendering.TextMaster.loadFontAtlas(Ljava/lang/String;)I+25
j  fontRendering.TextMaster.newFontType(Ljava/lang/String;Ljava/lang/String;Ljava/lang/String;)LfontMeshCreator/FontType;+5
j  fontRendering.TextMaster.getFontType(Ljava/lang/String;)LfontMeshCreator/FontType;+28
j  fontRendering.FontMaterial.loadFile(Ljava/lang/String;)LfontRendering/FontMaterial;+303
j  engineTest.Main.main([Ljava/lang/String;)V+2
v  ~StubRoutines::call_stub
V  [libjvm.so+0x690206]  JavaCalls::call_helper(JavaValue*, methodHandle*, JavaCallArguments*, Thread*)+0x1056
V  [libjvm.so+0x6d1612]  jni_invoke_static(JNIEnv_*, JavaValue*, _jobject*, JNICallType, _jmethodID*, JNI_ArgumentPusher*, Thread*)+0x362
V  [libjvm.so+0x6ede7a]  jni_CallStaticVoidMethod+0x17a
C  [libjli.so+0x7bdf]  JavaMain+0x81f
C  [libpthread.so.0+0x76ba]  start_thread+0xca

Java frames: (J=compiled Java code, j=interpreted, Vv=VM code)
j  org.lwjgl.opengl.GL11.nglGenTextures(IJ)V+0
j  org.lwjgl.opengl.GL11.glGenTextures()I+20
J 349% C1 textures.TextureUtils.loadTexture(Ljava/awt/image/BufferedImage;)Ltextures/Texture; (297 bytes) @ 0x00007f718d1f3004 [0x00007f718d1f16e0+0x1924]
j  textures.TextureUtils.loadTexture(Ljava/lang/String;)Ltextures/Texture;+38
j  fontRendering.TextMaster.loadFontAtlas(Ljava/lang/String;)I+25
j  fontRendering.TextMaster.newFontType(Ljava/lang/String;Ljava/lang/String;Ljava/lang/String;)LfontMeshCreator/FontType;+5
j  fontRendering.TextMaster.getFontType(Ljava/lang/String;)LfontMeshCreator/FontType;+28
j  fontRendering.FontMaterial.loadFile(Ljava/lang/String;)LfontRendering/FontMaterial;+303
j  engineTest.Main.main([Ljava/lang/String;)V+2
v  ~StubRoutines::call_stub

---------------  P R O C E S S  ---------------

Java Threads: ( => current thread )
  0x00007f719c2fe000 JavaThread "Java2D Disposer" daemon [_thread_blocked, id=1935, stack(0x00007f7174a0b000,0x00007f7174b0c000)]
  0x00007f719c0d5800 JavaThread "Service Thread" daemon [_thread_blocked, id=1930, stack(0x00007f7176a35000,0x00007f7176b36000)]
  0x00007f719c0d2000 JavaThread "C1 CompilerThread2" daemon [_thread_blocked, id=1929, stack(0x00007f7176b36000,0x00007f7176c37000)]
  0x00007f719c0d0800 JavaThread "C2 CompilerThread1" daemon [_thread_blocked, id=1928, stack(0x00007f7176c37000,0x00007f7176d38000)]
  0x00007f719c0cd800 JavaThread "C2 CompilerThread0" daemon [_thread_blocked, id=1927, stack(0x00007f7176d38000,0x00007f7176e39000)]
  0x00007f7164001000 JavaThread "JDWP Command Reader" daemon [_thread_in_native, id=1924, stack(0x00007f7176e39000,0x00007f7176f3a000)]
  0x00007f719c0cb800 JavaThread "JDWP Event Helper Thread" daemon [_thread_blocked, id=1923, stack(0x00007f7176f3a000,0x00007f717703b000)]
  0x00007f719c0c8000 JavaThread "JDWP Transport Listener: dt_socket" daemon [_thread_blocked, id=1920, stack(0x00007f717703b000,0x00007f717713c000)]
  0x00007f719c0ba800 JavaThread "Signal Dispatcher" daemon [_thread_blocked, id=1918, stack(0x00007f7177340000,0x00007f7177441000)]
  0x00007f719c088800 JavaThread "Finalizer" daemon [_thread_blocked, id=1916, stack(0x00007f7177441000,0x00007f7177542000)]
  0x00007f719c084000 JavaThread "Reference Handler" daemon [_thread_blocked, id=1915, stack(0x00007f7177542000,0x00007f7177643000)]
=>0x00007f719c00e800 JavaThread "main" [_thread_in_native, id=1904, stack(0x00007f71a4832000,0x00007f71a4933000)]

Other Threads:
  0x00007f719c07c800 VMThread [stack: 0x00007f7177643000,0x00007f7177744000] [id=1914]
  0x00007f719c0d8800 WatcherThread [stack: 0x00007f7176934000,0x00007f7176a35000] [id=1934]

VM state:not at safepoint (normal execution)

VM Mutex/Monitor currently owned by a thread: None

Heap:
 PSYoungGen      total 36864K, used 9697K [0x00000000d6f80000, 0x00000000d9880000, 0x0000000100000000)
  eden space 31744K, 30% used [0x00000000d6f80000,0x00000000d78f8460,0x00000000d8e80000)
  from space 5120K, 0% used [0x00000000d9380000,0x00000000d9380000,0x00000000d9880000)
  to   space 5120K, 0% used [0x00000000d8e80000,0x00000000d8e80000,0x00000000d9380000)
 ParOldGen       total 84992K, used 0K [0x0000000084e00000, 0x000000008a100000, 0x00000000d6f80000)
  object space 84992K, 0% used [0x0000000084e00000,0x0000000084e00000,0x000000008a100000)
 Metaspace       used 7947K, capacity 8106K, committed 8192K, reserved 1056768K
  class space    used 867K, capacity 950K, committed 1024K, reserved 1048576K

Card table byte_map: [0x00007f71a097a000,0x00007f71a0d54000] byte_map_base: 0x00007f71a0553000

Marking Bits: (ParMarkBitMap*) 0x00007f71a3d11220
 Begin Bits: [0x00007f7178270000, 0x00007f717a138000)
 End Bits:   [0x00007f717a138000, 0x00007f717c000000)

Polling page: 0x00007f71a4960000

CodeCache: size=245760Kb used=2193Kb max_used=2193Kb free=243566Kb
 bounds [0x00007f718d000000, 0x00007f718d270000, 0x00007f719c000000]
 total_blobs=814 nmethods=431 adapters=305
 compilation: enabled

Compilation events (10 events):
Event: 0,515 Thread 0x00007f719c0d2000  427       1       sun.misc.URLClassPath$JarLoader::access$600 (5 bytes)
Event: 0,515 Thread 0x00007f719c0d2000 nmethod 427 0x00007f718d223510 code [0x00007f718d223660, 0x00007f718d223750]
Event: 0,516 Thread 0x00007f719c0d2000  428       3       java.lang.String::equalsIgnoreCase (48 bytes)
Event: 0,516 Thread 0x00007f719c0d2000 nmethod 428 0x00007f718d2237d0 code [0x00007f718d223940, 0x00007f718d223ca8]
Event: 0,519 Thread 0x00007f719c0d2000  429       3       sun.misc.JarIndex::get (49 bytes)
Event: 0,520 Thread 0x00007f719c0d2000 nmethod 429 0x00007f718d223dd0 code [0x00007f718d223fa0, 0x00007f718d224818]
Event: 0,520 Thread 0x00007f719c0d2000  430       3       java.util.zip.ZipFile::access$400 (5 bytes)
Event: 0,520 Thread 0x00007f719c0d2000 nmethod 430 0x00007f718d224b50 code [0x00007f718d224ca0, 0x00007f718d224dd0]
Event: 0,520 Thread 0x00007f719c0d2000  431       1       java.net.URLClassLoader::access$000 (5 bytes)
Event: 0,520 Thread 0x00007f719c0d2000 nmethod 431 0x00007f718d224e90 code [0x00007f718d224fe0, 0x00007f718d2250d0]

GC Heap History (0 events):
No events

Deoptimization events (2 events):
Event: 0,300 Thread 0x00007f719c00e800 Uncommon trap: reason=null_check action=make_not_entrant pc=0x00007f718d174e98 method=java.lang.String.equals(Ljava/lang/Object;)Z @ 8
Event: 0,473 Thread 0x00007f719c00e800 Uncommon trap: reason=unstable_if action=reinterpret pc=0x00007f718d1bed84 method=java.lang.String.indexOf([CII[CIII)I @ 134

Internal exceptions (10 events):
Event: 0,152 Thread 0x00007f719c00e800 Exception <a 'java/security/PrivilegedActionException'> (0x00000000d7013930) thrown at [/HUDSON3/workspace/8-2-build-linux-amd64/jdk8u111/7883/hotspot/src/share/vm/prims/jvm.cpp, line 1386]
Event: 0,152 Thread 0x00007f719c00e800 Exception <a 'java/security/PrivilegedActionException'> (0x00000000d7015d70) thrown at [/HUDSON3/workspace/8-2-build-linux-amd64/jdk8u111/7883/hotspot/src/share/vm/prims/jvm.cpp, line 1386]
Event: 0,152 Thread 0x00007f719c00e800 Exception <a 'java/security/PrivilegedActionException'> (0x00000000d7015f80) thrown at [/HUDSON3/workspace/8-2-build-linux-amd64/jdk8u111/7883/hotspot/src/share/vm/prims/jvm.cpp, line 1386]
Event: 0,211 Thread 0x00007f719c00e800 Exception <a 'java/lang/NoSuchFieldError': method resolution failed> (0x00000000d72202e0) thrown at [/HUDSON3/workspace/8-2-build-linux-amd64/jdk8u111/7883/hotspot/src/share/vm/prims/methodHandles.cpp, line 1146]
Event: 0,219 Thread 0x00007f719c00e800 Exception <a 'java/lang/NoSuchFieldError': method resolution failed> (0x00000000d722dab0) thrown at [/HUDSON3/workspace/8-2-build-linux-amd64/jdk8u111/7883/hotspot/src/share/vm/prims/methodHandles.cpp, line 1146]
Event: 0,252 Thread 0x00007f719c00e800 Exception <a 'java/io/FileNotFoundException'> (0x00000000d72add40) thrown at [/HUDSON3/workspace/8-2-build-linux-amd64/jdk8u111/7883/hotspot/src/share/vm/prims/jni.cpp, line 709]
Event: 0,252 Thread 0x00007f719c00e800 Exception <a 'java/io/FileNotFoundException'> (0x00000000d72ae6f8) thrown at [/HUDSON3/workspace/8-2-build-linux-amd64/jdk8u111/7883/hotspot/src/share/vm/prims/jni.cpp, line 709]
Event: 0,300 Thread 0x00007f719c00e800 Implicit null exception at 0x00007f718d174bfe to 0x00007f718d174e89
Event: 0,504 Thread 0x00007f719c00e800 Exception <a 'sun/nio/fs/UnixException'> (0x00000000d7887dc0) thrown at [/HUDSON3/workspace/8-2-build-linux-amd64/jdk8u111/7883/hotspot/src/share/vm/prims/jni.cpp, line 709]
Event: 0,504 Thread 0x00007f719c00e800 Exception <a 'sun/nio/fs/UnixException'> (0x00000000d78890d8) thrown at [/HUDSON3/workspace/8-2-build-linux-amd64/jdk8u111/7883/hotspot/src/share/vm/prims/jni.cpp, line 709]

Events (10 events):
Event: 0,519 Thread 0x00007f719c00e800 DEOPT PACKING pc=0x00007f718d17dd94 sp=0x00007f71a492b7a0
Event: 0,519 Thread 0x00007f719c00e800 DEOPT UNPACKING pc=0x00007f718d047633 sp=0x00007f71a492b5e0 mode 1
Event: 0,519 Thread 0x00007f719c00e800 DEOPT PACKING pc=0x00007f718d17db34 sp=0x00007f71a492b930
Event: 0,519 Thread 0x00007f719c00e800 DEOPT UNPACKING pc=0x00007f718d047633 sp=0x00007f71a492b788 mode 1
Event: 0,520 loading class org/lwjgl/system/SharedLibrary$Delegate
Event: 0,520 loading class org/lwjgl/system/SharedLibrary$Delegate done
Event: 0,520 Thread 0x00007f719c00e800 DEOPT PACKING pc=0x00007f718d17dd94 sp=0x00007f71a49294d0
Event: 0,520 Thread 0x00007f719c00e800 DEOPT UNPACKING pc=0x00007f718d047633 sp=0x00007f71a4929310 mode 1
Event: 0,520 Thread 0x00007f719c00e800 DEOPT PACKING pc=0x00007f718d17db34 sp=0x00007f71a4929660
Event: 0,520 Thread 0x00007f719c00e800 DEOPT UNPACKING pc=0x00007f718d047633 sp=0x00007f71a49294b8 mode 1


Dynamic libraries:
00400000-00401000 r-xp 00000000 08:15 12855452                           /usr/lib/jvm/java-8-oracle/bin/java
00600000-00601000 rw-p 00000000 08:15 12855452                           /usr/lib/jvm/java-8-oracle/bin/java
01a69000-01a8a000 rw-p 00000000 00:00 0                                  [heap]
84e00000-8a100000 rw-p 00000000 00:00 0 
8a100000-d6f80000 ---p 00000000 00:00 0 
d6f80000-d9880000 rw-p 00000000 00:00 0 
d9880000-100000000 ---p 00000000 00:00 0 
100000000-100100000 rw-p 00000000 00:00 0 
100100000-140000000 ---p 00000000 00:00 0 
7f713c000000-7f713c021000 rw-p 00000000 00:00 0 
7f713c021000-7f7140000000 ---p 00000000 00:00 0 
7f7142559000-7f7142567000 r-xp 00000000 08:15 12321210                   /usr/lib/x86_64-linux-gnu/libdrm.so.2.4.0
7f7142567000-7f7142767000 ---p 0000e000 08:15 12321210                   /usr/lib/x86_64-linux-gnu/libdrm.so.2.4.0
7f7142767000-7f7142768000 r--p 0000e000 08:15 12321210                   /usr/lib/x86_64-linux-gnu/libdrm.so.2.4.0
7f7142768000-7f7142769000 rw-p 0000f000 08:15 12321210                   /usr/lib/x86_64-linux-gnu/libdrm.so.2.4.0
7f7142769000-7f714276e000 r-xp 00000000 08:15 12329520                   /usr/lib/x86_64-linux-gnu/libXxf86vm.so.1.0.0
7f714276e000-7f714296d000 ---p 00005000 08:15 12329520                   /usr/lib/x86_64-linux-gnu/libXxf86vm.so.1.0.0
7f714296d000-7f714296e000 r--p 00004000 08:15 12329520                   /usr/lib/x86_64-linux-gnu/libXxf86vm.so.1.0.0
7f714296e000-7f714296f000 rw-p 00005000 08:15 12329520                   /usr/lib/x86_64-linux-gnu/libXxf86vm.so.1.0.0
7f714296f000-7f7142973000 r-xp 00000000 08:15 12330784                   /usr/lib/x86_64-linux-gnu/libxcb-dri2.so.0.0.0
7f7142973000-7f7142b72000 ---p 00004000 08:15 12330784                   /usr/lib/x86_64-linux-gnu/libxcb-dri2.so.0.0.0
7f7142b72000-7f7142b73000 r--p 00003000 08:15 12330784                   /usr/lib/x86_64-linux-gnu/libxcb-dri2.so.0.0.0
7f7142b73000-7f7142b74000 rw-p 00004000 08:15 12330784                   /usr/lib/x86_64-linux-gnu/libxcb-dri2.so.0.0.0
7f7142b74000-7f7142b8b000 r-xp 00000000 08:15 12330788                   /usr/lib/x86_64-linux-gnu/libxcb-glx.so.0.0.0
7f7142b8b000-7f7142d8a000 ---p 00017000 08:15 12330788                   /usr/lib/x86_64-linux-gnu/libxcb-glx.so.0.0.0
7f7142d8a000-7f7142d8c000 r--p 00016000 08:15 12330788                   /usr/lib/x86_64-linux-gnu/libxcb-glx.so.0.0.0
7f7142d8c000-7f7142d8d000 rw-p 00018000 08:15 12330788                   /usr/lib/x86_64-linux-gnu/libxcb-glx.so.0.0.0
7f7142d8d000-7f7142d8e000 r-xp 00000000 08:15 12329465                   /usr/lib/x86_64-linux-gnu/libX11-xcb.so.1.0.0
7f7142d8e000-7f7142f8d000 ---p 00001000 08:15 12329465                   /usr/lib/x86_64-linux-gnu/libX11-xcb.so.1.0.0
7f7142f8d000-7f7142f8e000 r--p 00000000 08:15 12329465                   /usr/lib/x86_64-linux-gnu/libX11-xcb.so.1.0.0
7f7142f8e000-7f7142f8f000 rw-p 00001000 08:15 12329465                   /usr/lib/x86_64-linux-gnu/libX11-xcb.so.1.0.0
7f7142f8f000-7f7142f94000 r-xp 00000000 08:15 12329486                   /usr/lib/x86_64-linux-gnu/libXfixes.so.3.1.0
7f7142f94000-7f7143193000 ---p 00005000 08:15 12329486                   /usr/lib/x86_64-linux-gnu/libXfixes.so.3.1.0
7f7143193000-7f7143194000 r--p 00004000 08:15 12329486                   /usr/lib/x86_64-linux-gnu/libXfixes.so.3.1.0
7f7143194000-7f7143195000 rw-p 00005000 08:15 12329486                   /usr/lib/x86_64-linux-gnu/libXfixes.so.3.1.0
7f7143195000-7f7143197000 r-xp 00000000 08:15 12329480                   /usr/lib/x86_64-linux-gnu/libXdamage.so.1.1.0
7f7143197000-7f7143396000 ---p 00002000 08:15 12329480                   /usr/lib/x86_64-linux-gnu/libXdamage.so.1.1.0
7f7143396000-7f7143397000 r--p 00001000 08:15 12329480                   /usr/lib/x86_64-linux-gnu/libXdamage.so.1.1.0
7f7143397000-7f7143398000 rw-p 00002000 08:15 12329480                   /usr/lib/x86_64-linux-gnu/libXdamage.so.1.1.0
7f7143398000-7f71433c2000 r-xp 00000000 08:15 12320906                   /usr/lib/x86_64-linux-gnu/libglapi.so.0.0.0
7f71433c2000-7f71435c1000 ---p 0002a000 08:15 12320906                   /usr/lib/x86_64-linux-gnu/libglapi.so.0.0.0
7f71435c1000-7f71435c5000 r--p 00029000 08:15 12320906                   /usr/lib/x86_64-linux-gnu/libglapi.so.0.0.0
7f71435c5000-7f71435c6000 rw-p 0002d000 08:15 12320906                   /usr/lib/x86_64-linux-gnu/libglapi.so.0.0.0
7f71435c6000-7f71435c7000 rw-p 00000000 00:00 0 
7f71435c7000-7f71435c8000 r-xp 00000000 08:15 12330832                   /usr/lib/x86_64-linux-gnu/libxshmfence.so.1.0.0
7f71435c8000-7f71437c8000 ---p 00001000 08:15 12330832                   /usr/lib/x86_64-linux-gnu/libxshmfence.so.1.0.0
7f71437c8000-7f71437c9000 r--p 00001000 08:15 12330832                   /usr/lib/x86_64-linux-gnu/libxshmfence.so.1.0.0
7f71437c9000-7f71437ca000 rw-p 00002000 08:15 12330832                   /usr/lib/x86_64-linux-gnu/libxshmfence.so.1.0.0
7f71437ca000-7f71437cf000 r-xp 00000000 08:15 12330808                   /usr/lib/x86_64-linux-gnu/libxcb-sync.so.1.0.0
7f71437cf000-7f71439cf000 ---p 00005000 08:15 12330808                   /usr/lib/x86_64-linux-gnu/libxcb-sync.so.1.0.0
7f71439cf000-7f71439d0000 r--p 00005000 08:15 12330808                   /usr/lib/x86_64-linux-gnu/libxcb-sync.so.1.0.0
7f71439d0000-7f71439d1000 rw-p 00006000 08:15 12330808                   /usr/lib/x86_64-linux-gnu/libxcb-sync.so.1.0.0
7f71439d1000-7f71439d3000 r-xp 00000000 08:15 12330796                   /usr/lib/x86_64-linux-gnu/libxcb-present.so.0.0.0
7f71439d3000-7f7143bd2000 ---p 00002000 08:15 12330796                   /usr/lib/x86_64-linux-gnu/libxcb-present.so.0.0.0
7f7143bd2000-7f7143bd3000 r--p 00001000 08:15 12330796                   /usr/lib/x86_64-linux-gnu/libxcb-present.so.0.0.0
7f7143bd3000-7f7143bd4000 rw-p 00002000 08:15 12330796                   /usr/lib/x86_64-linux-gnu/libxcb-present.so.0.0.0
7f7143bd4000-7f7143bd6000 r-xp 00000000 08:15 12330786                   /usr/lib/x86_64-linux-gnu/libxcb-dri3.so.0.0.0
7f7143bd6000-7f7143dd5000 ---p 00002000 08:15 12330786                   /usr/lib/x86_64-linux-gnu/libxcb-dri3.so.0.0.0
7f7143dd5000-7f7143dd6000 r--p 00001000 08:15 12330786                   /usr/lib/x86_64-linux-gnu/libxcb-dri3.so.0.0.0
7f7143dd6000-7f7143dd7000 rw-p 00002000 08:15 12330786                   /usr/lib/x86_64-linux-gnu/libxcb-dri3.so.0.0.0
7f7143dd7000-7f7143dfd000 r-xp 00000000 08:15 7082434                    /lib/x86_64-linux-gnu/libexpat.so.1.6.0
7f7143dfd000-7f7143ffd000 ---p 00026000 08:15 7082434                    /lib/x86_64-linux-gnu/libexpat.so.1.6.0
7f7143ffd000-7f7143fff000 r--p 00026000 08:15 7082434                    /lib/x86_64-linux-gnu/libexpat.so.1.6.0
7f7143fff000-7f7144000000 rw-p 00028000 08:15 7082434                    /lib/x86_64-linux-gnu/libexpat.so.1.6.0
7f7144000000-7f7144021000 rw-p 00000000 00:00 0 
7f7144021000-7f7148000000 ---p 00000000 00:00 0 
7f7148000000-7f7148021000 rw-p 00000000 00:00 0 
7f7148021000-7f714c000000 ---p 00000000 00:00 0 
7f714c000000-7f714c040000 rw-p 00000000 00:00 0 
7f714c040000-7f7150000000 ---p 00000000 00:00 0 
7f7150000000-7f715012f000 rw-p 00000000 00:00 0 
7f715012f000-7f7154000000 ---p 00000000 00:00 0 
7f7154000000-7f71541f5000 rw-p 00000000 00:00 0 
7f71541f5000-7f7158000000 ---p 00000000 00:00 0 
7f7158000000-7f7158021000 rw-p 00000000 00:00 0 
7f7158021000-7f715c000000 ---p 00000000 00:00 0 
7f715c000000-7f715c021000 rw-p 00000000 00:00 0 
7f715c021000-7f7160000000 ---p 00000000 00:00 0 
7f7160000000-7f7160021000 rw-p 00000000 00:00 0 
7f7160021000-7f7164000000 ---p 00000000 00:00 0 
7f7164000000-7f7164021000 rw-p 00000000 00:00 0 
7f7164021000-7f7168000000 ---p 00000000 00:00 0 
7f7168000000-7f7168021000 rw-p 00000000 00:00 0 
7f7168021000-7f716c000000 ---p 00000000 00:00 0 
7f716c000000-7f716c021000 rw-p 00000000 00:00 0 
7f716c021000-7f7170000000 ---p 00000000 00:00 0 
7f7170000000-7f7170021000 rw-p 00000000 00:00 0 
7f7170021000-7f7174000000 ---p 00000000 00:00 0 
7f71740a4000-7f7174110000 r-xp 00000000 08:15 12588015                   /usr/lib/x86_64-linux-gnu/mesa/libGL.so.1.2.0
7f7174110000-7f717430f000 ---p 0006c000 08:15 12588015                   /usr/lib/x86_64-linux-gnu/mesa/libGL.so.1.2.0
7f717430f000-7f7174312000 r--p 0006b000 08:15 12588015                   /usr/lib/x86_64-linux-gnu/mesa/libGL.so.1.2.0
7f7174312000-7f7174313000 rw-p 0006e000 08:15 12588015                   /usr/lib/x86_64-linux-gnu/mesa/libGL.so.1.2.0
7f7174313000-7f7174314000 rw-p 00000000 00:00 0 
7f7174314000-7f717437d000 r-xp 00000000 08:15 1466953                    /tmp/lwjglnokorot/3.1.1-build-16/liblwjgl_opengl.so
7f717437d000-7f717457c000 ---p 00069000 08:15 1466953                    /tmp/lwjglnokorot/3.1.1-build-16/liblwjgl_opengl.so
7f717457c000-7f717457d000 r--p 00068000 08:15 1466953                    /tmp/lwjglnokorot/3.1.1-build-16/liblwjgl_opengl.so
7f717457d000-7f717457e000 rw-p 00069000 08:15 1466953                    /tmp/lwjglnokorot/3.1.1-build-16/liblwjgl_opengl.so
7f717457e000-7f7174594000 r-xp 00000000 08:15 7082441                    /lib/x86_64-linux-gnu/libgcc_s.so.1
7f7174594000-7f7174793000 ---p 00016000 08:15 7082441                    /lib/x86_64-linux-gnu/libgcc_s.so.1
7f7174793000-7f7174794000 rw-p 00015000 08:15 7082441                    /lib/x86_64-linux-gnu/libgcc_s.so.1
7f71747be000-7f7174809000 r-xp 00000000 08:15 1466950                    /tmp/lwjglnokorot/3.1.1-build-16/liblwjgl.so
7f7174809000-7f7174a09000 ---p 0004b000 08:15 1466950                    /tmp/lwjglnokorot/3.1.1-build-16/liblwjgl.so
7f7174a09000-7f7174a0a000 r--p 0004b000 08:15 1466950                    /tmp/lwjglnokorot/3.1.1-build-16/liblwjgl.so
7f7174a0a000-7f7174a0b000 rw-p 0004c000 08:15 1466950                    /tmp/lwjglnokorot/3.1.1-build-16/liblwjgl.so
7f7174a0b000-7f7174a0e000 ---p 00000000 00:00 0 
7f7174a0e000-7f7174b0c000 rw-p 00000000 00:00 0 
7f7174b0c000-7f7174b10000 r--s 00097000 08:15 12855478                   /usr/lib/jvm/java-8-oracle/jre/lib/jsse.jar
7f7174b10000-7f7174b19000 r--s 000a6000 08:15 13654825                   /home/nokorot/Workspace/Java/PS/PS 3.0.0/LWJGL3/lwjgl-vulkan.jar
7f7174b19000-7f7174b1e000 r--s 000ac000 08:15 13654824                   /home/nokorot/Workspace/Java/PS/PS 3.0.0/LWJGL3/lwjgl-vulkan-sources.jar
7f7174b1e000-7f7174b2f000 r-xp 00000000 08:15 12980591                   /usr/lib/jvm/java-8-oracle/jre/lib/amd64/libnio.so
7f7174b2f000-7f7174d2e000 ---p 00011000 08:15 12980591                   /usr/lib/jvm/java-8-oracle/jre/lib/amd64/libnio.so
7f7174d2e000-7f7174d2f000 rw-p 00010000 08:15 12980591                   /usr/lib/jvm/java-8-oracle/jre/lib/amd64/libnio.so
7f7174d2f000-7f7175030000 rw-p 00000000 00:00 0 
7f7175030000-7f7175046000 r-xp 00000000 08:15 12980356                   /usr/lib/jvm/java-8-oracle/jre/lib/amd64/libnet.so
7f7175046000-7f7175246000 ---p 00016000 08:15 12980356                   /usr/lib/jvm/java-8-oracle/jre/lib/amd64/libnet.so
7f7175246000-7f7175247000 rw-p 00016000 08:15 12980356                   /usr/lib/jvm/java-8-oracle/jre/lib/amd64/libnet.so
7f7175247000-7f717524c000 r-xp 00000000 08:15 12329482                   /usr/lib/x86_64-linux-gnu/libXdmcp.so.6.0.0
7f717524c000-7f717544b000 ---p 00005000 08:15 12329482                   /usr/lib/x86_64-linux-gnu/libXdmcp.so.6.0.0
7f717544b000-7f717544c000 r--p 00004000 08:15 12329482                   /usr/lib/x86_64-linux-gnu/libXdmcp.so.6.0.0
7f717544c000-7f717544d000 rw-p 00005000 08:15 12329482                   /usr/lib/x86_64-linux-gnu/libXdmcp.so.6.0.0
7f717544d000-7f717544f000 r-xp 00000000 08:15 12329471                   /usr/lib/x86_64-linux-gnu/libXau.so.6.0.0
7f717544f000-7f717564f000 ---p 00002000 08:15 12329471                   /usr/lib/x86_64-linux-gnu/libXau.so.6.0.0
7f717564f000-7f7175650000 r--p 00002000 08:15 12329471                   /usr/lib/x86_64-linux-gnu/libXau.so.6.0.0
7f7175650000-7f7175651000 rw-p 00003000 08:15 12329471                   /usr/lib/x86_64-linux-gnu/libXau.so.6.0.0
7f7175651000-7f7175672000 r-xp 00000000 08:15 12330820                   /usr/lib/x86_64-linux-gnu/libxcb.so.1.1.0
7f7175672000-7f7175871000 ---p 00021000 08:15 12330820                   /usr/lib/x86_64-linux-gnu/libxcb.so.1.1.0
7f7175871000-7f7175872000 r--p 00020000 08:15 12330820                   /usr/lib/x86_64-linux-gnu/libxcb.so.1.1.0
7f7175872000-7f7175873000 rw-p 00021000 08:15 12330820                   /usr/lib/x86_64-linux-gnu/libxcb.so.1.1.0
7f7175873000-7f7175882000 r-xp 00000000 08:15 12329492                   /usr/lib/x86_64-linux-gnu/libXi.so.6.1.0
7f7175882000-7f7175a81000 ---p 0000f000 08:15 12329492                   /usr/lib/x86_64-linux-gnu/libXi.so.6.1.0
7f7175a81000-7f7175a82000 r--p 0000e000 08:15 12329492                   /usr/lib/x86_64-linux-gnu/libXi.so.6.1.0
7f7175a82000-7f7175a83000 rw-p 0000f000 08:15 12329492                   /usr/lib/x86_64-linux-gnu/libXi.so.6.1.0
7f7175a83000-7f7175a88000 r-xp 00000000 08:15 12329510                   /usr/lib/x86_64-linux-gnu/libXtst.so.6.1.0
7f7175a88000-7f7175c87000 ---p 00005000 08:15 12329510                   /usr/lib/x86_64-linux-gnu/libXtst.so.6.1.0
7f7175c87000-7f7175c88000 r--p 00004000 08:15 12329510                   /usr/lib/x86_64-linux-gnu/libXtst.so.6.1.0
7f7175c88000-7f7175c89000 rw-p 00005000 08:15 12329510                   /usr/lib/x86_64-linux-gnu/libXtst.so.6.1.0
7f7175c89000-7f7175c92000 r-xp 00000000 08:15 12329504                   /usr/lib/x86_64-linux-gnu/libXrender.so.1.3.0
7f7175c92000-7f7175e91000 ---p 00009000 08:15 12329504                   /usr/lib/x86_64-linux-gnu/libXrender.so.1.3.0
7f7175e91000-7f7175e92000 r--p 00008000 08:15 12329504                   /usr/lib/x86_64-linux-gnu/libXrender.so.1.3.0
7f7175e92000-7f7175e93000 rw-p 00009000 08:15 12329504                   /usr/lib/x86_64-linux-gnu/libXrender.so.1.3.0
7f7175e93000-7f7175fc8000 r-xp 00000000 08:15 12329467                   /usr/lib/x86_64-linux-gnu/libX11.so.6.3.0
7f7175fc8000-7f71761c8000 ---p 00135000 08:15 12329467                   /usr/lib/x86_64-linux-gnu/libX11.so.6.3.0
7f71761c8000-7f71761c9000 r--p 00135000 08:15 12329467                   /usr/lib/x86_64-linux-gnu/libX11.so.6.3.0
7f71761c9000-7f71761cd000 rw-p 00136000 08:15 12329467                   /usr/lib/x86_64-linux-gnu/libX11.so.6.3.0
7f71761cd000-7f71761de000 r-xp 00000000 08:15 12329484                   /usr/lib/x86_64-linux-gnu/libXext.so.6.4.0
7f71761de000-7f71763dd000 ---p 00011000 08:15 12329484                   /usr/lib/x86_64-linux-gnu/libXext.so.6.4.0
7f71763dd000-7f71763de000 r--p 00010000 08:15 12329484                   /usr/lib/x86_64-linux-gnu/libXext.so.6.4.0
7f71763de000-7f71763df000 rw-p 00011000 08:15 12329484                   /usr/lib/x86_64-linux-gnu/libXext.so.6.4.0
7f71763e0000-7f71763e1000 r--s 00004000 08:15 13654818                   /home/nokorot/Workspace/Java/PS/PS 3.0.0/LWJGL3/lwjgl-xxhash.jar
7f71763e1000-7f71763e2000 r--s 00001000 08:15 13654817                   /home/nokorot/Workspace/Java/PS/PS 3.0.0/LWJGL3/lwjgl-xxhash-natives-linux.jar
7f71763e2000-7f71763e3000 r--s 00001000 08:15 13654813                   /home/nokorot/Workspace/Java/PS/PS 3.0.0/LWJGL3/lwjgl-tinyfd.jar
7f71763e3000-7f71763e4000 r--s 00007000 08:15 13654815                   /home/nokorot/Workspace/Java/PS/PS 3.0.0/LWJGL3/lwjgl-tinyfd-natives-linux.jar
7f71763e4000-7f71763e7000 r--s 00012000 08:15 13654809                   /home/nokorot/Workspace/Java/PS/PS 3.0.0/LWJGL3/lwjgl-stb.jar
7f71763e7000-7f71763e8000 r--s 0002c000 08:15 13654808                   /home/nokorot/Workspace/Java/PS/PS 3.0.0/LWJGL3/lwjgl-stb-natives-linux.jar
7f71763e8000-7f71763e9000 r--s 00000000 08:15 13654803                   /home/nokorot/Workspace/Java/PS/PS 3.0.0/LWJGL3/lwjgl-sse.jar
7f71763e9000-7f71763ea000 r--s 00000000 08:15 13654802                   /home/nokorot/Workspace/Java/PS/PS 3.0.0/LWJGL3/lwjgl-sse-natives-linux.jar
7f71763ea000-7f71763ec000 r--s 00058000 08:15 13654804                   /home/nokorot/Workspace/Java/PS/PS 3.0.0/LWJGL3/lwjgl-sse-javadoc.jar
7f71763ec000-7f71763ee000 r--s 00001000 08:15 13654799                   /home/nokorot/Workspace/Java/PS/PS 3.0.0/LWJGL3/lwjgl-par.jar
7f71763ee000-7f71763ef000 r--s 00005000 08:15 13654795                   /home/nokorot/Workspace/Java/PS/PS 3.0.0/LWJGL3/lwjgl-par-natives-linux.jar
7f71763ef000-7f71763f5000 r--s 00048000 08:15 13654794                   /home/nokorot/Workspace/Java/PS/PS 3.0.0/LWJGL3/lwjgl-opengles.jar
7f71763f5000-7f71763f6000 r--s 00007000 08:15 13654792                   /home/nokorot/Workspace/Java/PS/PS 3.0.0/LWJGL3/lwjgl-opengles-natives-linux.jar
7f71763f6000-7f71763ff000 r--s 000ba000 08:15 13654797                   /home/nokorot/Workspace/Java/PS/PS 3.0.0/LWJGL3/lwjgl-opengl.jar
7f71763ff000-7f7176402000 r--s 00023000 08:15 13654790                   /home/nokorot/Workspace/Java/PS/PS 3.0.0/LWJGL3/lwjgl-opencl.jar
7f7176402000-7f7176404000 r--s 00010000 08:15 13654776                   /home/nokorot/Workspace/Java/PS/PS 3.0.0/LWJGL3/lwjgl-openal.jar
7f7176404000-7f7176409000 r--s 00054000 08:15 13654782                   /home/nokorot/Workspace/Java/PS/PS 3.0.0/LWJGL3/lwjgl-nuklear.jar
7f7176409000-7f717645d000 r-xp 00000000 08:15 12980593                   /usr/lib/jvm/java-8-oracle/jre/lib/amd64/libawt_xawt.so
7f717645d000-7f717665d000 ---p 00054000 08:15 12980593                   /usr/lib/jvm/java-8-oracle/jre/lib/amd64/libawt_xawt.so
7f717665d000-7f7176661000 rw-p 00054000 08:15 12980593                   /usr/lib/jvm/java-8-oracle/jre/lib/amd64/libawt_xawt.so
7f7176661000-7f7176662000 rw-p 00000000 00:00 0 
7f7176662000-7f7176704000 r-xp 00000000 08:15 12980626                   /usr/lib/jvm/java-8-oracle/jre/lib/amd64/libawt.so
7f7176704000-7f7176904000 ---p 000a2000 08:15 12980626                   /usr/lib/jvm/java-8-oracle/jre/lib/amd64/libawt.so
7f7176904000-7f7176910000 rw-p 000a2000 08:15 12980626                   /usr/lib/jvm/java-8-oracle/jre/lib/amd64/libawt.so
7f7176910000-7f7176934000 rw-p 00000000 00:00 0 
7f7176934000-7f7176935000 ---p 00000000 00:00 0 
7f7176935000-7f7176a35000 rw-p 00000000 00:00 0 
7f7176a35000-7f7176a38000 ---p 00000000 00:00 0 
7f7176a38000-7f7176b36000 rw-p 00000000 00:00 0 
7f7176b36000-7f7176b39000 ---p 00000000 00:00 0 
7f7176b39000-7f7176c37000 rw-p 00000000 00:00 0 
7f7176c37000-7f7176c3a000 ---p 00000000 00:00 0 
7f7176c3a000-7f7176d38000 rw-p 00000000 00:00 0 
7f7176d38000-7f7176d3b000 ---p 00000000 00:00 0 
7f7176d3b000-7f7176e39000 rw-p 00000000 00:00 0 
7f7176e39000-7f7176e3c000 ---p 00000000 00:00 0 
7f7176e3c000-7f7176f3a000 rw-p 00000000 00:00 0 
7f7176f3a000-7f7176f3d000 ---p 00000000 00:00 0 
7f7176f3d000-7f717703b000 rw-p 00000000 00:00 0 
7f717703b000-7f717703e000 ---p 00000000 00:00 0 
7f717703e000-7f717713c000 rw-p 00000000 00:00 0 
7f717713c000-7f7177140000 r-xp 00000000 08:15 12980607                   /usr/lib/jvm/java-8-oracle/jre/lib/amd64/libdt_socket.so
7f7177140000-7f717733f000 ---p 00004000 08:15 12980607                   /usr/lib/jvm/java-8-oracle/jre/lib/amd64/libdt_socket.so
7f717733f000-7f7177340000 rw-p 00003000 08:15 12980607                   /usr/lib/jvm/java-8-oracle/jre/lib/amd64/libdt_socket.so
7f7177340000-7f7177343000 ---p 00000000 00:00 0 
7f7177343000-7f7177441000 rw-p 00000000 00:00 0 
7f7177441000-7f7177444000 ---p 00000000 00:00 0 
7f7177444000-7f7177542000 rw-p 00000000 00:00 0 
7f7177542000-7f7177545000 ---p 00000000 00:00 0 
7f7177545000-7f7177643000 rw-p 00000000 00:00 0 
7f7177643000-7f7177644000 ---p 00000000 00:00 0 
7f7177644000-7f717c000000 rw-p 00000000 00:00 0 
7f717c000000-7f717c021000 rw-p 00000000 00:00 0 
7f717c021000-7f7180000000 ---p 00000000 00:00 0 
7f7180000000-7f7180021000 rw-p 00000000 00:00 0 
7f7180021000-7f7184000000 ---p 00000000 00:00 0 
7f7184000000-7f7184021000 rw-p 00000000 00:00 0 
7f7184021000-7f7188000000 ---p 00000000 00:00 0 
7f7188000000-7f7188021000 rw-p 00000000 00:00 0 
7f7188021000-7f718c000000 ---p 00000000 00:00 0 
7f718c000000-7f718c001000 r--s 00015000 08:15 13654789                   /home/nokorot/Workspace/Java/PS/PS 3.0.0/LWJGL3/lwjgl-opengl-natives-linux.jar
7f718c001000-7f718c002000 r--s 0004a000 08:15 13654787                   /home/nokorot/Workspace/Java/PS/PS 3.0.0/LWJGL3/lwjgl-openal-natives-linux.jar
7f718c002000-7f718cb27000 rw-p 00000000 00:00 0 
7f718cb27000-7f718cc27000 ---p 00000000 00:00 0 
7f718cc27000-7f718d000000 rw-p 00000000 00:00 0 
7f718d000000-7f718d270000 rwxp 00000000 00:00 0 
7f718d270000-7f719c000000 ---p 00000000 00:00 0 
7f719c000000-7f719c74d000 rw-p 00000000 00:00 0 
7f719c74d000-7f71a0000000 ---p 00000000 00:00 0 
7f71a0000000-7f71a0001000 r--s 0001f000 08:15 13654772                   /home/nokorot/Workspace/Java/PS/PS 3.0.0/LWJGL3/lwjgl-nuklear-natives-linux.jar
7f71a0001000-7f71a0002000 r--s 00001000 08:15 13654766                   /home/nokorot/Workspace/Java/PS/PS 3.0.0/LWJGL3/lwjgl-nfd.jar
7f71a0002000-7f71a0003000 r--s 00001000 08:15 13654764                   /home/nokorot/Workspace/Java/PS/PS 3.0.0/LWJGL3/lwjgl-nfd-natives-linux.jar
7f71a0003000-7f71a0004000 r--s 00011000 08:15 13654822                   /home/nokorot/Workspace/Java/PS/PS 3.0.0/LWJGL3/lwjgl-natives-linux.jar
7f71a0004000-7f71a0006000 r--s 00008000 08:15 13654756                   /home/nokorot/Workspace/Java/PS/PS 3.0.0/LWJGL3/lwjgl-nanovg.jar
7f71a0006000-7f71a0097000 rw-p 00000000 00:00 0 
7f71a0097000-7f71a026f000 r--s 03d2a000 08:15 12855517                   /usr/lib/jvm/java-8-oracle/jre/lib/rt.jar
7f71a026f000-7f71a02e5000 rw-p 00000000 00:00 0 
7f71a02e5000-7f71a02e6000 ---p 00000000 00:00 0 
7f71a02e6000-7f71a03e6000 rw-p 00000000 00:00 0 
7f71a03e6000-7f71a03e7000 ---p 00000000 00:00 0 
7f71a03e7000-7f71a04e7000 rw-p 00000000 00:00 0 
7f71a04e7000-7f71a04e8000 ---p 00000000 00:00 0 
7f71a04e8000-7f71a05e8000 rw-p 00000000 00:00 0 
7f71a05e8000-7f71a05e9000 ---p 00000000 00:00 0 
7f71a05e9000-7f71a0713000 rw-p 00000000 00:00 0 
7f71a0713000-7f71a097a000 ---p 00000000 00:00 0 
7f71a097a000-7f71a09a4000 rw-p 00000000 00:00 0 
7f71a09a4000-7f71a0c0a000 ---p 00000000 00:00 0 
7f71a0c0a000-7f71a0c20000 rw-p 00000000 00:00 0 
7f71a0c20000-7f71a0d53000 ---p 00000000 00:00 0 
7f71a0d53000-7f71a0d5e000 rw-p 00000000 00:00 0 
7f71a0d5e000-7f71a1114000 ---p 00000000 00:00 0 
7f71a1114000-7f71a112e000 r-xp 00000000 08:15 12980589                   /usr/lib/jvm/java-8-oracle/jre/lib/amd64/libzip.so
7f71a112e000-7f71a132e000 ---p 0001a000 08:15 12980589                   /usr/lib/jvm/java-8-oracle/jre/lib/amd64/libzip.so
7f71a132e000-7f71a132f000 rw-p 0001a000 08:15 12980589                   /usr/lib/jvm/java-8-oracle/jre/lib/amd64/libzip.so
7f71a132f000-7f71a133a000 r-xp 00000000 08:15 7082071                    /lib/x86_64-linux-gnu/libnss_files-2.23.so
7f71a133a000-7f71a1539000 ---p 0000b000 08:15 7082071                    /lib/x86_64-linux-gnu/libnss_files-2.23.so
7f71a1539000-7f71a153a000 r--p 0000a000 08:15 7082071                    /lib/x86_64-linux-gnu/libnss_files-2.23.so
7f71a153a000-7f71a153b000 rw-p 0000b000 08:15 7082071                    /lib/x86_64-linux-gnu/libnss_files-2.23.so
7f71a153b000-7f71a1541000 rw-p 00000000 00:00 0 
7f71a1541000-7f71a154c000 r-xp 00000000 08:15 7082047                    /lib/x86_64-linux-gnu/libnss_nis-2.23.so
7f71a154c000-7f71a174b000 ---p 0000b000 08:15 7082047                    /lib/x86_64-linux-gnu/libnss_nis-2.23.so
7f71a174b000-7f71a174c000 r--p 0000a000 08:15 7082047                    /lib/x86_64-linux-gnu/libnss_nis-2.23.so
7f71a174c000-7f71a174d000 rw-p 0000b000 08:15 7082047                    /lib/x86_64-linux-gnu/libnss_nis-2.23.so
7f71a174d000-7f71a1763000 r-xp 00000000 08:15 7082063                    /lib/x86_64-linux-gnu/libnsl-2.23.so
7f71a1763000-7f71a1962000 ---p 00016000 08:15 7082063                    /lib/x86_64-linux-gnu/libnsl-2.23.so
7f71a1962000-7f71a1963000 r--p 00015000 08:15 7082063                    /lib/x86_64-linux-gnu/libnsl-2.23.so
7f71a1963000-7f71a1964000 rw-p 00016000 08:15 7082063                    /lib/x86_64-linux-gnu/libnsl-2.23.so
7f71a1964000-7f71a1966000 rw-p 00000000 00:00 0 
7f71a1966000-7f71a196e000 r-xp 00000000 08:15 7082065                    /lib/x86_64-linux-gnu/libnss_compat-2.23.so
7f71a196e000-7f71a1b6d000 ---p 00008000 08:15 7082065                    /lib/x86_64-linux-gnu/libnss_compat-2.23.so
7f71a1b6d000-7f71a1b6e000 r--p 00007000 08:15 7082065                    /lib/x86_64-linux-gnu/libnss_compat-2.23.so
7f71a1b6e000-7f71a1b6f000 rw-p 00008000 08:15 7082065                    /lib/x86_64-linux-gnu/libnss_compat-2.23.so
7f71a1b6f000-7f71a1fc6000 r--p 00000000 08:15 12322328                   /usr/lib/locale/locale-archive
7f71a1fc6000-7f71a1fc8000 r-xp 00000000 08:15 12980597                   /usr/lib/jvm/java-8-oracle/jre/lib/amd64/libnpt.so
7f71a1fc8000-7f71a21c8000 ---p 00002000 08:15 12980597                   /usr/lib/jvm/java-8-oracle/jre/lib/amd64/libnpt.so
7f71a21c8000-7f71a21c9000 rw-p 00002000 08:15 12980597                   /usr/lib/jvm/java-8-oracle/jre/lib/amd64/libnpt.so
7f71a21c9000-7f71a2202000 r-xp 00000000 08:15 12980352                   /usr/lib/jvm/java-8-oracle/jre/lib/amd64/libjdwp.so
7f71a2202000-7f71a2401000 ---p 00039000 08:15 12980352                   /usr/lib/jvm/java-8-oracle/jre/lib/amd64/libjdwp.so
7f71a2401000-7f71a2403000 rw-p 00038000 08:15 12980352                   /usr/lib/jvm/java-8-oracle/jre/lib/amd64/libjdwp.so
7f71a2403000-7f71a242e000 r-xp 00000000 08:15 12980616                   /usr/lib/jvm/java-8-oracle/jre/lib/amd64/libjava.so
7f71a242e000-7f71a262d000 ---p 0002b000 08:15 12980616                   /usr/lib/jvm/java-8-oracle/jre/lib/amd64/libjava.so
7f71a262d000-7f71a262f000 rw-p 0002a000 08:15 12980616                   /usr/lib/jvm/java-8-oracle/jre/lib/amd64/libjava.so
7f71a262f000-7f71a263c000 r-xp 00000000 08:15 12980358                   /usr/lib/jvm/java-8-oracle/jre/lib/amd64/libverify.so
7f71a263c000-7f71a283b000 ---p 0000d000 08:15 12980358                   /usr/lib/jvm/java-8-oracle/jre/lib/amd64/libverify.so
7f71a283b000-7f71a283d000 rw-p 0000c000 08:15 12980358                   /usr/lib/jvm/java-8-oracle/jre/lib/amd64/libverify.so
7f71a283d000-7f71a2844000 r-xp 00000000 08:15 7082046                    /lib/x86_64-linux-gnu/librt-2.23.so
7f71a2844000-7f71a2a43000 ---p 00007000 08:15 7082046                    /lib/x86_64-linux-gnu/librt-2.23.so
7f71a2a43000-7f71a2a44000 r--p 00006000 08:15 7082046                    /lib/x86_64-linux-gnu/librt-2.23.so
7f71a2a44000-7f71a2a45000 rw-p 00007000 08:15 7082046                    /lib/x86_64-linux-gnu/librt-2.23.so
7f71a2a45000-7f71a2b4d000 r-xp 00000000 08:15 7082058                    /lib/x86_64-linux-gnu/libm-2.23.so
7f71a2b4d000-7f71a2d4c000 ---p 00108000 08:15 7082058                    /lib/x86_64-linux-gnu/libm-2.23.so
7f71a2d4c000-7f71a2d4d000 r--p 00107000 08:15 7082058                    /lib/x86_64-linux-gnu/libm-2.23.so
7f71a2d4d000-7f71a2d4e000 rw-p 00108000 08:15 7082058                    /lib/x86_64-linux-gnu/libm-2.23.so
7f71a2d4e000-7f71a3a1b000 r-xp 00000000 08:15 12980620                   /usr/lib/jvm/java-8-oracle/jre/lib/amd64/server/libjvm.so
7f71a3a1b000-7f71a3c1a000 ---p 00ccd000 08:15 12980620                   /usr/lib/jvm/java-8-oracle/jre/lib/amd64/server/libjvm.so
7f71a3c1a000-7f71a3cf3000 rw-p 00ccc000 08:15 12980620                   /usr/lib/jvm/java-8-oracle/jre/lib/amd64/server/libjvm.so
7f71a3cf3000-7f71a3d3e000 rw-p 00000000 00:00 0 
7f71a3d3e000-7f71a3efd000 r-xp 00000000 08:15 7082051                    /lib/x86_64-linux-gnu/libc-2.23.so
7f71a3efd000-7f71a40fd000 ---p 001bf000 08:15 7082051                    /lib/x86_64-linux-gnu/libc-2.23.so
7f71a40fd000-7f71a4101000 r--p 001bf000 08:15 7082051                    /lib/x86_64-linux-gnu/libc-2.23.so
7f71a4101000-7f71a4103000 rw-p 001c3000 08:15 7082051                    /lib/x86_64-linux-gnu/libc-2.23.so
7f71a4103000-7f71a4107000 rw-p 00000000 00:00 0 
7f71a4107000-7f71a410a000 r-xp 00000000 08:15 7082050                    /lib/x86_64-linux-gnu/libdl-2.23.so
7f71a410a000-7f71a4309000 ---p 00003000 08:15 7082050                    /lib/x86_64-linux-gnu/libdl-2.23.so
7f71a4309000-7f71a430a000 r--p 00002000 08:15 7082050                    /lib/x86_64-linux-gnu/libdl-2.23.so
7f71a430a000-7f71a430b000 rw-p 00003000 08:15 7082050                    /lib/x86_64-linux-gnu/libdl-2.23.so
7f71a430b000-7f71a4320000 r-xp 00000000 08:15 12585246                   /usr/lib/jvm/java-8-oracle/lib/amd64/jli/libjli.so
7f71a4320000-7f71a4520000 ---p 00015000 08:15 12585246                   /usr/lib/jvm/java-8-oracle/lib/amd64/jli/libjli.so
7f71a4520000-7f71a4521000 rw-p 00015000 08:15 12585246                   /usr/lib/jvm/java-8-oracle/lib/amd64/jli/libjli.so
7f71a4521000-7f71a4539000 r-xp 00000000 08:15 7082059                    /lib/x86_64-linux-gnu/libpthread-2.23.so
7f71a4539000-7f71a4738000 ---p 00018000 08:15 7082059                    /lib/x86_64-linux-gnu/libpthread-2.23.so
7f71a4738000-7f71a4739000 r--p 00017000 08:15 7082059                    /lib/x86_64-linux-gnu/libpthread-2.23.so
7f71a4739000-7f71a473a000 rw-p 00018000 08:15 7082059                    /lib/x86_64-linux-gnu/libpthread-2.23.so
7f71a473a000-7f71a473e000 rw-p 00000000 00:00 0 
7f71a473e000-7f71a4764000 r-xp 00000000 08:15 7082039                    /lib/x86_64-linux-gnu/ld-2.23.so
7f71a4764000-7f71a4765000 r--s 0001f000 08:15 13654762                   /home/nokorot/Workspace/Java/PS/PS 3.0.0/LWJGL3/lwjgl-nanovg-natives-linux.jar
7f71a4765000-7f71a4767000 r--s 00005000 08:15 13654746                   /home/nokorot/Workspace/Java/PS/PS 3.0.0/LWJGL3/lwjgl-lmdb.jar
7f71a4767000-7f71a4832000 rw-p 00000000 00:00 0 
7f71a4832000-7f71a4835000 ---p 00000000 00:00 0 
7f71a4835000-7f71a4937000 rw-p 00000000 00:00 0 
7f71a4937000-7f71a4938000 r--s 0000d000 08:15 13654750                   /home/nokorot/Workspace/Java/PS/PS 3.0.0/LWJGL3/lwjgl-lmdb-natives-linux.jar
7f71a4938000-7f71a493a000 r--s 00007000 08:15 13654736                   /home/nokorot/Workspace/Java/PS/PS 3.0.0/LWJGL3/lwjgl-jemalloc.jar
7f71a493a000-7f71a493b000 r--s 00019000 08:15 13654734                   /home/nokorot/Workspace/Java/PS/PS 3.0.0/LWJGL3/lwjgl-jemalloc-natives-linux.jar
7f71a493b000-7f71a493c000 r--s 00005000 08:15 13654724                   /home/nokorot/Workspace/Java/PS/PS 3.0.0/LWJGL3/lwjgl-jawt.jar
7f71a493c000-7f71a493e000 r--s 00066000 08:15 13654732                   /home/nokorot/Workspace/Java/PS/PS 3.0.0/LWJGL3/lwjgl-jawt-javadoc.jar
7f71a493e000-7f71a4941000 r--s 00015000 08:15 13654722                   /home/nokorot/Workspace/Java/PS/PS 3.0.0/LWJGL3/lwjgl-glfw.jar
7f71a4941000-7f71a4942000 r--s 0000e000 08:15 13654716                   /home/nokorot/Workspace/Java/PS/PS 3.0.0/LWJGL3/lwjgl-glfw-natives-linux.jar
7f71a4942000-7f71a4946000 r--s 0001b000 08:15 13654708                   /home/nokorot/Workspace/Java/PS/PS 3.0.0/LWJGL3/lwjgl-egl.jar
7f71a4946000-7f71a494a000 r--s 0001e000 08:15 13654712                   /home/nokorot/Workspace/Java/PS/PS 3.0.0/LWJGL3/lwjgl-egl-sources.jar
7f71a494a000-7f71a494d000 r--s 0001f000 08:15 13654702                   /home/nokorot/Workspace/Java/PS/PS 3.0.0/LWJGL3/lwjgl-bgfx.jar
7f71a494d000-7f71a494e000 r--s 00042000 08:15 13654704                   /home/nokorot/Workspace/Java/PS/PS 3.0.0/LWJGL3/lwjgl-bgfx-natives-linux.jar
7f71a494e000-7f71a4952000 r--s 0002a000 08:15 13654692                   /home/nokorot/Workspace/Java/PS/PS 3.0.0/LWJGL3/lwjgl-assimp.jar
7f71a4952000-7f71a4953000 r--s 002ae000 08:15 13654740                   /home/nokorot/Workspace/Java/PS/PS 3.0.0/LWJGL3/lwjgl-assimp-natives-linux.jar
7f71a4953000-7f71a4957000 r--s 0003d000 08:15 13654827                   /home/nokorot/Workspace/Java/PS/PS 3.0.0/LWJGL3/lwjgl.jar
7f71a4957000-7f71a495f000 rw-s 00000000 08:15 1325743                    /tmp/hsperfdata_nokorot/1903
7f71a495f000-7f71a4960000 rw-p 00000000 00:00 0 
7f71a4960000-7f71a4961000 r--p 00000000 00:00 0 
7f71a4961000-7f71a4963000 rw-p 00000000 00:00 0 
7f71a4963000-7f71a4964000 r--p 00025000 08:15 7082039                    /lib/x86_64-linux-gnu/ld-2.23.so
7f71a4964000-7f71a4965000 rw-p 00026000 08:15 7082039                    /lib/x86_64-linux-gnu/ld-2.23.so
7f71a4965000-7f71a4966000 rw-p 00000000 00:00 0 
7fff771f7000-7fff77219000 rw-p 00000000 00:00 0                          [stack]
7fff772fd000-7fff772ff000 r--p 00000000 00:00 0                          [vvar]
7fff772ff000-7fff77301000 r-xp 00000000 00:00 0                          [vdso]
ffffffffff600000-ffffffffff601000 r-xp 00000000 00:00 0                  [vsyscall]

VM Arguments:
jvm_args: -agentlib:jdwp=transport=dt_socket,suspend=y,address=localhost:33860 -Djava.library.path=/home/noko/workspace/Java/Test/Test/LWJGL3 -Dfile.encoding=UTF-8 
java_command: engineTest.Main
java_class_path (initial): /home/nokorot/Workspace/Java/PS/PS 3.0.0/bin:/home/nokorot/Workspace/Java/PS/PS 3.0.0/LWJGL3/lwjgl.jar:/home/nokorot/Workspace/Java/PS/PS 3.0.0/LWJGL3/lwjgl-assimp-natives-linux.jar:/home/nokorot/Workspace/Java/PS/PS 3.0.0/LWJGL3/lwjgl-assimp.jar:/home/nokorot/Workspace/Java/PS/PS 3.0.0/LWJGL3/lwjgl-bgfx-natives-linux.jar:/home/nokorot/Workspace/Java/PS/PS 3.0.0/LWJGL3/lwjgl-bgfx.jar:/home/nokorot/Workspace/Java/PS/PS 3.0.0/LWJGL3/lwjgl-egl-sources.jar:/home/nokorot/Workspace/Java/PS/PS 3.0.0/LWJGL3/lwjgl-egl.jar:/home/nokorot/Workspace/Java/PS/PS 3.0.0/LWJGL3/lwjgl-glfw-natives-linux.jar:/home/nokorot/Workspace/Java/PS/PS 3.0.0/LWJGL3/lwjgl-glfw.jar:/home/nokorot/Workspace/Java/PS/PS 3.0.0/LWJGL3/lwjgl-jawt-javadoc.jar:/home/nokorot/Workspace/Java/PS/PS 3.0.0/LWJGL3/lwjgl-jawt.jar:/home/nokorot/Workspace/Java/PS/PS 3.0.0/LWJGL3/lwjgl-jemalloc-natives-linux.jar:/home/nokorot/Workspace/Java/PS/PS 3.0.0/LWJGL3/lwjgl-jemalloc.jar:/home/nokorot/Workspace/Java/PS/PS 3.0.0/LWJGL3/lwjgl-lmdb-natives-linux.jar:/home/nokorot/Workspace/Java/PS/PS 3.0.0/LWJGL3/lwjgl-lmdb.jar:/home/nokorot/Workspace/Java/PS/PS 3.0.0/LWJGL3/lwjgl-nanovg-natives-linux.jar:/home/nokorot/Workspace/Java/PS/PS 3.0.0/LWJGL3/lwjgl-nanovg.jar:/home/nokorot/Workspace/Java/PS/PS 3.0.0/LWJGL3/lwjgl-natives-linux.jar:/home/nokorot/Workspace/Java/PS/PS 3.0.0/LWJGL3/lwjgl-nfd-natives-linux.jar:/home/nokorot/Workspace/Java/PS/PS 3.0.0/LWJGL3/lwjgl-nfd.jar:/home/nokorot/Workspace/Java/PS/PS 3.0.0/LWJGL3/lwjgl-nuklear-natives-linux.jar:/home/nokorot/Workspace/Java/PS/PS 3.0.0/LWJGL3/lwjgl-nuklear.jar:/home/nokorot/Workspace/Java/PS/PS 3.0.0/LWJGL3/lwjgl-openal-natives-linux.jar:/home/nokorot/Workspace/Java/PS/PS 3.0.0/LWJGL3/lwjgl-openal.jar:/home/nokorot/Workspace/Java/PS/PS 3.0.0/LWJGL3/lwjgl-opencl.jar:/home/nokorot/Workspace/Java/PS/PS 3.0.0/LWJGL3/lwjgl-opengl-natives-linux.jar:/home/nokorot/Workspace/Java/PS/PS 3.0.0/LWJGL3/lwjgl-opengl.jar:/home/nokorot/Workspace/Java/PS/PS 3.
Launcher Type: SUN_STANDARD

Environment Variables:
JAVA_HOME=/usr/lib/jvm/java-8-oracle
PATH=/home/nokorot/.cabal/bin:/opt/cabal/1.22/bin:/opt/ghc/7.10.3/bin:/home/nokorot/.bin:/home/nokorot/bin:/home/nokorot/.local/bin:/usr/local/sbin:/usr/local/bin:/usr/sbin:/usr/bin:/sbin:/bin:/usr/games:/usr/local/games:/snap/bin:/usr/lib/jvm/java-8-oracle/bin:/usr/lib/jvm/java-8-oracle/db/bin:/usr/lib/jvm/java-8-oracle/jre/bin
USERNAME=nokorot
SHELL=/bin/bash
DISPLAY=:1

Signal Handlers:
SIGSEGV: [libjvm.so+0xac64b0], sa_mask[0]=11111111011111111101111111111110, sa_flags=SA_RESTART|SA_SIGINFO
SIGBUS: [libjvm.so+0xac64b0], sa_mask[0]=11111111011111111101111111111110, sa_flags=SA_RESTART|SA_SIGINFO
SIGFPE: [libjvm.so+0x91f950], sa_mask[0]=11111111011111111101111111111110, sa_flags=SA_RESTART|SA_SIGINFO
SIGPIPE: [libjvm.so+0x91f950], sa_mask[0]=11111111011111111101111111111110, sa_flags=SA_RESTART|SA_SIGINFO
SIGXFSZ: [libjvm.so+0x91f950], sa_mask[0]=11111111011111111101111111111110, sa_flags=SA_RESTART|SA_SIGINFO
SIGILL: [libjvm.so+0x91f950], sa_mask[0]=11111111011111111101111111111110, sa_flags=SA_RESTART|SA_SIGINFO
SIGUSR1: SIG_DFL, sa_mask[0]=00000000000000000000000000000000, sa_flags=none
SIGUSR2: [libjvm.so+0x920f80], sa_mask[0]=00100000000000000000000000000000, sa_flags=SA_RESTART|SA_SIGINFO
SIGHUP: [libjvm.so+0x922380], sa_mask[0]=11111111011111111101111111111110, sa_flags=SA_RESTART|SA_SIGINFO
SIGINT: [libjvm.so+0x922380], sa_mask[0]=11111111011111111101111111111110, sa_flags=SA_RESTART|SA_SIGINFO
SIGTERM: [libjvm.so+0x922380], sa_mask[0]=11111111011111111101111111111110, sa_flags=SA_RESTART|SA_SIGINFO
SIGQUIT: [libjvm.so+0x922380], sa_mask[0]=11111111011111111101111111111110, sa_flags=SA_RESTART|SA_SIGINFO


---------------  S Y S T E M  ---------------

OS:DISTRIB_ID=Ubuntu
DISTRIB_RELEASE=16.04
DISTRIB_CODENAME=xenial
DISTRIB_DESCRIPTION="Ubuntu 16.04.1 LTS"

uname:Linux 4.4.0-59-generic #80-Ubuntu SMP Fri Jan 6 17:47:47 UTC 2017 x86_64
libc:glibc 2.23 NPTL 2.23 
rlimit: STACK 8192k, CORE 0k, NPROC 31349, NOFILE 65536, AS infinity
load average:0,75 0,85 0,88

/proc/meminfo:
MemTotal:        8065832 kB
MemFree:          292448 kB
MemAvailable:    2456324 kB
Buffers:          194460 kB
Cached:          3014212 kB
SwapCached:         1256 kB
Active:          5424980 kB
Inactive:        1964576 kB
Active(anon):    3941668 kB
Inactive(anon):  1153436 kB
Active(file):    1483312 kB
Inactive(file):   811140 kB
Unevictable:         496 kB
Mlocked:             496 kB
SwapTotal:       1951740 kB
SwapFree:        1924648 kB
Dirty:              3784 kB
Writeback:             0 kB
AnonPages:       4180488 kB
Mapped:           856476 kB
Shmem:            914220 kB
Slab:             224252 kB
SReclaimable:     174320 kB
SUnreclaim:        49932 kB
KernelStack:       14320 kB
PageTables:        66904 kB
NFS_Unstable:          0 kB
Bounce:                0 kB
WritebackTmp:          0 kB
CommitLimit:     5984656 kB
Committed_AS:   11441008 kB
VmallocTotal:   34359738367 kB
VmallocUsed:           0 kB
VmallocChunk:          0 kB
HardwareCorrupted:     0 kB
AnonHugePages:   2119680 kB
CmaTotal:              0 kB
CmaFree:               0 kB
HugePages_Total:       0
HugePages_Free:        0
HugePages_Rsvd:        0
HugePages_Surp:        0
Hugepagesize:       2048 kB
DirectMap4k:      255272 kB
DirectMap2M:     8024064 kB


CPU:total 4 (2 cores per cpu, 2 threads per core) family 6 model 58 stepping 9, cmov, cx8, fxsr, mmx, sse, sse2, sse3, ssse3, sse4.1, sse4.2, popcnt, avx, aes, clmul, erms, ht, tsc, tscinvbit, tscinv

/proc/cpuinfo:
processor	: 0
vendor_id	: GenuineIntel
cpu family	: 6
model		: 58
model name	: Intel(R) Core(TM) i5-3210M CPU @ 2.50GHz
stepping	: 9
microcode	: 0x15
cpu MHz		: 2901.953
cache size	: 3072 KB
physical id	: 0
siblings	: 4
core id		: 0
cpu cores	: 2
apicid		: 0
initial apicid	: 0
fpu		: yes
fpu_exception	: yes
cpuid level	: 13
wp		: yes
flags		: fpu vme de pse tsc msr pae mce cx8 apic sep mtrr pge mca cmov pat pse36 clflush dts acpi mmx fxsr sse sse2 ss ht tm pbe syscall nx rdtscp lm constant_tsc arch_perfmon pebs bts rep_good nopl xtopology nonstop_tsc aperfmperf eagerfpu pni pclmulqdq dtes64 monitor ds_cpl vmx est tm2 ssse3 cx16 xtpr pdcm pcid sse4_1 sse4_2 x2apic popcnt tsc_deadline_timer aes xsave avx f16c rdrand lahf_lm epb tpr_shadow vnmi flexpriority ept vpid fsgsbase smep erms xsaveopt dtherm ida arat pln pts
bugs		:
bogomips	: 4989.04
clflush size	: 64
cache_alignment	: 64
address sizes	: 36 bits physical, 48 bits virtual
power management:

processor	: 1
vendor_id	: GenuineIntel
cpu family	: 6
model		: 58
model name	: Intel(R) Core(TM) i5-3210M CPU @ 2.50GHz
stepping	: 9
microcode	: 0x15
cpu MHz		: 2900.000
cache size	: 3072 KB
physical id	: 0
siblings	: 4
core id		: 1
cpu cores	: 2
apicid		: 2
initial apicid	: 2
fpu		: yes
fpu_exception	: yes
cpuid level	: 13
wp		: yes
flags		: fpu vme de pse tsc msr pae mce cx8 apic sep mtrr pge mca cmov pat pse36 clflush dts acpi mmx fxsr sse sse2 ss ht tm pbe syscall nx rdtscp lm constant_tsc arch_perfmon pebs bts rep_good nopl xtopology nonstop_tsc aperfmperf eagerfpu pni pclmulqdq dtes64 monitor ds_cpl vmx est tm2 ssse3 cx16 xtpr pdcm pcid sse4_1 sse4_2 x2apic popcnt tsc_deadline_timer aes xsave avx f16c rdrand lahf_lm epb tpr_shadow vnmi flexpriority ept vpid fsgsbase smep erms xsaveopt dtherm ida arat pln pts
bugs		:
bogomips	: 4989.04
clflush size	: 64
cache_alignment	: 64
address sizes	: 36 bits physical, 48 bits virtual
power management:

processor	: 2
vendor_id	: GenuineIntel
cpu family	: 6
model		: 58
model name	: Intel(R) Core(TM) i5-3210M CPU @ 2.50GHz
stepping	: 9
microcode	: 0x15
cpu MHz		: 2917.773
cache size	: 3072 KB
physical id	: 0
siblings	: 4
core id		: 0
cpu cores	: 2
apicid		: 1
initial apicid	: 1
fpu		: yes
fpu_exception	: yes
cpuid level	: 13
wp		: yes
flags		: fpu vme de pse tsc msr pae mce cx8 apic sep mtrr pge mca cmov pat pse36 clflush dts acpi mmx fxsr sse sse2 ss ht tm pbe syscall nx rdtscp lm constant_tsc arch_perfmon pebs bts rep_good nopl xtopology nonstop_tsc aperfmperf eagerfpu pni pclmulqdq dtes64 monitor ds_cpl vmx est tm2 ssse3 cx16 xtpr pdcm pcid sse4_1 sse4_2 x2apic popcnt tsc_deadline_timer aes xsave avx f16c rdrand lahf_lm epb tpr_shadow vnmi flexpriority ept vpid fsgsbase smep erms xsaveopt dtherm ida arat pln pts
bugs		:
bogomips	: 4989.04
clflush size	: 64
cache_alignment	: 64
address sizes	: 36 bits physical, 48 bits virtual
power management:

processor	: 3
vendor_id	: GenuineIntel
cpu family	: 6
model		: 58
model name	: Intel(R) Core(TM) i5-3210M CPU @ 2.50GHz
stepping	: 9
microcode	: 0x15
cpu MHz		: 2900.000
cache size	: 3072 KB
physical id	: 0
siblings	: 4
core id		: 1
cpu cores	: 2
apicid		: 3
initial apicid	: 3
fpu		: yes
fpu_exception	: yes
cpuid level	: 13
wp		: yes
flags		: fpu vme de pse tsc msr pae mce cx8 apic sep mtrr pge mca cmov pat pse36 clflush dts acpi mmx fxsr sse sse2 ss ht tm pbe syscall nx rdtscp lm constant_tsc arch_perfmon pebs bts rep_good nopl xtopology nonstop_tsc aperfmperf eagerfpu pni pclmulqdq dtes64 monitor ds_cpl vmx est tm2 ssse3 cx16 xtpr pdcm pcid sse4_1 sse4_2 x2apic popcnt tsc_deadline_timer aes xsave avx f16c rdrand lahf_lm epb tpr_shadow vnmi flexpriority ept vpid fsgsbase smep erms xsaveopt dtherm ida arat pln pts
bugs		:
bogomips	: 4989.04
clflush size	: 64
cache_alignment	: 64
address sizes	: 36 bits physical, 48 bits virtual
power management:



Memory: 4k page, physical 8065832k(292448k free), swap 1951740k(1924648k free)

vm_info: Java HotSpot(TM) 64-Bit Server VM (25.111-b14) for linux-amd64 JRE (1.8.0_111-b14), built on Sep 22 2016 16:14:03 by "java_re" with gcc 4.3.0 20080428 (Red Hat 4.3.0-8)

time: Sun Feb  5 01:42:28 2017
elapsed time: 0 seconds (0d 0h 0m 0s)

