#
# A fatal error has been detected by the Java Runtime Environment:
#
#  SIGSEGV (0xb) at pc=0x00007f79ef830d44, pid=5004, tid=0x00007f79efc38700
#
# JRE version: Java(TM) SE Runtime Environment (8.0_111-b14) (build 1.8.0_111-b14)
# Java VM: Java HotSpot(TM) 64-Bit Server VM (25.111-b14 mixed mode linux-amd64 compressed oops)
# Problematic frame:
# C  [libpthread.so.0+0x9d44]  pthread_mutex_lock+0x4
#
# Failed to write core dump. Core dumps have been disabled. To enable core dumping, try "ulimit -c unlimited" before starting Java again
#
# If you would like to submit a bug report, please visit:
#   http://bugreport.java.com/bugreport/crash.jsp
# The crash happened outside the Java Virtual Machine in native code.
# See problematic frame for where to report the bug.
#

---------------  T H R E A D  ---------------

Current thread (0x00007f79e800e800):  JavaThread "main" [_thread_in_native, id=5009, stack(0x00007f79efb38000,0x00007f79efc39000)]

siginfo: si_signo: 11 (SIGSEGV), si_code: 1 (SEGV_MAPERR), si_addr: 0x0000000000000010

Registers:
RAX=0x00007f79c1196370, RBX=0x00007f79e831f910, RCX=0x000000000000015b, RDX=0x00007f79efc36ca0
RSP=0x00007f79efc36c10, RBP=0x00007f79efc36c80, RSI=0x00007f79efc36c90, RDI=0x0000000000000000
R8 =0x00007f79efc36c80, R9 =0x00007f79e831b682, R10=0x00007f79c121b447, R11=0x0000000000000065
R12=0x00007f79efc36c7c, R13=0x00007f79efc36db8, R14=0x00007f79efc36db0, R15=0x00007f79e800e9f8
RIP=0x00007f79ef830d44, EFLAGS=0x0000000000010202, CSGSFS=0x0000000000000033, ERR=0x0000000000000004
  TRAPNO=0x000000000000000e

Top of Stack: (sp=0x00007f79efc36c10)
0x00007f79efc36c10:   000000000000015c 00007f79c11b0bfa
0x00007f79efc36c20:   00007f79efc36c90 00007f79efc36ca0
0x00007f79efc36c30:   0000000000000000 00007f79e82c24c0
0x00007f79efc36c40:   00007f79e833bcf0 2280d21fef369d00
0x00007f79efc36c50:   00007f79e82c24c0 00007f79e833bcf0
0x00007f79efc36c60:   00007f79e8342dc0 00007f79c118cf86
0x00007f79efc36c70:   00007f79e800e9f8 00007f79e807db98
0x00007f79efc36c80:   00007f79e8342dc0 696c4369746c756d
0x00007f79efc36c90:   0000015c0000015b 00007f7900000000
0x00007f79efc36ca0:   0000015500000154 00007f7900000000
0x00007f79efc36cb0:   0000000000000004 2280d21fef369d00
0x00007f79efc36cc0:   00007f79e8342dc0 00007f79efc36d20
0x00007f79efc36cd0:   00007f79e833bcf0 00007f79c16e6981
0x00007f79efc36ce0:   00007f79e800e800 00007f79e82c24c0
0x00007f79efc36cf0:   00007f79efc36d30 00007f79c3c5f448
0x00007f79efc36d00:   0000000000000000 00007f79c3c5f448
0x00007f79efc36d10:   00007f79efc36dc8 00007f79e800e800
0x00007f79efc36d20:   00007f79efc36d90 00007f79d901fca4
0x00007f79efc36d30:   00007f79efc36d90 00007f79d901f759
0x00007f79efc36d40:   00007f79e800e800 00007f79d901f722
0x00007f79efc36d50:   00007f79efc36d50 00007f79c3c5f448
0x00007f79efc36d60:   00007f79efc36dc8 00007f79c3c62c58
0x00007f79efc36d70:   0000000000000000 00007f79c3c5f448
0x00007f79efc36d80:   0000000000000000 00007f79efc36db0
0x00007f79efc36d90:   00007f79efc36e10 00007f79d90080c0
0x00007f79efc36da0:   00000000d73c8b00 00007f79d901647b
0x00007f79efc36db0:   00000000d7596938 00000000d6ff9480
0x00007f79efc36dc0:   00007f79e82c24c0 00007f79d9007e50
0x00007f79efc36dd0:   00007f79efc36dd0 00007f79c3e0262c
0x00007f79efc36de0:   00007f79efc36e28 00007f79c3e0ec28
0x00007f79efc36df0:   0000000000000000 00007f79c3e026d0
0x00007f79efc36e00:   00007f79efc36db0 00007f79efc36e30 

Instructions: (pc=0x00007f79ef830d44)
0x00007f79ef830d24:   f0 02 00 00 00 00 00 00 b8 82 00 00 00 e9 d8 f9
0x00007f79ef830d34:   ff ff 66 2e 0f 1f 84 00 00 00 00 00 48 83 ec 08
0x00007f79ef830d44:   8b 57 10 89 d1 81 e1 7f 01 00 00 90 89 d0 83 e0
0x00007f79ef830d54:   7c 0f 85 95 00 00 00 85 c9 49 89 f8 0f 85 9a 00 

Register to memory mapping:

RAX=0x00007f79c1196370: <offset 0x2b370> in /usr/lib/x86_64-linux-gnu/libX11.so.6 at 0x00007f79c116b000
RBX=0x00007f79e831f910 is an unknown value
RCX=0x000000000000015b is an unknown value
RDX=0x00007f79efc36ca0 is pointing into the stack for thread: 0x00007f79e800e800
RSP=0x00007f79efc36c10 is pointing into the stack for thread: 0x00007f79e800e800
RBP=0x00007f79efc36c80 is pointing into the stack for thread: 0x00007f79e800e800
RSI=0x00007f79efc36c90 is pointing into the stack for thread: 0x00007f79e800e800
RDI=0x0000000000000000 is an unknown value
R8 =0x00007f79efc36c80 is pointing into the stack for thread: 0x00007f79e800e800
R9 =0x00007f79e831b682 is an unknown value
R10=0x00007f79c121b447: <offset 0xb0447> in /usr/lib/x86_64-linux-gnu/libX11.so.6 at 0x00007f79c116b000
R11=0x0000000000000065 is an unknown value
R12=0x00007f79efc36c7c is pointing into the stack for thread: 0x00007f79e800e800
R13=0x00007f79efc36db8 is pointing into the stack for thread: 0x00007f79e800e800
R14=0x00007f79efc36db0 is pointing into the stack for thread: 0x00007f79e800e800
R15=0x00007f79e800e9f8 is an unknown value


Stack: [0x00007f79efb38000,0x00007f79efc39000],  sp=0x00007f79efc36c10,  free space=1019k
Native frames: (J=compiled Java code, j=interpreted, Vv=VM code, C=native code)
C  [libpthread.so.0+0x9d44]  pthread_mutex_lock+0x4
C  0x696c4369746c756d

Java frames: (J=compiled Java code, j=interpreted, Vv=VM code)
j  sun.awt.X11.XlibWrapper.XGetDefault(JLjava/lang/String;Ljava/lang/String;)Ljava/lang/String;+0
j  sun.awt.X11.XToolkit.initializeMultiClickTime()V+12
j  sun.awt.X11.XToolkit.getMultiClickTime()I+6
j  sun.awt.X11.XToolkit.initializeDesktopProperties()V+82
j  java.awt.Toolkit.getDesktopProperty(Ljava/lang/String;)Ljava/lang/Object;+32
j  sun.swing.SwingUtilities2$AATextInfo.getAATextInfo(Z)Lsun/swing/SwingUtilities2$AATextInfo;+11
j  javax.swing.plaf.metal.MetalLookAndFeel.initComponentDefaults(Ljavax/swing/UIDefaults;)V+12062
j  javax.swing.plaf.basic.BasicLookAndFeel.getDefaults()Ljavax/swing/UIDefaults;+25
j  javax.swing.plaf.metal.MetalLookAndFeel.getDefaults()Ljavax/swing/UIDefaults;+9
j  javax.swing.UIManager.setLookAndFeel(Ljavax/swing/LookAndFeel;)V+79
j  javax.swing.UIManager.setLookAndFeel(Ljava/lang/String;)V+16
j  javax.swing.UIManager.initializeDefaultLAF(Ljava/util/Properties;)V+55
j  javax.swing.UIManager.initialize()V+9
j  javax.swing.UIManager.maybeInitialize()V+22
j  javax.swing.UIManager.getUI(Ljavax/swing/JComponent;)Ljavax/swing/plaf/ComponentUI;+0
j  javax.swing.JPanel.updateUI()V+2
j  javax.swing.JPanel.<init>(Ljava/awt/LayoutManager;Z)V+24
j  javax.swing.JPanel.<init>(Z)V+9
j  javax.swing.JPanel.<init>()V+2
j  javax.swing.JRootPane.createGlassPane()Ljava/awt/Component;+4
j  javax.swing.JRootPane.<init>()V+11
j  javax.swing.JFrame.createRootPane()Ljavax/swing/JRootPane;+4
j  javax.swing.JFrame.frameInit()V+16
j  javax.swing.JFrame.<init>(Ljava/lang/String;)V+21
j  engineTest.Main.<init>()V+3
j  engineTest.Main.main([Ljava/lang/String;)V+20
v  ~StubRoutines::call_stub

---------------  P R O C E S S  ---------------

Java Threads: ( => current thread )
  0x00007f79e8328000 JavaThread "AWT-XAWT" daemon [_thread_in_native, id=5035, stack(0x00007f798b1b0000,0x00007f798b2b1000)]
  0x00007f79e8303000 JavaThread "Java2D Disposer" daemon [_thread_blocked, id=5034, stack(0x00007f79c00a4000,0x00007f79c01a5000)]
  0x00007f79e82b5000 JavaThread "Thread-0" [_thread_in_native, id=5033, stack(0x00007f79c041e000,0x00007f79c051f000)]
  0x00007f79e80e7800 JavaThread "Service Thread" daemon [_thread_blocked, id=5031, stack(0x00007f79c1ce3000,0x00007f79c1de4000)]
  0x00007f79e80d2000 JavaThread "C1 CompilerThread2" daemon [_thread_blocked, id=5030, stack(0x00007f79c1de4000,0x00007f79c1ee5000)]
  0x00007f79e80d0800 JavaThread "C2 CompilerThread1" daemon [_thread_blocked, id=5029, stack(0x00007f79c1ee5000,0x00007f79c1fe6000)]
  0x00007f79e80cd800 JavaThread "C2 CompilerThread0" daemon [_thread_blocked, id=5028, stack(0x00007f79c1fe6000,0x00007f79c20e7000)]
  0x00007f79b0001000 JavaThread "JDWP Command Reader" daemon [_thread_in_native, id=5025, stack(0x00007f79c20e7000,0x00007f79c21e8000)]
  0x00007f79e80cb800 JavaThread "JDWP Event Helper Thread" daemon [_thread_blocked, id=5024, stack(0x00007f79c21e8000,0x00007f79c22e9000)]
  0x00007f79e80c8000 JavaThread "JDWP Transport Listener: dt_socket" daemon [_thread_blocked, id=5021, stack(0x00007f79c22e9000,0x00007f79c23ea000)]
  0x00007f79e80ba800 JavaThread "Signal Dispatcher" daemon [_thread_blocked, id=5019, stack(0x00007f79c25ee000,0x00007f79c26ef000)]
  0x00007f79e8088800 JavaThread "Finalizer" daemon [_thread_blocked, id=5017, stack(0x00007f79c26ef000,0x00007f79c27f0000)]
  0x00007f79e8084000 JavaThread "Reference Handler" daemon [_thread_blocked, id=5016, stack(0x00007f79c27f0000,0x00007f79c28f1000)]
=>0x00007f79e800e800 JavaThread "main" [_thread_in_native, id=5009, stack(0x00007f79efb38000,0x00007f79efc39000)]

Other Threads:
  0x00007f79e807c800 VMThread [stack: 0x00007f79c28f1000,0x00007f79c29f2000] [id=5015]
  0x00007f79e80ea800 WatcherThread [stack: 0x00007f79c1be2000,0x00007f79c1ce3000] [id=5032]

VM state:not at safepoint (normal execution)

VM Mutex/Monitor currently owned by a thread: None

Heap:
 PSYoungGen      total 36864K, used 8281K [0x00000000d6f80000, 0x00000000d9880000, 0x0000000100000000)
  eden space 31744K, 26% used [0x00000000d6f80000,0x00000000d77967a0,0x00000000d8e80000)
  from space 5120K, 0% used [0x00000000d9380000,0x00000000d9380000,0x00000000d9880000)
  to   space 5120K, 0% used [0x00000000d8e80000,0x00000000d8e80000,0x00000000d9380000)
 ParOldGen       total 84992K, used 0K [0x0000000084e00000, 0x000000008a100000, 0x00000000d6f80000)
  object space 84992K, 0% used [0x0000000084e00000,0x0000000084e00000,0x000000008a100000)
 Metaspace       used 8487K, capacity 8694K, committed 8960K, reserved 1056768K
  class space    used 908K, capacity 1000K, committed 1024K, reserved 1048576K

Card table byte_map: [0x00007f79d8c26000,0x00007f79d9000000] byte_map_base: 0x00007f79d87ff000

Marking Bits: (ParMarkBitMap*) 0x00007f79ef017220
 Begin Bits: [0x00007f79d0270000, 0x00007f79d2138000)
 End Bits:   [0x00007f79d2138000, 0x00007f79d4000000)

Polling page: 0x00007f79efc66000

CodeCache: size=245760Kb used=2263Kb max_used=2275Kb free=243496Kb
 bounds [0x00007f79d9000000, 0x00007f79d9270000, 0x00007f79e8000000]
 total_blobs=1213 nmethods=435 adapters=700
 compilation: enabled

Compilation events (10 events):
Event: 0,433 Thread 0x00007f79e80d2000  431       3       java.lang.invoke.MethodType::toMethodDescriptorString (21 bytes)
Event: 0,434 Thread 0x00007f79e80d2000 nmethod 431 0x00007f79d9228110 code [0x00007f79d9228320, 0x00007f79d9228e38]
Event: 0,435 Thread 0x00007f79e80d2000  432       3       java.lang.reflect.Modifier::isFinal (13 bytes)
Event: 0,435 Thread 0x00007f79e80d2000 nmethod 432 0x00007f79d922d290 code [0x00007f79d922d400, 0x00007f79d922d590]
Event: 0,435 Thread 0x00007f79e80d2000  433       3       java.lang.invoke.MethodType$ConcurrentWeakInternSet$WeakEntry::equals (49 bytes)
Event: 0,436 Thread 0x00007f79e80d2000 nmethod 433 0x00007f79d9234810 code [0x00007f79d92349a0, 0x00007f79d9235008]
Event: 0,436 Thread 0x00007f79e80d2000  434       3       jdk.internal.org.objectweb.asm.Item::<init> (5 bytes)
Event: 0,436 Thread 0x00007f79e80d2000 nmethod 434 0x00007f79d9235150 code [0x00007f79d92352c0, 0x00007f79d9235470]
Event: 0,437 Thread 0x00007f79e80d2000  435       3       java.lang.Integer::valueOf (32 bytes)
Event: 0,437 Thread 0x00007f79e80d2000 nmethod 435 0x00007f79d9235510 code [0x00007f79d92356a0, 0x00007f79d92359f0]

GC Heap History (0 events):
No events

Deoptimization events (1 events):
Event: 0,275 Thread 0x00007f79e800e800 Uncommon trap: reason=null_check action=make_not_entrant pc=0x00007f79d916e998 method=java.lang.String.equals(Ljava/lang/Object;)Z @ 8

Internal exceptions (10 events):
Event: 0,042 Thread 0x00007f79e800e800 Exception <a 'java/lang/NoSuchMethodError': Method sun.misc.Unsafe.prefetchRead(Ljava/lang/Object;J)V name or signature does not match> (0x00000000d6f87f60) thrown at [/HUDSON3/workspace/8-2-build-linux-amd64/jdk8u111/7883/hotspot/src/share/vm/prims/jni.c
Event: 0,146 Thread 0x00007f79e800e800 Exception <a 'java/security/PrivilegedActionException'> (0x00000000d7013a60) thrown at [/HUDSON3/workspace/8-2-build-linux-amd64/jdk8u111/7883/hotspot/src/share/vm/prims/jvm.cpp, line 1386]
Event: 0,146 Thread 0x00007f79e800e800 Exception <a 'java/security/PrivilegedActionException'> (0x00000000d7013c70) thrown at [/HUDSON3/workspace/8-2-build-linux-amd64/jdk8u111/7883/hotspot/src/share/vm/prims/jvm.cpp, line 1386]
Event: 0,147 Thread 0x00007f79e800e800 Exception <a 'java/security/PrivilegedActionException'> (0x00000000d70160b0) thrown at [/HUDSON3/workspace/8-2-build-linux-amd64/jdk8u111/7883/hotspot/src/share/vm/prims/jvm.cpp, line 1386]
Event: 0,147 Thread 0x00007f79e800e800 Exception <a 'java/security/PrivilegedActionException'> (0x00000000d70162c0) thrown at [/HUDSON3/workspace/8-2-build-linux-amd64/jdk8u111/7883/hotspot/src/share/vm/prims/jvm.cpp, line 1386]
Event: 0,222 Thread 0x00007f79e800e800 Exception <a 'java/lang/NoSuchFieldError': method resolution failed> (0x00000000d7220628) thrown at [/HUDSON3/workspace/8-2-build-linux-amd64/jdk8u111/7883/hotspot/src/share/vm/prims/methodHandles.cpp, line 1146]
Event: 0,227 Thread 0x00007f79e800e800 Exception <a 'java/lang/NoSuchFieldError': method resolution failed> (0x00000000d722ddf8) thrown at [/HUDSON3/workspace/8-2-build-linux-amd64/jdk8u111/7883/hotspot/src/share/vm/prims/methodHandles.cpp, line 1146]
Event: 0,264 Thread 0x00007f79e800e800 Exception <a 'java/io/FileNotFoundException'> (0x00000000d72ae088) thrown at [/HUDSON3/workspace/8-2-build-linux-amd64/jdk8u111/7883/hotspot/src/share/vm/prims/jni.cpp, line 709]
Event: 0,264 Thread 0x00007f79e800e800 Exception <a 'java/io/FileNotFoundException'> (0x00000000d72aea40) thrown at [/HUDSON3/workspace/8-2-build-linux-amd64/jdk8u111/7883/hotspot/src/share/vm/prims/jni.cpp, line 709]
Event: 0,275 Thread 0x00007f79e800e800 Implicit null exception at 0x00007f79d916e6fe to 0x00007f79d916e989

Events (10 events):
Event: 0,429 loading class javax/swing/plaf/DimensionUIResource
Event: 0,429 loading class javax/swing/plaf/DimensionUIResource done
Event: 0,430 loading class javax/swing/UIDefaults$LazyInputMap
Event: 0,430 loading class javax/swing/UIDefaults$LazyInputMap done
Event: 0,434 loading class javax/swing/plaf/metal/MetalLookAndFeel$FontActiveValue
Event: 0,434 loading class javax/swing/plaf/metal/MetalLookAndFeel$FontActiveValue done
Event: 0,436 loading class sun/swing/SwingUtilities2$AATextInfo
Event: 0,437 loading class sun/swing/SwingUtilities2$AATextInfo done
Event: 0,437 loading class sun/awt/HeadlessToolkit
Event: 0,437 loading class sun/awt/HeadlessToolkit done


Dynamic libraries:
00400000-00401000 r-xp 00000000 08:15 12855452                           /usr/lib/jvm/java-8-oracle/bin/java
00600000-00601000 rw-p 00000000 08:15 12855452                           /usr/lib/jvm/java-8-oracle/bin/java
0196a000-0198b000 rw-p 00000000 00:00 0                                  [heap]
84e00000-8a100000 rw-p 00000000 00:00 0 
8a100000-d6f80000 ---p 00000000 00:00 0 
d6f80000-d9880000 rw-p 00000000 00:00 0 
d9880000-100000000 ---p 00000000 00:00 0 
100000000-100100000 rw-p 00000000 00:00 0 
100100000-140000000 ---p 00000000 00:00 0 
7f797c000000-7f797c021000 rw-p 00000000 00:00 0 
7f797c021000-7f7980000000 ---p 00000000 00:00 0 
7f7984000000-7f7984021000 rw-p 00000000 00:00 0 
7f7984021000-7f7988000000 ---p 00000000 00:00 0 
7f7989fca000-7f7989fcb000 r-xp 00000000 08:15 12329465                   /usr/lib/x86_64-linux-gnu/libX11-xcb.so.1.0.0
7f7989fcb000-7f798a1ca000 ---p 00001000 08:15 12329465                   /usr/lib/x86_64-linux-gnu/libX11-xcb.so.1.0.0
7f798a1ca000-7f798a1cb000 r--p 00000000 08:15 12329465                   /usr/lib/x86_64-linux-gnu/libX11-xcb.so.1.0.0
7f798a1cb000-7f798a1cc000 rw-p 00001000 08:15 12329465                   /usr/lib/x86_64-linux-gnu/libX11-xcb.so.1.0.0
7f798a1cc000-7f798a1d1000 r-xp 00000000 08:15 12329520                   /usr/lib/x86_64-linux-gnu/libXxf86vm.so.1.0.0
7f798a1d1000-7f798a3d0000 ---p 00005000 08:15 12329520                   /usr/lib/x86_64-linux-gnu/libXxf86vm.so.1.0.0
7f798a3d0000-7f798a3d1000 r--p 00004000 08:15 12329520                   /usr/lib/x86_64-linux-gnu/libXxf86vm.so.1.0.0
7f798a3d1000-7f798a3d2000 rw-p 00005000 08:15 12329520                   /usr/lib/x86_64-linux-gnu/libXxf86vm.so.1.0.0
7f798a3d2000-7f798a3d4000 r-xp 00000000 08:15 12329494                   /usr/lib/x86_64-linux-gnu/libXinerama.so.1.0.0
7f798a3d4000-7f798a5d3000 ---p 00002000 08:15 12329494                   /usr/lib/x86_64-linux-gnu/libXinerama.so.1.0.0
7f798a5d3000-7f798a5d4000 r--p 00001000 08:15 12329494                   /usr/lib/x86_64-linux-gnu/libXinerama.so.1.0.0
7f798a5d4000-7f798a5d5000 rw-p 00002000 08:15 12329494                   /usr/lib/x86_64-linux-gnu/libXinerama.so.1.0.0
7f798a5d5000-7f798a5df000 r-xp 00000000 08:15 12329502                   /usr/lib/x86_64-linux-gnu/libXrandr.so.2.2.0
7f798a5df000-7f798a7de000 ---p 0000a000 08:15 12329502                   /usr/lib/x86_64-linux-gnu/libXrandr.so.2.2.0
7f798a7de000-7f798a7df000 r--p 00009000 08:15 12329502                   /usr/lib/x86_64-linux-gnu/libXrandr.so.2.2.0
7f798a7df000-7f798a7e0000 rw-p 0000a000 08:15 12329502                   /usr/lib/x86_64-linux-gnu/libXrandr.so.2.2.0
7f798a7e0000-7f798a7fe000 r-xp 00000000 08:15 1466952                    /tmp/lwjglnokorot/3.1.1-build-16/libglfw.so
7f798a7fe000-7f798a9fd000 ---p 0001e000 08:15 1466952                    /tmp/lwjglnokorot/3.1.1-build-16/libglfw.so
7f798a9fd000-7f798a9fe000 r--p 0001d000 08:15 1466952                    /tmp/lwjglnokorot/3.1.1-build-16/libglfw.so
7f798a9fe000-7f798a9ff000 rw-p 0001e000 08:15 1466952                    /tmp/lwjglnokorot/3.1.1-build-16/libglfw.so
7f798a9ff000-7f798aa00000 rw-p 00000000 00:00 0 
7f798aa00000-7f798ac00000 rw-p 00000000 00:00 0 
7f798ad26000-7f798ad5f000 r-xp 00000000 08:15 1466951                    /tmp/lwjglnokorot/3.1.1-build-16/libjemalloc.so
7f798ad5f000-7f798af5e000 ---p 00039000 08:15 1466951                    /tmp/lwjglnokorot/3.1.1-build-16/libjemalloc.so
7f798af5e000-7f798af61000 r--p 00038000 08:15 1466951                    /tmp/lwjglnokorot/3.1.1-build-16/libjemalloc.so
7f798af61000-7f798af62000 rw-p 0003b000 08:15 1466951                    /tmp/lwjglnokorot/3.1.1-build-16/libjemalloc.so
7f798af62000-7f798af63000 rw-p 00000000 00:00 0 
7f798af63000-7f798afae000 r-xp 00000000 08:15 1466950                    /tmp/lwjglnokorot/3.1.1-build-16/liblwjgl.so
7f798afae000-7f798b1ae000 ---p 0004b000 08:15 1466950                    /tmp/lwjglnokorot/3.1.1-build-16/liblwjgl.so
7f798b1ae000-7f798b1af000 r--p 0004b000 08:15 1466950                    /tmp/lwjglnokorot/3.1.1-build-16/liblwjgl.so
7f798b1af000-7f798b1b0000 rw-p 0004c000 08:15 1466950                    /tmp/lwjglnokorot/3.1.1-build-16/liblwjgl.so
7f798b1b0000-7f798b1b3000 ---p 00000000 00:00 0 
7f798b1b3000-7f798b2b1000 rw-p 00000000 00:00 0 
7f798b2b1000-7f798b2b6000 r-xp 00000000 08:15 12329486                   /usr/lib/x86_64-linux-gnu/libXfixes.so.3.1.0
7f798b2b6000-7f798b4b5000 ---p 00005000 08:15 12329486                   /usr/lib/x86_64-linux-gnu/libXfixes.so.3.1.0
7f798b4b5000-7f798b4b6000 r--p 00004000 08:15 12329486                   /usr/lib/x86_64-linux-gnu/libXfixes.so.3.1.0
7f798b4b6000-7f798b4b7000 rw-p 00005000 08:15 12329486                   /usr/lib/x86_64-linux-gnu/libXfixes.so.3.1.0
7f798b4b7000-7f798b4c0000 r-xp 00000000 08:15 12329478                   /usr/lib/x86_64-linux-gnu/libXcursor.so.1.0.2
7f798b4c0000-7f798b6bf000 ---p 00009000 08:15 12329478                   /usr/lib/x86_64-linux-gnu/libXcursor.so.1.0.2
7f798b6bf000-7f798b6c0000 r--p 00008000 08:15 12329478                   /usr/lib/x86_64-linux-gnu/libXcursor.so.1.0.2
7f798b6c0000-7f798b6c1000 rw-p 00009000 08:15 12329478                   /usr/lib/x86_64-linux-gnu/libXcursor.so.1.0.2
7f798b6c1000-7f798b9c2000 rw-p 00000000 00:00 0 
7f798b9c2000-7f798b9d8000 r-xp 00000000 08:15 12980356                   /usr/lib/jvm/java-8-oracle/jre/lib/amd64/libnet.so
7f798b9d8000-7f798bbd8000 ---p 00016000 08:15 12980356                   /usr/lib/jvm/java-8-oracle/jre/lib/amd64/libnet.so
7f798bbd8000-7f798bbd9000 rw-p 00016000 08:15 12980356                   /usr/lib/jvm/java-8-oracle/jre/lib/amd64/libnet.so
7f798bbd9000-7f798bbea000 r-xp 00000000 08:15 12980591                   /usr/lib/jvm/java-8-oracle/jre/lib/amd64/libnio.so
7f798bbea000-7f798bde9000 ---p 00011000 08:15 12980591                   /usr/lib/jvm/java-8-oracle/jre/lib/amd64/libnio.so
7f798bde9000-7f798bdea000 rw-p 00010000 08:15 12980591                   /usr/lib/jvm/java-8-oracle/jre/lib/amd64/libnio.so
7f798bdea000-7f798be00000 r-xp 00000000 08:15 7082441                    /lib/x86_64-linux-gnu/libgcc_s.so.1
7f798be00000-7f798bfff000 ---p 00016000 08:15 7082441                    /lib/x86_64-linux-gnu/libgcc_s.so.1
7f798bfff000-7f798c000000 rw-p 00015000 08:15 7082441                    /lib/x86_64-linux-gnu/libgcc_s.so.1
7f798c000000-7f798c021000 rw-p 00000000 00:00 0 
7f798c021000-7f7990000000 ---p 00000000 00:00 0 
7f7990000000-7f79900f1000 rw-p 00000000 00:00 0 
7f79900f1000-7f7994000000 ---p 00000000 00:00 0 
7f7994000000-7f799420c000 rw-p 00000000 00:00 0 
7f799420c000-7f7998000000 ---p 00000000 00:00 0 
7f7998000000-7f7998021000 rw-p 00000000 00:00 0 
7f7998021000-7f799c000000 ---p 00000000 00:00 0 
7f799c000000-7f799c0c2000 rw-p 00000000 00:00 0 
7f799c0c2000-7f79a0000000 ---p 00000000 00:00 0 
7f79a0000000-7f79a002a000 rw-p 00000000 00:00 0 
7f79a002a000-7f79a4000000 ---p 00000000 00:00 0 
7f79a4000000-7f79a4021000 rw-p 00000000 00:00 0 
7f79a4021000-7f79a8000000 ---p 00000000 00:00 0 
7f79a8000000-7f79a8021000 rw-p 00000000 00:00 0 
7f79a8021000-7f79ac000000 ---p 00000000 00:00 0 
7f79ac000000-7f79ac021000 rw-p 00000000 00:00 0 
7f79ac021000-7f79b0000000 ---p 00000000 00:00 0 
7f79b0000000-7f79b0021000 rw-p 00000000 00:00 0 
7f79b0021000-7f79b4000000 ---p 00000000 00:00 0 
7f79b4000000-7f79b4021000 rw-p 00000000 00:00 0 
7f79b4021000-7f79b8000000 ---p 00000000 00:00 0 
7f79b8000000-7f79b8021000 rw-p 00000000 00:00 0 
7f79b8021000-7f79bc000000 ---p 00000000 00:00 0 
7f79bc000000-7f79bc021000 rw-p 00000000 00:00 0 
7f79bc021000-7f79c0000000 ---p 00000000 00:00 0 
7f79c00a4000-7f79c00a7000 ---p 00000000 00:00 0 
7f79c00a7000-7f79c01a5000 rw-p 00000000 00:00 0 
7f79c01a5000-7f79c020a000 r-xp 00000000 08:15 12980585                   /usr/lib/jvm/java-8-oracle/jre/lib/amd64/libfontmanager.so
7f79c020a000-7f79c0409000 ---p 00065000 08:15 12980585                   /usr/lib/jvm/java-8-oracle/jre/lib/amd64/libfontmanager.so
7f79c0409000-7f79c040e000 rw-p 00064000 08:15 12980585                   /usr/lib/jvm/java-8-oracle/jre/lib/amd64/libfontmanager.so
7f79c040e000-7f79c041e000 rw-p 00000000 00:00 0 
7f79c041e000-7f79c0421000 ---p 00000000 00:00 0 
7f79c0421000-7f79c051f000 rw-p 00000000 00:00 0 
7f79c051f000-7f79c0524000 r-xp 00000000 08:15 12329482                   /usr/lib/x86_64-linux-gnu/libXdmcp.so.6.0.0
7f79c0524000-7f79c0723000 ---p 00005000 08:15 12329482                   /usr/lib/x86_64-linux-gnu/libXdmcp.so.6.0.0
7f79c0723000-7f79c0724000 r--p 00004000 08:15 12329482                   /usr/lib/x86_64-linux-gnu/libXdmcp.so.6.0.0
7f79c0724000-7f79c0725000 rw-p 00005000 08:15 12329482                   /usr/lib/x86_64-linux-gnu/libXdmcp.so.6.0.0
7f79c0725000-7f79c0727000 r-xp 00000000 08:15 12329471                   /usr/lib/x86_64-linux-gnu/libXau.so.6.0.0
7f79c0727000-7f79c0927000 ---p 00002000 08:15 12329471                   /usr/lib/x86_64-linux-gnu/libXau.so.6.0.0
7f79c0927000-7f79c0928000 r--p 00002000 08:15 12329471                   /usr/lib/x86_64-linux-gnu/libXau.so.6.0.0
7f79c0928000-7f79c0929000 rw-p 00003000 08:15 12329471                   /usr/lib/x86_64-linux-gnu/libXau.so.6.0.0
7f79c0929000-7f79c094a000 r-xp 00000000 08:15 12330820                   /usr/lib/x86_64-linux-gnu/libxcb.so.1.1.0
7f79c094a000-7f79c0b49000 ---p 00021000 08:15 12330820                   /usr/lib/x86_64-linux-gnu/libxcb.so.1.1.0
7f79c0b49000-7f79c0b4a000 r--p 00020000 08:15 12330820                   /usr/lib/x86_64-linux-gnu/libxcb.so.1.1.0
7f79c0b4a000-7f79c0b4b000 rw-p 00021000 08:15 12330820                   /usr/lib/x86_64-linux-gnu/libxcb.so.1.1.0
7f79c0b4b000-7f79c0b5a000 r-xp 00000000 08:15 12329492                   /usr/lib/x86_64-linux-gnu/libXi.so.6.1.0
7f79c0b5a000-7f79c0d59000 ---p 0000f000 08:15 12329492                   /usr/lib/x86_64-linux-gnu/libXi.so.6.1.0
7f79c0d59000-7f79c0d5a000 r--p 0000e000 08:15 12329492                   /usr/lib/x86_64-linux-gnu/libXi.so.6.1.0
7f79c0d5a000-7f79c0d5b000 rw-p 0000f000 08:15 12329492                   /usr/lib/x86_64-linux-gnu/libXi.so.6.1.0
7f79c0d5b000-7f79c0d60000 r-xp 00000000 08:15 12329510                   /usr/lib/x86_64-linux-gnu/libXtst.so.6.1.0
7f79c0d60000-7f79c0f5f000 ---p 00005000 08:15 12329510                   /usr/lib/x86_64-linux-gnu/libXtst.so.6.1.0
7f79c0f5f000-7f79c0f60000 r--p 00004000 08:15 12329510                   /usr/lib/x86_64-linux-gnu/libXtst.so.6.1.0
7f79c0f60000-7f79c0f61000 rw-p 00005000 08:15 12329510                   /usr/lib/x86_64-linux-gnu/libXtst.so.6.1.0
7f79c0f61000-7f79c0f6a000 r-xp 00000000 08:15 12329504                   /usr/lib/x86_64-linux-gnu/libXrender.so.1.3.0
7f79c0f6a000-7f79c1169000 ---p 00009000 08:15 12329504                   /usr/lib/x86_64-linux-gnu/libXrender.so.1.3.0
7f79c1169000-7f79c116a000 r--p 00008000 08:15 12329504                   /usr/lib/x86_64-linux-gnu/libXrender.so.1.3.0
7f79c116a000-7f79c116b000 rw-p 00009000 08:15 12329504                   /usr/lib/x86_64-linux-gnu/libXrender.so.1.3.0
7f79c116b000-7f79c12a0000 r-xp 00000000 08:15 12329467                   /usr/lib/x86_64-linux-gnu/libX11.so.6.3.0
7f79c12a0000-7f79c14a0000 ---p 00135000 08:15 12329467                   /usr/lib/x86_64-linux-gnu/libX11.so.6.3.0
7f79c14a0000-7f79c14a1000 r--p 00135000 08:15 12329467                   /usr/lib/x86_64-linux-gnu/libX11.so.6.3.0
7f79c14a1000-7f79c14a5000 rw-p 00136000 08:15 12329467                   /usr/lib/x86_64-linux-gnu/libX11.so.6.3.0
7f79c14a5000-7f79c14b6000 r-xp 00000000 08:15 12329484                   /usr/lib/x86_64-linux-gnu/libXext.so.6.4.0
7f79c14b6000-7f79c16b5000 ---p 00011000 08:15 12329484                   /usr/lib/x86_64-linux-gnu/libXext.so.6.4.0
7f79c16b5000-7f79c16b6000 r--p 00010000 08:15 12329484                   /usr/lib/x86_64-linux-gnu/libXext.so.6.4.0
7f79c16b6000-7f79c16b7000 rw-p 00011000 08:15 12329484                   /usr/lib/x86_64-linux-gnu/libXext.so.6.4.0
7f79c16b7000-7f79c170b000 r-xp 00000000 08:15 12980593                   /usr/lib/jvm/java-8-oracle/jre/lib/amd64/libawt_xawt.so
7f79c170b000-7f79c190b000 ---p 00054000 08:15 12980593                   /usr/lib/jvm/java-8-oracle/jre/lib/amd64/libawt_xawt.so
7f79c190b000-7f79c190f000 rw-p 00054000 08:15 12980593                   /usr/lib/jvm/java-8-oracle/jre/lib/amd64/libawt_xawt.so
7f79c190f000-7f79c1910000 rw-p 00000000 00:00 0 
7f79c1910000-7f79c19b2000 r-xp 00000000 08:15 12980626                   /usr/lib/jvm/java-8-oracle/jre/lib/amd64/libawt.so
7f79c19b2000-7f79c1bb2000 ---p 000a2000 08:15 12980626                   /usr/lib/jvm/java-8-oracle/jre/lib/amd64/libawt.so
7f79c1bb2000-7f79c1bbe000 rw-p 000a2000 08:15 12980626                   /usr/lib/jvm/java-8-oracle/jre/lib/amd64/libawt.so
7f79c1bbe000-7f79c1be2000 rw-p 00000000 00:00 0 
7f79c1be2000-7f79c1be3000 ---p 00000000 00:00 0 
7f79c1be3000-7f79c1ce3000 rw-p 00000000 00:00 0 
7f79c1ce3000-7f79c1ce6000 ---p 00000000 00:00 0 
7f79c1ce6000-7f79c1de4000 rw-p 00000000 00:00 0 
7f79c1de4000-7f79c1de7000 ---p 00000000 00:00 0 
7f79c1de7000-7f79c1ee5000 rw-p 00000000 00:00 0 
7f79c1ee5000-7f79c1ee8000 ---p 00000000 00:00 0 
7f79c1ee8000-7f79c1fe6000 rw-p 00000000 00:00 0 
7f79c1fe6000-7f79c1fe9000 ---p 00000000 00:00 0 
7f79c1fe9000-7f79c20e7000 rw-p 00000000 00:00 0 
7f79c20e7000-7f79c20ea000 ---p 00000000 00:00 0 
7f79c20ea000-7f79c21e8000 rw-p 00000000 00:00 0 
7f79c21e8000-7f79c21eb000 ---p 00000000 00:00 0 
7f79c21eb000-7f79c22e9000 rw-p 00000000 00:00 0 
7f79c22e9000-7f79c22ec000 ---p 00000000 00:00 0 
7f79c22ec000-7f79c23ea000 rw-p 00000000 00:00 0 
7f79c23ea000-7f79c23ee000 r-xp 00000000 08:15 12980607                   /usr/lib/jvm/java-8-oracle/jre/lib/amd64/libdt_socket.so
7f79c23ee000-7f79c25ed000 ---p 00004000 08:15 12980607                   /usr/lib/jvm/java-8-oracle/jre/lib/amd64/libdt_socket.so
7f79c25ed000-7f79c25ee000 rw-p 00003000 08:15 12980607                   /usr/lib/jvm/java-8-oracle/jre/lib/amd64/libdt_socket.so
7f79c25ee000-7f79c25f1000 ---p 00000000 00:00 0 
7f79c25f1000-7f79c26ef000 rw-p 00000000 00:00 0 
7f79c26ef000-7f79c26f2000 ---p 00000000 00:00 0 
7f79c26f2000-7f79c27f0000 rw-p 00000000 00:00 0 
7f79c27f0000-7f79c27f3000 ---p 00000000 00:00 0 
7f79c27f3000-7f79c28f1000 rw-p 00000000 00:00 0 
7f79c28f1000-7f79c28f2000 ---p 00000000 00:00 0 
7f79c28f2000-7f79c3fc0000 rw-p 00000000 00:00 0 
7f79c3fc0000-7f79c4000000 ---p 00000000 00:00 0 
7f79c4000000-7f79c4021000 rw-p 00000000 00:00 0 
7f79c4021000-7f79c8000000 ---p 00000000 00:00 0 
7f79c8000000-7f79c8021000 rw-p 00000000 00:00 0 
7f79c8021000-7f79cc000000 ---p 00000000 00:00 0 
7f79cc000000-7f79cc021000 rw-p 00000000 00:00 0 
7f79cc021000-7f79d0000000 ---p 00000000 00:00 0 
7f79d0020000-7f79d0021000 rwxp 00000000 00:00 0 
7f79d0021000-7f79d0022000 r--s 00004000 08:15 13654818                   /home/nokorot/Workspace/Java/PS/PS 3.0.0/LWJGL3/lwjgl-xxhash.jar
7f79d0022000-7f79d0023000 r--s 00001000 08:15 13654817                   /home/nokorot/Workspace/Java/PS/PS 3.0.0/LWJGL3/lwjgl-xxhash-natives-linux.jar
7f79d0023000-7f79d002c000 r--s 000a6000 08:15 13654825                   /home/nokorot/Workspace/Java/PS/PS 3.0.0/LWJGL3/lwjgl-vulkan.jar
7f79d002c000-7f79d0031000 r--s 000ac000 08:15 13654824                   /home/nokorot/Workspace/Java/PS/PS 3.0.0/LWJGL3/lwjgl-vulkan-sources.jar
7f79d0031000-7f79d0032000 r--s 00001000 08:15 13654813                   /home/nokorot/Workspace/Java/PS/PS 3.0.0/LWJGL3/lwjgl-tinyfd.jar
7f79d0032000-7f79d0035000 r--s 00012000 08:15 13654809                   /home/nokorot/Workspace/Java/PS/PS 3.0.0/LWJGL3/lwjgl-stb.jar
7f79d0035000-7f79d0098000 rw-p 00000000 00:00 0 
7f79d0098000-7f79d0270000 r--s 03d2a000 08:15 12855517                   /usr/lib/jvm/java-8-oracle/jre/lib/rt.jar
7f79d0270000-7f79d4000000 rw-p 00000000 00:00 0 
7f79d4000000-7f79d4021000 rw-p 00000000 00:00 0 
7f79d4021000-7f79d8000000 ---p 00000000 00:00 0 
7f79d8000000-7f79d8001000 r--s 00007000 08:15 13654815                   /home/nokorot/Workspace/Java/PS/PS 3.0.0/LWJGL3/lwjgl-tinyfd-natives-linux.jar
7f79d8001000-7f79d8002000 r--s 0002c000 08:15 13654808                   /home/nokorot/Workspace/Java/PS/PS 3.0.0/LWJGL3/lwjgl-stb-natives-linux.jar
7f79d8002000-7f79d8003000 r--s 00000000 08:15 13654803                   /home/nokorot/Workspace/Java/PS/PS 3.0.0/LWJGL3/lwjgl-sse.jar
7f79d8003000-7f79d8004000 r--s 00000000 08:15 13654802                   /home/nokorot/Workspace/Java/PS/PS 3.0.0/LWJGL3/lwjgl-sse-natives-linux.jar
7f79d8004000-7f79d8006000 r--s 00058000 08:15 13654804                   /home/nokorot/Workspace/Java/PS/PS 3.0.0/LWJGL3/lwjgl-sse-javadoc.jar
7f79d8006000-7f79d8008000 r--s 00001000 08:15 13654799                   /home/nokorot/Workspace/Java/PS/PS 3.0.0/LWJGL3/lwjgl-par.jar
7f79d8008000-7f79d8009000 r--s 00005000 08:15 13654795                   /home/nokorot/Workspace/Java/PS/PS 3.0.0/LWJGL3/lwjgl-par-natives-linux.jar
7f79d8009000-7f79d800f000 r--s 00048000 08:15 13654794                   /home/nokorot/Workspace/Java/PS/PS 3.0.0/LWJGL3/lwjgl-opengles.jar
7f79d800f000-7f79d8010000 r--s 00007000 08:15 13654792                   /home/nokorot/Workspace/Java/PS/PS 3.0.0/LWJGL3/lwjgl-opengles-natives-linux.jar
7f79d8010000-7f79d8019000 r--s 000ba000 08:15 13654797                   /home/nokorot/Workspace/Java/PS/PS 3.0.0/LWJGL3/lwjgl-opengl.jar
7f79d8019000-7f79d801a000 r--s 00015000 08:15 13654789                   /home/nokorot/Workspace/Java/PS/PS 3.0.0/LWJGL3/lwjgl-opengl-natives-linux.jar
7f79d801a000-7f79d801d000 r--s 00023000 08:15 13654790                   /home/nokorot/Workspace/Java/PS/PS 3.0.0/LWJGL3/lwjgl-opencl.jar
7f79d801d000-7f79d801f000 r--s 00010000 08:15 13654776                   /home/nokorot/Workspace/Java/PS/PS 3.0.0/LWJGL3/lwjgl-openal.jar
7f79d801f000-7f79d8020000 r--s 0004a000 08:15 13654787                   /home/nokorot/Workspace/Java/PS/PS 3.0.0/LWJGL3/lwjgl-openal-natives-linux.jar
7f79d8020000-7f79d8591000 rw-p 00000000 00:00 0 
7f79d8591000-7f79d8592000 ---p 00000000 00:00 0 
7f79d8592000-7f79d8692000 rw-p 00000000 00:00 0 
7f79d8692000-7f79d8693000 ---p 00000000 00:00 0 
7f79d8693000-7f79d8793000 rw-p 00000000 00:00 0 
7f79d8793000-7f79d8794000 ---p 00000000 00:00 0 
7f79d8794000-7f79d8894000 rw-p 00000000 00:00 0 
7f79d8894000-7f79d8895000 ---p 00000000 00:00 0 
7f79d8895000-7f79d89bf000 rw-p 00000000 00:00 0 
7f79d89bf000-7f79d8c26000 ---p 00000000 00:00 0 
7f79d8c26000-7f79d8c50000 rw-p 00000000 00:00 0 
7f79d8c50000-7f79d8eb6000 ---p 00000000 00:00 0 
7f79d8eb6000-7f79d8ecc000 rw-p 00000000 00:00 0 
7f79d8ecc000-7f79d8fff000 ---p 00000000 00:00 0 
7f79d8fff000-7f79d9000000 rw-p 00000000 00:00 0 
7f79d9000000-7f79d9270000 rwxp 00000000 00:00 0 
7f79d9270000-7f79e8000000 ---p 00000000 00:00 0 
7f79e8000000-7f79e8447000 rw-p 00000000 00:00 0 
7f79e8447000-7f79ec000000 ---p 00000000 00:00 0 
7f79ec000000-7f79ec005000 r--s 00054000 08:15 13654782                   /home/nokorot/Workspace/Java/PS/PS 3.0.0/LWJGL3/lwjgl-nuklear.jar
7f79ec005000-7f79ec006000 r--s 0001f000 08:15 13654772                   /home/nokorot/Workspace/Java/PS/PS 3.0.0/LWJGL3/lwjgl-nuklear-natives-linux.jar
7f79ec006000-7f79ec007000 r--s 00001000 08:15 13654766                   /home/nokorot/Workspace/Java/PS/PS 3.0.0/LWJGL3/lwjgl-nfd.jar
7f79ec007000-7f79ec008000 r--s 00001000 08:15 13654764                   /home/nokorot/Workspace/Java/PS/PS 3.0.0/LWJGL3/lwjgl-nfd-natives-linux.jar
7f79ec008000-7f79ec009000 r--s 00011000 08:15 13654822                   /home/nokorot/Workspace/Java/PS/PS 3.0.0/LWJGL3/lwjgl-natives-linux.jar
7f79ec009000-7f79ec00b000 r--s 00008000 08:15 13654756                   /home/nokorot/Workspace/Java/PS/PS 3.0.0/LWJGL3/lwjgl-nanovg.jar
7f79ec00b000-7f79ec064000 rw-p 00000000 00:00 0 
7f79ec064000-7f79ec41a000 ---p 00000000 00:00 0 
7f79ec41a000-7f79ec434000 r-xp 00000000 08:15 12980589                   /usr/lib/jvm/java-8-oracle/jre/lib/amd64/libzip.so
7f79ec434000-7f79ec634000 ---p 0001a000 08:15 12980589                   /usr/lib/jvm/java-8-oracle/jre/lib/amd64/libzip.so
7f79ec634000-7f79ec635000 rw-p 0001a000 08:15 12980589                   /usr/lib/jvm/java-8-oracle/jre/lib/amd64/libzip.so
7f79ec635000-7f79ec640000 r-xp 00000000 08:15 7082071                    /lib/x86_64-linux-gnu/libnss_files-2.23.so
7f79ec640000-7f79ec83f000 ---p 0000b000 08:15 7082071                    /lib/x86_64-linux-gnu/libnss_files-2.23.so
7f79ec83f000-7f79ec840000 r--p 0000a000 08:15 7082071                    /lib/x86_64-linux-gnu/libnss_files-2.23.so
7f79ec840000-7f79ec841000 rw-p 0000b000 08:15 7082071                    /lib/x86_64-linux-gnu/libnss_files-2.23.so
7f79ec841000-7f79ec847000 rw-p 00000000 00:00 0 
7f79ec847000-7f79ec852000 r-xp 00000000 08:15 7082047                    /lib/x86_64-linux-gnu/libnss_nis-2.23.so
7f79ec852000-7f79eca51000 ---p 0000b000 08:15 7082047                    /lib/x86_64-linux-gnu/libnss_nis-2.23.so
7f79eca51000-7f79eca52000 r--p 0000a000 08:15 7082047                    /lib/x86_64-linux-gnu/libnss_nis-2.23.so
7f79eca52000-7f79eca53000 rw-p 0000b000 08:15 7082047                    /lib/x86_64-linux-gnu/libnss_nis-2.23.so
7f79eca53000-7f79eca69000 r-xp 00000000 08:15 7082063                    /lib/x86_64-linux-gnu/libnsl-2.23.so
7f79eca69000-7f79ecc68000 ---p 00016000 08:15 7082063                    /lib/x86_64-linux-gnu/libnsl-2.23.so
7f79ecc68000-7f79ecc69000 r--p 00015000 08:15 7082063                    /lib/x86_64-linux-gnu/libnsl-2.23.so
7f79ecc69000-7f79ecc6a000 rw-p 00016000 08:15 7082063                    /lib/x86_64-linux-gnu/libnsl-2.23.so
7f79ecc6a000-7f79ecc6c000 rw-p 00000000 00:00 0 
7f79ecc6c000-7f79ecc74000 r-xp 00000000 08:15 7082065                    /lib/x86_64-linux-gnu/libnss_compat-2.23.so
7f79ecc74000-7f79ece73000 ---p 00008000 08:15 7082065                    /lib/x86_64-linux-gnu/libnss_compat-2.23.so
7f79ece73000-7f79ece74000 r--p 00007000 08:15 7082065                    /lib/x86_64-linux-gnu/libnss_compat-2.23.so
7f79ece74000-7f79ece75000 rw-p 00008000 08:15 7082065                    /lib/x86_64-linux-gnu/libnss_compat-2.23.so
7f79ece75000-7f79ed2cc000 r--p 00000000 08:15 12322328                   /usr/lib/locale/locale-archive
7f79ed2cc000-7f79ed2ce000 r-xp 00000000 08:15 12980597                   /usr/lib/jvm/java-8-oracle/jre/lib/amd64/libnpt.so
7f79ed2ce000-7f79ed4ce000 ---p 00002000 08:15 12980597                   /usr/lib/jvm/java-8-oracle/jre/lib/amd64/libnpt.so
7f79ed4ce000-7f79ed4cf000 rw-p 00002000 08:15 12980597                   /usr/lib/jvm/java-8-oracle/jre/lib/amd64/libnpt.so
7f79ed4cf000-7f79ed508000 r-xp 00000000 08:15 12980352                   /usr/lib/jvm/java-8-oracle/jre/lib/amd64/libjdwp.so
7f79ed508000-7f79ed707000 ---p 00039000 08:15 12980352                   /usr/lib/jvm/java-8-oracle/jre/lib/amd64/libjdwp.so
7f79ed707000-7f79ed709000 rw-p 00038000 08:15 12980352                   /usr/lib/jvm/java-8-oracle/jre/lib/amd64/libjdwp.so
7f79ed709000-7f79ed734000 r-xp 00000000 08:15 12980616                   /usr/lib/jvm/java-8-oracle/jre/lib/amd64/libjava.so
7f79ed734000-7f79ed933000 ---p 0002b000 08:15 12980616                   /usr/lib/jvm/java-8-oracle/jre/lib/amd64/libjava.so
7f79ed933000-7f79ed935000 rw-p 0002a000 08:15 12980616                   /usr/lib/jvm/java-8-oracle/jre/lib/amd64/libjava.so
7f79ed935000-7f79ed942000 r-xp 00000000 08:15 12980358                   /usr/lib/jvm/java-8-oracle/jre/lib/amd64/libverify.so
7f79ed942000-7f79edb41000 ---p 0000d000 08:15 12980358                   /usr/lib/jvm/java-8-oracle/jre/lib/amd64/libverify.so
7f79edb41000-7f79edb43000 rw-p 0000c000 08:15 12980358                   /usr/lib/jvm/java-8-oracle/jre/lib/amd64/libverify.so
7f79edb43000-7f79edb4a000 r-xp 00000000 08:15 7082046                    /lib/x86_64-linux-gnu/librt-2.23.so
7f79edb4a000-7f79edd49000 ---p 00007000 08:15 7082046                    /lib/x86_64-linux-gnu/librt-2.23.so
7f79edd49000-7f79edd4a000 r--p 00006000 08:15 7082046                    /lib/x86_64-linux-gnu/librt-2.23.so
7f79edd4a000-7f79edd4b000 rw-p 00007000 08:15 7082046                    /lib/x86_64-linux-gnu/librt-2.23.so
7f79edd4b000-7f79ede53000 r-xp 00000000 08:15 7082058                    /lib/x86_64-linux-gnu/libm-2.23.so
7f79ede53000-7f79ee052000 ---p 00108000 08:15 7082058                    /lib/x86_64-linux-gnu/libm-2.23.so
7f79ee052000-7f79ee053000 r--p 00107000 08:15 7082058                    /lib/x86_64-linux-gnu/libm-2.23.so
7f79ee053000-7f79ee054000 rw-p 00108000 08:15 7082058                    /lib/x86_64-linux-gnu/libm-2.23.so
7f79ee054000-7f79eed21000 r-xp 00000000 08:15 12980620                   /usr/lib/jvm/java-8-oracle/jre/lib/amd64/server/libjvm.so
7f79eed21000-7f79eef20000 ---p 00ccd000 08:15 12980620                   /usr/lib/jvm/java-8-oracle/jre/lib/amd64/server/libjvm.so
7f79eef20000-7f79eeff9000 rw-p 00ccc000 08:15 12980620                   /usr/lib/jvm/java-8-oracle/jre/lib/amd64/server/libjvm.so
7f79eeff9000-7f79ef044000 rw-p 00000000 00:00 0 
7f79ef044000-7f79ef203000 r-xp 00000000 08:15 7082051                    /lib/x86_64-linux-gnu/libc-2.23.so
7f79ef203000-7f79ef403000 ---p 001bf000 08:15 7082051                    /lib/x86_64-linux-gnu/libc-2.23.so
7f79ef403000-7f79ef407000 r--p 001bf000 08:15 7082051                    /lib/x86_64-linux-gnu/libc-2.23.so
7f79ef407000-7f79ef409000 rw-p 001c3000 08:15 7082051                    /lib/x86_64-linux-gnu/libc-2.23.so
7f79ef409000-7f79ef40d000 rw-p 00000000 00:00 0 
7f79ef40d000-7f79ef410000 r-xp 00000000 08:15 7082050                    /lib/x86_64-linux-gnu/libdl-2.23.so
7f79ef410000-7f79ef60f000 ---p 00003000 08:15 7082050                    /lib/x86_64-linux-gnu/libdl-2.23.so
7f79ef60f000-7f79ef610000 r--p 00002000 08:15 7082050                    /lib/x86_64-linux-gnu/libdl-2.23.so
7f79ef610000-7f79ef611000 rw-p 00003000 08:15 7082050                    /lib/x86_64-linux-gnu/libdl-2.23.so
7f79ef611000-7f79ef626000 r-xp 00000000 08:15 12585246                   /usr/lib/jvm/java-8-oracle/lib/amd64/jli/libjli.so
7f79ef626000-7f79ef826000 ---p 00015000 08:15 12585246                   /usr/lib/jvm/java-8-oracle/lib/amd64/jli/libjli.so
7f79ef826000-7f79ef827000 rw-p 00015000 08:15 12585246                   /usr/lib/jvm/java-8-oracle/lib/amd64/jli/libjli.so
7f79ef827000-7f79ef83f000 r-xp 00000000 08:15 7082059                    /lib/x86_64-linux-gnu/libpthread-2.23.so
7f79ef83f000-7f79efa3e000 ---p 00018000 08:15 7082059                    /lib/x86_64-linux-gnu/libpthread-2.23.so
7f79efa3e000-7f79efa3f000 r--p 00017000 08:15 7082059                    /lib/x86_64-linux-gnu/libpthread-2.23.so
7f79efa3f000-7f79efa40000 rw-p 00018000 08:15 7082059                    /lib/x86_64-linux-gnu/libpthread-2.23.so
7f79efa40000-7f79efa44000 rw-p 00000000 00:00 0 
7f79efa44000-7f79efa6a000 r-xp 00000000 08:15 7082039                    /lib/x86_64-linux-gnu/ld-2.23.so
7f79efa6a000-7f79efa6b000 r--s 0001f000 08:15 13654762                   /home/nokorot/Workspace/Java/PS/PS 3.0.0/LWJGL3/lwjgl-nanovg-natives-linux.jar
7f79efa6b000-7f79efa6d000 r--s 00005000 08:15 13654746                   /home/nokorot/Workspace/Java/PS/PS 3.0.0/LWJGL3/lwjgl-lmdb.jar
7f79efa6d000-7f79efb38000 rw-p 00000000 00:00 0 
7f79efb38000-7f79efb3b000 ---p 00000000 00:00 0 
7f79efb3b000-7f79efc3d000 rw-p 00000000 00:00 0 
7f79efc3d000-7f79efc3e000 r--s 0000d000 08:15 13654750                   /home/nokorot/Workspace/Java/PS/PS 3.0.0/LWJGL3/lwjgl-lmdb-natives-linux.jar
7f79efc3e000-7f79efc40000 r--s 00007000 08:15 13654736                   /home/nokorot/Workspace/Java/PS/PS 3.0.0/LWJGL3/lwjgl-jemalloc.jar
7f79efc40000-7f79efc41000 r--s 00019000 08:15 13654734                   /home/nokorot/Workspace/Java/PS/PS 3.0.0/LWJGL3/lwjgl-jemalloc-natives-linux.jar
7f79efc41000-7f79efc42000 r--s 00005000 08:15 13654724                   /home/nokorot/Workspace/Java/PS/PS 3.0.0/LWJGL3/lwjgl-jawt.jar
7f79efc42000-7f79efc44000 r--s 00066000 08:15 13654732                   /home/nokorot/Workspace/Java/PS/PS 3.0.0/LWJGL3/lwjgl-jawt-javadoc.jar
7f79efc44000-7f79efc47000 r--s 00015000 08:15 13654722                   /home/nokorot/Workspace/Java/PS/PS 3.0.0/LWJGL3/lwjgl-glfw.jar
7f79efc47000-7f79efc48000 r--s 0000e000 08:15 13654716                   /home/nokorot/Workspace/Java/PS/PS 3.0.0/LWJGL3/lwjgl-glfw-natives-linux.jar
7f79efc48000-7f79efc4c000 r--s 0001b000 08:15 13654708                   /home/nokorot/Workspace/Java/PS/PS 3.0.0/LWJGL3/lwjgl-egl.jar
7f79efc4c000-7f79efc50000 r--s 0001e000 08:15 13654712                   /home/nokorot/Workspace/Java/PS/PS 3.0.0/LWJGL3/lwjgl-egl-sources.jar
7f79efc50000-7f79efc53000 r--s 0001f000 08:15 13654702                   /home/nokorot/Workspace/Java/PS/PS 3.0.0/LWJGL3/lwjgl-bgfx.jar
7f79efc53000-7f79efc54000 r--s 00042000 08:15 13654704                   /home/nokorot/Workspace/Java/PS/PS 3.0.0/LWJGL3/lwjgl-bgfx-natives-linux.jar
7f79efc54000-7f79efc58000 r--s 0002a000 08:15 13654692                   /home/nokorot/Workspace/Java/PS/PS 3.0.0/LWJGL3/lwjgl-assimp.jar
7f79efc58000-7f79efc59000 r--s 002ae000 08:15 13654740                   /home/nokorot/Workspace/Java/PS/PS 3.0.0/LWJGL3/lwjgl-assimp-natives-linux.jar
7f79efc59000-7f79efc5d000 r--s 0003d000 08:15 13654827                   /home/nokorot/Workspace/Java/PS/PS 3.0.0/LWJGL3/lwjgl.jar
7f79efc5d000-7f79efc65000 rw-s 00000000 08:15 1325743                    /tmp/hsperfdata_nokorot/5004
7f79efc65000-7f79efc66000 rw-p 00000000 00:00 0 
7f79efc66000-7f79efc67000 r--p 00000000 00:00 0 
7f79efc67000-7f79efc69000 rw-p 00000000 00:00 0 
7f79efc69000-7f79efc6a000 r--p 00025000 08:15 7082039                    /lib/x86_64-linux-gnu/ld-2.23.so
7f79efc6a000-7f79efc6b000 rw-p 00026000 08:15 7082039                    /lib/x86_64-linux-gnu/ld-2.23.so
7f79efc6b000-7f79efc6c000 rw-p 00000000 00:00 0 
7ffdc9976000-7ffdc9998000 rw-p 00000000 00:00 0                          [stack]
7ffdc99a8000-7ffdc99aa000 r--p 00000000 00:00 0                          [vvar]
7ffdc99aa000-7ffdc99ac000 r-xp 00000000 00:00 0                          [vdso]
ffffffffff600000-ffffffffff601000 r-xp 00000000 00:00 0                  [vsyscall]

VM Arguments:
jvm_args: -agentlib:jdwp=transport=dt_socket,suspend=y,address=localhost:44332 -Djava.library.path=/home/noko/workspace/Java/Test/Test/LWJGL3 -Dfile.encoding=UTF-8 
java_command: engineTest.Main
java_class_path (initial): /home/nokorot/Workspace/Java/PS/PS 3.0.0/bin:/home/nokorot/Workspace/Java/PS/PS 3.0.0/LWJGL3/lwjgl.jar:/home/nokorot/Workspace/Java/PS/PS 3.0.0/LWJGL3/lwjgl-assimp-natives-linux.jar:/home/nokorot/Workspace/Java/PS/PS 3.0.0/LWJGL3/lwjgl-assimp.jar:/home/nokorot/Workspace/Java/PS/PS 3.0.0/LWJGL3/lwjgl-bgfx-natives-linux.jar:/home/nokorot/Workspace/Java/PS/PS 3.0.0/LWJGL3/lwjgl-bgfx.jar:/home/nokorot/Workspace/Java/PS/PS 3.0.0/LWJGL3/lwjgl-egl-sources.jar:/home/nokorot/Workspace/Java/PS/PS 3.0.0/LWJGL3/lwjgl-egl.jar:/home/nokorot/Workspace/Java/PS/PS 3.0.0/LWJGL3/lwjgl-glfw-natives-linux.jar:/home/nokorot/Workspace/Java/PS/PS 3.0.0/LWJGL3/lwjgl-glfw.jar:/home/nokorot/Workspace/Java/PS/PS 3.0.0/LWJGL3/lwjgl-jawt-javadoc.jar:/home/nokorot/Workspace/Java/PS/PS 3.0.0/LWJGL3/lwjgl-jawt.jar:/home/nokorot/Workspace/Java/PS/PS 3.0.0/LWJGL3/lwjgl-jemalloc-natives-linux.jar:/home/nokorot/Workspace/Java/PS/PS 3.0.0/LWJGL3/lwjgl-jemalloc.jar:/home/nokorot/Workspace/Java/PS/PS 3.0.0/LWJGL3/lwjgl-lmdb-natives-linux.jar:/home/nokorot/Workspace/Java/PS/PS 3.0.0/LWJGL3/lwjgl-lmdb.jar:/home/nokorot/Workspace/Java/PS/PS 3.0.0/LWJGL3/lwjgl-nanovg-natives-linux.jar:/home/nokorot/Workspace/Java/PS/PS 3.0.0/LWJGL3/lwjgl-nanovg.jar:/home/nokorot/Workspace/Java/PS/PS 3.0.0/LWJGL3/lwjgl-natives-linux.jar:/home/nokorot/Workspace/Java/PS/PS 3.0.0/LWJGL3/lwjgl-nfd-natives-linux.jar:/home/nokorot/Workspace/Java/PS/PS 3.0.0/LWJGL3/lwjgl-nfd.jar:/home/nokorot/Workspace/Java/PS/PS 3.0.0/LWJGL3/lwjgl-nuklear-natives-linux.jar:/home/nokorot/Workspace/Java/PS/PS 3.0.0/LWJGL3/lwjgl-nuklear.jar:/home/nokorot/Workspace/Java/PS/PS 3.0.0/LWJGL3/lwjgl-openal-natives-linux.jar:/home/nokorot/Workspace/Java/PS/PS 3.0.0/LWJGL3/lwjgl-openal.jar:/home/nokorot/Workspace/Java/PS/PS 3.0.0/LWJGL3/lwjgl-opencl.jar:/home/nokorot/Workspace/Java/PS/PS 3.0.0/LWJGL3/lwjgl-opengl-natives-linux.jar:/home/nokorot/Workspace/Java/PS/PS 3.0.0/LWJGL3/lwjgl-opengl.jar:/home/nokorot/Workspace/Java/PS/PS 3.
Launcher Type: SUN_STANDARD

Environment Variables:
JAVA_HOME=/usr/lib/jvm/java-8-oracle
PATH=/home/nokorot/.cabal/bin:/opt/cabal/1.22/bin:/opt/ghc/7.10.3/bin:/home/nokorot/.bin:/home/nokorot/bin:/home/nokorot/.local/bin:/usr/local/sbin:/usr/local/bin:/usr/sbin:/usr/bin:/sbin:/bin:/usr/games:/usr/local/games:/snap/bin:/usr/lib/jvm/java-8-oracle/bin:/usr/lib/jvm/java-8-oracle/db/bin:/usr/lib/jvm/java-8-oracle/jre/bin
USERNAME=nokorot
SHELL=/bin/bash
DISPLAY=:1

Signal Handlers:
SIGSEGV: [libjvm.so+0xac64b0], sa_mask[0]=11111111011111111101111111111110, sa_flags=SA_RESTART|SA_SIGINFO
SIGBUS: [libjvm.so+0xac64b0], sa_mask[0]=11111111011111111101111111111110, sa_flags=SA_RESTART|SA_SIGINFO
SIGFPE: [libjvm.so+0x91f950], sa_mask[0]=11111111011111111101111111111110, sa_flags=SA_RESTART|SA_SIGINFO
SIGPIPE: [libjvm.so+0x91f950], sa_mask[0]=11111111011111111101111111111110, sa_flags=SA_RESTART|SA_SIGINFO
SIGXFSZ: [libjvm.so+0x91f950], sa_mask[0]=11111111011111111101111111111110, sa_flags=SA_RESTART|SA_SIGINFO
SIGILL: [libjvm.so+0x91f950], sa_mask[0]=11111111011111111101111111111110, sa_flags=SA_RESTART|SA_SIGINFO
SIGUSR1: SIG_DFL, sa_mask[0]=00000000000000000000000000000000, sa_flags=none
SIGUSR2: [libjvm.so+0x920f80], sa_mask[0]=00100000000000000000000000000000, sa_flags=SA_RESTART|SA_SIGINFO
SIGHUP: [libjvm.so+0x922380], sa_mask[0]=11111111011111111101111111111110, sa_flags=SA_RESTART|SA_SIGINFO
SIGINT: [libjvm.so+0x922380], sa_mask[0]=11111111011111111101111111111110, sa_flags=SA_RESTART|SA_SIGINFO
SIGTERM: [libjvm.so+0x922380], sa_mask[0]=11111111011111111101111111111110, sa_flags=SA_RESTART|SA_SIGINFO
SIGQUIT: [libjvm.so+0x922380], sa_mask[0]=11111111011111111101111111111110, sa_flags=SA_RESTART|SA_SIGINFO


---------------  S Y S T E M  ---------------

OS:DISTRIB_ID=Ubuntu
DISTRIB_RELEASE=16.04
DISTRIB_CODENAME=xenial
DISTRIB_DESCRIPTION="Ubuntu 16.04.1 LTS"

uname:Linux 4.4.0-59-generic #80-Ubuntu SMP Fri Jan 6 17:47:47 UTC 2017 x86_64
libc:glibc 2.23 NPTL 2.23 
rlimit: STACK 8192k, CORE 0k, NPROC 31349, NOFILE 65536, AS infinity
load average:0,69 0,71 0,73

/proc/meminfo:
MemTotal:        8065832 kB
MemFree:          349412 kB
MemAvailable:    2436688 kB
Buffers:          178076 kB
Cached:          2919464 kB
SwapCached:         1264 kB
Active:          5394544 kB
Inactive:        1942692 kB
Active(anon):    3986172 kB
Inactive(anon):  1130172 kB
Active(file):    1408372 kB
Inactive(file):   812520 kB
Unevictable:         496 kB
Mlocked:             496 kB
SwapTotal:       1951740 kB
SwapFree:        1913512 kB
Dirty:              1464 kB
Writeback:             0 kB
AnonPages:       4238960 kB
Mapped:           839996 kB
Shmem:            876648 kB
Slab:             221248 kB
SReclaimable:     171280 kB
SUnreclaim:        49968 kB
KernelStack:       13840 kB
PageTables:        66388 kB
NFS_Unstable:          0 kB
Bounce:                0 kB
WritebackTmp:          0 kB
CommitLimit:     5984656 kB
Committed_AS:   11119868 kB
VmallocTotal:   34359738367 kB
VmallocUsed:           0 kB
VmallocChunk:          0 kB
HardwareCorrupted:     0 kB
AnonHugePages:   2162688 kB
CmaTotal:              0 kB
CmaFree:               0 kB
HugePages_Total:       0
HugePages_Free:        0
HugePages_Rsvd:        0
HugePages_Surp:        0
Hugepagesize:       2048 kB
DirectMap4k:      255272 kB
DirectMap2M:     8024064 kB


CPU:total 4 (2 cores per cpu, 2 threads per core) family 6 model 58 stepping 9, cmov, cx8, fxsr, mmx, sse, sse2, sse3, ssse3, sse4.1, sse4.2, popcnt, avx, aes, clmul, erms, ht, tsc, tscinvbit, tscinv

/proc/cpuinfo:
processor	: 0
vendor_id	: GenuineIntel
cpu family	: 6
model		: 58
model name	: Intel(R) Core(TM) i5-3210M CPU @ 2.50GHz
stepping	: 9
microcode	: 0x15
cpu MHz		: 2899.902
cache size	: 3072 KB
physical id	: 0
siblings	: 4
core id		: 0
cpu cores	: 2
apicid		: 0
initial apicid	: 0
fpu		: yes
fpu_exception	: yes
cpuid level	: 13
wp		: yes
flags		: fpu vme de pse tsc msr pae mce cx8 apic sep mtrr pge mca cmov pat pse36 clflush dts acpi mmx fxsr sse sse2 ss ht tm pbe syscall nx rdtscp lm constant_tsc arch_perfmon pebs bts rep_good nopl xtopology nonstop_tsc aperfmperf eagerfpu pni pclmulqdq dtes64 monitor ds_cpl vmx est tm2 ssse3 cx16 xtpr pdcm pcid sse4_1 sse4_2 x2apic popcnt tsc_deadline_timer aes xsave avx f16c rdrand lahf_lm epb tpr_shadow vnmi flexpriority ept vpid fsgsbase smep erms xsaveopt dtherm ida arat pln pts
bugs		:
bogomips	: 4989.04
clflush size	: 64
cache_alignment	: 64
address sizes	: 36 bits physical, 48 bits virtual
power management:

processor	: 1
vendor_id	: GenuineIntel
cpu family	: 6
model		: 58
model name	: Intel(R) Core(TM) i5-3210M CPU @ 2.50GHz
stepping	: 9
microcode	: 0x15
cpu MHz		: 2899.902
cache size	: 3072 KB
physical id	: 0
siblings	: 4
core id		: 1
cpu cores	: 2
apicid		: 2
initial apicid	: 2
fpu		: yes
fpu_exception	: yes
cpuid level	: 13
wp		: yes
flags		: fpu vme de pse tsc msr pae mce cx8 apic sep mtrr pge mca cmov pat pse36 clflush dts acpi mmx fxsr sse sse2 ss ht tm pbe syscall nx rdtscp lm constant_tsc arch_perfmon pebs bts rep_good nopl xtopology nonstop_tsc aperfmperf eagerfpu pni pclmulqdq dtes64 monitor ds_cpl vmx est tm2 ssse3 cx16 xtpr pdcm pcid sse4_1 sse4_2 x2apic popcnt tsc_deadline_timer aes xsave avx f16c rdrand lahf_lm epb tpr_shadow vnmi flexpriority ept vpid fsgsbase smep erms xsaveopt dtherm ida arat pln pts
bugs		:
bogomips	: 4989.04
clflush size	: 64
cache_alignment	: 64
address sizes	: 36 bits physical, 48 bits virtual
power management:

processor	: 2
vendor_id	: GenuineIntel
cpu family	: 6
model		: 58
model name	: Intel(R) Core(TM) i5-3210M CPU @ 2.50GHz
stepping	: 9
microcode	: 0x15
cpu MHz		: 2899.902
cache size	: 3072 KB
physical id	: 0
siblings	: 4
core id		: 0
cpu cores	: 2
apicid		: 1
initial apicid	: 1
fpu		: yes
fpu_exception	: yes
cpuid level	: 13
wp		: yes
flags		: fpu vme de pse tsc msr pae mce cx8 apic sep mtrr pge mca cmov pat pse36 clflush dts acpi mmx fxsr sse sse2 ss ht tm pbe syscall nx rdtscp lm constant_tsc arch_perfmon pebs bts rep_good nopl xtopology nonstop_tsc aperfmperf eagerfpu pni pclmulqdq dtes64 monitor ds_cpl vmx est tm2 ssse3 cx16 xtpr pdcm pcid sse4_1 sse4_2 x2apic popcnt tsc_deadline_timer aes xsave avx f16c rdrand lahf_lm epb tpr_shadow vnmi flexpriority ept vpid fsgsbase smep erms xsaveopt dtherm ida arat pln pts
bugs		:
bogomips	: 4989.04
clflush size	: 64
cache_alignment	: 64
address sizes	: 36 bits physical, 48 bits virtual
power management:

processor	: 3
vendor_id	: GenuineIntel
cpu family	: 6
model		: 58
model name	: Intel(R) Core(TM) i5-3210M CPU @ 2.50GHz
stepping	: 9
microcode	: 0x15
cpu MHz		: 2899.902
cache size	: 3072 KB
physical id	: 0
siblings	: 4
core id		: 1
cpu cores	: 2
apicid		: 3
initial apicid	: 3
fpu		: yes
fpu_exception	: yes
cpuid level	: 13
wp		: yes
flags		: fpu vme de pse tsc msr pae mce cx8 apic sep mtrr pge mca cmov pat pse36 clflush dts acpi mmx fxsr sse sse2 ss ht tm pbe syscall nx rdtscp lm constant_tsc arch_perfmon pebs bts rep_good nopl xtopology nonstop_tsc aperfmperf eagerfpu pni pclmulqdq dtes64 monitor ds_cpl vmx est tm2 ssse3 cx16 xtpr pdcm pcid sse4_1 sse4_2 x2apic popcnt tsc_deadline_timer aes xsave avx f16c rdrand lahf_lm epb tpr_shadow vnmi flexpriority ept vpid fsgsbase smep erms xsaveopt dtherm ida arat pln pts
bugs		:
bogomips	: 4989.04
clflush size	: 64
cache_alignment	: 64
address sizes	: 36 bits physical, 48 bits virtual
power management:



Memory: 4k page, physical 8065832k(349412k free), swap 1951740k(1913512k free)

vm_info: Java HotSpot(TM) 64-Bit Server VM (25.111-b14) for linux-amd64 JRE (1.8.0_111-b14), built on Sep 22 2016 16:14:03 by "java_re" with gcc 4.3.0 20080428 (Red Hat 4.3.0-8)

time: Sun Feb  5 02:11:41 2017
elapsed time: 0 seconds (0d 0h 0m 0s)

