#
# A fatal error has been detected by the Java Runtime Environment:
#
#  SIGSEGV (0xb) at pc=0x00007fb48fa72ccc, pid=28703, tid=0x00007fb4ac12b700
#
# JRE version: Java(TM) SE Runtime Environment (8.0_111-b14) (build 1.8.0_111-b14)
# Java VM: Java HotSpot(TM) 64-Bit Server VM (25.111-b14 mixed mode linux-amd64 compressed oops)
# Problematic frame:
# C  [liblwjgl_opengl.so+0x46ccc]  Java_org_lwjgl_opengl_GL30_nglGenVertexArrays__IJ+0xc
#
# Failed to write core dump. Core dumps have been disabled. To enable core dumping, try "ulimit -c unlimited" before starting Java again
#
# If you would like to submit a bug report, please visit:
#   http://bugreport.java.com/bugreport/crash.jsp
# The crash happened outside the Java Virtual Machine in native code.
# See problematic frame for where to report the bug.
#

---------------  T H R E A D  ---------------

Current thread (0x00007fb4a4b0d000):  JavaThread "Thread-2" [_thread_in_native, id=28737, stack(0x00007fb4ac02b000,0x00007fb4ac12c000)]

siginfo: si_signo: 11 (SIGSEGV), si_code: 1 (SEGV_MAPERR), si_addr: 0x0000000000000f18

Registers:
RAX=0x0000000000000000, RBX=0x00007fb4ad771a08, RCX=0x00007fb4880187ac, RDX=0x0000000000000001
RSP=0x00007fb4ac12a618, RBP=0x00007fb4ac12a678, RSI=0x00007fb4880187ac, RDI=0x0000000000000001
R8 =0x00000000ec836ea0, R9 =0x0000000000000004, R10=0x00007fb4f101fc78, R11=0x00007fb5077a5a70
R12=0x0000000000000000, R13=0x00007fb4ad771a08, R14=0x00007fb4ac12a6a8, R15=0x00007fb4a4b0d000
RIP=0x00007fb48fa72ccc, EFLAGS=0x0000000000010287, CSGSFS=0x002b000000000033, ERR=0x0000000000000004
  TRAPNO=0x000000000000000e

Top of Stack: (sp=0x00007fb4ac12a618)
0x00007fb4ac12a618:   00007fb4f101fca4 0000000000000000
0x00007fb4ac12a628:   00007fb4ac12a640 00007fb4ac12a690
0x00007fb4ac12a638:   00007fb4ac12a638 0000000000000000
0x00007fb4ac12a648:   00007fb4ac12a6a8 00007fb4ad7744c8
0x00007fb4ac12a658:   0000000000000000 00007fb4ad771a08
0x00007fb4ac12a668:   0000000000000000 00007fb4ac12a698
0x00007fb4ac12a678:   00007fb4ac12a6f0 00007fb4f100833d
0x00007fb4ac12a688:   00000000ed047558 00007fb4f1016478
0x00007fb4ac12a698:   00007fb4880187ac 00000000ec836e88
0x00007fb4ac12a6a8:   0000000000000001 00007fb4ac12a6b0
0x00007fb4ac12a6b8:   00007fb4ad771b5c 00007fb4ac12a720
0x00007fb4ac12a6c8:   00007fb4ad7744c8 0000000000000000
0x00007fb4ac12a6d8:   00007fb4ad771bc0 00007fb4ac12a698
0x00007fb4ac12a6e8:   00007fb4ac12a728 00007fb4ac12a768
0x00007fb4ac12a6f8:   00007fb4f1007d80 0000000000000000
0x00007fb4ac12a708:   0000000000000000 00000000ec836e88
0x00007fb4ac12a718:   0000000000008000 00000000ec836d88
0x00007fb4ac12a728:   00007fb4ac12a728 00007fb48f8c1798
0x00007fb4ac12a738:   00007fb4ac12a778 00007fb48f8c2740
0x00007fb4ac12a748:   0000000000000000 00007fb48f8c17b8
0x00007fb4ac12a758:   00007fb4ac12a728 00007fb4ac12a780
0x00007fb4ac12a768:   00007fb4ac12a7c0 00007fb4f10080c0
0x00007fb4ac12a778:   0000000000000000 00007fb4ac12a780
0x00007fb4ac12a788:   00007fb48f9a555c 00007fb4ac12a7e0
0x00007fb4ac12a798:   00007fb48f9a5e10 0000000000000000
0x00007fb4ac12a7a8:   00007fb48f9a55c8 00007fb4ac12a780
0x00007fb4ac12a7b8:   00007fb4ac12a7e0 00007fb4ac12a828
0x00007fb4ac12a7c8:   00007fb4f100833d 0000000000000000
0x00007fb4ac12a7d8:   00000000ec836c30 00000000ec7c0278
0x00007fb4ac12a7e8:   00007fb4ac12a7e8 00007fb48f9a5656
0x00007fb4ac12a7f8:   00007fb4ac12a840 00007fb48f9a5e10
0x00007fb4ac12a808:   0000000000000000 00007fb48f9a5680 

Instructions: (pc=0x00007fb48fa72ccc)
0x00007fb48fa72cac:   c0 1b 00 00 ff e0 66 66 66 66 66 2e 0f 1f 84 00
0x00007fb48fa72cbc:   00 00 00 00 48 8b 07 48 89 ce 89 d7 48 8b 40 18
0x00007fb48fa72ccc:   48 8b 80 18 0f 00 00 ff e0 66 66 2e 0f 1f 84 00
0x00007fb48fa72cdc:   00 00 00 00 48 8b 07 48 89 ce 89 d7 48 8b 40 18 

Register to memory mapping:

RAX=0x0000000000000000 is an unknown value
RBX={method} {0x00007fb4ad771a08} 'nglGenVertexArrays' '(IJ)V' in 'org/lwjgl/opengl/GL30'
RCX=0x00007fb4880187ac is an unknown value
RDX=0x0000000000000001 is an unknown value
RSP=0x00007fb4ac12a618 is pointing into the stack for thread: 0x00007fb4a4b0d000
RBP=0x00007fb4ac12a678 is pointing into the stack for thread: 0x00007fb4a4b0d000
RSI=0x00007fb4880187ac is an unknown value
RDI=0x0000000000000001 is an unknown value
R8 =0x00000000ec836ea0 is an oop

[error occurred during error reporting (printing register info), id 0xb]

Stack: [0x00007fb4ac02b000,0x00007fb4ac12c000],  sp=0x00007fb4ac12a618,  free space=1021k
Native frames: (J=compiled Java code, j=interpreted, Vv=VM code, C=native code)
C  [liblwjgl_opengl.so+0x46ccc]  Java_org_lwjgl_opengl_GL30_nglGenVertexArrays__IJ+0xc
j  org.lwjgl.opengl.GL30.glGenVertexArrays()I+20
j  openglObjects.Vao.create()LopenglObjects/Vao;+0
j  fontMeshCreator.GUIText.updateMesh()V+12
j  fontMeshCreator.GUIText.setText(Ljava/lang/String;)V+6
j  PSTeam.lambda$0()V+92
j  PSTeam$$Lambda$29.run()V+4
j  java.lang.Thread.run()V+11
v  ~StubRoutines::call_stub
V  [libjvm.so+0x690206]  JavaCalls::call_helper(JavaValue*, methodHandle*, JavaCallArguments*, Thread*)+0x1056
V  [libjvm.so+0x690711]  JavaCalls::call_virtual(JavaValue*, KlassHandle, Symbol*, Symbol*, JavaCallArguments*, Thread*)+0x321
V  [libjvm.so+0x690bb7]  JavaCalls::call_virtual(JavaValue*, Handle, KlassHandle, Symbol*, Symbol*, Thread*)+0x47
V  [libjvm.so+0x7278f0]  thread_entry(JavaThread*, Thread*)+0xa0
V  [libjvm.so+0xa742b3]  JavaThread::thread_main_inner()+0x103
V  [libjvm.so+0xa743fc]  JavaThread::run()+0x11c
V  [libjvm.so+0x924ea8]  java_start(Thread*)+0x108
C  [libpthread.so.0+0x770a]  start_thread+0xca

Java frames: (J=compiled Java code, j=interpreted, Vv=VM code)
j  org.lwjgl.opengl.GL30.nglGenVertexArrays(IJ)V+0
j  org.lwjgl.opengl.GL30.glGenVertexArrays()I+20
j  openglObjects.Vao.create()LopenglObjects/Vao;+0
j  fontMeshCreator.GUIText.updateMesh()V+12
j  fontMeshCreator.GUIText.setText(Ljava/lang/String;)V+6
j  PSTeam.lambda$0()V+92
j  PSTeam$$Lambda$29.run()V+4
j  java.lang.Thread.run()V+11
v  ~StubRoutines::call_stub

---------------  P R O C E S S  ---------------

Java Threads: ( => current thread )
=>0x00007fb4a4b0d000 JavaThread "Thread-2" [_thread_in_native, id=28737, stack(0x00007fb4ac02b000,0x00007fb4ac12c000)]
  0x00007fb50000e800 JavaThread "DestroyJavaVM" [_thread_blocked, id=28708, stack(0x00007fb5088d4000,0x00007fb5089d5000)]
  0x00007fb500317800 JavaThread "AWT-EventQueue-0" [_thread_blocked, id=28735, stack(0x00007fb4ad7e1000,0x00007fb4ad8e2000)]
  0x00007fb500312800 JavaThread "AWT-Shutdown" [_thread_blocked, id=28734, stack(0x00007fb4ad8e2000,0x00007fb4ad9e3000)]
  0x00007fb50023d800 JavaThread "AWT-XAWT" daemon [_thread_in_native, id=28733, stack(0x00007fb4ae4d8000,0x00007fb4ae5d9000)]
  0x00007fb500216800 JavaThread "Java2D Disposer" daemon [_thread_blocked, id=28732, stack(0x00007fb4ae9e9000,0x00007fb4aeaea000)]
  0x00007fb5001c9800 JavaThread "Thread-0" [_thread_in_native, id=28731, stack(0x00007fb4aef7a000,0x00007fb4af07b000)]
  0x00007fb5000d5800 JavaThread "Service Thread" daemon [_thread_blocked, id=28729, stack(0x00007fb4ec8d7000,0x00007fb4ec9d8000)]
  0x00007fb5000d2000 JavaThread "C1 CompilerThread2" daemon [_thread_blocked, id=28728, stack(0x00007fb4ec9d8000,0x00007fb4ecad9000)]
  0x00007fb5000d0800 JavaThread "C2 CompilerThread1" daemon [_thread_blocked, id=28727, stack(0x00007fb4ecad9000,0x00007fb4ecbda000)]
  0x00007fb5000cd800 JavaThread "C2 CompilerThread0" daemon [_thread_blocked, id=28726, stack(0x00007fb4ecbda000,0x00007fb4eccdb000)]
  0x00007fb4cc001000 JavaThread "JDWP Command Reader" daemon [_thread_in_native, id=28724, stack(0x00007fb4eccdb000,0x00007fb4ecddc000)]
  0x00007fb5000cb000 JavaThread "JDWP Event Helper Thread" daemon [_thread_blocked, id=28723, stack(0x00007fb4ecddc000,0x00007fb4ecedd000)]
  0x00007fb5000c7800 JavaThread "JDWP Transport Listener: dt_socket" daemon [_thread_blocked, id=28720, stack(0x00007fb4ecedd000,0x00007fb4ecfde000)]
  0x00007fb5000ba800 JavaThread "Signal Dispatcher" daemon [_thread_blocked, id=28718, stack(0x00007fb4ed1e2000,0x00007fb4ed2e3000)]
  0x00007fb500088800 JavaThread "Finalizer" daemon [_thread_blocked, id=28717, stack(0x00007fb4ed2e3000,0x00007fb4ed3e4000)]
  0x00007fb500084000 JavaThread "Reference Handler" daemon [_thread_blocked, id=28716, stack(0x00007fb4ed3e4000,0x00007fb4ed4e5000)]

Other Threads:
  0x00007fb50007c000 VMThread [stack: 0x00007fb4ed4e5000,0x00007fb4ed5e6000] [id=28715]
  0x00007fb5000d8800 WatcherThread [stack: 0x00007fb4ec7d6000,0x00007fb4ec8d7000] [id=28730]

VM state:not at safepoint (normal execution)

VM Mutex/Monitor currently owned by a thread: None

Heap:
 PSYoungGen      total 17920K, used 10415K [0x00000000ec100000, 0x00000000ed500000, 0x0000000100000000)
  eden space 15360K, 51% used [0x00000000ec100000,0x00000000ec8b3b28,0x00000000ed000000)
  from space 2560K, 98% used [0x00000000ed000000,0x00000000ed278418,0x00000000ed280000)
  to   space 2560K, 0% used [0x00000000ed280000,0x00000000ed280000,0x00000000ed500000)
 ParOldGen       total 40960K, used 1455K [0x00000000c4200000, 0x00000000c6a00000, 0x00000000ec100000)
  object space 40960K, 3% used [0x00000000c4200000,0x00000000c436bca8,0x00000000c6a00000)
 Metaspace       used 15748K, capacity 16017K, committed 16384K, reserved 1064960K
  class space    used 1674K, capacity 1760K, committed 1792K, reserved 1048576K

Card table byte_map: [0x00007fb504521000,0x00007fb504701000] byte_map_base: 0x00007fb503f00000

Marking Bits: (ParMarkBitMap*) 0x00007fb507da6220
 Begin Bits: [0x00007fb4ef10f000, 0x00007fb4f0007000)
 End Bits:   [0x00007fb4f0007000, 0x00007fb4f0eff000)

Polling page: 0x00007fb5089f2000

CodeCache: size=245760Kb used=3737Kb max_used=3737Kb free=242022Kb
 bounds [0x00007fb4f1000000, 0x00007fb4f13b0000, 0x00007fb500000000]
 total_blobs=1957 nmethods=967 adapters=912
 compilation: enabled

Compilation events (10 events):
Event: 11,961 Thread 0x00007fb5000d2000  962       3       fontRendering.FontRenderer::renderText (59 bytes)
Event: 11,962 Thread 0x00007fb5000d2000 nmethod 962 0x00007fb4f13a4fd0 code [0x00007fb4f13a5220, 0x00007fb4f13a59c8]
Event: 11,962 Thread 0x00007fb5000d2000  963       3       fontRendering.FontShader::loadMaterial (99 bytes)
Event: 11,963 Thread 0x00007fb5000d2000 nmethod 963 0x00007fb4f13a5e90 code [0x00007fb4f13a60e0, 0x00007fb4f13a6d68]
Event: 11,963 Thread 0x00007fb5000d2000  964       3       fontRendering.FontShader::loadTranslation (9 bytes)
Event: 11,963 Thread 0x00007fb5000d2000 nmethod 964 0x00007fb4f13985d0 code [0x00007fb4f1398740, 0x00007fb4f1398968]
Event: 11,963 Thread 0x00007fb5000d2000  965       3       org.lwjgl.glfw.GLFW::glfwPollEvents (12 bytes)
Event: 11,964 Thread 0x00007fb5000d2000 nmethod 965 0x00007fb4f13a7390 code [0x00007fb4f13a7500, 0x00007fb4f13a76c8]
Event: 19,476 Thread 0x00007fb5000d2000  967       3       java.nio.charset.CoderResult::isOverflow (14 bytes)
Event: 19,477 Thread 0x00007fb5000d2000 nmethod 967 0x00007fb4f13a7790 code [0x00007fb4f13a7900, 0x00007fb4f13a7ab0]

GC Heap History (2 events):
Event: 3,181 GC heap before
{Heap before GC invocations=1 (full 0):
 PSYoungGen      total 17920K, used 15324K [0x00000000ec100000, 0x00000000ed500000, 0x0000000100000000)
  eden space 15360K, 99% used [0x00000000ec100000,0x00000000ecff73c0,0x00000000ed000000)
  from space 2560K, 0% used [0x00000000ed280000,0x00000000ed280000,0x00000000ed500000)
  to   space 2560K, 0% used [0x00000000ed000000,0x00000000ed000000,0x00000000ed280000)
 ParOldGen       total 40960K, used 0K [0x00000000c4200000, 0x00000000c6a00000, 0x00000000ec100000)
  object space 40960K, 0% used [0x00000000c4200000,0x00000000c4200000,0x00000000c6a00000)
 Metaspace       used 15101K, capacity 15307K, committed 15616K, reserved 1062912K
  class space    used 1604K, capacity 1695K, committed 1792K, reserved 1048576K
Event: 3,195 GC heap after
Heap after GC invocations=1 (full 0):
 PSYoungGen      total 17920K, used 2529K [0x00000000ec100000, 0x00000000ed500000, 0x0000000100000000)
  eden space 15360K, 0% used [0x00000000ec100000,0x00000000ec100000,0x00000000ed000000)
  from space 2560K, 98% used [0x00000000ed000000,0x00000000ed278418,0x00000000ed280000)
  to   space 2560K, 0% used [0x00000000ed280000,0x00000000ed280000,0x00000000ed500000)
 ParOldGen       total 40960K, used 1455K [0x00000000c4200000, 0x00000000c6a00000, 0x00000000ec100000)
  object space 40960K, 3% used [0x00000000c4200000,0x00000000c436bca8,0x00000000c6a00000)
 Metaspace       used 15101K, capacity 15307K, committed 15616K, reserved 1062912K
  class space    used 1604K, capacity 1695K, committed 1792K, reserved 1048576K
}

Deoptimization events (2 events):
Event: 0,900 Thread 0x00007fb5001c9800 Uncommon trap: reason=null_check action=make_not_entrant pc=0x00007fb4f1178598 method=java.lang.String.equals(Ljava/lang/Object;)Z @ 8
Event: 3,078 Thread 0x00007fb5001c9800 Uncommon trap: reason=unstable_if action=reinterpret pc=0x00007fb4f1215770 method=java.lang.String.indexOf([CII[CIII)I @ 3

Internal exceptions (10 events):
Event: 0,541 Thread 0x00007fb50000e800 Exception <a 'java/security/PrivilegedActionException'> (0x00000000ec194c00) thrown at [/HUDSON3/workspace/8-2-build-linux-amd64/jdk8u111/7883/hotspot/src/share/vm/prims/jvm.cpp, line 1386]
Event: 0,541 Thread 0x00007fb50000e800 Exception <a 'java/security/PrivilegedActionException'> (0x00000000ec194e10) thrown at [/HUDSON3/workspace/8-2-build-linux-amd64/jdk8u111/7883/hotspot/src/share/vm/prims/jvm.cpp, line 1386]
Event: 0,703 Thread 0x00007fb50000e800 Exception <a 'java/lang/NoSuchFieldError': method resolution failed> (0x00000000ec2fb450) thrown at [/HUDSON3/workspace/8-2-build-linux-amd64/jdk8u111/7883/hotspot/src/share/vm/prims/methodHandles.cpp, line 1146]
Event: 0,716 Thread 0x00007fb50000e800 Exception <a 'java/lang/NoSuchFieldError': method resolution failed> (0x00000000ec308c20) thrown at [/HUDSON3/workspace/8-2-build-linux-amd64/jdk8u111/7883/hotspot/src/share/vm/prims/methodHandles.cpp, line 1146]
Event: 0,844 Thread 0x00007fb50000e800 Exception <a 'java/io/FileNotFoundException'> (0x00000000ec389510) thrown at [/HUDSON3/workspace/8-2-build-linux-amd64/jdk8u111/7883/hotspot/src/share/vm/prims/jni.cpp, line 709]
Event: 0,845 Thread 0x00007fb50000e800 Exception <a 'java/io/FileNotFoundException'> (0x00000000ec389eb0) thrown at [/HUDSON3/workspace/8-2-build-linux-amd64/jdk8u111/7883/hotspot/src/share/vm/prims/jni.cpp, line 709]
Event: 0,900 Thread 0x00007fb5001c9800 Implicit null exception at 0x00007fb4f11782fe to 0x00007fb4f1178589
Event: 2,142 Thread 0x00007fb500317800 Exception <a 'java/lang/UnsupportedOperationException': > (0x00000000ec8af0d8) thrown at [/HUDSON3/workspace/8-2-build-linux-amd64/jdk8u111/7883/hotspot/src/share/vm/prims/jni.cpp, line 735]
Event: 2,295 Thread 0x00007fb5001c9800 Exception <a 'sun/nio/fs/UnixException'> (0x00000000ec9d6f50) thrown at [/HUDSON3/workspace/8-2-build-linux-amd64/jdk8u111/7883/hotspot/src/share/vm/prims/jni.cpp, line 709]
Event: 2,296 Thread 0x00007fb5001c9800 Exception <a 'sun/nio/fs/UnixException'> (0x00000000ec9d8258) thrown at [/HUDSON3/workspace/8-2-build-linux-amd64/jdk8u111/7883/hotspot/src/share/vm/prims/jni.cpp, line 709]

Events (10 events):
Event: 3,549 loading class java/text/FieldPosition
Event: 3,549 loading class java/text/FieldPosition done
Event: 3,549 loading class java/text/DigitList
Event: 3,550 loading class java/text/DigitList done
Event: 3,550 loading class java/math/RoundingMode
Event: 3,550 loading class java/math/RoundingMode done
Event: 3,551 loading class java/util/regex/Pattern$Dollar
Event: 3,551 loading class java/util/regex/Pattern$Dollar done
Event: 4,490 Executing VM operation: EnableBiasedLocking
Event: 4,490 Executing VM operation: EnableBiasedLocking done


Dynamic libraries:
00400000-00401000 r-xp 00000000 08:01 3150682                            /usr/lib/jvm/java-8-oracle/bin/java
00600000-00601000 rw-p 00000000 08:01 3150682                            /usr/lib/jvm/java-8-oracle/bin/java
02211000-02232000 rw-p 00000000 00:00 0                                  [heap]
c4200000-c6a00000 rw-p 00000000 00:00 0 
c6a00000-ec100000 ---p 00000000 00:00 0 
ec100000-ed500000 rw-p 00000000 00:00 0 
ed500000-100000000 ---p 00000000 00:00 0 
100000000-1001c0000 rw-p 00000000 00:00 0 
1001c0000-140000000 ---p 00000000 00:00 0 
7fb488000000-7fb4882b4000 rw-p 00000000 00:00 0 
7fb4882b4000-7fb48c000000 ---p 00000000 00:00 0 
7fb48f400000-7fb48f440000 rw-p 00000000 00:00 0 
7fb48f440000-7fb48f600000 ---p 00000000 00:00 0 
7fb48f600000-7fb48f800000 rw-p 00000000 00:00 0 
7fb48f82c000-7fb48fa2c000 rw-p 00000000 00:00 0 
7fb48fa2c000-7fb48fa95000 r-xp 00000000 08:01 1050039                    /tmp/lwjglnoko/3.1.1-build-16/liblwjgl_opengl.so
7fb48fa95000-7fb48fc94000 ---p 00069000 08:01 1050039                    /tmp/lwjglnoko/3.1.1-build-16/liblwjgl_opengl.so
7fb48fc94000-7fb48fc95000 r--p 00068000 08:01 1050039                    /tmp/lwjglnoko/3.1.1-build-16/liblwjgl_opengl.so
7fb48fc95000-7fb48fc96000 rw-p 00069000 08:01 1050039                    /tmp/lwjglnoko/3.1.1-build-16/liblwjgl_opengl.so
7fb48fc96000-7fb490f63000 rw-p 00000000 00:00 0 
7fb490f63000-7fb490f9a000 r-xp 00000000 08:01 2238627                    /usr/lib/x86_64-linux-gnu/libtxc_dxtn_s2tc.so.0.0.0
7fb490f9a000-7fb491199000 ---p 00037000 08:01 2238627                    /usr/lib/x86_64-linux-gnu/libtxc_dxtn_s2tc.so.0.0.0
7fb491199000-7fb49119a000 r--p 00036000 08:01 2238627                    /usr/lib/x86_64-linux-gnu/libtxc_dxtn_s2tc.so.0.0.0
7fb49119a000-7fb49119b000 rw-p 00037000 08:01 2238627                    /usr/lib/x86_64-linux-gnu/libtxc_dxtn_s2tc.so.0.0.0
7fb49119b000-7fb4911b4000 r-xp 00000000 08:01 1971065                    /lib/x86_64-linux-gnu/libz.so.1.2.8
7fb4911b4000-7fb4913b3000 ---p 00019000 08:01 1971065                    /lib/x86_64-linux-gnu/libz.so.1.2.8
7fb4913b3000-7fb4913b4000 r--p 00018000 08:01 1971065                    /lib/x86_64-linux-gnu/libz.so.1.2.8
7fb4913b4000-7fb4913b5000 rw-p 00019000 08:01 1971065                    /lib/x86_64-linux-gnu/libz.so.1.2.8
7fb4913b5000-7fb4913bd000 r-xp 00000000 08:01 2238361                    /usr/lib/x86_64-linux-gnu/libpciaccess.so.0.11.1
7fb4913bd000-7fb4915bd000 ---p 00008000 08:01 2238361                    /usr/lib/x86_64-linux-gnu/libpciaccess.so.0.11.1
7fb4915bd000-7fb4915be000 r--p 00008000 08:01 2238361                    /usr/lib/x86_64-linux-gnu/libpciaccess.so.0.11.1
7fb4915be000-7fb4915bf000 rw-p 00009000 08:01 2238361                    /usr/lib/x86_64-linux-gnu/libpciaccess.so.0.11.1
7fb4915bf000-7fb4915d1000 r-xp 00000000 08:01 1970927                    /lib/x86_64-linux-gnu/libgpg-error.so.0.19.1
7fb4915d1000-7fb4917d1000 ---p 00012000 08:01 1970927                    /lib/x86_64-linux-gnu/libgpg-error.so.0.19.1
7fb4917d1000-7fb4917d2000 r--p 00012000 08:01 1970927                    /lib/x86_64-linux-gnu/libgpg-error.so.0.19.1
7fb4917d2000-7fb4917d3000 rw-p 00013000 08:01 1970927                    /lib/x86_64-linux-gnu/libgpg-error.so.0.19.1
7fb4917d3000-7fb49194b000 r-xp 00000000 08:01 2238566                    /usr/lib/x86_64-linux-gnu/libstdc++.so.6.0.22
7fb49194b000-7fb491b4b000 ---p 00178000 08:01 2238566                    /usr/lib/x86_64-linux-gnu/libstdc++.so.6.0.22
7fb491b4b000-7fb491b55000 r--p 00178000 08:01 2238566                    /usr/lib/x86_64-linux-gnu/libstdc++.so.6.0.22
7fb491b55000-7fb491b57000 rw-p 00182000 08:01 2238566                    /usr/lib/x86_64-linux-gnu/libstdc++.so.6.0.22
7fb491b57000-7fb491b5b000 rw-p 00000000 00:00 0 
7fb491b5b000-7fb491b66000 r-xp 00000000 08:01 2237663                    /usr/lib/x86_64-linux-gnu/libdrm_radeon.so.1.0.1
7fb491b66000-7fb491d65000 ---p 0000b000 08:01 2237663                    /usr/lib/x86_64-linux-gnu/libdrm_radeon.so.1.0.1
7fb491d65000-7fb491d66000 r--p 0000a000 08:01 2237663                    /usr/lib/x86_64-linux-gnu/libdrm_radeon.so.1.0.1
7fb491d66000-7fb491d67000 rw-p 0000b000 08:01 2237663                    /usr/lib/x86_64-linux-gnu/libdrm_radeon.so.1.0.1
7fb491d67000-7fb491d6e000 r-xp 00000000 08:01 2237661                    /usr/lib/x86_64-linux-gnu/libdrm_nouveau.so.2.0.0
7fb491d6e000-7fb491f6d000 ---p 00007000 08:01 2237661                    /usr/lib/x86_64-linux-gnu/libdrm_nouveau.so.2.0.0
7fb491f6d000-7fb491f6e000 r--p 00006000 08:01 2237661                    /usr/lib/x86_64-linux-gnu/libdrm_nouveau.so.2.0.0
7fb491f6e000-7fb491f6f000 rw-p 00007000 08:01 2237661                    /usr/lib/x86_64-linux-gnu/libdrm_nouveau.so.2.0.0
7fb491f6f000-7fb491f8f000 r-xp 00000000 08:01 2237659                    /usr/lib/x86_64-linux-gnu/libdrm_intel.so.1.0.0
7fb491f8f000-7fb49218e000 ---p 00020000 08:01 2237659                    /usr/lib/x86_64-linux-gnu/libdrm_intel.so.1.0.0
7fb49218e000-7fb49218f000 r--p 0001f000 08:01 2237659                    /usr/lib/x86_64-linux-gnu/libdrm_intel.so.1.0.0
7fb49218f000-7fb492190000 rw-p 00020000 08:01 2237659                    /usr/lib/x86_64-linux-gnu/libdrm_intel.so.1.0.0
7fb492190000-7fb492297000 r-xp 00000000 08:01 1970923                    /lib/x86_64-linux-gnu/libgcrypt.so.20.1.2
7fb492297000-7fb492496000 ---p 00107000 08:01 1970923                    /lib/x86_64-linux-gnu/libgcrypt.so.20.1.2
7fb492496000-7fb492498000 r--p 00106000 08:01 1970923                    /lib/x86_64-linux-gnu/libgcrypt.so.20.1.2
7fb492498000-7fb49249f000 rw-p 00108000 08:01 1970923                    /lib/x86_64-linux-gnu/libgcrypt.so.20.1.2
7fb49249f000-7fb492b42000 r-xp 00000000 08:01 2492894                    /usr/lib/x86_64-linux-gnu/dri/i965_dri.so
7fb492b42000-7fb492d42000 ---p 006a3000 08:01 2492894                    /usr/lib/x86_64-linux-gnu/dri/i965_dri.so
7fb492d42000-7fb492d81000 r--p 006a3000 08:01 2492894                    /usr/lib/x86_64-linux-gnu/dri/i965_dri.so
7fb492d81000-7fb492d89000 rw-p 006e2000 08:01 2492894                    /usr/lib/x86_64-linux-gnu/dri/i965_dri.so
7fb492d89000-7fb492d91000 rw-p 00000000 00:00 0 
7fb492d91000-7fb492d9f000 r-xp 00000000 08:01 2237655                    /usr/lib/x86_64-linux-gnu/libdrm.so.2.4.0
7fb492d9f000-7fb492f9e000 ---p 0000e000 08:01 2237655                    /usr/lib/x86_64-linux-gnu/libdrm.so.2.4.0
7fb492f9e000-7fb492f9f000 r--p 0000d000 08:01 2237655                    /usr/lib/x86_64-linux-gnu/libdrm.so.2.4.0
7fb492f9f000-7fb492fa0000 rw-p 0000e000 08:01 2237655                    /usr/lib/x86_64-linux-gnu/libdrm.so.2.4.0
7fb492fa0000-7fb492fa4000 r-xp 00000000 08:01 2238838                    /usr/lib/x86_64-linux-gnu/libxcb-dri2.so.0.0.0
7fb492fa4000-7fb4931a3000 ---p 00004000 08:01 2238838                    /usr/lib/x86_64-linux-gnu/libxcb-dri2.so.0.0.0
7fb4931a3000-7fb4931a4000 r--p 00003000 08:01 2238838                    /usr/lib/x86_64-linux-gnu/libxcb-dri2.so.0.0.0
7fb4931a4000-7fb4931a5000 rw-p 00004000 08:01 2238838                    /usr/lib/x86_64-linux-gnu/libxcb-dri2.so.0.0.0
7fb4931a5000-7fb4931bc000 r-xp 00000000 08:01 2238842                    /usr/lib/x86_64-linux-gnu/libxcb-glx.so.0.0.0
7fb4931bc000-7fb4933bb000 ---p 00017000 08:01 2238842                    /usr/lib/x86_64-linux-gnu/libxcb-glx.so.0.0.0
7fb4933bb000-7fb4933bd000 r--p 00016000 08:01 2238842                    /usr/lib/x86_64-linux-gnu/libxcb-glx.so.0.0.0
7fb4933bd000-7fb4933be000 rw-p 00018000 08:01 2238842                    /usr/lib/x86_64-linux-gnu/libxcb-glx.so.0.0.0
7fb4933be000-7fb4933c0000 r-xp 00000000 08:01 2237347                    /usr/lib/x86_64-linux-gnu/libXdamage.so.1.1.0
7fb4933c0000-7fb4935bf000 ---p 00002000 08:01 2237347                    /usr/lib/x86_64-linux-gnu/libXdamage.so.1.1.0
7fb4935bf000-7fb4935c0000 r--p 00001000 08:01 2237347                    /usr/lib/x86_64-linux-gnu/libXdamage.so.1.1.0
7fb4935c0000-7fb4935c1000 rw-p 00002000 08:01 2237347                    /usr/lib/x86_64-linux-gnu/libXdamage.so.1.1.0
7fb4935c1000-7fb4935eb000 r-xp 00000000 08:01 2237864                    /usr/lib/x86_64-linux-gnu/libglapi.so.0.0.0
7fb4935eb000-7fb4937ea000 ---p 0002a000 08:01 2237864                    /usr/lib/x86_64-linux-gnu/libglapi.so.0.0.0
7fb4937ea000-7fb4937ee000 r--p 00029000 08:01 2237864                    /usr/lib/x86_64-linux-gnu/libglapi.so.0.0.0
7fb4937ee000-7fb4937ef000 rw-p 0002d000 08:01 2237864                    /usr/lib/x86_64-linux-gnu/libglapi.so.0.0.0
7fb4937ef000-7fb4937f0000 rw-p 00000000 00:00 0 
7fb4937f0000-7fb4937f1000 r-xp 00000000 08:01 2238884                    /usr/lib/x86_64-linux-gnu/libxshmfence.so.1.0.0
7fb4937f1000-7fb4939f1000 ---p 00001000 08:01 2238884                    /usr/lib/x86_64-linux-gnu/libxshmfence.so.1.0.0
7fb4939f1000-7fb4939f2000 r--p 00001000 08:01 2238884                    /usr/lib/x86_64-linux-gnu/libxshmfence.so.1.0.0
7fb4939f2000-7fb4939f3000 rw-p 00002000 08:01 2238884                    /usr/lib/x86_64-linux-gnu/libxshmfence.so.1.0.0
7fb4939f3000-7fb4939f8000 r-xp 00000000 08:01 2238862                    /usr/lib/x86_64-linux-gnu/libxcb-sync.so.1.0.0
7fb4939f8000-7fb493bf8000 ---p 00005000 08:01 2238862                    /usr/lib/x86_64-linux-gnu/libxcb-sync.so.1.0.0
7fb493bf8000-7fb493bf9000 r--p 00005000 08:01 2238862                    /usr/lib/x86_64-linux-gnu/libxcb-sync.so.1.0.0
7fb493bf9000-7fb493bfa000 rw-p 00006000 08:01 2238862                    /usr/lib/x86_64-linux-gnu/libxcb-sync.so.1.0.0
7fb493bfa000-7fb493bfc000 r-xp 00000000 08:01 2238850                    /usr/lib/x86_64-linux-gnu/libxcb-present.so.0.0.0
7fb493bfc000-7fb493dfb000 ---p 00002000 08:01 2238850                    /usr/lib/x86_64-linux-gnu/libxcb-present.so.0.0.0
7fb493dfb000-7fb493dfc000 r--p 00001000 08:01 2238850                    /usr/lib/x86_64-linux-gnu/libxcb-present.so.0.0.0
7fb493dfc000-7fb493dfd000 rw-p 00002000 08:01 2238850                    /usr/lib/x86_64-linux-gnu/libxcb-present.so.0.0.0
7fb493dfd000-7fb493dff000 r-xp 00000000 08:01 2238840                    /usr/lib/x86_64-linux-gnu/libxcb-dri3.so.0.0.0
7fb493dff000-7fb493ffe000 ---p 00002000 08:01 2238840                    /usr/lib/x86_64-linux-gnu/libxcb-dri3.so.0.0.0
7fb493ffe000-7fb493fff000 r--p 00001000 08:01 2238840                    /usr/lib/x86_64-linux-gnu/libxcb-dri3.so.0.0.0
7fb493fff000-7fb494000000 rw-p 00002000 08:01 2238840                    /usr/lib/x86_64-linux-gnu/libxcb-dri3.so.0.0.0
7fb494000000-7fb494021000 rw-p 00000000 00:00 0 
7fb494021000-7fb498000000 ---p 00000000 00:00 0 
7fb498000000-7fb498053000 rw-p 00000000 00:00 0 
7fb498053000-7fb49c000000 ---p 00000000 00:00 0 
7fb49c000000-7fb49c021000 rw-p 00000000 00:00 0 
7fb49c021000-7fb4a0000000 ---p 00000000 00:00 0 
7fb4a0000000-7fb4a0036000 rw-p 00000000 00:00 0 
7fb4a0036000-7fb4a4000000 ---p 00000000 00:00 0 
7fb4a4000000-7fb4a4ca6000 rw-p 00000000 00:00 0 
7fb4a4ca6000-7fb4a8000000 ---p 00000000 00:00 0 
7fb4a8000000-7fb4a8021000 rw-p 00000000 00:00 0 
7fb4a8021000-7fb4ac000000 ---p 00000000 00:00 0 
7fb4ac02b000-7fb4ac02e000 ---p 00000000 00:00 0 
7fb4ac02e000-7fb4ac12c000 rw-p 00000000 00:00 0 
7fb4ac12c000-7fb4ac153000 r-xp 00000000 08:01 1970914                    /lib/x86_64-linux-gnu/libexpat.so.1.6.2
7fb4ac153000-7fb4ac353000 ---p 00027000 08:01 1970914                    /lib/x86_64-linux-gnu/libexpat.so.1.6.2
7fb4ac353000-7fb4ac355000 r--p 00027000 08:01 1970914                    /lib/x86_64-linux-gnu/libexpat.so.1.6.2
7fb4ac355000-7fb4ac356000 rw-p 00029000 08:01 1970914                    /lib/x86_64-linux-gnu/libexpat.so.1.6.2
7fb4ac356000-7fb4ac3c6000 r-xp 00000000 08:01 2625621                    /usr/lib/x86_64-linux-gnu/mesa/libGL.so.1.2.0
7fb4ac3c6000-7fb4ac5c5000 ---p 00070000 08:01 2625621                    /usr/lib/x86_64-linux-gnu/mesa/libGL.so.1.2.0
7fb4ac5c5000-7fb4ac5c8000 r--p 0006f000 08:01 2625621                    /usr/lib/x86_64-linux-gnu/mesa/libGL.so.1.2.0
7fb4ac5c8000-7fb4ac5c9000 rw-p 00072000 08:01 2625621                    /usr/lib/x86_64-linux-gnu/mesa/libGL.so.1.2.0
7fb4ac5c9000-7fb4ac5ca000 rw-p 00000000 00:00 0 
7fb4ac5ca000-7fb4ac5cb000 r-xp 00000000 08:01 2237332                    /usr/lib/x86_64-linux-gnu/libX11-xcb.so.1.0.0
7fb4ac5cb000-7fb4ac7ca000 ---p 00001000 08:01 2237332                    /usr/lib/x86_64-linux-gnu/libX11-xcb.so.1.0.0
7fb4ac7ca000-7fb4ac7cb000 r--p 00000000 08:01 2237332                    /usr/lib/x86_64-linux-gnu/libX11-xcb.so.1.0.0
7fb4ac7cb000-7fb4ac7cc000 rw-p 00001000 08:01 2237332                    /usr/lib/x86_64-linux-gnu/libX11-xcb.so.1.0.0
7fb4ac7cc000-7fb4ac7d1000 r-xp 00000000 08:01 2237387                    /usr/lib/x86_64-linux-gnu/libXxf86vm.so.1.0.0
7fb4ac7d1000-7fb4ac9d0000 ---p 00005000 08:01 2237387                    /usr/lib/x86_64-linux-gnu/libXxf86vm.so.1.0.0
7fb4ac9d0000-7fb4ac9d1000 r--p 00004000 08:01 2237387                    /usr/lib/x86_64-linux-gnu/libXxf86vm.so.1.0.0
7fb4ac9d1000-7fb4ac9d2000 rw-p 00005000 08:01 2237387                    /usr/lib/x86_64-linux-gnu/libXxf86vm.so.1.0.0
7fb4ac9d2000-7fb4ac9d4000 r-xp 00000000 08:01 2237361                    /usr/lib/x86_64-linux-gnu/libXinerama.so.1.0.0
7fb4ac9d4000-7fb4acbd3000 ---p 00002000 08:01 2237361                    /usr/lib/x86_64-linux-gnu/libXinerama.so.1.0.0
7fb4acbd3000-7fb4acbd4000 r--p 00001000 08:01 2237361                    /usr/lib/x86_64-linux-gnu/libXinerama.so.1.0.0
7fb4acbd4000-7fb4acbd5000 rw-p 00002000 08:01 2237361                    /usr/lib/x86_64-linux-gnu/libXinerama.so.1.0.0
7fb4acbd5000-7fb4acbdf000 r-xp 00000000 08:01 2237369                    /usr/lib/x86_64-linux-gnu/libXrandr.so.2.2.0
7fb4acbdf000-7fb4acdde000 ---p 0000a000 08:01 2237369                    /usr/lib/x86_64-linux-gnu/libXrandr.so.2.2.0
7fb4acdde000-7fb4acddf000 r--p 00009000 08:01 2237369                    /usr/lib/x86_64-linux-gnu/libXrandr.so.2.2.0
7fb4acddf000-7fb4acde0000 rw-p 0000a000 08:01 2237369                    /usr/lib/x86_64-linux-gnu/libXrandr.so.2.2.0
7fb4acde0000-7fb4acdfe000 r-xp 00000000 08:01 1050038                    /tmp/lwjglnoko/3.1.1-build-16/libglfw.so
7fb4acdfe000-7fb4acffd000 ---p 0001e000 08:01 1050038                    /tmp/lwjglnoko/3.1.1-build-16/libglfw.so
7fb4acffd000-7fb4acffe000 r--p 0001d000 08:01 1050038                    /tmp/lwjglnoko/3.1.1-build-16/libglfw.so
7fb4acffe000-7fb4acfff000 rw-p 0001e000 08:01 1050038                    /tmp/lwjglnoko/3.1.1-build-16/libglfw.so
7fb4acfff000-7fb4ad000000 rw-p 00000000 00:00 0 
7fb4ad000000-7fb4ad200000 rw-p 00000000 00:00 0 
7fb4ad2a4000-7fb4ad3a4000 rw-s 00000000 00:05 291216                     /drm mm object (deleted)
7fb4ad3a4000-7fb4ad3dd000 r-xp 00000000 08:01 1050037                    /tmp/lwjglnoko/3.1.1-build-16/libjemalloc.so
7fb4ad3dd000-7fb4ad5dc000 ---p 00039000 08:01 1050037                    /tmp/lwjglnoko/3.1.1-build-16/libjemalloc.so
7fb4ad5dc000-7fb4ad5df000 r--p 00038000 08:01 1050037                    /tmp/lwjglnoko/3.1.1-build-16/libjemalloc.so
7fb4ad5df000-7fb4ad5e0000 rw-p 0003b000 08:01 1050037                    /tmp/lwjglnoko/3.1.1-build-16/libjemalloc.so
7fb4ad5e0000-7fb4ad7e1000 rw-p 00000000 00:00 0 
7fb4ad7e1000-7fb4ad7e4000 ---p 00000000 00:00 0 
7fb4ad7e4000-7fb4ad8e2000 rw-p 00000000 00:00 0 
7fb4ad8e2000-7fb4ad8e5000 ---p 00000000 00:00 0 
7fb4ad8e5000-7fb4ad9e3000 rw-p 00000000 00:00 0 
7fb4ad9e3000-7fb4ada2e000 r-xp 00000000 08:01 1050036                    /tmp/lwjglnoko/3.1.1-build-16/liblwjgl.so
7fb4ada2e000-7fb4adc2e000 ---p 0004b000 08:01 1050036                    /tmp/lwjglnoko/3.1.1-build-16/liblwjgl.so
7fb4adc2e000-7fb4adc2f000 r--p 0004b000 08:01 1050036                    /tmp/lwjglnoko/3.1.1-build-16/liblwjgl.so
7fb4adc2f000-7fb4adc30000 rw-p 0004c000 08:01 1050036                    /tmp/lwjglnoko/3.1.1-build-16/liblwjgl.so
7fb4adc30000-7fb4adc99000 r-xp 00000000 08:01 3150774                    /usr/lib/jvm/java-8-oracle/jre/lib/amd64/libt2k.so
7fb4adc99000-7fb4ade99000 ---p 00069000 08:01 3150774                    /usr/lib/jvm/java-8-oracle/jre/lib/amd64/libt2k.so
7fb4ade99000-7fb4adea0000 rw-p 00069000 08:01 3150774                    /usr/lib/jvm/java-8-oracle/jre/lib/amd64/libt2k.so
7fb4adea0000-7fb4adeb0000 rw-p 00000000 00:00 0 
7fb4adeb0000-7fb4adec1000 r-xp 00000000 08:01 3150748                    /usr/lib/jvm/java-8-oracle/jre/lib/amd64/libnio.so
7fb4adec1000-7fb4ae0c0000 ---p 00011000 08:01 3150748                    /usr/lib/jvm/java-8-oracle/jre/lib/amd64/libnio.so
7fb4ae0c0000-7fb4ae0c1000 rw-p 00010000 08:01 3150748                    /usr/lib/jvm/java-8-oracle/jre/lib/amd64/libnio.so
7fb4ae0c1000-7fb4ae2c1000 rw-p 00000000 00:00 0 
7fb4ae2c1000-7fb4ae2d7000 r-xp 00000000 08:01 3150723                    /usr/lib/jvm/java-8-oracle/jre/lib/amd64/libnet.so
7fb4ae2d7000-7fb4ae4d7000 ---p 00016000 08:01 3150723                    /usr/lib/jvm/java-8-oracle/jre/lib/amd64/libnet.so
7fb4ae4d7000-7fb4ae4d8000 rw-p 00016000 08:01 3150723                    /usr/lib/jvm/java-8-oracle/jre/lib/amd64/libnet.so
7fb4ae4d8000-7fb4ae4db000 ---p 00000000 00:00 0 
7fb4ae4db000-7fb4ae5d9000 rw-p 00000000 00:00 0 
7fb4ae5d9000-7fb4ae5de000 r-xp 00000000 08:01 2237353                    /usr/lib/x86_64-linux-gnu/libXfixes.so.3.1.0
7fb4ae5de000-7fb4ae7dd000 ---p 00005000 08:01 2237353                    /usr/lib/x86_64-linux-gnu/libXfixes.so.3.1.0
7fb4ae7dd000-7fb4ae7de000 r--p 00004000 08:01 2237353                    /usr/lib/x86_64-linux-gnu/libXfixes.so.3.1.0
7fb4ae7de000-7fb4ae7df000 rw-p 00005000 08:01 2237353                    /usr/lib/x86_64-linux-gnu/libXfixes.so.3.1.0
7fb4ae7df000-7fb4ae7e8000 r-xp 00000000 08:01 2237345                    /usr/lib/x86_64-linux-gnu/libXcursor.so.1.0.2
7fb4ae7e8000-7fb4ae9e7000 ---p 00009000 08:01 2237345                    /usr/lib/x86_64-linux-gnu/libXcursor.so.1.0.2
7fb4ae9e7000-7fb4ae9e8000 r--p 00008000 08:01 2237345                    /usr/lib/x86_64-linux-gnu/libXcursor.so.1.0.2
7fb4ae9e8000-7fb4ae9e9000 rw-p 00009000 08:01 2237345                    /usr/lib/x86_64-linux-gnu/libXcursor.so.1.0.2
7fb4ae9e9000-7fb4ae9ec000 ---p 00000000 00:00 0 
7fb4ae9ec000-7fb4aeaea000 rw-p 00000000 00:00 0 
7fb4aeaea000-7fb4aeb00000 r-xp 00000000 08:01 1970921                    /lib/x86_64-linux-gnu/libgcc_s.so.1
7fb4aeb00000-7fb4aecff000 ---p 00016000 08:01 1970921                    /lib/x86_64-linux-gnu/libgcc_s.so.1
7fb4aecff000-7fb4aed00000 r--p 00015000 08:01 1970921                    /lib/x86_64-linux-gnu/libgcc_s.so.1
7fb4aed00000-7fb4aed01000 rw-p 00016000 08:01 1970921                    /lib/x86_64-linux-gnu/libgcc_s.so.1
7fb4aed01000-7fb4aed66000 r-xp 00000000 08:01 3150742                    /usr/lib/jvm/java-8-oracle/jre/lib/amd64/libfontmanager.so
7fb4aed66000-7fb4aef65000 ---p 00065000 08:01 3150742                    /usr/lib/jvm/java-8-oracle/jre/lib/amd64/libfontmanager.so
7fb4aef65000-7fb4aef6a000 rw-p 00064000 08:01 3150742                    /usr/lib/jvm/java-8-oracle/jre/lib/amd64/libfontmanager.so
7fb4aef6a000-7fb4aef7a000 rw-p 00000000 00:00 0 
7fb4aef7a000-7fb4aef7d000 ---p 00000000 00:00 0 
7fb4aef7d000-7fb4af07b000 rw-p 00000000 00:00 0 
7fb4af07b000-7fb4af080000 r-xp 00000000 08:01 2237349                    /usr/lib/x86_64-linux-gnu/libXdmcp.so.6.0.0
7fb4af080000-7fb4af27f000 ---p 00005000 08:01 2237349                    /usr/lib/x86_64-linux-gnu/libXdmcp.so.6.0.0
7fb4af27f000-7fb4af280000 r--p 00004000 08:01 2237349                    /usr/lib/x86_64-linux-gnu/libXdmcp.so.6.0.0
7fb4af280000-7fb4af281000 rw-p 00005000 08:01 2237349                    /usr/lib/x86_64-linux-gnu/libXdmcp.so.6.0.0
7fb4af281000-7fb4af283000 r-xp 00000000 08:01 2237338                    /usr/lib/x86_64-linux-gnu/libXau.so.6.0.0
7fb4af283000-7fb4af483000 ---p 00002000 08:01 2237338                    /usr/lib/x86_64-linux-gnu/libXau.so.6.0.0
7fb4af483000-7fb4af484000 r--p 00002000 08:01 2237338                    /usr/lib/x86_64-linux-gnu/libXau.so.6.0.0
7fb4af484000-7fb4af485000 rw-p 00003000 08:01 2237338                    /usr/lib/x86_64-linux-gnu/libXau.so.6.0.0
7fb4af485000-7fb4af4a6000 r-xp 00000000 08:01 2238872                    /usr/lib/x86_64-linux-gnu/libxcb.so.1.1.0
7fb4af4a6000-7fb4af6a5000 ---p 00021000 08:01 2238872                    /usr/lib/x86_64-linux-gnu/libxcb.so.1.1.0
7fb4af6a5000-7fb4af6a6000 r--p 00020000 08:01 2238872                    /usr/lib/x86_64-linux-gnu/libxcb.so.1.1.0
7fb4af6a6000-7fb4af6a7000 rw-p 00021000 08:01 2238872                    /usr/lib/x86_64-linux-gnu/libxcb.so.1.1.0
7fb4af6a7000-7fb4af6b6000 r-xp 00000000 08:01 2237359                    /usr/lib/x86_64-linux-gnu/libXi.so.6.1.0
7fb4af6b6000-7fb4af8b5000 ---p 0000f000 08:01 2237359                    /usr/lib/x86_64-linux-gnu/libXi.so.6.1.0
7fb4af8b5000-7fb4af8b6000 r--p 0000e000 08:01 2237359                    /usr/lib/x86_64-linux-gnu/libXi.so.6.1.0
7fb4af8b6000-7fb4af8b7000 rw-p 0000f000 08:01 2237359                    /usr/lib/x86_64-linux-gnu/libXi.so.6.1.0
7fb4af8b7000-7fb4af8bc000 r-xp 00000000 08:01 2237377                    /usr/lib/x86_64-linux-gnu/libXtst.so.6.1.0
7fb4af8bc000-7fb4afabb000 ---p 00005000 08:01 2237377                    /usr/lib/x86_64-linux-gnu/libXtst.so.6.1.0
7fb4afabb000-7fb4afabc000 r--p 00004000 08:01 2237377                    /usr/lib/x86_64-linux-gnu/libXtst.so.6.1.0
7fb4afabc000-7fb4afabd000 rw-p 00005000 08:01 2237377                    /usr/lib/x86_64-linux-gnu/libXtst.so.6.1.0
7fb4afabd000-7fb4afac6000 r-xp 00000000 08:01 2237371                    /usr/lib/x86_64-linux-gnu/libXrender.so.1.3.0
7fb4afac6000-7fb4afcc5000 ---p 00009000 08:01 2237371                    /usr/lib/x86_64-linux-gnu/libXrender.so.1.3.0
7fb4afcc5000-7fb4afcc6000 r--p 00008000 08:01 2237371                    /usr/lib/x86_64-linux-gnu/libXrender.so.1.3.0
7fb4afcc6000-7fb4afcc7000 rw-p 00009000 08:01 2237371                    /usr/lib/x86_64-linux-gnu/libXrender.so.1.3.0
7fb4afcc7000-7fb4afdfc000 r-xp 00000000 08:01 2237334                    /usr/lib/x86_64-linux-gnu/libX11.so.6.3.0
7fb4afdfc000-7fb4afffb000 ---p 00135000 08:01 2237334                    /usr/lib/x86_64-linux-gnu/libX11.so.6.3.0
7fb4afffb000-7fb4afffc000 r--p 00134000 08:01 2237334                    /usr/lib/x86_64-linux-gnu/libX11.so.6.3.0
7fb4afffc000-7fb4b0000000 rw-p 00135000 08:01 2237334                    /usr/lib/x86_64-linux-gnu/libX11.so.6.3.0
7fb4b0000000-7fb4b02f0000 rw-p 00000000 00:00 0 
7fb4b02f0000-7fb4b4000000 ---p 00000000 00:00 0 
7fb4b4000000-7fb4b4021000 rw-p 00000000 00:00 0 
7fb4b4021000-7fb4b8000000 ---p 00000000 00:00 0 
7fb4b8000000-7fb4b8391000 rw-p 00000000 00:00 0 
7fb4b8391000-7fb4bc000000 ---p 00000000 00:00 0 
7fb4bc000000-7fb4bc2e2000 rw-p 00000000 00:00 0 
7fb4bc2e2000-7fb4c0000000 ---p 00000000 00:00 0 
7fb4c0000000-7fb4c0021000 rw-p 00000000 00:00 0 
7fb4c0021000-7fb4c4000000 ---p 00000000 00:00 0 
7fb4c4000000-7fb4c4021000 rw-p 00000000 00:00 0 
7fb4c4021000-7fb4c8000000 ---p 00000000 00:00 0 
7fb4c8000000-7fb4c8021000 rw-p 00000000 00:00 0 
7fb4c8021000-7fb4cc000000 ---p 00000000 00:00 0 
7fb4cc000000-7fb4cc021000 rw-p 00000000 00:00 0 
7fb4cc021000-7fb4d0000000 ---p 00000000 00:00 0 
7fb4d0000000-7fb4d0021000 rw-p 00000000 00:00 0 
7fb4d0021000-7fb4d4000000 ---p 00000000 00:00 0 
7fb4d4000000-7fb4d4021000 rw-p 00000000 00:00 0 
7fb4d4021000-7fb4d8000000 ---p 00000000 00:00 0 
7fb4d8000000-7fb4d8021000 rw-p 00000000 00:00 0 
7fb4d8021000-7fb4dc000000 ---p 00000000 00:00 0 
7fb4dc000000-7fb4dc021000 rw-p 00000000 00:00 0 
7fb4dc021000-7fb4e0000000 ---p 00000000 00:00 0 
7fb4e0000000-7fb4e0021000 rw-p 00000000 00:00 0 
7fb4e0021000-7fb4e4000000 ---p 00000000 00:00 0 
7fb4e4000000-7fb4e4021000 rw-p 00000000 00:00 0 
7fb4e4021000-7fb4e8000000 ---p 00000000 00:00 0 
7fb4e8000000-7fb4e8021000 rw-p 00000000 00:00 0 
7fb4e8021000-7fb4ec000000 ---p 00000000 00:00 0 
7fb4ec019000-7fb4ec01d000 rw-s 00000000 00:05 291212                     /drm mm object (deleted)
7fb4ec01d000-7fb4ec021000 r--s 00097000 08:01 3150708                    /usr/lib/jvm/java-8-oracle/jre/lib/jsse.jar
7fb4ec021000-7fb4ec022000 rwxp 00000000 00:00 0 
7fb4ec022000-7fb4ec040000 r-xp 00000000 08:01 1971052                    /lib/x86_64-linux-gnu/libudev.so.1.6.5
7fb4ec040000-7fb4ec041000 ---p 0001e000 08:01 1971052                    /lib/x86_64-linux-gnu/libudev.so.1.6.5
7fb4ec041000-7fb4ec042000 r--p 0001e000 08:01 1971052                    /lib/x86_64-linux-gnu/libudev.so.1.6.5
7fb4ec042000-7fb4ec043000 rw-p 0001f000 08:01 1971052                    /lib/x86_64-linux-gnu/libudev.so.1.6.5
7fb4ec043000-7fb4ec044000 rwxp 00000000 00:00 0 
7fb4ec044000-7fb4ec045000 rw-s 00000000 00:05 292087                     /memfd:xshmfence (deleted)
7fb4ec04d000-7fb4ec055000 rw-s 00000000 00:05 292084                     /drm mm object (deleted)
7fb4ec055000-7fb4ec056000 rw-s 00000000 00:05 292081                     /drm mm object (deleted)
7fb4ec056000-7fb4ec057000 rw-s 1029d4000 00:06 370                       /dev/dri/card0
7fb4ec057000-7fb4ec05f000 rw-s 00000000 00:05 292079                     /drm mm object (deleted)
7fb4ec05f000-7fb4ec066000 r--s 00000000 08:01 2493305                    /usr/lib/x86_64-linux-gnu/gconv/gconv-modules.cache
7fb4ec066000-7fb4ec067000 rwxp 00000000 00:00 0 
7fb4ec067000-7fb4ec068000 r--s 00004000 08:11 66448                      /media/noko/My Passport/LiveSystem/Test/LWJGL3/lwjgl-xxhash.jar
7fb4ec068000-7fb4ec069000 r--s 00001000 08:11 66447                      /media/noko/My Passport/LiveSystem/Test/LWJGL3/lwjgl-xxhash-natives-linux.jar
7fb4ec069000-7fb4ec072000 r--s 000a6000 08:11 66455                      /media/noko/My Passport/LiveSystem/Test/LWJGL3/lwjgl-vulkan.jar
7fb4ec072000-7fb4ec077000 r--s 000ac000 08:11 66454                      /media/noko/My Passport/LiveSystem/Test/LWJGL3/lwjgl-vulkan-sources.jar
7fb4ec077000-7fb4ec078000 r--s 00001000 08:11 66443                      /media/noko/My Passport/LiveSystem/Test/LWJGL3/lwjgl-tinyfd.jar
7fb4ec078000-7fb4ec079000 r--s 00007000 08:11 66445                      /media/noko/My Passport/LiveSystem/Test/LWJGL3/lwjgl-tinyfd-natives-linux.jar
7fb4ec079000-7fb4ec07c000 r--s 00012000 08:11 66439                      /media/noko/My Passport/LiveSystem/Test/LWJGL3/lwjgl-stb.jar
7fb4ec07c000-7fb4ec07d000 r--s 0002c000 08:11 66438                      /media/noko/My Passport/LiveSystem/Test/LWJGL3/lwjgl-stb-natives-linux.jar
7fb4ec07d000-7fb4ec08e000 r-xp 00000000 08:01 2237351                    /usr/lib/x86_64-linux-gnu/libXext.so.6.4.0
7fb4ec08e000-7fb4ec28d000 ---p 00011000 08:01 2237351                    /usr/lib/x86_64-linux-gnu/libXext.so.6.4.0
7fb4ec28d000-7fb4ec28e000 r--p 00010000 08:01 2237351                    /usr/lib/x86_64-linux-gnu/libXext.so.6.4.0
7fb4ec28e000-7fb4ec28f000 rw-p 00011000 08:01 2237351                    /usr/lib/x86_64-linux-gnu/libXext.so.6.4.0
7fb4ec28f000-7fb4ec290000 r--s 00000000 08:11 66433                      /media/noko/My Passport/LiveSystem/Test/LWJGL3/lwjgl-sse.jar
7fb4ec290000-7fb4ec291000 r--s 00000000 08:11 66432                      /media/noko/My Passport/LiveSystem/Test/LWJGL3/lwjgl-sse-natives-linux.jar
7fb4ec291000-7fb4ec293000 r--s 00058000 08:11 66434                      /media/noko/My Passport/LiveSystem/Test/LWJGL3/lwjgl-sse-javadoc.jar
7fb4ec293000-7fb4ec295000 r--s 00001000 08:11 66429                      /media/noko/My Passport/LiveSystem/Test/LWJGL3/lwjgl-par.jar
7fb4ec295000-7fb4ec296000 r--s 00005000 08:11 66425                      /media/noko/My Passport/LiveSystem/Test/LWJGL3/lwjgl-par-natives-linux.jar
7fb4ec296000-7fb4ec29c000 r--s 00048000 08:11 66424                      /media/noko/My Passport/LiveSystem/Test/LWJGL3/lwjgl-opengles.jar
7fb4ec29c000-7fb4ec29d000 r--s 00007000 08:11 66422                      /media/noko/My Passport/LiveSystem/Test/LWJGL3/lwjgl-opengles-natives-linux.jar
7fb4ec29d000-7fb4ec2a6000 r--s 000ba000 08:11 66427                      /media/noko/My Passport/LiveSystem/Test/LWJGL3/lwjgl-opengl.jar
7fb4ec2a6000-7fb4ec2a9000 r--s 00023000 08:11 66420                      /media/noko/My Passport/LiveSystem/Test/LWJGL3/lwjgl-opencl.jar
7fb4ec2a9000-7fb4ec2ab000 r--s 00010000 08:11 66411                      /media/noko/My Passport/LiveSystem/Test/LWJGL3/lwjgl-openal.jar
7fb4ec2ab000-7fb4ec2ff000 r-xp 00000000 08:01 3150750                    /usr/lib/jvm/java-8-oracle/jre/lib/amd64/libawt_xawt.so
7fb4ec2ff000-7fb4ec4ff000 ---p 00054000 08:01 3150750                    /usr/lib/jvm/java-8-oracle/jre/lib/amd64/libawt_xawt.so
7fb4ec4ff000-7fb4ec503000 rw-p 00054000 08:01 3150750                    /usr/lib/jvm/java-8-oracle/jre/lib/amd64/libawt_xawt.so
7fb4ec503000-7fb4ec504000 rw-p 00000000 00:00 0 
7fb4ec504000-7fb4ec5a6000 r-xp 00000000 08:01 3150777                    /usr/lib/jvm/java-8-oracle/jre/lib/amd64/libawt.so
7fb4ec5a6000-7fb4ec7a6000 ---p 000a2000 08:01 3150777                    /usr/lib/jvm/java-8-oracle/jre/lib/amd64/libawt.so
7fb4ec7a6000-7fb4ec7b2000 rw-p 000a2000 08:01 3150777                    /usr/lib/jvm/java-8-oracle/jre/lib/amd64/libawt.so
7fb4ec7b2000-7fb4ec7d6000 rw-p 00000000 00:00 0 
7fb4ec7d6000-7fb4ec7d7000 ---p 00000000 00:00 0 
7fb4ec7d7000-7fb4ec8d7000 rw-p 00000000 00:00 0 
7fb4ec8d7000-7fb4ec8da000 ---p 00000000 00:00 0 
7fb4ec8da000-7fb4ec9d8000 rw-p 00000000 00:00 0 
7fb4ec9d8000-7fb4ec9db000 ---p 00000000 00:00 0 
7fb4ec9db000-7fb4ecad9000 rw-p 00000000 00:00 0 
7fb4ecad9000-7fb4ecadc000 ---p 00000000 00:00 0 
7fb4ecadc000-7fb4ecbda000 rw-p 00000000 00:00 0 
7fb4ecbda000-7fb4ecbdd000 ---p 00000000 00:00 0 
7fb4ecbdd000-7fb4eccdb000 rw-p 00000000 00:00 0 
7fb4eccdb000-7fb4eccde000 ---p 00000000 00:00 0 
7fb4eccde000-7fb4ecddc000 rw-p 00000000 00:00 0 
7fb4ecddc000-7fb4ecddf000 ---p 00000000 00:00 0 
7fb4ecddf000-7fb4ecedd000 rw-p 00000000 00:00 0 
7fb4ecedd000-7fb4ecee0000 ---p 00000000 00:00 0 
7fb4ecee0000-7fb4ecfde000 rw-p 00000000 00:00 0 
7fb4ecfde000-7fb4ecfe2000 r-xp 00000000 08:01 3150762                    /usr/lib/jvm/java-8-oracle/jre/lib/amd64/libdt_socket.so
7fb4ecfe2000-7fb4ed1e1000 ---p 00004000 08:01 3150762                    /usr/lib/jvm/java-8-oracle/jre/lib/amd64/libdt_socket.so
7fb4ed1e1000-7fb4ed1e2000 rw-p 00003000 08:01 3150762                    /usr/lib/jvm/java-8-oracle/jre/lib/amd64/libdt_socket.so
7fb4ed1e2000-7fb4ed1e5000 ---p 00000000 00:00 0 
7fb4ed1e5000-7fb4ed2e3000 rw-p 00000000 00:00 0 
7fb4ed2e3000-7fb4ed2e6000 ---p 00000000 00:00 0 
7fb4ed2e6000-7fb4ed3e4000 rw-p 00000000 00:00 0 
7fb4ed3e4000-7fb4ed3e7000 ---p 00000000 00:00 0 
7fb4ed3e7000-7fb4ed4e5000 rw-p 00000000 00:00 0 
7fb4ed4e5000-7fb4ed4e6000 ---p 00000000 00:00 0 
7fb4ed4e6000-7fb4ee558000 rw-p 00000000 00:00 0 
7fb4ee558000-7fb4ee730000 r--s 03d2a000 08:01 3150715                    /usr/lib/jvm/java-8-oracle/jre/lib/rt.jar
7fb4ee730000-7fb4f0eff000 rw-p 00000000 00:00 0 
7fb4f0eff000-7fb4f0f00000 ---p 00000000 00:00 0 
7fb4f0f00000-7fb4f1000000 rw-p 00000000 00:00 0 
7fb4f1000000-7fb4f13b0000 rwxp 00000000 00:00 0 
7fb4f13b0000-7fb500000000 ---p 00000000 00:00 0 
7fb500000000-7fb500453000 rw-p 00000000 00:00 0 
7fb500453000-7fb504000000 ---p 00000000 00:00 0 
7fb504000000-7fb504001000 r--s 00015000 08:11 66419                      /media/noko/My Passport/LiveSystem/Test/LWJGL3/lwjgl-opengl-natives-linux.jar
7fb504001000-7fb504002000 r--s 0004a000 08:11 66417                      /media/noko/My Passport/LiveSystem/Test/LWJGL3/lwjgl-openal-natives-linux.jar
7fb504002000-7fb504007000 r--s 00054000 08:11 66414                      /media/noko/My Passport/LiveSystem/Test/LWJGL3/lwjgl-nuklear.jar
7fb504007000-7fb504008000 r--s 0001f000 08:11 66409                      /media/noko/My Passport/LiveSystem/Test/LWJGL3/lwjgl-nuklear-natives-linux.jar
7fb504008000-7fb504009000 r--s 00001000 08:11 66406                      /media/noko/My Passport/LiveSystem/Test/LWJGL3/lwjgl-nfd.jar
7fb504009000-7fb50400a000 r--s 00001000 08:11 66405                      /media/noko/My Passport/LiveSystem/Test/LWJGL3/lwjgl-nfd-natives-linux.jar
7fb50400a000-7fb50400b000 r--s 00011000 08:11 66452                      /media/noko/My Passport/LiveSystem/Test/LWJGL3/lwjgl-natives-linux.jar
7fb50400b000-7fb50400d000 r--s 00008000 08:11 66401                      /media/noko/My Passport/LiveSystem/Test/LWJGL3/lwjgl-nanovg.jar
7fb50400d000-7fb50400e000 r--s 0001f000 08:11 66404                      /media/noko/My Passport/LiveSystem/Test/LWJGL3/lwjgl-nanovg-natives-linux.jar
7fb50400e000-7fb504010000 r--s 00005000 08:11 66396                      /media/noko/My Passport/LiveSystem/Test/LWJGL3/lwjgl-lmdb.jar
7fb504010000-7fb504011000 r--s 0000d000 08:11 66398                      /media/noko/My Passport/LiveSystem/Test/LWJGL3/lwjgl-lmdb-natives-linux.jar
7fb504011000-7fb504013000 r--s 00007000 08:11 66391                      /media/noko/My Passport/LiveSystem/Test/LWJGL3/lwjgl-jemalloc.jar
7fb504013000-7fb504014000 r--s 00019000 08:11 66390                      /media/noko/My Passport/LiveSystem/Test/LWJGL3/lwjgl-jemalloc-natives-linux.jar
7fb504014000-7fb504016000 r--s 00066000 08:11 66389                      /media/noko/My Passport/LiveSystem/Test/LWJGL3/lwjgl-jawt-javadoc.jar
7fb504016000-7fb504019000 r--s 00015000 08:11 66384                      /media/noko/My Passport/LiveSystem/Test/LWJGL3/lwjgl-glfw.jar
7fb504019000-7fb5040de000 rw-p 00000000 00:00 0 
7fb5040de000-7fb5040df000 ---p 00000000 00:00 0 
7fb5040df000-7fb5041df000 rw-p 00000000 00:00 0 
7fb5041df000-7fb5041e0000 ---p 00000000 00:00 0 
7fb5041e0000-7fb5042e0000 rw-p 00000000 00:00 0 
7fb5042e0000-7fb5042e1000 ---p 00000000 00:00 0 
7fb5042e1000-7fb5043f5000 rw-p 00000000 00:00 0 
7fb5043f5000-7fb504521000 ---p 00000000 00:00 0 
7fb504521000-7fb504535000 rw-p 00000000 00:00 0 
7fb504535000-7fb504660000 ---p 00000000 00:00 0 
7fb504660000-7fb50466b000 rw-p 00000000 00:00 0 
7fb50466b000-7fb504700000 ---p 00000000 00:00 0 
7fb504700000-7fb504710000 rw-p 00000000 00:00 0 
7fb504710000-7fb504ac1000 ---p 00000000 00:00 0 
7fb504ac1000-7fb504adb000 r-xp 00000000 08:01 3150746                    /usr/lib/jvm/java-8-oracle/jre/lib/amd64/libzip.so
7fb504adb000-7fb504cdb000 ---p 0001a000 08:01 3150746                    /usr/lib/jvm/java-8-oracle/jre/lib/amd64/libzip.so
7fb504cdb000-7fb504cdc000 rw-p 0001a000 08:01 3150746                    /usr/lib/jvm/java-8-oracle/jre/lib/amd64/libzip.so
7fb504cdc000-7fb504ce7000 r-xp 00000000 08:01 1970978                    /lib/x86_64-linux-gnu/libnss_files-2.24.so
7fb504ce7000-7fb504ee6000 ---p 0000b000 08:01 1970978                    /lib/x86_64-linux-gnu/libnss_files-2.24.so
7fb504ee6000-7fb504ee7000 r--p 0000a000 08:01 1970978                    /lib/x86_64-linux-gnu/libnss_files-2.24.so
7fb504ee7000-7fb504ee8000 rw-p 0000b000 08:01 1970978                    /lib/x86_64-linux-gnu/libnss_files-2.24.so
7fb504ee8000-7fb504eee000 rw-p 00000000 00:00 0 
7fb504eee000-7fb504ef9000 r-xp 00000000 08:01 1970988                    /lib/x86_64-linux-gnu/libnss_nis-2.24.so
7fb504ef9000-7fb5050f8000 ---p 0000b000 08:01 1970988                    /lib/x86_64-linux-gnu/libnss_nis-2.24.so
7fb5050f8000-7fb5050f9000 r--p 0000a000 08:01 1970988                    /lib/x86_64-linux-gnu/libnss_nis-2.24.so
7fb5050f9000-7fb5050fa000 rw-p 0000b000 08:01 1970988                    /lib/x86_64-linux-gnu/libnss_nis-2.24.so
7fb5050fa000-7fb505110000 r-xp 00000000 08:01 1970972                    /lib/x86_64-linux-gnu/libnsl-2.24.so
7fb505110000-7fb50530f000 ---p 00016000 08:01 1970972                    /lib/x86_64-linux-gnu/libnsl-2.24.so
7fb50530f000-7fb505310000 r--p 00015000 08:01 1970972                    /lib/x86_64-linux-gnu/libnsl-2.24.so
7fb505310000-7fb505311000 rw-p 00016000 08:01 1970972                    /lib/x86_64-linux-gnu/libnsl-2.24.so
7fb505311000-7fb505313000 rw-p 00000000 00:00 0 
7fb505313000-7fb50531b000 r-xp 00000000 08:01 1970974                    /lib/x86_64-linux-gnu/libnss_compat-2.24.so
7fb50531b000-7fb50551a000 ---p 00008000 08:01 1970974                    /lib/x86_64-linux-gnu/libnss_compat-2.24.so
7fb50551a000-7fb50551b000 r--p 00007000 08:01 1970974                    /lib/x86_64-linux-gnu/libnss_compat-2.24.so
7fb50551b000-7fb50551c000 rw-p 00008000 08:01 1970974                    /lib/x86_64-linux-gnu/libnss_compat-2.24.so
7fb50551c000-7fb50605b000 r--p 00000000 08:01 2235834                    /usr/lib/locale/locale-archive
7fb50605b000-7fb50605d000 r-xp 00000000 08:01 3150754                    /usr/lib/jvm/java-8-oracle/jre/lib/amd64/libnpt.so
7fb50605d000-7fb50625d000 ---p 00002000 08:01 3150754                    /usr/lib/jvm/java-8-oracle/jre/lib/amd64/libnpt.so
7fb50625d000-7fb50625e000 rw-p 00002000 08:01 3150754                    /usr/lib/jvm/java-8-oracle/jre/lib/amd64/libnpt.so
7fb50625e000-7fb506297000 r-xp 00000000 08:01 3150720                    /usr/lib/jvm/java-8-oracle/jre/lib/amd64/libjdwp.so
7fb506297000-7fb506496000 ---p 00039000 08:01 3150720                    /usr/lib/jvm/java-8-oracle/jre/lib/amd64/libjdwp.so
7fb506496000-7fb506498000 rw-p 00038000 08:01 3150720                    /usr/lib/jvm/java-8-oracle/jre/lib/amd64/libjdwp.so
7fb506498000-7fb5064c3000 r-xp 00000000 08:01 3150771                    /usr/lib/jvm/java-8-oracle/jre/lib/amd64/libjava.so
7fb5064c3000-7fb5066c2000 ---p 0002b000 08:01 3150771                    /usr/lib/jvm/java-8-oracle/jre/lib/amd64/libjava.so
7fb5066c2000-7fb5066c4000 rw-p 0002a000 08:01 3150771                    /usr/lib/jvm/java-8-oracle/jre/lib/amd64/libjava.so
7fb5066c4000-7fb5066d1000 r-xp 00000000 08:01 3150724                    /usr/lib/jvm/java-8-oracle/jre/lib/amd64/libverify.so
7fb5066d1000-7fb5068d0000 ---p 0000d000 08:01 3150724                    /usr/lib/jvm/java-8-oracle/jre/lib/amd64/libverify.so
7fb5068d0000-7fb5068d2000 rw-p 0000c000 08:01 3150724                    /usr/lib/jvm/java-8-oracle/jre/lib/amd64/libverify.so
7fb5068d2000-7fb5068d9000 r-xp 00000000 08:01 1971032                    /lib/x86_64-linux-gnu/librt-2.24.so
7fb5068d9000-7fb506ad8000 ---p 00007000 08:01 1971032                    /lib/x86_64-linux-gnu/librt-2.24.so
7fb506ad8000-7fb506ad9000 r--p 00006000 08:01 1971032                    /lib/x86_64-linux-gnu/librt-2.24.so
7fb506ad9000-7fb506ada000 rw-p 00007000 08:01 1971032                    /lib/x86_64-linux-gnu/librt-2.24.so
7fb506ada000-7fb506be2000 r-xp 00000000 08:01 1970949                    /lib/x86_64-linux-gnu/libm-2.24.so
7fb506be2000-7fb506de1000 ---p 00108000 08:01 1970949                    /lib/x86_64-linux-gnu/libm-2.24.so
7fb506de1000-7fb506de2000 r--p 00107000 08:01 1970949                    /lib/x86_64-linux-gnu/libm-2.24.so
7fb506de2000-7fb506de3000 rw-p 00108000 08:01 1970949                    /lib/x86_64-linux-gnu/libm-2.24.so
7fb506de3000-7fb507ab0000 r-xp 00000000 08:01 3291246                    /usr/lib/jvm/java-8-oracle/jre/lib/amd64/server/libjvm.so
7fb507ab0000-7fb507caf000 ---p 00ccd000 08:01 3291246                    /usr/lib/jvm/java-8-oracle/jre/lib/amd64/server/libjvm.so
7fb507caf000-7fb507d88000 rw-p 00ccc000 08:01 3291246                    /usr/lib/jvm/java-8-oracle/jre/lib/amd64/server/libjvm.so
7fb507d88000-7fb507dd3000 rw-p 00000000 00:00 0 
7fb507dd3000-7fb507f90000 r-xp 00000000 08:01 1970881                    /lib/x86_64-linux-gnu/libc-2.24.so
7fb507f90000-7fb508190000 ---p 001bd000 08:01 1970881                    /lib/x86_64-linux-gnu/libc-2.24.so
7fb508190000-7fb508194000 r--p 001bd000 08:01 1970881                    /lib/x86_64-linux-gnu/libc-2.24.so
7fb508194000-7fb508196000 rw-p 001c1000 08:01 1970881                    /lib/x86_64-linux-gnu/libc-2.24.so
7fb508196000-7fb50819a000 rw-p 00000000 00:00 0 
7fb50819a000-7fb50819d000 r-xp 00000000 08:01 1970907                    /lib/x86_64-linux-gnu/libdl-2.24.so
7fb50819d000-7fb50839c000 ---p 00003000 08:01 1970907                    /lib/x86_64-linux-gnu/libdl-2.24.so
7fb50839c000-7fb50839d000 r--p 00002000 08:01 1970907                    /lib/x86_64-linux-gnu/libdl-2.24.so
7fb50839d000-7fb50839e000 rw-p 00003000 08:01 1970907                    /lib/x86_64-linux-gnu/libdl-2.24.so
7fb50839e000-7fb5083b3000 r-xp 00000000 08:01 3020007                    /usr/lib/jvm/java-8-oracle/lib/amd64/jli/libjli.so
7fb5083b3000-7fb5085b3000 ---p 00015000 08:01 3020007                    /usr/lib/jvm/java-8-oracle/lib/amd64/jli/libjli.so
7fb5085b3000-7fb5085b4000 rw-p 00015000 08:01 3020007                    /usr/lib/jvm/java-8-oracle/lib/amd64/jli/libjli.so
7fb5085b4000-7fb5085cc000 r-xp 00000000 08:01 1971024                    /lib/x86_64-linux-gnu/libpthread-2.24.so
7fb5085cc000-7fb5087cc000 ---p 00018000 08:01 1971024                    /lib/x86_64-linux-gnu/libpthread-2.24.so
7fb5087cc000-7fb5087cd000 r--p 00018000 08:01 1971024                    /lib/x86_64-linux-gnu/libpthread-2.24.so
7fb5087cd000-7fb5087ce000 rw-p 00019000 08:01 1971024                    /lib/x86_64-linux-gnu/libpthread-2.24.so
7fb5087ce000-7fb5087d2000 rw-p 00000000 00:00 0 
7fb5087d2000-7fb5087f7000 r-xp 00000000 08:01 1970853                    /lib/x86_64-linux-gnu/ld-2.24.so
7fb5087f7000-7fb5087f8000 r--s 00005000 08:11 66385                      /media/noko/My Passport/LiveSystem/Test/LWJGL3/lwjgl-jawt.jar
7fb5087f8000-7fb5087fc000 r--s 0001b000 08:11 66377                      /media/noko/My Passport/LiveSystem/Test/LWJGL3/lwjgl-egl.jar
7fb5087fc000-7fb5088d4000 rw-p 00000000 00:00 0 
7fb5088d4000-7fb5088d7000 ---p 00000000 00:00 0 
7fb5088d7000-7fb5089d7000 rw-p 00000000 00:00 0 
7fb5089d7000-7fb5089d8000 r--s 0000e000 08:11 66381                      /media/noko/My Passport/LiveSystem/Test/LWJGL3/lwjgl-glfw-natives-linux.jar
7fb5089d8000-7fb5089dc000 r--s 0001e000 08:11 66379                      /media/noko/My Passport/LiveSystem/Test/LWJGL3/lwjgl-egl-sources.jar
7fb5089dc000-7fb5089df000 r--s 0001f000 08:11 66374                      /media/noko/My Passport/LiveSystem/Test/LWJGL3/lwjgl-bgfx.jar
7fb5089df000-7fb5089e0000 r--s 00042000 08:11 66375                      /media/noko/My Passport/LiveSystem/Test/LWJGL3/lwjgl-bgfx-natives-linux.jar
7fb5089e0000-7fb5089e4000 r--s 0002a000 08:11 66369                      /media/noko/My Passport/LiveSystem/Test/LWJGL3/lwjgl-assimp.jar
7fb5089e4000-7fb5089e5000 r--s 002ae000 08:11 66393                      /media/noko/My Passport/LiveSystem/Test/LWJGL3/lwjgl-assimp-natives-linux.jar
7fb5089e5000-7fb5089e9000 r--s 0003d000 08:11 66457                      /media/noko/My Passport/LiveSystem/Test/LWJGL3/lwjgl.jar
7fb5089e9000-7fb5089f1000 rw-s 00000000 08:01 1050043                    /tmp/hsperfdata_noko/28703
7fb5089f1000-7fb5089f2000 rw-p 00000000 00:00 0 
7fb5089f2000-7fb5089f3000 r--p 00000000 00:00 0 
7fb5089f3000-7fb5089f6000 rw-p 00000000 00:00 0 
7fb5089f6000-7fb5089f7000 r--p 00024000 08:01 1970853                    /lib/x86_64-linux-gnu/ld-2.24.so
7fb5089f7000-7fb5089f8000 rw-p 00025000 08:01 1970853                    /lib/x86_64-linux-gnu/ld-2.24.so
7fb5089f8000-7fb5089f9000 rw-p 00000000 00:00 0 
7ffd7e109000-7ffd7e12b000 rw-p 00000000 00:00 0                          [stack]
7ffd7e1a2000-7ffd7e1a4000 r--p 00000000 00:00 0                          [vvar]
7ffd7e1a4000-7ffd7e1a6000 r-xp 00000000 00:00 0                          [vdso]
ffffffffff600000-ffffffffff601000 r-xp 00000000 00:00 0                  [vsyscall]

VM Arguments:
jvm_args: -agentlib:jdwp=transport=dt_socket,suspend=y,address=localhost:42927 -Djava.library.path=/home/noko/workspace/Java/Test/Test/LWJGL3 -Dfile.encoding=UTF-8 
java_command: Main
java_class_path (initial): /media/noko/My Passport/LiveSystem/Test/bin:/media/noko/My Passport/LiveSystem/Test/LWJGL3/lwjgl.jar:/media/noko/My Passport/LiveSystem/Test/LWJGL3/lwjgl-assimp-natives-linux.jar:/media/noko/My Passport/LiveSystem/Test/LWJGL3/lwjgl-assimp.jar:/media/noko/My Passport/LiveSystem/Test/LWJGL3/lwjgl-bgfx-natives-linux.jar:/media/noko/My Passport/LiveSystem/Test/LWJGL3/lwjgl-bgfx.jar:/media/noko/My Passport/LiveSystem/Test/LWJGL3/lwjgl-egl-sources.jar:/media/noko/My Passport/LiveSystem/Test/LWJGL3/lwjgl-egl.jar:/media/noko/My Passport/LiveSystem/Test/LWJGL3/lwjgl-glfw-natives-linux.jar:/media/noko/My Passport/LiveSystem/Test/LWJGL3/lwjgl-glfw.jar:/media/noko/My Passport/LiveSystem/Test/LWJGL3/lwjgl-jawt-javadoc.jar:/media/noko/My Passport/LiveSystem/Test/LWJGL3/lwjgl-jawt.jar:/media/noko/My Passport/LiveSystem/Test/LWJGL3/lwjgl-jemalloc-natives-linux.jar:/media/noko/My Passport/LiveSystem/Test/LWJGL3/lwjgl-jemalloc.jar:/media/noko/My Passport/LiveSystem/Test/LWJGL3/lwjgl-lmdb-natives-linux.jar:/media/noko/My Passport/LiveSystem/Test/LWJGL3/lwjgl-lmdb.jar:/media/noko/My Passport/LiveSystem/Test/LWJGL3/lwjgl-nanovg-natives-linux.jar:/media/noko/My Passport/LiveSystem/Test/LWJGL3/lwjgl-nanovg.jar:/media/noko/My Passport/LiveSystem/Test/LWJGL3/lwjgl-natives-linux.jar:/media/noko/My Passport/LiveSystem/Test/LWJGL3/lwjgl-nfd-natives-linux.jar:/media/noko/My Passport/LiveSystem/Test/LWJGL3/lwjgl-nfd.jar:/media/noko/My Passport/LiveSystem/Test/LWJGL3/lwjgl-nuklear-natives-linux.jar:/media/noko/My Passport/LiveSystem/Test/LWJGL3/lwjgl-nuklear.jar:/media/noko/My Passport/LiveSystem/Test/LWJGL3/lwjgl-openal-natives-linux.jar:/media/noko/My Passport/LiveSystem/Test/LWJGL3/lwjgl-openal.jar:/media/noko/My Passport/LiveSystem/Test/LWJGL3/lwjgl-opencl.jar:/media/noko/My Passport/LiveSystem/Test/LWJGL3/lwjgl-opengl-natives-linux.jar:/media/noko/My Passport/LiveSystem/Test/LWJGL3/lwjgl-opengl.jar:/media/noko/My Passport/LiveSystem/Test/LWJGL3/lwjgl-opengles-nat
Launcher Type: SUN_STANDARD

Environment Variables:
JAVA_HOME=/usr/lib/jvm/java-8-oracle
PATH=/home/noko/bin:/home/noko/.local/bin:/usr/local/sbin:/usr/local/bin:/usr/sbin:/usr/bin:/sbin:/bin:/usr/games:/usr/local/games:/snap/bin:/usr/lib/jvm/java-8-oracle/bin:/usr/lib/jvm/java-8-oracle/db/bin:/usr/lib/jvm/java-8-oracle/jre/bin
SHELL=/bin/bash
DISPLAY=:0

Signal Handlers:
SIGSEGV: [libjvm.so+0xac64b0], sa_mask[0]=11111111011111111101111111111110, sa_flags=SA_RESTART|SA_SIGINFO
SIGBUS: [libjvm.so+0xac64b0], sa_mask[0]=11111111011111111101111111111110, sa_flags=SA_RESTART|SA_SIGINFO
SIGFPE: [libjvm.so+0x91f950], sa_mask[0]=11111111011111111101111111111110, sa_flags=SA_RESTART|SA_SIGINFO
SIGPIPE: [libjvm.so+0x91f950], sa_mask[0]=11111111011111111101111111111110, sa_flags=SA_RESTART|SA_SIGINFO
SIGXFSZ: [libjvm.so+0x91f950], sa_mask[0]=11111111011111111101111111111110, sa_flags=SA_RESTART|SA_SIGINFO
SIGILL: [libjvm.so+0x91f950], sa_mask[0]=11111111011111111101111111111110, sa_flags=SA_RESTART|SA_SIGINFO
SIGUSR1: SIG_DFL, sa_mask[0]=00000000000000000000000000000000, sa_flags=none
SIGUSR2: [libjvm.so+0x920f80], sa_mask[0]=00100000000000000000000000000000, sa_flags=SA_RESTART|SA_SIGINFO
SIGHUP: [libjvm.so+0x922380], sa_mask[0]=11111111011111111101111111111110, sa_flags=SA_RESTART|SA_SIGINFO
SIGINT: [libjvm.so+0x922380], sa_mask[0]=11111111011111111101111111111110, sa_flags=SA_RESTART|SA_SIGINFO
SIGTERM: [libjvm.so+0x922380], sa_mask[0]=11111111011111111101111111111110, sa_flags=SA_RESTART|SA_SIGINFO
SIGQUIT: [libjvm.so+0x922380], sa_mask[0]=11111111011111111101111111111110, sa_flags=SA_RESTART|SA_SIGINFO


---------------  S Y S T E M  ---------------

OS:DISTRIB_ID=Ubuntu
DISTRIB_RELEASE=16.10
DISTRIB_CODENAME=yakkety
DISTRIB_DESCRIPTION="Ubuntu 16.10"

uname:Linux 4.8.0-32-generic #34-Ubuntu SMP Tue Dec 13 14:30:43 UTC 2016 x86_64
libc:glibc 2.24 NPTL 2.24 
rlimit: STACK 8192k, CORE 0k, NPROC 15150, NOFILE 4096, AS infinity
load average:1,95 1,52 1,76

/proc/meminfo:
MemTotal:        3922444 kB
MemFree:          132928 kB
MemAvailable:     261676 kB
Buffers:           30336 kB
Cached:           624184 kB
SwapCached:        18696 kB
Active:          2689872 kB
Inactive:         834032 kB
Active(anon):    2543956 kB
Inactive(anon):   685860 kB
Active(file):     145916 kB
Inactive(file):   148172 kB
Unevictable:         264 kB
Mlocked:             264 kB
SwapTotal:       4069372 kB
SwapFree:        3673936 kB
Dirty:             19260 kB
Writeback:             0 kB
AnonPages:       2852336 kB
Mapped:           346940 kB
Shmem:            360368 kB
Slab:             142988 kB
SReclaimable:      78620 kB
SUnreclaim:        64368 kB
KernelStack:       12560 kB
PageTables:        56004 kB
NFS_Unstable:          0 kB
Bounce:                0 kB
WritebackTmp:          0 kB
CommitLimit:     6030592 kB
Committed_AS:    9027764 kB
VmallocTotal:   34359738367 kB
VmallocUsed:           0 kB
VmallocChunk:          0 kB
HardwareCorrupted:     0 kB
AnonHugePages:    679936 kB
ShmemHugePages:        0 kB
ShmemPmdMapped:        0 kB
CmaTotal:              0 kB
CmaFree:               0 kB
HugePages_Total:       0
HugePages_Free:        0
HugePages_Rsvd:        0
HugePages_Surp:        0
Hugepagesize:       2048 kB
DirectMap4k:      204740 kB
DirectMap2M:     3866624 kB


CPU:total 4 (2 cores per cpu, 2 threads per core) family 6 model 58 stepping 9, cmov, cx8, fxsr, mmx, sse, sse2, sse3, ssse3, sse4.1, sse4.2, popcnt, avx, clmul, erms, ht, tsc, tscinvbit, tscinv

/proc/cpuinfo:
processor	: 0
vendor_id	: GenuineIntel
cpu family	: 6
model		: 58
model name	: Intel(R) Core(TM) i3-3120M CPU @ 2.50GHz
stepping	: 9
microcode	: 0x15
cpu MHz		: 2500.000
cache size	: 3072 KB
physical id	: 0
siblings	: 4
core id		: 0
cpu cores	: 2
apicid		: 0
initial apicid	: 0
fpu		: yes
fpu_exception	: yes
cpuid level	: 13
wp		: yes
flags		: fpu vme de pse tsc msr pae mce cx8 apic sep mtrr pge mca cmov pat pse36 clflush dts acpi mmx fxsr sse sse2 ss ht tm pbe syscall nx rdtscp lm constant_tsc arch_perfmon pebs bts rep_good nopl xtopology nonstop_tsc aperfmperf eagerfpu pni pclmulqdq dtes64 monitor ds_cpl vmx est tm2 ssse3 cx16 xtpr pdcm pcid sse4_1 sse4_2 x2apic popcnt tsc_deadline_timer xsave avx f16c lahf_lm epb tpr_shadow vnmi flexpriority ept vpid fsgsbase smep erms xsaveopt dtherm arat pln pts
bugs		:
bogomips	: 4988.51
clflush size	: 64
cache_alignment	: 64
address sizes	: 36 bits physical, 48 bits virtual
power management:

processor	: 1
vendor_id	: GenuineIntel
cpu family	: 6
model		: 58
model name	: Intel(R) Core(TM) i3-3120M CPU @ 2.50GHz
stepping	: 9
microcode	: 0x15
cpu MHz		: 2500.000
cache size	: 3072 KB
physical id	: 0
siblings	: 4
core id		: 0
cpu cores	: 2
apicid		: 1
initial apicid	: 1
fpu		: yes
fpu_exception	: yes
cpuid level	: 13
wp		: yes
flags		: fpu vme de pse tsc msr pae mce cx8 apic sep mtrr pge mca cmov pat pse36 clflush dts acpi mmx fxsr sse sse2 ss ht tm pbe syscall nx rdtscp lm constant_tsc arch_perfmon pebs bts rep_good nopl xtopology nonstop_tsc aperfmperf eagerfpu pni pclmulqdq dtes64 monitor ds_cpl vmx est tm2 ssse3 cx16 xtpr pdcm pcid sse4_1 sse4_2 x2apic popcnt tsc_deadline_timer xsave avx f16c lahf_lm epb tpr_shadow vnmi flexpriority ept vpid fsgsbase smep erms xsaveopt dtherm arat pln pts
bugs		:
bogomips	: 4988.51
clflush size	: 64
cache_alignment	: 64
address sizes	: 36 bits physical, 48 bits virtual
power management:

processor	: 2
vendor_id	: GenuineIntel
cpu family	: 6
model		: 58
model name	: Intel(R) Core(TM) i3-3120M CPU @ 2.50GHz
stepping	: 9
microcode	: 0x15
cpu MHz		: 2500.000
cache size	: 3072 KB
physical id	: 0
siblings	: 4
core id		: 1
cpu cores	: 2
apicid		: 2
initial apicid	: 2
fpu		: yes
fpu_exception	: yes
cpuid level	: 13
wp		: yes
flags		: fpu vme de pse tsc msr pae mce cx8 apic sep mtrr pge mca cmov pat pse36 clflush dts acpi mmx fxsr sse sse2 ss ht tm pbe syscall nx rdtscp lm constant_tsc arch_perfmon pebs bts rep_good nopl xtopology nonstop_tsc aperfmperf eagerfpu pni pclmulqdq dtes64 monitor ds_cpl vmx est tm2 ssse3 cx16 xtpr pdcm pcid sse4_1 sse4_2 x2apic popcnt tsc_deadline_timer xsave avx f16c lahf_lm epb tpr_shadow vnmi flexpriority ept vpid fsgsbase smep erms xsaveopt dtherm arat pln pts
bugs		:
bogomips	: 4988.51
clflush size	: 64
cache_alignment	: 64
address sizes	: 36 bits physical, 48 bits virtual
power management:

processor	: 3
vendor_id	: GenuineIntel
cpu family	: 6
model		: 58
model name	: Intel(R) Core(TM) i3-3120M CPU @ 2.50GHz
stepping	: 9
microcode	: 0x15
cpu MHz		: 2500.000
cache size	: 3072 KB
physical id	: 0
siblings	: 4
core id		: 1
cpu cores	: 2
apicid		: 3
initial apicid	: 3
fpu		: yes
fpu_exception	: yes
cpuid level	: 13
wp		: yes
flags		: fpu vme de pse tsc msr pae mce cx8 apic sep mtrr pge mca cmov pat pse36 clflush dts acpi mmx fxsr sse sse2 ss ht tm pbe syscall nx rdtscp lm constant_tsc arch_perfmon pebs bts rep_good nopl xtopology nonstop_tsc aperfmperf eagerfpu pni pclmulqdq dtes64 monitor ds_cpl vmx est tm2 ssse3 cx16 xtpr pdcm pcid sse4_1 sse4_2 x2apic popcnt tsc_deadline_timer xsave avx f16c lahf_lm epb tpr_shadow vnmi flexpriority ept vpid fsgsbase smep erms xsaveopt dtherm arat pln pts
bugs		:
bogomips	: 4988.51
clflush size	: 64
cache_alignment	: 64
address sizes	: 36 bits physical, 48 bits virtual
power management:



Memory: 4k page, physical 3922444k(132928k free), swap 4069372k(3673936k free)

vm_info: Java HotSpot(TM) 64-Bit Server VM (25.111-b14) for linux-amd64 JRE (1.8.0_111-b14), built on Sep 22 2016 16:14:03 by "java_re" with gcc 4.3.0 20080428 (Red Hat 4.3.0-8)

time: Sun Jan 22 15:50:19 2017
elapsed time: 19 seconds (0d 0h 0m 19s)

