#
# A fatal error has been detected by the Java Runtime Environment:
#
#  SIGSEGV (0xb) at pc=0x00007f1ef7fe3d44, pid=28530, tid=0x00007f1ef83eb700
#
# JRE version: Java(TM) SE Runtime Environment (8.0_111-b14) (build 1.8.0_111-b14)
# Java VM: Java HotSpot(TM) 64-Bit Server VM (25.111-b14 mixed mode linux-amd64 compressed oops)
# Problematic frame:
# C  [libpthread.so.0+0x9d44]  pthread_mutex_lock+0x4
#
# Failed to write core dump. Core dumps have been disabled. To enable core dumping, try "ulimit -c unlimited" before starting Java again
#
# If you would like to submit a bug report, please visit:
#   http://bugreport.java.com/bugreport/crash.jsp
# The crash happened outside the Java Virtual Machine in native code.
# See problematic frame for where to report the bug.
#

---------------  T H R E A D  ---------------

Current thread (0x00007f1ef000b000):  JavaThread "main" [_thread_in_native, id=28532, stack(0x00007f1ef82eb000,0x00007f1ef83ec000)]

siginfo: si_signo: 11 (SIGSEGV), si_code: 1 (SEGV_MAPERR), si_addr: 0x0000000000000010

Registers:
RAX=0x00007f1ece24e370, RBX=0x00007f1ef02de090, RCX=0x000000000000015b, RDX=0x00007f1ef83e9ca0
RSP=0x00007f1ef83e9c10, RBP=0x00007f1ef83e9c80, RSI=0x00007f1ef83e9c90, RDI=0x0000000000000000
R8 =0x00007f1ef83e9c80, R9 =0x00007f1ef02d9de2, R10=0x00007f1ece2d3447, R11=0x0000000000000065
R12=0x00007f1ef83e9c7c, R13=0x00007f1ef83e9db8, R14=0x00007f1ef83e9db0, R15=0x00007f1ef000b1f8
RIP=0x00007f1ef7fe3d44, EFLAGS=0x0000000000010202, CSGSFS=0x0000000000000033, ERR=0x0000000000000004
  TRAPNO=0x000000000000000e

Top of Stack: (sp=0x00007f1ef83e9c10)
0x00007f1ef83e9c10:   000000000000015c 00007f1ece268bfa
0x00007f1ef83e9c20:   00007f1ef83e9c90 00007f1ef83e9ca0
0x00007f1ef83e9c30:   0000000000000000 00007f1ef0288e70
0x00007f1ef83e9c40:   00007f1ef02eef20 7dcdb136ba3eb900
0x00007f1ef83e9c50:   00007f1ef0288e70 00007f1ef02eef20
0x00007f1ef83e9c60:   00007f1ef02eefc0 00007f1ece244f86
0x00007f1ef83e9c70:   00007f1ef000b1f8 00007f1ef007a708
0x00007f1ef83e9c80:   00007f1ef02eefc0 696c4369746c756d
0x00007f1ef83e9c90:   0000015c0000015b 00007f1e00000000
0x00007f1ef83e9ca0:   0000015500000154 00007f1e00000000
0x00007f1ef83e9cb0:   0000000000000004 7dcdb136ba3eb900
0x00007f1ef83e9cc0:   00007f1ef02eefc0 00007f1ef83e9d20
0x00007f1ef83e9cd0:   00007f1ef02eef20 00007f1ece79e981
0x00007f1ef83e9ce0:   00007f1ef000b000 00007f1ef0288e70
0x00007f1ef83e9cf0:   00007f1ef83e9d30 00007f1edcebd440
0x00007f1ef83e9d00:   0000000000000000 00007f1edcebd440
0x00007f1ef83e9d10:   00007f1ef83e9dc8 00007f1ef000b000
0x00007f1ef83e9d20:   00007f1ef83e9d90 00007f1ee1017a34
0x00007f1ef83e9d30:   00007f1ef83e9d90 00007f1ee10177b9
0x00007f1ef83e9d40:   00007f1ef000b000 00007f1ee1017782
0x00007f1ef83e9d50:   00007f1ef83e9d50 00007f1edcebd440
0x00007f1ef83e9d60:   00007f1ef83e9dc8 00007f1edced0a08
0x00007f1ef83e9d70:   0000000000000000 00007f1edcebd440
0x00007f1ef83e9d80:   0000000000000000 00007f1ef83e9db0
0x00007f1ef83e9d90:   00007f1ef83e9e10 00007f1ee1008040
0x00007f1ef83e9da0:   00000000d73279c8 00007f1ee101153b
0x00007f1ef83e9db0:   00000000d74f48a0 00000000d6ff7b18
0x00007f1ef83e9dc0:   00007f1ef0288e70 00007f1ee1007dd0
0x00007f1ef83e9dd0:   00007f1ef83e9dd0 00007f1edd063d94
0x00007f1ef83e9de0:   00007f1ef83e9e28 00007f1edd069d70
0x00007f1ef83e9df0:   0000000000000000 00007f1edd063e38
0x00007f1ef83e9e00:   00007f1ef83e9db0 00007f1ef83e9e30 

Instructions: (pc=0x00007f1ef7fe3d44)
0x00007f1ef7fe3d24:   f0 02 00 00 00 00 00 00 b8 82 00 00 00 e9 d8 f9
0x00007f1ef7fe3d34:   ff ff 66 2e 0f 1f 84 00 00 00 00 00 48 83 ec 08
0x00007f1ef7fe3d44:   8b 57 10 89 d1 81 e1 7f 01 00 00 90 89 d0 83 e0
0x00007f1ef7fe3d54:   7c 0f 85 95 00 00 00 85 c9 49 89 f8 0f 85 9a 00 

Register to memory mapping:

RAX=0x00007f1ece24e370: <offset 0x2b370> in /usr/lib/x86_64-linux-gnu/libX11.so.6 at 0x00007f1ece223000
RBX=0x00007f1ef02de090 is an unknown value
RCX=0x000000000000015b is an unknown value
RDX=0x00007f1ef83e9ca0 is pointing into the stack for thread: 0x00007f1ef000b000
RSP=0x00007f1ef83e9c10 is pointing into the stack for thread: 0x00007f1ef000b000
RBP=0x00007f1ef83e9c80 is pointing into the stack for thread: 0x00007f1ef000b000
RSI=0x00007f1ef83e9c90 is pointing into the stack for thread: 0x00007f1ef000b000
RDI=0x0000000000000000 is an unknown value
R8 =0x00007f1ef83e9c80 is pointing into the stack for thread: 0x00007f1ef000b000
R9 =0x00007f1ef02d9de2 is an unknown value
R10=0x00007f1ece2d3447: <offset 0xb0447> in /usr/lib/x86_64-linux-gnu/libX11.so.6 at 0x00007f1ece223000
R11=0x0000000000000065 is an unknown value
R12=0x00007f1ef83e9c7c is pointing into the stack for thread: 0x00007f1ef000b000
R13=0x00007f1ef83e9db8 is pointing into the stack for thread: 0x00007f1ef000b000
R14=0x00007f1ef83e9db0 is pointing into the stack for thread: 0x00007f1ef000b000
R15=0x00007f1ef000b1f8 is an unknown value


Stack: [0x00007f1ef82eb000,0x00007f1ef83ec000],  sp=0x00007f1ef83e9c10,  free space=1019k
Native frames: (J=compiled Java code, j=interpreted, Vv=VM code, C=native code)
C  [libpthread.so.0+0x9d44]  pthread_mutex_lock+0x4
C  0x696c4369746c756d

Java frames: (J=compiled Java code, j=interpreted, Vv=VM code)
j  sun.awt.X11.XlibWrapper.XGetDefault(JLjava/lang/String;Ljava/lang/String;)Ljava/lang/String;+0
j  sun.awt.X11.XToolkit.initializeMultiClickTime()V+12
j  sun.awt.X11.XToolkit.getMultiClickTime()I+6
j  sun.awt.X11.XToolkit.initializeDesktopProperties()V+82
j  java.awt.Toolkit.getDesktopProperty(Ljava/lang/String;)Ljava/lang/Object;+32
j  sun.swing.SwingUtilities2$AATextInfo.getAATextInfo(Z)Lsun/swing/SwingUtilities2$AATextInfo;+11
j  javax.swing.plaf.metal.MetalLookAndFeel.initComponentDefaults(Ljavax/swing/UIDefaults;)V+12062
j  javax.swing.plaf.basic.BasicLookAndFeel.getDefaults()Ljavax/swing/UIDefaults;+25
j  javax.swing.plaf.metal.MetalLookAndFeel.getDefaults()Ljavax/swing/UIDefaults;+9
j  javax.swing.UIManager.setLookAndFeel(Ljavax/swing/LookAndFeel;)V+79
j  javax.swing.UIManager.setLookAndFeel(Ljava/lang/String;)V+16
j  javax.swing.UIManager.initializeDefaultLAF(Ljava/util/Properties;)V+55
j  javax.swing.UIManager.initialize()V+9
j  javax.swing.UIManager.maybeInitialize()V+22
j  javax.swing.UIManager.getUI(Ljavax/swing/JComponent;)Ljavax/swing/plaf/ComponentUI;+0
j  javax.swing.JPanel.updateUI()V+2
j  javax.swing.JPanel.<init>(Ljava/awt/LayoutManager;Z)V+24
j  javax.swing.JPanel.<init>(Z)V+9
j  javax.swing.JPanel.<init>()V+2
j  javax.swing.JRootPane.createGlassPane()Ljava/awt/Component;+4
j  javax.swing.JRootPane.<init>()V+11
j  javax.swing.JFrame.createRootPane()Ljavax/swing/JRootPane;+4
j  javax.swing.JFrame.frameInit()V+16
j  javax.swing.JFrame.<init>(Ljava/lang/String;)V+21
j  engineTest.Main.<init>()V+3
j  engineTest.Main.main([Ljava/lang/String;)V+20
v  ~StubRoutines::call_stub

---------------  P R O C E S S  ---------------

Java Threads: ( => current thread )
  0x00007f1ef02e6000 JavaThread "AWT-XAWT" daemon [_thread_in_native, id=28551, stack(0x00007f1ecc0bf000,0x00007f1ecc1c0000)]
  0x00007f1ef02c4000 JavaThread "Java2D Disposer" daemon [_thread_blocked, id=28550, stack(0x00007f1ecc81d000,0x00007f1ecc91e000)]
  0x00007f1ef0282000 JavaThread "Thread-0" [_thread_in_native, id=28549, stack(0x00007f1ecd4d6000,0x00007f1ecd5d7000)]
  0x00007f1ef00c2800 JavaThread "Service Thread" daemon [_thread_blocked, id=28547, stack(0x00007f1eced9b000,0x00007f1ecee9c000)]
  0x00007f1ef00bf800 JavaThread "C1 CompilerThread2" daemon [_thread_in_native, id=28546, stack(0x00007f1ecee9c000,0x00007f1ecef9d000)]
  0x00007f1ef00bd800 JavaThread "C2 CompilerThread1" daemon [_thread_blocked, id=28545, stack(0x00007f1ecef9d000,0x00007f1ecf09e000)]
  0x00007f1ef00bb000 JavaThread "C2 CompilerThread0" daemon [_thread_blocked, id=28544, stack(0x00007f1ecf09e000,0x00007f1ecf19f000)]
  0x00007f1ef00b9800 JavaThread "Signal Dispatcher" daemon [_thread_blocked, id=28543, stack(0x00007f1ecf19f000,0x00007f1ecf2a0000)]
  0x00007f1ef0085000 JavaThread "Finalizer" daemon [_thread_blocked, id=28542, stack(0x00007f1ecf6f7000,0x00007f1ecf7f8000)]
  0x00007f1ef0080800 JavaThread "Reference Handler" daemon [_thread_blocked, id=28541, stack(0x00007f1ecf7f8000,0x00007f1ecf8f9000)]
=>0x00007f1ef000b000 JavaThread "main" [_thread_in_native, id=28532, stack(0x00007f1ef82eb000,0x00007f1ef83ec000)]

Other Threads:
  0x00007f1ef0079000 VMThread [stack: 0x00007f1ecf8f9000,0x00007f1ecf9fa000] [id=28540]
  0x00007f1ef00c5800 WatcherThread [stack: 0x00007f1ecec9a000,0x00007f1eced9b000] [id=28548]

VM state:not at safepoint (normal execution)

VM Mutex/Monitor currently owned by a thread: None

Heap:
 PSYoungGen      total 36864K, used 7618K [0x00000000d6f80000, 0x00000000d9880000, 0x0000000100000000)
  eden space 31744K, 24% used [0x00000000d6f80000,0x00000000d76f0be8,0x00000000d8e80000)
  from space 5120K, 0% used [0x00000000d9380000,0x00000000d9380000,0x00000000d9880000)
  to   space 5120K, 0% used [0x00000000d8e80000,0x00000000d8e80000,0x00000000d9380000)
 ParOldGen       total 84992K, used 0K [0x0000000084e00000, 0x000000008a100000, 0x00000000d6f80000)
  object space 84992K, 0% used [0x0000000084e00000,0x0000000084e00000,0x000000008a100000)
 Metaspace       used 8373K, capacity 8570K, committed 8704K, reserved 1056768K
  class space    used 908K, capacity 1000K, committed 1024K, reserved 1048576K

Card table byte_map: [0x00007f1ef4cc7000,0x00007f1ef50a1000] byte_map_base: 0x00007f1ef48a0000

Marking Bits: (ParMarkBitMap*) 0x00007f1ef77ca220
 Begin Bits: [0x00007f1edd270000, 0x00007f1edf138000)
 End Bits:   [0x00007f1edf138000, 0x00007f1ee1000000)

Polling page: 0x00007f1ef8419000

CodeCache: size=245760Kb used=2143Kb max_used=2143Kb free=243616Kb
 bounds [0x00007f1ee1000000, 0x00007f1ee1270000, 0x00007f1ef0000000]
 total_blobs=1188 nmethods=402 adapters=700
 compilation: enabled

Compilation events (10 events):
Event: 0,458 Thread 0x00007f1ef00bf800 nmethod 398 0x00007f1ee11deed0 code [0x00007f1ee11df020, 0x00007f1ee11df110]
Event: 0,459 Thread 0x00007f1ef00bf800  399       3       java.util.Hashtable$Entry::<init> (26 bytes)
Event: 0,460 Thread 0x00007f1ef00bf800 nmethod 399 0x00007f1ee11ea310 code [0x00007f1ee11ea480, 0x00007f1ee11ea670]
Event: 0,462 Thread 0x00007f1ef00bf800  400       3       java.util.Hashtable::addEntry (87 bytes)
Event: 0,463 Thread 0x00007f1ef00bf800 nmethod 400 0x00007f1ee1210b50 code [0x00007f1ee1210d00, 0x00007f1ee1211358]
Event: 0,463 Thread 0x00007f1ef00bf800  401       3       java.lang.invoke.MethodType::equals (29 bytes)
Event: 0,464 Thread 0x00007f1ef00bf800 nmethod 401 0x00007f1ee1211690 code [0x00007f1ee1211820, 0x00007f1ee1211d48]
Event: 0,464 Thread 0x00007f1ef00bf800  402       3       java.lang.invoke.MethodType::toMethodDescriptorString (21 bytes)
Event: 0,467 Thread 0x00007f1ef00bf800 nmethod 402 0x00007f1ee1216b10 code [0x00007f1ee1216d20, 0x00007f1ee1217818]
Event: 0,468 Thread 0x00007f1ef00bf800  403       3       java.lang.reflect.Modifier::isFinal (13 bytes)

GC Heap History (0 events):
No events

Deoptimization events (1 events):
Event: 0,277 Thread 0x00007f1ef000b000 Uncommon trap: reason=null_check action=make_not_entrant pc=0x00007f1ee1146c68 method=java.lang.String.equals(Ljava/lang/Object;)Z @ 8

Internal exceptions (10 events):
Event: 0,040 Thread 0x00007f1ef000b000 Exception <a 'java/lang/NoSuchMethodError': Method sun.misc.Unsafe.prefetchRead(Ljava/lang/Object;J)V name or signature does not match> (0x00000000d6f87f60) thrown at [/HUDSON3/workspace/8-2-build-linux-amd64/jdk8u111/7883/hotspot/src/share/vm/prims/jni.c
Event: 0,156 Thread 0x00007f1ef000b000 Exception <a 'java/security/PrivilegedActionException'> (0x00000000d7011e60) thrown at [/HUDSON3/workspace/8-2-build-linux-amd64/jdk8u111/7883/hotspot/src/share/vm/prims/jvm.cpp, line 1386]
Event: 0,156 Thread 0x00007f1ef000b000 Exception <a 'java/security/PrivilegedActionException'> (0x00000000d7012070) thrown at [/HUDSON3/workspace/8-2-build-linux-amd64/jdk8u111/7883/hotspot/src/share/vm/prims/jvm.cpp, line 1386]
Event: 0,159 Thread 0x00007f1ef000b000 Exception <a 'java/security/PrivilegedActionException'> (0x00000000d70144b0) thrown at [/HUDSON3/workspace/8-2-build-linux-amd64/jdk8u111/7883/hotspot/src/share/vm/prims/jvm.cpp, line 1386]
Event: 0,159 Thread 0x00007f1ef000b000 Exception <a 'java/security/PrivilegedActionException'> (0x00000000d70146c0) thrown at [/HUDSON3/workspace/8-2-build-linux-amd64/jdk8u111/7883/hotspot/src/share/vm/prims/jvm.cpp, line 1386]
Event: 0,222 Thread 0x00007f1ef000b000 Exception <a 'java/lang/NoSuchFieldError': method resolution failed> (0x00000000d717fdb8) thrown at [/HUDSON3/workspace/8-2-build-linux-amd64/jdk8u111/7883/hotspot/src/share/vm/prims/methodHandles.cpp, line 1146]
Event: 0,227 Thread 0x00007f1ef000b000 Exception <a 'java/lang/NoSuchFieldError': method resolution failed> (0x00000000d718d588) thrown at [/HUDSON3/workspace/8-2-build-linux-amd64/jdk8u111/7883/hotspot/src/share/vm/prims/methodHandles.cpp, line 1146]
Event: 0,268 Thread 0x00007f1ef000b000 Exception <a 'java/io/FileNotFoundException'> (0x00000000d720d828) thrown at [/HUDSON3/workspace/8-2-build-linux-amd64/jdk8u111/7883/hotspot/src/share/vm/prims/jni.cpp, line 709]
Event: 0,268 Thread 0x00007f1ef000b000 Exception <a 'java/io/FileNotFoundException'> (0x00000000d720e1e0) thrown at [/HUDSON3/workspace/8-2-build-linux-amd64/jdk8u111/7883/hotspot/src/share/vm/prims/jni.cpp, line 709]
Event: 0,277 Thread 0x00007f1ef000b000 Implicit null exception at 0x00007f1ee1146a9b to 0x00007f1ee1146c59

Events (10 events):
Event: 0,461 loading class javax/swing/plaf/DimensionUIResource
Event: 0,461 loading class javax/swing/plaf/DimensionUIResource done
Event: 0,461 loading class javax/swing/UIDefaults$LazyInputMap
Event: 0,461 loading class javax/swing/UIDefaults$LazyInputMap done
Event: 0,467 loading class javax/swing/plaf/metal/MetalLookAndFeel$FontActiveValue
Event: 0,467 loading class javax/swing/plaf/metal/MetalLookAndFeel$FontActiveValue done
Event: 0,470 loading class sun/swing/SwingUtilities2$AATextInfo
Event: 0,470 loading class sun/swing/SwingUtilities2$AATextInfo done
Event: 0,470 loading class sun/awt/HeadlessToolkit
Event: 0,470 loading class sun/awt/HeadlessToolkit done


Dynamic libraries:
00400000-00401000 r-xp 00000000 08:15 12855452                           /usr/lib/jvm/java-8-oracle/bin/java
00600000-00601000 rw-p 00000000 08:15 12855452                           /usr/lib/jvm/java-8-oracle/bin/java
0133d000-0135e000 rw-p 00000000 00:00 0                                  [heap]
84e00000-8a100000 rw-p 00000000 00:00 0 
8a100000-d6f80000 ---p 00000000 00:00 0 
d6f80000-d9880000 rw-p 00000000 00:00 0 
d9880000-100000000 ---p 00000000 00:00 0 
100000000-100100000 rw-p 00000000 00:00 0 
100100000-140000000 ---p 00000000 00:00 0 
7f1e94000000-7f1e94021000 rw-p 00000000 00:00 0 
7f1e94021000-7f1e98000000 ---p 00000000 00:00 0 
7f1e9afca000-7f1e9afcb000 r-xp 00000000 08:15 12329465                   /usr/lib/x86_64-linux-gnu/libX11-xcb.so.1.0.0
7f1e9afcb000-7f1e9b1ca000 ---p 00001000 08:15 12329465                   /usr/lib/x86_64-linux-gnu/libX11-xcb.so.1.0.0
7f1e9b1ca000-7f1e9b1cb000 r--p 00000000 08:15 12329465                   /usr/lib/x86_64-linux-gnu/libX11-xcb.so.1.0.0
7f1e9b1cb000-7f1e9b1cc000 rw-p 00001000 08:15 12329465                   /usr/lib/x86_64-linux-gnu/libX11-xcb.so.1.0.0
7f1e9b1cc000-7f1e9b1d1000 r-xp 00000000 08:15 12329520                   /usr/lib/x86_64-linux-gnu/libXxf86vm.so.1.0.0
7f1e9b1d1000-7f1e9b3d0000 ---p 00005000 08:15 12329520                   /usr/lib/x86_64-linux-gnu/libXxf86vm.so.1.0.0
7f1e9b3d0000-7f1e9b3d1000 r--p 00004000 08:15 12329520                   /usr/lib/x86_64-linux-gnu/libXxf86vm.so.1.0.0
7f1e9b3d1000-7f1e9b3d2000 rw-p 00005000 08:15 12329520                   /usr/lib/x86_64-linux-gnu/libXxf86vm.so.1.0.0
7f1e9b3d2000-7f1e9b3d4000 r-xp 00000000 08:15 12329494                   /usr/lib/x86_64-linux-gnu/libXinerama.so.1.0.0
7f1e9b3d4000-7f1e9b5d3000 ---p 00002000 08:15 12329494                   /usr/lib/x86_64-linux-gnu/libXinerama.so.1.0.0
7f1e9b5d3000-7f1e9b5d4000 r--p 00001000 08:15 12329494                   /usr/lib/x86_64-linux-gnu/libXinerama.so.1.0.0
7f1e9b5d4000-7f1e9b5d5000 rw-p 00002000 08:15 12329494                   /usr/lib/x86_64-linux-gnu/libXinerama.so.1.0.0
7f1e9b5d5000-7f1e9b5df000 r-xp 00000000 08:15 12329502                   /usr/lib/x86_64-linux-gnu/libXrandr.so.2.2.0
7f1e9b5df000-7f1e9b7de000 ---p 0000a000 08:15 12329502                   /usr/lib/x86_64-linux-gnu/libXrandr.so.2.2.0
7f1e9b7de000-7f1e9b7df000 r--p 00009000 08:15 12329502                   /usr/lib/x86_64-linux-gnu/libXrandr.so.2.2.0
7f1e9b7df000-7f1e9b7e0000 rw-p 0000a000 08:15 12329502                   /usr/lib/x86_64-linux-gnu/libXrandr.so.2.2.0
7f1e9b7e0000-7f1e9b7fe000 r-xp 00000000 08:15 1466952                    /tmp/lwjglnokorot/3.1.1-build-16/libglfw.so
7f1e9b7fe000-7f1e9b9fd000 ---p 0001e000 08:15 1466952                    /tmp/lwjglnokorot/3.1.1-build-16/libglfw.so
7f1e9b9fd000-7f1e9b9fe000 r--p 0001d000 08:15 1466952                    /tmp/lwjglnokorot/3.1.1-build-16/libglfw.so
7f1e9b9fe000-7f1e9b9ff000 rw-p 0001e000 08:15 1466952                    /tmp/lwjglnokorot/3.1.1-build-16/libglfw.so
7f1e9b9ff000-7f1e9ba00000 rw-p 00000000 00:00 0 
7f1e9ba00000-7f1e9bc00000 rw-p 00000000 00:00 0 
7f1e9bdc3000-7f1e9bdfc000 r-xp 00000000 08:15 1466951                    /tmp/lwjglnokorot/3.1.1-build-16/libjemalloc.so
7f1e9bdfc000-7f1e9bffb000 ---p 00039000 08:15 1466951                    /tmp/lwjglnokorot/3.1.1-build-16/libjemalloc.so
7f1e9bffb000-7f1e9bffe000 r--p 00038000 08:15 1466951                    /tmp/lwjglnokorot/3.1.1-build-16/libjemalloc.so
7f1e9bffe000-7f1e9bfff000 rw-p 0003b000 08:15 1466951                    /tmp/lwjglnokorot/3.1.1-build-16/libjemalloc.so
7f1e9bfff000-7f1e9c000000 rw-p 00000000 00:00 0 
7f1e9c000000-7f1e9c188000 rw-p 00000000 00:00 0 
7f1e9c188000-7f1ea0000000 ---p 00000000 00:00 0 
7f1ea0000000-7f1ea0021000 rw-p 00000000 00:00 0 
7f1ea0021000-7f1ea4000000 ---p 00000000 00:00 0 
7f1ea4000000-7f1ea4021000 rw-p 00000000 00:00 0 
7f1ea4021000-7f1ea8000000 ---p 00000000 00:00 0 
7f1ea8000000-7f1ea8021000 rw-p 00000000 00:00 0 
7f1ea8021000-7f1eac000000 ---p 00000000 00:00 0 
7f1eac000000-7f1eac0bb000 rw-p 00000000 00:00 0 
7f1eac0bb000-7f1eb0000000 ---p 00000000 00:00 0 
7f1eb0000000-7f1eb018c000 rw-p 00000000 00:00 0 
7f1eb018c000-7f1eb4000000 ---p 00000000 00:00 0 
7f1eb4000000-7f1eb4021000 rw-p 00000000 00:00 0 
7f1eb4021000-7f1eb8000000 ---p 00000000 00:00 0 
7f1eb8000000-7f1eb80f8000 rw-p 00000000 00:00 0 
7f1eb80f8000-7f1ebc000000 ---p 00000000 00:00 0 
7f1ebc000000-7f1ebc021000 rw-p 00000000 00:00 0 
7f1ebc021000-7f1ec0000000 ---p 00000000 00:00 0 
7f1ec0000000-7f1ec0021000 rw-p 00000000 00:00 0 
7f1ec0021000-7f1ec4000000 ---p 00000000 00:00 0 
7f1ec4000000-7f1ec4021000 rw-p 00000000 00:00 0 
7f1ec4021000-7f1ec8000000 ---p 00000000 00:00 0 
7f1ec8000000-7f1ec8021000 rw-p 00000000 00:00 0 
7f1ec8021000-7f1ecc000000 ---p 00000000 00:00 0 
7f1ecc0bf000-7f1ecc0c2000 ---p 00000000 00:00 0 
7f1ecc0c2000-7f1ecc1c0000 rw-p 00000000 00:00 0 
7f1ecc1c0000-7f1ecc1c5000 r-xp 00000000 08:15 12329486                   /usr/lib/x86_64-linux-gnu/libXfixes.so.3.1.0
7f1ecc1c5000-7f1ecc3c4000 ---p 00005000 08:15 12329486                   /usr/lib/x86_64-linux-gnu/libXfixes.so.3.1.0
7f1ecc3c4000-7f1ecc3c5000 r--p 00004000 08:15 12329486                   /usr/lib/x86_64-linux-gnu/libXfixes.so.3.1.0
7f1ecc3c5000-7f1ecc3c6000 rw-p 00005000 08:15 12329486                   /usr/lib/x86_64-linux-gnu/libXfixes.so.3.1.0
7f1ecc3c6000-7f1ecc3cf000 r-xp 00000000 08:15 12329478                   /usr/lib/x86_64-linux-gnu/libXcursor.so.1.0.2
7f1ecc3cf000-7f1ecc5ce000 ---p 00009000 08:15 12329478                   /usr/lib/x86_64-linux-gnu/libXcursor.so.1.0.2
7f1ecc5ce000-7f1ecc5cf000 r--p 00008000 08:15 12329478                   /usr/lib/x86_64-linux-gnu/libXcursor.so.1.0.2
7f1ecc5cf000-7f1ecc5d0000 rw-p 00009000 08:15 12329478                   /usr/lib/x86_64-linux-gnu/libXcursor.so.1.0.2
7f1ecc5d0000-7f1ecc61b000 r-xp 00000000 08:15 1466950                    /tmp/lwjglnokorot/3.1.1-build-16/liblwjgl.so
7f1ecc61b000-7f1ecc81b000 ---p 0004b000 08:15 1466950                    /tmp/lwjglnokorot/3.1.1-build-16/liblwjgl.so
7f1ecc81b000-7f1ecc81c000 r--p 0004b000 08:15 1466950                    /tmp/lwjglnokorot/3.1.1-build-16/liblwjgl.so
7f1ecc81c000-7f1ecc81d000 rw-p 0004c000 08:15 1466950                    /tmp/lwjglnokorot/3.1.1-build-16/liblwjgl.so
7f1ecc81d000-7f1ecc820000 ---p 00000000 00:00 0 
7f1ecc820000-7f1eccc1f000 rw-p 00000000 00:00 0 
7f1eccc1f000-7f1eccc35000 r-xp 00000000 08:15 12980356                   /usr/lib/jvm/java-8-oracle/jre/lib/amd64/libnet.so
7f1eccc35000-7f1ecce35000 ---p 00016000 08:15 12980356                   /usr/lib/jvm/java-8-oracle/jre/lib/amd64/libnet.so
7f1ecce35000-7f1ecce36000 rw-p 00016000 08:15 12980356                   /usr/lib/jvm/java-8-oracle/jre/lib/amd64/libnet.so
7f1ecce36000-7f1ecce47000 r-xp 00000000 08:15 12980591                   /usr/lib/jvm/java-8-oracle/jre/lib/amd64/libnio.so
7f1ecce47000-7f1ecd046000 ---p 00011000 08:15 12980591                   /usr/lib/jvm/java-8-oracle/jre/lib/amd64/libnio.so
7f1ecd046000-7f1ecd047000 rw-p 00010000 08:15 12980591                   /usr/lib/jvm/java-8-oracle/jre/lib/amd64/libnio.so
7f1ecd047000-7f1ecd05d000 r-xp 00000000 08:15 7082441                    /lib/x86_64-linux-gnu/libgcc_s.so.1
7f1ecd05d000-7f1ecd25c000 ---p 00016000 08:15 7082441                    /lib/x86_64-linux-gnu/libgcc_s.so.1
7f1ecd25c000-7f1ecd25d000 rw-p 00015000 08:15 7082441                    /lib/x86_64-linux-gnu/libgcc_s.so.1
7f1ecd25d000-7f1ecd2c2000 r-xp 00000000 08:15 12980585                   /usr/lib/jvm/java-8-oracle/jre/lib/amd64/libfontmanager.so
7f1ecd2c2000-7f1ecd4c1000 ---p 00065000 08:15 12980585                   /usr/lib/jvm/java-8-oracle/jre/lib/amd64/libfontmanager.so
7f1ecd4c1000-7f1ecd4c6000 rw-p 00064000 08:15 12980585                   /usr/lib/jvm/java-8-oracle/jre/lib/amd64/libfontmanager.so
7f1ecd4c6000-7f1ecd4d6000 rw-p 00000000 00:00 0 
7f1ecd4d6000-7f1ecd4d9000 ---p 00000000 00:00 0 
7f1ecd4d9000-7f1ecd5d7000 rw-p 00000000 00:00 0 
7f1ecd5d7000-7f1ecd5dc000 r-xp 00000000 08:15 12329482                   /usr/lib/x86_64-linux-gnu/libXdmcp.so.6.0.0
7f1ecd5dc000-7f1ecd7db000 ---p 00005000 08:15 12329482                   /usr/lib/x86_64-linux-gnu/libXdmcp.so.6.0.0
7f1ecd7db000-7f1ecd7dc000 r--p 00004000 08:15 12329482                   /usr/lib/x86_64-linux-gnu/libXdmcp.so.6.0.0
7f1ecd7dc000-7f1ecd7dd000 rw-p 00005000 08:15 12329482                   /usr/lib/x86_64-linux-gnu/libXdmcp.so.6.0.0
7f1ecd7dd000-7f1ecd7df000 r-xp 00000000 08:15 12329471                   /usr/lib/x86_64-linux-gnu/libXau.so.6.0.0
7f1ecd7df000-7f1ecd9df000 ---p 00002000 08:15 12329471                   /usr/lib/x86_64-linux-gnu/libXau.so.6.0.0
7f1ecd9df000-7f1ecd9e0000 r--p 00002000 08:15 12329471                   /usr/lib/x86_64-linux-gnu/libXau.so.6.0.0
7f1ecd9e0000-7f1ecd9e1000 rw-p 00003000 08:15 12329471                   /usr/lib/x86_64-linux-gnu/libXau.so.6.0.0
7f1ecd9e1000-7f1ecda02000 r-xp 00000000 08:15 12330820                   /usr/lib/x86_64-linux-gnu/libxcb.so.1.1.0
7f1ecda02000-7f1ecdc01000 ---p 00021000 08:15 12330820                   /usr/lib/x86_64-linux-gnu/libxcb.so.1.1.0
7f1ecdc01000-7f1ecdc02000 r--p 00020000 08:15 12330820                   /usr/lib/x86_64-linux-gnu/libxcb.so.1.1.0
7f1ecdc02000-7f1ecdc03000 rw-p 00021000 08:15 12330820                   /usr/lib/x86_64-linux-gnu/libxcb.so.1.1.0
7f1ecdc03000-7f1ecdc12000 r-xp 00000000 08:15 12329492                   /usr/lib/x86_64-linux-gnu/libXi.so.6.1.0
7f1ecdc12000-7f1ecde11000 ---p 0000f000 08:15 12329492                   /usr/lib/x86_64-linux-gnu/libXi.so.6.1.0
7f1ecde11000-7f1ecde12000 r--p 0000e000 08:15 12329492                   /usr/lib/x86_64-linux-gnu/libXi.so.6.1.0
7f1ecde12000-7f1ecde13000 rw-p 0000f000 08:15 12329492                   /usr/lib/x86_64-linux-gnu/libXi.so.6.1.0
7f1ecde13000-7f1ecde18000 r-xp 00000000 08:15 12329510                   /usr/lib/x86_64-linux-gnu/libXtst.so.6.1.0
7f1ecde18000-7f1ece017000 ---p 00005000 08:15 12329510                   /usr/lib/x86_64-linux-gnu/libXtst.so.6.1.0
7f1ece017000-7f1ece018000 r--p 00004000 08:15 12329510                   /usr/lib/x86_64-linux-gnu/libXtst.so.6.1.0
7f1ece018000-7f1ece019000 rw-p 00005000 08:15 12329510                   /usr/lib/x86_64-linux-gnu/libXtst.so.6.1.0
7f1ece019000-7f1ece022000 r-xp 00000000 08:15 12329504                   /usr/lib/x86_64-linux-gnu/libXrender.so.1.3.0
7f1ece022000-7f1ece221000 ---p 00009000 08:15 12329504                   /usr/lib/x86_64-linux-gnu/libXrender.so.1.3.0
7f1ece221000-7f1ece222000 r--p 00008000 08:15 12329504                   /usr/lib/x86_64-linux-gnu/libXrender.so.1.3.0
7f1ece222000-7f1ece223000 rw-p 00009000 08:15 12329504                   /usr/lib/x86_64-linux-gnu/libXrender.so.1.3.0
7f1ece223000-7f1ece358000 r-xp 00000000 08:15 12329467                   /usr/lib/x86_64-linux-gnu/libX11.so.6.3.0
7f1ece358000-7f1ece558000 ---p 00135000 08:15 12329467                   /usr/lib/x86_64-linux-gnu/libX11.so.6.3.0
7f1ece558000-7f1ece559000 r--p 00135000 08:15 12329467                   /usr/lib/x86_64-linux-gnu/libX11.so.6.3.0
7f1ece559000-7f1ece55d000 rw-p 00136000 08:15 12329467                   /usr/lib/x86_64-linux-gnu/libX11.so.6.3.0
7f1ece55d000-7f1ece56e000 r-xp 00000000 08:15 12329484                   /usr/lib/x86_64-linux-gnu/libXext.so.6.4.0
7f1ece56e000-7f1ece76d000 ---p 00011000 08:15 12329484                   /usr/lib/x86_64-linux-gnu/libXext.so.6.4.0
7f1ece76d000-7f1ece76e000 r--p 00010000 08:15 12329484                   /usr/lib/x86_64-linux-gnu/libXext.so.6.4.0
7f1ece76e000-7f1ece76f000 rw-p 00011000 08:15 12329484                   /usr/lib/x86_64-linux-gnu/libXext.so.6.4.0
7f1ece76f000-7f1ece7c3000 r-xp 00000000 08:15 12980593                   /usr/lib/jvm/java-8-oracle/jre/lib/amd64/libawt_xawt.so
7f1ece7c3000-7f1ece9c3000 ---p 00054000 08:15 12980593                   /usr/lib/jvm/java-8-oracle/jre/lib/amd64/libawt_xawt.so
7f1ece9c3000-7f1ece9c7000 rw-p 00054000 08:15 12980593                   /usr/lib/jvm/java-8-oracle/jre/lib/amd64/libawt_xawt.so
7f1ece9c7000-7f1ece9c8000 rw-p 00000000 00:00 0 
7f1ece9c8000-7f1ecea6a000 r-xp 00000000 08:15 12980626                   /usr/lib/jvm/java-8-oracle/jre/lib/amd64/libawt.so
7f1ecea6a000-7f1ecec6a000 ---p 000a2000 08:15 12980626                   /usr/lib/jvm/java-8-oracle/jre/lib/amd64/libawt.so
7f1ecec6a000-7f1ecec76000 rw-p 000a2000 08:15 12980626                   /usr/lib/jvm/java-8-oracle/jre/lib/amd64/libawt.so
7f1ecec76000-7f1ecec9a000 rw-p 00000000 00:00 0 
7f1ecec9a000-7f1ecec9b000 ---p 00000000 00:00 0 
7f1ecec9b000-7f1eced9b000 rw-p 00000000 00:00 0 
7f1eced9b000-7f1eced9e000 ---p 00000000 00:00 0 
7f1eced9e000-7f1ecee9c000 rw-p 00000000 00:00 0 
7f1ecee9c000-7f1ecee9f000 ---p 00000000 00:00 0 
7f1ecee9f000-7f1ecef9d000 rw-p 00000000 00:00 0 
7f1ecef9d000-7f1ecefa0000 ---p 00000000 00:00 0 
7f1ecefa0000-7f1ecf09e000 rw-p 00000000 00:00 0 
7f1ecf09e000-7f1ecf0a1000 ---p 00000000 00:00 0 
7f1ecf0a1000-7f1ecf19f000 rw-p 00000000 00:00 0 
7f1ecf19f000-7f1ecf1a2000 ---p 00000000 00:00 0 
7f1ecf1a2000-7f1ecf2a0000 rw-p 00000000 00:00 0 
7f1ecf2a0000-7f1ecf6f7000 r--p 00000000 08:15 12322328                   /usr/lib/locale/locale-archive
7f1ecf6f7000-7f1ecf6fa000 ---p 00000000 00:00 0 
7f1ecf6fa000-7f1ecf7f8000 rw-p 00000000 00:00 0 
7f1ecf7f8000-7f1ecf7fb000 ---p 00000000 00:00 0 
7f1ecf7fb000-7f1ecf8f9000 rw-p 00000000 00:00 0 
7f1ecf8f9000-7f1ecf8fa000 ---p 00000000 00:00 0 
7f1ecf8fa000-7f1ed0000000 rw-p 00000000 00:00 0 
7f1ed0000000-7f1ed0021000 rw-p 00000000 00:00 0 
7f1ed0021000-7f1ed4000000 ---p 00000000 00:00 0 
7f1ed4000000-7f1ed4021000 rw-p 00000000 00:00 0 
7f1ed4021000-7f1ed8000000 ---p 00000000 00:00 0 
7f1ed8000000-7f1ed8021000 rw-p 00000000 00:00 0 
7f1ed8021000-7f1edc000000 ---p 00000000 00:00 0 
7f1edc05f000-7f1edc060000 rwxp 00000000 00:00 0 
7f1edc060000-7f1edc061000 r--s 00004000 08:15 13654818                   /home/nokorot/Workspace/Java/PS/PS 3.0.0/LWJGL3/lwjgl-xxhash.jar
7f1edc061000-7f1edc062000 r--s 00001000 08:15 13654817                   /home/nokorot/Workspace/Java/PS/PS 3.0.0/LWJGL3/lwjgl-xxhash-natives-linux.jar
7f1edc062000-7f1edc06b000 r--s 000a6000 08:15 13654825                   /home/nokorot/Workspace/Java/PS/PS 3.0.0/LWJGL3/lwjgl-vulkan.jar
7f1edc06b000-7f1edc070000 r--s 000ac000 08:15 13654824                   /home/nokorot/Workspace/Java/PS/PS 3.0.0/LWJGL3/lwjgl-vulkan-sources.jar
7f1edc070000-7f1edc071000 r--s 00001000 08:15 13654813                   /home/nokorot/Workspace/Java/PS/PS 3.0.0/LWJGL3/lwjgl-tinyfd.jar
7f1edc071000-7f1edc072000 r--s 00007000 08:15 13654815                   /home/nokorot/Workspace/Java/PS/PS 3.0.0/LWJGL3/lwjgl-tinyfd-natives-linux.jar
7f1edc072000-7f1edc075000 r--s 00012000 08:15 13654809                   /home/nokorot/Workspace/Java/PS/PS 3.0.0/LWJGL3/lwjgl-stb.jar
7f1edc075000-7f1edc076000 r--s 0002c000 08:15 13654808                   /home/nokorot/Workspace/Java/PS/PS 3.0.0/LWJGL3/lwjgl-stb-natives-linux.jar
7f1edc076000-7f1edc077000 r--s 00000000 08:15 13654803                   /home/nokorot/Workspace/Java/PS/PS 3.0.0/LWJGL3/lwjgl-sse.jar
7f1edc077000-7f1edc078000 r--s 00000000 08:15 13654802                   /home/nokorot/Workspace/Java/PS/PS 3.0.0/LWJGL3/lwjgl-sse-natives-linux.jar
7f1edc078000-7f1edc07a000 r--s 00058000 08:15 13654804                   /home/nokorot/Workspace/Java/PS/PS 3.0.0/LWJGL3/lwjgl-sse-javadoc.jar
7f1edc07a000-7f1edc07c000 r--s 00001000 08:15 13654799                   /home/nokorot/Workspace/Java/PS/PS 3.0.0/LWJGL3/lwjgl-par.jar
7f1edc07c000-7f1edc07d000 r--s 00005000 08:15 13654795                   /home/nokorot/Workspace/Java/PS/PS 3.0.0/LWJGL3/lwjgl-par-natives-linux.jar
7f1edc07d000-7f1edc083000 r--s 00048000 08:15 13654794                   /home/nokorot/Workspace/Java/PS/PS 3.0.0/LWJGL3/lwjgl-opengles.jar
7f1edc083000-7f1edc084000 r--s 00007000 08:15 13654792                   /home/nokorot/Workspace/Java/PS/PS 3.0.0/LWJGL3/lwjgl-opengles-natives-linux.jar
7f1edc084000-7f1edc08d000 r--s 000ba000 08:15 13654797                   /home/nokorot/Workspace/Java/PS/PS 3.0.0/LWJGL3/lwjgl-opengl.jar
7f1edc08d000-7f1edc08e000 r--s 00015000 08:15 13654789                   /home/nokorot/Workspace/Java/PS/PS 3.0.0/LWJGL3/lwjgl-opengl-natives-linux.jar
7f1edc08e000-7f1edc091000 r--s 00023000 08:15 13654790                   /home/nokorot/Workspace/Java/PS/PS 3.0.0/LWJGL3/lwjgl-opencl.jar
7f1edc091000-7f1edc093000 r--s 00010000 08:15 13654776                   /home/nokorot/Workspace/Java/PS/PS 3.0.0/LWJGL3/lwjgl-openal.jar
7f1edc093000-7f1edc094000 r--s 0004a000 08:15 13654787                   /home/nokorot/Workspace/Java/PS/PS 3.0.0/LWJGL3/lwjgl-openal-natives-linux.jar
7f1edc094000-7f1edd1f0000 rw-p 00000000 00:00 0 
7f1edd1f0000-7f1edd270000 ---p 00000000 00:00 0 
7f1edd270000-7f1ee1000000 rw-p 00000000 00:00 0 
7f1ee1000000-7f1ee1270000 rwxp 00000000 00:00 0 
7f1ee1270000-7f1ef0000000 ---p 00000000 00:00 0 
7f1ef0000000-7f1ef042c000 rw-p 00000000 00:00 0 
7f1ef042c000-7f1ef4000000 ---p 00000000 00:00 0 
7f1ef4000000-7f1ef4005000 r--s 00054000 08:15 13654782                   /home/nokorot/Workspace/Java/PS/PS 3.0.0/LWJGL3/lwjgl-nuklear.jar
7f1ef4005000-7f1ef4006000 r--s 0001f000 08:15 13654772                   /home/nokorot/Workspace/Java/PS/PS 3.0.0/LWJGL3/lwjgl-nuklear-natives-linux.jar
7f1ef4006000-7f1ef4007000 r--s 00001000 08:15 13654766                   /home/nokorot/Workspace/Java/PS/PS 3.0.0/LWJGL3/lwjgl-nfd.jar
7f1ef4007000-7f1ef4008000 r--s 00001000 08:15 13654764                   /home/nokorot/Workspace/Java/PS/PS 3.0.0/LWJGL3/lwjgl-nfd-natives-linux.jar
7f1ef4008000-7f1ef4009000 r--s 00011000 08:15 13654822                   /home/nokorot/Workspace/Java/PS/PS 3.0.0/LWJGL3/lwjgl-natives-linux.jar
7f1ef4009000-7f1ef400b000 r--s 00008000 08:15 13654756                   /home/nokorot/Workspace/Java/PS/PS 3.0.0/LWJGL3/lwjgl-nanovg.jar
7f1ef400b000-7f1ef41e3000 r--s 03d2a000 08:15 12855517                   /usr/lib/jvm/java-8-oracle/jre/lib/rt.jar
7f1ef41e3000-7f1ef4632000 rw-p 00000000 00:00 0 
7f1ef4632000-7f1ef4633000 ---p 00000000 00:00 0 
7f1ef4633000-7f1ef4733000 rw-p 00000000 00:00 0 
7f1ef4733000-7f1ef4734000 ---p 00000000 00:00 0 
7f1ef4734000-7f1ef4834000 rw-p 00000000 00:00 0 
7f1ef4834000-7f1ef4835000 ---p 00000000 00:00 0 
7f1ef4835000-7f1ef4935000 rw-p 00000000 00:00 0 
7f1ef4935000-7f1ef4936000 ---p 00000000 00:00 0 
7f1ef4936000-7f1ef4a60000 rw-p 00000000 00:00 0 
7f1ef4a60000-7f1ef4cc7000 ---p 00000000 00:00 0 
7f1ef4cc7000-7f1ef4cf1000 rw-p 00000000 00:00 0 
7f1ef4cf1000-7f1ef4f57000 ---p 00000000 00:00 0 
7f1ef4f57000-7f1ef4f6d000 rw-p 00000000 00:00 0 
7f1ef4f6d000-7f1ef50a0000 ---p 00000000 00:00 0 
7f1ef50a0000-7f1ef50ab000 rw-p 00000000 00:00 0 
7f1ef50ab000-7f1ef5461000 ---p 00000000 00:00 0 
7f1ef5461000-7f1ef547b000 r-xp 00000000 08:15 12980589                   /usr/lib/jvm/java-8-oracle/jre/lib/amd64/libzip.so
7f1ef547b000-7f1ef567b000 ---p 0001a000 08:15 12980589                   /usr/lib/jvm/java-8-oracle/jre/lib/amd64/libzip.so
7f1ef567b000-7f1ef567c000 rw-p 0001a000 08:15 12980589                   /usr/lib/jvm/java-8-oracle/jre/lib/amd64/libzip.so
7f1ef567c000-7f1ef5687000 r-xp 00000000 08:15 7082071                    /lib/x86_64-linux-gnu/libnss_files-2.23.so
7f1ef5687000-7f1ef5886000 ---p 0000b000 08:15 7082071                    /lib/x86_64-linux-gnu/libnss_files-2.23.so
7f1ef5886000-7f1ef5887000 r--p 0000a000 08:15 7082071                    /lib/x86_64-linux-gnu/libnss_files-2.23.so
7f1ef5887000-7f1ef5888000 rw-p 0000b000 08:15 7082071                    /lib/x86_64-linux-gnu/libnss_files-2.23.so
7f1ef5888000-7f1ef588e000 rw-p 00000000 00:00 0 
7f1ef588e000-7f1ef5899000 r-xp 00000000 08:15 7082047                    /lib/x86_64-linux-gnu/libnss_nis-2.23.so
7f1ef5899000-7f1ef5a98000 ---p 0000b000 08:15 7082047                    /lib/x86_64-linux-gnu/libnss_nis-2.23.so
7f1ef5a98000-7f1ef5a99000 r--p 0000a000 08:15 7082047                    /lib/x86_64-linux-gnu/libnss_nis-2.23.so
7f1ef5a99000-7f1ef5a9a000 rw-p 0000b000 08:15 7082047                    /lib/x86_64-linux-gnu/libnss_nis-2.23.so
7f1ef5a9a000-7f1ef5ab0000 r-xp 00000000 08:15 7082063                    /lib/x86_64-linux-gnu/libnsl-2.23.so
7f1ef5ab0000-7f1ef5caf000 ---p 00016000 08:15 7082063                    /lib/x86_64-linux-gnu/libnsl-2.23.so
7f1ef5caf000-7f1ef5cb0000 r--p 00015000 08:15 7082063                    /lib/x86_64-linux-gnu/libnsl-2.23.so
7f1ef5cb0000-7f1ef5cb1000 rw-p 00016000 08:15 7082063                    /lib/x86_64-linux-gnu/libnsl-2.23.so
7f1ef5cb1000-7f1ef5cb3000 rw-p 00000000 00:00 0 
7f1ef5cb3000-7f1ef5cbb000 r-xp 00000000 08:15 7082065                    /lib/x86_64-linux-gnu/libnss_compat-2.23.so
7f1ef5cbb000-7f1ef5eba000 ---p 00008000 08:15 7082065                    /lib/x86_64-linux-gnu/libnss_compat-2.23.so
7f1ef5eba000-7f1ef5ebb000 r--p 00007000 08:15 7082065                    /lib/x86_64-linux-gnu/libnss_compat-2.23.so
7f1ef5ebb000-7f1ef5ebc000 rw-p 00008000 08:15 7082065                    /lib/x86_64-linux-gnu/libnss_compat-2.23.so
7f1ef5ebc000-7f1ef5ee7000 r-xp 00000000 08:15 12980616                   /usr/lib/jvm/java-8-oracle/jre/lib/amd64/libjava.so
7f1ef5ee7000-7f1ef60e6000 ---p 0002b000 08:15 12980616                   /usr/lib/jvm/java-8-oracle/jre/lib/amd64/libjava.so
7f1ef60e6000-7f1ef60e8000 rw-p 0002a000 08:15 12980616                   /usr/lib/jvm/java-8-oracle/jre/lib/amd64/libjava.so
7f1ef60e8000-7f1ef60f5000 r-xp 00000000 08:15 12980358                   /usr/lib/jvm/java-8-oracle/jre/lib/amd64/libverify.so
7f1ef60f5000-7f1ef62f4000 ---p 0000d000 08:15 12980358                   /usr/lib/jvm/java-8-oracle/jre/lib/amd64/libverify.so
7f1ef62f4000-7f1ef62f6000 rw-p 0000c000 08:15 12980358                   /usr/lib/jvm/java-8-oracle/jre/lib/amd64/libverify.so
7f1ef62f6000-7f1ef62fd000 r-xp 00000000 08:15 7082046                    /lib/x86_64-linux-gnu/librt-2.23.so
7f1ef62fd000-7f1ef64fc000 ---p 00007000 08:15 7082046                    /lib/x86_64-linux-gnu/librt-2.23.so
7f1ef64fc000-7f1ef64fd000 r--p 00006000 08:15 7082046                    /lib/x86_64-linux-gnu/librt-2.23.so
7f1ef64fd000-7f1ef64fe000 rw-p 00007000 08:15 7082046                    /lib/x86_64-linux-gnu/librt-2.23.so
7f1ef64fe000-7f1ef6606000 r-xp 00000000 08:15 7082058                    /lib/x86_64-linux-gnu/libm-2.23.so
7f1ef6606000-7f1ef6805000 ---p 00108000 08:15 7082058                    /lib/x86_64-linux-gnu/libm-2.23.so
7f1ef6805000-7f1ef6806000 r--p 00107000 08:15 7082058                    /lib/x86_64-linux-gnu/libm-2.23.so
7f1ef6806000-7f1ef6807000 rw-p 00108000 08:15 7082058                    /lib/x86_64-linux-gnu/libm-2.23.so
7f1ef6807000-7f1ef74d4000 r-xp 00000000 08:15 12980620                   /usr/lib/jvm/java-8-oracle/jre/lib/amd64/server/libjvm.so
7f1ef74d4000-7f1ef76d3000 ---p 00ccd000 08:15 12980620                   /usr/lib/jvm/java-8-oracle/jre/lib/amd64/server/libjvm.so
7f1ef76d3000-7f1ef77ac000 rw-p 00ccc000 08:15 12980620                   /usr/lib/jvm/java-8-oracle/jre/lib/amd64/server/libjvm.so
7f1ef77ac000-7f1ef77f7000 rw-p 00000000 00:00 0 
7f1ef77f7000-7f1ef79b6000 r-xp 00000000 08:15 7082051                    /lib/x86_64-linux-gnu/libc-2.23.so
7f1ef79b6000-7f1ef7bb6000 ---p 001bf000 08:15 7082051                    /lib/x86_64-linux-gnu/libc-2.23.so
7f1ef7bb6000-7f1ef7bba000 r--p 001bf000 08:15 7082051                    /lib/x86_64-linux-gnu/libc-2.23.so
7f1ef7bba000-7f1ef7bbc000 rw-p 001c3000 08:15 7082051                    /lib/x86_64-linux-gnu/libc-2.23.so
7f1ef7bbc000-7f1ef7bc0000 rw-p 00000000 00:00 0 
7f1ef7bc0000-7f1ef7bc3000 r-xp 00000000 08:15 7082050                    /lib/x86_64-linux-gnu/libdl-2.23.so
7f1ef7bc3000-7f1ef7dc2000 ---p 00003000 08:15 7082050                    /lib/x86_64-linux-gnu/libdl-2.23.so
7f1ef7dc2000-7f1ef7dc3000 r--p 00002000 08:15 7082050                    /lib/x86_64-linux-gnu/libdl-2.23.so
7f1ef7dc3000-7f1ef7dc4000 rw-p 00003000 08:15 7082050                    /lib/x86_64-linux-gnu/libdl-2.23.so
7f1ef7dc4000-7f1ef7dd9000 r-xp 00000000 08:15 12585246                   /usr/lib/jvm/java-8-oracle/lib/amd64/jli/libjli.so
7f1ef7dd9000-7f1ef7fd9000 ---p 00015000 08:15 12585246                   /usr/lib/jvm/java-8-oracle/lib/amd64/jli/libjli.so
7f1ef7fd9000-7f1ef7fda000 rw-p 00015000 08:15 12585246                   /usr/lib/jvm/java-8-oracle/lib/amd64/jli/libjli.so
7f1ef7fda000-7f1ef7ff2000 r-xp 00000000 08:15 7082059                    /lib/x86_64-linux-gnu/libpthread-2.23.so
7f1ef7ff2000-7f1ef81f1000 ---p 00018000 08:15 7082059                    /lib/x86_64-linux-gnu/libpthread-2.23.so
7f1ef81f1000-7f1ef81f2000 r--p 00017000 08:15 7082059                    /lib/x86_64-linux-gnu/libpthread-2.23.so
7f1ef81f2000-7f1ef81f3000 rw-p 00018000 08:15 7082059                    /lib/x86_64-linux-gnu/libpthread-2.23.so
7f1ef81f3000-7f1ef81f7000 rw-p 00000000 00:00 0 
7f1ef81f7000-7f1ef821d000 r-xp 00000000 08:15 7082039                    /lib/x86_64-linux-gnu/ld-2.23.so
7f1ef821d000-7f1ef821e000 r--s 0001f000 08:15 13654762                   /home/nokorot/Workspace/Java/PS/PS 3.0.0/LWJGL3/lwjgl-nanovg-natives-linux.jar
7f1ef821e000-7f1ef8220000 r--s 00005000 08:15 13654746                   /home/nokorot/Workspace/Java/PS/PS 3.0.0/LWJGL3/lwjgl-lmdb.jar
7f1ef8220000-7f1ef82eb000 rw-p 00000000 00:00 0 
7f1ef82eb000-7f1ef82ee000 ---p 00000000 00:00 0 
7f1ef82ee000-7f1ef83f0000 rw-p 00000000 00:00 0 
7f1ef83f0000-7f1ef83f1000 r--s 0000d000 08:15 13654750                   /home/nokorot/Workspace/Java/PS/PS 3.0.0/LWJGL3/lwjgl-lmdb-natives-linux.jar
7f1ef83f1000-7f1ef83f3000 r--s 00007000 08:15 13654736                   /home/nokorot/Workspace/Java/PS/PS 3.0.0/LWJGL3/lwjgl-jemalloc.jar
7f1ef83f3000-7f1ef83f4000 r--s 00019000 08:15 13654734                   /home/nokorot/Workspace/Java/PS/PS 3.0.0/LWJGL3/lwjgl-jemalloc-natives-linux.jar
7f1ef83f4000-7f1ef83f5000 r--s 00005000 08:15 13654724                   /home/nokorot/Workspace/Java/PS/PS 3.0.0/LWJGL3/lwjgl-jawt.jar
7f1ef83f5000-7f1ef83f7000 r--s 00066000 08:15 13654732                   /home/nokorot/Workspace/Java/PS/PS 3.0.0/LWJGL3/lwjgl-jawt-javadoc.jar
7f1ef83f7000-7f1ef83fa000 r--s 00015000 08:15 13654722                   /home/nokorot/Workspace/Java/PS/PS 3.0.0/LWJGL3/lwjgl-glfw.jar
7f1ef83fa000-7f1ef83fb000 r--s 0000e000 08:15 13654716                   /home/nokorot/Workspace/Java/PS/PS 3.0.0/LWJGL3/lwjgl-glfw-natives-linux.jar
7f1ef83fb000-7f1ef83ff000 r--s 0001b000 08:15 13654708                   /home/nokorot/Workspace/Java/PS/PS 3.0.0/LWJGL3/lwjgl-egl.jar
7f1ef83ff000-7f1ef8403000 r--s 0001e000 08:15 13654712                   /home/nokorot/Workspace/Java/PS/PS 3.0.0/LWJGL3/lwjgl-egl-sources.jar
7f1ef8403000-7f1ef8406000 r--s 0001f000 08:15 13654702                   /home/nokorot/Workspace/Java/PS/PS 3.0.0/LWJGL3/lwjgl-bgfx.jar
7f1ef8406000-7f1ef8407000 r--s 00042000 08:15 13654704                   /home/nokorot/Workspace/Java/PS/PS 3.0.0/LWJGL3/lwjgl-bgfx-natives-linux.jar
7f1ef8407000-7f1ef840b000 r--s 0002a000 08:15 13654692                   /home/nokorot/Workspace/Java/PS/PS 3.0.0/LWJGL3/lwjgl-assimp.jar
7f1ef840b000-7f1ef840c000 r--s 002ae000 08:15 13654740                   /home/nokorot/Workspace/Java/PS/PS 3.0.0/LWJGL3/lwjgl-assimp-natives-linux.jar
7f1ef840c000-7f1ef8410000 r--s 0003d000 08:15 13654827                   /home/nokorot/Workspace/Java/PS/PS 3.0.0/LWJGL3/lwjgl.jar
7f1ef8410000-7f1ef8418000 rw-s 00000000 08:15 1325741                    /tmp/hsperfdata_nokorot/28530
7f1ef8418000-7f1ef8419000 rw-p 00000000 00:00 0 
7f1ef8419000-7f1ef841a000 r--p 00000000 00:00 0 
7f1ef841a000-7f1ef841c000 rw-p 00000000 00:00 0 
7f1ef841c000-7f1ef841d000 r--p 00025000 08:15 7082039                    /lib/x86_64-linux-gnu/ld-2.23.so
7f1ef841d000-7f1ef841e000 rw-p 00026000 08:15 7082039                    /lib/x86_64-linux-gnu/ld-2.23.so
7f1ef841e000-7f1ef841f000 rw-p 00000000 00:00 0 
7ffce4aa9000-7ffce4acb000 rw-p 00000000 00:00 0                          [stack]
7ffce4bd2000-7ffce4bd4000 r--p 00000000 00:00 0                          [vvar]
7ffce4bd4000-7ffce4bd6000 r-xp 00000000 00:00 0                          [vdso]
ffffffffff600000-ffffffffff601000 r-xp 00000000 00:00 0                  [vsyscall]

VM Arguments:
jvm_args: -Djava.library.path=/home/noko/workspace/Java/Test/Test/LWJGL3 -Dfile.encoding=UTF-8 
java_command: engineTest.Main
java_class_path (initial): /home/nokorot/Workspace/Java/PS/PS 3.0.0/bin:/home/nokorot/Workspace/Java/PS/PS 3.0.0/LWJGL3/lwjgl.jar:/home/nokorot/Workspace/Java/PS/PS 3.0.0/LWJGL3/lwjgl-assimp-natives-linux.jar:/home/nokorot/Workspace/Java/PS/PS 3.0.0/LWJGL3/lwjgl-assimp.jar:/home/nokorot/Workspace/Java/PS/PS 3.0.0/LWJGL3/lwjgl-bgfx-natives-linux.jar:/home/nokorot/Workspace/Java/PS/PS 3.0.0/LWJGL3/lwjgl-bgfx.jar:/home/nokorot/Workspace/Java/PS/PS 3.0.0/LWJGL3/lwjgl-egl-sources.jar:/home/nokorot/Workspace/Java/PS/PS 3.0.0/LWJGL3/lwjgl-egl.jar:/home/nokorot/Workspace/Java/PS/PS 3.0.0/LWJGL3/lwjgl-glfw-natives-linux.jar:/home/nokorot/Workspace/Java/PS/PS 3.0.0/LWJGL3/lwjgl-glfw.jar:/home/nokorot/Workspace/Java/PS/PS 3.0.0/LWJGL3/lwjgl-jawt-javadoc.jar:/home/nokorot/Workspace/Java/PS/PS 3.0.0/LWJGL3/lwjgl-jawt.jar:/home/nokorot/Workspace/Java/PS/PS 3.0.0/LWJGL3/lwjgl-jemalloc-natives-linux.jar:/home/nokorot/Workspace/Java/PS/PS 3.0.0/LWJGL3/lwjgl-jemalloc.jar:/home/nokorot/Workspace/Java/PS/PS 3.0.0/LWJGL3/lwjgl-lmdb-natives-linux.jar:/home/nokorot/Workspace/Java/PS/PS 3.0.0/LWJGL3/lwjgl-lmdb.jar:/home/nokorot/Workspace/Java/PS/PS 3.0.0/LWJGL3/lwjgl-nanovg-natives-linux.jar:/home/nokorot/Workspace/Java/PS/PS 3.0.0/LWJGL3/lwjgl-nanovg.jar:/home/nokorot/Workspace/Java/PS/PS 3.0.0/LWJGL3/lwjgl-natives-linux.jar:/home/nokorot/Workspace/Java/PS/PS 3.0.0/LWJGL3/lwjgl-nfd-natives-linux.jar:/home/nokorot/Workspace/Java/PS/PS 3.0.0/LWJGL3/lwjgl-nfd.jar:/home/nokorot/Workspace/Java/PS/PS 3.0.0/LWJGL3/lwjgl-nuklear-natives-linux.jar:/home/nokorot/Workspace/Java/PS/PS 3.0.0/LWJGL3/lwjgl-nuklear.jar:/home/nokorot/Workspace/Java/PS/PS 3.0.0/LWJGL3/lwjgl-openal-natives-linux.jar:/home/nokorot/Workspace/Java/PS/PS 3.0.0/LWJGL3/lwjgl-openal.jar:/home/nokorot/Workspace/Java/PS/PS 3.0.0/LWJGL3/lwjgl-opencl.jar:/home/nokorot/Workspace/Java/PS/PS 3.0.0/LWJGL3/lwjgl-opengl-natives-linux.jar:/home/nokorot/Workspace/Java/PS/PS 3.0.0/LWJGL3/lwjgl-opengl.jar:/home/nokorot/Workspace/Java/PS/PS 3.
Launcher Type: SUN_STANDARD

Environment Variables:
JAVA_HOME=/usr/lib/jvm/java-8-oracle
PATH=/home/nokorot/.cabal/bin:/opt/cabal/1.22/bin:/opt/ghc/7.10.3/bin:/home/nokorot/.bin:/home/nokorot/bin:/home/nokorot/.local/bin:/usr/local/sbin:/usr/local/bin:/usr/sbin:/usr/bin:/sbin:/bin:/usr/games:/usr/local/games:/snap/bin:/usr/lib/jvm/java-8-oracle/bin:/usr/lib/jvm/java-8-oracle/db/bin:/usr/lib/jvm/java-8-oracle/jre/bin
USERNAME=nokorot
SHELL=/bin/bash
DISPLAY=:1

Signal Handlers:
SIGSEGV: [libjvm.so+0xac64b0], sa_mask[0]=11111111011111111101111111111110, sa_flags=SA_RESTART|SA_SIGINFO
SIGBUS: [libjvm.so+0xac64b0], sa_mask[0]=11111111011111111101111111111110, sa_flags=SA_RESTART|SA_SIGINFO
SIGFPE: [libjvm.so+0x91f950], sa_mask[0]=11111111011111111101111111111110, sa_flags=SA_RESTART|SA_SIGINFO
SIGPIPE: [libjvm.so+0x91f950], sa_mask[0]=11111111011111111101111111111110, sa_flags=SA_RESTART|SA_SIGINFO
SIGXFSZ: [libjvm.so+0x91f950], sa_mask[0]=11111111011111111101111111111110, sa_flags=SA_RESTART|SA_SIGINFO
SIGILL: [libjvm.so+0x91f950], sa_mask[0]=11111111011111111101111111111110, sa_flags=SA_RESTART|SA_SIGINFO
SIGUSR1: SIG_DFL, sa_mask[0]=00000000000000000000000000000000, sa_flags=none
SIGUSR2: [libjvm.so+0x920f80], sa_mask[0]=00100000000000000000000000000000, sa_flags=SA_RESTART|SA_SIGINFO
SIGHUP: [libjvm.so+0x922380], sa_mask[0]=11111111011111111101111111111110, sa_flags=SA_RESTART|SA_SIGINFO
SIGINT: [libjvm.so+0x922380], sa_mask[0]=11111111011111111101111111111110, sa_flags=SA_RESTART|SA_SIGINFO
SIGTERM: [libjvm.so+0x922380], sa_mask[0]=11111111011111111101111111111110, sa_flags=SA_RESTART|SA_SIGINFO
SIGQUIT: [libjvm.so+0x922380], sa_mask[0]=11111111011111111101111111111110, sa_flags=SA_RESTART|SA_SIGINFO


---------------  S Y S T E M  ---------------

OS:DISTRIB_ID=Ubuntu
DISTRIB_RELEASE=16.04
DISTRIB_CODENAME=xenial
DISTRIB_DESCRIPTION="Ubuntu 16.04.1 LTS"

uname:Linux 4.4.0-59-generic #80-Ubuntu SMP Fri Jan 6 17:47:47 UTC 2017 x86_64
libc:glibc 2.23 NPTL 2.23 
rlimit: STACK 8192k, CORE 0k, NPROC 31349, NOFILE 65536, AS infinity
load average:1,43 1,61 1,18

/proc/meminfo:
MemTotal:        8065832 kB
MemFree:         1250444 kB
MemAvailable:    3331700 kB
Buffers:          189964 kB
Cached:          2902792 kB
SwapCached:         2404 kB
Active:          4564128 kB
Inactive:        1873644 kB
Active(anon):    3099936 kB
Inactive(anon):  1125464 kB
Active(file):    1464192 kB
Inactive(file):   748180 kB
Unevictable:         496 kB
Mlocked:             496 kB
SwapTotal:       1951740 kB
SwapFree:        1924648 kB
Dirty:               252 kB
Writeback:             0 kB
AnonPages:       3343348 kB
Mapped:           829220 kB
Shmem:            880384 kB
Slab:             222904 kB
SReclaimable:     173780 kB
SUnreclaim:        49124 kB
KernelStack:       14496 kB
PageTables:        63552 kB
NFS_Unstable:          0 kB
Bounce:                0 kB
WritebackTmp:          0 kB
CommitLimit:     5984656 kB
Committed_AS:   10895836 kB
VmallocTotal:   34359738367 kB
VmallocUsed:           0 kB
VmallocChunk:          0 kB
HardwareCorrupted:     0 kB
AnonHugePages:   1400832 kB
CmaTotal:              0 kB
CmaFree:               0 kB
HugePages_Total:       0
HugePages_Free:        0
HugePages_Rsvd:        0
HugePages_Surp:        0
Hugepagesize:       2048 kB
DirectMap4k:      255272 kB
DirectMap2M:     8024064 kB


CPU:total 4 (2 cores per cpu, 2 threads per core) family 6 model 58 stepping 9, cmov, cx8, fxsr, mmx, sse, sse2, sse3, ssse3, sse4.1, sse4.2, popcnt, avx, aes, clmul, erms, ht, tsc, tscinvbit, tscinv

/proc/cpuinfo:
processor	: 0
vendor_id	: GenuineIntel
cpu family	: 6
model		: 58
model name	: Intel(R) Core(TM) i5-3210M CPU @ 2.50GHz
stepping	: 9
microcode	: 0x15
cpu MHz		: 2900.000
cache size	: 3072 KB
physical id	: 0
siblings	: 4
core id		: 0
cpu cores	: 2
apicid		: 0
initial apicid	: 0
fpu		: yes
fpu_exception	: yes
cpuid level	: 13
wp		: yes
flags		: fpu vme de pse tsc msr pae mce cx8 apic sep mtrr pge mca cmov pat pse36 clflush dts acpi mmx fxsr sse sse2 ss ht tm pbe syscall nx rdtscp lm constant_tsc arch_perfmon pebs bts rep_good nopl xtopology nonstop_tsc aperfmperf eagerfpu pni pclmulqdq dtes64 monitor ds_cpl vmx est tm2 ssse3 cx16 xtpr pdcm pcid sse4_1 sse4_2 x2apic popcnt tsc_deadline_timer aes xsave avx f16c rdrand lahf_lm epb tpr_shadow vnmi flexpriority ept vpid fsgsbase smep erms xsaveopt dtherm ida arat pln pts
bugs		:
bogomips	: 4989.04
clflush size	: 64
cache_alignment	: 64
address sizes	: 36 bits physical, 48 bits virtual
power management:

processor	: 1
vendor_id	: GenuineIntel
cpu family	: 6
model		: 58
model name	: Intel(R) Core(TM) i5-3210M CPU @ 2.50GHz
stepping	: 9
microcode	: 0x15
cpu MHz		: 2899.902
cache size	: 3072 KB
physical id	: 0
siblings	: 4
core id		: 1
cpu cores	: 2
apicid		: 2
initial apicid	: 2
fpu		: yes
fpu_exception	: yes
cpuid level	: 13
wp		: yes
flags		: fpu vme de pse tsc msr pae mce cx8 apic sep mtrr pge mca cmov pat pse36 clflush dts acpi mmx fxsr sse sse2 ss ht tm pbe syscall nx rdtscp lm constant_tsc arch_perfmon pebs bts rep_good nopl xtopology nonstop_tsc aperfmperf eagerfpu pni pclmulqdq dtes64 monitor ds_cpl vmx est tm2 ssse3 cx16 xtpr pdcm pcid sse4_1 sse4_2 x2apic popcnt tsc_deadline_timer aes xsave avx f16c rdrand lahf_lm epb tpr_shadow vnmi flexpriority ept vpid fsgsbase smep erms xsaveopt dtherm ida arat pln pts
bugs		:
bogomips	: 4989.04
clflush size	: 64
cache_alignment	: 64
address sizes	: 36 bits physical, 48 bits virtual
power management:

processor	: 2
vendor_id	: GenuineIntel
cpu family	: 6
model		: 58
model name	: Intel(R) Core(TM) i5-3210M CPU @ 2.50GHz
stepping	: 9
microcode	: 0x15
cpu MHz		: 2900.000
cache size	: 3072 KB
physical id	: 0
siblings	: 4
core id		: 0
cpu cores	: 2
apicid		: 1
initial apicid	: 1
fpu		: yes
fpu_exception	: yes
cpuid level	: 13
wp		: yes
flags		: fpu vme de pse tsc msr pae mce cx8 apic sep mtrr pge mca cmov pat pse36 clflush dts acpi mmx fxsr sse sse2 ss ht tm pbe syscall nx rdtscp lm constant_tsc arch_perfmon pebs bts rep_good nopl xtopology nonstop_tsc aperfmperf eagerfpu pni pclmulqdq dtes64 monitor ds_cpl vmx est tm2 ssse3 cx16 xtpr pdcm pcid sse4_1 sse4_2 x2apic popcnt tsc_deadline_timer aes xsave avx f16c rdrand lahf_lm epb tpr_shadow vnmi flexpriority ept vpid fsgsbase smep erms xsaveopt dtherm ida arat pln pts
bugs		:
bogomips	: 4989.04
clflush size	: 64
cache_alignment	: 64
address sizes	: 36 bits physical, 48 bits virtual
power management:

processor	: 3
vendor_id	: GenuineIntel
cpu family	: 6
model		: 58
model name	: Intel(R) Core(TM) i5-3210M CPU @ 2.50GHz
stepping	: 9
microcode	: 0x15
cpu MHz		: 2899.902
cache size	: 3072 KB
physical id	: 0
siblings	: 4
core id		: 1
cpu cores	: 2
apicid		: 3
initial apicid	: 3
fpu		: yes
fpu_exception	: yes
cpuid level	: 13
wp		: yes
flags		: fpu vme de pse tsc msr pae mce cx8 apic sep mtrr pge mca cmov pat pse36 clflush dts acpi mmx fxsr sse sse2 ss ht tm pbe syscall nx rdtscp lm constant_tsc arch_perfmon pebs bts rep_good nopl xtopology nonstop_tsc aperfmperf eagerfpu pni pclmulqdq dtes64 monitor ds_cpl vmx est tm2 ssse3 cx16 xtpr pdcm pcid sse4_1 sse4_2 x2apic popcnt tsc_deadline_timer aes xsave avx f16c rdrand lahf_lm epb tpr_shadow vnmi flexpriority ept vpid fsgsbase smep erms xsaveopt dtherm ida arat pln pts
bugs		:
bogomips	: 4989.04
clflush size	: 64
cache_alignment	: 64
address sizes	: 36 bits physical, 48 bits virtual
power management:



Memory: 4k page, physical 8065832k(1250444k free), swap 1951740k(1924648k free)

vm_info: Java HotSpot(TM) 64-Bit Server VM (25.111-b14) for linux-amd64 JRE (1.8.0_111-b14), built on Sep 22 2016 16:14:03 by "java_re" with gcc 4.3.0 20080428 (Red Hat 4.3.0-8)

time: Sun Feb  5 00:42:09 2017
elapsed time: 0 seconds (0d 0h 0m 0s)

