#
# A fatal error has been detected by the Java Runtime Environment:
#
#  SIGSEGV (0xb) at pc=0x00007f82345bdd44, pid=8183, tid=0x00007f82349c5700
#
# JRE version: Java(TM) SE Runtime Environment (8.0_111-b14) (build 1.8.0_111-b14)
# Java VM: Java HotSpot(TM) 64-Bit Server VM (25.111-b14 mixed mode linux-amd64 compressed oops)
# Problematic frame:
# C  [libpthread.so.0+0x9d44]  pthread_mutex_lock+0x4
#
# Failed to write core dump. Core dumps have been disabled. To enable core dumping, try "ulimit -c unlimited" before starting Java again
#
# If you would like to submit a bug report, please visit:
#   http://bugreport.java.com/bugreport/crash.jsp
# The crash happened outside the Java Virtual Machine in native code.
# See problematic frame for where to report the bug.
#

---------------  T H R E A D  ---------------

Current thread (0x00007f822c00b000):  JavaThread "main" [_thread_in_native, id=8188, stack(0x00007f82348c5000,0x00007f82349c6000)]

siginfo: si_signo: 11 (SIGSEGV), si_code: 1 (SEGV_MAPERR), si_addr: 0x0000000000000010

Registers:
RAX=0x00007f8206753370, RBX=0x00007f822c2d0690, RCX=0x0000000000000192, RDX=0x00007f82349c3ca0
RSP=0x00007f82349c3c10, RBP=0x00007f82349c3c80, RSI=0x00007f82349c3c90, RDI=0x0000000000000000
R8 =0x00007f82349c3c80, R9 =0x00007f822c2cc472, R10=0x00007f82067d8447, R11=0x0000000000000065
R12=0x00007f82349c3c7c, R13=0x00007f82349c3db8, R14=0x00007f82349c3db0, R15=0x00007f822c00b1f8
RIP=0x00007f82345bdd44, EFLAGS=0x0000000000010202, CSGSFS=0x0000000000000033, ERR=0x0000000000000004
  TRAPNO=0x000000000000000e

Top of Stack: (sp=0x00007f82349c3c10)
0x00007f82349c3c10:   0000000000000193 00007f820676dbfa
0x00007f82349c3c20:   00007f82349c3c90 00007f82349c3ca0
0x00007f82349c3c30:   0000000000000000 00007f822c27fcc0
0x00007f82349c3c40:   00007f822c2e3690 d7a6532bed213d00
0x00007f82349c3c50:   00007f822c27fcc0 00007f822c2e3690
0x00007f82349c3c60:   00007f822c2e3730 00007f8206749f86
0x00007f82349c3c70:   00007f822c00b1f8 00007f822c07a708
0x00007f82349c3c80:   00007f822c2e3730 696c4369746c756d
0x00007f82349c3c90:   0000019300000192 00007f8200000000
0x00007f82349c3ca0:   0000015500000154 00007f8200000000
0x00007f82349c3cb0:   0000000000000004 d7a6532bed213d00
0x00007f82349c3cc0:   00007f822c2e3730 00007f82349c3d20
0x00007f82349c3cd0:   00007f822c2e3690 00007f8206ca3981
0x00007f82349c3ce0:   00007f822c00b000 00007f822c27fcc0
0x00007f82349c3cf0:   00007f82349c3d30 00007f82304972e0
0x00007f82349c3d00:   0000000000000000 00007f82304972e0
0x00007f82349c3d10:   00007f82349c3dc8 00007f822c00b000
0x00007f82349c3d20:   00007f82349c3d90 00007f821d017a34
0x00007f82349c3d30:   00007f82349c3d90 00007f821d0177b9
0x00007f82349c3d40:   00007f822c00b000 00007f821d017782
0x00007f82349c3d50:   00007f82349c3d50 00007f82304972e0
0x00007f82349c3d60:   00007f82349c3dc8 00007f823049ac20
0x00007f82349c3d70:   0000000000000000 00007f82304972e0
0x00007f82349c3d80:   0000000000000000 00007f82349c3db0
0x00007f82349c3d90:   00007f82349c3e10 00007f821d008040
0x00007f82349c3da0:   00000000d7396568 00007f821d01153b
0x00007f82349c3db0:   00000000d7565158 00000000d6ff7ee0
0x00007f82349c3dc0:   00007f822c27fcc0 00007f821d007dd0
0x00007f82349c3dd0:   00007f82349c3dd0 00007f823062d024
0x00007f82349c3de0:   00007f82349c3e28 00007f8230636c90
0x00007f82349c3df0:   0000000000000000 00007f823062d0c8
0x00007f82349c3e00:   00007f82349c3db0 00007f82349c3e30 

Instructions: (pc=0x00007f82345bdd44)
0x00007f82345bdd24:   f0 02 00 00 00 00 00 00 b8 82 00 00 00 e9 d8 f9
0x00007f82345bdd34:   ff ff 66 2e 0f 1f 84 00 00 00 00 00 48 83 ec 08
0x00007f82345bdd44:   8b 57 10 89 d1 81 e1 7f 01 00 00 90 89 d0 83 e0
0x00007f82345bdd54:   7c 0f 85 95 00 00 00 85 c9 49 89 f8 0f 85 9a 00 

Register to memory mapping:

RAX=0x00007f8206753370: <offset 0x2b370> in /usr/lib/x86_64-linux-gnu/libX11.so.6 at 0x00007f8206728000
RBX=0x00007f822c2d0690 is an unknown value
RCX=0x0000000000000192 is an unknown value
RDX=0x00007f82349c3ca0 is pointing into the stack for thread: 0x00007f822c00b000
RSP=0x00007f82349c3c10 is pointing into the stack for thread: 0x00007f822c00b000
RBP=0x00007f82349c3c80 is pointing into the stack for thread: 0x00007f822c00b000
RSI=0x00007f82349c3c90 is pointing into the stack for thread: 0x00007f822c00b000
RDI=0x0000000000000000 is an unknown value
R8 =0x00007f82349c3c80 is pointing into the stack for thread: 0x00007f822c00b000
R9 =0x00007f822c2cc472 is an unknown value
R10=0x00007f82067d8447: <offset 0xb0447> in /usr/lib/x86_64-linux-gnu/libX11.so.6 at 0x00007f8206728000
R11=0x0000000000000065 is an unknown value
R12=0x00007f82349c3c7c is pointing into the stack for thread: 0x00007f822c00b000
R13=0x00007f82349c3db8 is pointing into the stack for thread: 0x00007f822c00b000
R14=0x00007f82349c3db0 is pointing into the stack for thread: 0x00007f822c00b000
R15=0x00007f822c00b1f8 is an unknown value


Stack: [0x00007f82348c5000,0x00007f82349c6000],  sp=0x00007f82349c3c10,  free space=1019k
Native frames: (J=compiled Java code, j=interpreted, Vv=VM code, C=native code)
C  [libpthread.so.0+0x9d44]  pthread_mutex_lock+0x4
C  0x696c4369746c756d

Java frames: (J=compiled Java code, j=interpreted, Vv=VM code)
j  sun.awt.X11.XlibWrapper.XGetDefault(JLjava/lang/String;Ljava/lang/String;)Ljava/lang/String;+0
j  sun.awt.X11.XToolkit.initializeMultiClickTime()V+12
j  sun.awt.X11.XToolkit.getMultiClickTime()I+6
j  sun.awt.X11.XToolkit.initializeDesktopProperties()V+82
j  java.awt.Toolkit.getDesktopProperty(Ljava/lang/String;)Ljava/lang/Object;+32
j  sun.swing.SwingUtilities2$AATextInfo.getAATextInfo(Z)Lsun/swing/SwingUtilities2$AATextInfo;+11
j  javax.swing.plaf.metal.MetalLookAndFeel.initComponentDefaults(Ljavax/swing/UIDefaults;)V+12062
j  javax.swing.plaf.basic.BasicLookAndFeel.getDefaults()Ljavax/swing/UIDefaults;+25
j  javax.swing.plaf.metal.MetalLookAndFeel.getDefaults()Ljavax/swing/UIDefaults;+9
j  javax.swing.UIManager.setLookAndFeel(Ljavax/swing/LookAndFeel;)V+79
j  javax.swing.UIManager.setLookAndFeel(Ljava/lang/String;)V+16
j  javax.swing.UIManager.initializeDefaultLAF(Ljava/util/Properties;)V+55
j  javax.swing.UIManager.initialize()V+9
j  javax.swing.UIManager.maybeInitialize()V+22
j  javax.swing.UIManager.getUI(Ljavax/swing/JComponent;)Ljavax/swing/plaf/ComponentUI;+0
j  javax.swing.JPanel.updateUI()V+2
j  javax.swing.JPanel.<init>(Ljava/awt/LayoutManager;Z)V+24
j  javax.swing.JPanel.<init>(Z)V+9
j  javax.swing.JPanel.<init>()V+2
j  javax.swing.JRootPane.createGlassPane()Ljava/awt/Component;+4
j  javax.swing.JRootPane.<init>()V+11
j  javax.swing.JFrame.createRootPane()Ljavax/swing/JRootPane;+4
j  javax.swing.JFrame.frameInit()V+16
j  javax.swing.JFrame.<init>(Ljava/lang/String;)V+21
j  engineTest.Main.<init>()V+3
j  engineTest.Main.main([Ljava/lang/String;)V+29
v  ~StubRoutines::call_stub

---------------  P R O C E S S  ---------------

Java Threads: ( => current thread )
  0x00007f822c2da800 JavaThread "AWT-XAWT" daemon [_thread_in_native, id=8205, stack(0x00007f82045c4000,0x00007f82046c5000)]
  0x00007f822c2b6800 JavaThread "Java2D Disposer" daemon [_thread_blocked, id=8204, stack(0x00007f8204d22000,0x00007f8204e23000)]
  0x00007f822c1c1800 JavaThread "Thread-0" [_thread_in_native, id=8203, stack(0x00007f82059db000,0x00007f8205adc000)]
  0x00007f822c0dc800 JavaThread "Service Thread" daemon [_thread_blocked, id=8200, stack(0x00007f82072a0000,0x00007f82073a1000)]
  0x00007f822c0bf800 JavaThread "C1 CompilerThread2" daemon [_thread_blocked, id=8199, stack(0x00007f82073a1000,0x00007f82074a2000)]
  0x00007f822c0bd800 JavaThread "C2 CompilerThread1" daemon [_thread_blocked, id=8198, stack(0x00007f82074a2000,0x00007f82075a3000)]
  0x00007f822c0bb000 JavaThread "C2 CompilerThread0" daemon [_thread_blocked, id=8197, stack(0x00007f82075a3000,0x00007f82076a4000)]
  0x00007f822c0b9800 JavaThread "Signal Dispatcher" daemon [_thread_blocked, id=8196, stack(0x00007f82076a4000,0x00007f82077a5000)]
  0x00007f822c085000 JavaThread "Finalizer" daemon [_thread_blocked, id=8195, stack(0x00007f8207bfc000,0x00007f8207cfd000)]
  0x00007f822c080800 JavaThread "Reference Handler" daemon [_thread_blocked, id=8194, stack(0x00007f8207cfd000,0x00007f8207dfe000)]
=>0x00007f822c00b000 JavaThread "main" [_thread_in_native, id=8188, stack(0x00007f82348c5000,0x00007f82349c6000)]

Other Threads:
  0x00007f822c079000 VMThread [stack: 0x00007f8207dfe000,0x00007f8207eff000] [id=8193]
  0x00007f822c0df800 WatcherThread [stack: 0x00007f820719f000,0x00007f82072a0000] [id=8201]

VM state:not at safepoint (normal execution)

VM Mutex/Monitor currently owned by a thread: None

Heap:
 PSYoungGen      total 36864K, used 7668K [0x00000000d6f80000, 0x00000000d9880000, 0x0000000100000000)
  eden space 31744K, 24% used [0x00000000d6f80000,0x00000000d76fd2a8,0x00000000d8e80000)
  from space 5120K, 0% used [0x00000000d9380000,0x00000000d9380000,0x00000000d9880000)
  to   space 5120K, 0% used [0x00000000d8e80000,0x00000000d8e80000,0x00000000d9380000)
 ParOldGen       total 84992K, used 0K [0x0000000084e00000, 0x000000008a100000, 0x00000000d6f80000)
  object space 84992K, 0% used [0x0000000084e00000,0x0000000084e00000,0x000000008a100000)
 Metaspace       used 8389K, capacity 8630K, committed 8704K, reserved 1056768K
  class space    used 909K, capacity 1000K, committed 1024K, reserved 1048576K

Card table byte_map: [0x00007f82312a1000,0x00007f823167b000] byte_map_base: 0x00007f8230e7a000

Marking Bits: (ParMarkBitMap*) 0x00007f8233da4220
 Begin Bits: [0x00007f8214270000, 0x00007f8216138000)
 End Bits:   [0x00007f8216138000, 0x00007f8218000000)

Polling page: 0x00007f82349f3000

CodeCache: size=245760Kb used=2208Kb max_used=2208Kb free=243551Kb
 bounds [0x00007f821d000000, 0x00007f821d270000, 0x00007f822c000000]
 total_blobs=1222 nmethods=436 adapters=700
 compilation: enabled

Compilation events (10 events):
Event: 0,381 Thread 0x00007f822c0bf800  432       3       java.lang.invoke.MethodType::equals (29 bytes)
Event: 0,381 Thread 0x00007f822c0bf800 nmethod 432 0x00007f821d225890 code [0x00007f821d225a20, 0x00007f821d225f48]
Event: 0,381 Thread 0x00007f822c0bf800  433       3       java.lang.invoke.MethodType::toMethodDescriptorString (21 bytes)
Event: 0,382 Thread 0x00007f822c0bf800 nmethod 433 0x00007f821d226050 code [0x00007f821d226260, 0x00007f821d226d58]
Event: 0,383 Thread 0x00007f822c0bf800  434       3       java.lang.reflect.Modifier::isFinal (13 bytes)
Event: 0,383 Thread 0x00007f822c0bf800 nmethod 434 0x00007f821d227490 code [0x00007f821d227600, 0x00007f821d227790]
Event: 0,383 Thread 0x00007f822c0bf800  435       3       java.lang.invoke.MethodType$ConcurrentWeakInternSet$WeakEntry::equals (49 bytes)
Event: 0,384 Thread 0x00007f822c0bf800 nmethod 435 0x00007f821d227810 code [0x00007f821d2279a0, 0x00007f821d228008]
Event: 0,384 Thread 0x00007f822c0bf800  436       3       jdk.internal.org.objectweb.asm.Item::<init> (5 bytes)
Event: 0,384 Thread 0x00007f822c0bf800 nmethod 436 0x00007f821d228110 code [0x00007f821d228280, 0x00007f821d228430]

GC Heap History (0 events):
No events

Deoptimization events (1 events):
Event: 0,208 Thread 0x00007f822c1c1800 Uncommon trap: reason=null_check action=make_not_entrant pc=0x00007f821d166f68 method=java.lang.String.equals(Ljava/lang/Object;)Z @ 8

Internal exceptions (10 events):
Event: 0,028 Thread 0x00007f822c00b000 Exception <a 'java/lang/NoSuchMethodError': Method sun.misc.Unsafe.prefetchRead(Ljava/lang/Object;J)V name or signature does not match> (0x00000000d6f87f60) thrown at [/HUDSON3/workspace/8-2-build-linux-amd64/jdk8u111/7883/hotspot/src/share/vm/prims/jni.c
Event: 0,092 Thread 0x00007f822c00b000 Exception <a 'java/security/PrivilegedActionException'> (0x00000000d70125e8) thrown at [/HUDSON3/workspace/8-2-build-linux-amd64/jdk8u111/7883/hotspot/src/share/vm/prims/jvm.cpp, line 1386]
Event: 0,092 Thread 0x00007f822c00b000 Exception <a 'java/security/PrivilegedActionException'> (0x00000000d70127f8) thrown at [/HUDSON3/workspace/8-2-build-linux-amd64/jdk8u111/7883/hotspot/src/share/vm/prims/jvm.cpp, line 1386]
Event: 0,092 Thread 0x00007f822c00b000 Exception <a 'java/security/PrivilegedActionException'> (0x00000000d7014c38) thrown at [/HUDSON3/workspace/8-2-build-linux-amd64/jdk8u111/7883/hotspot/src/share/vm/prims/jvm.cpp, line 1386]
Event: 0,092 Thread 0x00007f822c00b000 Exception <a 'java/security/PrivilegedActionException'> (0x00000000d7014e48) thrown at [/HUDSON3/workspace/8-2-build-linux-amd64/jdk8u111/7883/hotspot/src/share/vm/prims/jvm.cpp, line 1386]
Event: 0,146 Thread 0x00007f822c00b000 Exception <a 'java/lang/NoSuchFieldError': method resolution failed> (0x00000000d71802c0) thrown at [/HUDSON3/workspace/8-2-build-linux-amd64/jdk8u111/7883/hotspot/src/share/vm/prims/methodHandles.cpp, line 1146]
Event: 0,151 Thread 0x00007f822c00b000 Exception <a 'java/lang/NoSuchFieldError': method resolution failed> (0x00000000d718da90) thrown at [/HUDSON3/workspace/8-2-build-linux-amd64/jdk8u111/7883/hotspot/src/share/vm/prims/methodHandles.cpp, line 1146]
Event: 0,184 Thread 0x00007f822c00b000 Exception <a 'java/io/FileNotFoundException'> (0x00000000d720dd18) thrown at [/HUDSON3/workspace/8-2-build-linux-amd64/jdk8u111/7883/hotspot/src/share/vm/prims/jni.cpp, line 709]
Event: 0,184 Thread 0x00007f822c00b000 Exception <a 'java/io/FileNotFoundException'> (0x00000000d720e6d0) thrown at [/HUDSON3/workspace/8-2-build-linux-amd64/jdk8u111/7883/hotspot/src/share/vm/prims/jni.cpp, line 709]
Event: 0,208 Thread 0x00007f822c1c1800 Implicit null exception at 0x00007f821d166d9b to 0x00007f821d166f59

Events (10 events):
Event: 0,379 loading class javax/swing/plaf/DimensionUIResource
Event: 0,379 loading class javax/swing/plaf/DimensionUIResource done
Event: 0,379 loading class javax/swing/UIDefaults$LazyInputMap
Event: 0,379 loading class javax/swing/UIDefaults$LazyInputMap done
Event: 0,382 loading class javax/swing/plaf/metal/MetalLookAndFeel$FontActiveValue
Event: 0,382 loading class javax/swing/plaf/metal/MetalLookAndFeel$FontActiveValue done
Event: 0,384 loading class sun/swing/SwingUtilities2$AATextInfo
Event: 0,384 loading class sun/swing/SwingUtilities2$AATextInfo done
Event: 0,384 loading class sun/awt/HeadlessToolkit
Event: 0,385 loading class sun/awt/HeadlessToolkit done


Dynamic libraries:
00400000-00401000 r-xp 00000000 08:15 12855452                           /usr/lib/jvm/java-8-oracle/bin/java
00600000-00601000 rw-p 00000000 08:15 12855452                           /usr/lib/jvm/java-8-oracle/bin/java
01f93000-01fb4000 rw-p 00000000 00:00 0                                  [heap]
84e00000-8a100000 rw-p 00000000 00:00 0 
8a100000-d6f80000 ---p 00000000 00:00 0 
d6f80000-d9880000 rw-p 00000000 00:00 0 
d9880000-100000000 ---p 00000000 00:00 0 
100000000-100100000 rw-p 00000000 00:00 0 
100100000-140000000 ---p 00000000 00:00 0 
7f81d0000000-7f81d0021000 rw-p 00000000 00:00 0 
7f81d0021000-7f81d4000000 ---p 00000000 00:00 0 
7f81d75ea000-7f81d75eb000 r-xp 00000000 08:15 12329465                   /usr/lib/x86_64-linux-gnu/libX11-xcb.so.1.0.0
7f81d75eb000-7f81d77ea000 ---p 00001000 08:15 12329465                   /usr/lib/x86_64-linux-gnu/libX11-xcb.so.1.0.0
7f81d77ea000-7f81d77eb000 r--p 00000000 08:15 12329465                   /usr/lib/x86_64-linux-gnu/libX11-xcb.so.1.0.0
7f81d77eb000-7f81d77ec000 rw-p 00001000 08:15 12329465                   /usr/lib/x86_64-linux-gnu/libX11-xcb.so.1.0.0
7f81d77ec000-7f81d77f1000 r-xp 00000000 08:15 12329520                   /usr/lib/x86_64-linux-gnu/libXxf86vm.so.1.0.0
7f81d77f1000-7f81d79f0000 ---p 00005000 08:15 12329520                   /usr/lib/x86_64-linux-gnu/libXxf86vm.so.1.0.0
7f81d79f0000-7f81d79f1000 r--p 00004000 08:15 12329520                   /usr/lib/x86_64-linux-gnu/libXxf86vm.so.1.0.0
7f81d79f1000-7f81d79f2000 rw-p 00005000 08:15 12329520                   /usr/lib/x86_64-linux-gnu/libXxf86vm.so.1.0.0
7f81d79f2000-7f81d79f4000 r-xp 00000000 08:15 12329494                   /usr/lib/x86_64-linux-gnu/libXinerama.so.1.0.0
7f81d79f4000-7f81d7bf3000 ---p 00002000 08:15 12329494                   /usr/lib/x86_64-linux-gnu/libXinerama.so.1.0.0
7f81d7bf3000-7f81d7bf4000 r--p 00001000 08:15 12329494                   /usr/lib/x86_64-linux-gnu/libXinerama.so.1.0.0
7f81d7bf4000-7f81d7bf5000 rw-p 00002000 08:15 12329494                   /usr/lib/x86_64-linux-gnu/libXinerama.so.1.0.0
7f81d7bf5000-7f81d7bff000 r-xp 00000000 08:15 12329502                   /usr/lib/x86_64-linux-gnu/libXrandr.so.2.2.0
7f81d7bff000-7f81d7dfe000 ---p 0000a000 08:15 12329502                   /usr/lib/x86_64-linux-gnu/libXrandr.so.2.2.0
7f81d7dfe000-7f81d7dff000 r--p 00009000 08:15 12329502                   /usr/lib/x86_64-linux-gnu/libXrandr.so.2.2.0
7f81d7dff000-7f81d7e00000 rw-p 0000a000 08:15 12329502                   /usr/lib/x86_64-linux-gnu/libXrandr.so.2.2.0
7f81d7e00000-7f81d82a0000 rw-p 00000000 00:00 0 
7f81d82a0000-7f81dc000000 ---p 00000000 00:00 0 
7f81dc000000-7f81dc021000 rw-p 00000000 00:00 0 
7f81dc021000-7f81e0000000 ---p 00000000 00:00 0 
7f81e0000000-7f81e0021000 rw-p 00000000 00:00 0 
7f81e0021000-7f81e4000000 ---p 00000000 00:00 0 
7f81e4000000-7f81e4021000 rw-p 00000000 00:00 0 
7f81e4021000-7f81e8000000 ---p 00000000 00:00 0 
7f81e8000000-7f81e8030000 rw-p 00000000 00:00 0 
7f81e8030000-7f81ec000000 ---p 00000000 00:00 0 
7f81ec000000-7f81ec1b7000 rw-p 00000000 00:00 0 
7f81ec1b7000-7f81f0000000 ---p 00000000 00:00 0 
7f81f0000000-7f81f0021000 rw-p 00000000 00:00 0 
7f81f0021000-7f81f4000000 ---p 00000000 00:00 0 
7f81f4000000-7f81f40ce000 rw-p 00000000 00:00 0 
7f81f40ce000-7f81f8000000 ---p 00000000 00:00 0 
7f81f8000000-7f81f8021000 rw-p 00000000 00:00 0 
7f81f8021000-7f81fc000000 ---p 00000000 00:00 0 
7f81fc000000-7f81fc021000 rw-p 00000000 00:00 0 
7f81fc021000-7f8200000000 ---p 00000000 00:00 0 
7f8200000000-7f8200021000 rw-p 00000000 00:00 0 
7f8200021000-7f8204000000 ---p 00000000 00:00 0 
7f8204167000-7f8204185000 r-xp 00000000 08:15 1466952                    /tmp/lwjglnokorot/3.1.1-build-16/libglfw.so
7f8204185000-7f8204384000 ---p 0001e000 08:15 1466952                    /tmp/lwjglnokorot/3.1.1-build-16/libglfw.so
7f8204384000-7f8204385000 r--p 0001d000 08:15 1466952                    /tmp/lwjglnokorot/3.1.1-build-16/libglfw.so
7f8204385000-7f8204386000 rw-p 0001e000 08:15 1466952                    /tmp/lwjglnokorot/3.1.1-build-16/libglfw.so
7f8204386000-7f8204387000 rw-p 00000000 00:00 0 
7f8204387000-7f82043c0000 r-xp 00000000 08:15 1466951                    /tmp/lwjglnokorot/3.1.1-build-16/libjemalloc.so
7f82043c0000-7f82045bf000 ---p 00039000 08:15 1466951                    /tmp/lwjglnokorot/3.1.1-build-16/libjemalloc.so
7f82045bf000-7f82045c2000 r--p 00038000 08:15 1466951                    /tmp/lwjglnokorot/3.1.1-build-16/libjemalloc.so
7f82045c2000-7f82045c3000 rw-p 0003b000 08:15 1466951                    /tmp/lwjglnokorot/3.1.1-build-16/libjemalloc.so
7f82045c3000-7f82045c4000 rw-p 00000000 00:00 0 
7f82045c4000-7f82045c7000 ---p 00000000 00:00 0 
7f82045c7000-7f82046c5000 rw-p 00000000 00:00 0 
7f82046c5000-7f82046ca000 r-xp 00000000 08:15 12329486                   /usr/lib/x86_64-linux-gnu/libXfixes.so.3.1.0
7f82046ca000-7f82048c9000 ---p 00005000 08:15 12329486                   /usr/lib/x86_64-linux-gnu/libXfixes.so.3.1.0
7f82048c9000-7f82048ca000 r--p 00004000 08:15 12329486                   /usr/lib/x86_64-linux-gnu/libXfixes.so.3.1.0
7f82048ca000-7f82048cb000 rw-p 00005000 08:15 12329486                   /usr/lib/x86_64-linux-gnu/libXfixes.so.3.1.0
7f82048cb000-7f82048d4000 r-xp 00000000 08:15 12329478                   /usr/lib/x86_64-linux-gnu/libXcursor.so.1.0.2
7f82048d4000-7f8204ad3000 ---p 00009000 08:15 12329478                   /usr/lib/x86_64-linux-gnu/libXcursor.so.1.0.2
7f8204ad3000-7f8204ad4000 r--p 00008000 08:15 12329478                   /usr/lib/x86_64-linux-gnu/libXcursor.so.1.0.2
7f8204ad4000-7f8204ad5000 rw-p 00009000 08:15 12329478                   /usr/lib/x86_64-linux-gnu/libXcursor.so.1.0.2
7f8204ad5000-7f8204b20000 r-xp 00000000 08:15 1466950                    /tmp/lwjglnokorot/3.1.1-build-16/liblwjgl.so
7f8204b20000-7f8204d20000 ---p 0004b000 08:15 1466950                    /tmp/lwjglnokorot/3.1.1-build-16/liblwjgl.so
7f8204d20000-7f8204d21000 r--p 0004b000 08:15 1466950                    /tmp/lwjglnokorot/3.1.1-build-16/liblwjgl.so
7f8204d21000-7f8204d22000 rw-p 0004c000 08:15 1466950                    /tmp/lwjglnokorot/3.1.1-build-16/liblwjgl.so
7f8204d22000-7f8204d25000 ---p 00000000 00:00 0 
7f8204d25000-7f8205124000 rw-p 00000000 00:00 0 
7f8205124000-7f820513a000 r-xp 00000000 08:15 12980356                   /usr/lib/jvm/java-8-oracle/jre/lib/amd64/libnet.so
7f820513a000-7f820533a000 ---p 00016000 08:15 12980356                   /usr/lib/jvm/java-8-oracle/jre/lib/amd64/libnet.so
7f820533a000-7f820533b000 rw-p 00016000 08:15 12980356                   /usr/lib/jvm/java-8-oracle/jre/lib/amd64/libnet.so
7f820533b000-7f820534c000 r-xp 00000000 08:15 12980591                   /usr/lib/jvm/java-8-oracle/jre/lib/amd64/libnio.so
7f820534c000-7f820554b000 ---p 00011000 08:15 12980591                   /usr/lib/jvm/java-8-oracle/jre/lib/amd64/libnio.so
7f820554b000-7f820554c000 rw-p 00010000 08:15 12980591                   /usr/lib/jvm/java-8-oracle/jre/lib/amd64/libnio.so
7f820554c000-7f8205562000 r-xp 00000000 08:15 7082441                    /lib/x86_64-linux-gnu/libgcc_s.so.1
7f8205562000-7f8205761000 ---p 00016000 08:15 7082441                    /lib/x86_64-linux-gnu/libgcc_s.so.1
7f8205761000-7f8205762000 rw-p 00015000 08:15 7082441                    /lib/x86_64-linux-gnu/libgcc_s.so.1
7f8205762000-7f82057c7000 r-xp 00000000 08:15 12980585                   /usr/lib/jvm/java-8-oracle/jre/lib/amd64/libfontmanager.so
7f82057c7000-7f82059c6000 ---p 00065000 08:15 12980585                   /usr/lib/jvm/java-8-oracle/jre/lib/amd64/libfontmanager.so
7f82059c6000-7f82059cb000 rw-p 00064000 08:15 12980585                   /usr/lib/jvm/java-8-oracle/jre/lib/amd64/libfontmanager.so
7f82059cb000-7f82059db000 rw-p 00000000 00:00 0 
7f82059db000-7f82059de000 ---p 00000000 00:00 0 
7f82059de000-7f8205adc000 rw-p 00000000 00:00 0 
7f8205adc000-7f8205ae1000 r-xp 00000000 08:15 12329482                   /usr/lib/x86_64-linux-gnu/libXdmcp.so.6.0.0
7f8205ae1000-7f8205ce0000 ---p 00005000 08:15 12329482                   /usr/lib/x86_64-linux-gnu/libXdmcp.so.6.0.0
7f8205ce0000-7f8205ce1000 r--p 00004000 08:15 12329482                   /usr/lib/x86_64-linux-gnu/libXdmcp.so.6.0.0
7f8205ce1000-7f8205ce2000 rw-p 00005000 08:15 12329482                   /usr/lib/x86_64-linux-gnu/libXdmcp.so.6.0.0
7f8205ce2000-7f8205ce4000 r-xp 00000000 08:15 12329471                   /usr/lib/x86_64-linux-gnu/libXau.so.6.0.0
7f8205ce4000-7f8205ee4000 ---p 00002000 08:15 12329471                   /usr/lib/x86_64-linux-gnu/libXau.so.6.0.0
7f8205ee4000-7f8205ee5000 r--p 00002000 08:15 12329471                   /usr/lib/x86_64-linux-gnu/libXau.so.6.0.0
7f8205ee5000-7f8205ee6000 rw-p 00003000 08:15 12329471                   /usr/lib/x86_64-linux-gnu/libXau.so.6.0.0
7f8205ee6000-7f8205f07000 r-xp 00000000 08:15 12330820                   /usr/lib/x86_64-linux-gnu/libxcb.so.1.1.0
7f8205f07000-7f8206106000 ---p 00021000 08:15 12330820                   /usr/lib/x86_64-linux-gnu/libxcb.so.1.1.0
7f8206106000-7f8206107000 r--p 00020000 08:15 12330820                   /usr/lib/x86_64-linux-gnu/libxcb.so.1.1.0
7f8206107000-7f8206108000 rw-p 00021000 08:15 12330820                   /usr/lib/x86_64-linux-gnu/libxcb.so.1.1.0
7f8206108000-7f8206117000 r-xp 00000000 08:15 12329492                   /usr/lib/x86_64-linux-gnu/libXi.so.6.1.0
7f8206117000-7f8206316000 ---p 0000f000 08:15 12329492                   /usr/lib/x86_64-linux-gnu/libXi.so.6.1.0
7f8206316000-7f8206317000 r--p 0000e000 08:15 12329492                   /usr/lib/x86_64-linux-gnu/libXi.so.6.1.0
7f8206317000-7f8206318000 rw-p 0000f000 08:15 12329492                   /usr/lib/x86_64-linux-gnu/libXi.so.6.1.0
7f8206318000-7f820631d000 r-xp 00000000 08:15 12329510                   /usr/lib/x86_64-linux-gnu/libXtst.so.6.1.0
7f820631d000-7f820651c000 ---p 00005000 08:15 12329510                   /usr/lib/x86_64-linux-gnu/libXtst.so.6.1.0
7f820651c000-7f820651d000 r--p 00004000 08:15 12329510                   /usr/lib/x86_64-linux-gnu/libXtst.so.6.1.0
7f820651d000-7f820651e000 rw-p 00005000 08:15 12329510                   /usr/lib/x86_64-linux-gnu/libXtst.so.6.1.0
7f820651e000-7f8206527000 r-xp 00000000 08:15 12329504                   /usr/lib/x86_64-linux-gnu/libXrender.so.1.3.0
7f8206527000-7f8206726000 ---p 00009000 08:15 12329504                   /usr/lib/x86_64-linux-gnu/libXrender.so.1.3.0
7f8206726000-7f8206727000 r--p 00008000 08:15 12329504                   /usr/lib/x86_64-linux-gnu/libXrender.so.1.3.0
7f8206727000-7f8206728000 rw-p 00009000 08:15 12329504                   /usr/lib/x86_64-linux-gnu/libXrender.so.1.3.0
7f8206728000-7f820685d000 r-xp 00000000 08:15 12329467                   /usr/lib/x86_64-linux-gnu/libX11.so.6.3.0
7f820685d000-7f8206a5d000 ---p 00135000 08:15 12329467                   /usr/lib/x86_64-linux-gnu/libX11.so.6.3.0
7f8206a5d000-7f8206a5e000 r--p 00135000 08:15 12329467                   /usr/lib/x86_64-linux-gnu/libX11.so.6.3.0
7f8206a5e000-7f8206a62000 rw-p 00136000 08:15 12329467                   /usr/lib/x86_64-linux-gnu/libX11.so.6.3.0
7f8206a62000-7f8206a73000 r-xp 00000000 08:15 12329484                   /usr/lib/x86_64-linux-gnu/libXext.so.6.4.0
7f8206a73000-7f8206c72000 ---p 00011000 08:15 12329484                   /usr/lib/x86_64-linux-gnu/libXext.so.6.4.0
7f8206c72000-7f8206c73000 r--p 00010000 08:15 12329484                   /usr/lib/x86_64-linux-gnu/libXext.so.6.4.0
7f8206c73000-7f8206c74000 rw-p 00011000 08:15 12329484                   /usr/lib/x86_64-linux-gnu/libXext.so.6.4.0
7f8206c74000-7f8206cc8000 r-xp 00000000 08:15 12980593                   /usr/lib/jvm/java-8-oracle/jre/lib/amd64/libawt_xawt.so
7f8206cc8000-7f8206ec8000 ---p 00054000 08:15 12980593                   /usr/lib/jvm/java-8-oracle/jre/lib/amd64/libawt_xawt.so
7f8206ec8000-7f8206ecc000 rw-p 00054000 08:15 12980593                   /usr/lib/jvm/java-8-oracle/jre/lib/amd64/libawt_xawt.so
7f8206ecc000-7f8206ecd000 rw-p 00000000 00:00 0 
7f8206ecd000-7f8206f6f000 r-xp 00000000 08:15 12980626                   /usr/lib/jvm/java-8-oracle/jre/lib/amd64/libawt.so
7f8206f6f000-7f820716f000 ---p 000a2000 08:15 12980626                   /usr/lib/jvm/java-8-oracle/jre/lib/amd64/libawt.so
7f820716f000-7f820717b000 rw-p 000a2000 08:15 12980626                   /usr/lib/jvm/java-8-oracle/jre/lib/amd64/libawt.so
7f820717b000-7f820719f000 rw-p 00000000 00:00 0 
7f820719f000-7f82071a0000 ---p 00000000 00:00 0 
7f82071a0000-7f82072a0000 rw-p 00000000 00:00 0 
7f82072a0000-7f82072a3000 ---p 00000000 00:00 0 
7f82072a3000-7f82073a1000 rw-p 00000000 00:00 0 
7f82073a1000-7f82073a4000 ---p 00000000 00:00 0 
7f82073a4000-7f82074a2000 rw-p 00000000 00:00 0 
7f82074a2000-7f82074a5000 ---p 00000000 00:00 0 
7f82074a5000-7f82075a3000 rw-p 00000000 00:00 0 
7f82075a3000-7f82075a6000 ---p 00000000 00:00 0 
7f82075a6000-7f82076a4000 rw-p 00000000 00:00 0 
7f82076a4000-7f82076a7000 ---p 00000000 00:00 0 
7f82076a7000-7f82077a5000 rw-p 00000000 00:00 0 
7f82077a5000-7f8207bfc000 r--p 00000000 08:15 12322328                   /usr/lib/locale/locale-archive
7f8207bfc000-7f8207bff000 ---p 00000000 00:00 0 
7f8207bff000-7f8207cfd000 rw-p 00000000 00:00 0 
7f8207cfd000-7f8207d00000 ---p 00000000 00:00 0 
7f8207d00000-7f8207dfe000 rw-p 00000000 00:00 0 
7f8207dfe000-7f8207dff000 ---p 00000000 00:00 0 
7f8207dff000-7f8208000000 rw-p 00000000 00:00 0 
7f8208000000-7f8208021000 rw-p 00000000 00:00 0 
7f8208021000-7f820c000000 ---p 00000000 00:00 0 
7f820c000000-7f820c021000 rw-p 00000000 00:00 0 
7f820c021000-7f8210000000 ---p 00000000 00:00 0 
7f8210000000-7f8210021000 rw-p 00000000 00:00 0 
7f8210021000-7f8214000000 ---p 00000000 00:00 0 
7f821406e000-7f8218000000 rw-p 00000000 00:00 0 
7f8218000000-7f8218021000 rw-p 00000000 00:00 0 
7f8218021000-7f821c000000 ---p 00000000 00:00 0 
7f821c0c6000-7f821c0c7000 rwxp 00000000 00:00 0 
7f821c0c7000-7f821c0c8000 r--s 00004000 08:15 13654818                   /home/nokorot/Workspace/Java/PS/PS 3.0.0/LWJGL3/lwjgl-xxhash.jar
7f821c0c8000-7f821c0c9000 r--s 00001000 08:15 13654817                   /home/nokorot/Workspace/Java/PS/PS 3.0.0/LWJGL3/lwjgl-xxhash-natives-linux.jar
7f821c0c9000-7f821c0d2000 r--s 000a6000 08:15 13654825                   /home/nokorot/Workspace/Java/PS/PS 3.0.0/LWJGL3/lwjgl-vulkan.jar
7f821c0d2000-7f821c0d7000 r--s 000ac000 08:15 13654824                   /home/nokorot/Workspace/Java/PS/PS 3.0.0/LWJGL3/lwjgl-vulkan-sources.jar
7f821c0d7000-7f821c0d8000 r--s 00001000 08:15 13654813                   /home/nokorot/Workspace/Java/PS/PS 3.0.0/LWJGL3/lwjgl-tinyfd.jar
7f821c0d8000-7f821c0d9000 r--s 00007000 08:15 13654815                   /home/nokorot/Workspace/Java/PS/PS 3.0.0/LWJGL3/lwjgl-tinyfd-natives-linux.jar
7f821c0d9000-7f821c0dc000 r--s 00012000 08:15 13654809                   /home/nokorot/Workspace/Java/PS/PS 3.0.0/LWJGL3/lwjgl-stb.jar
7f821c0dc000-7f821c0dd000 r--s 0002c000 08:15 13654808                   /home/nokorot/Workspace/Java/PS/PS 3.0.0/LWJGL3/lwjgl-stb-natives-linux.jar
7f821c0dd000-7f821c0de000 r--s 00000000 08:15 13654803                   /home/nokorot/Workspace/Java/PS/PS 3.0.0/LWJGL3/lwjgl-sse.jar
7f821c0de000-7f821c0df000 r--s 00000000 08:15 13654802                   /home/nokorot/Workspace/Java/PS/PS 3.0.0/LWJGL3/lwjgl-sse-natives-linux.jar
7f821c0df000-7f821c0e1000 r--s 00058000 08:15 13654804                   /home/nokorot/Workspace/Java/PS/PS 3.0.0/LWJGL3/lwjgl-sse-javadoc.jar
7f821c0e1000-7f821c0e3000 r--s 00001000 08:15 13654799                   /home/nokorot/Workspace/Java/PS/PS 3.0.0/LWJGL3/lwjgl-par.jar
7f821c0e3000-7f821c0e4000 r--s 00005000 08:15 13654795                   /home/nokorot/Workspace/Java/PS/PS 3.0.0/LWJGL3/lwjgl-par-natives-linux.jar
7f821c0e4000-7f821c0ea000 r--s 00048000 08:15 13654794                   /home/nokorot/Workspace/Java/PS/PS 3.0.0/LWJGL3/lwjgl-opengles.jar
7f821c0ea000-7f821c0eb000 r--s 00007000 08:15 13654792                   /home/nokorot/Workspace/Java/PS/PS 3.0.0/LWJGL3/lwjgl-opengles-natives-linux.jar
7f821c0eb000-7f821c0f4000 r--s 000ba000 08:15 13654797                   /home/nokorot/Workspace/Java/PS/PS 3.0.0/LWJGL3/lwjgl-opengl.jar
7f821c0f4000-7f821cdb2000 rw-p 00000000 00:00 0 
7f821cdb2000-7f821cf8a000 r--s 03d2a000 08:15 12855517                   /usr/lib/jvm/java-8-oracle/jre/lib/rt.jar
7f821cf8a000-7f821d000000 rw-p 00000000 00:00 0 
7f821d000000-7f821d270000 rwxp 00000000 00:00 0 
7f821d270000-7f822c000000 ---p 00000000 00:00 0 
7f822c000000-7f822c44b000 rw-p 00000000 00:00 0 
7f822c44b000-7f8230000000 ---p 00000000 00:00 0 
7f8230000000-7f8230001000 r--s 00015000 08:15 13654789                   /home/nokorot/Workspace/Java/PS/PS 3.0.0/LWJGL3/lwjgl-opengl-natives-linux.jar
7f8230001000-7f8230004000 r--s 00023000 08:15 13654790                   /home/nokorot/Workspace/Java/PS/PS 3.0.0/LWJGL3/lwjgl-opencl.jar
7f8230004000-7f8230006000 r--s 00010000 08:15 13654776                   /home/nokorot/Workspace/Java/PS/PS 3.0.0/LWJGL3/lwjgl-openal.jar
7f8230006000-7f8230007000 r--s 0004a000 08:15 13654787                   /home/nokorot/Workspace/Java/PS/PS 3.0.0/LWJGL3/lwjgl-openal-natives-linux.jar
7f8230007000-7f823000c000 r--s 00054000 08:15 13654782                   /home/nokorot/Workspace/Java/PS/PS 3.0.0/LWJGL3/lwjgl-nuklear.jar
7f823000c000-7f823000d000 r--s 0001f000 08:15 13654772                   /home/nokorot/Workspace/Java/PS/PS 3.0.0/LWJGL3/lwjgl-nuklear-natives-linux.jar
7f823000d000-7f823000e000 r--s 00001000 08:15 13654766                   /home/nokorot/Workspace/Java/PS/PS 3.0.0/LWJGL3/lwjgl-nfd.jar
7f823000e000-7f823000f000 r--s 00001000 08:15 13654764                   /home/nokorot/Workspace/Java/PS/PS 3.0.0/LWJGL3/lwjgl-nfd-natives-linux.jar
7f823000f000-7f8230010000 r--s 00011000 08:15 13654822                   /home/nokorot/Workspace/Java/PS/PS 3.0.0/LWJGL3/lwjgl-natives-linux.jar
7f8230010000-7f8230012000 r--s 00008000 08:15 13654756                   /home/nokorot/Workspace/Java/PS/PS 3.0.0/LWJGL3/lwjgl-nanovg.jar
7f8230012000-7f82307b3000 rw-p 00000000 00:00 0 
7f82307b3000-7f8230833000 ---p 00000000 00:00 0 
7f8230833000-7f8230c0c000 rw-p 00000000 00:00 0 
7f8230c0c000-7f8230c0d000 ---p 00000000 00:00 0 
7f8230c0d000-7f8230d0d000 rw-p 00000000 00:00 0 
7f8230d0d000-7f8230d0e000 ---p 00000000 00:00 0 
7f8230d0e000-7f8230e0e000 rw-p 00000000 00:00 0 
7f8230e0e000-7f8230e0f000 ---p 00000000 00:00 0 
7f8230e0f000-7f8230f0f000 rw-p 00000000 00:00 0 
7f8230f0f000-7f8230f10000 ---p 00000000 00:00 0 
7f8230f10000-7f823103a000 rw-p 00000000 00:00 0 
7f823103a000-7f82312a1000 ---p 00000000 00:00 0 
7f82312a1000-7f82312cb000 rw-p 00000000 00:00 0 
7f82312cb000-7f8231531000 ---p 00000000 00:00 0 
7f8231531000-7f8231547000 rw-p 00000000 00:00 0 
7f8231547000-7f823167a000 ---p 00000000 00:00 0 
7f823167a000-7f8231685000 rw-p 00000000 00:00 0 
7f8231685000-7f8231a3b000 ---p 00000000 00:00 0 
7f8231a3b000-7f8231a55000 r-xp 00000000 08:15 12980589                   /usr/lib/jvm/java-8-oracle/jre/lib/amd64/libzip.so
7f8231a55000-7f8231c55000 ---p 0001a000 08:15 12980589                   /usr/lib/jvm/java-8-oracle/jre/lib/amd64/libzip.so
7f8231c55000-7f8231c56000 rw-p 0001a000 08:15 12980589                   /usr/lib/jvm/java-8-oracle/jre/lib/amd64/libzip.so
7f8231c56000-7f8231c61000 r-xp 00000000 08:15 7082071                    /lib/x86_64-linux-gnu/libnss_files-2.23.so
7f8231c61000-7f8231e60000 ---p 0000b000 08:15 7082071                    /lib/x86_64-linux-gnu/libnss_files-2.23.so
7f8231e60000-7f8231e61000 r--p 0000a000 08:15 7082071                    /lib/x86_64-linux-gnu/libnss_files-2.23.so
7f8231e61000-7f8231e62000 rw-p 0000b000 08:15 7082071                    /lib/x86_64-linux-gnu/libnss_files-2.23.so
7f8231e62000-7f8231e68000 rw-p 00000000 00:00 0 
7f8231e68000-7f8231e73000 r-xp 00000000 08:15 7082047                    /lib/x86_64-linux-gnu/libnss_nis-2.23.so
7f8231e73000-7f8232072000 ---p 0000b000 08:15 7082047                    /lib/x86_64-linux-gnu/libnss_nis-2.23.so
7f8232072000-7f8232073000 r--p 0000a000 08:15 7082047                    /lib/x86_64-linux-gnu/libnss_nis-2.23.so
7f8232073000-7f8232074000 rw-p 0000b000 08:15 7082047                    /lib/x86_64-linux-gnu/libnss_nis-2.23.so
7f8232074000-7f823208a000 r-xp 00000000 08:15 7082063                    /lib/x86_64-linux-gnu/libnsl-2.23.so
7f823208a000-7f8232289000 ---p 00016000 08:15 7082063                    /lib/x86_64-linux-gnu/libnsl-2.23.so
7f8232289000-7f823228a000 r--p 00015000 08:15 7082063                    /lib/x86_64-linux-gnu/libnsl-2.23.so
7f823228a000-7f823228b000 rw-p 00016000 08:15 7082063                    /lib/x86_64-linux-gnu/libnsl-2.23.so
7f823228b000-7f823228d000 rw-p 00000000 00:00 0 
7f823228d000-7f8232295000 r-xp 00000000 08:15 7082065                    /lib/x86_64-linux-gnu/libnss_compat-2.23.so
7f8232295000-7f8232494000 ---p 00008000 08:15 7082065                    /lib/x86_64-linux-gnu/libnss_compat-2.23.so
7f8232494000-7f8232495000 r--p 00007000 08:15 7082065                    /lib/x86_64-linux-gnu/libnss_compat-2.23.so
7f8232495000-7f8232496000 rw-p 00008000 08:15 7082065                    /lib/x86_64-linux-gnu/libnss_compat-2.23.so
7f8232496000-7f82324c1000 r-xp 00000000 08:15 12980616                   /usr/lib/jvm/java-8-oracle/jre/lib/amd64/libjava.so
7f82324c1000-7f82326c0000 ---p 0002b000 08:15 12980616                   /usr/lib/jvm/java-8-oracle/jre/lib/amd64/libjava.so
7f82326c0000-7f82326c2000 rw-p 0002a000 08:15 12980616                   /usr/lib/jvm/java-8-oracle/jre/lib/amd64/libjava.so
7f82326c2000-7f82326cf000 r-xp 00000000 08:15 12980358                   /usr/lib/jvm/java-8-oracle/jre/lib/amd64/libverify.so
7f82326cf000-7f82328ce000 ---p 0000d000 08:15 12980358                   /usr/lib/jvm/java-8-oracle/jre/lib/amd64/libverify.so
7f82328ce000-7f82328d0000 rw-p 0000c000 08:15 12980358                   /usr/lib/jvm/java-8-oracle/jre/lib/amd64/libverify.so
7f82328d0000-7f82328d7000 r-xp 00000000 08:15 7082046                    /lib/x86_64-linux-gnu/librt-2.23.so
7f82328d7000-7f8232ad6000 ---p 00007000 08:15 7082046                    /lib/x86_64-linux-gnu/librt-2.23.so
7f8232ad6000-7f8232ad7000 r--p 00006000 08:15 7082046                    /lib/x86_64-linux-gnu/librt-2.23.so
7f8232ad7000-7f8232ad8000 rw-p 00007000 08:15 7082046                    /lib/x86_64-linux-gnu/librt-2.23.so
7f8232ad8000-7f8232be0000 r-xp 00000000 08:15 7082058                    /lib/x86_64-linux-gnu/libm-2.23.so
7f8232be0000-7f8232ddf000 ---p 00108000 08:15 7082058                    /lib/x86_64-linux-gnu/libm-2.23.so
7f8232ddf000-7f8232de0000 r--p 00107000 08:15 7082058                    /lib/x86_64-linux-gnu/libm-2.23.so
7f8232de0000-7f8232de1000 rw-p 00108000 08:15 7082058                    /lib/x86_64-linux-gnu/libm-2.23.so
7f8232de1000-7f8233aae000 r-xp 00000000 08:15 12980620                   /usr/lib/jvm/java-8-oracle/jre/lib/amd64/server/libjvm.so
7f8233aae000-7f8233cad000 ---p 00ccd000 08:15 12980620                   /usr/lib/jvm/java-8-oracle/jre/lib/amd64/server/libjvm.so
7f8233cad000-7f8233d86000 rw-p 00ccc000 08:15 12980620                   /usr/lib/jvm/java-8-oracle/jre/lib/amd64/server/libjvm.so
7f8233d86000-7f8233dd1000 rw-p 00000000 00:00 0 
7f8233dd1000-7f8233f90000 r-xp 00000000 08:15 7082051                    /lib/x86_64-linux-gnu/libc-2.23.so
7f8233f90000-7f8234190000 ---p 001bf000 08:15 7082051                    /lib/x86_64-linux-gnu/libc-2.23.so
7f8234190000-7f8234194000 r--p 001bf000 08:15 7082051                    /lib/x86_64-linux-gnu/libc-2.23.so
7f8234194000-7f8234196000 rw-p 001c3000 08:15 7082051                    /lib/x86_64-linux-gnu/libc-2.23.so
7f8234196000-7f823419a000 rw-p 00000000 00:00 0 
7f823419a000-7f823419d000 r-xp 00000000 08:15 7082050                    /lib/x86_64-linux-gnu/libdl-2.23.so
7f823419d000-7f823439c000 ---p 00003000 08:15 7082050                    /lib/x86_64-linux-gnu/libdl-2.23.so
7f823439c000-7f823439d000 r--p 00002000 08:15 7082050                    /lib/x86_64-linux-gnu/libdl-2.23.so
7f823439d000-7f823439e000 rw-p 00003000 08:15 7082050                    /lib/x86_64-linux-gnu/libdl-2.23.so
7f823439e000-7f82343b3000 r-xp 00000000 08:15 12585246                   /usr/lib/jvm/java-8-oracle/lib/amd64/jli/libjli.so
7f82343b3000-7f82345b3000 ---p 00015000 08:15 12585246                   /usr/lib/jvm/java-8-oracle/lib/amd64/jli/libjli.so
7f82345b3000-7f82345b4000 rw-p 00015000 08:15 12585246                   /usr/lib/jvm/java-8-oracle/lib/amd64/jli/libjli.so
7f82345b4000-7f82345cc000 r-xp 00000000 08:15 7082059                    /lib/x86_64-linux-gnu/libpthread-2.23.so
7f82345cc000-7f82347cb000 ---p 00018000 08:15 7082059                    /lib/x86_64-linux-gnu/libpthread-2.23.so
7f82347cb000-7f82347cc000 r--p 00017000 08:15 7082059                    /lib/x86_64-linux-gnu/libpthread-2.23.so
7f82347cc000-7f82347cd000 rw-p 00018000 08:15 7082059                    /lib/x86_64-linux-gnu/libpthread-2.23.so
7f82347cd000-7f82347d1000 rw-p 00000000 00:00 0 
7f82347d1000-7f82347f7000 r-xp 00000000 08:15 7082039                    /lib/x86_64-linux-gnu/ld-2.23.so
7f82347f7000-7f82347f8000 r--s 0001f000 08:15 13654762                   /home/nokorot/Workspace/Java/PS/PS 3.0.0/LWJGL3/lwjgl-nanovg-natives-linux.jar
7f82347f8000-7f82347fa000 r--s 00005000 08:15 13654746                   /home/nokorot/Workspace/Java/PS/PS 3.0.0/LWJGL3/lwjgl-lmdb.jar
7f82347fa000-7f82348c5000 rw-p 00000000 00:00 0 
7f82348c5000-7f82348c8000 ---p 00000000 00:00 0 
7f82348c8000-7f82349ca000 rw-p 00000000 00:00 0 
7f82349ca000-7f82349cb000 r--s 0000d000 08:15 13654750                   /home/nokorot/Workspace/Java/PS/PS 3.0.0/LWJGL3/lwjgl-lmdb-natives-linux.jar
7f82349cb000-7f82349cd000 r--s 00007000 08:15 13654736                   /home/nokorot/Workspace/Java/PS/PS 3.0.0/LWJGL3/lwjgl-jemalloc.jar
7f82349cd000-7f82349ce000 r--s 00019000 08:15 13654734                   /home/nokorot/Workspace/Java/PS/PS 3.0.0/LWJGL3/lwjgl-jemalloc-natives-linux.jar
7f82349ce000-7f82349cf000 r--s 00005000 08:15 13654724                   /home/nokorot/Workspace/Java/PS/PS 3.0.0/LWJGL3/lwjgl-jawt.jar
7f82349cf000-7f82349d1000 r--s 00066000 08:15 13654732                   /home/nokorot/Workspace/Java/PS/PS 3.0.0/LWJGL3/lwjgl-jawt-javadoc.jar
7f82349d1000-7f82349d4000 r--s 00015000 08:15 13654722                   /home/nokorot/Workspace/Java/PS/PS 3.0.0/LWJGL3/lwjgl-glfw.jar
7f82349d4000-7f82349d5000 r--s 0000e000 08:15 13654716                   /home/nokorot/Workspace/Java/PS/PS 3.0.0/LWJGL3/lwjgl-glfw-natives-linux.jar
7f82349d5000-7f82349d9000 r--s 0001b000 08:15 13654708                   /home/nokorot/Workspace/Java/PS/PS 3.0.0/LWJGL3/lwjgl-egl.jar
7f82349d9000-7f82349dd000 r--s 0001e000 08:15 13654712                   /home/nokorot/Workspace/Java/PS/PS 3.0.0/LWJGL3/lwjgl-egl-sources.jar
7f82349dd000-7f82349e0000 r--s 0001f000 08:15 13654702                   /home/nokorot/Workspace/Java/PS/PS 3.0.0/LWJGL3/lwjgl-bgfx.jar
7f82349e0000-7f82349e1000 r--s 00042000 08:15 13654704                   /home/nokorot/Workspace/Java/PS/PS 3.0.0/LWJGL3/lwjgl-bgfx-natives-linux.jar
7f82349e1000-7f82349e5000 r--s 0002a000 08:15 13654692                   /home/nokorot/Workspace/Java/PS/PS 3.0.0/LWJGL3/lwjgl-assimp.jar
7f82349e5000-7f82349e6000 r--s 002ae000 08:15 13654740                   /home/nokorot/Workspace/Java/PS/PS 3.0.0/LWJGL3/lwjgl-assimp-natives-linux.jar
7f82349e6000-7f82349ea000 r--s 0003d000 08:15 13654827                   /home/nokorot/Workspace/Java/PS/PS 3.0.0/LWJGL3/lwjgl.jar
7f82349ea000-7f82349f2000 rw-s 00000000 08:15 1325745                    /tmp/hsperfdata_nokorot/8183
7f82349f2000-7f82349f3000 rw-p 00000000 00:00 0 
7f82349f3000-7f82349f4000 r--p 00000000 00:00 0 
7f82349f4000-7f82349f6000 rw-p 00000000 00:00 0 
7f82349f6000-7f82349f7000 r--p 00025000 08:15 7082039                    /lib/x86_64-linux-gnu/ld-2.23.so
7f82349f7000-7f82349f8000 rw-p 00026000 08:15 7082039                    /lib/x86_64-linux-gnu/ld-2.23.so
7f82349f8000-7f82349f9000 rw-p 00000000 00:00 0 
7ffeeed8e000-7ffeeedb0000 rw-p 00000000 00:00 0                          [stack]
7ffeeedb3000-7ffeeedb5000 r--p 00000000 00:00 0                          [vvar]
7ffeeedb5000-7ffeeedb7000 r-xp 00000000 00:00 0                          [vdso]
ffffffffff600000-ffffffffff601000 r-xp 00000000 00:00 0                  [vsyscall]

VM Arguments:
jvm_args: -Djava.library.path=/home/noko/workspace/Java/Test/Test/LWJGL3 -Dfile.encoding=UTF-8 
java_command: engineTest.Main
java_class_path (initial): /home/nokorot/Workspace/Java/PS/PS 3.0.0/bin:/home/nokorot/Workspace/Java/PS/PS 3.0.0/LWJGL3/lwjgl.jar:/home/nokorot/Workspace/Java/PS/PS 3.0.0/LWJGL3/lwjgl-assimp-natives-linux.jar:/home/nokorot/Workspace/Java/PS/PS 3.0.0/LWJGL3/lwjgl-assimp.jar:/home/nokorot/Workspace/Java/PS/PS 3.0.0/LWJGL3/lwjgl-bgfx-natives-linux.jar:/home/nokorot/Workspace/Java/PS/PS 3.0.0/LWJGL3/lwjgl-bgfx.jar:/home/nokorot/Workspace/Java/PS/PS 3.0.0/LWJGL3/lwjgl-egl-sources.jar:/home/nokorot/Workspace/Java/PS/PS 3.0.0/LWJGL3/lwjgl-egl.jar:/home/nokorot/Workspace/Java/PS/PS 3.0.0/LWJGL3/lwjgl-glfw-natives-linux.jar:/home/nokorot/Workspace/Java/PS/PS 3.0.0/LWJGL3/lwjgl-glfw.jar:/home/nokorot/Workspace/Java/PS/PS 3.0.0/LWJGL3/lwjgl-jawt-javadoc.jar:/home/nokorot/Workspace/Java/PS/PS 3.0.0/LWJGL3/lwjgl-jawt.jar:/home/nokorot/Workspace/Java/PS/PS 3.0.0/LWJGL3/lwjgl-jemalloc-natives-linux.jar:/home/nokorot/Workspace/Java/PS/PS 3.0.0/LWJGL3/lwjgl-jemalloc.jar:/home/nokorot/Workspace/Java/PS/PS 3.0.0/LWJGL3/lwjgl-lmdb-natives-linux.jar:/home/nokorot/Workspace/Java/PS/PS 3.0.0/LWJGL3/lwjgl-lmdb.jar:/home/nokorot/Workspace/Java/PS/PS 3.0.0/LWJGL3/lwjgl-nanovg-natives-linux.jar:/home/nokorot/Workspace/Java/PS/PS 3.0.0/LWJGL3/lwjgl-nanovg.jar:/home/nokorot/Workspace/Java/PS/PS 3.0.0/LWJGL3/lwjgl-natives-linux.jar:/home/nokorot/Workspace/Java/PS/PS 3.0.0/LWJGL3/lwjgl-nfd-natives-linux.jar:/home/nokorot/Workspace/Java/PS/PS 3.0.0/LWJGL3/lwjgl-nfd.jar:/home/nokorot/Workspace/Java/PS/PS 3.0.0/LWJGL3/lwjgl-nuklear-natives-linux.jar:/home/nokorot/Workspace/Java/PS/PS 3.0.0/LWJGL3/lwjgl-nuklear.jar:/home/nokorot/Workspace/Java/PS/PS 3.0.0/LWJGL3/lwjgl-openal-natives-linux.jar:/home/nokorot/Workspace/Java/PS/PS 3.0.0/LWJGL3/lwjgl-openal.jar:/home/nokorot/Workspace/Java/PS/PS 3.0.0/LWJGL3/lwjgl-opencl.jar:/home/nokorot/Workspace/Java/PS/PS 3.0.0/LWJGL3/lwjgl-opengl-natives-linux.jar:/home/nokorot/Workspace/Java/PS/PS 3.0.0/LWJGL3/lwjgl-opengl.jar:/home/nokorot/Workspace/Java/PS/PS 3.
Launcher Type: SUN_STANDARD

Environment Variables:
JAVA_HOME=/usr/lib/jvm/java-8-oracle
PATH=/home/nokorot/.cabal/bin:/opt/cabal/1.22/bin:/opt/ghc/7.10.3/bin:/home/nokorot/.bin:/home/nokorot/bin:/home/nokorot/.local/bin:/usr/local/sbin:/usr/local/bin:/usr/sbin:/usr/bin:/sbin:/bin:/usr/games:/usr/local/games:/snap/bin:/usr/lib/jvm/java-8-oracle/bin:/usr/lib/jvm/java-8-oracle/db/bin:/usr/lib/jvm/java-8-oracle/jre/bin
USERNAME=nokorot
SHELL=/bin/bash
DISPLAY=:1

Signal Handlers:
SIGSEGV: [libjvm.so+0xac64b0], sa_mask[0]=11111111011111111101111111111110, sa_flags=SA_RESTART|SA_SIGINFO
SIGBUS: [libjvm.so+0xac64b0], sa_mask[0]=11111111011111111101111111111110, sa_flags=SA_RESTART|SA_SIGINFO
SIGFPE: [libjvm.so+0x91f950], sa_mask[0]=11111111011111111101111111111110, sa_flags=SA_RESTART|SA_SIGINFO
SIGPIPE: [libjvm.so+0x91f950], sa_mask[0]=11111111011111111101111111111110, sa_flags=SA_RESTART|SA_SIGINFO
SIGXFSZ: [libjvm.so+0x91f950], sa_mask[0]=11111111011111111101111111111110, sa_flags=SA_RESTART|SA_SIGINFO
SIGILL: [libjvm.so+0x91f950], sa_mask[0]=11111111011111111101111111111110, sa_flags=SA_RESTART|SA_SIGINFO
SIGUSR1: SIG_DFL, sa_mask[0]=00000000000000000000000000000000, sa_flags=none
SIGUSR2: [libjvm.so+0x920f80], sa_mask[0]=00100000000000000000000000000000, sa_flags=SA_RESTART|SA_SIGINFO
SIGHUP: [libjvm.so+0x922380], sa_mask[0]=11111111011111111101111111111110, sa_flags=SA_RESTART|SA_SIGINFO
SIGINT: [libjvm.so+0x922380], sa_mask[0]=11111111011111111101111111111110, sa_flags=SA_RESTART|SA_SIGINFO
SIGTERM: [libjvm.so+0x922380], sa_mask[0]=11111111011111111101111111111110, sa_flags=SA_RESTART|SA_SIGINFO
SIGQUIT: [libjvm.so+0x922380], sa_mask[0]=11111111011111111101111111111110, sa_flags=SA_RESTART|SA_SIGINFO


---------------  S Y S T E M  ---------------

OS:DISTRIB_ID=Ubuntu
DISTRIB_RELEASE=16.04
DISTRIB_CODENAME=xenial
DISTRIB_DESCRIPTION="Ubuntu 16.04.1 LTS"

uname:Linux 4.4.0-59-generic #80-Ubuntu SMP Fri Jan 6 17:47:47 UTC 2017 x86_64
libc:glibc 2.23 NPTL 2.23 
rlimit: STACK 8192k, CORE 0k, NPROC 31349, NOFILE 65536, AS infinity
load average:0,61 0,61 0,67

/proc/meminfo:
MemTotal:        8065832 kB
MemFree:          957580 kB
MemAvailable:    2160800 kB
Buffers:           98836 kB
Cached:          2037604 kB
SwapCached:         5056 kB
Active:          5033332 kB
Inactive:        1728484 kB
Active(anon):    4319056 kB
Inactive(anon):  1086804 kB
Active(file):     714276 kB
Inactive(file):   641680 kB
Unevictable:         496 kB
Mlocked:             496 kB
SwapTotal:       1951740 kB
SwapFree:        1844020 kB
Dirty:               216 kB
Writeback:             0 kB
AnonPages:       4621004 kB
Mapped:           752548 kB
Shmem:            780480 kB
Slab:             185756 kB
SReclaimable:     135380 kB
SUnreclaim:        50376 kB
KernelStack:       14160 kB
PageTables:        67664 kB
NFS_Unstable:          0 kB
Bounce:                0 kB
WritebackTmp:          0 kB
CommitLimit:     5984656 kB
Committed_AS:   11417656 kB
VmallocTotal:   34359738367 kB
VmallocUsed:           0 kB
VmallocChunk:          0 kB
HardwareCorrupted:     0 kB
AnonHugePages:   2670592 kB
CmaTotal:              0 kB
CmaFree:               0 kB
HugePages_Total:       0
HugePages_Free:        0
HugePages_Rsvd:        0
HugePages_Surp:        0
Hugepagesize:       2048 kB
DirectMap4k:      255272 kB
DirectMap2M:     8024064 kB


CPU:total 4 (2 cores per cpu, 2 threads per core) family 6 model 58 stepping 9, cmov, cx8, fxsr, mmx, sse, sse2, sse3, ssse3, sse4.1, sse4.2, popcnt, avx, aes, clmul, erms, ht, tsc, tscinvbit, tscinv

/proc/cpuinfo:
processor	: 0
vendor_id	: GenuineIntel
cpu family	: 6
model		: 58
model name	: Intel(R) Core(TM) i5-3210M CPU @ 2.50GHz
stepping	: 9
microcode	: 0x15
cpu MHz		: 2899.902
cache size	: 3072 KB
physical id	: 0
siblings	: 4
core id		: 0
cpu cores	: 2
apicid		: 0
initial apicid	: 0
fpu		: yes
fpu_exception	: yes
cpuid level	: 13
wp		: yes
flags		: fpu vme de pse tsc msr pae mce cx8 apic sep mtrr pge mca cmov pat pse36 clflush dts acpi mmx fxsr sse sse2 ss ht tm pbe syscall nx rdtscp lm constant_tsc arch_perfmon pebs bts rep_good nopl xtopology nonstop_tsc aperfmperf eagerfpu pni pclmulqdq dtes64 monitor ds_cpl vmx est tm2 ssse3 cx16 xtpr pdcm pcid sse4_1 sse4_2 x2apic popcnt tsc_deadline_timer aes xsave avx f16c rdrand lahf_lm epb tpr_shadow vnmi flexpriority ept vpid fsgsbase smep erms xsaveopt dtherm ida arat pln pts
bugs		:
bogomips	: 4989.04
clflush size	: 64
cache_alignment	: 64
address sizes	: 36 bits physical, 48 bits virtual
power management:

processor	: 1
vendor_id	: GenuineIntel
cpu family	: 6
model		: 58
model name	: Intel(R) Core(TM) i5-3210M CPU @ 2.50GHz
stepping	: 9
microcode	: 0x15
cpu MHz		: 2900.000
cache size	: 3072 KB
physical id	: 0
siblings	: 4
core id		: 1
cpu cores	: 2
apicid		: 2
initial apicid	: 2
fpu		: yes
fpu_exception	: yes
cpuid level	: 13
wp		: yes
flags		: fpu vme de pse tsc msr pae mce cx8 apic sep mtrr pge mca cmov pat pse36 clflush dts acpi mmx fxsr sse sse2 ss ht tm pbe syscall nx rdtscp lm constant_tsc arch_perfmon pebs bts rep_good nopl xtopology nonstop_tsc aperfmperf eagerfpu pni pclmulqdq dtes64 monitor ds_cpl vmx est tm2 ssse3 cx16 xtpr pdcm pcid sse4_1 sse4_2 x2apic popcnt tsc_deadline_timer aes xsave avx f16c rdrand lahf_lm epb tpr_shadow vnmi flexpriority ept vpid fsgsbase smep erms xsaveopt dtherm ida arat pln pts
bugs		:
bogomips	: 4989.04
clflush size	: 64
cache_alignment	: 64
address sizes	: 36 bits physical, 48 bits virtual
power management:

processor	: 2
vendor_id	: GenuineIntel
cpu family	: 6
model		: 58
model name	: Intel(R) Core(TM) i5-3210M CPU @ 2.50GHz
stepping	: 9
microcode	: 0x15
cpu MHz		: 2899.902
cache size	: 3072 KB
physical id	: 0
siblings	: 4
core id		: 0
cpu cores	: 2
apicid		: 1
initial apicid	: 1
fpu		: yes
fpu_exception	: yes
cpuid level	: 13
wp		: yes
flags		: fpu vme de pse tsc msr pae mce cx8 apic sep mtrr pge mca cmov pat pse36 clflush dts acpi mmx fxsr sse sse2 ss ht tm pbe syscall nx rdtscp lm constant_tsc arch_perfmon pebs bts rep_good nopl xtopology nonstop_tsc aperfmperf eagerfpu pni pclmulqdq dtes64 monitor ds_cpl vmx est tm2 ssse3 cx16 xtpr pdcm pcid sse4_1 sse4_2 x2apic popcnt tsc_deadline_timer aes xsave avx f16c rdrand lahf_lm epb tpr_shadow vnmi flexpriority ept vpid fsgsbase smep erms xsaveopt dtherm ida arat pln pts
bugs		:
bogomips	: 4989.04
clflush size	: 64
cache_alignment	: 64
address sizes	: 36 bits physical, 48 bits virtual
power management:

processor	: 3
vendor_id	: GenuineIntel
cpu family	: 6
model		: 58
model name	: Intel(R) Core(TM) i5-3210M CPU @ 2.50GHz
stepping	: 9
microcode	: 0x15
cpu MHz		: 2900.000
cache size	: 3072 KB
physical id	: 0
siblings	: 4
core id		: 1
cpu cores	: 2
apicid		: 3
initial apicid	: 3
fpu		: yes
fpu_exception	: yes
cpuid level	: 13
wp		: yes
flags		: fpu vme de pse tsc msr pae mce cx8 apic sep mtrr pge mca cmov pat pse36 clflush dts acpi mmx fxsr sse sse2 ss ht tm pbe syscall nx rdtscp lm constant_tsc arch_perfmon pebs bts rep_good nopl xtopology nonstop_tsc aperfmperf eagerfpu pni pclmulqdq dtes64 monitor ds_cpl vmx est tm2 ssse3 cx16 xtpr pdcm pcid sse4_1 sse4_2 x2apic popcnt tsc_deadline_timer aes xsave avx f16c rdrand lahf_lm epb tpr_shadow vnmi flexpriority ept vpid fsgsbase smep erms xsaveopt dtherm ida arat pln pts
bugs		:
bogomips	: 4989.04
clflush size	: 64
cache_alignment	: 64
address sizes	: 36 bits physical, 48 bits virtual
power management:



Memory: 4k page, physical 8065832k(957580k free), swap 1951740k(1844020k free)

vm_info: Java HotSpot(TM) 64-Bit Server VM (25.111-b14) for linux-amd64 JRE (1.8.0_111-b14), built on Sep 22 2016 16:14:03 by "java_re" with gcc 4.3.0 20080428 (Red Hat 4.3.0-8)

time: Sun Feb  5 02:56:09 2017
elapsed time: 0 seconds (0d 0h 0m 0s)

