#
# A fatal error has been detected by the Java Runtime Environment:
#
#  SIGSEGV (0xb) at pc=0x00007fcf377f7d44, pid=8249, tid=0x00007fcf37bff700
#
# JRE version: Java(TM) SE Runtime Environment (8.0_111-b14) (build 1.8.0_111-b14)
# Java VM: Java HotSpot(TM) 64-Bit Server VM (25.111-b14 mixed mode linux-amd64 compressed oops)
# Problematic frame:
# C  [libpthread.so.0+0x9d44]  pthread_mutex_lock+0x4
#
# Failed to write core dump. Core dumps have been disabled. To enable core dumping, try "ulimit -c unlimited" before starting Java again
#
# If you would like to submit a bug report, please visit:
#   http://bugreport.java.com/bugreport/crash.jsp
# The crash happened outside the Java Virtual Machine in native code.
# See problematic frame for where to report the bug.
#

---------------  T H R E A D  ---------------

Current thread (0x00007fcf3000e800):  JavaThread "main" [_thread_in_native, id=8253, stack(0x00007fcf37aff000,0x00007fcf37c00000)]

siginfo: si_signo: 11 (SIGSEGV), si_code: 128 (SI_KERNEL), si_addr: 0x0000000000000000

Registers:
RAX=0x00007fcf09095370, RBX=0x00007fcf302e85a0, RCX=0x0000000000000192, RDX=0x00007fcf37bfdca0
RSP=0x00007fcf37bfdc10, RBP=0x00007fcf37bfdc80, RSI=0x00007fcf37bfdc90, RDI=0x0001010100000000
R8 =0x00007fcf37bfdc80, R9 =0x00007fcf302e4312, R10=0x00007fcf0911a447, R11=0x0000000000000065
R12=0x00007fcf37bfdc7c, R13=0x00007fcf37bfddb8, R14=0x00007fcf37bfddb0, R15=0x00007fcf3000e9f8
RIP=0x00007fcf377f7d44, EFLAGS=0x0000000000010202, CSGSFS=0x0000000000000033, ERR=0x0000000000000000
  TRAPNO=0x000000000000000d

Top of Stack: (sp=0x00007fcf37bfdc10)
0x00007fcf37bfdc10:   0000000000000193 00007fcf090afbfa
0x00007fcf37bfdc20:   00007fcf37bfdc90 00007fcf37bfdca0
0x00007fcf37bfdc30:   0000000000000000 00007fcf3028ca30
0x00007fcf37bfdc40:   00007fcf30304980 e4bc47194c367000
0x00007fcf37bfdc50:   00007fcf3028ca30 00007fcf30304980
0x00007fcf37bfdc60:   00007fcf30309a40 00007fcf0908bf86
0x00007fcf37bfdc70:   00007fcf3000e9f8 00007fcf3007db98
0x00007fcf37bfdc80:   00007fcf30309a40 696c4369746c756d
0x00007fcf37bfdc90:   0000019300000192 00007fcf00000000
0x00007fcf37bfdca0:   0000015500000154 00007fcf00000000
0x00007fcf37bfdcb0:   0000000000000004 e4bc47194c367000
0x00007fcf37bfdcc0:   00007fcf30309a40 00007fcf37bfdd20
0x00007fcf37bfdcd0:   00007fcf30304980 00007fcf095e5981
0x00007fcf37bfdce0:   00007fcf3000e800 00007fcf3028ca30
0x00007fcf37bfdcf0:   00007fcf37bfdd30 00007fcf0bc6f570
0x00007fcf37bfdd00:   0000000000000000 00007fcf0bc6f570
0x00007fcf37bfdd10:   00007fcf37bfddc8 00007fcf3000e800
0x00007fcf37bfdd20:   00007fcf37bfdd90 00007fcf2101fca4
0x00007fcf37bfdd30:   00007fcf37bfdd90 00007fcf2101f759
0x00007fcf37bfdd40:   00007fcf3000e800 00007fcf2101f722
0x00007fcf37bfdd50:   00007fcf37bfdd50 00007fcf0bc6f570
0x00007fcf37bfdd60:   00007fcf37bfddc8 00007fcf0bc72d80
0x00007fcf37bfdd70:   0000000000000000 00007fcf0bc6f570
0x00007fcf37bfdd80:   0000000000000000 00007fcf37bfddb0
0x00007fcf37bfdd90:   00007fcf37bfde10 00007fcf210080c0
0x00007fcf37bfdda0:   00000000d7435f98 00007fcf2101647b
0x00007fcf37bfddb0:   00000000d7604c60 00000000d6ff95d0
0x00007fcf37bfddc0:   00007fcf3028ca30 00007fcf21007e50
0x00007fcf37bfddd0:   00007fcf37bfddd0 00007fcf0be22134
0x00007fcf37bfdde0:   00007fcf37bfde28 00007fcf0be2cc28
0x00007fcf37bfddf0:   0000000000000000 00007fcf0be221d8
0x00007fcf37bfde00:   00007fcf37bfddb0 00007fcf37bfde30 

Instructions: (pc=0x00007fcf377f7d44)
0x00007fcf377f7d24:   f0 02 00 00 00 00 00 00 b8 82 00 00 00 e9 d8 f9
0x00007fcf377f7d34:   ff ff 66 2e 0f 1f 84 00 00 00 00 00 48 83 ec 08
0x00007fcf377f7d44:   8b 57 10 89 d1 81 e1 7f 01 00 00 90 89 d0 83 e0
0x00007fcf377f7d54:   7c 0f 85 95 00 00 00 85 c9 49 89 f8 0f 85 9a 00 

Register to memory mapping:

RAX=0x00007fcf09095370: <offset 0x2b370> in /usr/lib/x86_64-linux-gnu/libX11.so.6 at 0x00007fcf0906a000
RBX=0x00007fcf302e85a0 is an unknown value
RCX=0x0000000000000192 is an unknown value
RDX=0x00007fcf37bfdca0 is pointing into the stack for thread: 0x00007fcf3000e800
RSP=0x00007fcf37bfdc10 is pointing into the stack for thread: 0x00007fcf3000e800
RBP=0x00007fcf37bfdc80 is pointing into the stack for thread: 0x00007fcf3000e800
RSI=0x00007fcf37bfdc90 is pointing into the stack for thread: 0x00007fcf3000e800
RDI=0x0001010100000000 is an unknown value
R8 =0x00007fcf37bfdc80 is pointing into the stack for thread: 0x00007fcf3000e800
R9 =0x00007fcf302e4312 is an unknown value
R10=0x00007fcf0911a447: <offset 0xb0447> in /usr/lib/x86_64-linux-gnu/libX11.so.6 at 0x00007fcf0906a000
R11=0x0000000000000065 is an unknown value
R12=0x00007fcf37bfdc7c is pointing into the stack for thread: 0x00007fcf3000e800
R13=0x00007fcf37bfddb8 is pointing into the stack for thread: 0x00007fcf3000e800
R14=0x00007fcf37bfddb0 is pointing into the stack for thread: 0x00007fcf3000e800
R15=0x00007fcf3000e9f8 is an unknown value


Stack: [0x00007fcf37aff000,0x00007fcf37c00000],  sp=0x00007fcf37bfdc10,  free space=1019k
Native frames: (J=compiled Java code, j=interpreted, Vv=VM code, C=native code)
C  [libpthread.so.0+0x9d44]  pthread_mutex_lock+0x4
C  0x696c4369746c756d

Java frames: (J=compiled Java code, j=interpreted, Vv=VM code)
j  sun.awt.X11.XlibWrapper.XGetDefault(JLjava/lang/String;Ljava/lang/String;)Ljava/lang/String;+0
j  sun.awt.X11.XToolkit.initializeMultiClickTime()V+12
j  sun.awt.X11.XToolkit.getMultiClickTime()I+6
j  sun.awt.X11.XToolkit.initializeDesktopProperties()V+82
j  java.awt.Toolkit.getDesktopProperty(Ljava/lang/String;)Ljava/lang/Object;+32
j  sun.swing.SwingUtilities2$AATextInfo.getAATextInfo(Z)Lsun/swing/SwingUtilities2$AATextInfo;+11
j  javax.swing.plaf.metal.MetalLookAndFeel.initComponentDefaults(Ljavax/swing/UIDefaults;)V+12062
j  javax.swing.plaf.basic.BasicLookAndFeel.getDefaults()Ljavax/swing/UIDefaults;+25
j  javax.swing.plaf.metal.MetalLookAndFeel.getDefaults()Ljavax/swing/UIDefaults;+9
j  javax.swing.UIManager.setLookAndFeel(Ljavax/swing/LookAndFeel;)V+79
j  javax.swing.UIManager.setLookAndFeel(Ljava/lang/String;)V+16
j  javax.swing.UIManager.initializeDefaultLAF(Ljava/util/Properties;)V+55
j  javax.swing.UIManager.initialize()V+9
j  javax.swing.UIManager.maybeInitialize()V+22
j  javax.swing.UIManager.getUI(Ljavax/swing/JComponent;)Ljavax/swing/plaf/ComponentUI;+0
j  javax.swing.JPanel.updateUI()V+2
j  javax.swing.JPanel.<init>(Ljava/awt/LayoutManager;Z)V+24
j  javax.swing.JPanel.<init>(Z)V+9
j  javax.swing.JPanel.<init>()V+2
j  javax.swing.JRootPane.createGlassPane()Ljava/awt/Component;+4
j  javax.swing.JRootPane.<init>()V+11
j  javax.swing.JFrame.createRootPane()Ljavax/swing/JRootPane;+4
j  javax.swing.JFrame.frameInit()V+16
j  javax.swing.JFrame.<init>(Ljava/lang/String;)V+21
j  engineTest.Main.<init>()V+3
j  engineTest.Main.main([Ljava/lang/String;)V+29
v  ~StubRoutines::call_stub

---------------  P R O C E S S  ---------------

Java Threads: ( => current thread )
  0x00007fcf302f1000 JavaThread "AWT-XAWT" daemon [_thread_in_native, id=8280, stack(0x00007fced2e62000,0x00007fced2f63000)]
  0x00007fcf302cf800 JavaThread "Java2D Disposer" daemon [_thread_blocked, id=8279, stack(0x00007fced35c0000,0x00007fced36c1000)]
  0x00007fcf301cc800 JavaThread "Thread-0" [_thread_in_native, id=8278, stack(0x00007fcf0831d000,0x00007fcf0841e000)]
  0x00007fcf300d5800 JavaThread "Service Thread" daemon [_thread_blocked, id=8276, stack(0x00007fcf09be2000,0x00007fcf09ce3000)]
  0x00007fcf300d2000 JavaThread "C1 CompilerThread2" daemon [_thread_blocked, id=8275, stack(0x00007fcf09ce3000,0x00007fcf09de4000)]
  0x00007fcf300d0800 JavaThread "C2 CompilerThread1" daemon [_thread_blocked, id=8274, stack(0x00007fcf09de4000,0x00007fcf09ee5000)]
  0x00007fcf300cd800 JavaThread "C2 CompilerThread0" daemon [_thread_blocked, id=8273, stack(0x00007fcf09ee5000,0x00007fcf09fe6000)]
  0x00007fcef8001000 JavaThread "JDWP Command Reader" daemon [_thread_in_native, id=8269, stack(0x00007fcf09fe6000,0x00007fcf0a0e7000)]
  0x00007fcf300cb800 JavaThread "JDWP Event Helper Thread" daemon [_thread_blocked, id=8266, stack(0x00007fcf0a0e7000,0x00007fcf0a1e8000)]
  0x00007fcf300c8000 JavaThread "JDWP Transport Listener: dt_socket" daemon [_thread_blocked, id=8265, stack(0x00007fcf0a1e8000,0x00007fcf0a2e9000)]
  0x00007fcf300ba800 JavaThread "Signal Dispatcher" daemon [_thread_blocked, id=8263, stack(0x00007fcf0a4ed000,0x00007fcf0a5ee000)]
  0x00007fcf30088800 JavaThread "Finalizer" daemon [_thread_blocked, id=8262, stack(0x00007fcf0a5ee000,0x00007fcf0a6ef000)]
  0x00007fcf30084000 JavaThread "Reference Handler" daemon [_thread_blocked, id=8261, stack(0x00007fcf0a6ef000,0x00007fcf0a7f0000)]
=>0x00007fcf3000e800 JavaThread "main" [_thread_in_native, id=8253, stack(0x00007fcf37aff000,0x00007fcf37c00000)]

Other Threads:
  0x00007fcf3007c800 VMThread [stack: 0x00007fcf0a7f0000,0x00007fcf0a8f1000] [id=8260]
  0x00007fcf300d8800 WatcherThread [stack: 0x00007fcf09ae1000,0x00007fcf09be2000] [id=8277]

VM state:not at safepoint (normal execution)

VM Mutex/Monitor currently owned by a thread: None

Heap:
 PSYoungGen      total 36864K, used 8298K [0x00000000d6f80000, 0x00000000d9880000, 0x0000000100000000)
  eden space 31744K, 26% used [0x00000000d6f80000,0x00000000d779aac0,0x00000000d8e80000)
  from space 5120K, 0% used [0x00000000d9380000,0x00000000d9380000,0x00000000d9880000)
  to   space 5120K, 0% used [0x00000000d8e80000,0x00000000d8e80000,0x00000000d9380000)
 ParOldGen       total 84992K, used 0K [0x0000000084e00000, 0x000000008a100000, 0x00000000d6f80000)
  object space 84992K, 0% used [0x0000000084e00000,0x0000000084e00000,0x000000008a100000)
 Metaspace       used 8493K, capacity 8686K, committed 8960K, reserved 1056768K
  class space    used 914K, capacity 1000K, committed 1024K, reserved 1048576K

Card table byte_map: [0x00007fcf20c26000,0x00007fcf21000000] byte_map_base: 0x00007fcf207ff000

Marking Bits: (ParMarkBitMap*) 0x00007fcf36fde220
 Begin Bits: [0x00007fcf18270000, 0x00007fcf1a138000)
 End Bits:   [0x00007fcf1a138000, 0x00007fcf1c000000)

Polling page: 0x00007fcf37c2d000

CodeCache: size=245760Kb used=2236Kb max_used=2236Kb free=243523Kb
 bounds [0x00007fcf21000000, 0x00007fcf21270000, 0x00007fcf30000000]
 total_blobs=1198 nmethods=420 adapters=700
 compilation: enabled

Compilation events (10 events):
Event: 0,457 Thread 0x00007fcf300d2000  416       3       java.lang.invoke.MethodType::equals (29 bytes)
Event: 0,457 Thread 0x00007fcf300d2000 nmethod 416 0x00007fcf2122c550 code [0x00007fcf2122c6e0, 0x00007fcf2122cc28]
Event: 0,457 Thread 0x00007fcf300d2000  417       3       java.lang.invoke.MethodType::toMethodDescriptorString (21 bytes)
Event: 0,458 Thread 0x00007fcf300d2000 nmethod 417 0x00007fcf2122cd50 code [0x00007fcf2122cf60, 0x00007fcf2122da78]
Event: 0,459 Thread 0x00007fcf300d2000  418       3       java.lang.reflect.Modifier::isFinal (13 bytes)
Event: 0,459 Thread 0x00007fcf300d2000 nmethod 418 0x00007fcf2122e290 code [0x00007fcf2122e400, 0x00007fcf2122e590]
Event: 0,459 Thread 0x00007fcf300d2000  419       3       java.lang.invoke.MethodType$ConcurrentWeakInternSet$WeakEntry::equals (49 bytes)
Event: 0,460 Thread 0x00007fcf300d2000 nmethod 419 0x00007fcf2122e610 code [0x00007fcf2122e7a0, 0x00007fcf2122ee08]
Event: 0,460 Thread 0x00007fcf300d2000  420       3       jdk.internal.org.objectweb.asm.Item::<init> (5 bytes)
Event: 0,460 Thread 0x00007fcf300d2000 nmethod 420 0x00007fcf2122ef50 code [0x00007fcf2122f0c0, 0x00007fcf2122f270]

GC Heap History (0 events):
No events

Deoptimization events (1 events):
Event: 0,277 Thread 0x00007fcf301cc800 Uncommon trap: reason=null_check action=make_not_entrant pc=0x00007fcf21174958 method=java.lang.String.equals(Ljava/lang/Object;)Z @ 8

Internal exceptions (10 events):
Event: 0,029 Thread 0x00007fcf3000e800 Exception <a 'java/lang/NoSuchMethodError': Method sun.misc.Unsafe.prefetchRead(Ljava/lang/Object;J)V name or signature does not match> (0x00000000d6f87f60) thrown at [/HUDSON3/workspace/8-2-build-linux-amd64/jdk8u111/7883/hotspot/src/share/vm/prims/jni.c
Event: 0,152 Thread 0x00007fcf3000e800 Exception <a 'java/security/PrivilegedActionException'> (0x00000000d7013ac0) thrown at [/HUDSON3/workspace/8-2-build-linux-amd64/jdk8u111/7883/hotspot/src/share/vm/prims/jvm.cpp, line 1386]
Event: 0,152 Thread 0x00007fcf3000e800 Exception <a 'java/security/PrivilegedActionException'> (0x00000000d7013cd0) thrown at [/HUDSON3/workspace/8-2-build-linux-amd64/jdk8u111/7883/hotspot/src/share/vm/prims/jvm.cpp, line 1386]
Event: 0,153 Thread 0x00007fcf3000e800 Exception <a 'java/security/PrivilegedActionException'> (0x00000000d7016110) thrown at [/HUDSON3/workspace/8-2-build-linux-amd64/jdk8u111/7883/hotspot/src/share/vm/prims/jvm.cpp, line 1386]
Event: 0,153 Thread 0x00007fcf3000e800 Exception <a 'java/security/PrivilegedActionException'> (0x00000000d7016320) thrown at [/HUDSON3/workspace/8-2-build-linux-amd64/jdk8u111/7883/hotspot/src/share/vm/prims/jvm.cpp, line 1386]
Event: 0,211 Thread 0x00007fcf3000e800 Exception <a 'java/lang/NoSuchFieldError': method resolution failed> (0x00000000d7220688) thrown at [/HUDSON3/workspace/8-2-build-linux-amd64/jdk8u111/7883/hotspot/src/share/vm/prims/methodHandles.cpp, line 1146]
Event: 0,222 Thread 0x00007fcf3000e800 Exception <a 'java/lang/NoSuchFieldError': method resolution failed> (0x00000000d722de58) thrown at [/HUDSON3/workspace/8-2-build-linux-amd64/jdk8u111/7883/hotspot/src/share/vm/prims/methodHandles.cpp, line 1146]
Event: 0,254 Thread 0x00007fcf3000e800 Exception <a 'java/io/FileNotFoundException'> (0x00000000d72ae0e8) thrown at [/HUDSON3/workspace/8-2-build-linux-amd64/jdk8u111/7883/hotspot/src/share/vm/prims/jni.cpp, line 709]
Event: 0,254 Thread 0x00007fcf3000e800 Exception <a 'java/io/FileNotFoundException'> (0x00000000d72aeaa0) thrown at [/HUDSON3/workspace/8-2-build-linux-amd64/jdk8u111/7883/hotspot/src/share/vm/prims/jni.cpp, line 709]
Event: 0,276 Thread 0x00007fcf301cc800 Implicit null exception at 0x00007fcf211746be to 0x00007fcf21174949

Events (10 events):
Event: 0,455 loading class javax/swing/plaf/DimensionUIResource
Event: 0,455 loading class javax/swing/plaf/DimensionUIResource done
Event: 0,455 loading class javax/swing/UIDefaults$LazyInputMap
Event: 0,455 loading class javax/swing/UIDefaults$LazyInputMap done
Event: 0,458 loading class javax/swing/plaf/metal/MetalLookAndFeel$FontActiveValue
Event: 0,458 loading class javax/swing/plaf/metal/MetalLookAndFeel$FontActiveValue done
Event: 0,460 loading class sun/swing/SwingUtilities2$AATextInfo
Event: 0,460 loading class sun/swing/SwingUtilities2$AATextInfo done
Event: 0,460 loading class sun/awt/HeadlessToolkit
Event: 0,461 loading class sun/awt/HeadlessToolkit done


Dynamic libraries:
00400000-00401000 r-xp 00000000 08:15 12855452                           /usr/lib/jvm/java-8-oracle/bin/java
00600000-00601000 rw-p 00000000 08:15 12855452                           /usr/lib/jvm/java-8-oracle/bin/java
02516000-02537000 rw-p 00000000 00:00 0                                  [heap]
84e00000-8a100000 rw-p 00000000 00:00 0 
8a100000-d6f80000 ---p 00000000 00:00 0 
d6f80000-d9880000 rw-p 00000000 00:00 0 
d9880000-100000000 ---p 00000000 00:00 0 
100000000-100100000 rw-p 00000000 00:00 0 
100100000-140000000 ---p 00000000 00:00 0 
7fcec4000000-7fcec4021000 rw-p 00000000 00:00 0 
7fcec4021000-7fcec8000000 ---p 00000000 00:00 0 
7fcecc000000-7fcecc021000 rw-p 00000000 00:00 0 
7fcecc021000-7fced0000000 ---p 00000000 00:00 0 
7fced1fca000-7fced1fcb000 r-xp 00000000 08:15 12329465                   /usr/lib/x86_64-linux-gnu/libX11-xcb.so.1.0.0
7fced1fcb000-7fced21ca000 ---p 00001000 08:15 12329465                   /usr/lib/x86_64-linux-gnu/libX11-xcb.so.1.0.0
7fced21ca000-7fced21cb000 r--p 00000000 08:15 12329465                   /usr/lib/x86_64-linux-gnu/libX11-xcb.so.1.0.0
7fced21cb000-7fced21cc000 rw-p 00001000 08:15 12329465                   /usr/lib/x86_64-linux-gnu/libX11-xcb.so.1.0.0
7fced21cc000-7fced21d1000 r-xp 00000000 08:15 12329520                   /usr/lib/x86_64-linux-gnu/libXxf86vm.so.1.0.0
7fced21d1000-7fced23d0000 ---p 00005000 08:15 12329520                   /usr/lib/x86_64-linux-gnu/libXxf86vm.so.1.0.0
7fced23d0000-7fced23d1000 r--p 00004000 08:15 12329520                   /usr/lib/x86_64-linux-gnu/libXxf86vm.so.1.0.0
7fced23d1000-7fced23d2000 rw-p 00005000 08:15 12329520                   /usr/lib/x86_64-linux-gnu/libXxf86vm.so.1.0.0
7fced23d2000-7fced23d4000 r-xp 00000000 08:15 12329494                   /usr/lib/x86_64-linux-gnu/libXinerama.so.1.0.0
7fced23d4000-7fced25d3000 ---p 00002000 08:15 12329494                   /usr/lib/x86_64-linux-gnu/libXinerama.so.1.0.0
7fced25d3000-7fced25d4000 r--p 00001000 08:15 12329494                   /usr/lib/x86_64-linux-gnu/libXinerama.so.1.0.0
7fced25d4000-7fced25d5000 rw-p 00002000 08:15 12329494                   /usr/lib/x86_64-linux-gnu/libXinerama.so.1.0.0
7fced25d5000-7fced25df000 r-xp 00000000 08:15 12329502                   /usr/lib/x86_64-linux-gnu/libXrandr.so.2.2.0
7fced25df000-7fced27de000 ---p 0000a000 08:15 12329502                   /usr/lib/x86_64-linux-gnu/libXrandr.so.2.2.0
7fced27de000-7fced27df000 r--p 00009000 08:15 12329502                   /usr/lib/x86_64-linux-gnu/libXrandr.so.2.2.0
7fced27df000-7fced27e0000 rw-p 0000a000 08:15 12329502                   /usr/lib/x86_64-linux-gnu/libXrandr.so.2.2.0
7fced27e0000-7fced27fe000 r-xp 00000000 08:15 1466952                    /tmp/lwjglnokorot/3.1.1-build-16/libglfw.so
7fced27fe000-7fced29fd000 ---p 0001e000 08:15 1466952                    /tmp/lwjglnokorot/3.1.1-build-16/libglfw.so
7fced29fd000-7fced29fe000 r--p 0001d000 08:15 1466952                    /tmp/lwjglnokorot/3.1.1-build-16/libglfw.so
7fced29fe000-7fced29ff000 rw-p 0001e000 08:15 1466952                    /tmp/lwjglnokorot/3.1.1-build-16/libglfw.so
7fced29ff000-7fced2a00000 rw-p 00000000 00:00 0 
7fced2a00000-7fced2c00000 rw-p 00000000 00:00 0 
7fced2c25000-7fced2c5e000 r-xp 00000000 08:15 1466951                    /tmp/lwjglnokorot/3.1.1-build-16/libjemalloc.so
7fced2c5e000-7fced2e5d000 ---p 00039000 08:15 1466951                    /tmp/lwjglnokorot/3.1.1-build-16/libjemalloc.so
7fced2e5d000-7fced2e60000 r--p 00038000 08:15 1466951                    /tmp/lwjglnokorot/3.1.1-build-16/libjemalloc.so
7fced2e60000-7fced2e61000 rw-p 0003b000 08:15 1466951                    /tmp/lwjglnokorot/3.1.1-build-16/libjemalloc.so
7fced2e61000-7fced2e62000 rw-p 00000000 00:00 0 
7fced2e62000-7fced2e65000 ---p 00000000 00:00 0 
7fced2e65000-7fced2f63000 rw-p 00000000 00:00 0 
7fced2f63000-7fced2f68000 r-xp 00000000 08:15 12329486                   /usr/lib/x86_64-linux-gnu/libXfixes.so.3.1.0
7fced2f68000-7fced3167000 ---p 00005000 08:15 12329486                   /usr/lib/x86_64-linux-gnu/libXfixes.so.3.1.0
7fced3167000-7fced3168000 r--p 00004000 08:15 12329486                   /usr/lib/x86_64-linux-gnu/libXfixes.so.3.1.0
7fced3168000-7fced3169000 rw-p 00005000 08:15 12329486                   /usr/lib/x86_64-linux-gnu/libXfixes.so.3.1.0
7fced3169000-7fced3172000 r-xp 00000000 08:15 12329478                   /usr/lib/x86_64-linux-gnu/libXcursor.so.1.0.2
7fced3172000-7fced3371000 ---p 00009000 08:15 12329478                   /usr/lib/x86_64-linux-gnu/libXcursor.so.1.0.2
7fced3371000-7fced3372000 r--p 00008000 08:15 12329478                   /usr/lib/x86_64-linux-gnu/libXcursor.so.1.0.2
7fced3372000-7fced3373000 rw-p 00009000 08:15 12329478                   /usr/lib/x86_64-linux-gnu/libXcursor.so.1.0.2
7fced3373000-7fced33be000 r-xp 00000000 08:15 1466950                    /tmp/lwjglnokorot/3.1.1-build-16/liblwjgl.so
7fced33be000-7fced35be000 ---p 0004b000 08:15 1466950                    /tmp/lwjglnokorot/3.1.1-build-16/liblwjgl.so
7fced35be000-7fced35bf000 r--p 0004b000 08:15 1466950                    /tmp/lwjglnokorot/3.1.1-build-16/liblwjgl.so
7fced35bf000-7fced35c0000 rw-p 0004c000 08:15 1466950                    /tmp/lwjglnokorot/3.1.1-build-16/liblwjgl.so
7fced35c0000-7fced35c3000 ---p 00000000 00:00 0 
7fced35c3000-7fced39c2000 rw-p 00000000 00:00 0 
7fced39c2000-7fced39d8000 r-xp 00000000 08:15 12980356                   /usr/lib/jvm/java-8-oracle/jre/lib/amd64/libnet.so
7fced39d8000-7fced3bd8000 ---p 00016000 08:15 12980356                   /usr/lib/jvm/java-8-oracle/jre/lib/amd64/libnet.so
7fced3bd8000-7fced3bd9000 rw-p 00016000 08:15 12980356                   /usr/lib/jvm/java-8-oracle/jre/lib/amd64/libnet.so
7fced3bd9000-7fced3bea000 r-xp 00000000 08:15 12980591                   /usr/lib/jvm/java-8-oracle/jre/lib/amd64/libnio.so
7fced3bea000-7fced3de9000 ---p 00011000 08:15 12980591                   /usr/lib/jvm/java-8-oracle/jre/lib/amd64/libnio.so
7fced3de9000-7fced3dea000 rw-p 00010000 08:15 12980591                   /usr/lib/jvm/java-8-oracle/jre/lib/amd64/libnio.so
7fced3dea000-7fced3e00000 r-xp 00000000 08:15 7082441                    /lib/x86_64-linux-gnu/libgcc_s.so.1
7fced3e00000-7fced3fff000 ---p 00016000 08:15 7082441                    /lib/x86_64-linux-gnu/libgcc_s.so.1
7fced3fff000-7fced4000000 rw-p 00015000 08:15 7082441                    /lib/x86_64-linux-gnu/libgcc_s.so.1
7fced4000000-7fced4021000 rw-p 00000000 00:00 0 
7fced4021000-7fced8000000 ---p 00000000 00:00 0 
7fced8000000-7fced820f000 rw-p 00000000 00:00 0 
7fced820f000-7fcedc000000 ---p 00000000 00:00 0 
7fcedc000000-7fcedc1e5000 rw-p 00000000 00:00 0 
7fcedc1e5000-7fcee0000000 ---p 00000000 00:00 0 
7fcee0000000-7fcee0021000 rw-p 00000000 00:00 0 
7fcee0021000-7fcee4000000 ---p 00000000 00:00 0 
7fcee4000000-7fcee40cf000 rw-p 00000000 00:00 0 
7fcee40cf000-7fcee8000000 ---p 00000000 00:00 0 
7fcee8000000-7fcee8036000 rw-p 00000000 00:00 0 
7fcee8036000-7fceec000000 ---p 00000000 00:00 0 
7fceec000000-7fceec021000 rw-p 00000000 00:00 0 
7fceec021000-7fcef0000000 ---p 00000000 00:00 0 
7fcef0000000-7fcef0021000 rw-p 00000000 00:00 0 
7fcef0021000-7fcef4000000 ---p 00000000 00:00 0 
7fcef4000000-7fcef4021000 rw-p 00000000 00:00 0 
7fcef4021000-7fcef8000000 ---p 00000000 00:00 0 
7fcef8000000-7fcef8021000 rw-p 00000000 00:00 0 
7fcef8021000-7fcefc000000 ---p 00000000 00:00 0 
7fcefc000000-7fcefc021000 rw-p 00000000 00:00 0 
7fcefc021000-7fcf00000000 ---p 00000000 00:00 0 
7fcf00000000-7fcf00021000 rw-p 00000000 00:00 0 
7fcf00021000-7fcf04000000 ---p 00000000 00:00 0 
7fcf04000000-7fcf04021000 rw-p 00000000 00:00 0 
7fcf04021000-7fcf08000000 ---p 00000000 00:00 0 
7fcf080a4000-7fcf08109000 r-xp 00000000 08:15 12980585                   /usr/lib/jvm/java-8-oracle/jre/lib/amd64/libfontmanager.so
7fcf08109000-7fcf08308000 ---p 00065000 08:15 12980585                   /usr/lib/jvm/java-8-oracle/jre/lib/amd64/libfontmanager.so
7fcf08308000-7fcf0830d000 rw-p 00064000 08:15 12980585                   /usr/lib/jvm/java-8-oracle/jre/lib/amd64/libfontmanager.so
7fcf0830d000-7fcf0831d000 rw-p 00000000 00:00 0 
7fcf0831d000-7fcf08320000 ---p 00000000 00:00 0 
7fcf08320000-7fcf0841e000 rw-p 00000000 00:00 0 
7fcf0841e000-7fcf08423000 r-xp 00000000 08:15 12329482                   /usr/lib/x86_64-linux-gnu/libXdmcp.so.6.0.0
7fcf08423000-7fcf08622000 ---p 00005000 08:15 12329482                   /usr/lib/x86_64-linux-gnu/libXdmcp.so.6.0.0
7fcf08622000-7fcf08623000 r--p 00004000 08:15 12329482                   /usr/lib/x86_64-linux-gnu/libXdmcp.so.6.0.0
7fcf08623000-7fcf08624000 rw-p 00005000 08:15 12329482                   /usr/lib/x86_64-linux-gnu/libXdmcp.so.6.0.0
7fcf08624000-7fcf08626000 r-xp 00000000 08:15 12329471                   /usr/lib/x86_64-linux-gnu/libXau.so.6.0.0
7fcf08626000-7fcf08826000 ---p 00002000 08:15 12329471                   /usr/lib/x86_64-linux-gnu/libXau.so.6.0.0
7fcf08826000-7fcf08827000 r--p 00002000 08:15 12329471                   /usr/lib/x86_64-linux-gnu/libXau.so.6.0.0
7fcf08827000-7fcf08828000 rw-p 00003000 08:15 12329471                   /usr/lib/x86_64-linux-gnu/libXau.so.6.0.0
7fcf08828000-7fcf08849000 r-xp 00000000 08:15 12330820                   /usr/lib/x86_64-linux-gnu/libxcb.so.1.1.0
7fcf08849000-7fcf08a48000 ---p 00021000 08:15 12330820                   /usr/lib/x86_64-linux-gnu/libxcb.so.1.1.0
7fcf08a48000-7fcf08a49000 r--p 00020000 08:15 12330820                   /usr/lib/x86_64-linux-gnu/libxcb.so.1.1.0
7fcf08a49000-7fcf08a4a000 rw-p 00021000 08:15 12330820                   /usr/lib/x86_64-linux-gnu/libxcb.so.1.1.0
7fcf08a4a000-7fcf08a59000 r-xp 00000000 08:15 12329492                   /usr/lib/x86_64-linux-gnu/libXi.so.6.1.0
7fcf08a59000-7fcf08c58000 ---p 0000f000 08:15 12329492                   /usr/lib/x86_64-linux-gnu/libXi.so.6.1.0
7fcf08c58000-7fcf08c59000 r--p 0000e000 08:15 12329492                   /usr/lib/x86_64-linux-gnu/libXi.so.6.1.0
7fcf08c59000-7fcf08c5a000 rw-p 0000f000 08:15 12329492                   /usr/lib/x86_64-linux-gnu/libXi.so.6.1.0
7fcf08c5a000-7fcf08c5f000 r-xp 00000000 08:15 12329510                   /usr/lib/x86_64-linux-gnu/libXtst.so.6.1.0
7fcf08c5f000-7fcf08e5e000 ---p 00005000 08:15 12329510                   /usr/lib/x86_64-linux-gnu/libXtst.so.6.1.0
7fcf08e5e000-7fcf08e5f000 r--p 00004000 08:15 12329510                   /usr/lib/x86_64-linux-gnu/libXtst.so.6.1.0
7fcf08e5f000-7fcf08e60000 rw-p 00005000 08:15 12329510                   /usr/lib/x86_64-linux-gnu/libXtst.so.6.1.0
7fcf08e60000-7fcf08e69000 r-xp 00000000 08:15 12329504                   /usr/lib/x86_64-linux-gnu/libXrender.so.1.3.0
7fcf08e69000-7fcf09068000 ---p 00009000 08:15 12329504                   /usr/lib/x86_64-linux-gnu/libXrender.so.1.3.0
7fcf09068000-7fcf09069000 r--p 00008000 08:15 12329504                   /usr/lib/x86_64-linux-gnu/libXrender.so.1.3.0
7fcf09069000-7fcf0906a000 rw-p 00009000 08:15 12329504                   /usr/lib/x86_64-linux-gnu/libXrender.so.1.3.0
7fcf0906a000-7fcf0919f000 r-xp 00000000 08:15 12329467                   /usr/lib/x86_64-linux-gnu/libX11.so.6.3.0
7fcf0919f000-7fcf0939f000 ---p 00135000 08:15 12329467                   /usr/lib/x86_64-linux-gnu/libX11.so.6.3.0
7fcf0939f000-7fcf093a0000 r--p 00135000 08:15 12329467                   /usr/lib/x86_64-linux-gnu/libX11.so.6.3.0
7fcf093a0000-7fcf093a4000 rw-p 00136000 08:15 12329467                   /usr/lib/x86_64-linux-gnu/libX11.so.6.3.0
7fcf093a4000-7fcf093b5000 r-xp 00000000 08:15 12329484                   /usr/lib/x86_64-linux-gnu/libXext.so.6.4.0
7fcf093b5000-7fcf095b4000 ---p 00011000 08:15 12329484                   /usr/lib/x86_64-linux-gnu/libXext.so.6.4.0
7fcf095b4000-7fcf095b5000 r--p 00010000 08:15 12329484                   /usr/lib/x86_64-linux-gnu/libXext.so.6.4.0
7fcf095b5000-7fcf095b6000 rw-p 00011000 08:15 12329484                   /usr/lib/x86_64-linux-gnu/libXext.so.6.4.0
7fcf095b6000-7fcf0960a000 r-xp 00000000 08:15 12980593                   /usr/lib/jvm/java-8-oracle/jre/lib/amd64/libawt_xawt.so
7fcf0960a000-7fcf0980a000 ---p 00054000 08:15 12980593                   /usr/lib/jvm/java-8-oracle/jre/lib/amd64/libawt_xawt.so
7fcf0980a000-7fcf0980e000 rw-p 00054000 08:15 12980593                   /usr/lib/jvm/java-8-oracle/jre/lib/amd64/libawt_xawt.so
7fcf0980e000-7fcf0980f000 rw-p 00000000 00:00 0 
7fcf0980f000-7fcf098b1000 r-xp 00000000 08:15 12980626                   /usr/lib/jvm/java-8-oracle/jre/lib/amd64/libawt.so
7fcf098b1000-7fcf09ab1000 ---p 000a2000 08:15 12980626                   /usr/lib/jvm/java-8-oracle/jre/lib/amd64/libawt.so
7fcf09ab1000-7fcf09abd000 rw-p 000a2000 08:15 12980626                   /usr/lib/jvm/java-8-oracle/jre/lib/amd64/libawt.so
7fcf09abd000-7fcf09ae1000 rw-p 00000000 00:00 0 
7fcf09ae1000-7fcf09ae2000 ---p 00000000 00:00 0 
7fcf09ae2000-7fcf09be2000 rw-p 00000000 00:00 0 
7fcf09be2000-7fcf09be5000 ---p 00000000 00:00 0 
7fcf09be5000-7fcf09ce3000 rw-p 00000000 00:00 0 
7fcf09ce3000-7fcf09ce6000 ---p 00000000 00:00 0 
7fcf09ce6000-7fcf09de4000 rw-p 00000000 00:00 0 
7fcf09de4000-7fcf09de7000 ---p 00000000 00:00 0 
7fcf09de7000-7fcf09ee5000 rw-p 00000000 00:00 0 
7fcf09ee5000-7fcf09ee8000 ---p 00000000 00:00 0 
7fcf09ee8000-7fcf09fe6000 rw-p 00000000 00:00 0 
7fcf09fe6000-7fcf09fe9000 ---p 00000000 00:00 0 
7fcf09fe9000-7fcf0a0e7000 rw-p 00000000 00:00 0 
7fcf0a0e7000-7fcf0a0ea000 ---p 00000000 00:00 0 
7fcf0a0ea000-7fcf0a1e8000 rw-p 00000000 00:00 0 
7fcf0a1e8000-7fcf0a1eb000 ---p 00000000 00:00 0 
7fcf0a1eb000-7fcf0a2e9000 rw-p 00000000 00:00 0 
7fcf0a2e9000-7fcf0a2ed000 r-xp 00000000 08:15 12980607                   /usr/lib/jvm/java-8-oracle/jre/lib/amd64/libdt_socket.so
7fcf0a2ed000-7fcf0a4ec000 ---p 00004000 08:15 12980607                   /usr/lib/jvm/java-8-oracle/jre/lib/amd64/libdt_socket.so
7fcf0a4ec000-7fcf0a4ed000 rw-p 00003000 08:15 12980607                   /usr/lib/jvm/java-8-oracle/jre/lib/amd64/libdt_socket.so
7fcf0a4ed000-7fcf0a4f0000 ---p 00000000 00:00 0 
7fcf0a4f0000-7fcf0a5ee000 rw-p 00000000 00:00 0 
7fcf0a5ee000-7fcf0a5f1000 ---p 00000000 00:00 0 
7fcf0a5f1000-7fcf0a6ef000 rw-p 00000000 00:00 0 
7fcf0a6ef000-7fcf0a6f2000 ---p 00000000 00:00 0 
7fcf0a6f2000-7fcf0a7f0000 rw-p 00000000 00:00 0 
7fcf0a7f0000-7fcf0a7f1000 ---p 00000000 00:00 0 
7fcf0a7f1000-7fcf0bfc0000 rw-p 00000000 00:00 0 
7fcf0bfc0000-7fcf0c000000 ---p 00000000 00:00 0 
7fcf0c000000-7fcf0c021000 rw-p 00000000 00:00 0 
7fcf0c021000-7fcf10000000 ---p 00000000 00:00 0 
7fcf10000000-7fcf10021000 rw-p 00000000 00:00 0 
7fcf10021000-7fcf14000000 ---p 00000000 00:00 0 
7fcf14000000-7fcf14021000 rw-p 00000000 00:00 0 
7fcf14021000-7fcf18000000 ---p 00000000 00:00 0 
7fcf18098000-7fcf18270000 r--s 03d2a000 08:15 12855517                   /usr/lib/jvm/java-8-oracle/jre/lib/rt.jar
7fcf18270000-7fcf1c000000 rw-p 00000000 00:00 0 
7fcf1c000000-7fcf1c021000 rw-p 00000000 00:00 0 
7fcf1c021000-7fcf20000000 ---p 00000000 00:00 0 
7fcf20050000-7fcf20051000 rwxp 00000000 00:00 0 
7fcf20051000-7fcf20052000 r--s 00004000 08:15 13654818                   /home/nokorot/Workspace/Java/PS/PS 3.0.0/LWJGL3/lwjgl-xxhash.jar
7fcf20052000-7fcf20053000 r--s 00001000 08:15 13654817                   /home/nokorot/Workspace/Java/PS/PS 3.0.0/LWJGL3/lwjgl-xxhash-natives-linux.jar
7fcf20053000-7fcf2005c000 r--s 000a6000 08:15 13654825                   /home/nokorot/Workspace/Java/PS/PS 3.0.0/LWJGL3/lwjgl-vulkan.jar
7fcf2005c000-7fcf20061000 r--s 000ac000 08:15 13654824                   /home/nokorot/Workspace/Java/PS/PS 3.0.0/LWJGL3/lwjgl-vulkan-sources.jar
7fcf20061000-7fcf20062000 r--s 00001000 08:15 13654813                   /home/nokorot/Workspace/Java/PS/PS 3.0.0/LWJGL3/lwjgl-tinyfd.jar
7fcf20062000-7fcf20063000 r--s 00007000 08:15 13654815                   /home/nokorot/Workspace/Java/PS/PS 3.0.0/LWJGL3/lwjgl-tinyfd-natives-linux.jar
7fcf20063000-7fcf20066000 r--s 00012000 08:15 13654809                   /home/nokorot/Workspace/Java/PS/PS 3.0.0/LWJGL3/lwjgl-stb.jar
7fcf20066000-7fcf20067000 r--s 0002c000 08:15 13654808                   /home/nokorot/Workspace/Java/PS/PS 3.0.0/LWJGL3/lwjgl-stb-natives-linux.jar
7fcf20067000-7fcf20068000 r--s 00000000 08:15 13654803                   /home/nokorot/Workspace/Java/PS/PS 3.0.0/LWJGL3/lwjgl-sse.jar
7fcf20068000-7fcf20069000 r--s 00000000 08:15 13654802                   /home/nokorot/Workspace/Java/PS/PS 3.0.0/LWJGL3/lwjgl-sse-natives-linux.jar
7fcf20069000-7fcf2006b000 r--s 00058000 08:15 13654804                   /home/nokorot/Workspace/Java/PS/PS 3.0.0/LWJGL3/lwjgl-sse-javadoc.jar
7fcf2006b000-7fcf2006d000 r--s 00001000 08:15 13654799                   /home/nokorot/Workspace/Java/PS/PS 3.0.0/LWJGL3/lwjgl-par.jar
7fcf2006d000-7fcf2006e000 r--s 00005000 08:15 13654795                   /home/nokorot/Workspace/Java/PS/PS 3.0.0/LWJGL3/lwjgl-par-natives-linux.jar
7fcf2006e000-7fcf20074000 r--s 00048000 08:15 13654794                   /home/nokorot/Workspace/Java/PS/PS 3.0.0/LWJGL3/lwjgl-opengles.jar
7fcf20074000-7fcf20075000 r--s 00007000 08:15 13654792                   /home/nokorot/Workspace/Java/PS/PS 3.0.0/LWJGL3/lwjgl-opengles-natives-linux.jar
7fcf20075000-7fcf2007e000 r--s 000ba000 08:15 13654797                   /home/nokorot/Workspace/Java/PS/PS 3.0.0/LWJGL3/lwjgl-opengl.jar
7fcf2007e000-7fcf2007f000 r--s 00015000 08:15 13654789                   /home/nokorot/Workspace/Java/PS/PS 3.0.0/LWJGL3/lwjgl-opengl-natives-linux.jar
7fcf2007f000-7fcf20082000 r--s 00023000 08:15 13654790                   /home/nokorot/Workspace/Java/PS/PS 3.0.0/LWJGL3/lwjgl-opencl.jar
7fcf20082000-7fcf20084000 r--s 00010000 08:15 13654776                   /home/nokorot/Workspace/Java/PS/PS 3.0.0/LWJGL3/lwjgl-openal.jar
7fcf20084000-7fcf20085000 r--s 0004a000 08:15 13654787                   /home/nokorot/Workspace/Java/PS/PS 3.0.0/LWJGL3/lwjgl-openal-natives-linux.jar
7fcf20085000-7fcf2008a000 r--s 00054000 08:15 13654782                   /home/nokorot/Workspace/Java/PS/PS 3.0.0/LWJGL3/lwjgl-nuklear.jar
7fcf2008a000-7fcf2008b000 r--s 0001f000 08:15 13654772                   /home/nokorot/Workspace/Java/PS/PS 3.0.0/LWJGL3/lwjgl-nuklear-natives-linux.jar
7fcf2008b000-7fcf2008c000 r--s 00001000 08:15 13654766                   /home/nokorot/Workspace/Java/PS/PS 3.0.0/LWJGL3/lwjgl-nfd.jar
7fcf2008c000-7fcf2008d000 r--s 00001000 08:15 13654764                   /home/nokorot/Workspace/Java/PS/PS 3.0.0/LWJGL3/lwjgl-nfd-natives-linux.jar
7fcf2008d000-7fcf2008e000 r--s 00011000 08:15 13654822                   /home/nokorot/Workspace/Java/PS/PS 3.0.0/LWJGL3/lwjgl-natives-linux.jar
7fcf2008e000-7fcf20090000 r--s 00008000 08:15 13654756                   /home/nokorot/Workspace/Java/PS/PS 3.0.0/LWJGL3/lwjgl-nanovg.jar
7fcf20090000-7fcf20591000 rw-p 00000000 00:00 0 
7fcf20591000-7fcf20592000 ---p 00000000 00:00 0 
7fcf20592000-7fcf20692000 rw-p 00000000 00:00 0 
7fcf20692000-7fcf20693000 ---p 00000000 00:00 0 
7fcf20693000-7fcf20793000 rw-p 00000000 00:00 0 
7fcf20793000-7fcf20794000 ---p 00000000 00:00 0 
7fcf20794000-7fcf20894000 rw-p 00000000 00:00 0 
7fcf20894000-7fcf20895000 ---p 00000000 00:00 0 
7fcf20895000-7fcf209bf000 rw-p 00000000 00:00 0 
7fcf209bf000-7fcf20c26000 ---p 00000000 00:00 0 
7fcf20c26000-7fcf20c50000 rw-p 00000000 00:00 0 
7fcf20c50000-7fcf20eb6000 ---p 00000000 00:00 0 
7fcf20eb6000-7fcf20ecc000 rw-p 00000000 00:00 0 
7fcf20ecc000-7fcf20fff000 ---p 00000000 00:00 0 
7fcf20fff000-7fcf21000000 rw-p 00000000 00:00 0 
7fcf21000000-7fcf21270000 rwxp 00000000 00:00 0 
7fcf21270000-7fcf30000000 ---p 00000000 00:00 0 
7fcf30000000-7fcf30456000 rw-p 00000000 00:00 0 
7fcf30456000-7fcf34000000 ---p 00000000 00:00 0 
7fcf34000000-7fcf3402b000 rw-p 00000000 00:00 0 
7fcf3402b000-7fcf343e1000 ---p 00000000 00:00 0 
7fcf343e1000-7fcf343fb000 r-xp 00000000 08:15 12980589                   /usr/lib/jvm/java-8-oracle/jre/lib/amd64/libzip.so
7fcf343fb000-7fcf345fb000 ---p 0001a000 08:15 12980589                   /usr/lib/jvm/java-8-oracle/jre/lib/amd64/libzip.so
7fcf345fb000-7fcf345fc000 rw-p 0001a000 08:15 12980589                   /usr/lib/jvm/java-8-oracle/jre/lib/amd64/libzip.so
7fcf345fc000-7fcf34607000 r-xp 00000000 08:15 7082071                    /lib/x86_64-linux-gnu/libnss_files-2.23.so
7fcf34607000-7fcf34806000 ---p 0000b000 08:15 7082071                    /lib/x86_64-linux-gnu/libnss_files-2.23.so
7fcf34806000-7fcf34807000 r--p 0000a000 08:15 7082071                    /lib/x86_64-linux-gnu/libnss_files-2.23.so
7fcf34807000-7fcf34808000 rw-p 0000b000 08:15 7082071                    /lib/x86_64-linux-gnu/libnss_files-2.23.so
7fcf34808000-7fcf3480e000 rw-p 00000000 00:00 0 
7fcf3480e000-7fcf34819000 r-xp 00000000 08:15 7082047                    /lib/x86_64-linux-gnu/libnss_nis-2.23.so
7fcf34819000-7fcf34a18000 ---p 0000b000 08:15 7082047                    /lib/x86_64-linux-gnu/libnss_nis-2.23.so
7fcf34a18000-7fcf34a19000 r--p 0000a000 08:15 7082047                    /lib/x86_64-linux-gnu/libnss_nis-2.23.so
7fcf34a19000-7fcf34a1a000 rw-p 0000b000 08:15 7082047                    /lib/x86_64-linux-gnu/libnss_nis-2.23.so
7fcf34a1a000-7fcf34a30000 r-xp 00000000 08:15 7082063                    /lib/x86_64-linux-gnu/libnsl-2.23.so
7fcf34a30000-7fcf34c2f000 ---p 00016000 08:15 7082063                    /lib/x86_64-linux-gnu/libnsl-2.23.so
7fcf34c2f000-7fcf34c30000 r--p 00015000 08:15 7082063                    /lib/x86_64-linux-gnu/libnsl-2.23.so
7fcf34c30000-7fcf34c31000 rw-p 00016000 08:15 7082063                    /lib/x86_64-linux-gnu/libnsl-2.23.so
7fcf34c31000-7fcf34c33000 rw-p 00000000 00:00 0 
7fcf34c33000-7fcf34c3b000 r-xp 00000000 08:15 7082065                    /lib/x86_64-linux-gnu/libnss_compat-2.23.so
7fcf34c3b000-7fcf34e3a000 ---p 00008000 08:15 7082065                    /lib/x86_64-linux-gnu/libnss_compat-2.23.so
7fcf34e3a000-7fcf34e3b000 r--p 00007000 08:15 7082065                    /lib/x86_64-linux-gnu/libnss_compat-2.23.so
7fcf34e3b000-7fcf34e3c000 rw-p 00008000 08:15 7082065                    /lib/x86_64-linux-gnu/libnss_compat-2.23.so
7fcf34e3c000-7fcf35293000 r--p 00000000 08:15 12322328                   /usr/lib/locale/locale-archive
7fcf35293000-7fcf35295000 r-xp 00000000 08:15 12980597                   /usr/lib/jvm/java-8-oracle/jre/lib/amd64/libnpt.so
7fcf35295000-7fcf35495000 ---p 00002000 08:15 12980597                   /usr/lib/jvm/java-8-oracle/jre/lib/amd64/libnpt.so
7fcf35495000-7fcf35496000 rw-p 00002000 08:15 12980597                   /usr/lib/jvm/java-8-oracle/jre/lib/amd64/libnpt.so
7fcf35496000-7fcf354cf000 r-xp 00000000 08:15 12980352                   /usr/lib/jvm/java-8-oracle/jre/lib/amd64/libjdwp.so
7fcf354cf000-7fcf356ce000 ---p 00039000 08:15 12980352                   /usr/lib/jvm/java-8-oracle/jre/lib/amd64/libjdwp.so
7fcf356ce000-7fcf356d0000 rw-p 00038000 08:15 12980352                   /usr/lib/jvm/java-8-oracle/jre/lib/amd64/libjdwp.so
7fcf356d0000-7fcf356fb000 r-xp 00000000 08:15 12980616                   /usr/lib/jvm/java-8-oracle/jre/lib/amd64/libjava.so
7fcf356fb000-7fcf358fa000 ---p 0002b000 08:15 12980616                   /usr/lib/jvm/java-8-oracle/jre/lib/amd64/libjava.so
7fcf358fa000-7fcf358fc000 rw-p 0002a000 08:15 12980616                   /usr/lib/jvm/java-8-oracle/jre/lib/amd64/libjava.so
7fcf358fc000-7fcf35909000 r-xp 00000000 08:15 12980358                   /usr/lib/jvm/java-8-oracle/jre/lib/amd64/libverify.so
7fcf35909000-7fcf35b08000 ---p 0000d000 08:15 12980358                   /usr/lib/jvm/java-8-oracle/jre/lib/amd64/libverify.so
7fcf35b08000-7fcf35b0a000 rw-p 0000c000 08:15 12980358                   /usr/lib/jvm/java-8-oracle/jre/lib/amd64/libverify.so
7fcf35b0a000-7fcf35b11000 r-xp 00000000 08:15 7082046                    /lib/x86_64-linux-gnu/librt-2.23.so
7fcf35b11000-7fcf35d10000 ---p 00007000 08:15 7082046                    /lib/x86_64-linux-gnu/librt-2.23.so
7fcf35d10000-7fcf35d11000 r--p 00006000 08:15 7082046                    /lib/x86_64-linux-gnu/librt-2.23.so
7fcf35d11000-7fcf35d12000 rw-p 00007000 08:15 7082046                    /lib/x86_64-linux-gnu/librt-2.23.so
7fcf35d12000-7fcf35e1a000 r-xp 00000000 08:15 7082058                    /lib/x86_64-linux-gnu/libm-2.23.so
7fcf35e1a000-7fcf36019000 ---p 00108000 08:15 7082058                    /lib/x86_64-linux-gnu/libm-2.23.so
7fcf36019000-7fcf3601a000 r--p 00107000 08:15 7082058                    /lib/x86_64-linux-gnu/libm-2.23.so
7fcf3601a000-7fcf3601b000 rw-p 00108000 08:15 7082058                    /lib/x86_64-linux-gnu/libm-2.23.so
7fcf3601b000-7fcf36ce8000 r-xp 00000000 08:15 12980620                   /usr/lib/jvm/java-8-oracle/jre/lib/amd64/server/libjvm.so
7fcf36ce8000-7fcf36ee7000 ---p 00ccd000 08:15 12980620                   /usr/lib/jvm/java-8-oracle/jre/lib/amd64/server/libjvm.so
7fcf36ee7000-7fcf36fc0000 rw-p 00ccc000 08:15 12980620                   /usr/lib/jvm/java-8-oracle/jre/lib/amd64/server/libjvm.so
7fcf36fc0000-7fcf3700b000 rw-p 00000000 00:00 0 
7fcf3700b000-7fcf371ca000 r-xp 00000000 08:15 7082051                    /lib/x86_64-linux-gnu/libc-2.23.so
7fcf371ca000-7fcf373ca000 ---p 001bf000 08:15 7082051                    /lib/x86_64-linux-gnu/libc-2.23.so
7fcf373ca000-7fcf373ce000 r--p 001bf000 08:15 7082051                    /lib/x86_64-linux-gnu/libc-2.23.so
7fcf373ce000-7fcf373d0000 rw-p 001c3000 08:15 7082051                    /lib/x86_64-linux-gnu/libc-2.23.so
7fcf373d0000-7fcf373d4000 rw-p 00000000 00:00 0 
7fcf373d4000-7fcf373d7000 r-xp 00000000 08:15 7082050                    /lib/x86_64-linux-gnu/libdl-2.23.so
7fcf373d7000-7fcf375d6000 ---p 00003000 08:15 7082050                    /lib/x86_64-linux-gnu/libdl-2.23.so
7fcf375d6000-7fcf375d7000 r--p 00002000 08:15 7082050                    /lib/x86_64-linux-gnu/libdl-2.23.so
7fcf375d7000-7fcf375d8000 rw-p 00003000 08:15 7082050                    /lib/x86_64-linux-gnu/libdl-2.23.so
7fcf375d8000-7fcf375ed000 r-xp 00000000 08:15 12585246                   /usr/lib/jvm/java-8-oracle/lib/amd64/jli/libjli.so
7fcf375ed000-7fcf377ed000 ---p 00015000 08:15 12585246                   /usr/lib/jvm/java-8-oracle/lib/amd64/jli/libjli.so
7fcf377ed000-7fcf377ee000 rw-p 00015000 08:15 12585246                   /usr/lib/jvm/java-8-oracle/lib/amd64/jli/libjli.so
7fcf377ee000-7fcf37806000 r-xp 00000000 08:15 7082059                    /lib/x86_64-linux-gnu/libpthread-2.23.so
7fcf37806000-7fcf37a05000 ---p 00018000 08:15 7082059                    /lib/x86_64-linux-gnu/libpthread-2.23.so
7fcf37a05000-7fcf37a06000 r--p 00017000 08:15 7082059                    /lib/x86_64-linux-gnu/libpthread-2.23.so
7fcf37a06000-7fcf37a07000 rw-p 00018000 08:15 7082059                    /lib/x86_64-linux-gnu/libpthread-2.23.so
7fcf37a07000-7fcf37a0b000 rw-p 00000000 00:00 0 
7fcf37a0b000-7fcf37a31000 r-xp 00000000 08:15 7082039                    /lib/x86_64-linux-gnu/ld-2.23.so
7fcf37a31000-7fcf37a32000 r--s 0001f000 08:15 13654762                   /home/nokorot/Workspace/Java/PS/PS 3.0.0/LWJGL3/lwjgl-nanovg-natives-linux.jar
7fcf37a32000-7fcf37a34000 r--s 00005000 08:15 13654746                   /home/nokorot/Workspace/Java/PS/PS 3.0.0/LWJGL3/lwjgl-lmdb.jar
7fcf37a34000-7fcf37aff000 rw-p 00000000 00:00 0 
7fcf37aff000-7fcf37b02000 ---p 00000000 00:00 0 
7fcf37b02000-7fcf37c04000 rw-p 00000000 00:00 0 
7fcf37c04000-7fcf37c05000 r--s 0000d000 08:15 13654750                   /home/nokorot/Workspace/Java/PS/PS 3.0.0/LWJGL3/lwjgl-lmdb-natives-linux.jar
7fcf37c05000-7fcf37c07000 r--s 00007000 08:15 13654736                   /home/nokorot/Workspace/Java/PS/PS 3.0.0/LWJGL3/lwjgl-jemalloc.jar
7fcf37c07000-7fcf37c08000 r--s 00019000 08:15 13654734                   /home/nokorot/Workspace/Java/PS/PS 3.0.0/LWJGL3/lwjgl-jemalloc-natives-linux.jar
7fcf37c08000-7fcf37c09000 r--s 00005000 08:15 13654724                   /home/nokorot/Workspace/Java/PS/PS 3.0.0/LWJGL3/lwjgl-jawt.jar
7fcf37c09000-7fcf37c0b000 r--s 00066000 08:15 13654732                   /home/nokorot/Workspace/Java/PS/PS 3.0.0/LWJGL3/lwjgl-jawt-javadoc.jar
7fcf37c0b000-7fcf37c0e000 r--s 00015000 08:15 13654722                   /home/nokorot/Workspace/Java/PS/PS 3.0.0/LWJGL3/lwjgl-glfw.jar
7fcf37c0e000-7fcf37c0f000 r--s 0000e000 08:15 13654716                   /home/nokorot/Workspace/Java/PS/PS 3.0.0/LWJGL3/lwjgl-glfw-natives-linux.jar
7fcf37c0f000-7fcf37c13000 r--s 0001b000 08:15 13654708                   /home/nokorot/Workspace/Java/PS/PS 3.0.0/LWJGL3/lwjgl-egl.jar
7fcf37c13000-7fcf37c17000 r--s 0001e000 08:15 13654712                   /home/nokorot/Workspace/Java/PS/PS 3.0.0/LWJGL3/lwjgl-egl-sources.jar
7fcf37c17000-7fcf37c1a000 r--s 0001f000 08:15 13654702                   /home/nokorot/Workspace/Java/PS/PS 3.0.0/LWJGL3/lwjgl-bgfx.jar
7fcf37c1a000-7fcf37c1b000 r--s 00042000 08:15 13654704                   /home/nokorot/Workspace/Java/PS/PS 3.0.0/LWJGL3/lwjgl-bgfx-natives-linux.jar
7fcf37c1b000-7fcf37c1f000 r--s 0002a000 08:15 13654692                   /home/nokorot/Workspace/Java/PS/PS 3.0.0/LWJGL3/lwjgl-assimp.jar
7fcf37c1f000-7fcf37c20000 r--s 002ae000 08:15 13654740                   /home/nokorot/Workspace/Java/PS/PS 3.0.0/LWJGL3/lwjgl-assimp-natives-linux.jar
7fcf37c20000-7fcf37c24000 r--s 0003d000 08:15 13654827                   /home/nokorot/Workspace/Java/PS/PS 3.0.0/LWJGL3/lwjgl.jar
7fcf37c24000-7fcf37c2c000 rw-s 00000000 08:15 1325745                    /tmp/hsperfdata_nokorot/8249
7fcf37c2c000-7fcf37c2d000 rw-p 00000000 00:00 0 
7fcf37c2d000-7fcf37c2e000 r--p 00000000 00:00 0 
7fcf37c2e000-7fcf37c30000 rw-p 00000000 00:00 0 
7fcf37c30000-7fcf37c31000 r--p 00025000 08:15 7082039                    /lib/x86_64-linux-gnu/ld-2.23.so
7fcf37c31000-7fcf37c32000 rw-p 00026000 08:15 7082039                    /lib/x86_64-linux-gnu/ld-2.23.so
7fcf37c32000-7fcf37c33000 rw-p 00000000 00:00 0 
7fff6f0b9000-7fff6f0db000 rw-p 00000000 00:00 0                          [stack]
7fff6f143000-7fff6f145000 r--p 00000000 00:00 0                          [vvar]
7fff6f145000-7fff6f147000 r-xp 00000000 00:00 0                          [vdso]
ffffffffff600000-ffffffffff601000 r-xp 00000000 00:00 0                  [vsyscall]

VM Arguments:
jvm_args: -agentlib:jdwp=transport=dt_socket,suspend=y,address=localhost:40217 -Djava.library.path=/home/noko/workspace/Java/Test/Test/LWJGL3 -Dfile.encoding=UTF-8 
java_command: engineTest.Main
java_class_path (initial): /home/nokorot/Workspace/Java/PS/PS 3.0.0/bin:/home/nokorot/Workspace/Java/PS/PS 3.0.0/LWJGL3/lwjgl.jar:/home/nokorot/Workspace/Java/PS/PS 3.0.0/LWJGL3/lwjgl-assimp-natives-linux.jar:/home/nokorot/Workspace/Java/PS/PS 3.0.0/LWJGL3/lwjgl-assimp.jar:/home/nokorot/Workspace/Java/PS/PS 3.0.0/LWJGL3/lwjgl-bgfx-natives-linux.jar:/home/nokorot/Workspace/Java/PS/PS 3.0.0/LWJGL3/lwjgl-bgfx.jar:/home/nokorot/Workspace/Java/PS/PS 3.0.0/LWJGL3/lwjgl-egl-sources.jar:/home/nokorot/Workspace/Java/PS/PS 3.0.0/LWJGL3/lwjgl-egl.jar:/home/nokorot/Workspace/Java/PS/PS 3.0.0/LWJGL3/lwjgl-glfw-natives-linux.jar:/home/nokorot/Workspace/Java/PS/PS 3.0.0/LWJGL3/lwjgl-glfw.jar:/home/nokorot/Workspace/Java/PS/PS 3.0.0/LWJGL3/lwjgl-jawt-javadoc.jar:/home/nokorot/Workspace/Java/PS/PS 3.0.0/LWJGL3/lwjgl-jawt.jar:/home/nokorot/Workspace/Java/PS/PS 3.0.0/LWJGL3/lwjgl-jemalloc-natives-linux.jar:/home/nokorot/Workspace/Java/PS/PS 3.0.0/LWJGL3/lwjgl-jemalloc.jar:/home/nokorot/Workspace/Java/PS/PS 3.0.0/LWJGL3/lwjgl-lmdb-natives-linux.jar:/home/nokorot/Workspace/Java/PS/PS 3.0.0/LWJGL3/lwjgl-lmdb.jar:/home/nokorot/Workspace/Java/PS/PS 3.0.0/LWJGL3/lwjgl-nanovg-natives-linux.jar:/home/nokorot/Workspace/Java/PS/PS 3.0.0/LWJGL3/lwjgl-nanovg.jar:/home/nokorot/Workspace/Java/PS/PS 3.0.0/LWJGL3/lwjgl-natives-linux.jar:/home/nokorot/Workspace/Java/PS/PS 3.0.0/LWJGL3/lwjgl-nfd-natives-linux.jar:/home/nokorot/Workspace/Java/PS/PS 3.0.0/LWJGL3/lwjgl-nfd.jar:/home/nokorot/Workspace/Java/PS/PS 3.0.0/LWJGL3/lwjgl-nuklear-natives-linux.jar:/home/nokorot/Workspace/Java/PS/PS 3.0.0/LWJGL3/lwjgl-nuklear.jar:/home/nokorot/Workspace/Java/PS/PS 3.0.0/LWJGL3/lwjgl-openal-natives-linux.jar:/home/nokorot/Workspace/Java/PS/PS 3.0.0/LWJGL3/lwjgl-openal.jar:/home/nokorot/Workspace/Java/PS/PS 3.0.0/LWJGL3/lwjgl-opencl.jar:/home/nokorot/Workspace/Java/PS/PS 3.0.0/LWJGL3/lwjgl-opengl-natives-linux.jar:/home/nokorot/Workspace/Java/PS/PS 3.0.0/LWJGL3/lwjgl-opengl.jar:/home/nokorot/Workspace/Java/PS/PS 3.
Launcher Type: SUN_STANDARD

Environment Variables:
JAVA_HOME=/usr/lib/jvm/java-8-oracle
PATH=/home/nokorot/.cabal/bin:/opt/cabal/1.22/bin:/opt/ghc/7.10.3/bin:/home/nokorot/.bin:/home/nokorot/bin:/home/nokorot/.local/bin:/usr/local/sbin:/usr/local/bin:/usr/sbin:/usr/bin:/sbin:/bin:/usr/games:/usr/local/games:/snap/bin:/usr/lib/jvm/java-8-oracle/bin:/usr/lib/jvm/java-8-oracle/db/bin:/usr/lib/jvm/java-8-oracle/jre/bin
USERNAME=nokorot
SHELL=/bin/bash
DISPLAY=:1

Signal Handlers:
SIGSEGV: [libjvm.so+0xac64b0], sa_mask[0]=11111111011111111101111111111110, sa_flags=SA_RESTART|SA_SIGINFO
SIGBUS: [libjvm.so+0xac64b0], sa_mask[0]=11111111011111111101111111111110, sa_flags=SA_RESTART|SA_SIGINFO
SIGFPE: [libjvm.so+0x91f950], sa_mask[0]=11111111011111111101111111111110, sa_flags=SA_RESTART|SA_SIGINFO
SIGPIPE: [libjvm.so+0x91f950], sa_mask[0]=11111111011111111101111111111110, sa_flags=SA_RESTART|SA_SIGINFO
SIGXFSZ: [libjvm.so+0x91f950], sa_mask[0]=11111111011111111101111111111110, sa_flags=SA_RESTART|SA_SIGINFO
SIGILL: [libjvm.so+0x91f950], sa_mask[0]=11111111011111111101111111111110, sa_flags=SA_RESTART|SA_SIGINFO
SIGUSR1: SIG_DFL, sa_mask[0]=00000000000000000000000000000000, sa_flags=none
SIGUSR2: [libjvm.so+0x920f80], sa_mask[0]=00100000000000000000000000000000, sa_flags=SA_RESTART|SA_SIGINFO
SIGHUP: [libjvm.so+0x922380], sa_mask[0]=11111111011111111101111111111110, sa_flags=SA_RESTART|SA_SIGINFO
SIGINT: [libjvm.so+0x922380], sa_mask[0]=11111111011111111101111111111110, sa_flags=SA_RESTART|SA_SIGINFO
SIGTERM: [libjvm.so+0x922380], sa_mask[0]=11111111011111111101111111111110, sa_flags=SA_RESTART|SA_SIGINFO
SIGQUIT: [libjvm.so+0x922380], sa_mask[0]=11111111011111111101111111111110, sa_flags=SA_RESTART|SA_SIGINFO


---------------  S Y S T E M  ---------------

OS:DISTRIB_ID=Ubuntu
DISTRIB_RELEASE=16.04
DISTRIB_CODENAME=xenial
DISTRIB_DESCRIPTION="Ubuntu 16.04.1 LTS"

uname:Linux 4.4.0-59-generic #80-Ubuntu SMP Fri Jan 6 17:47:47 UTC 2017 x86_64
libc:glibc 2.23 NPTL 2.23 
rlimit: STACK 8192k, CORE 0k, NPROC 31349, NOFILE 65536, AS infinity
load average:0,80 0,65 0,68

/proc/meminfo:
MemTotal:        8065832 kB
MemFree:          952876 kB
MemAvailable:    2156380 kB
Buffers:           98840 kB
Cached:          2041276 kB
SwapCached:         5056 kB
Active:          5039876 kB
Inactive:        1727020 kB
Active(anon):    4320456 kB
Inactive(anon):  1090200 kB
Active(file):     719420 kB
Inactive(file):   636820 kB
Unevictable:         496 kB
Mlocked:             496 kB
SwapTotal:       1951740 kB
SwapFree:        1844020 kB
Dirty:               260 kB
Writeback:             0 kB
AnonPages:       4622572 kB
Mapped:           754340 kB
Shmem:            783876 kB
Slab:             185752 kB
SReclaimable:     135380 kB
SUnreclaim:        50372 kB
KernelStack:       14496 kB
PageTables:        67668 kB
NFS_Unstable:          0 kB
Bounce:                0 kB
WritebackTmp:          0 kB
CommitLimit:     5984656 kB
Committed_AS:   11428104 kB
VmallocTotal:   34359738367 kB
VmallocUsed:           0 kB
VmallocChunk:          0 kB
HardwareCorrupted:     0 kB
AnonHugePages:   2676736 kB
CmaTotal:              0 kB
CmaFree:               0 kB
HugePages_Total:       0
HugePages_Free:        0
HugePages_Rsvd:        0
HugePages_Surp:        0
Hugepagesize:       2048 kB
DirectMap4k:      255272 kB
DirectMap2M:     8024064 kB


CPU:total 4 (2 cores per cpu, 2 threads per core) family 6 model 58 stepping 9, cmov, cx8, fxsr, mmx, sse, sse2, sse3, ssse3, sse4.1, sse4.2, popcnt, avx, aes, clmul, erms, ht, tsc, tscinvbit, tscinv

/proc/cpuinfo:
processor	: 0
vendor_id	: GenuineIntel
cpu family	: 6
model		: 58
model name	: Intel(R) Core(TM) i5-3210M CPU @ 2.50GHz
stepping	: 9
microcode	: 0x15
cpu MHz		: 2900.000
cache size	: 3072 KB
physical id	: 0
siblings	: 4
core id		: 0
cpu cores	: 2
apicid		: 0
initial apicid	: 0
fpu		: yes
fpu_exception	: yes
cpuid level	: 13
wp		: yes
flags		: fpu vme de pse tsc msr pae mce cx8 apic sep mtrr pge mca cmov pat pse36 clflush dts acpi mmx fxsr sse sse2 ss ht tm pbe syscall nx rdtscp lm constant_tsc arch_perfmon pebs bts rep_good nopl xtopology nonstop_tsc aperfmperf eagerfpu pni pclmulqdq dtes64 monitor ds_cpl vmx est tm2 ssse3 cx16 xtpr pdcm pcid sse4_1 sse4_2 x2apic popcnt tsc_deadline_timer aes xsave avx f16c rdrand lahf_lm epb tpr_shadow vnmi flexpriority ept vpid fsgsbase smep erms xsaveopt dtherm ida arat pln pts
bugs		:
bogomips	: 4989.04
clflush size	: 64
cache_alignment	: 64
address sizes	: 36 bits physical, 48 bits virtual
power management:

processor	: 1
vendor_id	: GenuineIntel
cpu family	: 6
model		: 58
model name	: Intel(R) Core(TM) i5-3210M CPU @ 2.50GHz
stepping	: 9
microcode	: 0x15
cpu MHz		: 2899.902
cache size	: 3072 KB
physical id	: 0
siblings	: 4
core id		: 1
cpu cores	: 2
apicid		: 2
initial apicid	: 2
fpu		: yes
fpu_exception	: yes
cpuid level	: 13
wp		: yes
flags		: fpu vme de pse tsc msr pae mce cx8 apic sep mtrr pge mca cmov pat pse36 clflush dts acpi mmx fxsr sse sse2 ss ht tm pbe syscall nx rdtscp lm constant_tsc arch_perfmon pebs bts rep_good nopl xtopology nonstop_tsc aperfmperf eagerfpu pni pclmulqdq dtes64 monitor ds_cpl vmx est tm2 ssse3 cx16 xtpr pdcm pcid sse4_1 sse4_2 x2apic popcnt tsc_deadline_timer aes xsave avx f16c rdrand lahf_lm epb tpr_shadow vnmi flexpriority ept vpid fsgsbase smep erms xsaveopt dtherm ida arat pln pts
bugs		:
bogomips	: 4989.04
clflush size	: 64
cache_alignment	: 64
address sizes	: 36 bits physical, 48 bits virtual
power management:

processor	: 2
vendor_id	: GenuineIntel
cpu family	: 6
model		: 58
model name	: Intel(R) Core(TM) i5-3210M CPU @ 2.50GHz
stepping	: 9
microcode	: 0x15
cpu MHz		: 2900.000
cache size	: 3072 KB
physical id	: 0
siblings	: 4
core id		: 0
cpu cores	: 2
apicid		: 1
initial apicid	: 1
fpu		: yes
fpu_exception	: yes
cpuid level	: 13
wp		: yes
flags		: fpu vme de pse tsc msr pae mce cx8 apic sep mtrr pge mca cmov pat pse36 clflush dts acpi mmx fxsr sse sse2 ss ht tm pbe syscall nx rdtscp lm constant_tsc arch_perfmon pebs bts rep_good nopl xtopology nonstop_tsc aperfmperf eagerfpu pni pclmulqdq dtes64 monitor ds_cpl vmx est tm2 ssse3 cx16 xtpr pdcm pcid sse4_1 sse4_2 x2apic popcnt tsc_deadline_timer aes xsave avx f16c rdrand lahf_lm epb tpr_shadow vnmi flexpriority ept vpid fsgsbase smep erms xsaveopt dtherm ida arat pln pts
bugs		:
bogomips	: 4989.04
clflush size	: 64
cache_alignment	: 64
address sizes	: 36 bits physical, 48 bits virtual
power management:

processor	: 3
vendor_id	: GenuineIntel
cpu family	: 6
model		: 58
model name	: Intel(R) Core(TM) i5-3210M CPU @ 2.50GHz
stepping	: 9
microcode	: 0x15
cpu MHz		: 2899.902
cache size	: 3072 KB
physical id	: 0
siblings	: 4
core id		: 1
cpu cores	: 2
apicid		: 3
initial apicid	: 3
fpu		: yes
fpu_exception	: yes
cpuid level	: 13
wp		: yes
flags		: fpu vme de pse tsc msr pae mce cx8 apic sep mtrr pge mca cmov pat pse36 clflush dts acpi mmx fxsr sse sse2 ss ht tm pbe syscall nx rdtscp lm constant_tsc arch_perfmon pebs bts rep_good nopl xtopology nonstop_tsc aperfmperf eagerfpu pni pclmulqdq dtes64 monitor ds_cpl vmx est tm2 ssse3 cx16 xtpr pdcm pcid sse4_1 sse4_2 x2apic popcnt tsc_deadline_timer aes xsave avx f16c rdrand lahf_lm epb tpr_shadow vnmi flexpriority ept vpid fsgsbase smep erms xsaveopt dtherm ida arat pln pts
bugs		:
bogomips	: 4989.04
clflush size	: 64
cache_alignment	: 64
address sizes	: 36 bits physical, 48 bits virtual
power management:



Memory: 4k page, physical 8065832k(952876k free), swap 1951740k(1844020k free)

vm_info: Java HotSpot(TM) 64-Bit Server VM (25.111-b14) for linux-amd64 JRE (1.8.0_111-b14), built on Sep 22 2016 16:14:03 by "java_re" with gcc 4.3.0 20080428 (Red Hat 4.3.0-8)

time: Sun Feb  5 02:56:15 2017
elapsed time: 0 seconds (0d 0h 0m 0s)

