#
# A fatal error has been detected by the Java Runtime Environment:
#
#  SIGSEGV (0xb) at pc=0x00007f6afb427d44, pid=5495, tid=0x00007f6afb82f700
#
# JRE version: Java(TM) SE Runtime Environment (8.0_111-b14) (build 1.8.0_111-b14)
# Java VM: Java HotSpot(TM) 64-Bit Server VM (25.111-b14 mixed mode linux-amd64 compressed oops)
# Problematic frame:
# C  [libpthread.so.0+0x9d44]  pthread_mutex_lock+0x4
#
# Failed to write core dump. Core dumps have been disabled. To enable core dumping, try "ulimit -c unlimited" before starting Java again
#
# If you would like to submit a bug report, please visit:
#   http://bugreport.java.com/bugreport/crash.jsp
# The crash happened outside the Java Virtual Machine in native code.
# See problematic frame for where to report the bug.
#

---------------  T H R E A D  ---------------

Current thread (0x00007f6af400e800):  JavaThread "main" [_thread_in_native, id=5501, stack(0x00007f6afb72f000,0x00007f6afb830000)]

siginfo: si_signo: 11 (SIGSEGV), si_code: 128 (SI_KERNEL), si_addr: 0x0000000000000000

Registers:
RAX=0x00007f6accd93370, RBX=0x00007f6af436a5e0, RCX=0x0000000000000192, RDX=0x00007f6afb82dca0
RSP=0x00007f6afb82dc10, RBP=0x00007f6afb82dc80, RSI=0x00007f6afb82dc90, RDI=0x007373616c632e61
R8 =0x00007f6afb82dc80, R9 =0x00007f6af4367362, R10=0x00007f6acce18447, R11=0x0000000000000065
R12=0x00007f6afb82dc7c, R13=0x00007f6afb82ddb8, R14=0x00007f6afb82ddb0, R15=0x00007f6af400e9f8
RIP=0x00007f6afb427d44, EFLAGS=0x0000000000010202, CSGSFS=0x0000000000000033, ERR=0x0000000000000000
  TRAPNO=0x000000000000000d

Top of Stack: (sp=0x00007f6afb82dc10)
0x00007f6afb82dc10:   0000000000000193 00007f6accdadbfa
0x00007f6afb82dc20:   00007f6afb82dc90 00007f6afb82dca0
0x00007f6afb82dc30:   0000000000000000 00007f6af430d020
0x00007f6afb82dc40:   00007f6af4385c50 2ea5e607b1edd700
0x00007f6afb82dc50:   00007f6af430d020 00007f6af4385c50
0x00007f6afb82dc60:   00007f6af438ad10 00007f6accd89f86
0x00007f6afb82dc70:   00007f6af400e9f8 00007f6af407db98
0x00007f6afb82dc80:   00007f6af438ad10 696c4369746c756d
0x00007f6afb82dc90:   0000019300000192 00007f6a00000000
0x00007f6afb82dca0:   0000015500000154 00007f6a00000000
0x00007f6afb82dcb0:   0000000000000004 2ea5e607b1edd700
0x00007f6afb82dcc0:   00007f6af438ad10 00007f6afb82dd20
0x00007f6afb82dcd0:   00007f6af4385c50 00007f6acd30d981
0x00007f6afb82dce0:   00007f6af400e800 00007f6af430d020
0x00007f6afb82dcf0:   00007f6afb82dd30 00007f6acf8896d0
0x00007f6afb82dd00:   0000000000000000 00007f6acf8896d0
0x00007f6afb82dd10:   00007f6afb82ddc8 00007f6af400e800
0x00007f6afb82dd20:   00007f6afb82dd90 00007f6ae501fca4
0x00007f6afb82dd30:   00007f6afb82dd90 00007f6ae501f759
0x00007f6afb82dd40:   00007f6af400e800 00007f6ae501f722
0x00007f6afb82dd50:   00007f6afb82dd50 00007f6acf8896d0
0x00007f6afb82dd60:   00007f6afb82ddc8 00007f6acf88cee0
0x00007f6afb82dd70:   0000000000000000 00007f6acf8896d0
0x00007f6afb82dd80:   0000000000000000 00007f6afb82ddb0
0x00007f6afb82dd90:   00007f6afb82de10 00007f6ae50080c0
0x00007f6afb82dda0:   00000000d73c8b00 00007f6ae501647b
0x00007f6afb82ddb0:   00000000d7596a78 00000000d6ff9480
0x00007f6afb82ddc0:   00007f6af430d020 00007f6ae5007e50
0x00007f6afb82ddd0:   00007f6afb82ddd0 00007f6acfa07f74
0x00007f6afb82dde0:   00007f6afb82de28 00007f6acfa0e250
0x00007f6afb82ddf0:   0000000000000000 00007f6acfa08018
0x00007f6afb82de00:   00007f6afb82ddb0 00007f6afb82de30 

Instructions: (pc=0x00007f6afb427d44)
0x00007f6afb427d24:   f0 02 00 00 00 00 00 00 b8 82 00 00 00 e9 d8 f9
0x00007f6afb427d34:   ff ff 66 2e 0f 1f 84 00 00 00 00 00 48 83 ec 08
0x00007f6afb427d44:   8b 57 10 89 d1 81 e1 7f 01 00 00 90 89 d0 83 e0
0x00007f6afb427d54:   7c 0f 85 95 00 00 00 85 c9 49 89 f8 0f 85 9a 00 

Register to memory mapping:

RAX=0x00007f6accd93370: <offset 0x2b370> in /usr/lib/x86_64-linux-gnu/libX11.so.6 at 0x00007f6accd68000
RBX=0x00007f6af436a5e0 is an unknown value
RCX=0x0000000000000192 is an unknown value
RDX=0x00007f6afb82dca0 is pointing into the stack for thread: 0x00007f6af400e800
RSP=0x00007f6afb82dc10 is pointing into the stack for thread: 0x00007f6af400e800
RBP=0x00007f6afb82dc80 is pointing into the stack for thread: 0x00007f6af400e800
RSI=0x00007f6afb82dc90 is pointing into the stack for thread: 0x00007f6af400e800
RDI=0x007373616c632e61 is an unknown value
R8 =0x00007f6afb82dc80 is pointing into the stack for thread: 0x00007f6af400e800
R9 =0x00007f6af4367362 is an unknown value
R10=0x00007f6acce18447: <offset 0xb0447> in /usr/lib/x86_64-linux-gnu/libX11.so.6 at 0x00007f6accd68000
R11=0x0000000000000065 is an unknown value
R12=0x00007f6afb82dc7c is pointing into the stack for thread: 0x00007f6af400e800
R13=0x00007f6afb82ddb8 is pointing into the stack for thread: 0x00007f6af400e800
R14=0x00007f6afb82ddb0 is pointing into the stack for thread: 0x00007f6af400e800
R15=0x00007f6af400e9f8 is an unknown value


Stack: [0x00007f6afb72f000,0x00007f6afb830000],  sp=0x00007f6afb82dc10,  free space=1019k
Native frames: (J=compiled Java code, j=interpreted, Vv=VM code, C=native code)
C  [libpthread.so.0+0x9d44]  pthread_mutex_lock+0x4
C  0x696c4369746c756d

Java frames: (J=compiled Java code, j=interpreted, Vv=VM code)
j  sun.awt.X11.XlibWrapper.XGetDefault(JLjava/lang/String;Ljava/lang/String;)Ljava/lang/String;+0
j  sun.awt.X11.XToolkit.initializeMultiClickTime()V+12
j  sun.awt.X11.XToolkit.getMultiClickTime()I+6
j  sun.awt.X11.XToolkit.initializeDesktopProperties()V+82
j  java.awt.Toolkit.getDesktopProperty(Ljava/lang/String;)Ljava/lang/Object;+32
j  sun.swing.SwingUtilities2$AATextInfo.getAATextInfo(Z)Lsun/swing/SwingUtilities2$AATextInfo;+11
j  javax.swing.plaf.metal.MetalLookAndFeel.initComponentDefaults(Ljavax/swing/UIDefaults;)V+12062
j  javax.swing.plaf.basic.BasicLookAndFeel.getDefaults()Ljavax/swing/UIDefaults;+25
j  javax.swing.plaf.metal.MetalLookAndFeel.getDefaults()Ljavax/swing/UIDefaults;+9
j  javax.swing.UIManager.setLookAndFeel(Ljavax/swing/LookAndFeel;)V+79
j  javax.swing.UIManager.setLookAndFeel(Ljava/lang/String;)V+16
j  javax.swing.UIManager.initializeDefaultLAF(Ljava/util/Properties;)V+55
j  javax.swing.UIManager.initialize()V+9
j  javax.swing.UIManager.maybeInitialize()V+22
j  javax.swing.UIManager.getUI(Ljavax/swing/JComponent;)Ljavax/swing/plaf/ComponentUI;+0
j  javax.swing.JPanel.updateUI()V+2
j  javax.swing.JPanel.<init>(Ljava/awt/LayoutManager;Z)V+24
j  javax.swing.JPanel.<init>(Z)V+9
j  javax.swing.JPanel.<init>()V+2
j  javax.swing.JRootPane.createGlassPane()Ljava/awt/Component;+4
j  javax.swing.JRootPane.<init>()V+11
j  javax.swing.JFrame.createRootPane()Ljavax/swing/JRootPane;+4
j  javax.swing.JFrame.frameInit()V+16
j  javax.swing.JFrame.<init>(Ljava/lang/String;)V+21
j  engineTest.Main.<init>()V+3
j  engineTest.Main.main([Ljava/lang/String;)V+20
v  ~StubRoutines::call_stub

---------------  P R O C E S S  ---------------

Java Threads: ( => current thread )
  0x00007f6af4374000 JavaThread "AWT-XAWT" daemon [_thread_in_native, id=5526, stack(0x00007f6a96bbf000,0x00007f6a96cc0000)]
  0x00007f6af434e800 JavaThread "Java2D Disposer" daemon [_thread_blocked, id=5525, stack(0x00007f6a9731d000,0x00007f6a9741e000)]
  0x00007f6af4305000 JavaThread "Thread-0" [_thread_in_native, id=5524, stack(0x00007f6acc01b000,0x00007f6acc11c000)]
  0x00007f6af40d5800 JavaThread "Service Thread" daemon [_thread_blocked, id=5522, stack(0x00007f6acd90a000,0x00007f6acda0b000)]
  0x00007f6af40d2000 JavaThread "C1 CompilerThread2" daemon [_thread_blocked, id=5521, stack(0x00007f6acda0b000,0x00007f6acdb0c000)]
  0x00007f6af40d0800 JavaThread "C2 CompilerThread1" daemon [_thread_blocked, id=5520, stack(0x00007f6acdb0c000,0x00007f6acdc0d000)]
  0x00007f6af40cd800 JavaThread "C2 CompilerThread0" daemon [_thread_blocked, id=5519, stack(0x00007f6acdc0d000,0x00007f6acdd0e000)]
  0x00007f6abc001000 JavaThread "JDWP Command Reader" daemon [_thread_in_native, id=5516, stack(0x00007f6acdd0e000,0x00007f6acde0f000)]
  0x00007f6af40cb800 JavaThread "JDWP Event Helper Thread" daemon [_thread_blocked, id=5515, stack(0x00007f6acde0f000,0x00007f6acdf10000)]
  0x00007f6af40c8000 JavaThread "JDWP Transport Listener: dt_socket" daemon [_thread_blocked, id=5512, stack(0x00007f6acdf10000,0x00007f6ace011000)]
  0x00007f6af40ba800 JavaThread "Signal Dispatcher" daemon [_thread_blocked, id=5510, stack(0x00007f6ace215000,0x00007f6ace316000)]
  0x00007f6af4088800 JavaThread "Finalizer" daemon [_thread_blocked, id=5508, stack(0x00007f6ace316000,0x00007f6ace417000)]
  0x00007f6af4084000 JavaThread "Reference Handler" daemon [_thread_blocked, id=5507, stack(0x00007f6ace417000,0x00007f6ace518000)]
=>0x00007f6af400e800 JavaThread "main" [_thread_in_native, id=5501, stack(0x00007f6afb72f000,0x00007f6afb830000)]

Other Threads:
  0x00007f6af407c800 VMThread [stack: 0x00007f6ace518000,0x00007f6ace619000] [id=5506]
  0x00007f6af40d8800 WatcherThread [stack: 0x00007f6acd809000,0x00007f6acd90a000] [id=5523]

VM state:not at safepoint (normal execution)

VM Mutex/Monitor currently owned by a thread: None

Heap:
 PSYoungGen      total 36864K, used 8281K [0x00000000d6f80000, 0x00000000d9880000, 0x0000000100000000)
  eden space 31744K, 26% used [0x00000000d6f80000,0x00000000d77967a0,0x00000000d8e80000)
  from space 5120K, 0% used [0x00000000d9380000,0x00000000d9380000,0x00000000d9880000)
  to   space 5120K, 0% used [0x00000000d8e80000,0x00000000d8e80000,0x00000000d9380000)
 ParOldGen       total 84992K, used 0K [0x0000000084e00000, 0x000000008a100000, 0x00000000d6f80000)
  object space 84992K, 0% used [0x0000000084e00000,0x0000000084e00000,0x000000008a100000)
 Metaspace       used 8475K, capacity 8694K, committed 8960K, reserved 1056768K
  class space    used 908K, capacity 1000K, committed 1024K, reserved 1048576K

Card table byte_map: [0x00007f6ae4866000,0x00007f6ae4c40000] byte_map_base: 0x00007f6ae443f000

Marking Bits: (ParMarkBitMap*) 0x00007f6afac0e220
 Begin Bits: [0x00007f6ad4270000, 0x00007f6ad6138000)
 End Bits:   [0x00007f6ad6138000, 0x00007f6ad8000000)

Polling page: 0x00007f6afb85d000

CodeCache: size=245760Kb used=2236Kb max_used=2236Kb free=243523Kb
 bounds [0x00007f6ae5000000, 0x00007f6ae5270000, 0x00007f6af4000000]
 total_blobs=1208 nmethods=430 adapters=700
 compilation: enabled

Compilation events (10 events):
Event: 0,440 Thread 0x00007f6af40d2000  426       3       java.lang.invoke.MethodType::toMethodDescriptorString (21 bytes)
Event: 0,441 Thread 0x00007f6af40d2000 nmethod 426 0x00007f6ae522ce90 code [0x00007f6ae522d0a0, 0x00007f6ae522dbb8]
Event: 0,441 Thread 0x00007f6af40d2000  427       3       java.lang.reflect.Modifier::isFinal (13 bytes)
Event: 0,441 Thread 0x00007f6af40d2000 nmethod 427 0x00007f6ae522e3d0 code [0x00007f6ae522e540, 0x00007f6ae522e6d0]
Event: 0,441 Thread 0x00007f6af40d2000  428       3       java.lang.invoke.MethodType$ConcurrentWeakInternSet$WeakEntry::equals (49 bytes)
Event: 0,442 Thread 0x00007f6af40d2000 nmethod 428 0x00007f6ae522e750 code [0x00007f6ae522e8e0, 0x00007f6ae522ef48]
Event: 0,442 Thread 0x00007f6af40d2000  429       3       jdk.internal.org.objectweb.asm.Item::<init> (5 bytes)
Event: 0,442 Thread 0x00007f6af40d2000 nmethod 429 0x00007f6ae522f090 code [0x00007f6ae522f200, 0x00007f6ae522f3b0]
Event: 0,442 Thread 0x00007f6af40d2000  430       3       java.lang.reflect.Modifier::isPublic (12 bytes)
Event: 0,442 Thread 0x00007f6af40d2000 nmethod 430 0x00007f6ae522f450 code [0x00007f6ae522f5c0, 0x00007f6ae522f750]

GC Heap History (0 events):
No events

Deoptimization events (1 events):
Event: 0,278 Thread 0x00007f6af400e800 Uncommon trap: reason=null_check action=make_not_entrant pc=0x00007f6ae5179058 method=java.lang.String.equals(Ljava/lang/Object;)Z @ 8

Internal exceptions (10 events):
Event: 0,027 Thread 0x00007f6af400e800 Exception <a 'java/lang/NoSuchMethodError': Method sun.misc.Unsafe.prefetchRead(Ljava/lang/Object;J)V name or signature does not match> (0x00000000d6f87f60) thrown at [/HUDSON3/workspace/8-2-build-linux-amd64/jdk8u111/7883/hotspot/src/share/vm/prims/jni.c
Event: 0,159 Thread 0x00007f6af400e800 Exception <a 'java/security/PrivilegedActionException'> (0x00000000d7013a60) thrown at [/HUDSON3/workspace/8-2-build-linux-amd64/jdk8u111/7883/hotspot/src/share/vm/prims/jvm.cpp, line 1386]
Event: 0,159 Thread 0x00007f6af400e800 Exception <a 'java/security/PrivilegedActionException'> (0x00000000d7013c70) thrown at [/HUDSON3/workspace/8-2-build-linux-amd64/jdk8u111/7883/hotspot/src/share/vm/prims/jvm.cpp, line 1386]
Event: 0,159 Thread 0x00007f6af400e800 Exception <a 'java/security/PrivilegedActionException'> (0x00000000d70160b0) thrown at [/HUDSON3/workspace/8-2-build-linux-amd64/jdk8u111/7883/hotspot/src/share/vm/prims/jvm.cpp, line 1386]
Event: 0,159 Thread 0x00007f6af400e800 Exception <a 'java/security/PrivilegedActionException'> (0x00000000d70162c0) thrown at [/HUDSON3/workspace/8-2-build-linux-amd64/jdk8u111/7883/hotspot/src/share/vm/prims/jvm.cpp, line 1386]
Event: 0,228 Thread 0x00007f6af400e800 Exception <a 'java/lang/NoSuchFieldError': method resolution failed> (0x00000000d7220628) thrown at [/HUDSON3/workspace/8-2-build-linux-amd64/jdk8u111/7883/hotspot/src/share/vm/prims/methodHandles.cpp, line 1146]
Event: 0,234 Thread 0x00007f6af400e800 Exception <a 'java/lang/NoSuchFieldError': method resolution failed> (0x00000000d722ddf8) thrown at [/HUDSON3/workspace/8-2-build-linux-amd64/jdk8u111/7883/hotspot/src/share/vm/prims/methodHandles.cpp, line 1146]
Event: 0,266 Thread 0x00007f6af400e800 Exception <a 'java/io/FileNotFoundException'> (0x00000000d72ae088) thrown at [/HUDSON3/workspace/8-2-build-linux-amd64/jdk8u111/7883/hotspot/src/share/vm/prims/jni.cpp, line 709]
Event: 0,266 Thread 0x00007f6af400e800 Exception <a 'java/io/FileNotFoundException'> (0x00000000d72aea40) thrown at [/HUDSON3/workspace/8-2-build-linux-amd64/jdk8u111/7883/hotspot/src/share/vm/prims/jni.cpp, line 709]
Event: 0,278 Thread 0x00007f6af400e800 Implicit null exception at 0x00007f6ae5178dbe to 0x00007f6ae5179049

Events (10 events):
Event: 0,437 loading class javax/swing/plaf/DimensionUIResource
Event: 0,437 loading class javax/swing/plaf/DimensionUIResource done
Event: 0,437 loading class javax/swing/UIDefaults$LazyInputMap
Event: 0,437 loading class javax/swing/UIDefaults$LazyInputMap done
Event: 0,440 loading class javax/swing/plaf/metal/MetalLookAndFeel$FontActiveValue
Event: 0,440 loading class javax/swing/plaf/metal/MetalLookAndFeel$FontActiveValue done
Event: 0,442 loading class sun/swing/SwingUtilities2$AATextInfo
Event: 0,442 loading class sun/swing/SwingUtilities2$AATextInfo done
Event: 0,442 loading class sun/awt/HeadlessToolkit
Event: 0,443 loading class sun/awt/HeadlessToolkit done


Dynamic libraries:
00400000-00401000 r-xp 00000000 08:15 12855452                           /usr/lib/jvm/java-8-oracle/bin/java
00600000-00601000 rw-p 00000000 08:15 12855452                           /usr/lib/jvm/java-8-oracle/bin/java
01f61000-01f82000 rw-p 00000000 00:00 0                                  [heap]
84e00000-8a100000 rw-p 00000000 00:00 0 
8a100000-d6f80000 ---p 00000000 00:00 0 
d6f80000-d9880000 rw-p 00000000 00:00 0 
d9880000-100000000 ---p 00000000 00:00 0 
100000000-100100000 rw-p 00000000 00:00 0 
100100000-140000000 ---p 00000000 00:00 0 
7f6a88000000-7f6a88021000 rw-p 00000000 00:00 0 
7f6a88021000-7f6a8c000000 ---p 00000000 00:00 0 
7f6a90000000-7f6a90021000 rw-p 00000000 00:00 0 
7f6a90021000-7f6a94000000 ---p 00000000 00:00 0 
7f6a95bca000-7f6a95bcb000 r-xp 00000000 08:15 12329465                   /usr/lib/x86_64-linux-gnu/libX11-xcb.so.1.0.0
7f6a95bcb000-7f6a95dca000 ---p 00001000 08:15 12329465                   /usr/lib/x86_64-linux-gnu/libX11-xcb.so.1.0.0
7f6a95dca000-7f6a95dcb000 r--p 00000000 08:15 12329465                   /usr/lib/x86_64-linux-gnu/libX11-xcb.so.1.0.0
7f6a95dcb000-7f6a95dcc000 rw-p 00001000 08:15 12329465                   /usr/lib/x86_64-linux-gnu/libX11-xcb.so.1.0.0
7f6a95dcc000-7f6a95dd1000 r-xp 00000000 08:15 12329520                   /usr/lib/x86_64-linux-gnu/libXxf86vm.so.1.0.0
7f6a95dd1000-7f6a95fd0000 ---p 00005000 08:15 12329520                   /usr/lib/x86_64-linux-gnu/libXxf86vm.so.1.0.0
7f6a95fd0000-7f6a95fd1000 r--p 00004000 08:15 12329520                   /usr/lib/x86_64-linux-gnu/libXxf86vm.so.1.0.0
7f6a95fd1000-7f6a95fd2000 rw-p 00005000 08:15 12329520                   /usr/lib/x86_64-linux-gnu/libXxf86vm.so.1.0.0
7f6a95fd2000-7f6a95fd4000 r-xp 00000000 08:15 12329494                   /usr/lib/x86_64-linux-gnu/libXinerama.so.1.0.0
7f6a95fd4000-7f6a961d3000 ---p 00002000 08:15 12329494                   /usr/lib/x86_64-linux-gnu/libXinerama.so.1.0.0
7f6a961d3000-7f6a961d4000 r--p 00001000 08:15 12329494                   /usr/lib/x86_64-linux-gnu/libXinerama.so.1.0.0
7f6a961d4000-7f6a961d5000 rw-p 00002000 08:15 12329494                   /usr/lib/x86_64-linux-gnu/libXinerama.so.1.0.0
7f6a961d5000-7f6a961df000 r-xp 00000000 08:15 12329502                   /usr/lib/x86_64-linux-gnu/libXrandr.so.2.2.0
7f6a961df000-7f6a963de000 ---p 0000a000 08:15 12329502                   /usr/lib/x86_64-linux-gnu/libXrandr.so.2.2.0
7f6a963de000-7f6a963df000 r--p 00009000 08:15 12329502                   /usr/lib/x86_64-linux-gnu/libXrandr.so.2.2.0
7f6a963df000-7f6a963e0000 rw-p 0000a000 08:15 12329502                   /usr/lib/x86_64-linux-gnu/libXrandr.so.2.2.0
7f6a963e0000-7f6a963fe000 r-xp 00000000 08:15 1466952                    /tmp/lwjglnokorot/3.1.1-build-16/libglfw.so
7f6a963fe000-7f6a965fd000 ---p 0001e000 08:15 1466952                    /tmp/lwjglnokorot/3.1.1-build-16/libglfw.so
7f6a965fd000-7f6a965fe000 r--p 0001d000 08:15 1466952                    /tmp/lwjglnokorot/3.1.1-build-16/libglfw.so
7f6a965fe000-7f6a965ff000 rw-p 0001e000 08:15 1466952                    /tmp/lwjglnokorot/3.1.1-build-16/libglfw.so
7f6a965ff000-7f6a96600000 rw-p 00000000 00:00 0 
7f6a96600000-7f6a96800000 rw-p 00000000 00:00 0 
7f6a96982000-7f6a969bb000 r-xp 00000000 08:15 1466951                    /tmp/lwjglnokorot/3.1.1-build-16/libjemalloc.so
7f6a969bb000-7f6a96bba000 ---p 00039000 08:15 1466951                    /tmp/lwjglnokorot/3.1.1-build-16/libjemalloc.so
7f6a96bba000-7f6a96bbd000 r--p 00038000 08:15 1466951                    /tmp/lwjglnokorot/3.1.1-build-16/libjemalloc.so
7f6a96bbd000-7f6a96bbe000 rw-p 0003b000 08:15 1466951                    /tmp/lwjglnokorot/3.1.1-build-16/libjemalloc.so
7f6a96bbe000-7f6a96bbf000 rw-p 00000000 00:00 0 
7f6a96bbf000-7f6a96bc2000 ---p 00000000 00:00 0 
7f6a96bc2000-7f6a96cc0000 rw-p 00000000 00:00 0 
7f6a96cc0000-7f6a96d0b000 r-xp 00000000 08:15 1466950                    /tmp/lwjglnokorot/3.1.1-build-16/liblwjgl.so
7f6a96d0b000-7f6a96f0b000 ---p 0004b000 08:15 1466950                    /tmp/lwjglnokorot/3.1.1-build-16/liblwjgl.so
7f6a96f0b000-7f6a96f0c000 r--p 0004b000 08:15 1466950                    /tmp/lwjglnokorot/3.1.1-build-16/liblwjgl.so
7f6a96f0c000-7f6a96f0d000 rw-p 0004c000 08:15 1466950                    /tmp/lwjglnokorot/3.1.1-build-16/liblwjgl.so
7f6a96f0d000-7f6a96f12000 r-xp 00000000 08:15 12329486                   /usr/lib/x86_64-linux-gnu/libXfixes.so.3.1.0
7f6a96f12000-7f6a97111000 ---p 00005000 08:15 12329486                   /usr/lib/x86_64-linux-gnu/libXfixes.so.3.1.0
7f6a97111000-7f6a97112000 r--p 00004000 08:15 12329486                   /usr/lib/x86_64-linux-gnu/libXfixes.so.3.1.0
7f6a97112000-7f6a97113000 rw-p 00005000 08:15 12329486                   /usr/lib/x86_64-linux-gnu/libXfixes.so.3.1.0
7f6a97113000-7f6a9711c000 r-xp 00000000 08:15 12329478                   /usr/lib/x86_64-linux-gnu/libXcursor.so.1.0.2
7f6a9711c000-7f6a9731b000 ---p 00009000 08:15 12329478                   /usr/lib/x86_64-linux-gnu/libXcursor.so.1.0.2
7f6a9731b000-7f6a9731c000 r--p 00008000 08:15 12329478                   /usr/lib/x86_64-linux-gnu/libXcursor.so.1.0.2
7f6a9731c000-7f6a9731d000 rw-p 00009000 08:15 12329478                   /usr/lib/x86_64-linux-gnu/libXcursor.so.1.0.2
7f6a9731d000-7f6a97320000 ---p 00000000 00:00 0 
7f6a97320000-7f6a9771f000 rw-p 00000000 00:00 0 
7f6a9771f000-7f6a97735000 r-xp 00000000 08:15 12980356                   /usr/lib/jvm/java-8-oracle/jre/lib/amd64/libnet.so
7f6a97735000-7f6a97935000 ---p 00016000 08:15 12980356                   /usr/lib/jvm/java-8-oracle/jre/lib/amd64/libnet.so
7f6a97935000-7f6a97936000 rw-p 00016000 08:15 12980356                   /usr/lib/jvm/java-8-oracle/jre/lib/amd64/libnet.so
7f6a97936000-7f6a97947000 r-xp 00000000 08:15 12980591                   /usr/lib/jvm/java-8-oracle/jre/lib/amd64/libnio.so
7f6a97947000-7f6a97b46000 ---p 00011000 08:15 12980591                   /usr/lib/jvm/java-8-oracle/jre/lib/amd64/libnio.so
7f6a97b46000-7f6a97b47000 rw-p 00010000 08:15 12980591                   /usr/lib/jvm/java-8-oracle/jre/lib/amd64/libnio.so
7f6a97b47000-7f6a97b5d000 r-xp 00000000 08:15 7082441                    /lib/x86_64-linux-gnu/libgcc_s.so.1
7f6a97b5d000-7f6a97d5c000 ---p 00016000 08:15 7082441                    /lib/x86_64-linux-gnu/libgcc_s.so.1
7f6a97d5c000-7f6a97d5d000 rw-p 00015000 08:15 7082441                    /lib/x86_64-linux-gnu/libgcc_s.so.1
7f6a97d87000-7f6a97dec000 r-xp 00000000 08:15 12980585                   /usr/lib/jvm/java-8-oracle/jre/lib/amd64/libfontmanager.so
7f6a97dec000-7f6a97feb000 ---p 00065000 08:15 12980585                   /usr/lib/jvm/java-8-oracle/jre/lib/amd64/libfontmanager.so
7f6a97feb000-7f6a97ff0000 rw-p 00064000 08:15 12980585                   /usr/lib/jvm/java-8-oracle/jre/lib/amd64/libfontmanager.so
7f6a97ff0000-7f6a98000000 rw-p 00000000 00:00 0 
7f6a98000000-7f6a98021000 rw-p 00000000 00:00 0 
7f6a98021000-7f6a9c000000 ---p 00000000 00:00 0 
7f6a9c000000-7f6a9c1cf000 rw-p 00000000 00:00 0 
7f6a9c1cf000-7f6aa0000000 ---p 00000000 00:00 0 
7f6aa0000000-7f6aa01c9000 rw-p 00000000 00:00 0 
7f6aa01c9000-7f6aa4000000 ---p 00000000 00:00 0 
7f6aa4000000-7f6aa4021000 rw-p 00000000 00:00 0 
7f6aa4021000-7f6aa8000000 ---p 00000000 00:00 0 
7f6aa8000000-7f6aa8125000 rw-p 00000000 00:00 0 
7f6aa8125000-7f6aac000000 ---p 00000000 00:00 0 
7f6aac000000-7f6aac025000 rw-p 00000000 00:00 0 
7f6aac025000-7f6ab0000000 ---p 00000000 00:00 0 
7f6ab0000000-7f6ab0021000 rw-p 00000000 00:00 0 
7f6ab0021000-7f6ab4000000 ---p 00000000 00:00 0 
7f6ab4000000-7f6ab4021000 rw-p 00000000 00:00 0 
7f6ab4021000-7f6ab8000000 ---p 00000000 00:00 0 
7f6ab8000000-7f6ab8021000 rw-p 00000000 00:00 0 
7f6ab8021000-7f6abc000000 ---p 00000000 00:00 0 
7f6abc000000-7f6abc021000 rw-p 00000000 00:00 0 
7f6abc021000-7f6ac0000000 ---p 00000000 00:00 0 
7f6ac0000000-7f6ac0021000 rw-p 00000000 00:00 0 
7f6ac0021000-7f6ac4000000 ---p 00000000 00:00 0 
7f6ac4000000-7f6ac4021000 rw-p 00000000 00:00 0 
7f6ac4021000-7f6ac8000000 ---p 00000000 00:00 0 
7f6ac8000000-7f6ac8021000 rw-p 00000000 00:00 0 
7f6ac8021000-7f6acc000000 ---p 00000000 00:00 0 
7f6acc01b000-7f6acc01e000 ---p 00000000 00:00 0 
7f6acc01e000-7f6acc11c000 rw-p 00000000 00:00 0 
7f6acc11c000-7f6acc121000 r-xp 00000000 08:15 12329482                   /usr/lib/x86_64-linux-gnu/libXdmcp.so.6.0.0
7f6acc121000-7f6acc320000 ---p 00005000 08:15 12329482                   /usr/lib/x86_64-linux-gnu/libXdmcp.so.6.0.0
7f6acc320000-7f6acc321000 r--p 00004000 08:15 12329482                   /usr/lib/x86_64-linux-gnu/libXdmcp.so.6.0.0
7f6acc321000-7f6acc322000 rw-p 00005000 08:15 12329482                   /usr/lib/x86_64-linux-gnu/libXdmcp.so.6.0.0
7f6acc322000-7f6acc324000 r-xp 00000000 08:15 12329471                   /usr/lib/x86_64-linux-gnu/libXau.so.6.0.0
7f6acc324000-7f6acc524000 ---p 00002000 08:15 12329471                   /usr/lib/x86_64-linux-gnu/libXau.so.6.0.0
7f6acc524000-7f6acc525000 r--p 00002000 08:15 12329471                   /usr/lib/x86_64-linux-gnu/libXau.so.6.0.0
7f6acc525000-7f6acc526000 rw-p 00003000 08:15 12329471                   /usr/lib/x86_64-linux-gnu/libXau.so.6.0.0
7f6acc526000-7f6acc547000 r-xp 00000000 08:15 12330820                   /usr/lib/x86_64-linux-gnu/libxcb.so.1.1.0
7f6acc547000-7f6acc746000 ---p 00021000 08:15 12330820                   /usr/lib/x86_64-linux-gnu/libxcb.so.1.1.0
7f6acc746000-7f6acc747000 r--p 00020000 08:15 12330820                   /usr/lib/x86_64-linux-gnu/libxcb.so.1.1.0
7f6acc747000-7f6acc748000 rw-p 00021000 08:15 12330820                   /usr/lib/x86_64-linux-gnu/libxcb.so.1.1.0
7f6acc748000-7f6acc757000 r-xp 00000000 08:15 12329492                   /usr/lib/x86_64-linux-gnu/libXi.so.6.1.0
7f6acc757000-7f6acc956000 ---p 0000f000 08:15 12329492                   /usr/lib/x86_64-linux-gnu/libXi.so.6.1.0
7f6acc956000-7f6acc957000 r--p 0000e000 08:15 12329492                   /usr/lib/x86_64-linux-gnu/libXi.so.6.1.0
7f6acc957000-7f6acc958000 rw-p 0000f000 08:15 12329492                   /usr/lib/x86_64-linux-gnu/libXi.so.6.1.0
7f6acc958000-7f6acc95d000 r-xp 00000000 08:15 12329510                   /usr/lib/x86_64-linux-gnu/libXtst.so.6.1.0
7f6acc95d000-7f6accb5c000 ---p 00005000 08:15 12329510                   /usr/lib/x86_64-linux-gnu/libXtst.so.6.1.0
7f6accb5c000-7f6accb5d000 r--p 00004000 08:15 12329510                   /usr/lib/x86_64-linux-gnu/libXtst.so.6.1.0
7f6accb5d000-7f6accb5e000 rw-p 00005000 08:15 12329510                   /usr/lib/x86_64-linux-gnu/libXtst.so.6.1.0
7f6accb5e000-7f6accb67000 r-xp 00000000 08:15 12329504                   /usr/lib/x86_64-linux-gnu/libXrender.so.1.3.0
7f6accb67000-7f6accd66000 ---p 00009000 08:15 12329504                   /usr/lib/x86_64-linux-gnu/libXrender.so.1.3.0
7f6accd66000-7f6accd67000 r--p 00008000 08:15 12329504                   /usr/lib/x86_64-linux-gnu/libXrender.so.1.3.0
7f6accd67000-7f6accd68000 rw-p 00009000 08:15 12329504                   /usr/lib/x86_64-linux-gnu/libXrender.so.1.3.0
7f6accd68000-7f6acce9d000 r-xp 00000000 08:15 12329467                   /usr/lib/x86_64-linux-gnu/libX11.so.6.3.0
7f6acce9d000-7f6acd09d000 ---p 00135000 08:15 12329467                   /usr/lib/x86_64-linux-gnu/libX11.so.6.3.0
7f6acd09d000-7f6acd09e000 r--p 00135000 08:15 12329467                   /usr/lib/x86_64-linux-gnu/libX11.so.6.3.0
7f6acd09e000-7f6acd0a2000 rw-p 00136000 08:15 12329467                   /usr/lib/x86_64-linux-gnu/libX11.so.6.3.0
7f6acd0a2000-7f6acd0b3000 r-xp 00000000 08:15 12329484                   /usr/lib/x86_64-linux-gnu/libXext.so.6.4.0
7f6acd0b3000-7f6acd2b2000 ---p 00011000 08:15 12329484                   /usr/lib/x86_64-linux-gnu/libXext.so.6.4.0
7f6acd2b2000-7f6acd2b3000 r--p 00010000 08:15 12329484                   /usr/lib/x86_64-linux-gnu/libXext.so.6.4.0
7f6acd2b3000-7f6acd2b4000 rw-p 00011000 08:15 12329484                   /usr/lib/x86_64-linux-gnu/libXext.so.6.4.0
7f6acd2ce000-7f6acd2cf000 rwxp 00000000 00:00 0 
7f6acd2cf000-7f6acd2d0000 r--s 00004000 08:15 13654818                   /home/nokorot/Workspace/Java/PS/PS 3.0.0/LWJGL3/lwjgl-xxhash.jar
7f6acd2d0000-7f6acd2d9000 r--s 000a6000 08:15 13654825                   /home/nokorot/Workspace/Java/PS/PS 3.0.0/LWJGL3/lwjgl-vulkan.jar
7f6acd2d9000-7f6acd2de000 r--s 000ac000 08:15 13654824                   /home/nokorot/Workspace/Java/PS/PS 3.0.0/LWJGL3/lwjgl-vulkan-sources.jar
7f6acd2de000-7f6acd332000 r-xp 00000000 08:15 12980593                   /usr/lib/jvm/java-8-oracle/jre/lib/amd64/libawt_xawt.so
7f6acd332000-7f6acd532000 ---p 00054000 08:15 12980593                   /usr/lib/jvm/java-8-oracle/jre/lib/amd64/libawt_xawt.so
7f6acd532000-7f6acd536000 rw-p 00054000 08:15 12980593                   /usr/lib/jvm/java-8-oracle/jre/lib/amd64/libawt_xawt.so
7f6acd536000-7f6acd537000 rw-p 00000000 00:00 0 
7f6acd537000-7f6acd5d9000 r-xp 00000000 08:15 12980626                   /usr/lib/jvm/java-8-oracle/jre/lib/amd64/libawt.so
7f6acd5d9000-7f6acd7d9000 ---p 000a2000 08:15 12980626                   /usr/lib/jvm/java-8-oracle/jre/lib/amd64/libawt.so
7f6acd7d9000-7f6acd7e5000 rw-p 000a2000 08:15 12980626                   /usr/lib/jvm/java-8-oracle/jre/lib/amd64/libawt.so
7f6acd7e5000-7f6acd809000 rw-p 00000000 00:00 0 
7f6acd809000-7f6acd80a000 ---p 00000000 00:00 0 
7f6acd80a000-7f6acd90a000 rw-p 00000000 00:00 0 
7f6acd90a000-7f6acd90d000 ---p 00000000 00:00 0 
7f6acd90d000-7f6acda0b000 rw-p 00000000 00:00 0 
7f6acda0b000-7f6acda0e000 ---p 00000000 00:00 0 
7f6acda0e000-7f6acdb0c000 rw-p 00000000 00:00 0 
7f6acdb0c000-7f6acdb0f000 ---p 00000000 00:00 0 
7f6acdb0f000-7f6acdc0d000 rw-p 00000000 00:00 0 
7f6acdc0d000-7f6acdc10000 ---p 00000000 00:00 0 
7f6acdc10000-7f6acdd0e000 rw-p 00000000 00:00 0 
7f6acdd0e000-7f6acdd11000 ---p 00000000 00:00 0 
7f6acdd11000-7f6acde0f000 rw-p 00000000 00:00 0 
7f6acde0f000-7f6acde12000 ---p 00000000 00:00 0 
7f6acde12000-7f6acdf10000 rw-p 00000000 00:00 0 
7f6acdf10000-7f6acdf13000 ---p 00000000 00:00 0 
7f6acdf13000-7f6ace011000 rw-p 00000000 00:00 0 
7f6ace011000-7f6ace015000 r-xp 00000000 08:15 12980607                   /usr/lib/jvm/java-8-oracle/jre/lib/amd64/libdt_socket.so
7f6ace015000-7f6ace214000 ---p 00004000 08:15 12980607                   /usr/lib/jvm/java-8-oracle/jre/lib/amd64/libdt_socket.so
7f6ace214000-7f6ace215000 rw-p 00003000 08:15 12980607                   /usr/lib/jvm/java-8-oracle/jre/lib/amd64/libdt_socket.so
7f6ace215000-7f6ace218000 ---p 00000000 00:00 0 
7f6ace218000-7f6ace316000 rw-p 00000000 00:00 0 
7f6ace316000-7f6ace319000 ---p 00000000 00:00 0 
7f6ace319000-7f6ace417000 rw-p 00000000 00:00 0 
7f6ace417000-7f6ace41a000 ---p 00000000 00:00 0 
7f6ace41a000-7f6ace518000 rw-p 00000000 00:00 0 
7f6ace518000-7f6ace519000 ---p 00000000 00:00 0 
7f6ace519000-7f6acfbe7000 rw-p 00000000 00:00 0 
7f6acfbe7000-7f6acfc27000 ---p 00000000 00:00 0 
7f6acfc27000-7f6ad0000000 rw-p 00000000 00:00 0 
7f6ad0000000-7f6ad0021000 rw-p 00000000 00:00 0 
7f6ad0021000-7f6ad4000000 ---p 00000000 00:00 0 
7f6ad4000000-7f6ad4001000 r--s 00001000 08:15 13654817                   /home/nokorot/Workspace/Java/PS/PS 3.0.0/LWJGL3/lwjgl-xxhash-natives-linux.jar
7f6ad4001000-7f6ad4002000 r--s 00001000 08:15 13654813                   /home/nokorot/Workspace/Java/PS/PS 3.0.0/LWJGL3/lwjgl-tinyfd.jar
7f6ad4002000-7f6ad4003000 r--s 00007000 08:15 13654815                   /home/nokorot/Workspace/Java/PS/PS 3.0.0/LWJGL3/lwjgl-tinyfd-natives-linux.jar
7f6ad4003000-7f6ad4006000 r--s 00012000 08:15 13654809                   /home/nokorot/Workspace/Java/PS/PS 3.0.0/LWJGL3/lwjgl-stb.jar
7f6ad4006000-7f6ad4007000 r--s 0002c000 08:15 13654808                   /home/nokorot/Workspace/Java/PS/PS 3.0.0/LWJGL3/lwjgl-stb-natives-linux.jar
7f6ad4007000-7f6ad4008000 r--s 00000000 08:15 13654803                   /home/nokorot/Workspace/Java/PS/PS 3.0.0/LWJGL3/lwjgl-sse.jar
7f6ad4008000-7f6ad4009000 r--s 00000000 08:15 13654802                   /home/nokorot/Workspace/Java/PS/PS 3.0.0/LWJGL3/lwjgl-sse-natives-linux.jar
7f6ad4009000-7f6ad400b000 r--s 00058000 08:15 13654804                   /home/nokorot/Workspace/Java/PS/PS 3.0.0/LWJGL3/lwjgl-sse-javadoc.jar
7f6ad400b000-7f6ad400d000 r--s 00001000 08:15 13654799                   /home/nokorot/Workspace/Java/PS/PS 3.0.0/LWJGL3/lwjgl-par.jar
7f6ad400d000-7f6ad400e000 r--s 00005000 08:15 13654795                   /home/nokorot/Workspace/Java/PS/PS 3.0.0/LWJGL3/lwjgl-par-natives-linux.jar
7f6ad400e000-7f6ad4014000 r--s 00048000 08:15 13654794                   /home/nokorot/Workspace/Java/PS/PS 3.0.0/LWJGL3/lwjgl-opengles.jar
7f6ad4014000-7f6ad4098000 rw-p 00000000 00:00 0 
7f6ad4098000-7f6ad4270000 r--s 03d2a000 08:15 12855517                   /usr/lib/jvm/java-8-oracle/jre/lib/rt.jar
7f6ad4270000-7f6ad8000000 rw-p 00000000 00:00 0 
7f6ad8000000-7f6ad8021000 rw-p 00000000 00:00 0 
7f6ad8021000-7f6adc000000 ---p 00000000 00:00 0 
7f6adc000000-7f6adc021000 rw-p 00000000 00:00 0 
7f6adc021000-7f6ae0000000 ---p 00000000 00:00 0 
7f6ae0000000-7f6ae0021000 rw-p 00000000 00:00 0 
7f6ae0021000-7f6ae4000000 ---p 00000000 00:00 0 
7f6ae4000000-7f6ae4001000 r--s 00007000 08:15 13654792                   /home/nokorot/Workspace/Java/PS/PS 3.0.0/LWJGL3/lwjgl-opengles-natives-linux.jar
7f6ae4001000-7f6ae400a000 r--s 000ba000 08:15 13654797                   /home/nokorot/Workspace/Java/PS/PS 3.0.0/LWJGL3/lwjgl-opengl.jar
7f6ae400a000-7f6ae400b000 r--s 00015000 08:15 13654789                   /home/nokorot/Workspace/Java/PS/PS 3.0.0/LWJGL3/lwjgl-opengl-natives-linux.jar
7f6ae400b000-7f6ae41d1000 rw-p 00000000 00:00 0 
7f6ae41d1000-7f6ae41d2000 ---p 00000000 00:00 0 
7f6ae41d2000-7f6ae42d2000 rw-p 00000000 00:00 0 
7f6ae42d2000-7f6ae42d3000 ---p 00000000 00:00 0 
7f6ae42d3000-7f6ae43d3000 rw-p 00000000 00:00 0 
7f6ae43d3000-7f6ae43d4000 ---p 00000000 00:00 0 
7f6ae43d4000-7f6ae44d4000 rw-p 00000000 00:00 0 
7f6ae44d4000-7f6ae44d5000 ---p 00000000 00:00 0 
7f6ae44d5000-7f6ae45ff000 rw-p 00000000 00:00 0 
7f6ae45ff000-7f6ae4866000 ---p 00000000 00:00 0 
7f6ae4866000-7f6ae4890000 rw-p 00000000 00:00 0 
7f6ae4890000-7f6ae4af6000 ---p 00000000 00:00 0 
7f6ae4af6000-7f6ae4b0c000 rw-p 00000000 00:00 0 
7f6ae4b0c000-7f6ae4c3f000 ---p 00000000 00:00 0 
7f6ae4c3f000-7f6ae4c4a000 rw-p 00000000 00:00 0 
7f6ae4c4a000-7f6ae5000000 ---p 00000000 00:00 0 
7f6ae5000000-7f6ae5270000 rwxp 00000000 00:00 0 
7f6ae5270000-7f6af4000000 ---p 00000000 00:00 0 
7f6af4000000-7f6af4497000 rw-p 00000000 00:00 0 
7f6af4497000-7f6af8000000 ---p 00000000 00:00 0 
7f6af8000000-7f6af8003000 r--s 00023000 08:15 13654790                   /home/nokorot/Workspace/Java/PS/PS 3.0.0/LWJGL3/lwjgl-opencl.jar
7f6af8003000-7f6af8005000 r--s 00010000 08:15 13654776                   /home/nokorot/Workspace/Java/PS/PS 3.0.0/LWJGL3/lwjgl-openal.jar
7f6af8005000-7f6af8006000 r--s 0004a000 08:15 13654787                   /home/nokorot/Workspace/Java/PS/PS 3.0.0/LWJGL3/lwjgl-openal-natives-linux.jar
7f6af8006000-7f6af800b000 r--s 00054000 08:15 13654782                   /home/nokorot/Workspace/Java/PS/PS 3.0.0/LWJGL3/lwjgl-nuklear.jar
7f6af800b000-7f6af800c000 r--s 0001f000 08:15 13654772                   /home/nokorot/Workspace/Java/PS/PS 3.0.0/LWJGL3/lwjgl-nuklear-natives-linux.jar
7f6af800c000-7f6af800d000 r--s 00001000 08:15 13654766                   /home/nokorot/Workspace/Java/PS/PS 3.0.0/LWJGL3/lwjgl-nfd.jar
7f6af800d000-7f6af800e000 r--s 00001000 08:15 13654764                   /home/nokorot/Workspace/Java/PS/PS 3.0.0/LWJGL3/lwjgl-nfd-natives-linux.jar
7f6af800e000-7f6af800f000 r--s 00011000 08:15 13654822                   /home/nokorot/Workspace/Java/PS/PS 3.0.0/LWJGL3/lwjgl-natives-linux.jar
7f6af800f000-7f6af8011000 r--s 00008000 08:15 13654756                   /home/nokorot/Workspace/Java/PS/PS 3.0.0/LWJGL3/lwjgl-nanovg.jar
7f6af8011000-7f6af802b000 r-xp 00000000 08:15 12980589                   /usr/lib/jvm/java-8-oracle/jre/lib/amd64/libzip.so
7f6af802b000-7f6af822b000 ---p 0001a000 08:15 12980589                   /usr/lib/jvm/java-8-oracle/jre/lib/amd64/libzip.so
7f6af822b000-7f6af822c000 rw-p 0001a000 08:15 12980589                   /usr/lib/jvm/java-8-oracle/jre/lib/amd64/libzip.so
7f6af822c000-7f6af8237000 r-xp 00000000 08:15 7082071                    /lib/x86_64-linux-gnu/libnss_files-2.23.so
7f6af8237000-7f6af8436000 ---p 0000b000 08:15 7082071                    /lib/x86_64-linux-gnu/libnss_files-2.23.so
7f6af8436000-7f6af8437000 r--p 0000a000 08:15 7082071                    /lib/x86_64-linux-gnu/libnss_files-2.23.so
7f6af8437000-7f6af8438000 rw-p 0000b000 08:15 7082071                    /lib/x86_64-linux-gnu/libnss_files-2.23.so
7f6af8438000-7f6af843e000 rw-p 00000000 00:00 0 
7f6af843e000-7f6af8449000 r-xp 00000000 08:15 7082047                    /lib/x86_64-linux-gnu/libnss_nis-2.23.so
7f6af8449000-7f6af8648000 ---p 0000b000 08:15 7082047                    /lib/x86_64-linux-gnu/libnss_nis-2.23.so
7f6af8648000-7f6af8649000 r--p 0000a000 08:15 7082047                    /lib/x86_64-linux-gnu/libnss_nis-2.23.so
7f6af8649000-7f6af864a000 rw-p 0000b000 08:15 7082047                    /lib/x86_64-linux-gnu/libnss_nis-2.23.so
7f6af864a000-7f6af8660000 r-xp 00000000 08:15 7082063                    /lib/x86_64-linux-gnu/libnsl-2.23.so
7f6af8660000-7f6af885f000 ---p 00016000 08:15 7082063                    /lib/x86_64-linux-gnu/libnsl-2.23.so
7f6af885f000-7f6af8860000 r--p 00015000 08:15 7082063                    /lib/x86_64-linux-gnu/libnsl-2.23.so
7f6af8860000-7f6af8861000 rw-p 00016000 08:15 7082063                    /lib/x86_64-linux-gnu/libnsl-2.23.so
7f6af8861000-7f6af8863000 rw-p 00000000 00:00 0 
7f6af8863000-7f6af886b000 r-xp 00000000 08:15 7082065                    /lib/x86_64-linux-gnu/libnss_compat-2.23.so
7f6af886b000-7f6af8a6a000 ---p 00008000 08:15 7082065                    /lib/x86_64-linux-gnu/libnss_compat-2.23.so
7f6af8a6a000-7f6af8a6b000 r--p 00007000 08:15 7082065                    /lib/x86_64-linux-gnu/libnss_compat-2.23.so
7f6af8a6b000-7f6af8a6c000 rw-p 00008000 08:15 7082065                    /lib/x86_64-linux-gnu/libnss_compat-2.23.so
7f6af8a6c000-7f6af8ec3000 r--p 00000000 08:15 12322328                   /usr/lib/locale/locale-archive
7f6af8ec3000-7f6af8ec5000 r-xp 00000000 08:15 12980597                   /usr/lib/jvm/java-8-oracle/jre/lib/amd64/libnpt.so
7f6af8ec5000-7f6af90c5000 ---p 00002000 08:15 12980597                   /usr/lib/jvm/java-8-oracle/jre/lib/amd64/libnpt.so
7f6af90c5000-7f6af90c6000 rw-p 00002000 08:15 12980597                   /usr/lib/jvm/java-8-oracle/jre/lib/amd64/libnpt.so
7f6af90c6000-7f6af90ff000 r-xp 00000000 08:15 12980352                   /usr/lib/jvm/java-8-oracle/jre/lib/amd64/libjdwp.so
7f6af90ff000-7f6af92fe000 ---p 00039000 08:15 12980352                   /usr/lib/jvm/java-8-oracle/jre/lib/amd64/libjdwp.so
7f6af92fe000-7f6af9300000 rw-p 00038000 08:15 12980352                   /usr/lib/jvm/java-8-oracle/jre/lib/amd64/libjdwp.so
7f6af9300000-7f6af932b000 r-xp 00000000 08:15 12980616                   /usr/lib/jvm/java-8-oracle/jre/lib/amd64/libjava.so
7f6af932b000-7f6af952a000 ---p 0002b000 08:15 12980616                   /usr/lib/jvm/java-8-oracle/jre/lib/amd64/libjava.so
7f6af952a000-7f6af952c000 rw-p 0002a000 08:15 12980616                   /usr/lib/jvm/java-8-oracle/jre/lib/amd64/libjava.so
7f6af952c000-7f6af9539000 r-xp 00000000 08:15 12980358                   /usr/lib/jvm/java-8-oracle/jre/lib/amd64/libverify.so
7f6af9539000-7f6af9738000 ---p 0000d000 08:15 12980358                   /usr/lib/jvm/java-8-oracle/jre/lib/amd64/libverify.so
7f6af9738000-7f6af973a000 rw-p 0000c000 08:15 12980358                   /usr/lib/jvm/java-8-oracle/jre/lib/amd64/libverify.so
7f6af973a000-7f6af9741000 r-xp 00000000 08:15 7082046                    /lib/x86_64-linux-gnu/librt-2.23.so
7f6af9741000-7f6af9940000 ---p 00007000 08:15 7082046                    /lib/x86_64-linux-gnu/librt-2.23.so
7f6af9940000-7f6af9941000 r--p 00006000 08:15 7082046                    /lib/x86_64-linux-gnu/librt-2.23.so
7f6af9941000-7f6af9942000 rw-p 00007000 08:15 7082046                    /lib/x86_64-linux-gnu/librt-2.23.so
7f6af9942000-7f6af9a4a000 r-xp 00000000 08:15 7082058                    /lib/x86_64-linux-gnu/libm-2.23.so
7f6af9a4a000-7f6af9c49000 ---p 00108000 08:15 7082058                    /lib/x86_64-linux-gnu/libm-2.23.so
7f6af9c49000-7f6af9c4a000 r--p 00107000 08:15 7082058                    /lib/x86_64-linux-gnu/libm-2.23.so
7f6af9c4a000-7f6af9c4b000 rw-p 00108000 08:15 7082058                    /lib/x86_64-linux-gnu/libm-2.23.so
7f6af9c4b000-7f6afa918000 r-xp 00000000 08:15 12980620                   /usr/lib/jvm/java-8-oracle/jre/lib/amd64/server/libjvm.so
7f6afa918000-7f6afab17000 ---p 00ccd000 08:15 12980620                   /usr/lib/jvm/java-8-oracle/jre/lib/amd64/server/libjvm.so
7f6afab17000-7f6afabf0000 rw-p 00ccc000 08:15 12980620                   /usr/lib/jvm/java-8-oracle/jre/lib/amd64/server/libjvm.so
7f6afabf0000-7f6afac3b000 rw-p 00000000 00:00 0 
7f6afac3b000-7f6afadfa000 r-xp 00000000 08:15 7082051                    /lib/x86_64-linux-gnu/libc-2.23.so
7f6afadfa000-7f6afaffa000 ---p 001bf000 08:15 7082051                    /lib/x86_64-linux-gnu/libc-2.23.so
7f6afaffa000-7f6afaffe000 r--p 001bf000 08:15 7082051                    /lib/x86_64-linux-gnu/libc-2.23.so
7f6afaffe000-7f6afb000000 rw-p 001c3000 08:15 7082051                    /lib/x86_64-linux-gnu/libc-2.23.so
7f6afb000000-7f6afb004000 rw-p 00000000 00:00 0 
7f6afb004000-7f6afb007000 r-xp 00000000 08:15 7082050                    /lib/x86_64-linux-gnu/libdl-2.23.so
7f6afb007000-7f6afb206000 ---p 00003000 08:15 7082050                    /lib/x86_64-linux-gnu/libdl-2.23.so
7f6afb206000-7f6afb207000 r--p 00002000 08:15 7082050                    /lib/x86_64-linux-gnu/libdl-2.23.so
7f6afb207000-7f6afb208000 rw-p 00003000 08:15 7082050                    /lib/x86_64-linux-gnu/libdl-2.23.so
7f6afb208000-7f6afb21d000 r-xp 00000000 08:15 12585246                   /usr/lib/jvm/java-8-oracle/lib/amd64/jli/libjli.so
7f6afb21d000-7f6afb41d000 ---p 00015000 08:15 12585246                   /usr/lib/jvm/java-8-oracle/lib/amd64/jli/libjli.so
7f6afb41d000-7f6afb41e000 rw-p 00015000 08:15 12585246                   /usr/lib/jvm/java-8-oracle/lib/amd64/jli/libjli.so
7f6afb41e000-7f6afb436000 r-xp 00000000 08:15 7082059                    /lib/x86_64-linux-gnu/libpthread-2.23.so
7f6afb436000-7f6afb635000 ---p 00018000 08:15 7082059                    /lib/x86_64-linux-gnu/libpthread-2.23.so
7f6afb635000-7f6afb636000 r--p 00017000 08:15 7082059                    /lib/x86_64-linux-gnu/libpthread-2.23.so
7f6afb636000-7f6afb637000 rw-p 00018000 08:15 7082059                    /lib/x86_64-linux-gnu/libpthread-2.23.so
7f6afb637000-7f6afb63b000 rw-p 00000000 00:00 0 
7f6afb63b000-7f6afb661000 r-xp 00000000 08:15 7082039                    /lib/x86_64-linux-gnu/ld-2.23.so
7f6afb661000-7f6afb662000 r--s 0001f000 08:15 13654762                   /home/nokorot/Workspace/Java/PS/PS 3.0.0/LWJGL3/lwjgl-nanovg-natives-linux.jar
7f6afb662000-7f6afb664000 r--s 00005000 08:15 13654746                   /home/nokorot/Workspace/Java/PS/PS 3.0.0/LWJGL3/lwjgl-lmdb.jar
7f6afb664000-7f6afb72f000 rw-p 00000000 00:00 0 
7f6afb72f000-7f6afb732000 ---p 00000000 00:00 0 
7f6afb732000-7f6afb834000 rw-p 00000000 00:00 0 
7f6afb834000-7f6afb835000 r--s 0000d000 08:15 13654750                   /home/nokorot/Workspace/Java/PS/PS 3.0.0/LWJGL3/lwjgl-lmdb-natives-linux.jar
7f6afb835000-7f6afb837000 r--s 00007000 08:15 13654736                   /home/nokorot/Workspace/Java/PS/PS 3.0.0/LWJGL3/lwjgl-jemalloc.jar
7f6afb837000-7f6afb838000 r--s 00019000 08:15 13654734                   /home/nokorot/Workspace/Java/PS/PS 3.0.0/LWJGL3/lwjgl-jemalloc-natives-linux.jar
7f6afb838000-7f6afb839000 r--s 00005000 08:15 13654724                   /home/nokorot/Workspace/Java/PS/PS 3.0.0/LWJGL3/lwjgl-jawt.jar
7f6afb839000-7f6afb83b000 r--s 00066000 08:15 13654732                   /home/nokorot/Workspace/Java/PS/PS 3.0.0/LWJGL3/lwjgl-jawt-javadoc.jar
7f6afb83b000-7f6afb83e000 r--s 00015000 08:15 13654722                   /home/nokorot/Workspace/Java/PS/PS 3.0.0/LWJGL3/lwjgl-glfw.jar
7f6afb83e000-7f6afb83f000 r--s 0000e000 08:15 13654716                   /home/nokorot/Workspace/Java/PS/PS 3.0.0/LWJGL3/lwjgl-glfw-natives-linux.jar
7f6afb83f000-7f6afb843000 r--s 0001b000 08:15 13654708                   /home/nokorot/Workspace/Java/PS/PS 3.0.0/LWJGL3/lwjgl-egl.jar
7f6afb843000-7f6afb847000 r--s 0001e000 08:15 13654712                   /home/nokorot/Workspace/Java/PS/PS 3.0.0/LWJGL3/lwjgl-egl-sources.jar
7f6afb847000-7f6afb84a000 r--s 0001f000 08:15 13654702                   /home/nokorot/Workspace/Java/PS/PS 3.0.0/LWJGL3/lwjgl-bgfx.jar
7f6afb84a000-7f6afb84b000 r--s 00042000 08:15 13654704                   /home/nokorot/Workspace/Java/PS/PS 3.0.0/LWJGL3/lwjgl-bgfx-natives-linux.jar
7f6afb84b000-7f6afb84f000 r--s 0002a000 08:15 13654692                   /home/nokorot/Workspace/Java/PS/PS 3.0.0/LWJGL3/lwjgl-assimp.jar
7f6afb84f000-7f6afb850000 r--s 002ae000 08:15 13654740                   /home/nokorot/Workspace/Java/PS/PS 3.0.0/LWJGL3/lwjgl-assimp-natives-linux.jar
7f6afb850000-7f6afb854000 r--s 0003d000 08:15 13654827                   /home/nokorot/Workspace/Java/PS/PS 3.0.0/LWJGL3/lwjgl.jar
7f6afb854000-7f6afb85c000 rw-s 00000000 08:15 1325745                    /tmp/hsperfdata_nokorot/5495
7f6afb85c000-7f6afb85d000 rw-p 00000000 00:00 0 
7f6afb85d000-7f6afb85e000 r--p 00000000 00:00 0 
7f6afb85e000-7f6afb860000 rw-p 00000000 00:00 0 
7f6afb860000-7f6afb861000 r--p 00025000 08:15 7082039                    /lib/x86_64-linux-gnu/ld-2.23.so
7f6afb861000-7f6afb862000 rw-p 00026000 08:15 7082039                    /lib/x86_64-linux-gnu/ld-2.23.so
7f6afb862000-7f6afb863000 rw-p 00000000 00:00 0 
7ffc7b2e2000-7ffc7b304000 rw-p 00000000 00:00 0                          [stack]
7ffc7b360000-7ffc7b362000 r--p 00000000 00:00 0                          [vvar]
7ffc7b362000-7ffc7b364000 r-xp 00000000 00:00 0                          [vdso]
ffffffffff600000-ffffffffff601000 r-xp 00000000 00:00 0                  [vsyscall]

VM Arguments:
jvm_args: -agentlib:jdwp=transport=dt_socket,suspend=y,address=localhost:38432 -Djava.library.path=/home/noko/workspace/Java/Test/Test/LWJGL3 -Dfile.encoding=UTF-8 
java_command: engineTest.Main
java_class_path (initial): /home/nokorot/Workspace/Java/PS/PS 3.0.0/bin:/home/nokorot/Workspace/Java/PS/PS 3.0.0/LWJGL3/lwjgl.jar:/home/nokorot/Workspace/Java/PS/PS 3.0.0/LWJGL3/lwjgl-assimp-natives-linux.jar:/home/nokorot/Workspace/Java/PS/PS 3.0.0/LWJGL3/lwjgl-assimp.jar:/home/nokorot/Workspace/Java/PS/PS 3.0.0/LWJGL3/lwjgl-bgfx-natives-linux.jar:/home/nokorot/Workspace/Java/PS/PS 3.0.0/LWJGL3/lwjgl-bgfx.jar:/home/nokorot/Workspace/Java/PS/PS 3.0.0/LWJGL3/lwjgl-egl-sources.jar:/home/nokorot/Workspace/Java/PS/PS 3.0.0/LWJGL3/lwjgl-egl.jar:/home/nokorot/Workspace/Java/PS/PS 3.0.0/LWJGL3/lwjgl-glfw-natives-linux.jar:/home/nokorot/Workspace/Java/PS/PS 3.0.0/LWJGL3/lwjgl-glfw.jar:/home/nokorot/Workspace/Java/PS/PS 3.0.0/LWJGL3/lwjgl-jawt-javadoc.jar:/home/nokorot/Workspace/Java/PS/PS 3.0.0/LWJGL3/lwjgl-jawt.jar:/home/nokorot/Workspace/Java/PS/PS 3.0.0/LWJGL3/lwjgl-jemalloc-natives-linux.jar:/home/nokorot/Workspace/Java/PS/PS 3.0.0/LWJGL3/lwjgl-jemalloc.jar:/home/nokorot/Workspace/Java/PS/PS 3.0.0/LWJGL3/lwjgl-lmdb-natives-linux.jar:/home/nokorot/Workspace/Java/PS/PS 3.0.0/LWJGL3/lwjgl-lmdb.jar:/home/nokorot/Workspace/Java/PS/PS 3.0.0/LWJGL3/lwjgl-nanovg-natives-linux.jar:/home/nokorot/Workspace/Java/PS/PS 3.0.0/LWJGL3/lwjgl-nanovg.jar:/home/nokorot/Workspace/Java/PS/PS 3.0.0/LWJGL3/lwjgl-natives-linux.jar:/home/nokorot/Workspace/Java/PS/PS 3.0.0/LWJGL3/lwjgl-nfd-natives-linux.jar:/home/nokorot/Workspace/Java/PS/PS 3.0.0/LWJGL3/lwjgl-nfd.jar:/home/nokorot/Workspace/Java/PS/PS 3.0.0/LWJGL3/lwjgl-nuklear-natives-linux.jar:/home/nokorot/Workspace/Java/PS/PS 3.0.0/LWJGL3/lwjgl-nuklear.jar:/home/nokorot/Workspace/Java/PS/PS 3.0.0/LWJGL3/lwjgl-openal-natives-linux.jar:/home/nokorot/Workspace/Java/PS/PS 3.0.0/LWJGL3/lwjgl-openal.jar:/home/nokorot/Workspace/Java/PS/PS 3.0.0/LWJGL3/lwjgl-opencl.jar:/home/nokorot/Workspace/Java/PS/PS 3.0.0/LWJGL3/lwjgl-opengl-natives-linux.jar:/home/nokorot/Workspace/Java/PS/PS 3.0.0/LWJGL3/lwjgl-opengl.jar:/home/nokorot/Workspace/Java/PS/PS 3.
Launcher Type: SUN_STANDARD

Environment Variables:
JAVA_HOME=/usr/lib/jvm/java-8-oracle
PATH=/home/nokorot/.cabal/bin:/opt/cabal/1.22/bin:/opt/ghc/7.10.3/bin:/home/nokorot/.bin:/home/nokorot/bin:/home/nokorot/.local/bin:/usr/local/sbin:/usr/local/bin:/usr/sbin:/usr/bin:/sbin:/bin:/usr/games:/usr/local/games:/snap/bin:/usr/lib/jvm/java-8-oracle/bin:/usr/lib/jvm/java-8-oracle/db/bin:/usr/lib/jvm/java-8-oracle/jre/bin
USERNAME=nokorot
SHELL=/bin/bash
DISPLAY=:1

Signal Handlers:
SIGSEGV: [libjvm.so+0xac64b0], sa_mask[0]=11111111011111111101111111111110, sa_flags=SA_RESTART|SA_SIGINFO
SIGBUS: [libjvm.so+0xac64b0], sa_mask[0]=11111111011111111101111111111110, sa_flags=SA_RESTART|SA_SIGINFO
SIGFPE: [libjvm.so+0x91f950], sa_mask[0]=11111111011111111101111111111110, sa_flags=SA_RESTART|SA_SIGINFO
SIGPIPE: [libjvm.so+0x91f950], sa_mask[0]=11111111011111111101111111111110, sa_flags=SA_RESTART|SA_SIGINFO
SIGXFSZ: [libjvm.so+0x91f950], sa_mask[0]=11111111011111111101111111111110, sa_flags=SA_RESTART|SA_SIGINFO
SIGILL: [libjvm.so+0x91f950], sa_mask[0]=11111111011111111101111111111110, sa_flags=SA_RESTART|SA_SIGINFO
SIGUSR1: SIG_DFL, sa_mask[0]=00000000000000000000000000000000, sa_flags=none
SIGUSR2: [libjvm.so+0x920f80], sa_mask[0]=00100000000000000000000000000000, sa_flags=SA_RESTART|SA_SIGINFO
SIGHUP: [libjvm.so+0x922380], sa_mask[0]=11111111011111111101111111111110, sa_flags=SA_RESTART|SA_SIGINFO
SIGINT: [libjvm.so+0x922380], sa_mask[0]=11111111011111111101111111111110, sa_flags=SA_RESTART|SA_SIGINFO
SIGTERM: [libjvm.so+0x922380], sa_mask[0]=11111111011111111101111111111110, sa_flags=SA_RESTART|SA_SIGINFO
SIGQUIT: [libjvm.so+0x922380], sa_mask[0]=11111111011111111101111111111110, sa_flags=SA_RESTART|SA_SIGINFO


---------------  S Y S T E M  ---------------

OS:DISTRIB_ID=Ubuntu
DISTRIB_RELEASE=16.04
DISTRIB_CODENAME=xenial
DISTRIB_DESCRIPTION="Ubuntu 16.04.1 LTS"

uname:Linux 4.4.0-59-generic #80-Ubuntu SMP Fri Jan 6 17:47:47 UTC 2017 x86_64
libc:glibc 2.23 NPTL 2.23 
rlimit: STACK 8192k, CORE 0k, NPROC 31349, NOFILE 65536, AS infinity
load average:0,79 0,76 0,74

/proc/meminfo:
MemTotal:        8065832 kB
MemFree:          301080 kB
MemAvailable:    2273452 kB
Buffers:          165440 kB
Cached:          2835376 kB
SwapCached:          228 kB
Active:          5421536 kB
Inactive:        1966128 kB
Active(anon):    4116040 kB
Inactive(anon):  1162836 kB
Active(file):    1305496 kB
Inactive(file):   803292 kB
Unevictable:         496 kB
Mlocked:             496 kB
SwapTotal:       1951740 kB
SwapFree:        1900284 kB
Dirty:                96 kB
Writeback:             0 kB
AnonPages:       4386920 kB
Mapped:           839860 kB
Shmem:            892028 kB
Slab:             218352 kB
SReclaimable:     168024 kB
SUnreclaim:        50328 kB
KernelStack:       14192 kB
PageTables:        66920 kB
NFS_Unstable:          0 kB
Bounce:                0 kB
WritebackTmp:          0 kB
CommitLimit:     5984656 kB
Committed_AS:   11441476 kB
VmallocTotal:   34359738367 kB
VmallocUsed:           0 kB
VmallocChunk:          0 kB
HardwareCorrupted:     0 kB
AnonHugePages:   2228224 kB
CmaTotal:              0 kB
CmaFree:               0 kB
HugePages_Total:       0
HugePages_Free:        0
HugePages_Rsvd:        0
HugePages_Surp:        0
Hugepagesize:       2048 kB
DirectMap4k:      255272 kB
DirectMap2M:     8024064 kB


CPU:total 4 (2 cores per cpu, 2 threads per core) family 6 model 58 stepping 9, cmov, cx8, fxsr, mmx, sse, sse2, sse3, ssse3, sse4.1, sse4.2, popcnt, avx, aes, clmul, erms, ht, tsc, tscinvbit, tscinv

/proc/cpuinfo:
processor	: 0
vendor_id	: GenuineIntel
cpu family	: 6
model		: 58
model name	: Intel(R) Core(TM) i5-3210M CPU @ 2.50GHz
stepping	: 9
microcode	: 0x15
cpu MHz		: 2900.000
cache size	: 3072 KB
physical id	: 0
siblings	: 4
core id		: 0
cpu cores	: 2
apicid		: 0
initial apicid	: 0
fpu		: yes
fpu_exception	: yes
cpuid level	: 13
wp		: yes
flags		: fpu vme de pse tsc msr pae mce cx8 apic sep mtrr pge mca cmov pat pse36 clflush dts acpi mmx fxsr sse sse2 ss ht tm pbe syscall nx rdtscp lm constant_tsc arch_perfmon pebs bts rep_good nopl xtopology nonstop_tsc aperfmperf eagerfpu pni pclmulqdq dtes64 monitor ds_cpl vmx est tm2 ssse3 cx16 xtpr pdcm pcid sse4_1 sse4_2 x2apic popcnt tsc_deadline_timer aes xsave avx f16c rdrand lahf_lm epb tpr_shadow vnmi flexpriority ept vpid fsgsbase smep erms xsaveopt dtherm ida arat pln pts
bugs		:
bogomips	: 4989.04
clflush size	: 64
cache_alignment	: 64
address sizes	: 36 bits physical, 48 bits virtual
power management:

processor	: 1
vendor_id	: GenuineIntel
cpu family	: 6
model		: 58
model name	: Intel(R) Core(TM) i5-3210M CPU @ 2.50GHz
stepping	: 9
microcode	: 0x15
cpu MHz		: 2899.902
cache size	: 3072 KB
physical id	: 0
siblings	: 4
core id		: 1
cpu cores	: 2
apicid		: 2
initial apicid	: 2
fpu		: yes
fpu_exception	: yes
cpuid level	: 13
wp		: yes
flags		: fpu vme de pse tsc msr pae mce cx8 apic sep mtrr pge mca cmov pat pse36 clflush dts acpi mmx fxsr sse sse2 ss ht tm pbe syscall nx rdtscp lm constant_tsc arch_perfmon pebs bts rep_good nopl xtopology nonstop_tsc aperfmperf eagerfpu pni pclmulqdq dtes64 monitor ds_cpl vmx est tm2 ssse3 cx16 xtpr pdcm pcid sse4_1 sse4_2 x2apic popcnt tsc_deadline_timer aes xsave avx f16c rdrand lahf_lm epb tpr_shadow vnmi flexpriority ept vpid fsgsbase smep erms xsaveopt dtherm ida arat pln pts
bugs		:
bogomips	: 4989.04
clflush size	: 64
cache_alignment	: 64
address sizes	: 36 bits physical, 48 bits virtual
power management:

processor	: 2
vendor_id	: GenuineIntel
cpu family	: 6
model		: 58
model name	: Intel(R) Core(TM) i5-3210M CPU @ 2.50GHz
stepping	: 9
microcode	: 0x15
cpu MHz		: 2899.902
cache size	: 3072 KB
physical id	: 0
siblings	: 4
core id		: 0
cpu cores	: 2
apicid		: 1
initial apicid	: 1
fpu		: yes
fpu_exception	: yes
cpuid level	: 13
wp		: yes
flags		: fpu vme de pse tsc msr pae mce cx8 apic sep mtrr pge mca cmov pat pse36 clflush dts acpi mmx fxsr sse sse2 ss ht tm pbe syscall nx rdtscp lm constant_tsc arch_perfmon pebs bts rep_good nopl xtopology nonstop_tsc aperfmperf eagerfpu pni pclmulqdq dtes64 monitor ds_cpl vmx est tm2 ssse3 cx16 xtpr pdcm pcid sse4_1 sse4_2 x2apic popcnt tsc_deadline_timer aes xsave avx f16c rdrand lahf_lm epb tpr_shadow vnmi flexpriority ept vpid fsgsbase smep erms xsaveopt dtherm ida arat pln pts
bugs		:
bogomips	: 4989.04
clflush size	: 64
cache_alignment	: 64
address sizes	: 36 bits physical, 48 bits virtual
power management:

processor	: 3
vendor_id	: GenuineIntel
cpu family	: 6
model		: 58
model name	: Intel(R) Core(TM) i5-3210M CPU @ 2.50GHz
stepping	: 9
microcode	: 0x15
cpu MHz		: 2899.902
cache size	: 3072 KB
physical id	: 0
siblings	: 4
core id		: 1
cpu cores	: 2
apicid		: 3
initial apicid	: 3
fpu		: yes
fpu_exception	: yes
cpuid level	: 13
wp		: yes
flags		: fpu vme de pse tsc msr pae mce cx8 apic sep mtrr pge mca cmov pat pse36 clflush dts acpi mmx fxsr sse sse2 ss ht tm pbe syscall nx rdtscp lm constant_tsc arch_perfmon pebs bts rep_good nopl xtopology nonstop_tsc aperfmperf eagerfpu pni pclmulqdq dtes64 monitor ds_cpl vmx est tm2 ssse3 cx16 xtpr pdcm pcid sse4_1 sse4_2 x2apic popcnt tsc_deadline_timer aes xsave avx f16c rdrand lahf_lm epb tpr_shadow vnmi flexpriority ept vpid fsgsbase smep erms xsaveopt dtherm ida arat pln pts
bugs		:
bogomips	: 4989.04
clflush size	: 64
cache_alignment	: 64
address sizes	: 36 bits physical, 48 bits virtual
power management:



Memory: 4k page, physical 8065832k(301080k free), swap 1951740k(1900284k free)

vm_info: Java HotSpot(TM) 64-Bit Server VM (25.111-b14) for linux-amd64 JRE (1.8.0_111-b14), built on Sep 22 2016 16:14:03 by "java_re" with gcc 4.3.0 20080428 (Red Hat 4.3.0-8)

time: Sun Feb  5 02:16:17 2017
elapsed time: 0 seconds (0d 0h 0m 0s)

