#
# A fatal error has been detected by the Java Runtime Environment:
#
#  SIGSEGV (0xb) at pc=0x00007fcfa6ae3d44, pid=28492, tid=0x00007fcfa6eeb700
#
# JRE version: Java(TM) SE Runtime Environment (8.0_111-b14) (build 1.8.0_111-b14)
# Java VM: Java HotSpot(TM) 64-Bit Server VM (25.111-b14 mixed mode linux-amd64 compressed oops)
# Problematic frame:
# C  [libpthread.so.0+0x9d44]  pthread_mutex_lock+0x4
#
# Failed to write core dump. Core dumps have been disabled. To enable core dumping, try "ulimit -c unlimited" before starting Java again
#
# If you would like to submit a bug report, please visit:
#   http://bugreport.java.com/bugreport/crash.jsp
# The crash happened outside the Java Virtual Machine in native code.
# See problematic frame for where to report the bug.
#

---------------  T H R E A D  ---------------

Current thread (0x00007fcfa000b000):  JavaThread "main" [_thread_in_native, id=28497, stack(0x00007fcfa6deb000,0x00007fcfa6eec000)]

siginfo: si_signo: 11 (SIGSEGV), si_code: 1 (SEGV_MAPERR), si_addr: 0x0000000000000010

Registers:
RAX=0x00007fcf88dbe370, RBX=0x00007fcfa02f0710, RCX=0x0000000000000192, RDX=0x00007fcfa6ee9ca0
RSP=0x00007fcfa6ee9c10, RBP=0x00007fcfa6ee9c80, RSI=0x00007fcfa6ee9c90, RDI=0x0000000000000000
R8 =0x00007fcfa6ee9c80, R9 =0x00007fcfa02ec472, R10=0x00007fcf88e43447, R11=0x0000000000000206
R12=0x00007fcfa6ee9c7c, R13=0x00007fcfa6ee9db8, R14=0x00007fcfa6ee9db0, R15=0x00007fcfa000b1f8
RIP=0x00007fcfa6ae3d44, EFLAGS=0x0000000000010202, CSGSFS=0x0000000000000033, ERR=0x0000000000000004
  TRAPNO=0x000000000000000e

Top of Stack: (sp=0x00007fcfa6ee9c10)
0x00007fcfa6ee9c10:   0000000000000193 00007fcf88dd8bfa
0x00007fcfa6ee9c20:   00007fcfa6ee9c90 00007fcfa6ee9ca0
0x00007fcfa6ee9c30:   0000000000000000 00007fcfa0298e30
0x00007fcfa6ee9c40:   00007fcfa03016d0 b7b5ad7580714800
0x00007fcfa6ee9c50:   00007fcfa0298e30 00007fcfa03016d0
0x00007fcfa6ee9c60:   00007fcfa0303ad0 00007fcf88db4f86
0x00007fcfa6ee9c70:   00007fcfa000b1f8 00007fcfa007a708
0x00007fcfa6ee9c80:   00007fcfa0303ad0 696c4369746c756d
0x00007fcfa6ee9c90:   0000019300000192 00007fcf00000000
0x00007fcfa6ee9ca0:   0000015500000154 00007fcf00000000
0x00007fcfa6ee9cb0:   0000000000000004 b7b5ad7580714800
0x00007fcfa6ee9cc0:   00007fcfa0303ad0 00007fcfa6ee9d20
0x00007fcfa6ee9cd0:   00007fcfa03016d0 00007fcf89338981
0x00007fcfa6ee9ce0:   00007fcfa000b000 00007fcfa0298e30
0x00007fcfa6ee9cf0:   00007fcfa6ee9d30 00007fcf8bb9c308
0x00007fcfa6ee9d00:   0000000000000000 00007fcf8bb9c308
0x00007fcfa6ee9d10:   00007fcfa6ee9dc8 00007fcfa000b000
0x00007fcfa6ee9d20:   00007fcfa6ee9d90 00007fcf90dfca34
0x00007fcfa6ee9d30:   00007fcfa6ee9d90 00007fcf90dfc7b9
0x00007fcfa6ee9d40:   00007fcfa000b000 00007fcf90dfc782
0x00007fcfa6ee9d50:   00007fcfa6ee9d50 00007fcf8bb9c308
0x00007fcfa6ee9d60:   00007fcfa6ee9dc8 00007fcf8bb9f8a0
0x00007fcfa6ee9d70:   0000000000000000 00007fcf8bb9c308
0x00007fcfa6ee9d80:   0000000000000000 00007fcfa6ee9db0
0x00007fcfa6ee9d90:   00007fcfa6ee9e10 00007fcf90ded040
0x00007fcfa6ee9da0:   00000000d73279c8 00007fcf90df653b
0x00007fcfa6ee9db0:   00000000d74f48a0 00000000d6ff7b18
0x00007fcfa6ee9dc0:   00007fcfa0298e30 00007fcf90decdd0
0x00007fcfa6ee9dd0:   00007fcfa6ee9dd0 00007fcf8bd1633c
0x00007fcfa6ee9de0:   00007fcfa6ee9e28 00007fcf8bd1c828
0x00007fcfa6ee9df0:   0000000000000000 00007fcf8bd163e0
0x00007fcfa6ee9e00:   00007fcfa6ee9db0 00007fcfa6ee9e30 

Instructions: (pc=0x00007fcfa6ae3d44)
0x00007fcfa6ae3d24:   f0 02 00 00 00 00 00 00 b8 82 00 00 00 e9 d8 f9
0x00007fcfa6ae3d34:   ff ff 66 2e 0f 1f 84 00 00 00 00 00 48 83 ec 08
0x00007fcfa6ae3d44:   8b 57 10 89 d1 81 e1 7f 01 00 00 90 89 d0 83 e0
0x00007fcfa6ae3d54:   7c 0f 85 95 00 00 00 85 c9 49 89 f8 0f 85 9a 00 

Register to memory mapping:

RAX=0x00007fcf88dbe370: <offset 0x2b370> in /usr/lib/x86_64-linux-gnu/libX11.so.6 at 0x00007fcf88d93000
RBX=0x00007fcfa02f0710 is an unknown value
RCX=0x0000000000000192 is an unknown value
RDX=0x00007fcfa6ee9ca0 is pointing into the stack for thread: 0x00007fcfa000b000
RSP=0x00007fcfa6ee9c10 is pointing into the stack for thread: 0x00007fcfa000b000
RBP=0x00007fcfa6ee9c80 is pointing into the stack for thread: 0x00007fcfa000b000
RSI=0x00007fcfa6ee9c90 is pointing into the stack for thread: 0x00007fcfa000b000
RDI=0x0000000000000000 is an unknown value
R8 =0x00007fcfa6ee9c80 is pointing into the stack for thread: 0x00007fcfa000b000
R9 =0x00007fcfa02ec472 is an unknown value
R10=0x00007fcf88e43447: <offset 0xb0447> in /usr/lib/x86_64-linux-gnu/libX11.so.6 at 0x00007fcf88d93000
R11=0x0000000000000206 is an unknown value
R12=0x00007fcfa6ee9c7c is pointing into the stack for thread: 0x00007fcfa000b000
R13=0x00007fcfa6ee9db8 is pointing into the stack for thread: 0x00007fcfa000b000
R14=0x00007fcfa6ee9db0 is pointing into the stack for thread: 0x00007fcfa000b000
R15=0x00007fcfa000b1f8 is an unknown value


Stack: [0x00007fcfa6deb000,0x00007fcfa6eec000],  sp=0x00007fcfa6ee9c10,  free space=1019k
Native frames: (J=compiled Java code, j=interpreted, Vv=VM code, C=native code)
C  [libpthread.so.0+0x9d44]  pthread_mutex_lock+0x4
C  0x696c4369746c756d

Java frames: (J=compiled Java code, j=interpreted, Vv=VM code)
j  sun.awt.X11.XlibWrapper.XGetDefault(JLjava/lang/String;Ljava/lang/String;)Ljava/lang/String;+0
j  sun.awt.X11.XToolkit.initializeMultiClickTime()V+12
j  sun.awt.X11.XToolkit.getMultiClickTime()I+6
j  sun.awt.X11.XToolkit.initializeDesktopProperties()V+82
j  java.awt.Toolkit.getDesktopProperty(Ljava/lang/String;)Ljava/lang/Object;+32
j  sun.swing.SwingUtilities2$AATextInfo.getAATextInfo(Z)Lsun/swing/SwingUtilities2$AATextInfo;+11
j  javax.swing.plaf.metal.MetalLookAndFeel.initComponentDefaults(Ljavax/swing/UIDefaults;)V+12062
j  javax.swing.plaf.basic.BasicLookAndFeel.getDefaults()Ljavax/swing/UIDefaults;+25
j  javax.swing.plaf.metal.MetalLookAndFeel.getDefaults()Ljavax/swing/UIDefaults;+9
j  javax.swing.UIManager.setLookAndFeel(Ljavax/swing/LookAndFeel;)V+79
j  javax.swing.UIManager.setLookAndFeel(Ljava/lang/String;)V+16
j  javax.swing.UIManager.initializeDefaultLAF(Ljava/util/Properties;)V+55
j  javax.swing.UIManager.initialize()V+9
j  javax.swing.UIManager.maybeInitialize()V+22
j  javax.swing.UIManager.getUI(Ljavax/swing/JComponent;)Ljavax/swing/plaf/ComponentUI;+0
j  javax.swing.JPanel.updateUI()V+2
j  javax.swing.JPanel.<init>(Ljava/awt/LayoutManager;Z)V+24
j  javax.swing.JPanel.<init>(Z)V+9
j  javax.swing.JPanel.<init>()V+2
j  javax.swing.JRootPane.createGlassPane()Ljava/awt/Component;+4
j  javax.swing.JRootPane.<init>()V+11
j  javax.swing.JFrame.createRootPane()Ljavax/swing/JRootPane;+4
j  javax.swing.JFrame.frameInit()V+16
j  javax.swing.JFrame.<init>(Ljava/lang/String;)V+21
j  engineTest.Main.<init>()V+3
j  engineTest.Main.main([Ljava/lang/String;)V+20
v  ~StubRoutines::call_stub

---------------  P R O C E S S  ---------------

Java Threads: ( => current thread )
  0x00007fcfa02f6800 JavaThread "AWT-XAWT" daemon [_thread_in_native, id=28513, stack(0x00007fcf52e36000,0x00007fcf52f37000)]
  0x00007fcfa02d4800 JavaThread "Java2D Disposer" daemon [_thread_blocked, id=28512, stack(0x00007fcf53347000,0x00007fcf53448000)]
  0x00007fcfa0292000 JavaThread "Thread-0" [_thread_in_native, id=28511, stack(0x00007fcf88036000,0x00007fcf88137000)]
  0x00007fcfa00c2800 JavaThread "Service Thread" daemon [_thread_blocked, id=28509, stack(0x00007fcf89935000,0x00007fcf89a36000)]
  0x00007fcfa00bf800 JavaThread "C1 CompilerThread2" daemon [_thread_blocked, id=28508, stack(0x00007fcf89a36000,0x00007fcf89b37000)]
  0x00007fcfa00bd800 JavaThread "C2 CompilerThread1" daemon [_thread_blocked, id=28507, stack(0x00007fcf89b37000,0x00007fcf89c38000)]
  0x00007fcfa00bb000 JavaThread "C2 CompilerThread0" daemon [_thread_blocked, id=28506, stack(0x00007fcf89c38000,0x00007fcf89d39000)]
  0x00007fcfa00b9800 JavaThread "Signal Dispatcher" daemon [_thread_blocked, id=28505, stack(0x00007fcf89d39000,0x00007fcf89e3a000)]
  0x00007fcfa0085000 JavaThread "Finalizer" daemon [_thread_blocked, id=28504, stack(0x00007fcf8a291000,0x00007fcf8a392000)]
  0x00007fcfa0080800 JavaThread "Reference Handler" daemon [_thread_blocked, id=28503, stack(0x00007fcf8a392000,0x00007fcf8a493000)]
=>0x00007fcfa000b000 JavaThread "main" [_thread_in_native, id=28497, stack(0x00007fcfa6deb000,0x00007fcfa6eec000)]

Other Threads:
  0x00007fcfa0079000 VMThread [stack: 0x00007fcf8a493000,0x00007fcf8a594000] [id=28502]
  0x00007fcfa00c5000 WatcherThread [stack: 0x00007fcf89834000,0x00007fcf89935000] [id=28510]

VM state:not at safepoint (normal execution)

VM Mutex/Monitor currently owned by a thread: None

Heap:
 PSYoungGen      total 36864K, used 7618K [0x00000000d6f80000, 0x00000000d9880000, 0x0000000100000000)
  eden space 31744K, 24% used [0x00000000d6f80000,0x00000000d76f0be8,0x00000000d8e80000)
  from space 5120K, 0% used [0x00000000d9380000,0x00000000d9380000,0x00000000d9880000)
  to   space 5120K, 0% used [0x00000000d8e80000,0x00000000d8e80000,0x00000000d9380000)
 ParOldGen       total 84992K, used 0K [0x0000000084e00000, 0x000000008a100000, 0x00000000d6f80000)
  object space 84992K, 0% used [0x0000000084e00000,0x0000000084e00000,0x000000008a100000)
 Metaspace       used 8356K, capacity 8506K, committed 8704K, reserved 1056768K
  class space    used 908K, capacity 1000K, committed 1024K, reserved 1048576K

Card table byte_map: [0x00007fcf9064b000,0x00007fcf90a25000] byte_map_base: 0x00007fcf90224000

Marking Bits: (ParMarkBitMap*) 0x00007fcfa62ca220
 Begin Bits: [0x00007fcf8c327000, 0x00007fcf8e1ef000)
 End Bits:   [0x00007fcf8e1ef000, 0x00007fcf900b7000)

Polling page: 0x00007fcfa6f19000

CodeCache: size=245760Kb used=2117Kb max_used=2117Kb free=243642Kb
 bounds [0x00007fcf90de5000, 0x00007fcf91055000, 0x00007fcf9fde5000]
 total_blobs=1182 nmethods=396 adapters=700
 compilation: enabled

Compilation events (10 events):
Event: 0,466 Thread 0x00007fcfa00bf800  392       3       java.lang.reflect.Modifier::isFinal (13 bytes)
Event: 0,466 Thread 0x00007fcfa00bf800 nmethod 392 0x00007fcf90ff4dd0 code [0x00007fcf90ff4f40, 0x00007fcf90ff50d0]
Event: 0,466 Thread 0x00007fcfa00bf800  393       3       java.util.Arrays::equals (78 bytes)
Event: 0,467 Thread 0x00007fcfa00bf800 nmethod 393 0x00007fcf90ff5150 code [0x00007fcf90ff52e0, 0x00007fcf90ff57c8]
Event: 0,467 Thread 0x00007fcfa00bf800  394       3       java.lang.invoke.MethodType::equals (31 bytes)
Event: 0,468 Thread 0x00007fcfa00bf800 nmethod 394 0x00007fcf90ff5950 code [0x00007fcf90ff5ac0, 0x00007fcf90ff5ce8]
Event: 0,468 Thread 0x00007fcfa00bf800  395       3       java.lang.invoke.MethodType$ConcurrentWeakInternSet$WeakEntry::equals (49 bytes)
Event: 0,468 Thread 0x00007fcfa00bf800 nmethod 395 0x00007fcf90ff5d90 code [0x00007fcf90ff5f20, 0x00007fcf90ff6588]
Event: 0,469 Thread 0x00007fcfa00bf800  396       3       jdk.internal.org.objectweb.asm.Item::<init> (5 bytes)
Event: 0,469 Thread 0x00007fcfa00bf800 nmethod 396 0x00007fcf90ff6690 code [0x00007fcf90ff6800, 0x00007fcf90ff69b0]

GC Heap History (0 events):
No events

Deoptimization events (1 events):
Event: 0,281 Thread 0x00007fcfa000b000 Uncommon trap: reason=null_check action=make_not_entrant pc=0x00007fcf90f3e968 method=java.lang.String.equals(Ljava/lang/Object;)Z @ 8

Internal exceptions (10 events):
Event: 0,055 Thread 0x00007fcfa000b000 Exception <a 'java/lang/NoSuchMethodError': Method sun.misc.Unsafe.prefetchRead(Ljava/lang/Object;J)V name or signature does not match> (0x00000000d6f87f60) thrown at [/HUDSON3/workspace/8-2-build-linux-amd64/jdk8u111/7883/hotspot/src/share/vm/prims/jni.c
Event: 0,158 Thread 0x00007fcfa000b000 Exception <a 'java/security/PrivilegedActionException'> (0x00000000d7011e60) thrown at [/HUDSON3/workspace/8-2-build-linux-amd64/jdk8u111/7883/hotspot/src/share/vm/prims/jvm.cpp, line 1386]
Event: 0,158 Thread 0x00007fcfa000b000 Exception <a 'java/security/PrivilegedActionException'> (0x00000000d7012070) thrown at [/HUDSON3/workspace/8-2-build-linux-amd64/jdk8u111/7883/hotspot/src/share/vm/prims/jvm.cpp, line 1386]
Event: 0,159 Thread 0x00007fcfa000b000 Exception <a 'java/security/PrivilegedActionException'> (0x00000000d70144b0) thrown at [/HUDSON3/workspace/8-2-build-linux-amd64/jdk8u111/7883/hotspot/src/share/vm/prims/jvm.cpp, line 1386]
Event: 0,159 Thread 0x00007fcfa000b000 Exception <a 'java/security/PrivilegedActionException'> (0x00000000d70146c0) thrown at [/HUDSON3/workspace/8-2-build-linux-amd64/jdk8u111/7883/hotspot/src/share/vm/prims/jvm.cpp, line 1386]
Event: 0,238 Thread 0x00007fcfa000b000 Exception <a 'java/lang/NoSuchFieldError': method resolution failed> (0x00000000d717fdb8) thrown at [/HUDSON3/workspace/8-2-build-linux-amd64/jdk8u111/7883/hotspot/src/share/vm/prims/methodHandles.cpp, line 1146]
Event: 0,243 Thread 0x00007fcfa000b000 Exception <a 'java/lang/NoSuchFieldError': method resolution failed> (0x00000000d718d588) thrown at [/HUDSON3/workspace/8-2-build-linux-amd64/jdk8u111/7883/hotspot/src/share/vm/prims/methodHandles.cpp, line 1146]
Event: 0,271 Thread 0x00007fcfa000b000 Exception <a 'java/io/FileNotFoundException'> (0x00000000d720d828) thrown at [/HUDSON3/workspace/8-2-build-linux-amd64/jdk8u111/7883/hotspot/src/share/vm/prims/jni.cpp, line 709]
Event: 0,271 Thread 0x00007fcfa000b000 Exception <a 'java/io/FileNotFoundException'> (0x00000000d720e1e0) thrown at [/HUDSON3/workspace/8-2-build-linux-amd64/jdk8u111/7883/hotspot/src/share/vm/prims/jni.cpp, line 709]
Event: 0,281 Thread 0x00007fcfa000b000 Implicit null exception at 0x00007fcf90f3e79b to 0x00007fcf90f3e959

Events (10 events):
Event: 0,450 loading class javax/swing/UIDefaults$LazyInputMap
Event: 0,450 loading class javax/swing/UIDefaults$LazyInputMap done
Event: 0,453 loading class org/lwjgl/system/JNI
Event: 0,453 loading class org/lwjgl/system/JNI done
Event: 0,464 loading class javax/swing/plaf/metal/MetalLookAndFeel$FontActiveValue
Event: 0,464 loading class javax/swing/plaf/metal/MetalLookAndFeel$FontActiveValue done
Event: 0,469 loading class sun/swing/SwingUtilities2$AATextInfo
Event: 0,470 loading class sun/swing/SwingUtilities2$AATextInfo done
Event: 0,470 loading class sun/awt/HeadlessToolkit
Event: 0,470 loading class sun/awt/HeadlessToolkit done


Dynamic libraries:
00400000-00401000 r-xp 00000000 08:15 12855452                           /usr/lib/jvm/java-8-oracle/bin/java
00600000-00601000 rw-p 00000000 08:15 12855452                           /usr/lib/jvm/java-8-oracle/bin/java
0143d000-0145e000 rw-p 00000000 00:00 0                                  [heap]
84e00000-8a100000 rw-p 00000000 00:00 0 
8a100000-d6f80000 ---p 00000000 00:00 0 
d6f80000-d9880000 rw-p 00000000 00:00 0 
d9880000-100000000 ---p 00000000 00:00 0 
100000000-100100000 rw-p 00000000 00:00 0 
100100000-140000000 ---p 00000000 00:00 0 
7fcf40000000-7fcf40021000 rw-p 00000000 00:00 0 
7fcf40021000-7fcf44000000 ---p 00000000 00:00 0 
7fcf48000000-7fcf48021000 rw-p 00000000 00:00 0 
7fcf48021000-7fcf4c000000 ---p 00000000 00:00 0 
7fcf4c000000-7fcf4c1a3000 rw-p 00000000 00:00 0 
7fcf4c1a3000-7fcf50000000 ---p 00000000 00:00 0 
7fcf51bca000-7fcf51bcb000 r-xp 00000000 08:15 12329465                   /usr/lib/x86_64-linux-gnu/libX11-xcb.so.1.0.0
7fcf51bcb000-7fcf51dca000 ---p 00001000 08:15 12329465                   /usr/lib/x86_64-linux-gnu/libX11-xcb.so.1.0.0
7fcf51dca000-7fcf51dcb000 r--p 00000000 08:15 12329465                   /usr/lib/x86_64-linux-gnu/libX11-xcb.so.1.0.0
7fcf51dcb000-7fcf51dcc000 rw-p 00001000 08:15 12329465                   /usr/lib/x86_64-linux-gnu/libX11-xcb.so.1.0.0
7fcf51dcc000-7fcf51dd1000 r-xp 00000000 08:15 12329520                   /usr/lib/x86_64-linux-gnu/libXxf86vm.so.1.0.0
7fcf51dd1000-7fcf51fd0000 ---p 00005000 08:15 12329520                   /usr/lib/x86_64-linux-gnu/libXxf86vm.so.1.0.0
7fcf51fd0000-7fcf51fd1000 r--p 00004000 08:15 12329520                   /usr/lib/x86_64-linux-gnu/libXxf86vm.so.1.0.0
7fcf51fd1000-7fcf51fd2000 rw-p 00005000 08:15 12329520                   /usr/lib/x86_64-linux-gnu/libXxf86vm.so.1.0.0
7fcf51fd2000-7fcf51fd4000 r-xp 00000000 08:15 12329494                   /usr/lib/x86_64-linux-gnu/libXinerama.so.1.0.0
7fcf51fd4000-7fcf521d3000 ---p 00002000 08:15 12329494                   /usr/lib/x86_64-linux-gnu/libXinerama.so.1.0.0
7fcf521d3000-7fcf521d4000 r--p 00001000 08:15 12329494                   /usr/lib/x86_64-linux-gnu/libXinerama.so.1.0.0
7fcf521d4000-7fcf521d5000 rw-p 00002000 08:15 12329494                   /usr/lib/x86_64-linux-gnu/libXinerama.so.1.0.0
7fcf521d5000-7fcf521df000 r-xp 00000000 08:15 12329502                   /usr/lib/x86_64-linux-gnu/libXrandr.so.2.2.0
7fcf521df000-7fcf523de000 ---p 0000a000 08:15 12329502                   /usr/lib/x86_64-linux-gnu/libXrandr.so.2.2.0
7fcf523de000-7fcf523df000 r--p 00009000 08:15 12329502                   /usr/lib/x86_64-linux-gnu/libXrandr.so.2.2.0
7fcf523df000-7fcf523e0000 rw-p 0000a000 08:15 12329502                   /usr/lib/x86_64-linux-gnu/libXrandr.so.2.2.0
7fcf523e0000-7fcf523fe000 r-xp 00000000 08:15 1466952                    /tmp/lwjglnokorot/3.1.1-build-16/libglfw.so
7fcf523fe000-7fcf525fd000 ---p 0001e000 08:15 1466952                    /tmp/lwjglnokorot/3.1.1-build-16/libglfw.so
7fcf525fd000-7fcf525fe000 r--p 0001d000 08:15 1466952                    /tmp/lwjglnokorot/3.1.1-build-16/libglfw.so
7fcf525fe000-7fcf525ff000 rw-p 0001e000 08:15 1466952                    /tmp/lwjglnokorot/3.1.1-build-16/libglfw.so
7fcf525ff000-7fcf52600000 rw-p 00000000 00:00 0 
7fcf52600000-7fcf52800000 rw-p 00000000 00:00 0 
7fcf529ac000-7fcf529e5000 r-xp 00000000 08:15 1466951                    /tmp/lwjglnokorot/3.1.1-build-16/libjemalloc.so
7fcf529e5000-7fcf52be4000 ---p 00039000 08:15 1466951                    /tmp/lwjglnokorot/3.1.1-build-16/libjemalloc.so
7fcf52be4000-7fcf52be7000 r--p 00038000 08:15 1466951                    /tmp/lwjglnokorot/3.1.1-build-16/libjemalloc.so
7fcf52be7000-7fcf52be8000 rw-p 0003b000 08:15 1466951                    /tmp/lwjglnokorot/3.1.1-build-16/libjemalloc.so
7fcf52be8000-7fcf52be9000 rw-p 00000000 00:00 0 
7fcf52be9000-7fcf52c34000 r-xp 00000000 08:15 1466950                    /tmp/lwjglnokorot/3.1.1-build-16/liblwjgl.so
7fcf52c34000-7fcf52e34000 ---p 0004b000 08:15 1466950                    /tmp/lwjglnokorot/3.1.1-build-16/liblwjgl.so
7fcf52e34000-7fcf52e35000 r--p 0004b000 08:15 1466950                    /tmp/lwjglnokorot/3.1.1-build-16/liblwjgl.so
7fcf52e35000-7fcf52e36000 rw-p 0004c000 08:15 1466950                    /tmp/lwjglnokorot/3.1.1-build-16/liblwjgl.so
7fcf52e36000-7fcf52e39000 ---p 00000000 00:00 0 
7fcf52e39000-7fcf52f37000 rw-p 00000000 00:00 0 
7fcf52f37000-7fcf52f3c000 r-xp 00000000 08:15 12329486                   /usr/lib/x86_64-linux-gnu/libXfixes.so.3.1.0
7fcf52f3c000-7fcf5313b000 ---p 00005000 08:15 12329486                   /usr/lib/x86_64-linux-gnu/libXfixes.so.3.1.0
7fcf5313b000-7fcf5313c000 r--p 00004000 08:15 12329486                   /usr/lib/x86_64-linux-gnu/libXfixes.so.3.1.0
7fcf5313c000-7fcf5313d000 rw-p 00005000 08:15 12329486                   /usr/lib/x86_64-linux-gnu/libXfixes.so.3.1.0
7fcf5313d000-7fcf53146000 r-xp 00000000 08:15 12329478                   /usr/lib/x86_64-linux-gnu/libXcursor.so.1.0.2
7fcf53146000-7fcf53345000 ---p 00009000 08:15 12329478                   /usr/lib/x86_64-linux-gnu/libXcursor.so.1.0.2
7fcf53345000-7fcf53346000 r--p 00008000 08:15 12329478                   /usr/lib/x86_64-linux-gnu/libXcursor.so.1.0.2
7fcf53346000-7fcf53347000 rw-p 00009000 08:15 12329478                   /usr/lib/x86_64-linux-gnu/libXcursor.so.1.0.2
7fcf53347000-7fcf5334a000 ---p 00000000 00:00 0 
7fcf5334a000-7fcf53749000 rw-p 00000000 00:00 0 
7fcf53749000-7fcf5375f000 r-xp 00000000 08:15 12980356                   /usr/lib/jvm/java-8-oracle/jre/lib/amd64/libnet.so
7fcf5375f000-7fcf5395f000 ---p 00016000 08:15 12980356                   /usr/lib/jvm/java-8-oracle/jre/lib/amd64/libnet.so
7fcf5395f000-7fcf53960000 rw-p 00016000 08:15 12980356                   /usr/lib/jvm/java-8-oracle/jre/lib/amd64/libnet.so
7fcf53960000-7fcf53971000 r-xp 00000000 08:15 12980591                   /usr/lib/jvm/java-8-oracle/jre/lib/amd64/libnio.so
7fcf53971000-7fcf53b70000 ---p 00011000 08:15 12980591                   /usr/lib/jvm/java-8-oracle/jre/lib/amd64/libnio.so
7fcf53b70000-7fcf53b71000 rw-p 00010000 08:15 12980591                   /usr/lib/jvm/java-8-oracle/jre/lib/amd64/libnio.so
7fcf53b71000-7fcf53b87000 r-xp 00000000 08:15 7082441                    /lib/x86_64-linux-gnu/libgcc_s.so.1
7fcf53b87000-7fcf53d86000 ---p 00016000 08:15 7082441                    /lib/x86_64-linux-gnu/libgcc_s.so.1
7fcf53d86000-7fcf53d87000 rw-p 00015000 08:15 7082441                    /lib/x86_64-linux-gnu/libgcc_s.so.1
7fcf53d87000-7fcf53dec000 r-xp 00000000 08:15 12980585                   /usr/lib/jvm/java-8-oracle/jre/lib/amd64/libfontmanager.so
7fcf53dec000-7fcf53feb000 ---p 00065000 08:15 12980585                   /usr/lib/jvm/java-8-oracle/jre/lib/amd64/libfontmanager.so
7fcf53feb000-7fcf53ff0000 rw-p 00064000 08:15 12980585                   /usr/lib/jvm/java-8-oracle/jre/lib/amd64/libfontmanager.so
7fcf53ff0000-7fcf54000000 rw-p 00000000 00:00 0 
7fcf54000000-7fcf54021000 rw-p 00000000 00:00 0 
7fcf54021000-7fcf58000000 ---p 00000000 00:00 0 
7fcf58000000-7fcf58021000 rw-p 00000000 00:00 0 
7fcf58021000-7fcf5c000000 ---p 00000000 00:00 0 
7fcf5c000000-7fcf5c051000 rw-p 00000000 00:00 0 
7fcf5c051000-7fcf60000000 ---p 00000000 00:00 0 
7fcf60000000-7fcf601ba000 rw-p 00000000 00:00 0 
7fcf601ba000-7fcf64000000 ---p 00000000 00:00 0 
7fcf64000000-7fcf64021000 rw-p 00000000 00:00 0 
7fcf64021000-7fcf68000000 ---p 00000000 00:00 0 
7fcf68000000-7fcf680f7000 rw-p 00000000 00:00 0 
7fcf680f7000-7fcf6c000000 ---p 00000000 00:00 0 
7fcf6c000000-7fcf6c021000 rw-p 00000000 00:00 0 
7fcf6c021000-7fcf70000000 ---p 00000000 00:00 0 
7fcf70000000-7fcf70021000 rw-p 00000000 00:00 0 
7fcf70021000-7fcf74000000 ---p 00000000 00:00 0 
7fcf74000000-7fcf74021000 rw-p 00000000 00:00 0 
7fcf74021000-7fcf78000000 ---p 00000000 00:00 0 
7fcf78000000-7fcf78021000 rw-p 00000000 00:00 0 
7fcf78021000-7fcf7c000000 ---p 00000000 00:00 0 
7fcf7c000000-7fcf7c021000 rw-p 00000000 00:00 0 
7fcf7c021000-7fcf80000000 ---p 00000000 00:00 0 
7fcf80000000-7fcf80021000 rw-p 00000000 00:00 0 
7fcf80021000-7fcf84000000 ---p 00000000 00:00 0 
7fcf84000000-7fcf84021000 rw-p 00000000 00:00 0 
7fcf84021000-7fcf88000000 ---p 00000000 00:00 0 
7fcf88035000-7fcf88036000 rwxp 00000000 00:00 0 
7fcf88036000-7fcf88039000 ---p 00000000 00:00 0 
7fcf88039000-7fcf88137000 rw-p 00000000 00:00 0 
7fcf88137000-7fcf88138000 r--s 00004000 08:15 13654818                   /home/nokorot/Workspace/Java/PS/PS 3.0.0/LWJGL3/lwjgl-xxhash.jar
7fcf88138000-7fcf88139000 r--s 00001000 08:15 13654817                   /home/nokorot/Workspace/Java/PS/PS 3.0.0/LWJGL3/lwjgl-xxhash-natives-linux.jar
7fcf88139000-7fcf88142000 r--s 000a6000 08:15 13654825                   /home/nokorot/Workspace/Java/PS/PS 3.0.0/LWJGL3/lwjgl-vulkan.jar
7fcf88142000-7fcf88147000 r--s 000ac000 08:15 13654824                   /home/nokorot/Workspace/Java/PS/PS 3.0.0/LWJGL3/lwjgl-vulkan-sources.jar
7fcf88147000-7fcf8814c000 r-xp 00000000 08:15 12329482                   /usr/lib/x86_64-linux-gnu/libXdmcp.so.6.0.0
7fcf8814c000-7fcf8834b000 ---p 00005000 08:15 12329482                   /usr/lib/x86_64-linux-gnu/libXdmcp.so.6.0.0
7fcf8834b000-7fcf8834c000 r--p 00004000 08:15 12329482                   /usr/lib/x86_64-linux-gnu/libXdmcp.so.6.0.0
7fcf8834c000-7fcf8834d000 rw-p 00005000 08:15 12329482                   /usr/lib/x86_64-linux-gnu/libXdmcp.so.6.0.0
7fcf8834d000-7fcf8834f000 r-xp 00000000 08:15 12329471                   /usr/lib/x86_64-linux-gnu/libXau.so.6.0.0
7fcf8834f000-7fcf8854f000 ---p 00002000 08:15 12329471                   /usr/lib/x86_64-linux-gnu/libXau.so.6.0.0
7fcf8854f000-7fcf88550000 r--p 00002000 08:15 12329471                   /usr/lib/x86_64-linux-gnu/libXau.so.6.0.0
7fcf88550000-7fcf88551000 rw-p 00003000 08:15 12329471                   /usr/lib/x86_64-linux-gnu/libXau.so.6.0.0
7fcf88551000-7fcf88572000 r-xp 00000000 08:15 12330820                   /usr/lib/x86_64-linux-gnu/libxcb.so.1.1.0
7fcf88572000-7fcf88771000 ---p 00021000 08:15 12330820                   /usr/lib/x86_64-linux-gnu/libxcb.so.1.1.0
7fcf88771000-7fcf88772000 r--p 00020000 08:15 12330820                   /usr/lib/x86_64-linux-gnu/libxcb.so.1.1.0
7fcf88772000-7fcf88773000 rw-p 00021000 08:15 12330820                   /usr/lib/x86_64-linux-gnu/libxcb.so.1.1.0
7fcf88773000-7fcf88782000 r-xp 00000000 08:15 12329492                   /usr/lib/x86_64-linux-gnu/libXi.so.6.1.0
7fcf88782000-7fcf88981000 ---p 0000f000 08:15 12329492                   /usr/lib/x86_64-linux-gnu/libXi.so.6.1.0
7fcf88981000-7fcf88982000 r--p 0000e000 08:15 12329492                   /usr/lib/x86_64-linux-gnu/libXi.so.6.1.0
7fcf88982000-7fcf88983000 rw-p 0000f000 08:15 12329492                   /usr/lib/x86_64-linux-gnu/libXi.so.6.1.0
7fcf88983000-7fcf88988000 r-xp 00000000 08:15 12329510                   /usr/lib/x86_64-linux-gnu/libXtst.so.6.1.0
7fcf88988000-7fcf88b87000 ---p 00005000 08:15 12329510                   /usr/lib/x86_64-linux-gnu/libXtst.so.6.1.0
7fcf88b87000-7fcf88b88000 r--p 00004000 08:15 12329510                   /usr/lib/x86_64-linux-gnu/libXtst.so.6.1.0
7fcf88b88000-7fcf88b89000 rw-p 00005000 08:15 12329510                   /usr/lib/x86_64-linux-gnu/libXtst.so.6.1.0
7fcf88b89000-7fcf88b92000 r-xp 00000000 08:15 12329504                   /usr/lib/x86_64-linux-gnu/libXrender.so.1.3.0
7fcf88b92000-7fcf88d91000 ---p 00009000 08:15 12329504                   /usr/lib/x86_64-linux-gnu/libXrender.so.1.3.0
7fcf88d91000-7fcf88d92000 r--p 00008000 08:15 12329504                   /usr/lib/x86_64-linux-gnu/libXrender.so.1.3.0
7fcf88d92000-7fcf88d93000 rw-p 00009000 08:15 12329504                   /usr/lib/x86_64-linux-gnu/libXrender.so.1.3.0
7fcf88d93000-7fcf88ec8000 r-xp 00000000 08:15 12329467                   /usr/lib/x86_64-linux-gnu/libX11.so.6.3.0
7fcf88ec8000-7fcf890c8000 ---p 00135000 08:15 12329467                   /usr/lib/x86_64-linux-gnu/libX11.so.6.3.0
7fcf890c8000-7fcf890c9000 r--p 00135000 08:15 12329467                   /usr/lib/x86_64-linux-gnu/libX11.so.6.3.0
7fcf890c9000-7fcf890cd000 rw-p 00136000 08:15 12329467                   /usr/lib/x86_64-linux-gnu/libX11.so.6.3.0
7fcf890cd000-7fcf890de000 r-xp 00000000 08:15 12329484                   /usr/lib/x86_64-linux-gnu/libXext.so.6.4.0
7fcf890de000-7fcf892dd000 ---p 00011000 08:15 12329484                   /usr/lib/x86_64-linux-gnu/libXext.so.6.4.0
7fcf892dd000-7fcf892de000 r--p 00010000 08:15 12329484                   /usr/lib/x86_64-linux-gnu/libXext.so.6.4.0
7fcf892de000-7fcf892df000 rw-p 00011000 08:15 12329484                   /usr/lib/x86_64-linux-gnu/libXext.so.6.4.0
7fcf892df000-7fcf892e0000 r--s 00001000 08:15 13654813                   /home/nokorot/Workspace/Java/PS/PS 3.0.0/LWJGL3/lwjgl-tinyfd.jar
7fcf892e0000-7fcf892e1000 r--s 00007000 08:15 13654815                   /home/nokorot/Workspace/Java/PS/PS 3.0.0/LWJGL3/lwjgl-tinyfd-natives-linux.jar
7fcf892e1000-7fcf892e4000 r--s 00012000 08:15 13654809                   /home/nokorot/Workspace/Java/PS/PS 3.0.0/LWJGL3/lwjgl-stb.jar
7fcf892e4000-7fcf892e5000 r--s 0002c000 08:15 13654808                   /home/nokorot/Workspace/Java/PS/PS 3.0.0/LWJGL3/lwjgl-stb-natives-linux.jar
7fcf892e5000-7fcf892e6000 r--s 00000000 08:15 13654803                   /home/nokorot/Workspace/Java/PS/PS 3.0.0/LWJGL3/lwjgl-sse.jar
7fcf892e6000-7fcf892e7000 r--s 00000000 08:15 13654802                   /home/nokorot/Workspace/Java/PS/PS 3.0.0/LWJGL3/lwjgl-sse-natives-linux.jar
7fcf892e7000-7fcf892e9000 r--s 00058000 08:15 13654804                   /home/nokorot/Workspace/Java/PS/PS 3.0.0/LWJGL3/lwjgl-sse-javadoc.jar
7fcf892e9000-7fcf892eb000 r--s 00001000 08:15 13654799                   /home/nokorot/Workspace/Java/PS/PS 3.0.0/LWJGL3/lwjgl-par.jar
7fcf892eb000-7fcf892ec000 r--s 00005000 08:15 13654795                   /home/nokorot/Workspace/Java/PS/PS 3.0.0/LWJGL3/lwjgl-par-natives-linux.jar
7fcf892ec000-7fcf892f2000 r--s 00048000 08:15 13654794                   /home/nokorot/Workspace/Java/PS/PS 3.0.0/LWJGL3/lwjgl-opengles.jar
7fcf892f2000-7fcf892f3000 r--s 00007000 08:15 13654792                   /home/nokorot/Workspace/Java/PS/PS 3.0.0/LWJGL3/lwjgl-opengles-natives-linux.jar
7fcf892f3000-7fcf892fc000 r--s 000ba000 08:15 13654797                   /home/nokorot/Workspace/Java/PS/PS 3.0.0/LWJGL3/lwjgl-opengl.jar
7fcf892fc000-7fcf892fd000 r--s 00015000 08:15 13654789                   /home/nokorot/Workspace/Java/PS/PS 3.0.0/LWJGL3/lwjgl-opengl-natives-linux.jar
7fcf892fd000-7fcf89300000 r--s 00023000 08:15 13654790                   /home/nokorot/Workspace/Java/PS/PS 3.0.0/LWJGL3/lwjgl-opencl.jar
7fcf89300000-7fcf89302000 r--s 00010000 08:15 13654776                   /home/nokorot/Workspace/Java/PS/PS 3.0.0/LWJGL3/lwjgl-openal.jar
7fcf89302000-7fcf89303000 r--s 0004a000 08:15 13654787                   /home/nokorot/Workspace/Java/PS/PS 3.0.0/LWJGL3/lwjgl-openal-natives-linux.jar
7fcf89303000-7fcf89308000 r--s 00054000 08:15 13654782                   /home/nokorot/Workspace/Java/PS/PS 3.0.0/LWJGL3/lwjgl-nuklear.jar
7fcf89308000-7fcf89309000 r--s 0001f000 08:15 13654772                   /home/nokorot/Workspace/Java/PS/PS 3.0.0/LWJGL3/lwjgl-nuklear-natives-linux.jar
7fcf89309000-7fcf8935d000 r-xp 00000000 08:15 12980593                   /usr/lib/jvm/java-8-oracle/jre/lib/amd64/libawt_xawt.so
7fcf8935d000-7fcf8955d000 ---p 00054000 08:15 12980593                   /usr/lib/jvm/java-8-oracle/jre/lib/amd64/libawt_xawt.so
7fcf8955d000-7fcf89561000 rw-p 00054000 08:15 12980593                   /usr/lib/jvm/java-8-oracle/jre/lib/amd64/libawt_xawt.so
7fcf89561000-7fcf89562000 rw-p 00000000 00:00 0 
7fcf89562000-7fcf89604000 r-xp 00000000 08:15 12980626                   /usr/lib/jvm/java-8-oracle/jre/lib/amd64/libawt.so
7fcf89604000-7fcf89804000 ---p 000a2000 08:15 12980626                   /usr/lib/jvm/java-8-oracle/jre/lib/amd64/libawt.so
7fcf89804000-7fcf89810000 rw-p 000a2000 08:15 12980626                   /usr/lib/jvm/java-8-oracle/jre/lib/amd64/libawt.so
7fcf89810000-7fcf89834000 rw-p 00000000 00:00 0 
7fcf89834000-7fcf89835000 ---p 00000000 00:00 0 
7fcf89835000-7fcf89935000 rw-p 00000000 00:00 0 
7fcf89935000-7fcf89938000 ---p 00000000 00:00 0 
7fcf89938000-7fcf89a36000 rw-p 00000000 00:00 0 
7fcf89a36000-7fcf89a39000 ---p 00000000 00:00 0 
7fcf89a39000-7fcf89b37000 rw-p 00000000 00:00 0 
7fcf89b37000-7fcf89b3a000 ---p 00000000 00:00 0 
7fcf89b3a000-7fcf89c38000 rw-p 00000000 00:00 0 
7fcf89c38000-7fcf89c3b000 ---p 00000000 00:00 0 
7fcf89c3b000-7fcf89d39000 rw-p 00000000 00:00 0 
7fcf89d39000-7fcf89d3c000 ---p 00000000 00:00 0 
7fcf89d3c000-7fcf89e3a000 rw-p 00000000 00:00 0 
7fcf89e3a000-7fcf8a291000 r--p 00000000 08:15 12322328                   /usr/lib/locale/locale-archive
7fcf8a291000-7fcf8a294000 ---p 00000000 00:00 0 
7fcf8a294000-7fcf8a392000 rw-p 00000000 00:00 0 
7fcf8a392000-7fcf8a395000 ---p 00000000 00:00 0 
7fcf8a395000-7fcf8a493000 rw-p 00000000 00:00 0 
7fcf8a493000-7fcf8a494000 ---p 00000000 00:00 0 
7fcf8a494000-7fcf8b576000 rw-p 00000000 00:00 0 
7fcf8b576000-7fcf8b74e000 r--s 03d2a000 08:15 12855517                   /usr/lib/jvm/java-8-oracle/jre/lib/rt.jar
7fcf8b74e000-7fcf8bece000 rw-p 00000000 00:00 0 
7fcf8bece000-7fcf8bf4e000 ---p 00000000 00:00 0 
7fcf8bf4e000-7fcf900b7000 rw-p 00000000 00:00 0 
7fcf900b7000-7fcf900b8000 ---p 00000000 00:00 0 
7fcf900b8000-7fcf901b8000 rw-p 00000000 00:00 0 
7fcf901b8000-7fcf901b9000 ---p 00000000 00:00 0 
7fcf901b9000-7fcf902b9000 rw-p 00000000 00:00 0 
7fcf902b9000-7fcf902ba000 ---p 00000000 00:00 0 
7fcf902ba000-7fcf903e4000 rw-p 00000000 00:00 0 
7fcf903e4000-7fcf9064b000 ---p 00000000 00:00 0 
7fcf9064b000-7fcf90675000 rw-p 00000000 00:00 0 
7fcf90675000-7fcf908db000 ---p 00000000 00:00 0 
7fcf908db000-7fcf908f1000 rw-p 00000000 00:00 0 
7fcf908f1000-7fcf90a24000 ---p 00000000 00:00 0 
7fcf90a24000-7fcf90a2f000 rw-p 00000000 00:00 0 
7fcf90a2f000-7fcf90de5000 ---p 00000000 00:00 0 
7fcf90de5000-7fcf91055000 rwxp 00000000 00:00 0 
7fcf91055000-7fcf9fde5000 ---p 00000000 00:00 0 
7fcf9fde5000-7fcf9fdff000 r-xp 00000000 08:15 12980589                   /usr/lib/jvm/java-8-oracle/jre/lib/amd64/libzip.so
7fcf9fdff000-7fcf9ffff000 ---p 0001a000 08:15 12980589                   /usr/lib/jvm/java-8-oracle/jre/lib/amd64/libzip.so
7fcf9ffff000-7fcfa0000000 rw-p 0001a000 08:15 12980589                   /usr/lib/jvm/java-8-oracle/jre/lib/amd64/libzip.so
7fcfa0000000-7fcfa043c000 rw-p 00000000 00:00 0 
7fcfa043c000-7fcfa4000000 ---p 00000000 00:00 0 
7fcfa4000000-7fcfa4001000 r--s 00001000 08:15 13654766                   /home/nokorot/Workspace/Java/PS/PS 3.0.0/LWJGL3/lwjgl-nfd.jar
7fcfa4001000-7fcfa4002000 r--s 00001000 08:15 13654764                   /home/nokorot/Workspace/Java/PS/PS 3.0.0/LWJGL3/lwjgl-nfd-natives-linux.jar
7fcfa4002000-7fcfa4003000 r--s 00011000 08:15 13654822                   /home/nokorot/Workspace/Java/PS/PS 3.0.0/LWJGL3/lwjgl-natives-linux.jar
7fcfa4003000-7fcfa4005000 r--s 00008000 08:15 13654756                   /home/nokorot/Workspace/Java/PS/PS 3.0.0/LWJGL3/lwjgl-nanovg.jar
7fcfa4005000-7fcfa407b000 rw-p 00000000 00:00 0 
7fcfa407b000-7fcfa407c000 ---p 00000000 00:00 0 
7fcfa407c000-7fcfa417c000 rw-p 00000000 00:00 0 
7fcfa417c000-7fcfa4187000 r-xp 00000000 08:15 7082071                    /lib/x86_64-linux-gnu/libnss_files-2.23.so
7fcfa4187000-7fcfa4386000 ---p 0000b000 08:15 7082071                    /lib/x86_64-linux-gnu/libnss_files-2.23.so
7fcfa4386000-7fcfa4387000 r--p 0000a000 08:15 7082071                    /lib/x86_64-linux-gnu/libnss_files-2.23.so
7fcfa4387000-7fcfa4388000 rw-p 0000b000 08:15 7082071                    /lib/x86_64-linux-gnu/libnss_files-2.23.so
7fcfa4388000-7fcfa438e000 rw-p 00000000 00:00 0 
7fcfa438e000-7fcfa4399000 r-xp 00000000 08:15 7082047                    /lib/x86_64-linux-gnu/libnss_nis-2.23.so
7fcfa4399000-7fcfa4598000 ---p 0000b000 08:15 7082047                    /lib/x86_64-linux-gnu/libnss_nis-2.23.so
7fcfa4598000-7fcfa4599000 r--p 0000a000 08:15 7082047                    /lib/x86_64-linux-gnu/libnss_nis-2.23.so
7fcfa4599000-7fcfa459a000 rw-p 0000b000 08:15 7082047                    /lib/x86_64-linux-gnu/libnss_nis-2.23.so
7fcfa459a000-7fcfa45b0000 r-xp 00000000 08:15 7082063                    /lib/x86_64-linux-gnu/libnsl-2.23.so
7fcfa45b0000-7fcfa47af000 ---p 00016000 08:15 7082063                    /lib/x86_64-linux-gnu/libnsl-2.23.so
7fcfa47af000-7fcfa47b0000 r--p 00015000 08:15 7082063                    /lib/x86_64-linux-gnu/libnsl-2.23.so
7fcfa47b0000-7fcfa47b1000 rw-p 00016000 08:15 7082063                    /lib/x86_64-linux-gnu/libnsl-2.23.so
7fcfa47b1000-7fcfa47b3000 rw-p 00000000 00:00 0 
7fcfa47b3000-7fcfa47bb000 r-xp 00000000 08:15 7082065                    /lib/x86_64-linux-gnu/libnss_compat-2.23.so
7fcfa47bb000-7fcfa49ba000 ---p 00008000 08:15 7082065                    /lib/x86_64-linux-gnu/libnss_compat-2.23.so
7fcfa49ba000-7fcfa49bb000 r--p 00007000 08:15 7082065                    /lib/x86_64-linux-gnu/libnss_compat-2.23.so
7fcfa49bb000-7fcfa49bc000 rw-p 00008000 08:15 7082065                    /lib/x86_64-linux-gnu/libnss_compat-2.23.so
7fcfa49bc000-7fcfa49e7000 r-xp 00000000 08:15 12980616                   /usr/lib/jvm/java-8-oracle/jre/lib/amd64/libjava.so
7fcfa49e7000-7fcfa4be6000 ---p 0002b000 08:15 12980616                   /usr/lib/jvm/java-8-oracle/jre/lib/amd64/libjava.so
7fcfa4be6000-7fcfa4be8000 rw-p 0002a000 08:15 12980616                   /usr/lib/jvm/java-8-oracle/jre/lib/amd64/libjava.so
7fcfa4be8000-7fcfa4bf5000 r-xp 00000000 08:15 12980358                   /usr/lib/jvm/java-8-oracle/jre/lib/amd64/libverify.so
7fcfa4bf5000-7fcfa4df4000 ---p 0000d000 08:15 12980358                   /usr/lib/jvm/java-8-oracle/jre/lib/amd64/libverify.so
7fcfa4df4000-7fcfa4df6000 rw-p 0000c000 08:15 12980358                   /usr/lib/jvm/java-8-oracle/jre/lib/amd64/libverify.so
7fcfa4df6000-7fcfa4dfd000 r-xp 00000000 08:15 7082046                    /lib/x86_64-linux-gnu/librt-2.23.so
7fcfa4dfd000-7fcfa4ffc000 ---p 00007000 08:15 7082046                    /lib/x86_64-linux-gnu/librt-2.23.so
7fcfa4ffc000-7fcfa4ffd000 r--p 00006000 08:15 7082046                    /lib/x86_64-linux-gnu/librt-2.23.so
7fcfa4ffd000-7fcfa4ffe000 rw-p 00007000 08:15 7082046                    /lib/x86_64-linux-gnu/librt-2.23.so
7fcfa4ffe000-7fcfa5106000 r-xp 00000000 08:15 7082058                    /lib/x86_64-linux-gnu/libm-2.23.so
7fcfa5106000-7fcfa5305000 ---p 00108000 08:15 7082058                    /lib/x86_64-linux-gnu/libm-2.23.so
7fcfa5305000-7fcfa5306000 r--p 00107000 08:15 7082058                    /lib/x86_64-linux-gnu/libm-2.23.so
7fcfa5306000-7fcfa5307000 rw-p 00108000 08:15 7082058                    /lib/x86_64-linux-gnu/libm-2.23.so
7fcfa5307000-7fcfa5fd4000 r-xp 00000000 08:15 12980620                   /usr/lib/jvm/java-8-oracle/jre/lib/amd64/server/libjvm.so
7fcfa5fd4000-7fcfa61d3000 ---p 00ccd000 08:15 12980620                   /usr/lib/jvm/java-8-oracle/jre/lib/amd64/server/libjvm.so
7fcfa61d3000-7fcfa62ac000 rw-p 00ccc000 08:15 12980620                   /usr/lib/jvm/java-8-oracle/jre/lib/amd64/server/libjvm.so
7fcfa62ac000-7fcfa62f7000 rw-p 00000000 00:00 0 
7fcfa62f7000-7fcfa64b6000 r-xp 00000000 08:15 7082051                    /lib/x86_64-linux-gnu/libc-2.23.so
7fcfa64b6000-7fcfa66b6000 ---p 001bf000 08:15 7082051                    /lib/x86_64-linux-gnu/libc-2.23.so
7fcfa66b6000-7fcfa66ba000 r--p 001bf000 08:15 7082051                    /lib/x86_64-linux-gnu/libc-2.23.so
7fcfa66ba000-7fcfa66bc000 rw-p 001c3000 08:15 7082051                    /lib/x86_64-linux-gnu/libc-2.23.so
7fcfa66bc000-7fcfa66c0000 rw-p 00000000 00:00 0 
7fcfa66c0000-7fcfa66c3000 r-xp 00000000 08:15 7082050                    /lib/x86_64-linux-gnu/libdl-2.23.so
7fcfa66c3000-7fcfa68c2000 ---p 00003000 08:15 7082050                    /lib/x86_64-linux-gnu/libdl-2.23.so
7fcfa68c2000-7fcfa68c3000 r--p 00002000 08:15 7082050                    /lib/x86_64-linux-gnu/libdl-2.23.so
7fcfa68c3000-7fcfa68c4000 rw-p 00003000 08:15 7082050                    /lib/x86_64-linux-gnu/libdl-2.23.so
7fcfa68c4000-7fcfa68d9000 r-xp 00000000 08:15 12585246                   /usr/lib/jvm/java-8-oracle/lib/amd64/jli/libjli.so
7fcfa68d9000-7fcfa6ad9000 ---p 00015000 08:15 12585246                   /usr/lib/jvm/java-8-oracle/lib/amd64/jli/libjli.so
7fcfa6ad9000-7fcfa6ada000 rw-p 00015000 08:15 12585246                   /usr/lib/jvm/java-8-oracle/lib/amd64/jli/libjli.so
7fcfa6ada000-7fcfa6af2000 r-xp 00000000 08:15 7082059                    /lib/x86_64-linux-gnu/libpthread-2.23.so
7fcfa6af2000-7fcfa6cf1000 ---p 00018000 08:15 7082059                    /lib/x86_64-linux-gnu/libpthread-2.23.so
7fcfa6cf1000-7fcfa6cf2000 r--p 00017000 08:15 7082059                    /lib/x86_64-linux-gnu/libpthread-2.23.so
7fcfa6cf2000-7fcfa6cf3000 rw-p 00018000 08:15 7082059                    /lib/x86_64-linux-gnu/libpthread-2.23.so
7fcfa6cf3000-7fcfa6cf7000 rw-p 00000000 00:00 0 
7fcfa6cf7000-7fcfa6d1d000 r-xp 00000000 08:15 7082039                    /lib/x86_64-linux-gnu/ld-2.23.so
7fcfa6d1d000-7fcfa6d1e000 r--s 0001f000 08:15 13654762                   /home/nokorot/Workspace/Java/PS/PS 3.0.0/LWJGL3/lwjgl-nanovg-natives-linux.jar
7fcfa6d1e000-7fcfa6d20000 r--s 00005000 08:15 13654746                   /home/nokorot/Workspace/Java/PS/PS 3.0.0/LWJGL3/lwjgl-lmdb.jar
7fcfa6d20000-7fcfa6deb000 rw-p 00000000 00:00 0 
7fcfa6deb000-7fcfa6dee000 ---p 00000000 00:00 0 
7fcfa6dee000-7fcfa6ef0000 rw-p 00000000 00:00 0 
7fcfa6ef0000-7fcfa6ef1000 r--s 0000d000 08:15 13654750                   /home/nokorot/Workspace/Java/PS/PS 3.0.0/LWJGL3/lwjgl-lmdb-natives-linux.jar
7fcfa6ef1000-7fcfa6ef3000 r--s 00007000 08:15 13654736                   /home/nokorot/Workspace/Java/PS/PS 3.0.0/LWJGL3/lwjgl-jemalloc.jar
7fcfa6ef3000-7fcfa6ef4000 r--s 00019000 08:15 13654734                   /home/nokorot/Workspace/Java/PS/PS 3.0.0/LWJGL3/lwjgl-jemalloc-natives-linux.jar
7fcfa6ef4000-7fcfa6ef5000 r--s 00005000 08:15 13654724                   /home/nokorot/Workspace/Java/PS/PS 3.0.0/LWJGL3/lwjgl-jawt.jar
7fcfa6ef5000-7fcfa6ef7000 r--s 00066000 08:15 13654732                   /home/nokorot/Workspace/Java/PS/PS 3.0.0/LWJGL3/lwjgl-jawt-javadoc.jar
7fcfa6ef7000-7fcfa6efa000 r--s 00015000 08:15 13654722                   /home/nokorot/Workspace/Java/PS/PS 3.0.0/LWJGL3/lwjgl-glfw.jar
7fcfa6efa000-7fcfa6efb000 r--s 0000e000 08:15 13654716                   /home/nokorot/Workspace/Java/PS/PS 3.0.0/LWJGL3/lwjgl-glfw-natives-linux.jar
7fcfa6efb000-7fcfa6eff000 r--s 0001b000 08:15 13654708                   /home/nokorot/Workspace/Java/PS/PS 3.0.0/LWJGL3/lwjgl-egl.jar
7fcfa6eff000-7fcfa6f03000 r--s 0001e000 08:15 13654712                   /home/nokorot/Workspace/Java/PS/PS 3.0.0/LWJGL3/lwjgl-egl-sources.jar
7fcfa6f03000-7fcfa6f06000 r--s 0001f000 08:15 13654702                   /home/nokorot/Workspace/Java/PS/PS 3.0.0/LWJGL3/lwjgl-bgfx.jar
7fcfa6f06000-7fcfa6f07000 r--s 00042000 08:15 13654704                   /home/nokorot/Workspace/Java/PS/PS 3.0.0/LWJGL3/lwjgl-bgfx-natives-linux.jar
7fcfa6f07000-7fcfa6f0b000 r--s 0002a000 08:15 13654692                   /home/nokorot/Workspace/Java/PS/PS 3.0.0/LWJGL3/lwjgl-assimp.jar
7fcfa6f0b000-7fcfa6f0c000 r--s 002ae000 08:15 13654740                   /home/nokorot/Workspace/Java/PS/PS 3.0.0/LWJGL3/lwjgl-assimp-natives-linux.jar
7fcfa6f0c000-7fcfa6f10000 r--s 0003d000 08:15 13654827                   /home/nokorot/Workspace/Java/PS/PS 3.0.0/LWJGL3/lwjgl.jar
7fcfa6f10000-7fcfa6f18000 rw-s 00000000 08:15 1325741                    /tmp/hsperfdata_nokorot/28492
7fcfa6f18000-7fcfa6f19000 rw-p 00000000 00:00 0 
7fcfa6f19000-7fcfa6f1a000 r--p 00000000 00:00 0 
7fcfa6f1a000-7fcfa6f1c000 rw-p 00000000 00:00 0 
7fcfa6f1c000-7fcfa6f1d000 r--p 00025000 08:15 7082039                    /lib/x86_64-linux-gnu/ld-2.23.so
7fcfa6f1d000-7fcfa6f1e000 rw-p 00026000 08:15 7082039                    /lib/x86_64-linux-gnu/ld-2.23.so
7fcfa6f1e000-7fcfa6f1f000 rw-p 00000000 00:00 0 
7fffef13d000-7fffef15f000 rw-p 00000000 00:00 0                          [stack]
7fffef179000-7fffef17b000 r--p 00000000 00:00 0                          [vvar]
7fffef17b000-7fffef17d000 r-xp 00000000 00:00 0                          [vdso]
ffffffffff600000-ffffffffff601000 r-xp 00000000 00:00 0                  [vsyscall]

VM Arguments:
jvm_args: -Djava.library.path=/home/noko/workspace/Java/Test/Test/LWJGL3 -Dfile.encoding=UTF-8 
java_command: engineTest.Main
java_class_path (initial): /home/nokorot/Workspace/Java/PS/PS 3.0.0/bin:/home/nokorot/Workspace/Java/PS/PS 3.0.0/LWJGL3/lwjgl.jar:/home/nokorot/Workspace/Java/PS/PS 3.0.0/LWJGL3/lwjgl-assimp-natives-linux.jar:/home/nokorot/Workspace/Java/PS/PS 3.0.0/LWJGL3/lwjgl-assimp.jar:/home/nokorot/Workspace/Java/PS/PS 3.0.0/LWJGL3/lwjgl-bgfx-natives-linux.jar:/home/nokorot/Workspace/Java/PS/PS 3.0.0/LWJGL3/lwjgl-bgfx.jar:/home/nokorot/Workspace/Java/PS/PS 3.0.0/LWJGL3/lwjgl-egl-sources.jar:/home/nokorot/Workspace/Java/PS/PS 3.0.0/LWJGL3/lwjgl-egl.jar:/home/nokorot/Workspace/Java/PS/PS 3.0.0/LWJGL3/lwjgl-glfw-natives-linux.jar:/home/nokorot/Workspace/Java/PS/PS 3.0.0/LWJGL3/lwjgl-glfw.jar:/home/nokorot/Workspace/Java/PS/PS 3.0.0/LWJGL3/lwjgl-jawt-javadoc.jar:/home/nokorot/Workspace/Java/PS/PS 3.0.0/LWJGL3/lwjgl-jawt.jar:/home/nokorot/Workspace/Java/PS/PS 3.0.0/LWJGL3/lwjgl-jemalloc-natives-linux.jar:/home/nokorot/Workspace/Java/PS/PS 3.0.0/LWJGL3/lwjgl-jemalloc.jar:/home/nokorot/Workspace/Java/PS/PS 3.0.0/LWJGL3/lwjgl-lmdb-natives-linux.jar:/home/nokorot/Workspace/Java/PS/PS 3.0.0/LWJGL3/lwjgl-lmdb.jar:/home/nokorot/Workspace/Java/PS/PS 3.0.0/LWJGL3/lwjgl-nanovg-natives-linux.jar:/home/nokorot/Workspace/Java/PS/PS 3.0.0/LWJGL3/lwjgl-nanovg.jar:/home/nokorot/Workspace/Java/PS/PS 3.0.0/LWJGL3/lwjgl-natives-linux.jar:/home/nokorot/Workspace/Java/PS/PS 3.0.0/LWJGL3/lwjgl-nfd-natives-linux.jar:/home/nokorot/Workspace/Java/PS/PS 3.0.0/LWJGL3/lwjgl-nfd.jar:/home/nokorot/Workspace/Java/PS/PS 3.0.0/LWJGL3/lwjgl-nuklear-natives-linux.jar:/home/nokorot/Workspace/Java/PS/PS 3.0.0/LWJGL3/lwjgl-nuklear.jar:/home/nokorot/Workspace/Java/PS/PS 3.0.0/LWJGL3/lwjgl-openal-natives-linux.jar:/home/nokorot/Workspace/Java/PS/PS 3.0.0/LWJGL3/lwjgl-openal.jar:/home/nokorot/Workspace/Java/PS/PS 3.0.0/LWJGL3/lwjgl-opencl.jar:/home/nokorot/Workspace/Java/PS/PS 3.0.0/LWJGL3/lwjgl-opengl-natives-linux.jar:/home/nokorot/Workspace/Java/PS/PS 3.0.0/LWJGL3/lwjgl-opengl.jar:/home/nokorot/Workspace/Java/PS/PS 3.
Launcher Type: SUN_STANDARD

Environment Variables:
JAVA_HOME=/usr/lib/jvm/java-8-oracle
PATH=/home/nokorot/.cabal/bin:/opt/cabal/1.22/bin:/opt/ghc/7.10.3/bin:/home/nokorot/.bin:/home/nokorot/bin:/home/nokorot/.local/bin:/usr/local/sbin:/usr/local/bin:/usr/sbin:/usr/bin:/sbin:/bin:/usr/games:/usr/local/games:/snap/bin:/usr/lib/jvm/java-8-oracle/bin:/usr/lib/jvm/java-8-oracle/db/bin:/usr/lib/jvm/java-8-oracle/jre/bin
USERNAME=nokorot
SHELL=/bin/bash
DISPLAY=:1

Signal Handlers:
SIGSEGV: [libjvm.so+0xac64b0], sa_mask[0]=11111111011111111101111111111110, sa_flags=SA_RESTART|SA_SIGINFO
SIGBUS: [libjvm.so+0xac64b0], sa_mask[0]=11111111011111111101111111111110, sa_flags=SA_RESTART|SA_SIGINFO
SIGFPE: [libjvm.so+0x91f950], sa_mask[0]=11111111011111111101111111111110, sa_flags=SA_RESTART|SA_SIGINFO
SIGPIPE: [libjvm.so+0x91f950], sa_mask[0]=11111111011111111101111111111110, sa_flags=SA_RESTART|SA_SIGINFO
SIGXFSZ: [libjvm.so+0x91f950], sa_mask[0]=11111111011111111101111111111110, sa_flags=SA_RESTART|SA_SIGINFO
SIGILL: [libjvm.so+0x91f950], sa_mask[0]=11111111011111111101111111111110, sa_flags=SA_RESTART|SA_SIGINFO
SIGUSR1: SIG_DFL, sa_mask[0]=00000000000000000000000000000000, sa_flags=none
SIGUSR2: [libjvm.so+0x920f80], sa_mask[0]=00100000000000000000000000000000, sa_flags=SA_RESTART|SA_SIGINFO
SIGHUP: [libjvm.so+0x922380], sa_mask[0]=11111111011111111101111111111110, sa_flags=SA_RESTART|SA_SIGINFO
SIGINT: [libjvm.so+0x922380], sa_mask[0]=11111111011111111101111111111110, sa_flags=SA_RESTART|SA_SIGINFO
SIGTERM: [libjvm.so+0x922380], sa_mask[0]=11111111011111111101111111111110, sa_flags=SA_RESTART|SA_SIGINFO
SIGQUIT: [libjvm.so+0x922380], sa_mask[0]=11111111011111111101111111111110, sa_flags=SA_RESTART|SA_SIGINFO


---------------  S Y S T E M  ---------------

OS:DISTRIB_ID=Ubuntu
DISTRIB_RELEASE=16.04
DISTRIB_CODENAME=xenial
DISTRIB_DESCRIPTION="Ubuntu 16.04.1 LTS"

uname:Linux 4.4.0-59-generic #80-Ubuntu SMP Fri Jan 6 17:47:47 UTC 2017 x86_64
libc:glibc 2.23 NPTL 2.23 
rlimit: STACK 8192k, CORE 0k, NPROC 31349, NOFILE 65536, AS infinity
load average:1,46 1,62 1,18

/proc/meminfo:
MemTotal:        8065832 kB
MemFree:         1274868 kB
MemAvailable:    3351992 kB
Buffers:          189916 kB
Cached:          2900000 kB
SwapCached:         2404 kB
Active:          4563324 kB
Inactive:        1853048 kB
Active(anon):    3081376 kB
Inactive(anon):  1126616 kB
Active(file):    1481948 kB
Inactive(file):   726432 kB
Unevictable:         496 kB
Mlocked:             496 kB
SwapTotal:       1951740 kB
SwapFree:        1924648 kB
Dirty:              4484 kB
Writeback:             0 kB
AnonPages:       3324764 kB
Mapped:           828948 kB
Shmem:            881536 kB
Slab:             222872 kB
SReclaimable:     173640 kB
SUnreclaim:        49232 kB
KernelStack:       14272 kB
PageTables:        63188 kB
NFS_Unstable:          0 kB
Bounce:                0 kB
WritebackTmp:          0 kB
CommitLimit:     5984656 kB
Committed_AS:   10920828 kB
VmallocTotal:   34359738367 kB
VmallocUsed:           0 kB
VmallocChunk:          0 kB
HardwareCorrupted:     0 kB
AnonHugePages:   1386496 kB
CmaTotal:              0 kB
CmaFree:               0 kB
HugePages_Total:       0
HugePages_Free:        0
HugePages_Rsvd:        0
HugePages_Surp:        0
Hugepagesize:       2048 kB
DirectMap4k:      255272 kB
DirectMap2M:     8024064 kB


CPU:total 4 (2 cores per cpu, 2 threads per core) family 6 model 58 stepping 9, cmov, cx8, fxsr, mmx, sse, sse2, sse3, ssse3, sse4.1, sse4.2, popcnt, avx, aes, clmul, erms, ht, tsc, tscinvbit, tscinv

/proc/cpuinfo:
processor	: 0
vendor_id	: GenuineIntel
cpu family	: 6
model		: 58
model name	: Intel(R) Core(TM) i5-3210M CPU @ 2.50GHz
stepping	: 9
microcode	: 0x15
cpu MHz		: 2899.902
cache size	: 3072 KB
physical id	: 0
siblings	: 4
core id		: 0
cpu cores	: 2
apicid		: 0
initial apicid	: 0
fpu		: yes
fpu_exception	: yes
cpuid level	: 13
wp		: yes
flags		: fpu vme de pse tsc msr pae mce cx8 apic sep mtrr pge mca cmov pat pse36 clflush dts acpi mmx fxsr sse sse2 ss ht tm pbe syscall nx rdtscp lm constant_tsc arch_perfmon pebs bts rep_good nopl xtopology nonstop_tsc aperfmperf eagerfpu pni pclmulqdq dtes64 monitor ds_cpl vmx est tm2 ssse3 cx16 xtpr pdcm pcid sse4_1 sse4_2 x2apic popcnt tsc_deadline_timer aes xsave avx f16c rdrand lahf_lm epb tpr_shadow vnmi flexpriority ept vpid fsgsbase smep erms xsaveopt dtherm ida arat pln pts
bugs		:
bogomips	: 4989.04
clflush size	: 64
cache_alignment	: 64
address sizes	: 36 bits physical, 48 bits virtual
power management:

processor	: 1
vendor_id	: GenuineIntel
cpu family	: 6
model		: 58
model name	: Intel(R) Core(TM) i5-3210M CPU @ 2.50GHz
stepping	: 9
microcode	: 0x15
cpu MHz		: 2899.902
cache size	: 3072 KB
physical id	: 0
siblings	: 4
core id		: 1
cpu cores	: 2
apicid		: 2
initial apicid	: 2
fpu		: yes
fpu_exception	: yes
cpuid level	: 13
wp		: yes
flags		: fpu vme de pse tsc msr pae mce cx8 apic sep mtrr pge mca cmov pat pse36 clflush dts acpi mmx fxsr sse sse2 ss ht tm pbe syscall nx rdtscp lm constant_tsc arch_perfmon pebs bts rep_good nopl xtopology nonstop_tsc aperfmperf eagerfpu pni pclmulqdq dtes64 monitor ds_cpl vmx est tm2 ssse3 cx16 xtpr pdcm pcid sse4_1 sse4_2 x2apic popcnt tsc_deadline_timer aes xsave avx f16c rdrand lahf_lm epb tpr_shadow vnmi flexpriority ept vpid fsgsbase smep erms xsaveopt dtherm ida arat pln pts
bugs		:
bogomips	: 4989.04
clflush size	: 64
cache_alignment	: 64
address sizes	: 36 bits physical, 48 bits virtual
power management:

processor	: 2
vendor_id	: GenuineIntel
cpu family	: 6
model		: 58
model name	: Intel(R) Core(TM) i5-3210M CPU @ 2.50GHz
stepping	: 9
microcode	: 0x15
cpu MHz		: 2900.000
cache size	: 3072 KB
physical id	: 0
siblings	: 4
core id		: 0
cpu cores	: 2
apicid		: 1
initial apicid	: 1
fpu		: yes
fpu_exception	: yes
cpuid level	: 13
wp		: yes
flags		: fpu vme de pse tsc msr pae mce cx8 apic sep mtrr pge mca cmov pat pse36 clflush dts acpi mmx fxsr sse sse2 ss ht tm pbe syscall nx rdtscp lm constant_tsc arch_perfmon pebs bts rep_good nopl xtopology nonstop_tsc aperfmperf eagerfpu pni pclmulqdq dtes64 monitor ds_cpl vmx est tm2 ssse3 cx16 xtpr pdcm pcid sse4_1 sse4_2 x2apic popcnt tsc_deadline_timer aes xsave avx f16c rdrand lahf_lm epb tpr_shadow vnmi flexpriority ept vpid fsgsbase smep erms xsaveopt dtherm ida arat pln pts
bugs		:
bogomips	: 4989.04
clflush size	: 64
cache_alignment	: 64
address sizes	: 36 bits physical, 48 bits virtual
power management:

processor	: 3
vendor_id	: GenuineIntel
cpu family	: 6
model		: 58
model name	: Intel(R) Core(TM) i5-3210M CPU @ 2.50GHz
stepping	: 9
microcode	: 0x15
cpu MHz		: 2899.902
cache size	: 3072 KB
physical id	: 0
siblings	: 4
core id		: 1
cpu cores	: 2
apicid		: 3
initial apicid	: 3
fpu		: yes
fpu_exception	: yes
cpuid level	: 13
wp		: yes
flags		: fpu vme de pse tsc msr pae mce cx8 apic sep mtrr pge mca cmov pat pse36 clflush dts acpi mmx fxsr sse sse2 ss ht tm pbe syscall nx rdtscp lm constant_tsc arch_perfmon pebs bts rep_good nopl xtopology nonstop_tsc aperfmperf eagerfpu pni pclmulqdq dtes64 monitor ds_cpl vmx est tm2 ssse3 cx16 xtpr pdcm pcid sse4_1 sse4_2 x2apic popcnt tsc_deadline_timer aes xsave avx f16c rdrand lahf_lm epb tpr_shadow vnmi flexpriority ept vpid fsgsbase smep erms xsaveopt dtherm ida arat pln pts
bugs		:
bogomips	: 4989.04
clflush size	: 64
cache_alignment	: 64
address sizes	: 36 bits physical, 48 bits virtual
power management:



Memory: 4k page, physical 8065832k(1274868k free), swap 1951740k(1924648k free)

vm_info: Java HotSpot(TM) 64-Bit Server VM (25.111-b14) for linux-amd64 JRE (1.8.0_111-b14), built on Sep 22 2016 16:14:03 by "java_re" with gcc 4.3.0 20080428 (Red Hat 4.3.0-8)

time: Sun Feb  5 00:41:46 2017
elapsed time: 0 seconds (0d 0h 0m 0s)

