#
# A fatal error has been detected by the Java Runtime Environment:
#
#  SIGSEGV (0xb) at pc=0x00007fcca28cad44, pid=8210, tid=0x00007fcca2cd2700
#
# JRE version: Java(TM) SE Runtime Environment (8.0_111-b14) (build 1.8.0_111-b14)
# Java VM: Java HotSpot(TM) 64-Bit Server VM (25.111-b14 mixed mode linux-amd64 compressed oops)
# Problematic frame:
# C  [libpthread.so.0+0x9d44]  pthread_mutex_lock+0x4
#
# Failed to write core dump. Core dumps have been disabled. To enable core dumping, try "ulimit -c unlimited" before starting Java again
#
# If you would like to submit a bug report, please visit:
#   http://bugreport.java.com/bugreport/crash.jsp
# The crash happened outside the Java Virtual Machine in native code.
# See problematic frame for where to report the bug.
#

---------------  T H R E A D  ---------------

Current thread (0x00007fcc9c00e800):  JavaThread "main" [_thread_in_native, id=8216, stack(0x00007fcca2bd2000,0x00007fcca2cd3000)]

siginfo: si_signo: 11 (SIGSEGV), si_code: 128 (SI_KERNEL), si_addr: 0x0000000000000000

Registers:
RAX=0x00007fcc47cf1370, RBX=0x00007fcc9c32dd90, RCX=0x0000000000000192, RDX=0x00007fcca2cd0ca0
RSP=0x00007fcca2cd0c10, RBP=0x00007fcca2cd0c80, RSI=0x00007fcca2cd0c90, RDI=0x007373616c632e61
R8 =0x00007fcca2cd0c80, R9 =0x00007fcc9c32ab02, R10=0x00007fcc47d76447, R11=0x0000000000000206
R12=0x00007fcca2cd0c7c, R13=0x00007fcca2cd0db8, R14=0x00007fcca2cd0db0, R15=0x00007fcc9c00e9f8
RIP=0x00007fcca28cad44, EFLAGS=0x0000000000010202, CSGSFS=0x0000000000000033, ERR=0x0000000000000000
  TRAPNO=0x000000000000000d

Top of Stack: (sp=0x00007fcca2cd0c10)
0x00007fcca2cd0c10:   0000000000000193 00007fcc47d0bbfa
0x00007fcca2cd0c20:   00007fcca2cd0c90 00007fcca2cd0ca0
0x00007fcca2cd0c30:   0000000000000000 00007fcc9c2d0da0
0x00007fcca2cd0c40:   00007fcc9c34b510 3cbca38ea2917700
0x00007fcca2cd0c50:   00007fcc9c2d0da0 00007fcc9c34b510
0x00007fcca2cd0c60:   00007fcc9c318da0 00007fcc47ce7f86
0x00007fcca2cd0c70:   00007fcc9c00e9f8 00007fcc9c07db98
0x00007fcca2cd0c80:   00007fcc9c318da0 696c4369746c756d
0x00007fcca2cd0c90:   0000019300000192 00007fcc00000000
0x00007fcca2cd0ca0:   0000015500000154 00007fcc00000000
0x00007fcca2cd0cb0:   0000000000000004 3cbca38ea2917700
0x00007fcca2cd0cc0:   00007fcc9c318da0 00007fcca2cd0d20
0x00007fcca2cd0cd0:   00007fcc9c34b510 00007fcc88563981
0x00007fcca2cd0ce0:   00007fcc9c00e800 00007fcc9c2d0da0
0x00007fcca2cd0cf0:   00007fcca2cd0d30 00007fcc8aec0748
0x00007fcca2cd0d00:   0000000000000000 00007fcc8aec0748
0x00007fcca2cd0d10:   00007fcca2cd0dc8 00007fcc9c00e800
0x00007fcca2cd0d20:   00007fcca2cd0d90 00007fcc8c376ca4
0x00007fcca2cd0d30:   00007fcca2cd0d90 00007fcc8c376759
0x00007fcca2cd0d40:   00007fcc9c00e800 00007fcc8c376722
0x00007fcca2cd0d50:   00007fcca2cd0d50 00007fcc8aec0748
0x00007fcca2cd0d60:   00007fcca2cd0dc8 00007fcc8aec3f58
0x00007fcca2cd0d70:   0000000000000000 00007fcc8aec0748
0x00007fcca2cd0d80:   0000000000000000 00007fcca2cd0db0
0x00007fcca2cd0d90:   00007fcca2cd0e10 00007fcc8c35f0c0
0x00007fcca2cd0da0:   00000000d7435f38 00007fcc8c36d47b
0x00007fcca2cd0db0:   00000000d7566030 00000000d6ff95d0
0x00007fcca2cd0dc0:   00007fcc9c2d0da0 00007fcc8c35ee50
0x00007fcca2cd0dd0:   00007fcca2cd0dd0 00007fcc8b03652c
0x00007fcca2cd0de0:   00007fcca2cd0e28 00007fcc8b03c848
0x00007fcca2cd0df0:   0000000000000000 00007fcc8b0365d0
0x00007fcca2cd0e00:   00007fcca2cd0db0 00007fcca2cd0e30 

Instructions: (pc=0x00007fcca28cad44)
0x00007fcca28cad24:   f0 02 00 00 00 00 00 00 b8 82 00 00 00 e9 d8 f9
0x00007fcca28cad34:   ff ff 66 2e 0f 1f 84 00 00 00 00 00 48 83 ec 08
0x00007fcca28cad44:   8b 57 10 89 d1 81 e1 7f 01 00 00 90 89 d0 83 e0
0x00007fcca28cad54:   7c 0f 85 95 00 00 00 85 c9 49 89 f8 0f 85 9a 00 

Register to memory mapping:

RAX=0x00007fcc47cf1370: <offset 0x2b370> in /usr/lib/x86_64-linux-gnu/libX11.so.6 at 0x00007fcc47cc6000
RBX=0x00007fcc9c32dd90 is an unknown value
RCX=0x0000000000000192 is an unknown value
RDX=0x00007fcca2cd0ca0 is pointing into the stack for thread: 0x00007fcc9c00e800
RSP=0x00007fcca2cd0c10 is pointing into the stack for thread: 0x00007fcc9c00e800
RBP=0x00007fcca2cd0c80 is pointing into the stack for thread: 0x00007fcc9c00e800
RSI=0x00007fcca2cd0c90 is pointing into the stack for thread: 0x00007fcc9c00e800
RDI=0x007373616c632e61 is an unknown value
R8 =0x00007fcca2cd0c80 is pointing into the stack for thread: 0x00007fcc9c00e800
R9 =0x00007fcc9c32ab02 is an unknown value
R10=0x00007fcc47d76447: <offset 0xb0447> in /usr/lib/x86_64-linux-gnu/libX11.so.6 at 0x00007fcc47cc6000
R11=0x0000000000000206 is an unknown value
R12=0x00007fcca2cd0c7c is pointing into the stack for thread: 0x00007fcc9c00e800
R13=0x00007fcca2cd0db8 is pointing into the stack for thread: 0x00007fcc9c00e800
R14=0x00007fcca2cd0db0 is pointing into the stack for thread: 0x00007fcc9c00e800
R15=0x00007fcc9c00e9f8 is an unknown value


Stack: [0x00007fcca2bd2000,0x00007fcca2cd3000],  sp=0x00007fcca2cd0c10,  free space=1019k
Native frames: (J=compiled Java code, j=interpreted, Vv=VM code, C=native code)
C  [libpthread.so.0+0x9d44]  pthread_mutex_lock+0x4
C  0x696c4369746c756d

Java frames: (J=compiled Java code, j=interpreted, Vv=VM code)
j  sun.awt.X11.XlibWrapper.XGetDefault(JLjava/lang/String;Ljava/lang/String;)Ljava/lang/String;+0
j  sun.awt.X11.XToolkit.initializeMultiClickTime()V+12
j  sun.awt.X11.XToolkit.getMultiClickTime()I+6
j  sun.awt.X11.XToolkit.initializeDesktopProperties()V+82
j  java.awt.Toolkit.getDesktopProperty(Ljava/lang/String;)Ljava/lang/Object;+32
j  sun.swing.SwingUtilities2$AATextInfo.getAATextInfo(Z)Lsun/swing/SwingUtilities2$AATextInfo;+11
j  javax.swing.plaf.metal.MetalLookAndFeel.initComponentDefaults(Ljavax/swing/UIDefaults;)V+12062
j  javax.swing.plaf.basic.BasicLookAndFeel.getDefaults()Ljavax/swing/UIDefaults;+25
j  javax.swing.plaf.metal.MetalLookAndFeel.getDefaults()Ljavax/swing/UIDefaults;+9
j  javax.swing.UIManager.setLookAndFeel(Ljavax/swing/LookAndFeel;)V+79
j  javax.swing.UIManager.setLookAndFeel(Ljava/lang/String;)V+16
j  javax.swing.UIManager.initializeDefaultLAF(Ljava/util/Properties;)V+55
j  javax.swing.UIManager.initialize()V+9
j  javax.swing.UIManager.maybeInitialize()V+22
j  javax.swing.UIManager.getUI(Ljavax/swing/JComponent;)Ljavax/swing/plaf/ComponentUI;+0
j  javax.swing.JPanel.updateUI()V+2
j  javax.swing.JPanel.<init>(Ljava/awt/LayoutManager;Z)V+24
j  javax.swing.JPanel.<init>(Z)V+9
j  javax.swing.JPanel.<init>()V+2
j  javax.swing.JRootPane.createGlassPane()Ljava/awt/Component;+4
j  javax.swing.JRootPane.<init>()V+11
j  javax.swing.JFrame.createRootPane()Ljavax/swing/JRootPane;+4
j  javax.swing.JFrame.frameInit()V+16
j  javax.swing.JFrame.<init>(Ljava/lang/String;)V+21
j  engineTest.Main.<init>()V+3
j  engineTest.Main.main([Ljava/lang/String;)V+29
v  ~StubRoutines::call_stub

---------------  P R O C E S S  ---------------

Java Threads: ( => current thread )
  0x00007fcc9c337800 JavaThread "AWT-XAWT" daemon [_thread_in_native, id=8241, stack(0x00007fcc45f72000,0x00007fcc46073000)]
  0x00007fcc9c314000 JavaThread "Java2D Disposer" daemon [_thread_blocked, id=8240, stack(0x00007fcc466d0000,0x00007fcc467d1000)]
  0x00007fcc9c215000 JavaThread "Thread-0" [_thread_in_native, id=8239, stack(0x00007fcc47389000,0x00007fcc4748a000)]
  0x00007fcc9c0f7800 JavaThread "Service Thread" daemon [_thread_blocked, id=8236, stack(0x00007fcc88b60000,0x00007fcc88c61000)]
  0x00007fcc9c0d2000 JavaThread "C1 CompilerThread2" daemon [_thread_blocked, id=8235, stack(0x00007fcc88c61000,0x00007fcc88d62000)]
  0x00007fcc9c0d0800 JavaThread "C2 CompilerThread1" daemon [_thread_blocked, id=8234, stack(0x00007fcc88d62000,0x00007fcc88e63000)]
  0x00007fcc9c0cd800 JavaThread "C2 CompilerThread0" daemon [_thread_blocked, id=8233, stack(0x00007fcc88e63000,0x00007fcc88f64000)]
  0x00007fcc64001000 JavaThread "JDWP Command Reader" daemon [_thread_in_native, id=8230, stack(0x00007fcc88f64000,0x00007fcc89065000)]
  0x00007fcc9c0cb800 JavaThread "JDWP Event Helper Thread" daemon [_thread_blocked, id=8229, stack(0x00007fcc89065000,0x00007fcc89166000)]
  0x00007fcc9c0c8000 JavaThread "JDWP Transport Listener: dt_socket" daemon [_thread_blocked, id=8227, stack(0x00007fcc89166000,0x00007fcc89267000)]
  0x00007fcc9c0ba800 JavaThread "Signal Dispatcher" daemon [_thread_blocked, id=8224, stack(0x00007fcc8946b000,0x00007fcc8956c000)]
  0x00007fcc9c088800 JavaThread "Finalizer" daemon [_thread_blocked, id=8223, stack(0x00007fcc8956c000,0x00007fcc8966d000)]
  0x00007fcc9c084000 JavaThread "Reference Handler" daemon [_thread_blocked, id=8222, stack(0x00007fcc8966d000,0x00007fcc8976e000)]
=>0x00007fcc9c00e800 JavaThread "main" [_thread_in_native, id=8216, stack(0x00007fcca2bd2000,0x00007fcca2cd3000)]

Other Threads:
  0x00007fcc9c07c800 VMThread [stack: 0x00007fcc8976e000,0x00007fcc8986f000] [id=8221]
  0x00007fcc9c11b000 WatcherThread [stack: 0x00007fcc88a5f000,0x00007fcc88b60000] [id=8237]

VM state:not at safepoint (normal execution)

VM Mutex/Monitor currently owned by a thread: None

Heap:
 PSYoungGen      total 36864K, used 8298K [0x00000000d6f80000, 0x00000000d9880000, 0x0000000100000000)
  eden space 31744K, 26% used [0x00000000d6f80000,0x00000000d779aa28,0x00000000d8e80000)
  from space 5120K, 0% used [0x00000000d9380000,0x00000000d9380000,0x00000000d9880000)
  to   space 5120K, 0% used [0x00000000d8e80000,0x00000000d8e80000,0x00000000d9380000)
 ParOldGen       total 84992K, used 0K [0x0000000084e00000, 0x000000008a100000, 0x00000000d6f80000)
  object space 84992K, 0% used [0x0000000084e00000,0x0000000084e00000,0x000000008a100000)
 Metaspace       used 8487K, capacity 8690K, committed 8960K, reserved 1056768K
  class space    used 910K, capacity 1000K, committed 1024K, reserved 1048576K

Card table byte_map: [0x00007fcc8bbbd000,0x00007fcc8bf97000] byte_map_base: 0x00007fcc8b796000

Marking Bits: (ParMarkBitMap*) 0x00007fcca20b1220
 Begin Bits: [0x00007fcc78270000, 0x00007fcc7a138000)
 End Bits:   [0x00007fcc7a138000, 0x00007fcc7c000000)

Polling page: 0x00007fcca2d00000

CodeCache: size=245760Kb used=2232Kb max_used=2232Kb free=243527Kb
 bounds [0x00007fcc8c357000, 0x00007fcc8c5c7000, 0x00007fcc9b357000]
 total_blobs=1204 nmethods=426 adapters=700
 compilation: enabled

Compilation events (10 events):
Event: 0,449 Thread 0x00007fcc9c0d2000  418       1       sun.misc.URLClassPath$JarLoader::access$500 (5 bytes)
Event: 0,449 Thread 0x00007fcc9c0d2000 nmethod 418 0x00007fcc8c57d990 code [0x00007fcc8c57dae0, 0x00007fcc8c57dbd0]
Event: 0,452 Thread 0x00007fcc9c0d2000  423       3       java.util.Arrays::equals (78 bytes)
Event: 0,452 Thread 0x00007fcc9c0d2000 nmethod 423 0x00007fcc8c583ed0 code [0x00007fcc8c584060, 0x00007fcc8c584568]
Event: 0,452 Thread 0x00007fcc9c0d2000  424       3       java.lang.invoke.MethodType::equals (31 bytes)
Event: 0,453 Thread 0x00007fcc9c0d2000 nmethod 424 0x00007fcc8c584710 code [0x00007fcc8c584880, 0x00007fcc8c584ac8]
Event: 0,453 Thread 0x00007fcc9c0d2000  425       3       java.lang.invoke.MethodType$ConcurrentWeakInternSet$WeakEntry::equals (49 bytes)
Event: 0,453 Thread 0x00007fcc9c0d2000 nmethod 425 0x00007fcc8c584b90 code [0x00007fcc8c584d20, 0x00007fcc8c585388]
Event: 0,453 Thread 0x00007fcc9c0d2000  426       3       jdk.internal.org.objectweb.asm.Item::<init> (5 bytes)
Event: 0,453 Thread 0x00007fcc9c0d2000 nmethod 426 0x00007fcc8c5854d0 code [0x00007fcc8c585640, 0x00007fcc8c5857f0]

GC Heap History (0 events):
No events

Deoptimization events (1 events):
Event: 0,278 Thread 0x00007fcc9c215000 Uncommon trap: reason=null_check action=make_not_entrant pc=0x00007fcc8c4c4318 method=java.lang.String.equals(Ljava/lang/Object;)Z @ 8

Internal exceptions (10 events):
Event: 0,028 Thread 0x00007fcc9c00e800 Exception <a 'java/lang/NoSuchMethodError': Method sun.misc.Unsafe.prefetchRead(Ljava/lang/Object;J)V name or signature does not match> (0x00000000d6f87f60) thrown at [/HUDSON3/workspace/8-2-build-linux-amd64/jdk8u111/7883/hotspot/src/share/vm/prims/jni.c
Event: 0,153 Thread 0x00007fcc9c00e800 Exception <a 'java/security/PrivilegedActionException'> (0x00000000d7013ac0) thrown at [/HUDSON3/workspace/8-2-build-linux-amd64/jdk8u111/7883/hotspot/src/share/vm/prims/jvm.cpp, line 1386]
Event: 0,153 Thread 0x00007fcc9c00e800 Exception <a 'java/security/PrivilegedActionException'> (0x00000000d7013cd0) thrown at [/HUDSON3/workspace/8-2-build-linux-amd64/jdk8u111/7883/hotspot/src/share/vm/prims/jvm.cpp, line 1386]
Event: 0,153 Thread 0x00007fcc9c00e800 Exception <a 'java/security/PrivilegedActionException'> (0x00000000d7016110) thrown at [/HUDSON3/workspace/8-2-build-linux-amd64/jdk8u111/7883/hotspot/src/share/vm/prims/jvm.cpp, line 1386]
Event: 0,153 Thread 0x00007fcc9c00e800 Exception <a 'java/security/PrivilegedActionException'> (0x00000000d7016320) thrown at [/HUDSON3/workspace/8-2-build-linux-amd64/jdk8u111/7883/hotspot/src/share/vm/prims/jvm.cpp, line 1386]
Event: 0,222 Thread 0x00007fcc9c00e800 Exception <a 'java/lang/NoSuchFieldError': method resolution failed> (0x00000000d7220688) thrown at [/HUDSON3/workspace/8-2-build-linux-amd64/jdk8u111/7883/hotspot/src/share/vm/prims/methodHandles.cpp, line 1146]
Event: 0,228 Thread 0x00007fcc9c00e800 Exception <a 'java/lang/NoSuchFieldError': method resolution failed> (0x00000000d722de58) thrown at [/HUDSON3/workspace/8-2-build-linux-amd64/jdk8u111/7883/hotspot/src/share/vm/prims/methodHandles.cpp, line 1146]
Event: 0,261 Thread 0x00007fcc9c00e800 Exception <a 'java/io/FileNotFoundException'> (0x00000000d72ae0e8) thrown at [/HUDSON3/workspace/8-2-build-linux-amd64/jdk8u111/7883/hotspot/src/share/vm/prims/jni.cpp, line 709]
Event: 0,261 Thread 0x00007fcc9c00e800 Exception <a 'java/io/FileNotFoundException'> (0x00000000d72aeaa0) thrown at [/HUDSON3/workspace/8-2-build-linux-amd64/jdk8u111/7883/hotspot/src/share/vm/prims/jni.cpp, line 709]
Event: 0,278 Thread 0x00007fcc9c215000 Implicit null exception at 0x00007fcc8c4c407e to 0x00007fcc8c4c4309

Events (10 events):
Event: 0,444 Thread 0x00007fcc9c215000 DEOPT PACKING pc=0x00007fcc8c4cc174 sp=0x00007fcc47487150
Event: 0,444 Thread 0x00007fcc9c215000 DEOPT UNPACKING pc=0x00007fcc8c39e633 sp=0x00007fcc47486f90 mode 1
Event: 0,444 loading class javax/swing/UIDefaults$LazyInputMap
Event: 0,444 loading class javax/swing/UIDefaults$LazyInputMap done
Event: 0,448 loading class javax/swing/plaf/metal/MetalLookAndFeel$FontActiveValue
Event: 0,448 loading class javax/swing/plaf/metal/MetalLookAndFeel$FontActiveValue done
Event: 0,454 loading class sun/swing/SwingUtilities2$AATextInfo
Event: 0,454 loading class sun/swing/SwingUtilities2$AATextInfo done
Event: 0,454 loading class sun/awt/HeadlessToolkit
Event: 0,454 loading class sun/awt/HeadlessToolkit done


Dynamic libraries:
00400000-00401000 r-xp 00000000 08:15 12855452                           /usr/lib/jvm/java-8-oracle/bin/java
00600000-00601000 rw-p 00000000 08:15 12855452                           /usr/lib/jvm/java-8-oracle/bin/java
00c2b000-00c4c000 rw-p 00000000 00:00 0                                  [heap]
84e00000-8a100000 rw-p 00000000 00:00 0 
8a100000-d6f80000 ---p 00000000 00:00 0 
d6f80000-d9880000 rw-p 00000000 00:00 0 
d9880000-100000000 ---p 00000000 00:00 0 
100000000-100100000 rw-p 00000000 00:00 0 
100100000-140000000 ---p 00000000 00:00 0 
7fcc34000000-7fcc34021000 rw-p 00000000 00:00 0 
7fcc34021000-7fcc38000000 ---p 00000000 00:00 0 
7fcc38000000-7fcc38021000 rw-p 00000000 00:00 0 
7fcc38021000-7fcc3c000000 ---p 00000000 00:00 0 
7fcc3c000000-7fcc3c1f0000 rw-p 00000000 00:00 0 
7fcc3c1f0000-7fcc40000000 ---p 00000000 00:00 0 
7fcc40000000-7fcc40021000 rw-p 00000000 00:00 0 
7fcc40021000-7fcc44000000 ---p 00000000 00:00 0 
7fcc44fca000-7fcc44fcb000 r-xp 00000000 08:15 12329465                   /usr/lib/x86_64-linux-gnu/libX11-xcb.so.1.0.0
7fcc44fcb000-7fcc451ca000 ---p 00001000 08:15 12329465                   /usr/lib/x86_64-linux-gnu/libX11-xcb.so.1.0.0
7fcc451ca000-7fcc451cb000 r--p 00000000 08:15 12329465                   /usr/lib/x86_64-linux-gnu/libX11-xcb.so.1.0.0
7fcc451cb000-7fcc451cc000 rw-p 00001000 08:15 12329465                   /usr/lib/x86_64-linux-gnu/libX11-xcb.so.1.0.0
7fcc451cc000-7fcc451d1000 r-xp 00000000 08:15 12329520                   /usr/lib/x86_64-linux-gnu/libXxf86vm.so.1.0.0
7fcc451d1000-7fcc453d0000 ---p 00005000 08:15 12329520                   /usr/lib/x86_64-linux-gnu/libXxf86vm.so.1.0.0
7fcc453d0000-7fcc453d1000 r--p 00004000 08:15 12329520                   /usr/lib/x86_64-linux-gnu/libXxf86vm.so.1.0.0
7fcc453d1000-7fcc453d2000 rw-p 00005000 08:15 12329520                   /usr/lib/x86_64-linux-gnu/libXxf86vm.so.1.0.0
7fcc453d2000-7fcc453d4000 r-xp 00000000 08:15 12329494                   /usr/lib/x86_64-linux-gnu/libXinerama.so.1.0.0
7fcc453d4000-7fcc455d3000 ---p 00002000 08:15 12329494                   /usr/lib/x86_64-linux-gnu/libXinerama.so.1.0.0
7fcc455d3000-7fcc455d4000 r--p 00001000 08:15 12329494                   /usr/lib/x86_64-linux-gnu/libXinerama.so.1.0.0
7fcc455d4000-7fcc455d5000 rw-p 00002000 08:15 12329494                   /usr/lib/x86_64-linux-gnu/libXinerama.so.1.0.0
7fcc455d5000-7fcc455df000 r-xp 00000000 08:15 12329502                   /usr/lib/x86_64-linux-gnu/libXrandr.so.2.2.0
7fcc455df000-7fcc457de000 ---p 0000a000 08:15 12329502                   /usr/lib/x86_64-linux-gnu/libXrandr.so.2.2.0
7fcc457de000-7fcc457df000 r--p 00009000 08:15 12329502                   /usr/lib/x86_64-linux-gnu/libXrandr.so.2.2.0
7fcc457df000-7fcc457e0000 rw-p 0000a000 08:15 12329502                   /usr/lib/x86_64-linux-gnu/libXrandr.so.2.2.0
7fcc457e0000-7fcc457fe000 r-xp 00000000 08:15 1466952                    /tmp/lwjglnokorot/3.1.1-build-16/libglfw.so
7fcc457fe000-7fcc459fd000 ---p 0001e000 08:15 1466952                    /tmp/lwjglnokorot/3.1.1-build-16/libglfw.so
7fcc459fd000-7fcc459fe000 r--p 0001d000 08:15 1466952                    /tmp/lwjglnokorot/3.1.1-build-16/libglfw.so
7fcc459fe000-7fcc459ff000 rw-p 0001e000 08:15 1466952                    /tmp/lwjglnokorot/3.1.1-build-16/libglfw.so
7fcc459ff000-7fcc45a00000 rw-p 00000000 00:00 0 
7fcc45a00000-7fcc45c00000 rw-p 00000000 00:00 0 
7fcc45d35000-7fcc45d6e000 r-xp 00000000 08:15 1466951                    /tmp/lwjglnokorot/3.1.1-build-16/libjemalloc.so
7fcc45d6e000-7fcc45f6d000 ---p 00039000 08:15 1466951                    /tmp/lwjglnokorot/3.1.1-build-16/libjemalloc.so
7fcc45f6d000-7fcc45f70000 r--p 00038000 08:15 1466951                    /tmp/lwjglnokorot/3.1.1-build-16/libjemalloc.so
7fcc45f70000-7fcc45f71000 rw-p 0003b000 08:15 1466951                    /tmp/lwjglnokorot/3.1.1-build-16/libjemalloc.so
7fcc45f71000-7fcc45f72000 rw-p 00000000 00:00 0 
7fcc45f72000-7fcc45f75000 ---p 00000000 00:00 0 
7fcc45f75000-7fcc46073000 rw-p 00000000 00:00 0 
7fcc46073000-7fcc460be000 r-xp 00000000 08:15 1466950                    /tmp/lwjglnokorot/3.1.1-build-16/liblwjgl.so
7fcc460be000-7fcc462be000 ---p 0004b000 08:15 1466950                    /tmp/lwjglnokorot/3.1.1-build-16/liblwjgl.so
7fcc462be000-7fcc462bf000 r--p 0004b000 08:15 1466950                    /tmp/lwjglnokorot/3.1.1-build-16/liblwjgl.so
7fcc462bf000-7fcc462c0000 rw-p 0004c000 08:15 1466950                    /tmp/lwjglnokorot/3.1.1-build-16/liblwjgl.so
7fcc462c0000-7fcc462c5000 r-xp 00000000 08:15 12329486                   /usr/lib/x86_64-linux-gnu/libXfixes.so.3.1.0
7fcc462c5000-7fcc464c4000 ---p 00005000 08:15 12329486                   /usr/lib/x86_64-linux-gnu/libXfixes.so.3.1.0
7fcc464c4000-7fcc464c5000 r--p 00004000 08:15 12329486                   /usr/lib/x86_64-linux-gnu/libXfixes.so.3.1.0
7fcc464c5000-7fcc464c6000 rw-p 00005000 08:15 12329486                   /usr/lib/x86_64-linux-gnu/libXfixes.so.3.1.0
7fcc464c6000-7fcc464cf000 r-xp 00000000 08:15 12329478                   /usr/lib/x86_64-linux-gnu/libXcursor.so.1.0.2
7fcc464cf000-7fcc466ce000 ---p 00009000 08:15 12329478                   /usr/lib/x86_64-linux-gnu/libXcursor.so.1.0.2
7fcc466ce000-7fcc466cf000 r--p 00008000 08:15 12329478                   /usr/lib/x86_64-linux-gnu/libXcursor.so.1.0.2
7fcc466cf000-7fcc466d0000 rw-p 00009000 08:15 12329478                   /usr/lib/x86_64-linux-gnu/libXcursor.so.1.0.2
7fcc466d0000-7fcc466d3000 ---p 00000000 00:00 0 
7fcc466d3000-7fcc46ad2000 rw-p 00000000 00:00 0 
7fcc46ad2000-7fcc46ae8000 r-xp 00000000 08:15 12980356                   /usr/lib/jvm/java-8-oracle/jre/lib/amd64/libnet.so
7fcc46ae8000-7fcc46ce8000 ---p 00016000 08:15 12980356                   /usr/lib/jvm/java-8-oracle/jre/lib/amd64/libnet.so
7fcc46ce8000-7fcc46ce9000 rw-p 00016000 08:15 12980356                   /usr/lib/jvm/java-8-oracle/jre/lib/amd64/libnet.so
7fcc46ce9000-7fcc46cfa000 r-xp 00000000 08:15 12980591                   /usr/lib/jvm/java-8-oracle/jre/lib/amd64/libnio.so
7fcc46cfa000-7fcc46ef9000 ---p 00011000 08:15 12980591                   /usr/lib/jvm/java-8-oracle/jre/lib/amd64/libnio.so
7fcc46ef9000-7fcc46efa000 rw-p 00010000 08:15 12980591                   /usr/lib/jvm/java-8-oracle/jre/lib/amd64/libnio.so
7fcc46efa000-7fcc46f10000 r-xp 00000000 08:15 7082441                    /lib/x86_64-linux-gnu/libgcc_s.so.1
7fcc46f10000-7fcc4710f000 ---p 00016000 08:15 7082441                    /lib/x86_64-linux-gnu/libgcc_s.so.1
7fcc4710f000-7fcc47110000 rw-p 00015000 08:15 7082441                    /lib/x86_64-linux-gnu/libgcc_s.so.1
7fcc47110000-7fcc47175000 r-xp 00000000 08:15 12980585                   /usr/lib/jvm/java-8-oracle/jre/lib/amd64/libfontmanager.so
7fcc47175000-7fcc47374000 ---p 00065000 08:15 12980585                   /usr/lib/jvm/java-8-oracle/jre/lib/amd64/libfontmanager.so
7fcc47374000-7fcc47379000 rw-p 00064000 08:15 12980585                   /usr/lib/jvm/java-8-oracle/jre/lib/amd64/libfontmanager.so
7fcc47379000-7fcc47389000 rw-p 00000000 00:00 0 
7fcc47389000-7fcc4738c000 ---p 00000000 00:00 0 
7fcc4738c000-7fcc4748a000 rw-p 00000000 00:00 0 
7fcc4748a000-7fcc4748f000 r-xp 00000000 08:15 12329482                   /usr/lib/x86_64-linux-gnu/libXdmcp.so.6.0.0
7fcc4748f000-7fcc4768e000 ---p 00005000 08:15 12329482                   /usr/lib/x86_64-linux-gnu/libXdmcp.so.6.0.0
7fcc4768e000-7fcc4768f000 r--p 00004000 08:15 12329482                   /usr/lib/x86_64-linux-gnu/libXdmcp.so.6.0.0
7fcc4768f000-7fcc47690000 rw-p 00005000 08:15 12329482                   /usr/lib/x86_64-linux-gnu/libXdmcp.so.6.0.0
7fcc47690000-7fcc47692000 r-xp 00000000 08:15 12329471                   /usr/lib/x86_64-linux-gnu/libXau.so.6.0.0
7fcc47692000-7fcc47892000 ---p 00002000 08:15 12329471                   /usr/lib/x86_64-linux-gnu/libXau.so.6.0.0
7fcc47892000-7fcc47893000 r--p 00002000 08:15 12329471                   /usr/lib/x86_64-linux-gnu/libXau.so.6.0.0
7fcc47893000-7fcc47894000 rw-p 00003000 08:15 12329471                   /usr/lib/x86_64-linux-gnu/libXau.so.6.0.0
7fcc47894000-7fcc478b5000 r-xp 00000000 08:15 12330820                   /usr/lib/x86_64-linux-gnu/libxcb.so.1.1.0
7fcc478b5000-7fcc47ab4000 ---p 00021000 08:15 12330820                   /usr/lib/x86_64-linux-gnu/libxcb.so.1.1.0
7fcc47ab4000-7fcc47ab5000 r--p 00020000 08:15 12330820                   /usr/lib/x86_64-linux-gnu/libxcb.so.1.1.0
7fcc47ab5000-7fcc47ab6000 rw-p 00021000 08:15 12330820                   /usr/lib/x86_64-linux-gnu/libxcb.so.1.1.0
7fcc47ab6000-7fcc47ac5000 r-xp 00000000 08:15 12329492                   /usr/lib/x86_64-linux-gnu/libXi.so.6.1.0
7fcc47ac5000-7fcc47cc4000 ---p 0000f000 08:15 12329492                   /usr/lib/x86_64-linux-gnu/libXi.so.6.1.0
7fcc47cc4000-7fcc47cc5000 r--p 0000e000 08:15 12329492                   /usr/lib/x86_64-linux-gnu/libXi.so.6.1.0
7fcc47cc5000-7fcc47cc6000 rw-p 0000f000 08:15 12329492                   /usr/lib/x86_64-linux-gnu/libXi.so.6.1.0
7fcc47cc6000-7fcc47dfb000 r-xp 00000000 08:15 12329467                   /usr/lib/x86_64-linux-gnu/libX11.so.6.3.0
7fcc47dfb000-7fcc47ffb000 ---p 00135000 08:15 12329467                   /usr/lib/x86_64-linux-gnu/libX11.so.6.3.0
7fcc47ffb000-7fcc47ffc000 r--p 00135000 08:15 12329467                   /usr/lib/x86_64-linux-gnu/libX11.so.6.3.0
7fcc47ffc000-7fcc48000000 rw-p 00136000 08:15 12329467                   /usr/lib/x86_64-linux-gnu/libX11.so.6.3.0
7fcc48000000-7fcc481c2000 rw-p 00000000 00:00 0 
7fcc481c2000-7fcc4c000000 ---p 00000000 00:00 0 
7fcc4c000000-7fcc4c021000 rw-p 00000000 00:00 0 
7fcc4c021000-7fcc50000000 ---p 00000000 00:00 0 
7fcc50000000-7fcc500cb000 rw-p 00000000 00:00 0 
7fcc500cb000-7fcc54000000 ---p 00000000 00:00 0 
7fcc54000000-7fcc540c1000 rw-p 00000000 00:00 0 
7fcc540c1000-7fcc58000000 ---p 00000000 00:00 0 
7fcc58000000-7fcc58021000 rw-p 00000000 00:00 0 
7fcc58021000-7fcc5c000000 ---p 00000000 00:00 0 
7fcc5c000000-7fcc5c021000 rw-p 00000000 00:00 0 
7fcc5c021000-7fcc60000000 ---p 00000000 00:00 0 
7fcc60000000-7fcc60021000 rw-p 00000000 00:00 0 
7fcc60021000-7fcc64000000 ---p 00000000 00:00 0 
7fcc64000000-7fcc64021000 rw-p 00000000 00:00 0 
7fcc64021000-7fcc68000000 ---p 00000000 00:00 0 
7fcc68000000-7fcc68021000 rw-p 00000000 00:00 0 
7fcc68021000-7fcc6c000000 ---p 00000000 00:00 0 
7fcc6c000000-7fcc6c021000 rw-p 00000000 00:00 0 
7fcc6c021000-7fcc70000000 ---p 00000000 00:00 0 
7fcc70000000-7fcc70021000 rw-p 00000000 00:00 0 
7fcc70021000-7fcc74000000 ---p 00000000 00:00 0 
7fcc74000000-7fcc74021000 rw-p 00000000 00:00 0 
7fcc74021000-7fcc78000000 ---p 00000000 00:00 0 
7fcc7806a000-7fcc7806f000 r-xp 00000000 08:15 12329510                   /usr/lib/x86_64-linux-gnu/libXtst.so.6.1.0
7fcc7806f000-7fcc7826e000 ---p 00005000 08:15 12329510                   /usr/lib/x86_64-linux-gnu/libXtst.so.6.1.0
7fcc7826e000-7fcc7826f000 r--p 00004000 08:15 12329510                   /usr/lib/x86_64-linux-gnu/libXtst.so.6.1.0
7fcc7826f000-7fcc78270000 rw-p 00005000 08:15 12329510                   /usr/lib/x86_64-linux-gnu/libXtst.so.6.1.0
7fcc78270000-7fcc7c000000 rw-p 00000000 00:00 0 
7fcc7c000000-7fcc7c021000 rw-p 00000000 00:00 0 
7fcc7c021000-7fcc80000000 ---p 00000000 00:00 0 
7fcc80000000-7fcc80021000 rw-p 00000000 00:00 0 
7fcc80021000-7fcc84000000 ---p 00000000 00:00 0 
7fcc84000000-7fcc84021000 rw-p 00000000 00:00 0 
7fcc84021000-7fcc88000000 ---p 00000000 00:00 0 
7fcc880e5000-7fcc880ee000 r--s 000a6000 08:15 13654825                   /home/nokorot/Workspace/Java/PS/PS 3.0.0/LWJGL3/lwjgl-vulkan.jar
7fcc880ee000-7fcc880f7000 r-xp 00000000 08:15 12329504                   /usr/lib/x86_64-linux-gnu/libXrender.so.1.3.0
7fcc880f7000-7fcc882f6000 ---p 00009000 08:15 12329504                   /usr/lib/x86_64-linux-gnu/libXrender.so.1.3.0
7fcc882f6000-7fcc882f7000 r--p 00008000 08:15 12329504                   /usr/lib/x86_64-linux-gnu/libXrender.so.1.3.0
7fcc882f7000-7fcc882f8000 rw-p 00009000 08:15 12329504                   /usr/lib/x86_64-linux-gnu/libXrender.so.1.3.0
7fcc882f8000-7fcc88309000 r-xp 00000000 08:15 12329484                   /usr/lib/x86_64-linux-gnu/libXext.so.6.4.0
7fcc88309000-7fcc88508000 ---p 00011000 08:15 12329484                   /usr/lib/x86_64-linux-gnu/libXext.so.6.4.0
7fcc88508000-7fcc88509000 r--p 00010000 08:15 12329484                   /usr/lib/x86_64-linux-gnu/libXext.so.6.4.0
7fcc88509000-7fcc8850a000 rw-p 00011000 08:15 12329484                   /usr/lib/x86_64-linux-gnu/libXext.so.6.4.0
7fcc8850a000-7fcc8850b000 rwxp 00000000 00:00 0 
7fcc8850b000-7fcc8850c000 r--s 00004000 08:15 13654818                   /home/nokorot/Workspace/Java/PS/PS 3.0.0/LWJGL3/lwjgl-xxhash.jar
7fcc8850c000-7fcc8850d000 r--s 00001000 08:15 13654817                   /home/nokorot/Workspace/Java/PS/PS 3.0.0/LWJGL3/lwjgl-xxhash-natives-linux.jar
7fcc8850d000-7fcc88512000 r--s 000ac000 08:15 13654824                   /home/nokorot/Workspace/Java/PS/PS 3.0.0/LWJGL3/lwjgl-vulkan-sources.jar
7fcc88512000-7fcc88513000 r--s 00001000 08:15 13654813                   /home/nokorot/Workspace/Java/PS/PS 3.0.0/LWJGL3/lwjgl-tinyfd.jar
7fcc88513000-7fcc88514000 r--s 00007000 08:15 13654815                   /home/nokorot/Workspace/Java/PS/PS 3.0.0/LWJGL3/lwjgl-tinyfd-natives-linux.jar
7fcc88514000-7fcc88517000 r--s 00012000 08:15 13654809                   /home/nokorot/Workspace/Java/PS/PS 3.0.0/LWJGL3/lwjgl-stb.jar
7fcc88517000-7fcc88518000 r--s 0002c000 08:15 13654808                   /home/nokorot/Workspace/Java/PS/PS 3.0.0/LWJGL3/lwjgl-stb-natives-linux.jar
7fcc88518000-7fcc88519000 r--s 00000000 08:15 13654803                   /home/nokorot/Workspace/Java/PS/PS 3.0.0/LWJGL3/lwjgl-sse.jar
7fcc88519000-7fcc8851a000 r--s 00000000 08:15 13654802                   /home/nokorot/Workspace/Java/PS/PS 3.0.0/LWJGL3/lwjgl-sse-natives-linux.jar
7fcc8851a000-7fcc8851c000 r--s 00058000 08:15 13654804                   /home/nokorot/Workspace/Java/PS/PS 3.0.0/LWJGL3/lwjgl-sse-javadoc.jar
7fcc8851c000-7fcc8851e000 r--s 00001000 08:15 13654799                   /home/nokorot/Workspace/Java/PS/PS 3.0.0/LWJGL3/lwjgl-par.jar
7fcc8851e000-7fcc8851f000 r--s 00005000 08:15 13654795                   /home/nokorot/Workspace/Java/PS/PS 3.0.0/LWJGL3/lwjgl-par-natives-linux.jar
7fcc8851f000-7fcc88525000 r--s 00048000 08:15 13654794                   /home/nokorot/Workspace/Java/PS/PS 3.0.0/LWJGL3/lwjgl-opengles.jar
7fcc88525000-7fcc88526000 r--s 00007000 08:15 13654792                   /home/nokorot/Workspace/Java/PS/PS 3.0.0/LWJGL3/lwjgl-opengles-natives-linux.jar
7fcc88526000-7fcc8852f000 r--s 000ba000 08:15 13654797                   /home/nokorot/Workspace/Java/PS/PS 3.0.0/LWJGL3/lwjgl-opengl.jar
7fcc8852f000-7fcc88532000 r--s 00023000 08:15 13654790                   /home/nokorot/Workspace/Java/PS/PS 3.0.0/LWJGL3/lwjgl-opencl.jar
7fcc88532000-7fcc88534000 r--s 00010000 08:15 13654776                   /home/nokorot/Workspace/Java/PS/PS 3.0.0/LWJGL3/lwjgl-openal.jar
7fcc88534000-7fcc88588000 r-xp 00000000 08:15 12980593                   /usr/lib/jvm/java-8-oracle/jre/lib/amd64/libawt_xawt.so
7fcc88588000-7fcc88788000 ---p 00054000 08:15 12980593                   /usr/lib/jvm/java-8-oracle/jre/lib/amd64/libawt_xawt.so
7fcc88788000-7fcc8878c000 rw-p 00054000 08:15 12980593                   /usr/lib/jvm/java-8-oracle/jre/lib/amd64/libawt_xawt.so
7fcc8878c000-7fcc8878d000 rw-p 00000000 00:00 0 
7fcc8878d000-7fcc8882f000 r-xp 00000000 08:15 12980626                   /usr/lib/jvm/java-8-oracle/jre/lib/amd64/libawt.so
7fcc8882f000-7fcc88a2f000 ---p 000a2000 08:15 12980626                   /usr/lib/jvm/java-8-oracle/jre/lib/amd64/libawt.so
7fcc88a2f000-7fcc88a3b000 rw-p 000a2000 08:15 12980626                   /usr/lib/jvm/java-8-oracle/jre/lib/amd64/libawt.so
7fcc88a3b000-7fcc88a5f000 rw-p 00000000 00:00 0 
7fcc88a5f000-7fcc88a60000 ---p 00000000 00:00 0 
7fcc88a60000-7fcc88b60000 rw-p 00000000 00:00 0 
7fcc88b60000-7fcc88b63000 ---p 00000000 00:00 0 
7fcc88b63000-7fcc88c61000 rw-p 00000000 00:00 0 
7fcc88c61000-7fcc88c64000 ---p 00000000 00:00 0 
7fcc88c64000-7fcc88d62000 rw-p 00000000 00:00 0 
7fcc88d62000-7fcc88d65000 ---p 00000000 00:00 0 
7fcc88d65000-7fcc88e63000 rw-p 00000000 00:00 0 
7fcc88e63000-7fcc88e66000 ---p 00000000 00:00 0 
7fcc88e66000-7fcc88f64000 rw-p 00000000 00:00 0 
7fcc88f64000-7fcc88f67000 ---p 00000000 00:00 0 
7fcc88f67000-7fcc89065000 rw-p 00000000 00:00 0 
7fcc89065000-7fcc89068000 ---p 00000000 00:00 0 
7fcc89068000-7fcc89166000 rw-p 00000000 00:00 0 
7fcc89166000-7fcc89169000 ---p 00000000 00:00 0 
7fcc89169000-7fcc89267000 rw-p 00000000 00:00 0 
7fcc89267000-7fcc8926b000 r-xp 00000000 08:15 12980607                   /usr/lib/jvm/java-8-oracle/jre/lib/amd64/libdt_socket.so
7fcc8926b000-7fcc8946a000 ---p 00004000 08:15 12980607                   /usr/lib/jvm/java-8-oracle/jre/lib/amd64/libdt_socket.so
7fcc8946a000-7fcc8946b000 rw-p 00003000 08:15 12980607                   /usr/lib/jvm/java-8-oracle/jre/lib/amd64/libdt_socket.so
7fcc8946b000-7fcc8946e000 ---p 00000000 00:00 0 
7fcc8946e000-7fcc8956c000 rw-p 00000000 00:00 0 
7fcc8956c000-7fcc8956f000 ---p 00000000 00:00 0 
7fcc8956f000-7fcc8966d000 rw-p 00000000 00:00 0 
7fcc8966d000-7fcc89670000 ---p 00000000 00:00 0 
7fcc89670000-7fcc8976e000 rw-p 00000000 00:00 0 
7fcc8976e000-7fcc8976f000 ---p 00000000 00:00 0 
7fcc8976f000-7fcc8a802000 rw-p 00000000 00:00 0 
7fcc8a802000-7fcc8a9da000 r--s 03d2a000 08:15 12855517                   /usr/lib/jvm/java-8-oracle/jre/lib/rt.jar
7fcc8a9da000-7fcc8b210000 rw-p 00000000 00:00 0 
7fcc8b210000-7fcc8b250000 ---p 00000000 00:00 0 
7fcc8b250000-7fcc8b629000 rw-p 00000000 00:00 0 
7fcc8b629000-7fcc8b62a000 ---p 00000000 00:00 0 
7fcc8b62a000-7fcc8b72a000 rw-p 00000000 00:00 0 
7fcc8b72a000-7fcc8b72b000 ---p 00000000 00:00 0 
7fcc8b72b000-7fcc8b82b000 rw-p 00000000 00:00 0 
7fcc8b82b000-7fcc8b82c000 ---p 00000000 00:00 0 
7fcc8b82c000-7fcc8b956000 rw-p 00000000 00:00 0 
7fcc8b956000-7fcc8bbbd000 ---p 00000000 00:00 0 
7fcc8bbbd000-7fcc8bbe7000 rw-p 00000000 00:00 0 
7fcc8bbe7000-7fcc8be4d000 ---p 00000000 00:00 0 
7fcc8be4d000-7fcc8be63000 rw-p 00000000 00:00 0 
7fcc8be63000-7fcc8bf96000 ---p 00000000 00:00 0 
7fcc8bf96000-7fcc8bfa1000 rw-p 00000000 00:00 0 
7fcc8bfa1000-7fcc8c357000 ---p 00000000 00:00 0 
7fcc8c357000-7fcc8c5c7000 rwxp 00000000 00:00 0 
7fcc8c5c7000-7fcc9b357000 ---p 00000000 00:00 0 
7fcc9b357000-7fcc9b371000 r-xp 00000000 08:15 12980589                   /usr/lib/jvm/java-8-oracle/jre/lib/amd64/libzip.so
7fcc9b371000-7fcc9b571000 ---p 0001a000 08:15 12980589                   /usr/lib/jvm/java-8-oracle/jre/lib/amd64/libzip.so
7fcc9b571000-7fcc9b572000 rw-p 0001a000 08:15 12980589                   /usr/lib/jvm/java-8-oracle/jre/lib/amd64/libzip.so
7fcc9b572000-7fcc9b57d000 r-xp 00000000 08:15 7082071                    /lib/x86_64-linux-gnu/libnss_files-2.23.so
7fcc9b57d000-7fcc9b77c000 ---p 0000b000 08:15 7082071                    /lib/x86_64-linux-gnu/libnss_files-2.23.so
7fcc9b77c000-7fcc9b77d000 r--p 0000a000 08:15 7082071                    /lib/x86_64-linux-gnu/libnss_files-2.23.so
7fcc9b77d000-7fcc9b77e000 rw-p 0000b000 08:15 7082071                    /lib/x86_64-linux-gnu/libnss_files-2.23.so
7fcc9b77e000-7fcc9b784000 rw-p 00000000 00:00 0 
7fcc9b784000-7fcc9b78f000 r-xp 00000000 08:15 7082047                    /lib/x86_64-linux-gnu/libnss_nis-2.23.so
7fcc9b78f000-7fcc9b98e000 ---p 0000b000 08:15 7082047                    /lib/x86_64-linux-gnu/libnss_nis-2.23.so
7fcc9b98e000-7fcc9b98f000 r--p 0000a000 08:15 7082047                    /lib/x86_64-linux-gnu/libnss_nis-2.23.so
7fcc9b98f000-7fcc9b990000 rw-p 0000b000 08:15 7082047                    /lib/x86_64-linux-gnu/libnss_nis-2.23.so
7fcc9b990000-7fcc9b9a6000 r-xp 00000000 08:15 7082063                    /lib/x86_64-linux-gnu/libnsl-2.23.so
7fcc9b9a6000-7fcc9bba5000 ---p 00016000 08:15 7082063                    /lib/x86_64-linux-gnu/libnsl-2.23.so
7fcc9bba5000-7fcc9bba6000 r--p 00015000 08:15 7082063                    /lib/x86_64-linux-gnu/libnsl-2.23.so
7fcc9bba6000-7fcc9bba7000 rw-p 00016000 08:15 7082063                    /lib/x86_64-linux-gnu/libnsl-2.23.so
7fcc9bba7000-7fcc9bba9000 rw-p 00000000 00:00 0 
7fcc9bba9000-7fcc9c000000 r--p 00000000 08:15 12322328                   /usr/lib/locale/locale-archive
7fcc9c000000-7fcc9c49f000 rw-p 00000000 00:00 0 
7fcc9c49f000-7fcca0000000 ---p 00000000 00:00 0 
7fcca0000000-7fcca0001000 r--s 00015000 08:15 13654789                   /home/nokorot/Workspace/Java/PS/PS 3.0.0/LWJGL3/lwjgl-opengl-natives-linux.jar
7fcca0001000-7fcca0002000 r--s 0004a000 08:15 13654787                   /home/nokorot/Workspace/Java/PS/PS 3.0.0/LWJGL3/lwjgl-openal-natives-linux.jar
7fcca0002000-7fcca0007000 r--s 00054000 08:15 13654782                   /home/nokorot/Workspace/Java/PS/PS 3.0.0/LWJGL3/lwjgl-nuklear.jar
7fcca0007000-7fcca0008000 r--s 0001f000 08:15 13654772                   /home/nokorot/Workspace/Java/PS/PS 3.0.0/LWJGL3/lwjgl-nuklear-natives-linux.jar
7fcca0008000-7fcca0009000 r--s 00001000 08:15 13654766                   /home/nokorot/Workspace/Java/PS/PS 3.0.0/LWJGL3/lwjgl-nfd.jar
7fcca0009000-7fcca000a000 r--s 00001000 08:15 13654764                   /home/nokorot/Workspace/Java/PS/PS 3.0.0/LWJGL3/lwjgl-nfd-natives-linux.jar
7fcca000a000-7fcca000b000 r--s 00011000 08:15 13654822                   /home/nokorot/Workspace/Java/PS/PS 3.0.0/LWJGL3/lwjgl-natives-linux.jar
7fcca000b000-7fcca000d000 r--s 00008000 08:15 13654756                   /home/nokorot/Workspace/Java/PS/PS 3.0.0/LWJGL3/lwjgl-nanovg.jar
7fcca000d000-7fcca005c000 rw-p 00000000 00:00 0 
7fcca005c000-7fcca005d000 ---p 00000000 00:00 0 
7fcca005d000-7fcca015d000 rw-p 00000000 00:00 0 
7fcca015d000-7fcca0165000 r-xp 00000000 08:15 7082065                    /lib/x86_64-linux-gnu/libnss_compat-2.23.so
7fcca0165000-7fcca0364000 ---p 00008000 08:15 7082065                    /lib/x86_64-linux-gnu/libnss_compat-2.23.so
7fcca0364000-7fcca0365000 r--p 00007000 08:15 7082065                    /lib/x86_64-linux-gnu/libnss_compat-2.23.so
7fcca0365000-7fcca0366000 rw-p 00008000 08:15 7082065                    /lib/x86_64-linux-gnu/libnss_compat-2.23.so
7fcca0366000-7fcca0368000 r-xp 00000000 08:15 12980597                   /usr/lib/jvm/java-8-oracle/jre/lib/amd64/libnpt.so
7fcca0368000-7fcca0568000 ---p 00002000 08:15 12980597                   /usr/lib/jvm/java-8-oracle/jre/lib/amd64/libnpt.so
7fcca0568000-7fcca0569000 rw-p 00002000 08:15 12980597                   /usr/lib/jvm/java-8-oracle/jre/lib/amd64/libnpt.so
7fcca0569000-7fcca05a2000 r-xp 00000000 08:15 12980352                   /usr/lib/jvm/java-8-oracle/jre/lib/amd64/libjdwp.so
7fcca05a2000-7fcca07a1000 ---p 00039000 08:15 12980352                   /usr/lib/jvm/java-8-oracle/jre/lib/amd64/libjdwp.so
7fcca07a1000-7fcca07a3000 rw-p 00038000 08:15 12980352                   /usr/lib/jvm/java-8-oracle/jre/lib/amd64/libjdwp.so
7fcca07a3000-7fcca07ce000 r-xp 00000000 08:15 12980616                   /usr/lib/jvm/java-8-oracle/jre/lib/amd64/libjava.so
7fcca07ce000-7fcca09cd000 ---p 0002b000 08:15 12980616                   /usr/lib/jvm/java-8-oracle/jre/lib/amd64/libjava.so
7fcca09cd000-7fcca09cf000 rw-p 0002a000 08:15 12980616                   /usr/lib/jvm/java-8-oracle/jre/lib/amd64/libjava.so
7fcca09cf000-7fcca09dc000 r-xp 00000000 08:15 12980358                   /usr/lib/jvm/java-8-oracle/jre/lib/amd64/libverify.so
7fcca09dc000-7fcca0bdb000 ---p 0000d000 08:15 12980358                   /usr/lib/jvm/java-8-oracle/jre/lib/amd64/libverify.so
7fcca0bdb000-7fcca0bdd000 rw-p 0000c000 08:15 12980358                   /usr/lib/jvm/java-8-oracle/jre/lib/amd64/libverify.so
7fcca0bdd000-7fcca0be4000 r-xp 00000000 08:15 7082046                    /lib/x86_64-linux-gnu/librt-2.23.so
7fcca0be4000-7fcca0de3000 ---p 00007000 08:15 7082046                    /lib/x86_64-linux-gnu/librt-2.23.so
7fcca0de3000-7fcca0de4000 r--p 00006000 08:15 7082046                    /lib/x86_64-linux-gnu/librt-2.23.so
7fcca0de4000-7fcca0de5000 rw-p 00007000 08:15 7082046                    /lib/x86_64-linux-gnu/librt-2.23.so
7fcca0de5000-7fcca0eed000 r-xp 00000000 08:15 7082058                    /lib/x86_64-linux-gnu/libm-2.23.so
7fcca0eed000-7fcca10ec000 ---p 00108000 08:15 7082058                    /lib/x86_64-linux-gnu/libm-2.23.so
7fcca10ec000-7fcca10ed000 r--p 00107000 08:15 7082058                    /lib/x86_64-linux-gnu/libm-2.23.so
7fcca10ed000-7fcca10ee000 rw-p 00108000 08:15 7082058                    /lib/x86_64-linux-gnu/libm-2.23.so
7fcca10ee000-7fcca1dbb000 r-xp 00000000 08:15 12980620                   /usr/lib/jvm/java-8-oracle/jre/lib/amd64/server/libjvm.so
7fcca1dbb000-7fcca1fba000 ---p 00ccd000 08:15 12980620                   /usr/lib/jvm/java-8-oracle/jre/lib/amd64/server/libjvm.so
7fcca1fba000-7fcca2093000 rw-p 00ccc000 08:15 12980620                   /usr/lib/jvm/java-8-oracle/jre/lib/amd64/server/libjvm.so
7fcca2093000-7fcca20de000 rw-p 00000000 00:00 0 
7fcca20de000-7fcca229d000 r-xp 00000000 08:15 7082051                    /lib/x86_64-linux-gnu/libc-2.23.so
7fcca229d000-7fcca249d000 ---p 001bf000 08:15 7082051                    /lib/x86_64-linux-gnu/libc-2.23.so
7fcca249d000-7fcca24a1000 r--p 001bf000 08:15 7082051                    /lib/x86_64-linux-gnu/libc-2.23.so
7fcca24a1000-7fcca24a3000 rw-p 001c3000 08:15 7082051                    /lib/x86_64-linux-gnu/libc-2.23.so
7fcca24a3000-7fcca24a7000 rw-p 00000000 00:00 0 
7fcca24a7000-7fcca24aa000 r-xp 00000000 08:15 7082050                    /lib/x86_64-linux-gnu/libdl-2.23.so
7fcca24aa000-7fcca26a9000 ---p 00003000 08:15 7082050                    /lib/x86_64-linux-gnu/libdl-2.23.so
7fcca26a9000-7fcca26aa000 r--p 00002000 08:15 7082050                    /lib/x86_64-linux-gnu/libdl-2.23.so
7fcca26aa000-7fcca26ab000 rw-p 00003000 08:15 7082050                    /lib/x86_64-linux-gnu/libdl-2.23.so
7fcca26ab000-7fcca26c0000 r-xp 00000000 08:15 12585246                   /usr/lib/jvm/java-8-oracle/lib/amd64/jli/libjli.so
7fcca26c0000-7fcca28c0000 ---p 00015000 08:15 12585246                   /usr/lib/jvm/java-8-oracle/lib/amd64/jli/libjli.so
7fcca28c0000-7fcca28c1000 rw-p 00015000 08:15 12585246                   /usr/lib/jvm/java-8-oracle/lib/amd64/jli/libjli.so
7fcca28c1000-7fcca28d9000 r-xp 00000000 08:15 7082059                    /lib/x86_64-linux-gnu/libpthread-2.23.so
7fcca28d9000-7fcca2ad8000 ---p 00018000 08:15 7082059                    /lib/x86_64-linux-gnu/libpthread-2.23.so
7fcca2ad8000-7fcca2ad9000 r--p 00017000 08:15 7082059                    /lib/x86_64-linux-gnu/libpthread-2.23.so
7fcca2ad9000-7fcca2ada000 rw-p 00018000 08:15 7082059                    /lib/x86_64-linux-gnu/libpthread-2.23.so
7fcca2ada000-7fcca2ade000 rw-p 00000000 00:00 0 
7fcca2ade000-7fcca2b04000 r-xp 00000000 08:15 7082039                    /lib/x86_64-linux-gnu/ld-2.23.so
7fcca2b04000-7fcca2b05000 r--s 0001f000 08:15 13654762                   /home/nokorot/Workspace/Java/PS/PS 3.0.0/LWJGL3/lwjgl-nanovg-natives-linux.jar
7fcca2b05000-7fcca2b07000 r--s 00005000 08:15 13654746                   /home/nokorot/Workspace/Java/PS/PS 3.0.0/LWJGL3/lwjgl-lmdb.jar
7fcca2b07000-7fcca2bd2000 rw-p 00000000 00:00 0 
7fcca2bd2000-7fcca2bd5000 ---p 00000000 00:00 0 
7fcca2bd5000-7fcca2cd7000 rw-p 00000000 00:00 0 
7fcca2cd7000-7fcca2cd8000 r--s 0000d000 08:15 13654750                   /home/nokorot/Workspace/Java/PS/PS 3.0.0/LWJGL3/lwjgl-lmdb-natives-linux.jar
7fcca2cd8000-7fcca2cda000 r--s 00007000 08:15 13654736                   /home/nokorot/Workspace/Java/PS/PS 3.0.0/LWJGL3/lwjgl-jemalloc.jar
7fcca2cda000-7fcca2cdb000 r--s 00019000 08:15 13654734                   /home/nokorot/Workspace/Java/PS/PS 3.0.0/LWJGL3/lwjgl-jemalloc-natives-linux.jar
7fcca2cdb000-7fcca2cdc000 r--s 00005000 08:15 13654724                   /home/nokorot/Workspace/Java/PS/PS 3.0.0/LWJGL3/lwjgl-jawt.jar
7fcca2cdc000-7fcca2cde000 r--s 00066000 08:15 13654732                   /home/nokorot/Workspace/Java/PS/PS 3.0.0/LWJGL3/lwjgl-jawt-javadoc.jar
7fcca2cde000-7fcca2ce1000 r--s 00015000 08:15 13654722                   /home/nokorot/Workspace/Java/PS/PS 3.0.0/LWJGL3/lwjgl-glfw.jar
7fcca2ce1000-7fcca2ce2000 r--s 0000e000 08:15 13654716                   /home/nokorot/Workspace/Java/PS/PS 3.0.0/LWJGL3/lwjgl-glfw-natives-linux.jar
7fcca2ce2000-7fcca2ce6000 r--s 0001b000 08:15 13654708                   /home/nokorot/Workspace/Java/PS/PS 3.0.0/LWJGL3/lwjgl-egl.jar
7fcca2ce6000-7fcca2cea000 r--s 0001e000 08:15 13654712                   /home/nokorot/Workspace/Java/PS/PS 3.0.0/LWJGL3/lwjgl-egl-sources.jar
7fcca2cea000-7fcca2ced000 r--s 0001f000 08:15 13654702                   /home/nokorot/Workspace/Java/PS/PS 3.0.0/LWJGL3/lwjgl-bgfx.jar
7fcca2ced000-7fcca2cee000 r--s 00042000 08:15 13654704                   /home/nokorot/Workspace/Java/PS/PS 3.0.0/LWJGL3/lwjgl-bgfx-natives-linux.jar
7fcca2cee000-7fcca2cf2000 r--s 0002a000 08:15 13654692                   /home/nokorot/Workspace/Java/PS/PS 3.0.0/LWJGL3/lwjgl-assimp.jar
7fcca2cf2000-7fcca2cf3000 r--s 002ae000 08:15 13654740                   /home/nokorot/Workspace/Java/PS/PS 3.0.0/LWJGL3/lwjgl-assimp-natives-linux.jar
7fcca2cf3000-7fcca2cf7000 r--s 0003d000 08:15 13654827                   /home/nokorot/Workspace/Java/PS/PS 3.0.0/LWJGL3/lwjgl.jar
7fcca2cf7000-7fcca2cff000 rw-s 00000000 08:15 1325745                    /tmp/hsperfdata_nokorot/8210
7fcca2cff000-7fcca2d00000 rw-p 00000000 00:00 0 
7fcca2d00000-7fcca2d01000 r--p 00000000 00:00 0 
7fcca2d01000-7fcca2d03000 rw-p 00000000 00:00 0 
7fcca2d03000-7fcca2d04000 r--p 00025000 08:15 7082039                    /lib/x86_64-linux-gnu/ld-2.23.so
7fcca2d04000-7fcca2d05000 rw-p 00026000 08:15 7082039                    /lib/x86_64-linux-gnu/ld-2.23.so
7fcca2d05000-7fcca2d06000 rw-p 00000000 00:00 0 
7ffee3c21000-7ffee3c43000 rw-p 00000000 00:00 0                          [stack]
7ffee3dac000-7ffee3dae000 r--p 00000000 00:00 0                          [vvar]
7ffee3dae000-7ffee3db0000 r-xp 00000000 00:00 0                          [vdso]
ffffffffff600000-ffffffffff601000 r-xp 00000000 00:00 0                  [vsyscall]

VM Arguments:
jvm_args: -agentlib:jdwp=transport=dt_socket,suspend=y,address=localhost:32869 -Djava.library.path=/home/noko/workspace/Java/Test/Test/LWJGL3 -Dfile.encoding=UTF-8 
java_command: engineTest.Main
java_class_path (initial): /home/nokorot/Workspace/Java/PS/PS 3.0.0/bin:/home/nokorot/Workspace/Java/PS/PS 3.0.0/LWJGL3/lwjgl.jar:/home/nokorot/Workspace/Java/PS/PS 3.0.0/LWJGL3/lwjgl-assimp-natives-linux.jar:/home/nokorot/Workspace/Java/PS/PS 3.0.0/LWJGL3/lwjgl-assimp.jar:/home/nokorot/Workspace/Java/PS/PS 3.0.0/LWJGL3/lwjgl-bgfx-natives-linux.jar:/home/nokorot/Workspace/Java/PS/PS 3.0.0/LWJGL3/lwjgl-bgfx.jar:/home/nokorot/Workspace/Java/PS/PS 3.0.0/LWJGL3/lwjgl-egl-sources.jar:/home/nokorot/Workspace/Java/PS/PS 3.0.0/LWJGL3/lwjgl-egl.jar:/home/nokorot/Workspace/Java/PS/PS 3.0.0/LWJGL3/lwjgl-glfw-natives-linux.jar:/home/nokorot/Workspace/Java/PS/PS 3.0.0/LWJGL3/lwjgl-glfw.jar:/home/nokorot/Workspace/Java/PS/PS 3.0.0/LWJGL3/lwjgl-jawt-javadoc.jar:/home/nokorot/Workspace/Java/PS/PS 3.0.0/LWJGL3/lwjgl-jawt.jar:/home/nokorot/Workspace/Java/PS/PS 3.0.0/LWJGL3/lwjgl-jemalloc-natives-linux.jar:/home/nokorot/Workspace/Java/PS/PS 3.0.0/LWJGL3/lwjgl-jemalloc.jar:/home/nokorot/Workspace/Java/PS/PS 3.0.0/LWJGL3/lwjgl-lmdb-natives-linux.jar:/home/nokorot/Workspace/Java/PS/PS 3.0.0/LWJGL3/lwjgl-lmdb.jar:/home/nokorot/Workspace/Java/PS/PS 3.0.0/LWJGL3/lwjgl-nanovg-natives-linux.jar:/home/nokorot/Workspace/Java/PS/PS 3.0.0/LWJGL3/lwjgl-nanovg.jar:/home/nokorot/Workspace/Java/PS/PS 3.0.0/LWJGL3/lwjgl-natives-linux.jar:/home/nokorot/Workspace/Java/PS/PS 3.0.0/LWJGL3/lwjgl-nfd-natives-linux.jar:/home/nokorot/Workspace/Java/PS/PS 3.0.0/LWJGL3/lwjgl-nfd.jar:/home/nokorot/Workspace/Java/PS/PS 3.0.0/LWJGL3/lwjgl-nuklear-natives-linux.jar:/home/nokorot/Workspace/Java/PS/PS 3.0.0/LWJGL3/lwjgl-nuklear.jar:/home/nokorot/Workspace/Java/PS/PS 3.0.0/LWJGL3/lwjgl-openal-natives-linux.jar:/home/nokorot/Workspace/Java/PS/PS 3.0.0/LWJGL3/lwjgl-openal.jar:/home/nokorot/Workspace/Java/PS/PS 3.0.0/LWJGL3/lwjgl-opencl.jar:/home/nokorot/Workspace/Java/PS/PS 3.0.0/LWJGL3/lwjgl-opengl-natives-linux.jar:/home/nokorot/Workspace/Java/PS/PS 3.0.0/LWJGL3/lwjgl-opengl.jar:/home/nokorot/Workspace/Java/PS/PS 3.
Launcher Type: SUN_STANDARD

Environment Variables:
JAVA_HOME=/usr/lib/jvm/java-8-oracle
PATH=/home/nokorot/.cabal/bin:/opt/cabal/1.22/bin:/opt/ghc/7.10.3/bin:/home/nokorot/.bin:/home/nokorot/bin:/home/nokorot/.local/bin:/usr/local/sbin:/usr/local/bin:/usr/sbin:/usr/bin:/sbin:/bin:/usr/games:/usr/local/games:/snap/bin:/usr/lib/jvm/java-8-oracle/bin:/usr/lib/jvm/java-8-oracle/db/bin:/usr/lib/jvm/java-8-oracle/jre/bin
USERNAME=nokorot
SHELL=/bin/bash
DISPLAY=:1

Signal Handlers:
SIGSEGV: [libjvm.so+0xac64b0], sa_mask[0]=11111111011111111101111111111110, sa_flags=SA_RESTART|SA_SIGINFO
SIGBUS: [libjvm.so+0xac64b0], sa_mask[0]=11111111011111111101111111111110, sa_flags=SA_RESTART|SA_SIGINFO
SIGFPE: [libjvm.so+0x91f950], sa_mask[0]=11111111011111111101111111111110, sa_flags=SA_RESTART|SA_SIGINFO
SIGPIPE: [libjvm.so+0x91f950], sa_mask[0]=11111111011111111101111111111110, sa_flags=SA_RESTART|SA_SIGINFO
SIGXFSZ: [libjvm.so+0x91f950], sa_mask[0]=11111111011111111101111111111110, sa_flags=SA_RESTART|SA_SIGINFO
SIGILL: [libjvm.so+0x91f950], sa_mask[0]=11111111011111111101111111111110, sa_flags=SA_RESTART|SA_SIGINFO
SIGUSR1: SIG_DFL, sa_mask[0]=00000000000000000000000000000000, sa_flags=none
SIGUSR2: [libjvm.so+0x920f80], sa_mask[0]=00100000000000000000000000000000, sa_flags=SA_RESTART|SA_SIGINFO
SIGHUP: [libjvm.so+0x922380], sa_mask[0]=11111111011111111101111111111110, sa_flags=SA_RESTART|SA_SIGINFO
SIGINT: [libjvm.so+0x922380], sa_mask[0]=11111111011111111101111111111110, sa_flags=SA_RESTART|SA_SIGINFO
SIGTERM: [libjvm.so+0x922380], sa_mask[0]=11111111011111111101111111111110, sa_flags=SA_RESTART|SA_SIGINFO
SIGQUIT: [libjvm.so+0x922380], sa_mask[0]=11111111011111111101111111111110, sa_flags=SA_RESTART|SA_SIGINFO


---------------  S Y S T E M  ---------------

OS:DISTRIB_ID=Ubuntu
DISTRIB_RELEASE=16.04
DISTRIB_CODENAME=xenial
DISTRIB_DESCRIPTION="Ubuntu 16.04.1 LTS"

uname:Linux 4.4.0-59-generic #80-Ubuntu SMP Fri Jan 6 17:47:47 UTC 2017 x86_64
libc:glibc 2.23 NPTL 2.23 
rlimit: STACK 8192k, CORE 0k, NPROC 31349, NOFILE 65536, AS infinity
load average:0,61 0,61 0,67

/proc/meminfo:
MemTotal:        8065832 kB
MemFree:          956384 kB
MemAvailable:    2159792 kB
Buffers:           98836 kB
Cached:          2038548 kB
SwapCached:         5056 kB
Active:          5039052 kB
Inactive:        1724628 kB
Active(anon):    4319972 kB
Inactive(anon):  1087564 kB
Active(file):     719080 kB
Inactive(file):   637064 kB
Unevictable:         496 kB
Mlocked:             496 kB
SwapTotal:       1951740 kB
SwapFree:        1844020 kB
Dirty:                96 kB
Writeback:             0 kB
AnonPages:       4621744 kB
Mapped:           752500 kB
Shmem:            781240 kB
Slab:             185756 kB
SReclaimable:     135380 kB
SUnreclaim:        50376 kB
KernelStack:       14144 kB
PageTables:        67664 kB
NFS_Unstable:          0 kB
Bounce:                0 kB
WritebackTmp:          0 kB
CommitLimit:     5984656 kB
Committed_AS:   11429232 kB
VmallocTotal:   34359738367 kB
VmallocUsed:           0 kB
VmallocChunk:          0 kB
HardwareCorrupted:     0 kB
AnonHugePages:   2670592 kB
CmaTotal:              0 kB
CmaFree:               0 kB
HugePages_Total:       0
HugePages_Free:        0
HugePages_Rsvd:        0
HugePages_Surp:        0
Hugepagesize:       2048 kB
DirectMap4k:      255272 kB
DirectMap2M:     8024064 kB


CPU:total 4 (2 cores per cpu, 2 threads per core) family 6 model 58 stepping 9, cmov, cx8, fxsr, mmx, sse, sse2, sse3, ssse3, sse4.1, sse4.2, popcnt, avx, aes, clmul, erms, ht, tsc, tscinvbit, tscinv

/proc/cpuinfo:
processor	: 0
vendor_id	: GenuineIntel
cpu family	: 6
model		: 58
model name	: Intel(R) Core(TM) i5-3210M CPU @ 2.50GHz
stepping	: 9
microcode	: 0x15
cpu MHz		: 2900.000
cache size	: 3072 KB
physical id	: 0
siblings	: 4
core id		: 0
cpu cores	: 2
apicid		: 0
initial apicid	: 0
fpu		: yes
fpu_exception	: yes
cpuid level	: 13
wp		: yes
flags		: fpu vme de pse tsc msr pae mce cx8 apic sep mtrr pge mca cmov pat pse36 clflush dts acpi mmx fxsr sse sse2 ss ht tm pbe syscall nx rdtscp lm constant_tsc arch_perfmon pebs bts rep_good nopl xtopology nonstop_tsc aperfmperf eagerfpu pni pclmulqdq dtes64 monitor ds_cpl vmx est tm2 ssse3 cx16 xtpr pdcm pcid sse4_1 sse4_2 x2apic popcnt tsc_deadline_timer aes xsave avx f16c rdrand lahf_lm epb tpr_shadow vnmi flexpriority ept vpid fsgsbase smep erms xsaveopt dtherm ida arat pln pts
bugs		:
bogomips	: 4989.04
clflush size	: 64
cache_alignment	: 64
address sizes	: 36 bits physical, 48 bits virtual
power management:

processor	: 1
vendor_id	: GenuineIntel
cpu family	: 6
model		: 58
model name	: Intel(R) Core(TM) i5-3210M CPU @ 2.50GHz
stepping	: 9
microcode	: 0x15
cpu MHz		: 2899.902
cache size	: 3072 KB
physical id	: 0
siblings	: 4
core id		: 1
cpu cores	: 2
apicid		: 2
initial apicid	: 2
fpu		: yes
fpu_exception	: yes
cpuid level	: 13
wp		: yes
flags		: fpu vme de pse tsc msr pae mce cx8 apic sep mtrr pge mca cmov pat pse36 clflush dts acpi mmx fxsr sse sse2 ss ht tm pbe syscall nx rdtscp lm constant_tsc arch_perfmon pebs bts rep_good nopl xtopology nonstop_tsc aperfmperf eagerfpu pni pclmulqdq dtes64 monitor ds_cpl vmx est tm2 ssse3 cx16 xtpr pdcm pcid sse4_1 sse4_2 x2apic popcnt tsc_deadline_timer aes xsave avx f16c rdrand lahf_lm epb tpr_shadow vnmi flexpriority ept vpid fsgsbase smep erms xsaveopt dtherm ida arat pln pts
bugs		:
bogomips	: 4989.04
clflush size	: 64
cache_alignment	: 64
address sizes	: 36 bits physical, 48 bits virtual
power management:

processor	: 2
vendor_id	: GenuineIntel
cpu family	: 6
model		: 58
model name	: Intel(R) Core(TM) i5-3210M CPU @ 2.50GHz
stepping	: 9
microcode	: 0x15
cpu MHz		: 2899.902
cache size	: 3072 KB
physical id	: 0
siblings	: 4
core id		: 0
cpu cores	: 2
apicid		: 1
initial apicid	: 1
fpu		: yes
fpu_exception	: yes
cpuid level	: 13
wp		: yes
flags		: fpu vme de pse tsc msr pae mce cx8 apic sep mtrr pge mca cmov pat pse36 clflush dts acpi mmx fxsr sse sse2 ss ht tm pbe syscall nx rdtscp lm constant_tsc arch_perfmon pebs bts rep_good nopl xtopology nonstop_tsc aperfmperf eagerfpu pni pclmulqdq dtes64 monitor ds_cpl vmx est tm2 ssse3 cx16 xtpr pdcm pcid sse4_1 sse4_2 x2apic popcnt tsc_deadline_timer aes xsave avx f16c rdrand lahf_lm epb tpr_shadow vnmi flexpriority ept vpid fsgsbase smep erms xsaveopt dtherm ida arat pln pts
bugs		:
bogomips	: 4989.04
clflush size	: 64
cache_alignment	: 64
address sizes	: 36 bits physical, 48 bits virtual
power management:

processor	: 3
vendor_id	: GenuineIntel
cpu family	: 6
model		: 58
model name	: Intel(R) Core(TM) i5-3210M CPU @ 2.50GHz
stepping	: 9
microcode	: 0x15
cpu MHz		: 2900.000
cache size	: 3072 KB
physical id	: 0
siblings	: 4
core id		: 1
cpu cores	: 2
apicid		: 3
initial apicid	: 3
fpu		: yes
fpu_exception	: yes
cpuid level	: 13
wp		: yes
flags		: fpu vme de pse tsc msr pae mce cx8 apic sep mtrr pge mca cmov pat pse36 clflush dts acpi mmx fxsr sse sse2 ss ht tm pbe syscall nx rdtscp lm constant_tsc arch_perfmon pebs bts rep_good nopl xtopology nonstop_tsc aperfmperf eagerfpu pni pclmulqdq dtes64 monitor ds_cpl vmx est tm2 ssse3 cx16 xtpr pdcm pcid sse4_1 sse4_2 x2apic popcnt tsc_deadline_timer aes xsave avx f16c rdrand lahf_lm epb tpr_shadow vnmi flexpriority ept vpid fsgsbase smep erms xsaveopt dtherm ida arat pln pts
bugs		:
bogomips	: 4989.04
clflush size	: 64
cache_alignment	: 64
address sizes	: 36 bits physical, 48 bits virtual
power management:



Memory: 4k page, physical 8065832k(956384k free), swap 1951740k(1844020k free)

vm_info: Java HotSpot(TM) 64-Bit Server VM (25.111-b14) for linux-amd64 JRE (1.8.0_111-b14), built on Sep 22 2016 16:14:03 by "java_re" with gcc 4.3.0 20080428 (Red Hat 4.3.0-8)

time: Sun Feb  5 02:56:12 2017
elapsed time: 0 seconds (0d 0h 0m 0s)

