#
# A fatal error has been detected by the Java Runtime Environment:
#
#  SIGSEGV (0xb) at pc=0x00007efe5ac44d44, pid=546, tid=0x00007efe5b04c700
#
# JRE version: Java(TM) SE Runtime Environment (8.0_111-b14) (build 1.8.0_111-b14)
# Java VM: Java HotSpot(TM) 64-Bit Server VM (25.111-b14 mixed mode linux-amd64 compressed oops)
# Problematic frame:
# C  [libpthread.so.0+0x9d44]  pthread_mutex_lock+0x4
#
# Failed to write core dump. Core dumps have been disabled. To enable core dumping, try "ulimit -c unlimited" before starting Java again
#
# If you would like to submit a bug report, please visit:
#   http://bugreport.java.com/bugreport/crash.jsp
# The crash happened outside the Java Virtual Machine in native code.
# See problematic frame for where to report the bug.
#

---------------  T H R E A D  ---------------

Current thread (0x00007efe5400b000):  JavaThread "main" [_thread_in_native, id=553, stack(0x00007efe5af4c000,0x00007efe5b04d000)]

siginfo: si_signo: 11 (SIGSEGV), si_code: 1 (SEGV_MAPERR), si_addr: 0x0000000000000010

Registers:
RAX=0x00007efe34c95370, RBX=0x00007efe54323f40, RCX=0x0000000000000192, RDX=0x00007efe5b04aca0
RSP=0x00007efe5b04ac10, RBP=0x00007efe5b04ac80, RSI=0x00007efe5b04ac90, RDI=0x0000000000000000
R8 =0x00007efe5b04ac80, R9 =0x00007efe5431fca2, R10=0x00007efe34d1a447, R11=0x0000000000000065
R12=0x00007efe5b04ac7c, R13=0x00007efe5b04adb8, R14=0x00007efe5b04adb0, R15=0x00007efe5400b1f8
RIP=0x00007efe5ac44d44, EFLAGS=0x0000000000010202, CSGSFS=0x0000000000000033, ERR=0x0000000000000004
  TRAPNO=0x000000000000000e

Top of Stack: (sp=0x00007efe5b04ac10)
0x00007efe5b04ac10:   0000000000000193 00007efe34cafbfa
0x00007efe5b04ac20:   00007efe5b04ac90 00007efe5b04aca0
0x00007efe5b04ac30:   0000000000000000 00007efe542c8ed0
0x00007efe5b04ac40:   00007efe54335060 801e5ee45f4c9800
0x00007efe5b04ac50:   00007efe542c8ed0 00007efe54335060
0x00007efe5b04ac60:   00007efe543373e0 00007efe34c8bf86
0x00007efe5b04ac70:   00007efe5400b1f8 00007efe5407a708
0x00007efe5b04ac80:   00007efe543373e0 696c4369746c756d
0x00007efe5b04ac90:   0000019300000192 00007efe00000000
0x00007efe5b04aca0:   0000015500000154 00007efe00000000
0x00007efe5b04acb0:   0000000000000004 801e5ee45f4c9800
0x00007efe5b04acc0:   00007efe543373e0 00007efe5b04ad20
0x00007efe5b04acd0:   00007efe54335060 00007efe351e5981
0x00007efe5b04ace0:   00007efe5400b000 00007efe542c8ed0
0x00007efe5b04acf0:   00007efe5b04ad30 00007efe37874828
0x00007efe5b04ad00:   0000000000000000 00007efe37874828
0x00007efe5b04ad10:   00007efe5b04adc8 00007efe5400b000
0x00007efe5b04ad20:   00007efe5b04ad90 00007efe45017a34
0x00007efe5b04ad30:   00007efe5b04ad90 00007efe450177b9
0x00007efe5b04ad40:   00007efe5400b000 00007efe45017782
0x00007efe5b04ad50:   00007efe5b04ad50 00007efe37874828
0x00007efe5b04ad60:   00007efe5b04adc8 00007efe37877f58
0x00007efe5b04ad70:   0000000000000000 00007efe37874828
0x00007efe5b04ad80:   0000000000000000 00007efe5b04adb0
0x00007efe5b04ad90:   00007efe5b04ae10 00007efe45008040
0x00007efe5b04ada0:   00000000d7327a60 00007efe4501153b
0x00007efe5b04adb0:   00000000d74f4a98 00000000d6ff7c98
0x00007efe5b04adc0:   00007efe542c8ed0 00007efe45007dd0
0x00007efe5b04add0:   00007efe5b04add0 00007efe37a1b77c
0x00007efe5b04ade0:   00007efe5b04ae28 00007efe37a218b0
0x00007efe5b04adf0:   0000000000000000 00007efe37a1b820
0x00007efe5b04ae00:   00007efe5b04adb0 00007efe5b04ae30 

Instructions: (pc=0x00007efe5ac44d44)
0x00007efe5ac44d24:   f0 02 00 00 00 00 00 00 b8 82 00 00 00 e9 d8 f9
0x00007efe5ac44d34:   ff ff 66 2e 0f 1f 84 00 00 00 00 00 48 83 ec 08
0x00007efe5ac44d44:   8b 57 10 89 d1 81 e1 7f 01 00 00 90 89 d0 83 e0
0x00007efe5ac44d54:   7c 0f 85 95 00 00 00 85 c9 49 89 f8 0f 85 9a 00 

Register to memory mapping:

RAX=0x00007efe34c95370: <offset 0x2b370> in /usr/lib/x86_64-linux-gnu/libX11.so.6 at 0x00007efe34c6a000
RBX=0x00007efe54323f40 is an unknown value
RCX=0x0000000000000192 is an unknown value
RDX=0x00007efe5b04aca0 is pointing into the stack for thread: 0x00007efe5400b000
RSP=0x00007efe5b04ac10 is pointing into the stack for thread: 0x00007efe5400b000
RBP=0x00007efe5b04ac80 is pointing into the stack for thread: 0x00007efe5400b000
RSI=0x00007efe5b04ac90 is pointing into the stack for thread: 0x00007efe5400b000
RDI=0x0000000000000000 is an unknown value
R8 =0x00007efe5b04ac80 is pointing into the stack for thread: 0x00007efe5400b000
R9 =0x00007efe5431fca2 is an unknown value
R10=0x00007efe34d1a447: <offset 0xb0447> in /usr/lib/x86_64-linux-gnu/libX11.so.6 at 0x00007efe34c6a000
R11=0x0000000000000065 is an unknown value
R12=0x00007efe5b04ac7c is pointing into the stack for thread: 0x00007efe5400b000
R13=0x00007efe5b04adb8 is pointing into the stack for thread: 0x00007efe5400b000
R14=0x00007efe5b04adb0 is pointing into the stack for thread: 0x00007efe5400b000
R15=0x00007efe5400b1f8 is an unknown value


Stack: [0x00007efe5af4c000,0x00007efe5b04d000],  sp=0x00007efe5b04ac10,  free space=1019k
Native frames: (J=compiled Java code, j=interpreted, Vv=VM code, C=native code)
C  [libpthread.so.0+0x9d44]  pthread_mutex_lock+0x4
C  0x696c4369746c756d

Java frames: (J=compiled Java code, j=interpreted, Vv=VM code)
j  sun.awt.X11.XlibWrapper.XGetDefault(JLjava/lang/String;Ljava/lang/String;)Ljava/lang/String;+0
j  sun.awt.X11.XToolkit.initializeMultiClickTime()V+12
j  sun.awt.X11.XToolkit.getMultiClickTime()I+6
j  sun.awt.X11.XToolkit.initializeDesktopProperties()V+82
j  java.awt.Toolkit.getDesktopProperty(Ljava/lang/String;)Ljava/lang/Object;+32
j  sun.swing.SwingUtilities2$AATextInfo.getAATextInfo(Z)Lsun/swing/SwingUtilities2$AATextInfo;+11
j  javax.swing.plaf.metal.MetalLookAndFeel.initComponentDefaults(Ljavax/swing/UIDefaults;)V+12062
j  javax.swing.plaf.basic.BasicLookAndFeel.getDefaults()Ljavax/swing/UIDefaults;+25
j  javax.swing.plaf.metal.MetalLookAndFeel.getDefaults()Ljavax/swing/UIDefaults;+9
j  javax.swing.UIManager.setLookAndFeel(Ljavax/swing/LookAndFeel;)V+79
j  javax.swing.UIManager.setLookAndFeel(Ljava/lang/String;)V+16
j  javax.swing.UIManager.initializeDefaultLAF(Ljava/util/Properties;)V+55
j  javax.swing.UIManager.initialize()V+9
j  javax.swing.UIManager.maybeInitialize()V+22
j  javax.swing.UIManager.getUI(Ljavax/swing/JComponent;)Ljavax/swing/plaf/ComponentUI;+0
j  javax.swing.JPanel.updateUI()V+2
j  javax.swing.JPanel.<init>(Ljava/awt/LayoutManager;Z)V+24
j  javax.swing.JPanel.<init>(Z)V+9
j  javax.swing.JPanel.<init>()V+2
j  javax.swing.JRootPane.createGlassPane()Ljava/awt/Component;+4
j  javax.swing.JRootPane.<init>()V+11
j  javax.swing.JFrame.createRootPane()Ljavax/swing/JRootPane;+4
j  javax.swing.JFrame.frameInit()V+16
j  javax.swing.JFrame.<init>(Ljava/lang/String;)V+21
j  engineTest.Main.<init>()V+3
j  engineTest.Main.main([Ljava/lang/String;)V+20
v  ~StubRoutines::call_stub

---------------  P R O C E S S  ---------------

Java Threads: ( => current thread )
  0x00007efe5432c000 JavaThread "AWT-XAWT" daemon [_thread_in_native, id=572, stack(0x00007efe06cea000,0x00007efe06deb000)]
  0x00007efe5430a000 JavaThread "Java2D Disposer" daemon [_thread_blocked, id=571, stack(0x00007efe2c06e000,0x00007efe2c16f000)]
  0x00007efe542c2000 JavaThread "Thread-0" [_thread_in_native, id=570, stack(0x00007efe2c16f000,0x00007efe2c270000)]
  0x00007efe540dc800 JavaThread "Service Thread" daemon [_thread_blocked, id=568, stack(0x00007efe357e2000,0x00007efe358e3000)]
  0x00007efe540bf800 JavaThread "C1 CompilerThread2" daemon [_thread_blocked, id=567, stack(0x00007efe358e3000,0x00007efe359e4000)]
  0x00007efe540bd800 JavaThread "C2 CompilerThread1" daemon [_thread_blocked, id=565, stack(0x00007efe359e4000,0x00007efe35ae5000)]
  0x00007efe540bb000 JavaThread "C2 CompilerThread0" daemon [_thread_blocked, id=564, stack(0x00007efe35ae5000,0x00007efe35be6000)]
  0x00007efe540b9800 JavaThread "Signal Dispatcher" daemon [_thread_blocked, id=563, stack(0x00007efe35be6000,0x00007efe35ce7000)]
  0x00007efe54085000 JavaThread "Finalizer" daemon [_thread_blocked, id=562, stack(0x00007efe3613e000,0x00007efe3623f000)]
  0x00007efe54080800 JavaThread "Reference Handler" daemon [_thread_blocked, id=561, stack(0x00007efe3623f000,0x00007efe36340000)]
=>0x00007efe5400b000 JavaThread "main" [_thread_in_native, id=553, stack(0x00007efe5af4c000,0x00007efe5b04d000)]

Other Threads:
  0x00007efe54079000 VMThread [stack: 0x00007efe36340000,0x00007efe36441000] [id=560]
  0x00007efe540df800 WatcherThread [stack: 0x00007efe356e1000,0x00007efe357e2000] [id=569]

VM state:not at safepoint (normal execution)

VM Mutex/Monitor currently owned by a thread: None

Heap:
 PSYoungGen      total 36864K, used 7618K [0x00000000d6f80000, 0x00000000d9880000, 0x0000000100000000)
  eden space 31744K, 24% used [0x00000000d6f80000,0x00000000d76f0b68,0x00000000d8e80000)
  from space 5120K, 0% used [0x00000000d9380000,0x00000000d9380000,0x00000000d9880000)
  to   space 5120K, 0% used [0x00000000d8e80000,0x00000000d8e80000,0x00000000d9380000)
 ParOldGen       total 84992K, used 0K [0x0000000084e00000, 0x000000008a100000, 0x00000000d6f80000)
  object space 84992K, 0% used [0x0000000084e00000,0x0000000084e00000,0x000000008a100000)
 Metaspace       used 8364K, capacity 8506K, committed 8704K, reserved 1056768K
  class space    used 913K, capacity 1000K, committed 1024K, reserved 1048576K

Card table byte_map: [0x00007efe44866000,0x00007efe44c40000] byte_map_base: 0x00007efe4443f000

Marking Bits: (ParMarkBitMap*) 0x00007efe5a42b220
 Begin Bits: [0x00007efe2c270000, 0x00007efe2e138000)
 End Bits:   [0x00007efe2e138000, 0x00007efe30000000)

Polling page: 0x00007efe5b07a000

CodeCache: size=245760Kb used=2157Kb max_used=2157Kb free=243602Kb
 bounds [0x00007efe45000000, 0x00007efe45270000, 0x00007efe54000000]
 total_blobs=1200 nmethods=414 adapters=700
 compilation: enabled

Compilation events (10 events):
Event: 0,315 Thread 0x00007efe540bf800  410  s    3       java.util.Hashtable::put (104 bytes)
Event: 0,316 Thread 0x00007efe540bf800 nmethod 410 0x00007efe45218690 code [0x00007efe45218860, 0x00007efe45218ff8]
Event: 0,316 Thread 0x00007efe540bf800  411       3       java.lang.invoke.MethodType::equals (29 bytes)
Event: 0,316 Thread 0x00007efe540bf800 nmethod 411 0x00007efe45219350 code [0x00007efe452194e0, 0x00007efe45219a08]
Event: 0,316 Thread 0x00007efe540bf800  412       3       java.lang.invoke.MethodType::toMethodDescriptorString (21 bytes)
Event: 0,317 Thread 0x00007efe540bf800 nmethod 412 0x00007efe45219b10 code [0x00007efe45219d20, 0x00007efe4521a818]
Event: 0,318 Thread 0x00007efe540bf800  413       3       java.lang.invoke.MethodType$ConcurrentWeakInternSet$WeakEntry::equals (49 bytes)
Event: 0,319 Thread 0x00007efe540bf800 nmethod 413 0x00007efe4521af50 code [0x00007efe4521b0e0, 0x00007efe4521b748]
Event: 0,319 Thread 0x00007efe540bf800  414       3       jdk.internal.org.objectweb.asm.Item::<init> (5 bytes)
Event: 0,319 Thread 0x00007efe540bf800 nmethod 414 0x00007efe4521b850 code [0x00007efe4521b9c0, 0x00007efe4521bb70]

GC Heap History (0 events):
No events

Deoptimization events (1 events):
Event: 0,167 Thread 0x00007efe5400b000 Uncommon trap: reason=null_check action=make_not_entrant pc=0x00007efe4515f6e8 method=java.lang.String.equals(Ljava/lang/Object;)Z @ 8

Internal exceptions (10 events):
Event: 0,029 Thread 0x00007efe5400b000 Exception <a 'java/lang/NoSuchMethodError': Method sun.misc.Unsafe.prefetchRead(Ljava/lang/Object;J)V name or signature does not match> (0x00000000d6f87f60) thrown at [/HUDSON3/workspace/8-2-build-linux-amd64/jdk8u111/7883/hotspot/src/share/vm/prims/jni.c
Event: 0,087 Thread 0x00007efe5400b000 Exception <a 'java/security/PrivilegedActionException'> (0x00000000d7011ef0) thrown at [/HUDSON3/workspace/8-2-build-linux-amd64/jdk8u111/7883/hotspot/src/share/vm/prims/jvm.cpp, line 1386]
Event: 0,087 Thread 0x00007efe5400b000 Exception <a 'java/security/PrivilegedActionException'> (0x00000000d7012100) thrown at [/HUDSON3/workspace/8-2-build-linux-amd64/jdk8u111/7883/hotspot/src/share/vm/prims/jvm.cpp, line 1386]
Event: 0,088 Thread 0x00007efe5400b000 Exception <a 'java/security/PrivilegedActionException'> (0x00000000d7014540) thrown at [/HUDSON3/workspace/8-2-build-linux-amd64/jdk8u111/7883/hotspot/src/share/vm/prims/jvm.cpp, line 1386]
Event: 0,088 Thread 0x00007efe5400b000 Exception <a 'java/security/PrivilegedActionException'> (0x00000000d7014750) thrown at [/HUDSON3/workspace/8-2-build-linux-amd64/jdk8u111/7883/hotspot/src/share/vm/prims/jvm.cpp, line 1386]
Event: 0,134 Thread 0x00007efe5400b000 Exception <a 'java/lang/NoSuchFieldError': method resolution failed> (0x00000000d717fe70) thrown at [/HUDSON3/workspace/8-2-build-linux-amd64/jdk8u111/7883/hotspot/src/share/vm/prims/methodHandles.cpp, line 1146]
Event: 0,136 Thread 0x00007efe5400b000 Exception <a 'java/lang/NoSuchFieldError': method resolution failed> (0x00000000d718d640) thrown at [/HUDSON3/workspace/8-2-build-linux-amd64/jdk8u111/7883/hotspot/src/share/vm/prims/methodHandles.cpp, line 1146]
Event: 0,159 Thread 0x00007efe5400b000 Exception <a 'java/io/FileNotFoundException'> (0x00000000d720d8b0) thrown at [/HUDSON3/workspace/8-2-build-linux-amd64/jdk8u111/7883/hotspot/src/share/vm/prims/jni.cpp, line 709]
Event: 0,159 Thread 0x00007efe5400b000 Exception <a 'java/io/FileNotFoundException'> (0x00000000d720e268) thrown at [/HUDSON3/workspace/8-2-build-linux-amd64/jdk8u111/7883/hotspot/src/share/vm/prims/jni.cpp, line 709]
Event: 0,167 Thread 0x00007efe5400b000 Implicit null exception at 0x00007efe4515f51b to 0x00007efe4515f6d9

Events (10 events):
Event: 0,314 loading class javax/swing/plaf/DimensionUIResource
Event: 0,314 loading class javax/swing/plaf/DimensionUIResource done
Event: 0,314 loading class javax/swing/UIDefaults$LazyInputMap
Event: 0,314 loading class javax/swing/UIDefaults$LazyInputMap done
Event: 0,317 loading class javax/swing/plaf/metal/MetalLookAndFeel$FontActiveValue
Event: 0,317 loading class javax/swing/plaf/metal/MetalLookAndFeel$FontActiveValue done
Event: 0,319 loading class sun/swing/SwingUtilities2$AATextInfo
Event: 0,319 loading class sun/swing/SwingUtilities2$AATextInfo done
Event: 0,319 loading class sun/awt/HeadlessToolkit
Event: 0,319 loading class sun/awt/HeadlessToolkit done


Dynamic libraries:
00400000-00401000 r-xp 00000000 08:15 12855452                           /usr/lib/jvm/java-8-oracle/bin/java
00600000-00601000 rw-p 00000000 08:15 12855452                           /usr/lib/jvm/java-8-oracle/bin/java
01be7000-01c08000 rw-p 00000000 00:00 0                                  [heap]
84e00000-8a100000 rw-p 00000000 00:00 0 
8a100000-d6f80000 ---p 00000000 00:00 0 
d6f80000-d9880000 rw-p 00000000 00:00 0 
d9880000-100000000 ---p 00000000 00:00 0 
100000000-100100000 rw-p 00000000 00:00 0 
100100000-140000000 ---p 00000000 00:00 0 
7efdf4000000-7efdf4021000 rw-p 00000000 00:00 0 
7efdf4021000-7efdf8000000 ---p 00000000 00:00 0 
7efdfc000000-7efdfc021000 rw-p 00000000 00:00 0 
7efdfc021000-7efe00000000 ---p 00000000 00:00 0 
7efe00000000-7efe001c2000 rw-p 00000000 00:00 0 
7efe001c2000-7efe04000000 ---p 00000000 00:00 0 
7efe05dca000-7efe05dcb000 r-xp 00000000 08:15 12329465                   /usr/lib/x86_64-linux-gnu/libX11-xcb.so.1.0.0
7efe05dcb000-7efe05fca000 ---p 00001000 08:15 12329465                   /usr/lib/x86_64-linux-gnu/libX11-xcb.so.1.0.0
7efe05fca000-7efe05fcb000 r--p 00000000 08:15 12329465                   /usr/lib/x86_64-linux-gnu/libX11-xcb.so.1.0.0
7efe05fcb000-7efe05fcc000 rw-p 00001000 08:15 12329465                   /usr/lib/x86_64-linux-gnu/libX11-xcb.so.1.0.0
7efe05fcc000-7efe05fd1000 r-xp 00000000 08:15 12329520                   /usr/lib/x86_64-linux-gnu/libXxf86vm.so.1.0.0
7efe05fd1000-7efe061d0000 ---p 00005000 08:15 12329520                   /usr/lib/x86_64-linux-gnu/libXxf86vm.so.1.0.0
7efe061d0000-7efe061d1000 r--p 00004000 08:15 12329520                   /usr/lib/x86_64-linux-gnu/libXxf86vm.so.1.0.0
7efe061d1000-7efe061d2000 rw-p 00005000 08:15 12329520                   /usr/lib/x86_64-linux-gnu/libXxf86vm.so.1.0.0
7efe061d2000-7efe061d4000 r-xp 00000000 08:15 12329494                   /usr/lib/x86_64-linux-gnu/libXinerama.so.1.0.0
7efe061d4000-7efe063d3000 ---p 00002000 08:15 12329494                   /usr/lib/x86_64-linux-gnu/libXinerama.so.1.0.0
7efe063d3000-7efe063d4000 r--p 00001000 08:15 12329494                   /usr/lib/x86_64-linux-gnu/libXinerama.so.1.0.0
7efe063d4000-7efe063d5000 rw-p 00002000 08:15 12329494                   /usr/lib/x86_64-linux-gnu/libXinerama.so.1.0.0
7efe063d5000-7efe063df000 r-xp 00000000 08:15 12329502                   /usr/lib/x86_64-linux-gnu/libXrandr.so.2.2.0
7efe063df000-7efe065de000 ---p 0000a000 08:15 12329502                   /usr/lib/x86_64-linux-gnu/libXrandr.so.2.2.0
7efe065de000-7efe065df000 r--p 00009000 08:15 12329502                   /usr/lib/x86_64-linux-gnu/libXrandr.so.2.2.0
7efe065df000-7efe065e0000 rw-p 0000a000 08:15 12329502                   /usr/lib/x86_64-linux-gnu/libXrandr.so.2.2.0
7efe065e0000-7efe065fe000 r-xp 00000000 08:15 1466952                    /tmp/lwjglnokorot/3.1.1-build-16/libglfw.so
7efe065fe000-7efe067fd000 ---p 0001e000 08:15 1466952                    /tmp/lwjglnokorot/3.1.1-build-16/libglfw.so
7efe067fd000-7efe067fe000 r--p 0001d000 08:15 1466952                    /tmp/lwjglnokorot/3.1.1-build-16/libglfw.so
7efe067fe000-7efe067ff000 rw-p 0001e000 08:15 1466952                    /tmp/lwjglnokorot/3.1.1-build-16/libglfw.so
7efe067ff000-7efe06800000 rw-p 00000000 00:00 0 
7efe06800000-7efe06a00000 rw-p 00000000 00:00 0 
7efe06aad000-7efe06ae6000 r-xp 00000000 08:15 1466951                    /tmp/lwjglnokorot/3.1.1-build-16/libjemalloc.so
7efe06ae6000-7efe06ce5000 ---p 00039000 08:15 1466951                    /tmp/lwjglnokorot/3.1.1-build-16/libjemalloc.so
7efe06ce5000-7efe06ce8000 r--p 00038000 08:15 1466951                    /tmp/lwjglnokorot/3.1.1-build-16/libjemalloc.so
7efe06ce8000-7efe06ce9000 rw-p 0003b000 08:15 1466951                    /tmp/lwjglnokorot/3.1.1-build-16/libjemalloc.so
7efe06ce9000-7efe06cea000 rw-p 00000000 00:00 0 
7efe06cea000-7efe06ced000 ---p 00000000 00:00 0 
7efe06ced000-7efe06deb000 rw-p 00000000 00:00 0 
7efe06deb000-7efe06df0000 r-xp 00000000 08:15 12329486                   /usr/lib/x86_64-linux-gnu/libXfixes.so.3.1.0
7efe06df0000-7efe06fef000 ---p 00005000 08:15 12329486                   /usr/lib/x86_64-linux-gnu/libXfixes.so.3.1.0
7efe06fef000-7efe06ff0000 r--p 00004000 08:15 12329486                   /usr/lib/x86_64-linux-gnu/libXfixes.so.3.1.0
7efe06ff0000-7efe06ff1000 rw-p 00005000 08:15 12329486                   /usr/lib/x86_64-linux-gnu/libXfixes.so.3.1.0
7efe06ff1000-7efe06ffa000 r-xp 00000000 08:15 12329478                   /usr/lib/x86_64-linux-gnu/libXcursor.so.1.0.2
7efe06ffa000-7efe071f9000 ---p 00009000 08:15 12329478                   /usr/lib/x86_64-linux-gnu/libXcursor.so.1.0.2
7efe071f9000-7efe071fa000 r--p 00008000 08:15 12329478                   /usr/lib/x86_64-linux-gnu/libXcursor.so.1.0.2
7efe071fa000-7efe071fb000 rw-p 00009000 08:15 12329478                   /usr/lib/x86_64-linux-gnu/libXcursor.so.1.0.2
7efe071fb000-7efe07246000 r-xp 00000000 08:15 1466950                    /tmp/lwjglnokorot/3.1.1-build-16/liblwjgl.so
7efe07246000-7efe07446000 ---p 0004b000 08:15 1466950                    /tmp/lwjglnokorot/3.1.1-build-16/liblwjgl.so
7efe07446000-7efe07447000 r--p 0004b000 08:15 1466950                    /tmp/lwjglnokorot/3.1.1-build-16/liblwjgl.so
7efe07447000-7efe07448000 rw-p 0004c000 08:15 1466950                    /tmp/lwjglnokorot/3.1.1-build-16/liblwjgl.so
7efe07448000-7efe07749000 rw-p 00000000 00:00 0 
7efe07749000-7efe0775f000 r-xp 00000000 08:15 12980356                   /usr/lib/jvm/java-8-oracle/jre/lib/amd64/libnet.so
7efe0775f000-7efe0795f000 ---p 00016000 08:15 12980356                   /usr/lib/jvm/java-8-oracle/jre/lib/amd64/libnet.so
7efe0795f000-7efe07960000 rw-p 00016000 08:15 12980356                   /usr/lib/jvm/java-8-oracle/jre/lib/amd64/libnet.so
7efe07960000-7efe07971000 r-xp 00000000 08:15 12980591                   /usr/lib/jvm/java-8-oracle/jre/lib/amd64/libnio.so
7efe07971000-7efe07b70000 ---p 00011000 08:15 12980591                   /usr/lib/jvm/java-8-oracle/jre/lib/amd64/libnio.so
7efe07b70000-7efe07b71000 rw-p 00010000 08:15 12980591                   /usr/lib/jvm/java-8-oracle/jre/lib/amd64/libnio.so
7efe07b71000-7efe07b87000 r-xp 00000000 08:15 7082441                    /lib/x86_64-linux-gnu/libgcc_s.so.1
7efe07b87000-7efe07d86000 ---p 00016000 08:15 7082441                    /lib/x86_64-linux-gnu/libgcc_s.so.1
7efe07d86000-7efe07d87000 rw-p 00015000 08:15 7082441                    /lib/x86_64-linux-gnu/libgcc_s.so.1
7efe07d87000-7efe07dec000 r-xp 00000000 08:15 12980585                   /usr/lib/jvm/java-8-oracle/jre/lib/amd64/libfontmanager.so
7efe07dec000-7efe07feb000 ---p 00065000 08:15 12980585                   /usr/lib/jvm/java-8-oracle/jre/lib/amd64/libfontmanager.so
7efe07feb000-7efe07ff0000 rw-p 00064000 08:15 12980585                   /usr/lib/jvm/java-8-oracle/jre/lib/amd64/libfontmanager.so
7efe07ff0000-7efe08000000 rw-p 00000000 00:00 0 
7efe08000000-7efe08021000 rw-p 00000000 00:00 0 
7efe08021000-7efe0c000000 ---p 00000000 00:00 0 
7efe0c000000-7efe0c021000 rw-p 00000000 00:00 0 
7efe0c021000-7efe10000000 ---p 00000000 00:00 0 
7efe10000000-7efe1003b000 rw-p 00000000 00:00 0 
7efe1003b000-7efe14000000 ---p 00000000 00:00 0 
7efe14000000-7efe1419c000 rw-p 00000000 00:00 0 
7efe1419c000-7efe18000000 ---p 00000000 00:00 0 
7efe18000000-7efe18021000 rw-p 00000000 00:00 0 
7efe18021000-7efe1c000000 ---p 00000000 00:00 0 
7efe1c000000-7efe1c0fa000 rw-p 00000000 00:00 0 
7efe1c0fa000-7efe20000000 ---p 00000000 00:00 0 
7efe20000000-7efe20021000 rw-p 00000000 00:00 0 
7efe20021000-7efe24000000 ---p 00000000 00:00 0 
7efe24000000-7efe24021000 rw-p 00000000 00:00 0 
7efe24021000-7efe28000000 ---p 00000000 00:00 0 
7efe28000000-7efe28021000 rw-p 00000000 00:00 0 
7efe28021000-7efe2c000000 ---p 00000000 00:00 0 
7efe2c06e000-7efe2c071000 ---p 00000000 00:00 0 
7efe2c071000-7efe2c16f000 rw-p 00000000 00:00 0 
7efe2c16f000-7efe2c172000 ---p 00000000 00:00 0 
7efe2c172000-7efe30000000 rw-p 00000000 00:00 0 
7efe30000000-7efe30021000 rw-p 00000000 00:00 0 
7efe30021000-7efe34000000 ---p 00000000 00:00 0 
7efe3401e000-7efe34023000 r-xp 00000000 08:15 12329482                   /usr/lib/x86_64-linux-gnu/libXdmcp.so.6.0.0
7efe34023000-7efe34222000 ---p 00005000 08:15 12329482                   /usr/lib/x86_64-linux-gnu/libXdmcp.so.6.0.0
7efe34222000-7efe34223000 r--p 00004000 08:15 12329482                   /usr/lib/x86_64-linux-gnu/libXdmcp.so.6.0.0
7efe34223000-7efe34224000 rw-p 00005000 08:15 12329482                   /usr/lib/x86_64-linux-gnu/libXdmcp.so.6.0.0
7efe34224000-7efe34226000 r-xp 00000000 08:15 12329471                   /usr/lib/x86_64-linux-gnu/libXau.so.6.0.0
7efe34226000-7efe34426000 ---p 00002000 08:15 12329471                   /usr/lib/x86_64-linux-gnu/libXau.so.6.0.0
7efe34426000-7efe34427000 r--p 00002000 08:15 12329471                   /usr/lib/x86_64-linux-gnu/libXau.so.6.0.0
7efe34427000-7efe34428000 rw-p 00003000 08:15 12329471                   /usr/lib/x86_64-linux-gnu/libXau.so.6.0.0
7efe34428000-7efe34449000 r-xp 00000000 08:15 12330820                   /usr/lib/x86_64-linux-gnu/libxcb.so.1.1.0
7efe34449000-7efe34648000 ---p 00021000 08:15 12330820                   /usr/lib/x86_64-linux-gnu/libxcb.so.1.1.0
7efe34648000-7efe34649000 r--p 00020000 08:15 12330820                   /usr/lib/x86_64-linux-gnu/libxcb.so.1.1.0
7efe34649000-7efe3464a000 rw-p 00021000 08:15 12330820                   /usr/lib/x86_64-linux-gnu/libxcb.so.1.1.0
7efe3464a000-7efe34659000 r-xp 00000000 08:15 12329492                   /usr/lib/x86_64-linux-gnu/libXi.so.6.1.0
7efe34659000-7efe34858000 ---p 0000f000 08:15 12329492                   /usr/lib/x86_64-linux-gnu/libXi.so.6.1.0
7efe34858000-7efe34859000 r--p 0000e000 08:15 12329492                   /usr/lib/x86_64-linux-gnu/libXi.so.6.1.0
7efe34859000-7efe3485a000 rw-p 0000f000 08:15 12329492                   /usr/lib/x86_64-linux-gnu/libXi.so.6.1.0
7efe3485a000-7efe3485f000 r-xp 00000000 08:15 12329510                   /usr/lib/x86_64-linux-gnu/libXtst.so.6.1.0
7efe3485f000-7efe34a5e000 ---p 00005000 08:15 12329510                   /usr/lib/x86_64-linux-gnu/libXtst.so.6.1.0
7efe34a5e000-7efe34a5f000 r--p 00004000 08:15 12329510                   /usr/lib/x86_64-linux-gnu/libXtst.so.6.1.0
7efe34a5f000-7efe34a60000 rw-p 00005000 08:15 12329510                   /usr/lib/x86_64-linux-gnu/libXtst.so.6.1.0
7efe34a60000-7efe34a69000 r-xp 00000000 08:15 12329504                   /usr/lib/x86_64-linux-gnu/libXrender.so.1.3.0
7efe34a69000-7efe34c68000 ---p 00009000 08:15 12329504                   /usr/lib/x86_64-linux-gnu/libXrender.so.1.3.0
7efe34c68000-7efe34c69000 r--p 00008000 08:15 12329504                   /usr/lib/x86_64-linux-gnu/libXrender.so.1.3.0
7efe34c69000-7efe34c6a000 rw-p 00009000 08:15 12329504                   /usr/lib/x86_64-linux-gnu/libXrender.so.1.3.0
7efe34c6a000-7efe34d9f000 r-xp 00000000 08:15 12329467                   /usr/lib/x86_64-linux-gnu/libX11.so.6.3.0
7efe34d9f000-7efe34f9f000 ---p 00135000 08:15 12329467                   /usr/lib/x86_64-linux-gnu/libX11.so.6.3.0
7efe34f9f000-7efe34fa0000 r--p 00135000 08:15 12329467                   /usr/lib/x86_64-linux-gnu/libX11.so.6.3.0
7efe34fa0000-7efe34fa4000 rw-p 00136000 08:15 12329467                   /usr/lib/x86_64-linux-gnu/libX11.so.6.3.0
7efe34fa4000-7efe34fb5000 r-xp 00000000 08:15 12329484                   /usr/lib/x86_64-linux-gnu/libXext.so.6.4.0
7efe34fb5000-7efe351b4000 ---p 00011000 08:15 12329484                   /usr/lib/x86_64-linux-gnu/libXext.so.6.4.0
7efe351b4000-7efe351b5000 r--p 00010000 08:15 12329484                   /usr/lib/x86_64-linux-gnu/libXext.so.6.4.0
7efe351b5000-7efe351b6000 rw-p 00011000 08:15 12329484                   /usr/lib/x86_64-linux-gnu/libXext.so.6.4.0
7efe351b6000-7efe3520a000 r-xp 00000000 08:15 12980593                   /usr/lib/jvm/java-8-oracle/jre/lib/amd64/libawt_xawt.so
7efe3520a000-7efe3540a000 ---p 00054000 08:15 12980593                   /usr/lib/jvm/java-8-oracle/jre/lib/amd64/libawt_xawt.so
7efe3540a000-7efe3540e000 rw-p 00054000 08:15 12980593                   /usr/lib/jvm/java-8-oracle/jre/lib/amd64/libawt_xawt.so
7efe3540e000-7efe3540f000 rw-p 00000000 00:00 0 
7efe3540f000-7efe354b1000 r-xp 00000000 08:15 12980626                   /usr/lib/jvm/java-8-oracle/jre/lib/amd64/libawt.so
7efe354b1000-7efe356b1000 ---p 000a2000 08:15 12980626                   /usr/lib/jvm/java-8-oracle/jre/lib/amd64/libawt.so
7efe356b1000-7efe356bd000 rw-p 000a2000 08:15 12980626                   /usr/lib/jvm/java-8-oracle/jre/lib/amd64/libawt.so
7efe356bd000-7efe356e1000 rw-p 00000000 00:00 0 
7efe356e1000-7efe356e2000 ---p 00000000 00:00 0 
7efe356e2000-7efe357e2000 rw-p 00000000 00:00 0 
7efe357e2000-7efe357e5000 ---p 00000000 00:00 0 
7efe357e5000-7efe358e3000 rw-p 00000000 00:00 0 
7efe358e3000-7efe358e6000 ---p 00000000 00:00 0 
7efe358e6000-7efe359e4000 rw-p 00000000 00:00 0 
7efe359e4000-7efe359e7000 ---p 00000000 00:00 0 
7efe359e7000-7efe35ae5000 rw-p 00000000 00:00 0 
7efe35ae5000-7efe35ae8000 ---p 00000000 00:00 0 
7efe35ae8000-7efe35be6000 rw-p 00000000 00:00 0 
7efe35be6000-7efe35be9000 ---p 00000000 00:00 0 
7efe35be9000-7efe35ce7000 rw-p 00000000 00:00 0 
7efe35ce7000-7efe3613e000 r--p 00000000 08:15 12322328                   /usr/lib/locale/locale-archive
7efe3613e000-7efe36141000 ---p 00000000 00:00 0 
7efe36141000-7efe3623f000 rw-p 00000000 00:00 0 
7efe3623f000-7efe36242000 ---p 00000000 00:00 0 
7efe36242000-7efe36340000 rw-p 00000000 00:00 0 
7efe36340000-7efe36341000 ---p 00000000 00:00 0 
7efe36341000-7efe3724f000 rw-p 00000000 00:00 0 
7efe3724f000-7efe37427000 r--s 03d2a000 08:15 12855517                   /usr/lib/jvm/java-8-oracle/jre/lib/rt.jar
7efe37427000-7efe37ba7000 rw-p 00000000 00:00 0 
7efe37ba7000-7efe37c27000 ---p 00000000 00:00 0 
7efe37c27000-7efe38000000 rw-p 00000000 00:00 0 
7efe38000000-7efe38021000 rw-p 00000000 00:00 0 
7efe38021000-7efe3c000000 ---p 00000000 00:00 0 
7efe3c000000-7efe3c021000 rw-p 00000000 00:00 0 
7efe3c021000-7efe40000000 ---p 00000000 00:00 0 
7efe40000000-7efe40021000 rw-p 00000000 00:00 0 
7efe40021000-7efe44000000 ---p 00000000 00:00 0 
7efe44009000-7efe4400a000 rwxp 00000000 00:00 0 
7efe4400a000-7efe4400b000 r--s 00004000 08:15 13654818                   /home/nokorot/Workspace/Java/PS/PS 3.0.0/LWJGL3/lwjgl-xxhash.jar
7efe4400b000-7efe4400c000 r--s 00001000 08:15 13654817                   /home/nokorot/Workspace/Java/PS/PS 3.0.0/LWJGL3/lwjgl-xxhash-natives-linux.jar
7efe4400c000-7efe44015000 r--s 000a6000 08:15 13654825                   /home/nokorot/Workspace/Java/PS/PS 3.0.0/LWJGL3/lwjgl-vulkan.jar
7efe44015000-7efe4401a000 r--s 000ac000 08:15 13654824                   /home/nokorot/Workspace/Java/PS/PS 3.0.0/LWJGL3/lwjgl-vulkan-sources.jar
7efe4401a000-7efe4401b000 r--s 00001000 08:15 13654813                   /home/nokorot/Workspace/Java/PS/PS 3.0.0/LWJGL3/lwjgl-tinyfd.jar
7efe4401b000-7efe4401c000 r--s 00007000 08:15 13654815                   /home/nokorot/Workspace/Java/PS/PS 3.0.0/LWJGL3/lwjgl-tinyfd-natives-linux.jar
7efe4401c000-7efe4401f000 r--s 00012000 08:15 13654809                   /home/nokorot/Workspace/Java/PS/PS 3.0.0/LWJGL3/lwjgl-stb.jar
7efe4401f000-7efe44020000 r--s 0002c000 08:15 13654808                   /home/nokorot/Workspace/Java/PS/PS 3.0.0/LWJGL3/lwjgl-stb-natives-linux.jar
7efe44020000-7efe44021000 r--s 00000000 08:15 13654803                   /home/nokorot/Workspace/Java/PS/PS 3.0.0/LWJGL3/lwjgl-sse.jar
7efe44021000-7efe44022000 r--s 00000000 08:15 13654802                   /home/nokorot/Workspace/Java/PS/PS 3.0.0/LWJGL3/lwjgl-sse-natives-linux.jar
7efe44022000-7efe44024000 r--s 00058000 08:15 13654804                   /home/nokorot/Workspace/Java/PS/PS 3.0.0/LWJGL3/lwjgl-sse-javadoc.jar
7efe44024000-7efe44026000 r--s 00001000 08:15 13654799                   /home/nokorot/Workspace/Java/PS/PS 3.0.0/LWJGL3/lwjgl-par.jar
7efe44026000-7efe44027000 r--s 00005000 08:15 13654795                   /home/nokorot/Workspace/Java/PS/PS 3.0.0/LWJGL3/lwjgl-par-natives-linux.jar
7efe44027000-7efe4402d000 r--s 00048000 08:15 13654794                   /home/nokorot/Workspace/Java/PS/PS 3.0.0/LWJGL3/lwjgl-opengles.jar
7efe4402d000-7efe4402e000 r--s 00007000 08:15 13654792                   /home/nokorot/Workspace/Java/PS/PS 3.0.0/LWJGL3/lwjgl-opengles-natives-linux.jar
7efe4402e000-7efe44037000 r--s 000ba000 08:15 13654797                   /home/nokorot/Workspace/Java/PS/PS 3.0.0/LWJGL3/lwjgl-opengl.jar
7efe44037000-7efe4403a000 r--s 00023000 08:15 13654790                   /home/nokorot/Workspace/Java/PS/PS 3.0.0/LWJGL3/lwjgl-opencl.jar
7efe4403a000-7efe4403f000 r--s 00054000 08:15 13654782                   /home/nokorot/Workspace/Java/PS/PS 3.0.0/LWJGL3/lwjgl-nuklear.jar
7efe4403f000-7efe441d1000 rw-p 00000000 00:00 0 
7efe441d1000-7efe441d2000 ---p 00000000 00:00 0 
7efe441d2000-7efe442d2000 rw-p 00000000 00:00 0 
7efe442d2000-7efe442d3000 ---p 00000000 00:00 0 
7efe442d3000-7efe443d3000 rw-p 00000000 00:00 0 
7efe443d3000-7efe443d4000 ---p 00000000 00:00 0 
7efe443d4000-7efe444d4000 rw-p 00000000 00:00 0 
7efe444d4000-7efe444d5000 ---p 00000000 00:00 0 
7efe444d5000-7efe445ff000 rw-p 00000000 00:00 0 
7efe445ff000-7efe44866000 ---p 00000000 00:00 0 
7efe44866000-7efe44890000 rw-p 00000000 00:00 0 
7efe44890000-7efe44af6000 ---p 00000000 00:00 0 
7efe44af6000-7efe44b0c000 rw-p 00000000 00:00 0 
7efe44b0c000-7efe44c3f000 ---p 00000000 00:00 0 
7efe44c3f000-7efe44c4a000 rw-p 00000000 00:00 0 
7efe44c4a000-7efe45000000 ---p 00000000 00:00 0 
7efe45000000-7efe45270000 rwxp 00000000 00:00 0 
7efe45270000-7efe54000000 ---p 00000000 00:00 0 
7efe54000000-7efe5446c000 rw-p 00000000 00:00 0 
7efe5446c000-7efe58000000 ---p 00000000 00:00 0 
7efe58000000-7efe58001000 r--s 00015000 08:15 13654789                   /home/nokorot/Workspace/Java/PS/PS 3.0.0/LWJGL3/lwjgl-opengl-natives-linux.jar
7efe58001000-7efe58003000 r--s 00010000 08:15 13654776                   /home/nokorot/Workspace/Java/PS/PS 3.0.0/LWJGL3/lwjgl-openal.jar
7efe58003000-7efe58004000 r--s 0004a000 08:15 13654787                   /home/nokorot/Workspace/Java/PS/PS 3.0.0/LWJGL3/lwjgl-openal-natives-linux.jar
7efe58004000-7efe58005000 r--s 0001f000 08:15 13654772                   /home/nokorot/Workspace/Java/PS/PS 3.0.0/LWJGL3/lwjgl-nuklear-natives-linux.jar
7efe58005000-7efe58006000 r--s 00001000 08:15 13654766                   /home/nokorot/Workspace/Java/PS/PS 3.0.0/LWJGL3/lwjgl-nfd.jar
7efe58006000-7efe58007000 r--s 00001000 08:15 13654764                   /home/nokorot/Workspace/Java/PS/PS 3.0.0/LWJGL3/lwjgl-nfd-natives-linux.jar
7efe58007000-7efe58008000 r--s 00011000 08:15 13654822                   /home/nokorot/Workspace/Java/PS/PS 3.0.0/LWJGL3/lwjgl-natives-linux.jar
7efe58008000-7efe5800a000 r--s 00008000 08:15 13654756                   /home/nokorot/Workspace/Java/PS/PS 3.0.0/LWJGL3/lwjgl-nanovg.jar
7efe5800a000-7efe580c2000 rw-p 00000000 00:00 0 
7efe580c2000-7efe580dc000 r-xp 00000000 08:15 12980589                   /usr/lib/jvm/java-8-oracle/jre/lib/amd64/libzip.so
7efe580dc000-7efe582dc000 ---p 0001a000 08:15 12980589                   /usr/lib/jvm/java-8-oracle/jre/lib/amd64/libzip.so
7efe582dc000-7efe582dd000 rw-p 0001a000 08:15 12980589                   /usr/lib/jvm/java-8-oracle/jre/lib/amd64/libzip.so
7efe582dd000-7efe582e8000 r-xp 00000000 08:15 7082071                    /lib/x86_64-linux-gnu/libnss_files-2.23.so
7efe582e8000-7efe584e7000 ---p 0000b000 08:15 7082071                    /lib/x86_64-linux-gnu/libnss_files-2.23.so
7efe584e7000-7efe584e8000 r--p 0000a000 08:15 7082071                    /lib/x86_64-linux-gnu/libnss_files-2.23.so
7efe584e8000-7efe584e9000 rw-p 0000b000 08:15 7082071                    /lib/x86_64-linux-gnu/libnss_files-2.23.so
7efe584e9000-7efe584ef000 rw-p 00000000 00:00 0 
7efe584ef000-7efe584fa000 r-xp 00000000 08:15 7082047                    /lib/x86_64-linux-gnu/libnss_nis-2.23.so
7efe584fa000-7efe586f9000 ---p 0000b000 08:15 7082047                    /lib/x86_64-linux-gnu/libnss_nis-2.23.so
7efe586f9000-7efe586fa000 r--p 0000a000 08:15 7082047                    /lib/x86_64-linux-gnu/libnss_nis-2.23.so
7efe586fa000-7efe586fb000 rw-p 0000b000 08:15 7082047                    /lib/x86_64-linux-gnu/libnss_nis-2.23.so
7efe586fb000-7efe58711000 r-xp 00000000 08:15 7082063                    /lib/x86_64-linux-gnu/libnsl-2.23.so
7efe58711000-7efe58910000 ---p 00016000 08:15 7082063                    /lib/x86_64-linux-gnu/libnsl-2.23.so
7efe58910000-7efe58911000 r--p 00015000 08:15 7082063                    /lib/x86_64-linux-gnu/libnsl-2.23.so
7efe58911000-7efe58912000 rw-p 00016000 08:15 7082063                    /lib/x86_64-linux-gnu/libnsl-2.23.so
7efe58912000-7efe58914000 rw-p 00000000 00:00 0 
7efe58914000-7efe5891c000 r-xp 00000000 08:15 7082065                    /lib/x86_64-linux-gnu/libnss_compat-2.23.so
7efe5891c000-7efe58b1b000 ---p 00008000 08:15 7082065                    /lib/x86_64-linux-gnu/libnss_compat-2.23.so
7efe58b1b000-7efe58b1c000 r--p 00007000 08:15 7082065                    /lib/x86_64-linux-gnu/libnss_compat-2.23.so
7efe58b1c000-7efe58b1d000 rw-p 00008000 08:15 7082065                    /lib/x86_64-linux-gnu/libnss_compat-2.23.so
7efe58b1d000-7efe58b48000 r-xp 00000000 08:15 12980616                   /usr/lib/jvm/java-8-oracle/jre/lib/amd64/libjava.so
7efe58b48000-7efe58d47000 ---p 0002b000 08:15 12980616                   /usr/lib/jvm/java-8-oracle/jre/lib/amd64/libjava.so
7efe58d47000-7efe58d49000 rw-p 0002a000 08:15 12980616                   /usr/lib/jvm/java-8-oracle/jre/lib/amd64/libjava.so
7efe58d49000-7efe58d56000 r-xp 00000000 08:15 12980358                   /usr/lib/jvm/java-8-oracle/jre/lib/amd64/libverify.so
7efe58d56000-7efe58f55000 ---p 0000d000 08:15 12980358                   /usr/lib/jvm/java-8-oracle/jre/lib/amd64/libverify.so
7efe58f55000-7efe58f57000 rw-p 0000c000 08:15 12980358                   /usr/lib/jvm/java-8-oracle/jre/lib/amd64/libverify.so
7efe58f57000-7efe58f5e000 r-xp 00000000 08:15 7082046                    /lib/x86_64-linux-gnu/librt-2.23.so
7efe58f5e000-7efe5915d000 ---p 00007000 08:15 7082046                    /lib/x86_64-linux-gnu/librt-2.23.so
7efe5915d000-7efe5915e000 r--p 00006000 08:15 7082046                    /lib/x86_64-linux-gnu/librt-2.23.so
7efe5915e000-7efe5915f000 rw-p 00007000 08:15 7082046                    /lib/x86_64-linux-gnu/librt-2.23.so
7efe5915f000-7efe59267000 r-xp 00000000 08:15 7082058                    /lib/x86_64-linux-gnu/libm-2.23.so
7efe59267000-7efe59466000 ---p 00108000 08:15 7082058                    /lib/x86_64-linux-gnu/libm-2.23.so
7efe59466000-7efe59467000 r--p 00107000 08:15 7082058                    /lib/x86_64-linux-gnu/libm-2.23.so
7efe59467000-7efe59468000 rw-p 00108000 08:15 7082058                    /lib/x86_64-linux-gnu/libm-2.23.so
7efe59468000-7efe5a135000 r-xp 00000000 08:15 12980620                   /usr/lib/jvm/java-8-oracle/jre/lib/amd64/server/libjvm.so
7efe5a135000-7efe5a334000 ---p 00ccd000 08:15 12980620                   /usr/lib/jvm/java-8-oracle/jre/lib/amd64/server/libjvm.so
7efe5a334000-7efe5a40d000 rw-p 00ccc000 08:15 12980620                   /usr/lib/jvm/java-8-oracle/jre/lib/amd64/server/libjvm.so
7efe5a40d000-7efe5a458000 rw-p 00000000 00:00 0 
7efe5a458000-7efe5a617000 r-xp 00000000 08:15 7082051                    /lib/x86_64-linux-gnu/libc-2.23.so
7efe5a617000-7efe5a817000 ---p 001bf000 08:15 7082051                    /lib/x86_64-linux-gnu/libc-2.23.so
7efe5a817000-7efe5a81b000 r--p 001bf000 08:15 7082051                    /lib/x86_64-linux-gnu/libc-2.23.so
7efe5a81b000-7efe5a81d000 rw-p 001c3000 08:15 7082051                    /lib/x86_64-linux-gnu/libc-2.23.so
7efe5a81d000-7efe5a821000 rw-p 00000000 00:00 0 
7efe5a821000-7efe5a824000 r-xp 00000000 08:15 7082050                    /lib/x86_64-linux-gnu/libdl-2.23.so
7efe5a824000-7efe5aa23000 ---p 00003000 08:15 7082050                    /lib/x86_64-linux-gnu/libdl-2.23.so
7efe5aa23000-7efe5aa24000 r--p 00002000 08:15 7082050                    /lib/x86_64-linux-gnu/libdl-2.23.so
7efe5aa24000-7efe5aa25000 rw-p 00003000 08:15 7082050                    /lib/x86_64-linux-gnu/libdl-2.23.so
7efe5aa25000-7efe5aa3a000 r-xp 00000000 08:15 12585246                   /usr/lib/jvm/java-8-oracle/lib/amd64/jli/libjli.so
7efe5aa3a000-7efe5ac3a000 ---p 00015000 08:15 12585246                   /usr/lib/jvm/java-8-oracle/lib/amd64/jli/libjli.so
7efe5ac3a000-7efe5ac3b000 rw-p 00015000 08:15 12585246                   /usr/lib/jvm/java-8-oracle/lib/amd64/jli/libjli.so
7efe5ac3b000-7efe5ac53000 r-xp 00000000 08:15 7082059                    /lib/x86_64-linux-gnu/libpthread-2.23.so
7efe5ac53000-7efe5ae52000 ---p 00018000 08:15 7082059                    /lib/x86_64-linux-gnu/libpthread-2.23.so
7efe5ae52000-7efe5ae53000 r--p 00017000 08:15 7082059                    /lib/x86_64-linux-gnu/libpthread-2.23.so
7efe5ae53000-7efe5ae54000 rw-p 00018000 08:15 7082059                    /lib/x86_64-linux-gnu/libpthread-2.23.so
7efe5ae54000-7efe5ae58000 rw-p 00000000 00:00 0 
7efe5ae58000-7efe5ae7e000 r-xp 00000000 08:15 7082039                    /lib/x86_64-linux-gnu/ld-2.23.so
7efe5ae7e000-7efe5ae7f000 r--s 0001f000 08:15 13654762                   /home/nokorot/Workspace/Java/PS/PS 3.0.0/LWJGL3/lwjgl-nanovg-natives-linux.jar
7efe5ae7f000-7efe5ae81000 r--s 00005000 08:15 13654746                   /home/nokorot/Workspace/Java/PS/PS 3.0.0/LWJGL3/lwjgl-lmdb.jar
7efe5ae81000-7efe5af4c000 rw-p 00000000 00:00 0 
7efe5af4c000-7efe5af4f000 ---p 00000000 00:00 0 
7efe5af4f000-7efe5b051000 rw-p 00000000 00:00 0 
7efe5b051000-7efe5b052000 r--s 0000d000 08:15 13654750                   /home/nokorot/Workspace/Java/PS/PS 3.0.0/LWJGL3/lwjgl-lmdb-natives-linux.jar
7efe5b052000-7efe5b054000 r--s 00007000 08:15 13654736                   /home/nokorot/Workspace/Java/PS/PS 3.0.0/LWJGL3/lwjgl-jemalloc.jar
7efe5b054000-7efe5b055000 r--s 00019000 08:15 13654734                   /home/nokorot/Workspace/Java/PS/PS 3.0.0/LWJGL3/lwjgl-jemalloc-natives-linux.jar
7efe5b055000-7efe5b056000 r--s 00005000 08:15 13654724                   /home/nokorot/Workspace/Java/PS/PS 3.0.0/LWJGL3/lwjgl-jawt.jar
7efe5b056000-7efe5b058000 r--s 00066000 08:15 13654732                   /home/nokorot/Workspace/Java/PS/PS 3.0.0/LWJGL3/lwjgl-jawt-javadoc.jar
7efe5b058000-7efe5b05b000 r--s 00015000 08:15 13654722                   /home/nokorot/Workspace/Java/PS/PS 3.0.0/LWJGL3/lwjgl-glfw.jar
7efe5b05b000-7efe5b05c000 r--s 0000e000 08:15 13654716                   /home/nokorot/Workspace/Java/PS/PS 3.0.0/LWJGL3/lwjgl-glfw-natives-linux.jar
7efe5b05c000-7efe5b060000 r--s 0001b000 08:15 13654708                   /home/nokorot/Workspace/Java/PS/PS 3.0.0/LWJGL3/lwjgl-egl.jar
7efe5b060000-7efe5b064000 r--s 0001e000 08:15 13654712                   /home/nokorot/Workspace/Java/PS/PS 3.0.0/LWJGL3/lwjgl-egl-sources.jar
7efe5b064000-7efe5b067000 r--s 0001f000 08:15 13654702                   /home/nokorot/Workspace/Java/PS/PS 3.0.0/LWJGL3/lwjgl-bgfx.jar
7efe5b067000-7efe5b068000 r--s 00042000 08:15 13654704                   /home/nokorot/Workspace/Java/PS/PS 3.0.0/LWJGL3/lwjgl-bgfx-natives-linux.jar
7efe5b068000-7efe5b06c000 r--s 0002a000 08:15 13654692                   /home/nokorot/Workspace/Java/PS/PS 3.0.0/LWJGL3/lwjgl-assimp.jar
7efe5b06c000-7efe5b06d000 r--s 002ae000 08:15 13654740                   /home/nokorot/Workspace/Java/PS/PS 3.0.0/LWJGL3/lwjgl-assimp-natives-linux.jar
7efe5b06d000-7efe5b071000 r--s 0003d000 08:15 13654827                   /home/nokorot/Workspace/Java/PS/PS 3.0.0/LWJGL3/lwjgl.jar
7efe5b071000-7efe5b079000 rw-s 00000000 08:15 1325741                    /tmp/hsperfdata_nokorot/546
7efe5b079000-7efe5b07a000 rw-p 00000000 00:00 0 
7efe5b07a000-7efe5b07b000 r--p 00000000 00:00 0 
7efe5b07b000-7efe5b07d000 rw-p 00000000 00:00 0 
7efe5b07d000-7efe5b07e000 r--p 00025000 08:15 7082039                    /lib/x86_64-linux-gnu/ld-2.23.so
7efe5b07e000-7efe5b07f000 rw-p 00026000 08:15 7082039                    /lib/x86_64-linux-gnu/ld-2.23.so
7efe5b07f000-7efe5b080000 rw-p 00000000 00:00 0 
7ffc1233a000-7ffc1235c000 rw-p 00000000 00:00 0                          [stack]
7ffc1236f000-7ffc12371000 r--p 00000000 00:00 0                          [vvar]
7ffc12371000-7ffc12373000 r-xp 00000000 00:00 0                          [vdso]
ffffffffff600000-ffffffffff601000 r-xp 00000000 00:00 0                  [vsyscall]

VM Arguments:
jvm_args: -Djava.library.path=/home/noko/workspace/Java/Test/Test/LWJGL3 -Dfile.encoding=UTF-8 
java_command: engineTest.Main
java_class_path (initial): /home/nokorot/Workspace/Java/PS/PS 3.0.0/bin:/home/nokorot/Workspace/Java/PS/PS 3.0.0/LWJGL3/lwjgl.jar:/home/nokorot/Workspace/Java/PS/PS 3.0.0/LWJGL3/lwjgl-assimp-natives-linux.jar:/home/nokorot/Workspace/Java/PS/PS 3.0.0/LWJGL3/lwjgl-assimp.jar:/home/nokorot/Workspace/Java/PS/PS 3.0.0/LWJGL3/lwjgl-bgfx-natives-linux.jar:/home/nokorot/Workspace/Java/PS/PS 3.0.0/LWJGL3/lwjgl-bgfx.jar:/home/nokorot/Workspace/Java/PS/PS 3.0.0/LWJGL3/lwjgl-egl-sources.jar:/home/nokorot/Workspace/Java/PS/PS 3.0.0/LWJGL3/lwjgl-egl.jar:/home/nokorot/Workspace/Java/PS/PS 3.0.0/LWJGL3/lwjgl-glfw-natives-linux.jar:/home/nokorot/Workspace/Java/PS/PS 3.0.0/LWJGL3/lwjgl-glfw.jar:/home/nokorot/Workspace/Java/PS/PS 3.0.0/LWJGL3/lwjgl-jawt-javadoc.jar:/home/nokorot/Workspace/Java/PS/PS 3.0.0/LWJGL3/lwjgl-jawt.jar:/home/nokorot/Workspace/Java/PS/PS 3.0.0/LWJGL3/lwjgl-jemalloc-natives-linux.jar:/home/nokorot/Workspace/Java/PS/PS 3.0.0/LWJGL3/lwjgl-jemalloc.jar:/home/nokorot/Workspace/Java/PS/PS 3.0.0/LWJGL3/lwjgl-lmdb-natives-linux.jar:/home/nokorot/Workspace/Java/PS/PS 3.0.0/LWJGL3/lwjgl-lmdb.jar:/home/nokorot/Workspace/Java/PS/PS 3.0.0/LWJGL3/lwjgl-nanovg-natives-linux.jar:/home/nokorot/Workspace/Java/PS/PS 3.0.0/LWJGL3/lwjgl-nanovg.jar:/home/nokorot/Workspace/Java/PS/PS 3.0.0/LWJGL3/lwjgl-natives-linux.jar:/home/nokorot/Workspace/Java/PS/PS 3.0.0/LWJGL3/lwjgl-nfd-natives-linux.jar:/home/nokorot/Workspace/Java/PS/PS 3.0.0/LWJGL3/lwjgl-nfd.jar:/home/nokorot/Workspace/Java/PS/PS 3.0.0/LWJGL3/lwjgl-nuklear-natives-linux.jar:/home/nokorot/Workspace/Java/PS/PS 3.0.0/LWJGL3/lwjgl-nuklear.jar:/home/nokorot/Workspace/Java/PS/PS 3.0.0/LWJGL3/lwjgl-openal-natives-linux.jar:/home/nokorot/Workspace/Java/PS/PS 3.0.0/LWJGL3/lwjgl-openal.jar:/home/nokorot/Workspace/Java/PS/PS 3.0.0/LWJGL3/lwjgl-opencl.jar:/home/nokorot/Workspace/Java/PS/PS 3.0.0/LWJGL3/lwjgl-opengl-natives-linux.jar:/home/nokorot/Workspace/Java/PS/PS 3.0.0/LWJGL3/lwjgl-opengl.jar:/home/nokorot/Workspace/Java/PS/PS 3.
Launcher Type: SUN_STANDARD

Environment Variables:
JAVA_HOME=/usr/lib/jvm/java-8-oracle
PATH=/home/nokorot/.cabal/bin:/opt/cabal/1.22/bin:/opt/ghc/7.10.3/bin:/home/nokorot/.bin:/home/nokorot/bin:/home/nokorot/.local/bin:/usr/local/sbin:/usr/local/bin:/usr/sbin:/usr/bin:/sbin:/bin:/usr/games:/usr/local/games:/snap/bin:/usr/lib/jvm/java-8-oracle/bin:/usr/lib/jvm/java-8-oracle/db/bin:/usr/lib/jvm/java-8-oracle/jre/bin
USERNAME=nokorot
SHELL=/bin/bash
DISPLAY=:1

Signal Handlers:
SIGSEGV: [libjvm.so+0xac64b0], sa_mask[0]=11111111011111111101111111111110, sa_flags=SA_RESTART|SA_SIGINFO
SIGBUS: [libjvm.so+0xac64b0], sa_mask[0]=11111111011111111101111111111110, sa_flags=SA_RESTART|SA_SIGINFO
SIGFPE: [libjvm.so+0x91f950], sa_mask[0]=11111111011111111101111111111110, sa_flags=SA_RESTART|SA_SIGINFO
SIGPIPE: [libjvm.so+0x91f950], sa_mask[0]=11111111011111111101111111111110, sa_flags=SA_RESTART|SA_SIGINFO
SIGXFSZ: [libjvm.so+0x91f950], sa_mask[0]=11111111011111111101111111111110, sa_flags=SA_RESTART|SA_SIGINFO
SIGILL: [libjvm.so+0x91f950], sa_mask[0]=11111111011111111101111111111110, sa_flags=SA_RESTART|SA_SIGINFO
SIGUSR1: SIG_DFL, sa_mask[0]=00000000000000000000000000000000, sa_flags=none
SIGUSR2: [libjvm.so+0x920f80], sa_mask[0]=00100000000000000000000000000000, sa_flags=SA_RESTART|SA_SIGINFO
SIGHUP: [libjvm.so+0x922380], sa_mask[0]=11111111011111111101111111111110, sa_flags=SA_RESTART|SA_SIGINFO
SIGINT: [libjvm.so+0x922380], sa_mask[0]=11111111011111111101111111111110, sa_flags=SA_RESTART|SA_SIGINFO
SIGTERM: [libjvm.so+0x922380], sa_mask[0]=11111111011111111101111111111110, sa_flags=SA_RESTART|SA_SIGINFO
SIGQUIT: [libjvm.so+0x922380], sa_mask[0]=11111111011111111101111111111110, sa_flags=SA_RESTART|SA_SIGINFO


---------------  S Y S T E M  ---------------

OS:DISTRIB_ID=Ubuntu
DISTRIB_RELEASE=16.04
DISTRIB_CODENAME=xenial
DISTRIB_DESCRIPTION="Ubuntu 16.04.1 LTS"

uname:Linux 4.4.0-59-generic #80-Ubuntu SMP Fri Jan 6 17:47:47 UTC 2017 x86_64
libc:glibc 2.23 NPTL 2.23 
rlimit: STACK 8192k, CORE 0k, NPROC 31349, NOFILE 65536, AS infinity
load average:1,07 0,87 0,83

/proc/meminfo:
MemTotal:        8065832 kB
MemFree:          580772 kB
MemAvailable:    2733852 kB
Buffers:          193844 kB
Cached:          2997148 kB
SwapCached:         2404 kB
Active:          5157152 kB
Inactive:        1945040 kB
Active(anon):    3670576 kB
Inactive(anon):  1147968 kB
Active(file):    1486576 kB
Inactive(file):   797072 kB
Unevictable:         496 kB
Mlocked:             496 kB
SwapTotal:       1951740 kB
SwapFree:        1924648 kB
Dirty:              3376 kB
Writeback:             0 kB
AnonPages:       3909308 kB
Mapped:           859004 kB
Shmem:            907344 kB
Slab:             223916 kB
SReclaimable:     174328 kB
SUnreclaim:        49588 kB
KernelStack:       14144 kB
PageTables:        66036 kB
NFS_Unstable:          0 kB
Bounce:                0 kB
WritebackTmp:          0 kB
CommitLimit:     5984656 kB
Committed_AS:   11120132 kB
VmallocTotal:   34359738367 kB
VmallocUsed:           0 kB
VmallocChunk:          0 kB
HardwareCorrupted:     0 kB
AnonHugePages:   1912832 kB
CmaTotal:              0 kB
CmaFree:               0 kB
HugePages_Total:       0
HugePages_Free:        0
HugePages_Rsvd:        0
HugePages_Surp:        0
Hugepagesize:       2048 kB
DirectMap4k:      255272 kB
DirectMap2M:     8024064 kB


CPU:total 4 (2 cores per cpu, 2 threads per core) family 6 model 58 stepping 9, cmov, cx8, fxsr, mmx, sse, sse2, sse3, ssse3, sse4.1, sse4.2, popcnt, avx, aes, clmul, erms, ht, tsc, tscinvbit, tscinv

/proc/cpuinfo:
processor	: 0
vendor_id	: GenuineIntel
cpu family	: 6
model		: 58
model name	: Intel(R) Core(TM) i5-3210M CPU @ 2.50GHz
stepping	: 9
microcode	: 0x15
cpu MHz		: 2900.000
cache size	: 3072 KB
physical id	: 0
siblings	: 4
core id		: 0
cpu cores	: 2
apicid		: 0
initial apicid	: 0
fpu		: yes
fpu_exception	: yes
cpuid level	: 13
wp		: yes
flags		: fpu vme de pse tsc msr pae mce cx8 apic sep mtrr pge mca cmov pat pse36 clflush dts acpi mmx fxsr sse sse2 ss ht tm pbe syscall nx rdtscp lm constant_tsc arch_perfmon pebs bts rep_good nopl xtopology nonstop_tsc aperfmperf eagerfpu pni pclmulqdq dtes64 monitor ds_cpl vmx est tm2 ssse3 cx16 xtpr pdcm pcid sse4_1 sse4_2 x2apic popcnt tsc_deadline_timer aes xsave avx f16c rdrand lahf_lm epb tpr_shadow vnmi flexpriority ept vpid fsgsbase smep erms xsaveopt dtherm ida arat pln pts
bugs		:
bogomips	: 4989.04
clflush size	: 64
cache_alignment	: 64
address sizes	: 36 bits physical, 48 bits virtual
power management:

processor	: 1
vendor_id	: GenuineIntel
cpu family	: 6
model		: 58
model name	: Intel(R) Core(TM) i5-3210M CPU @ 2.50GHz
stepping	: 9
microcode	: 0x15
cpu MHz		: 2900.000
cache size	: 3072 KB
physical id	: 0
siblings	: 4
core id		: 1
cpu cores	: 2
apicid		: 2
initial apicid	: 2
fpu		: yes
fpu_exception	: yes
cpuid level	: 13
wp		: yes
flags		: fpu vme de pse tsc msr pae mce cx8 apic sep mtrr pge mca cmov pat pse36 clflush dts acpi mmx fxsr sse sse2 ss ht tm pbe syscall nx rdtscp lm constant_tsc arch_perfmon pebs bts rep_good nopl xtopology nonstop_tsc aperfmperf eagerfpu pni pclmulqdq dtes64 monitor ds_cpl vmx est tm2 ssse3 cx16 xtpr pdcm pcid sse4_1 sse4_2 x2apic popcnt tsc_deadline_timer aes xsave avx f16c rdrand lahf_lm epb tpr_shadow vnmi flexpriority ept vpid fsgsbase smep erms xsaveopt dtherm ida arat pln pts
bugs		:
bogomips	: 4989.04
clflush size	: 64
cache_alignment	: 64
address sizes	: 36 bits physical, 48 bits virtual
power management:

processor	: 2
vendor_id	: GenuineIntel
cpu family	: 6
model		: 58
model name	: Intel(R) Core(TM) i5-3210M CPU @ 2.50GHz
stepping	: 9
microcode	: 0x15
cpu MHz		: 2899.902
cache size	: 3072 KB
physical id	: 0
siblings	: 4
core id		: 0
cpu cores	: 2
apicid		: 1
initial apicid	: 1
fpu		: yes
fpu_exception	: yes
cpuid level	: 13
wp		: yes
flags		: fpu vme de pse tsc msr pae mce cx8 apic sep mtrr pge mca cmov pat pse36 clflush dts acpi mmx fxsr sse sse2 ss ht tm pbe syscall nx rdtscp lm constant_tsc arch_perfmon pebs bts rep_good nopl xtopology nonstop_tsc aperfmperf eagerfpu pni pclmulqdq dtes64 monitor ds_cpl vmx est tm2 ssse3 cx16 xtpr pdcm pcid sse4_1 sse4_2 x2apic popcnt tsc_deadline_timer aes xsave avx f16c rdrand lahf_lm epb tpr_shadow vnmi flexpriority ept vpid fsgsbase smep erms xsaveopt dtherm ida arat pln pts
bugs		:
bogomips	: 4989.04
clflush size	: 64
cache_alignment	: 64
address sizes	: 36 bits physical, 48 bits virtual
power management:

processor	: 3
vendor_id	: GenuineIntel
cpu family	: 6
model		: 58
model name	: Intel(R) Core(TM) i5-3210M CPU @ 2.50GHz
stepping	: 9
microcode	: 0x15
cpu MHz		: 2899.902
cache size	: 3072 KB
physical id	: 0
siblings	: 4
core id		: 1
cpu cores	: 2
apicid		: 3
initial apicid	: 3
fpu		: yes
fpu_exception	: yes
cpuid level	: 13
wp		: yes
flags		: fpu vme de pse tsc msr pae mce cx8 apic sep mtrr pge mca cmov pat pse36 clflush dts acpi mmx fxsr sse sse2 ss ht tm pbe syscall nx rdtscp lm constant_tsc arch_perfmon pebs bts rep_good nopl xtopology nonstop_tsc aperfmperf eagerfpu pni pclmulqdq dtes64 monitor ds_cpl vmx est tm2 ssse3 cx16 xtpr pdcm pcid sse4_1 sse4_2 x2apic popcnt tsc_deadline_timer aes xsave avx f16c rdrand lahf_lm epb tpr_shadow vnmi flexpriority ept vpid fsgsbase smep erms xsaveopt dtherm ida arat pln pts
bugs		:
bogomips	: 4989.04
clflush size	: 64
cache_alignment	: 64
address sizes	: 36 bits physical, 48 bits virtual
power management:



Memory: 4k page, physical 8065832k(580772k free), swap 1951740k(1924648k free)

vm_info: Java HotSpot(TM) 64-Bit Server VM (25.111-b14) for linux-amd64 JRE (1.8.0_111-b14), built on Sep 22 2016 16:14:03 by "java_re" with gcc 4.3.0 20080428 (Red Hat 4.3.0-8)

time: Sun Feb  5 01:31:46 2017
elapsed time: 0 seconds (0d 0h 0m 0s)

