#
# A fatal error has been detected by the Java Runtime Environment:
#
#  SIGSEGV (0xb) at pc=0x00007f62e1b5dd44, pid=1059, tid=0x00007f62e1f65700
#
# JRE version: Java(TM) SE Runtime Environment (8.0_111-b14) (build 1.8.0_111-b14)
# Java VM: Java HotSpot(TM) 64-Bit Server VM (25.111-b14 mixed mode linux-amd64 compressed oops)
# Problematic frame:
# C  [libpthread.so.0+0x9d44]  pthread_mutex_lock+0x4
#
# Failed to write core dump. Core dumps have been disabled. To enable core dumping, try "ulimit -c unlimited" before starting Java again
#
# If you would like to submit a bug report, please visit:
#   http://bugreport.java.com/bugreport/crash.jsp
# The crash happened outside the Java Virtual Machine in native code.
# See problematic frame for where to report the bug.
#

---------------  T H R E A D  ---------------

Current thread (0x00007f62dc00b000):  JavaThread "main" [_thread_in_native, id=1065, stack(0x00007f62e1e65000,0x00007f62e1f66000)]

siginfo: si_signo: 11 (SIGSEGV), si_code: 1 (SEGV_MAPERR), si_addr: 0x0000000000000010

Registers:
RAX=0x00007f628fcf1370, RBX=0x00007f62dc31bb10, RCX=0x0000000000000192, RDX=0x00007f62e1f63ca0
RSP=0x00007f62e1f63c10, RBP=0x00007f62e1f63c80, RSI=0x00007f62e1f63c90, RDI=0x0000000000000000
R8 =0x00007f62e1f63c80, R9 =0x00007f62dc317902, R10=0x00007f628fd76447, R11=0x0000000000000206
R12=0x00007f62e1f63c7c, R13=0x00007f62e1f63db8, R14=0x00007f62e1f63db0, R15=0x00007f62dc00b1f8
RIP=0x00007f62e1b5dd44, EFLAGS=0x0000000000010202, CSGSFS=0x0000000000000033, ERR=0x0000000000000004
  TRAPNO=0x000000000000000e

Top of Stack: (sp=0x00007f62e1f63c10)
0x00007f62e1f63c10:   0000000000000193 00007f628fd0bbfa
0x00007f62e1f63c20:   00007f62e1f63c90 00007f62e1f63ca0
0x00007f62e1f63c30:   0000000000000000 00007f62dc2c8d60
0x00007f62e1f63c40:   00007f62dc3055c0 a8e4dc95d4c68c00
0x00007f62e1f63c50:   00007f62dc2c8d60 00007f62dc3055c0
0x00007f62e1f63c60:   00007f62dc32d090 00007f628fce7f86
0x00007f62e1f63c70:   00007f62dc00b1f8 00007f62dc07a708
0x00007f62e1f63c80:   00007f62dc32d090 696c4369746c756d
0x00007f62e1f63c90:   0000019300000192 00007f6200000000
0x00007f62e1f63ca0:   0000015500000154 00007f6200000000
0x00007f62e1f63cb0:   0000000000000004 a8e4dc95d4c68c00
0x00007f62e1f63cc0:   00007f62dc32d090 00007f62e1f63d20
0x00007f62e1f63cd0:   00007f62dc3055c0 00007f62c8145981
0x00007f62e1f63ce0:   00007f62dc00b000 00007f62dc2c8d60
0x00007f62e1f63cf0:   00007f62e1f63d30 00007f62ca9abcb0
0x00007f62e1f63d00:   0000000000000000 00007f62ca9abcb0
0x00007f62e1f63d10:   00007f62e1f63dc8 00007f62dc00b000
0x00007f62e1f63d20:   00007f62e1f63d90 00007f62cbf7aa34
0x00007f62e1f63d30:   00007f62e1f63d90 00007f62cbf7a7b9
0x00007f62e1f63d40:   00007f62dc00b000 00007f62cbf7a782
0x00007f62e1f63d50:   00007f62e1f63d50 00007f62ca9abcb0
0x00007f62e1f63d60:   00007f62e1f63dc8 00007f62ca9af248
0x00007f62e1f63d70:   0000000000000000 00007f62ca9abcb0
0x00007f62e1f63d80:   0000000000000000 00007f62e1f63db0
0x00007f62e1f63d90:   00007f62e1f63e10 00007f62cbf6b040
0x00007f62e1f63da0:   00000000d7327a60 00007f62cbf7453b
0x00007f62e1f63db0:   00000000d74f4c78 00000000d6ff7c98
0x00007f62e1f63dc0:   00007f62dc2c8d60 00007f62cbf6add0
0x00007f62e1f63dd0:   00007f62e1f63dd0 00007f62cab3cbec
0x00007f62e1f63de0:   00007f62e1f63e28 00007f62cab47c28
0x00007f62e1f63df0:   0000000000000000 00007f62cab3cc90
0x00007f62e1f63e00:   00007f62e1f63db0 00007f62e1f63e30 

Instructions: (pc=0x00007f62e1b5dd44)
0x00007f62e1b5dd24:   f0 02 00 00 00 00 00 00 b8 82 00 00 00 e9 d8 f9
0x00007f62e1b5dd34:   ff ff 66 2e 0f 1f 84 00 00 00 00 00 48 83 ec 08
0x00007f62e1b5dd44:   8b 57 10 89 d1 81 e1 7f 01 00 00 90 89 d0 83 e0
0x00007f62e1b5dd54:   7c 0f 85 95 00 00 00 85 c9 49 89 f8 0f 85 9a 00 

Register to memory mapping:

RAX=0x00007f628fcf1370: <offset 0x2b370> in /usr/lib/x86_64-linux-gnu/libX11.so.6 at 0x00007f628fcc6000
RBX=0x00007f62dc31bb10 is an unknown value
RCX=0x0000000000000192 is an unknown value
RDX=0x00007f62e1f63ca0 is pointing into the stack for thread: 0x00007f62dc00b000
RSP=0x00007f62e1f63c10 is pointing into the stack for thread: 0x00007f62dc00b000
RBP=0x00007f62e1f63c80 is pointing into the stack for thread: 0x00007f62dc00b000
RSI=0x00007f62e1f63c90 is pointing into the stack for thread: 0x00007f62dc00b000
RDI=0x0000000000000000 is an unknown value
R8 =0x00007f62e1f63c80 is pointing into the stack for thread: 0x00007f62dc00b000
R9 =0x00007f62dc317902 is an unknown value
R10=0x00007f628fd76447: <offset 0xb0447> in /usr/lib/x86_64-linux-gnu/libX11.so.6 at 0x00007f628fcc6000
R11=0x0000000000000206 is an unknown value
R12=0x00007f62e1f63c7c is pointing into the stack for thread: 0x00007f62dc00b000
R13=0x00007f62e1f63db8 is pointing into the stack for thread: 0x00007f62dc00b000
R14=0x00007f62e1f63db0 is pointing into the stack for thread: 0x00007f62dc00b000
R15=0x00007f62dc00b1f8 is an unknown value


Stack: [0x00007f62e1e65000,0x00007f62e1f66000],  sp=0x00007f62e1f63c10,  free space=1019k
Native frames: (J=compiled Java code, j=interpreted, Vv=VM code, C=native code)
C  [libpthread.so.0+0x9d44]  pthread_mutex_lock+0x4
C  0x696c4369746c756d

Java frames: (J=compiled Java code, j=interpreted, Vv=VM code)
j  sun.awt.X11.XlibWrapper.XGetDefault(JLjava/lang/String;Ljava/lang/String;)Ljava/lang/String;+0
j  sun.awt.X11.XToolkit.initializeMultiClickTime()V+12
j  sun.awt.X11.XToolkit.getMultiClickTime()I+6
j  sun.awt.X11.XToolkit.initializeDesktopProperties()V+82
j  java.awt.Toolkit.getDesktopProperty(Ljava/lang/String;)Ljava/lang/Object;+32
j  sun.swing.SwingUtilities2$AATextInfo.getAATextInfo(Z)Lsun/swing/SwingUtilities2$AATextInfo;+11
j  javax.swing.plaf.metal.MetalLookAndFeel.initComponentDefaults(Ljavax/swing/UIDefaults;)V+12062
j  javax.swing.plaf.basic.BasicLookAndFeel.getDefaults()Ljavax/swing/UIDefaults;+25
j  javax.swing.plaf.metal.MetalLookAndFeel.getDefaults()Ljavax/swing/UIDefaults;+9
j  javax.swing.UIManager.setLookAndFeel(Ljavax/swing/LookAndFeel;)V+79
j  javax.swing.UIManager.setLookAndFeel(Ljava/lang/String;)V+16
j  javax.swing.UIManager.initializeDefaultLAF(Ljava/util/Properties;)V+55
j  javax.swing.UIManager.initialize()V+9
j  javax.swing.UIManager.maybeInitialize()V+22
j  javax.swing.UIManager.getUI(Ljavax/swing/JComponent;)Ljavax/swing/plaf/ComponentUI;+0
j  javax.swing.JPanel.updateUI()V+2
j  javax.swing.JPanel.<init>(Ljava/awt/LayoutManager;Z)V+24
j  javax.swing.JPanel.<init>(Z)V+9
j  javax.swing.JPanel.<init>()V+2
j  javax.swing.JRootPane.createGlassPane()Ljava/awt/Component;+4
j  javax.swing.JRootPane.<init>()V+11
j  javax.swing.JFrame.createRootPane()Ljavax/swing/JRootPane;+4
j  javax.swing.JFrame.frameInit()V+16
j  javax.swing.JFrame.<init>(Ljava/lang/String;)V+21
j  engineTest.Main.<init>()V+3
j  engineTest.Main.main([Ljava/lang/String;)V+20
v  ~StubRoutines::call_stub

---------------  P R O C E S S  ---------------

Java Threads: ( => current thread )
  0x00007f62dc323800 JavaThread "AWT-XAWT" daemon [_thread_in_native, id=1081, stack(0x00007f628db62000,0x00007f628dc63000)]
  0x00007f62dc2ff800 JavaThread "Java2D Disposer" daemon [_thread_blocked, id=1080, stack(0x00007f628e2c0000,0x00007f628e3c1000)]
  0x00007f62dc2c1800 JavaThread "Thread-0" [_thread_in_native, id=1079, stack(0x00007f628ef79000,0x00007f628f07a000)]
  0x00007f62dc0c2800 JavaThread "Service Thread" daemon [_thread_blocked, id=1077, stack(0x00007f62c8742000,0x00007f62c8843000)]
  0x00007f62dc0bf800 JavaThread "C1 CompilerThread2" daemon [_thread_blocked, id=1076, stack(0x00007f62c8843000,0x00007f62c8944000)]
  0x00007f62dc0bd800 JavaThread "C2 CompilerThread1" daemon [_thread_blocked, id=1075, stack(0x00007f62c8944000,0x00007f62c8a45000)]
  0x00007f62dc0bb000 JavaThread "C2 CompilerThread0" daemon [_thread_blocked, id=1074, stack(0x00007f62c8a45000,0x00007f62c8b46000)]
  0x00007f62dc0b9800 JavaThread "Signal Dispatcher" daemon [_thread_blocked, id=1073, stack(0x00007f62c8b46000,0x00007f62c8c47000)]
  0x00007f62dc085000 JavaThread "Finalizer" daemon [_thread_blocked, id=1072, stack(0x00007f62c909e000,0x00007f62c919f000)]
  0x00007f62dc080800 JavaThread "Reference Handler" daemon [_thread_blocked, id=1071, stack(0x00007f62c919f000,0x00007f62c92a0000)]
=>0x00007f62dc00b000 JavaThread "main" [_thread_in_native, id=1065, stack(0x00007f62e1e65000,0x00007f62e1f66000)]

Other Threads:
  0x00007f62dc079000 VMThread [stack: 0x00007f62c92a0000,0x00007f62c93a1000] [id=1070]
  0x00007f62dc0c5000 WatcherThread [stack: 0x00007f62c8641000,0x00007f62c8742000] [id=1078]

VM state:not at safepoint (normal execution)

VM Mutex/Monitor currently owned by a thread: None

Heap:
 PSYoungGen      total 36864K, used 7618K [0x00000000d6f80000, 0x00000000d9880000, 0x0000000100000000)
  eden space 31744K, 24% used [0x00000000d6f80000,0x00000000d76f0ba0,0x00000000d8e80000)
  from space 5120K, 0% used [0x00000000d9380000,0x00000000d9380000,0x00000000d9880000)
  to   space 5120K, 0% used [0x00000000d8e80000,0x00000000d8e80000,0x00000000d9380000)
 ParOldGen       total 84992K, used 0K [0x0000000084e00000, 0x000000008a100000, 0x00000000d6f80000)
  object space 84992K, 0% used [0x0000000084e00000,0x0000000084e00000,0x000000008a100000)
 Metaspace       used 8380K, capacity 8558K, committed 8704K, reserved 1056768K
  class space    used 913K, capacity 1000K, committed 1024K, reserved 1048576K

Card table byte_map: [0x00007f62cb7c9000,0x00007f62cbba3000] byte_map_base: 0x00007f62cb3a2000

Marking Bits: (ParMarkBitMap*) 0x00007f62e1344220
 Begin Bits: [0x00007f62b4270000, 0x00007f62b6138000)
 End Bits:   [0x00007f62b6138000, 0x00007f62b8000000)

Polling page: 0x00007f62e1f93000

CodeCache: size=245760Kb used=2200Kb max_used=2200Kb free=243559Kb
 bounds [0x00007f62cbf63000, 0x00007f62cc1d3000, 0x00007f62daf63000]
 total_blobs=1194 nmethods=408 adapters=700
 compilation: enabled

Compilation events (10 events):
Event: 0,364 Thread 0x00007f62dc0bf800  404       3       java.lang.invoke.MethodType::toMethodDescriptorString (21 bytes)
Event: 0,365 Thread 0x00007f62dc0bf800 nmethod 404 0x00007f62cc186fd0 code [0x00007f62cc1871e0, 0x00007f62cc187cd8]
Event: 0,365 Thread 0x00007f62dc0bf800  405       3       java.lang.reflect.Modifier::isFinal (13 bytes)
Event: 0,365 Thread 0x00007f62dc0bf800 nmethod 405 0x00007f62cc188410 code [0x00007f62cc188580, 0x00007f62cc188710]
Event: 0,366 Thread 0x00007f62dc0bf800  406       3       java.lang.invoke.MethodType$ConcurrentWeakInternSet$WeakEntry::equals (49 bytes)
Event: 0,366 Thread 0x00007f62dc0bf800 nmethod 406 0x00007f62cc188790 code [0x00007f62cc188920, 0x00007f62cc188f88]
Event: 0,366 Thread 0x00007f62dc0bf800  407       3       jdk.internal.org.objectweb.asm.Item::<init> (5 bytes)
Event: 0,366 Thread 0x00007f62dc0bf800 nmethod 407 0x00007f62cc189090 code [0x00007f62cc189200, 0x00007f62cc1893b0]
Event: 0,367 Thread 0x00007f62dc0bf800  408       3       java.lang.reflect.Modifier::isPublic (12 bytes)
Event: 0,367 Thread 0x00007f62dc0bf800 nmethod 408 0x00007f62cc189450 code [0x00007f62cc1895c0, 0x00007f62cc189750]

GC Heap History (0 events):
No events

Deoptimization events (1 events):
Event: 0,200 Thread 0x00007f62dc00b000 Uncommon trap: reason=null_check action=make_not_entrant pc=0x00007f62cc0cc284 method=java.lang.String.equals(Ljava/lang/Object;)Z @ 8

Internal exceptions (10 events):
Event: 0,025 Thread 0x00007f62dc00b000 Exception <a 'java/lang/NoSuchMethodError': Method sun.misc.Unsafe.prefetchRead(Ljava/lang/Object;J)V name or signature does not match> (0x00000000d6f87f60) thrown at [/HUDSON3/workspace/8-2-build-linux-amd64/jdk8u111/7883/hotspot/src/share/vm/prims/jni.c
Event: 0,095 Thread 0x00007f62dc00b000 Exception <a 'java/security/PrivilegedActionException'> (0x00000000d7011ef0) thrown at [/HUDSON3/workspace/8-2-build-linux-amd64/jdk8u111/7883/hotspot/src/share/vm/prims/jvm.cpp, line 1386]
Event: 0,095 Thread 0x00007f62dc00b000 Exception <a 'java/security/PrivilegedActionException'> (0x00000000d7012100) thrown at [/HUDSON3/workspace/8-2-build-linux-amd64/jdk8u111/7883/hotspot/src/share/vm/prims/jvm.cpp, line 1386]
Event: 0,095 Thread 0x00007f62dc00b000 Exception <a 'java/security/PrivilegedActionException'> (0x00000000d7014540) thrown at [/HUDSON3/workspace/8-2-build-linux-amd64/jdk8u111/7883/hotspot/src/share/vm/prims/jvm.cpp, line 1386]
Event: 0,095 Thread 0x00007f62dc00b000 Exception <a 'java/security/PrivilegedActionException'> (0x00000000d7014750) thrown at [/HUDSON3/workspace/8-2-build-linux-amd64/jdk8u111/7883/hotspot/src/share/vm/prims/jvm.cpp, line 1386]
Event: 0,156 Thread 0x00007f62dc00b000 Exception <a 'java/lang/NoSuchFieldError': method resolution failed> (0x00000000d717fe70) thrown at [/HUDSON3/workspace/8-2-build-linux-amd64/jdk8u111/7883/hotspot/src/share/vm/prims/methodHandles.cpp, line 1146]
Event: 0,159 Thread 0x00007f62dc00b000 Exception <a 'java/lang/NoSuchFieldError': method resolution failed> (0x00000000d718d640) thrown at [/HUDSON3/workspace/8-2-build-linux-amd64/jdk8u111/7883/hotspot/src/share/vm/prims/methodHandles.cpp, line 1146]
Event: 0,191 Thread 0x00007f62dc00b000 Exception <a 'java/io/FileNotFoundException'> (0x00000000d720d8b0) thrown at [/HUDSON3/workspace/8-2-build-linux-amd64/jdk8u111/7883/hotspot/src/share/vm/prims/jni.cpp, line 709]
Event: 0,191 Thread 0x00007f62dc00b000 Exception <a 'java/io/FileNotFoundException'> (0x00000000d720e268) thrown at [/HUDSON3/workspace/8-2-build-linux-amd64/jdk8u111/7883/hotspot/src/share/vm/prims/jni.cpp, line 709]
Event: 0,200 Thread 0x00007f62dc00b000 Implicit null exception at 0x00007f62cc0cc0a2 to 0x00007f62cc0cc275

Events (10 events):
Event: 0,361 loading class javax/swing/plaf/DimensionUIResource
Event: 0,361 loading class javax/swing/plaf/DimensionUIResource done
Event: 0,361 loading class javax/swing/UIDefaults$LazyInputMap
Event: 0,361 loading class javax/swing/UIDefaults$LazyInputMap done
Event: 0,364 loading class javax/swing/plaf/metal/MetalLookAndFeel$FontActiveValue
Event: 0,364 loading class javax/swing/plaf/metal/MetalLookAndFeel$FontActiveValue done
Event: 0,367 loading class sun/swing/SwingUtilities2$AATextInfo
Event: 0,367 loading class sun/swing/SwingUtilities2$AATextInfo done
Event: 0,367 loading class sun/awt/HeadlessToolkit
Event: 0,367 loading class sun/awt/HeadlessToolkit done


Dynamic libraries:
00400000-00401000 r-xp 00000000 08:15 12855452                           /usr/lib/jvm/java-8-oracle/bin/java
00600000-00601000 rw-p 00000000 08:15 12855452                           /usr/lib/jvm/java-8-oracle/bin/java
02421000-02442000 rw-p 00000000 00:00 0                                  [heap]
84e00000-8a100000 rw-p 00000000 00:00 0 
8a100000-d6f80000 ---p 00000000 00:00 0 
d6f80000-d9880000 rw-p 00000000 00:00 0 
d9880000-100000000 ---p 00000000 00:00 0 
100000000-100100000 rw-p 00000000 00:00 0 
100100000-140000000 ---p 00000000 00:00 0 
7f6280000000-7f6280021000 rw-p 00000000 00:00 0 
7f6280021000-7f6284000000 ---p 00000000 00:00 0 
7f6284000000-7f6284021000 rw-p 00000000 00:00 0 
7f6284021000-7f6288000000 ---p 00000000 00:00 0 
7f6288000000-7f62881a4000 rw-p 00000000 00:00 0 
7f62881a4000-7f628c000000 ---p 00000000 00:00 0 
7f628cbca000-7f628cbcb000 r-xp 00000000 08:15 12329465                   /usr/lib/x86_64-linux-gnu/libX11-xcb.so.1.0.0
7f628cbcb000-7f628cdca000 ---p 00001000 08:15 12329465                   /usr/lib/x86_64-linux-gnu/libX11-xcb.so.1.0.0
7f628cdca000-7f628cdcb000 r--p 00000000 08:15 12329465                   /usr/lib/x86_64-linux-gnu/libX11-xcb.so.1.0.0
7f628cdcb000-7f628cdcc000 rw-p 00001000 08:15 12329465                   /usr/lib/x86_64-linux-gnu/libX11-xcb.so.1.0.0
7f628cdcc000-7f628cdd1000 r-xp 00000000 08:15 12329520                   /usr/lib/x86_64-linux-gnu/libXxf86vm.so.1.0.0
7f628cdd1000-7f628cfd0000 ---p 00005000 08:15 12329520                   /usr/lib/x86_64-linux-gnu/libXxf86vm.so.1.0.0
7f628cfd0000-7f628cfd1000 r--p 00004000 08:15 12329520                   /usr/lib/x86_64-linux-gnu/libXxf86vm.so.1.0.0
7f628cfd1000-7f628cfd2000 rw-p 00005000 08:15 12329520                   /usr/lib/x86_64-linux-gnu/libXxf86vm.so.1.0.0
7f628cfd2000-7f628cfd4000 r-xp 00000000 08:15 12329494                   /usr/lib/x86_64-linux-gnu/libXinerama.so.1.0.0
7f628cfd4000-7f628d1d3000 ---p 00002000 08:15 12329494                   /usr/lib/x86_64-linux-gnu/libXinerama.so.1.0.0
7f628d1d3000-7f628d1d4000 r--p 00001000 08:15 12329494                   /usr/lib/x86_64-linux-gnu/libXinerama.so.1.0.0
7f628d1d4000-7f628d1d5000 rw-p 00002000 08:15 12329494                   /usr/lib/x86_64-linux-gnu/libXinerama.so.1.0.0
7f628d1d5000-7f628d1df000 r-xp 00000000 08:15 12329502                   /usr/lib/x86_64-linux-gnu/libXrandr.so.2.2.0
7f628d1df000-7f628d3de000 ---p 0000a000 08:15 12329502                   /usr/lib/x86_64-linux-gnu/libXrandr.so.2.2.0
7f628d3de000-7f628d3df000 r--p 00009000 08:15 12329502                   /usr/lib/x86_64-linux-gnu/libXrandr.so.2.2.0
7f628d3df000-7f628d3e0000 rw-p 0000a000 08:15 12329502                   /usr/lib/x86_64-linux-gnu/libXrandr.so.2.2.0
7f628d3e0000-7f628d3fe000 r-xp 00000000 08:15 1466952                    /tmp/lwjglnokorot/3.1.1-build-16/libglfw.so
7f628d3fe000-7f628d5fd000 ---p 0001e000 08:15 1466952                    /tmp/lwjglnokorot/3.1.1-build-16/libglfw.so
7f628d5fd000-7f628d5fe000 r--p 0001d000 08:15 1466952                    /tmp/lwjglnokorot/3.1.1-build-16/libglfw.so
7f628d5fe000-7f628d5ff000 rw-p 0001e000 08:15 1466952                    /tmp/lwjglnokorot/3.1.1-build-16/libglfw.so
7f628d5ff000-7f628d600000 rw-p 00000000 00:00 0 
7f628d600000-7f628d800000 rw-p 00000000 00:00 0 
7f628d925000-7f628d95e000 r-xp 00000000 08:15 1466951                    /tmp/lwjglnokorot/3.1.1-build-16/libjemalloc.so
7f628d95e000-7f628db5d000 ---p 00039000 08:15 1466951                    /tmp/lwjglnokorot/3.1.1-build-16/libjemalloc.so
7f628db5d000-7f628db60000 r--p 00038000 08:15 1466951                    /tmp/lwjglnokorot/3.1.1-build-16/libjemalloc.so
7f628db60000-7f628db61000 rw-p 0003b000 08:15 1466951                    /tmp/lwjglnokorot/3.1.1-build-16/libjemalloc.so
7f628db61000-7f628db62000 rw-p 00000000 00:00 0 
7f628db62000-7f628db65000 ---p 00000000 00:00 0 
7f628db65000-7f628dc63000 rw-p 00000000 00:00 0 
7f628dc63000-7f628dcae000 r-xp 00000000 08:15 1466950                    /tmp/lwjglnokorot/3.1.1-build-16/liblwjgl.so
7f628dcae000-7f628deae000 ---p 0004b000 08:15 1466950                    /tmp/lwjglnokorot/3.1.1-build-16/liblwjgl.so
7f628deae000-7f628deaf000 r--p 0004b000 08:15 1466950                    /tmp/lwjglnokorot/3.1.1-build-16/liblwjgl.so
7f628deaf000-7f628deb0000 rw-p 0004c000 08:15 1466950                    /tmp/lwjglnokorot/3.1.1-build-16/liblwjgl.so
7f628deb0000-7f628deb5000 r-xp 00000000 08:15 12329486                   /usr/lib/x86_64-linux-gnu/libXfixes.so.3.1.0
7f628deb5000-7f628e0b4000 ---p 00005000 08:15 12329486                   /usr/lib/x86_64-linux-gnu/libXfixes.so.3.1.0
7f628e0b4000-7f628e0b5000 r--p 00004000 08:15 12329486                   /usr/lib/x86_64-linux-gnu/libXfixes.so.3.1.0
7f628e0b5000-7f628e0b6000 rw-p 00005000 08:15 12329486                   /usr/lib/x86_64-linux-gnu/libXfixes.so.3.1.0
7f628e0b6000-7f628e0bf000 r-xp 00000000 08:15 12329478                   /usr/lib/x86_64-linux-gnu/libXcursor.so.1.0.2
7f628e0bf000-7f628e2be000 ---p 00009000 08:15 12329478                   /usr/lib/x86_64-linux-gnu/libXcursor.so.1.0.2
7f628e2be000-7f628e2bf000 r--p 00008000 08:15 12329478                   /usr/lib/x86_64-linux-gnu/libXcursor.so.1.0.2
7f628e2bf000-7f628e2c0000 rw-p 00009000 08:15 12329478                   /usr/lib/x86_64-linux-gnu/libXcursor.so.1.0.2
7f628e2c0000-7f628e2c3000 ---p 00000000 00:00 0 
7f628e2c3000-7f628e6c2000 rw-p 00000000 00:00 0 
7f628e6c2000-7f628e6d8000 r-xp 00000000 08:15 12980356                   /usr/lib/jvm/java-8-oracle/jre/lib/amd64/libnet.so
7f628e6d8000-7f628e8d8000 ---p 00016000 08:15 12980356                   /usr/lib/jvm/java-8-oracle/jre/lib/amd64/libnet.so
7f628e8d8000-7f628e8d9000 rw-p 00016000 08:15 12980356                   /usr/lib/jvm/java-8-oracle/jre/lib/amd64/libnet.so
7f628e8d9000-7f628e8ea000 r-xp 00000000 08:15 12980591                   /usr/lib/jvm/java-8-oracle/jre/lib/amd64/libnio.so
7f628e8ea000-7f628eae9000 ---p 00011000 08:15 12980591                   /usr/lib/jvm/java-8-oracle/jre/lib/amd64/libnio.so
7f628eae9000-7f628eaea000 rw-p 00010000 08:15 12980591                   /usr/lib/jvm/java-8-oracle/jre/lib/amd64/libnio.so
7f628eaea000-7f628eb00000 r-xp 00000000 08:15 7082441                    /lib/x86_64-linux-gnu/libgcc_s.so.1
7f628eb00000-7f628ecff000 ---p 00016000 08:15 7082441                    /lib/x86_64-linux-gnu/libgcc_s.so.1
7f628ecff000-7f628ed00000 rw-p 00015000 08:15 7082441                    /lib/x86_64-linux-gnu/libgcc_s.so.1
7f628ed00000-7f628ed65000 r-xp 00000000 08:15 12980585                   /usr/lib/jvm/java-8-oracle/jre/lib/amd64/libfontmanager.so
7f628ed65000-7f628ef64000 ---p 00065000 08:15 12980585                   /usr/lib/jvm/java-8-oracle/jre/lib/amd64/libfontmanager.so
7f628ef64000-7f628ef69000 rw-p 00064000 08:15 12980585                   /usr/lib/jvm/java-8-oracle/jre/lib/amd64/libfontmanager.so
7f628ef69000-7f628ef79000 rw-p 00000000 00:00 0 
7f628ef79000-7f628ef7c000 ---p 00000000 00:00 0 
7f628ef7c000-7f628f07a000 rw-p 00000000 00:00 0 
7f628f07a000-7f628f07f000 r-xp 00000000 08:15 12329482                   /usr/lib/x86_64-linux-gnu/libXdmcp.so.6.0.0
7f628f07f000-7f628f27e000 ---p 00005000 08:15 12329482                   /usr/lib/x86_64-linux-gnu/libXdmcp.so.6.0.0
7f628f27e000-7f628f27f000 r--p 00004000 08:15 12329482                   /usr/lib/x86_64-linux-gnu/libXdmcp.so.6.0.0
7f628f27f000-7f628f280000 rw-p 00005000 08:15 12329482                   /usr/lib/x86_64-linux-gnu/libXdmcp.so.6.0.0
7f628f280000-7f628f282000 r-xp 00000000 08:15 12329471                   /usr/lib/x86_64-linux-gnu/libXau.so.6.0.0
7f628f282000-7f628f482000 ---p 00002000 08:15 12329471                   /usr/lib/x86_64-linux-gnu/libXau.so.6.0.0
7f628f482000-7f628f483000 r--p 00002000 08:15 12329471                   /usr/lib/x86_64-linux-gnu/libXau.so.6.0.0
7f628f483000-7f628f484000 rw-p 00003000 08:15 12329471                   /usr/lib/x86_64-linux-gnu/libXau.so.6.0.0
7f628f484000-7f628f4a5000 r-xp 00000000 08:15 12330820                   /usr/lib/x86_64-linux-gnu/libxcb.so.1.1.0
7f628f4a5000-7f628f6a4000 ---p 00021000 08:15 12330820                   /usr/lib/x86_64-linux-gnu/libxcb.so.1.1.0
7f628f6a4000-7f628f6a5000 r--p 00020000 08:15 12330820                   /usr/lib/x86_64-linux-gnu/libxcb.so.1.1.0
7f628f6a5000-7f628f6a6000 rw-p 00021000 08:15 12330820                   /usr/lib/x86_64-linux-gnu/libxcb.so.1.1.0
7f628f6a6000-7f628f6b5000 r-xp 00000000 08:15 12329492                   /usr/lib/x86_64-linux-gnu/libXi.so.6.1.0
7f628f6b5000-7f628f8b4000 ---p 0000f000 08:15 12329492                   /usr/lib/x86_64-linux-gnu/libXi.so.6.1.0
7f628f8b4000-7f628f8b5000 r--p 0000e000 08:15 12329492                   /usr/lib/x86_64-linux-gnu/libXi.so.6.1.0
7f628f8b5000-7f628f8b6000 rw-p 0000f000 08:15 12329492                   /usr/lib/x86_64-linux-gnu/libXi.so.6.1.0
7f628f8b6000-7f628f8bb000 r-xp 00000000 08:15 12329510                   /usr/lib/x86_64-linux-gnu/libXtst.so.6.1.0
7f628f8bb000-7f628faba000 ---p 00005000 08:15 12329510                   /usr/lib/x86_64-linux-gnu/libXtst.so.6.1.0
7f628faba000-7f628fabb000 r--p 00004000 08:15 12329510                   /usr/lib/x86_64-linux-gnu/libXtst.so.6.1.0
7f628fabb000-7f628fabc000 rw-p 00005000 08:15 12329510                   /usr/lib/x86_64-linux-gnu/libXtst.so.6.1.0
7f628fabc000-7f628fac5000 r-xp 00000000 08:15 12329504                   /usr/lib/x86_64-linux-gnu/libXrender.so.1.3.0
7f628fac5000-7f628fcc4000 ---p 00009000 08:15 12329504                   /usr/lib/x86_64-linux-gnu/libXrender.so.1.3.0
7f628fcc4000-7f628fcc5000 r--p 00008000 08:15 12329504                   /usr/lib/x86_64-linux-gnu/libXrender.so.1.3.0
7f628fcc5000-7f628fcc6000 rw-p 00009000 08:15 12329504                   /usr/lib/x86_64-linux-gnu/libXrender.so.1.3.0
7f628fcc6000-7f628fdfb000 r-xp 00000000 08:15 12329467                   /usr/lib/x86_64-linux-gnu/libX11.so.6.3.0
7f628fdfb000-7f628fffb000 ---p 00135000 08:15 12329467                   /usr/lib/x86_64-linux-gnu/libX11.so.6.3.0
7f628fffb000-7f628fffc000 r--p 00135000 08:15 12329467                   /usr/lib/x86_64-linux-gnu/libX11.so.6.3.0
7f628fffc000-7f6290000000 rw-p 00136000 08:15 12329467                   /usr/lib/x86_64-linux-gnu/libX11.so.6.3.0
7f6290000000-7f6290021000 rw-p 00000000 00:00 0 
7f6290021000-7f6294000000 ---p 00000000 00:00 0 
7f6294000000-7f6294021000 rw-p 00000000 00:00 0 
7f6294021000-7f6298000000 ---p 00000000 00:00 0 
7f6298000000-7f62980f7000 rw-p 00000000 00:00 0 
7f62980f7000-7f629c000000 ---p 00000000 00:00 0 
7f629c000000-7f629c1a6000 rw-p 00000000 00:00 0 
7f629c1a6000-7f62a0000000 ---p 00000000 00:00 0 
7f62a0000000-7f62a0021000 rw-p 00000000 00:00 0 
7f62a0021000-7f62a4000000 ---p 00000000 00:00 0 
7f62a4000000-7f62a4096000 rw-p 00000000 00:00 0 
7f62a4096000-7f62a8000000 ---p 00000000 00:00 0 
7f62a8000000-7f62a8021000 rw-p 00000000 00:00 0 
7f62a8021000-7f62ac000000 ---p 00000000 00:00 0 
7f62ac000000-7f62ac021000 rw-p 00000000 00:00 0 
7f62ac021000-7f62b0000000 ---p 00000000 00:00 0 
7f62b0000000-7f62b0021000 rw-p 00000000 00:00 0 
7f62b0021000-7f62b4000000 ---p 00000000 00:00 0 
7f62b405e000-7f62b406f000 r-xp 00000000 08:15 12329484                   /usr/lib/x86_64-linux-gnu/libXext.so.6.4.0
7f62b406f000-7f62b426e000 ---p 00011000 08:15 12329484                   /usr/lib/x86_64-linux-gnu/libXext.so.6.4.0
7f62b426e000-7f62b426f000 r--p 00010000 08:15 12329484                   /usr/lib/x86_64-linux-gnu/libXext.so.6.4.0
7f62b426f000-7f62b4270000 rw-p 00011000 08:15 12329484                   /usr/lib/x86_64-linux-gnu/libXext.so.6.4.0
7f62b4270000-7f62b8000000 rw-p 00000000 00:00 0 
7f62b8000000-7f62b8021000 rw-p 00000000 00:00 0 
7f62b8021000-7f62bc000000 ---p 00000000 00:00 0 
7f62bc000000-7f62bc021000 rw-p 00000000 00:00 0 
7f62bc021000-7f62c0000000 ---p 00000000 00:00 0 
7f62c0000000-7f62c0021000 rw-p 00000000 00:00 0 
7f62c0021000-7f62c4000000 ---p 00000000 00:00 0 
7f62c4000000-7f62c4021000 rw-p 00000000 00:00 0 
7f62c4021000-7f62c8000000 ---p 00000000 00:00 0 
7f62c80d8000-7f62c80d9000 rwxp 00000000 00:00 0 
7f62c80d9000-7f62c80da000 r--s 00004000 08:15 13654818                   /home/nokorot/Workspace/Java/PS/PS 3.0.0/LWJGL3/lwjgl-xxhash.jar
7f62c80da000-7f62c80db000 r--s 00001000 08:15 13654817                   /home/nokorot/Workspace/Java/PS/PS 3.0.0/LWJGL3/lwjgl-xxhash-natives-linux.jar
7f62c80db000-7f62c80e4000 r--s 000a6000 08:15 13654825                   /home/nokorot/Workspace/Java/PS/PS 3.0.0/LWJGL3/lwjgl-vulkan.jar
7f62c80e4000-7f62c80e9000 r--s 000ac000 08:15 13654824                   /home/nokorot/Workspace/Java/PS/PS 3.0.0/LWJGL3/lwjgl-vulkan-sources.jar
7f62c80e9000-7f62c80ea000 r--s 00001000 08:15 13654813                   /home/nokorot/Workspace/Java/PS/PS 3.0.0/LWJGL3/lwjgl-tinyfd.jar
7f62c80ea000-7f62c80eb000 r--s 00007000 08:15 13654815                   /home/nokorot/Workspace/Java/PS/PS 3.0.0/LWJGL3/lwjgl-tinyfd-natives-linux.jar
7f62c80eb000-7f62c80ee000 r--s 00012000 08:15 13654809                   /home/nokorot/Workspace/Java/PS/PS 3.0.0/LWJGL3/lwjgl-stb.jar
7f62c80ee000-7f62c80ef000 r--s 0002c000 08:15 13654808                   /home/nokorot/Workspace/Java/PS/PS 3.0.0/LWJGL3/lwjgl-stb-natives-linux.jar
7f62c80ef000-7f62c80f0000 r--s 00000000 08:15 13654803                   /home/nokorot/Workspace/Java/PS/PS 3.0.0/LWJGL3/lwjgl-sse.jar
7f62c80f0000-7f62c80f1000 r--s 00000000 08:15 13654802                   /home/nokorot/Workspace/Java/PS/PS 3.0.0/LWJGL3/lwjgl-sse-natives-linux.jar
7f62c80f1000-7f62c80f3000 r--s 00058000 08:15 13654804                   /home/nokorot/Workspace/Java/PS/PS 3.0.0/LWJGL3/lwjgl-sse-javadoc.jar
7f62c80f3000-7f62c80f5000 r--s 00001000 08:15 13654799                   /home/nokorot/Workspace/Java/PS/PS 3.0.0/LWJGL3/lwjgl-par.jar
7f62c80f5000-7f62c80f6000 r--s 00005000 08:15 13654795                   /home/nokorot/Workspace/Java/PS/PS 3.0.0/LWJGL3/lwjgl-par-natives-linux.jar
7f62c80f6000-7f62c80fc000 r--s 00048000 08:15 13654794                   /home/nokorot/Workspace/Java/PS/PS 3.0.0/LWJGL3/lwjgl-opengles.jar
7f62c80fc000-7f62c80fd000 r--s 00007000 08:15 13654792                   /home/nokorot/Workspace/Java/PS/PS 3.0.0/LWJGL3/lwjgl-opengles-natives-linux.jar
7f62c80fd000-7f62c8106000 r--s 000ba000 08:15 13654797                   /home/nokorot/Workspace/Java/PS/PS 3.0.0/LWJGL3/lwjgl-opengl.jar
7f62c8106000-7f62c8107000 r--s 00015000 08:15 13654789                   /home/nokorot/Workspace/Java/PS/PS 3.0.0/LWJGL3/lwjgl-opengl-natives-linux.jar
7f62c8107000-7f62c810a000 r--s 00023000 08:15 13654790                   /home/nokorot/Workspace/Java/PS/PS 3.0.0/LWJGL3/lwjgl-opencl.jar
7f62c810a000-7f62c810c000 r--s 00010000 08:15 13654776                   /home/nokorot/Workspace/Java/PS/PS 3.0.0/LWJGL3/lwjgl-openal.jar
7f62c810c000-7f62c810d000 r--s 0004a000 08:15 13654787                   /home/nokorot/Workspace/Java/PS/PS 3.0.0/LWJGL3/lwjgl-openal-natives-linux.jar
7f62c810d000-7f62c8112000 r--s 00054000 08:15 13654782                   /home/nokorot/Workspace/Java/PS/PS 3.0.0/LWJGL3/lwjgl-nuklear.jar
7f62c8112000-7f62c8113000 r--s 0001f000 08:15 13654772                   /home/nokorot/Workspace/Java/PS/PS 3.0.0/LWJGL3/lwjgl-nuklear-natives-linux.jar
7f62c8113000-7f62c8114000 r--s 00001000 08:15 13654766                   /home/nokorot/Workspace/Java/PS/PS 3.0.0/LWJGL3/lwjgl-nfd.jar
7f62c8114000-7f62c8115000 r--s 00001000 08:15 13654764                   /home/nokorot/Workspace/Java/PS/PS 3.0.0/LWJGL3/lwjgl-nfd-natives-linux.jar
7f62c8115000-7f62c8116000 r--s 00011000 08:15 13654822                   /home/nokorot/Workspace/Java/PS/PS 3.0.0/LWJGL3/lwjgl-natives-linux.jar
7f62c8116000-7f62c816a000 r-xp 00000000 08:15 12980593                   /usr/lib/jvm/java-8-oracle/jre/lib/amd64/libawt_xawt.so
7f62c816a000-7f62c836a000 ---p 00054000 08:15 12980593                   /usr/lib/jvm/java-8-oracle/jre/lib/amd64/libawt_xawt.so
7f62c836a000-7f62c836e000 rw-p 00054000 08:15 12980593                   /usr/lib/jvm/java-8-oracle/jre/lib/amd64/libawt_xawt.so
7f62c836e000-7f62c836f000 rw-p 00000000 00:00 0 
7f62c836f000-7f62c8411000 r-xp 00000000 08:15 12980626                   /usr/lib/jvm/java-8-oracle/jre/lib/amd64/libawt.so
7f62c8411000-7f62c8611000 ---p 000a2000 08:15 12980626                   /usr/lib/jvm/java-8-oracle/jre/lib/amd64/libawt.so
7f62c8611000-7f62c861d000 rw-p 000a2000 08:15 12980626                   /usr/lib/jvm/java-8-oracle/jre/lib/amd64/libawt.so
7f62c861d000-7f62c8641000 rw-p 00000000 00:00 0 
7f62c8641000-7f62c8642000 ---p 00000000 00:00 0 
7f62c8642000-7f62c8742000 rw-p 00000000 00:00 0 
7f62c8742000-7f62c8745000 ---p 00000000 00:00 0 
7f62c8745000-7f62c8843000 rw-p 00000000 00:00 0 
7f62c8843000-7f62c8846000 ---p 00000000 00:00 0 
7f62c8846000-7f62c8944000 rw-p 00000000 00:00 0 
7f62c8944000-7f62c8947000 ---p 00000000 00:00 0 
7f62c8947000-7f62c8a45000 rw-p 00000000 00:00 0 
7f62c8a45000-7f62c8a48000 ---p 00000000 00:00 0 
7f62c8a48000-7f62c8b46000 rw-p 00000000 00:00 0 
7f62c8b46000-7f62c8b49000 ---p 00000000 00:00 0 
7f62c8b49000-7f62c8c47000 rw-p 00000000 00:00 0 
7f62c8c47000-7f62c909e000 r--p 00000000 08:15 12322328                   /usr/lib/locale/locale-archive
7f62c909e000-7f62c90a1000 ---p 00000000 00:00 0 
7f62c90a1000-7f62c919f000 rw-p 00000000 00:00 0 
7f62c919f000-7f62c91a2000 ---p 00000000 00:00 0 
7f62c91a2000-7f62c92a0000 rw-p 00000000 00:00 0 
7f62c92a0000-7f62c92a1000 ---p 00000000 00:00 0 
7f62c92a1000-7f62ca383000 rw-p 00000000 00:00 0 
7f62ca383000-7f62ca55b000 r--s 03d2a000 08:15 12855517                   /usr/lib/jvm/java-8-oracle/jre/lib/rt.jar
7f62ca55b000-7f62cacdb000 rw-p 00000000 00:00 0 
7f62cacdb000-7f62cad5b000 ---p 00000000 00:00 0 
7f62cad5b000-7f62cb134000 rw-p 00000000 00:00 0 
7f62cb134000-7f62cb135000 ---p 00000000 00:00 0 
7f62cb135000-7f62cb235000 rw-p 00000000 00:00 0 
7f62cb235000-7f62cb236000 ---p 00000000 00:00 0 
7f62cb236000-7f62cb336000 rw-p 00000000 00:00 0 
7f62cb336000-7f62cb337000 ---p 00000000 00:00 0 
7f62cb337000-7f62cb437000 rw-p 00000000 00:00 0 
7f62cb437000-7f62cb438000 ---p 00000000 00:00 0 
7f62cb438000-7f62cb562000 rw-p 00000000 00:00 0 
7f62cb562000-7f62cb7c9000 ---p 00000000 00:00 0 
7f62cb7c9000-7f62cb7f3000 rw-p 00000000 00:00 0 
7f62cb7f3000-7f62cba59000 ---p 00000000 00:00 0 
7f62cba59000-7f62cba6f000 rw-p 00000000 00:00 0 
7f62cba6f000-7f62cbba2000 ---p 00000000 00:00 0 
7f62cbba2000-7f62cbbad000 rw-p 00000000 00:00 0 
7f62cbbad000-7f62cbf63000 ---p 00000000 00:00 0 
7f62cbf63000-7f62cc1d3000 rwxp 00000000 00:00 0 
7f62cc1d3000-7f62daf63000 ---p 00000000 00:00 0 
7f62daf63000-7f62daf7d000 r-xp 00000000 08:15 12980589                   /usr/lib/jvm/java-8-oracle/jre/lib/amd64/libzip.so
7f62daf7d000-7f62db17d000 ---p 0001a000 08:15 12980589                   /usr/lib/jvm/java-8-oracle/jre/lib/amd64/libzip.so
7f62db17d000-7f62db17e000 rw-p 0001a000 08:15 12980589                   /usr/lib/jvm/java-8-oracle/jre/lib/amd64/libzip.so
7f62db17e000-7f62db189000 r-xp 00000000 08:15 7082071                    /lib/x86_64-linux-gnu/libnss_files-2.23.so
7f62db189000-7f62db388000 ---p 0000b000 08:15 7082071                    /lib/x86_64-linux-gnu/libnss_files-2.23.so
7f62db388000-7f62db389000 r--p 0000a000 08:15 7082071                    /lib/x86_64-linux-gnu/libnss_files-2.23.so
7f62db389000-7f62db38a000 rw-p 0000b000 08:15 7082071                    /lib/x86_64-linux-gnu/libnss_files-2.23.so
7f62db38a000-7f62db390000 rw-p 00000000 00:00 0 
7f62db390000-7f62db39b000 r-xp 00000000 08:15 7082047                    /lib/x86_64-linux-gnu/libnss_nis-2.23.so
7f62db39b000-7f62db59a000 ---p 0000b000 08:15 7082047                    /lib/x86_64-linux-gnu/libnss_nis-2.23.so
7f62db59a000-7f62db59b000 r--p 0000a000 08:15 7082047                    /lib/x86_64-linux-gnu/libnss_nis-2.23.so
7f62db59b000-7f62db59c000 rw-p 0000b000 08:15 7082047                    /lib/x86_64-linux-gnu/libnss_nis-2.23.so
7f62db59c000-7f62db5b2000 r-xp 00000000 08:15 7082063                    /lib/x86_64-linux-gnu/libnsl-2.23.so
7f62db5b2000-7f62db7b1000 ---p 00016000 08:15 7082063                    /lib/x86_64-linux-gnu/libnsl-2.23.so
7f62db7b1000-7f62db7b2000 r--p 00015000 08:15 7082063                    /lib/x86_64-linux-gnu/libnsl-2.23.so
7f62db7b2000-7f62db7b3000 rw-p 00016000 08:15 7082063                    /lib/x86_64-linux-gnu/libnsl-2.23.so
7f62db7b3000-7f62db7b5000 rw-p 00000000 00:00 0 
7f62db7b5000-7f62db7bd000 r-xp 00000000 08:15 7082065                    /lib/x86_64-linux-gnu/libnss_compat-2.23.so
7f62db7bd000-7f62db9bc000 ---p 00008000 08:15 7082065                    /lib/x86_64-linux-gnu/libnss_compat-2.23.so
7f62db9bc000-7f62db9bd000 r--p 00007000 08:15 7082065                    /lib/x86_64-linux-gnu/libnss_compat-2.23.so
7f62db9bd000-7f62db9be000 rw-p 00008000 08:15 7082065                    /lib/x86_64-linux-gnu/libnss_compat-2.23.so
7f62db9be000-7f62db9e9000 r-xp 00000000 08:15 12980616                   /usr/lib/jvm/java-8-oracle/jre/lib/amd64/libjava.so
7f62db9e9000-7f62dbbe8000 ---p 0002b000 08:15 12980616                   /usr/lib/jvm/java-8-oracle/jre/lib/amd64/libjava.so
7f62dbbe8000-7f62dbbea000 rw-p 0002a000 08:15 12980616                   /usr/lib/jvm/java-8-oracle/jre/lib/amd64/libjava.so
7f62dbbea000-7f62dbbf7000 r-xp 00000000 08:15 12980358                   /usr/lib/jvm/java-8-oracle/jre/lib/amd64/libverify.so
7f62dbbf7000-7f62dbdf6000 ---p 0000d000 08:15 12980358                   /usr/lib/jvm/java-8-oracle/jre/lib/amd64/libverify.so
7f62dbdf6000-7f62dbdf8000 rw-p 0000c000 08:15 12980358                   /usr/lib/jvm/java-8-oracle/jre/lib/amd64/libverify.so
7f62dbdf8000-7f62dbdff000 r-xp 00000000 08:15 7082046                    /lib/x86_64-linux-gnu/librt-2.23.so
7f62dbdff000-7f62dbffe000 ---p 00007000 08:15 7082046                    /lib/x86_64-linux-gnu/librt-2.23.so
7f62dbffe000-7f62dbfff000 r--p 00006000 08:15 7082046                    /lib/x86_64-linux-gnu/librt-2.23.so
7f62dbfff000-7f62dc000000 rw-p 00007000 08:15 7082046                    /lib/x86_64-linux-gnu/librt-2.23.so
7f62dc000000-7f62dc46c000 rw-p 00000000 00:00 0 
7f62dc46c000-7f62e0000000 ---p 00000000 00:00 0 
7f62e0000000-7f62e0002000 r--s 00008000 08:15 13654756                   /home/nokorot/Workspace/Java/PS/PS 3.0.0/LWJGL3/lwjgl-nanovg.jar
7f62e0002000-7f62e0078000 rw-p 00000000 00:00 0 
7f62e0078000-7f62e0180000 r-xp 00000000 08:15 7082058                    /lib/x86_64-linux-gnu/libm-2.23.so
7f62e0180000-7f62e037f000 ---p 00108000 08:15 7082058                    /lib/x86_64-linux-gnu/libm-2.23.so
7f62e037f000-7f62e0380000 r--p 00107000 08:15 7082058                    /lib/x86_64-linux-gnu/libm-2.23.so
7f62e0380000-7f62e0381000 rw-p 00108000 08:15 7082058                    /lib/x86_64-linux-gnu/libm-2.23.so
7f62e0381000-7f62e104e000 r-xp 00000000 08:15 12980620                   /usr/lib/jvm/java-8-oracle/jre/lib/amd64/server/libjvm.so
7f62e104e000-7f62e124d000 ---p 00ccd000 08:15 12980620                   /usr/lib/jvm/java-8-oracle/jre/lib/amd64/server/libjvm.so
7f62e124d000-7f62e1326000 rw-p 00ccc000 08:15 12980620                   /usr/lib/jvm/java-8-oracle/jre/lib/amd64/server/libjvm.so
7f62e1326000-7f62e1371000 rw-p 00000000 00:00 0 
7f62e1371000-7f62e1530000 r-xp 00000000 08:15 7082051                    /lib/x86_64-linux-gnu/libc-2.23.so
7f62e1530000-7f62e1730000 ---p 001bf000 08:15 7082051                    /lib/x86_64-linux-gnu/libc-2.23.so
7f62e1730000-7f62e1734000 r--p 001bf000 08:15 7082051                    /lib/x86_64-linux-gnu/libc-2.23.so
7f62e1734000-7f62e1736000 rw-p 001c3000 08:15 7082051                    /lib/x86_64-linux-gnu/libc-2.23.so
7f62e1736000-7f62e173a000 rw-p 00000000 00:00 0 
7f62e173a000-7f62e173d000 r-xp 00000000 08:15 7082050                    /lib/x86_64-linux-gnu/libdl-2.23.so
7f62e173d000-7f62e193c000 ---p 00003000 08:15 7082050                    /lib/x86_64-linux-gnu/libdl-2.23.so
7f62e193c000-7f62e193d000 r--p 00002000 08:15 7082050                    /lib/x86_64-linux-gnu/libdl-2.23.so
7f62e193d000-7f62e193e000 rw-p 00003000 08:15 7082050                    /lib/x86_64-linux-gnu/libdl-2.23.so
7f62e193e000-7f62e1953000 r-xp 00000000 08:15 12585246                   /usr/lib/jvm/java-8-oracle/lib/amd64/jli/libjli.so
7f62e1953000-7f62e1b53000 ---p 00015000 08:15 12585246                   /usr/lib/jvm/java-8-oracle/lib/amd64/jli/libjli.so
7f62e1b53000-7f62e1b54000 rw-p 00015000 08:15 12585246                   /usr/lib/jvm/java-8-oracle/lib/amd64/jli/libjli.so
7f62e1b54000-7f62e1b6c000 r-xp 00000000 08:15 7082059                    /lib/x86_64-linux-gnu/libpthread-2.23.so
7f62e1b6c000-7f62e1d6b000 ---p 00018000 08:15 7082059                    /lib/x86_64-linux-gnu/libpthread-2.23.so
7f62e1d6b000-7f62e1d6c000 r--p 00017000 08:15 7082059                    /lib/x86_64-linux-gnu/libpthread-2.23.so
7f62e1d6c000-7f62e1d6d000 rw-p 00018000 08:15 7082059                    /lib/x86_64-linux-gnu/libpthread-2.23.so
7f62e1d6d000-7f62e1d71000 rw-p 00000000 00:00 0 
7f62e1d71000-7f62e1d97000 r-xp 00000000 08:15 7082039                    /lib/x86_64-linux-gnu/ld-2.23.so
7f62e1d97000-7f62e1d98000 r--s 0001f000 08:15 13654762                   /home/nokorot/Workspace/Java/PS/PS 3.0.0/LWJGL3/lwjgl-nanovg-natives-linux.jar
7f62e1d98000-7f62e1d9a000 r--s 00005000 08:15 13654746                   /home/nokorot/Workspace/Java/PS/PS 3.0.0/LWJGL3/lwjgl-lmdb.jar
7f62e1d9a000-7f62e1e65000 rw-p 00000000 00:00 0 
7f62e1e65000-7f62e1e68000 ---p 00000000 00:00 0 
7f62e1e68000-7f62e1f6a000 rw-p 00000000 00:00 0 
7f62e1f6a000-7f62e1f6b000 r--s 0000d000 08:15 13654750                   /home/nokorot/Workspace/Java/PS/PS 3.0.0/LWJGL3/lwjgl-lmdb-natives-linux.jar
7f62e1f6b000-7f62e1f6d000 r--s 00007000 08:15 13654736                   /home/nokorot/Workspace/Java/PS/PS 3.0.0/LWJGL3/lwjgl-jemalloc.jar
7f62e1f6d000-7f62e1f6e000 r--s 00019000 08:15 13654734                   /home/nokorot/Workspace/Java/PS/PS 3.0.0/LWJGL3/lwjgl-jemalloc-natives-linux.jar
7f62e1f6e000-7f62e1f6f000 r--s 00005000 08:15 13654724                   /home/nokorot/Workspace/Java/PS/PS 3.0.0/LWJGL3/lwjgl-jawt.jar
7f62e1f6f000-7f62e1f71000 r--s 00066000 08:15 13654732                   /home/nokorot/Workspace/Java/PS/PS 3.0.0/LWJGL3/lwjgl-jawt-javadoc.jar
7f62e1f71000-7f62e1f74000 r--s 00015000 08:15 13654722                   /home/nokorot/Workspace/Java/PS/PS 3.0.0/LWJGL3/lwjgl-glfw.jar
7f62e1f74000-7f62e1f75000 r--s 0000e000 08:15 13654716                   /home/nokorot/Workspace/Java/PS/PS 3.0.0/LWJGL3/lwjgl-glfw-natives-linux.jar
7f62e1f75000-7f62e1f79000 r--s 0001b000 08:15 13654708                   /home/nokorot/Workspace/Java/PS/PS 3.0.0/LWJGL3/lwjgl-egl.jar
7f62e1f79000-7f62e1f7d000 r--s 0001e000 08:15 13654712                   /home/nokorot/Workspace/Java/PS/PS 3.0.0/LWJGL3/lwjgl-egl-sources.jar
7f62e1f7d000-7f62e1f80000 r--s 0001f000 08:15 13654702                   /home/nokorot/Workspace/Java/PS/PS 3.0.0/LWJGL3/lwjgl-bgfx.jar
7f62e1f80000-7f62e1f81000 r--s 00042000 08:15 13654704                   /home/nokorot/Workspace/Java/PS/PS 3.0.0/LWJGL3/lwjgl-bgfx-natives-linux.jar
7f62e1f81000-7f62e1f85000 r--s 0002a000 08:15 13654692                   /home/nokorot/Workspace/Java/PS/PS 3.0.0/LWJGL3/lwjgl-assimp.jar
7f62e1f85000-7f62e1f86000 r--s 002ae000 08:15 13654740                   /home/nokorot/Workspace/Java/PS/PS 3.0.0/LWJGL3/lwjgl-assimp-natives-linux.jar
7f62e1f86000-7f62e1f8a000 r--s 0003d000 08:15 13654827                   /home/nokorot/Workspace/Java/PS/PS 3.0.0/LWJGL3/lwjgl.jar
7f62e1f8a000-7f62e1f92000 rw-s 00000000 08:15 1325741                    /tmp/hsperfdata_nokorot/1059
7f62e1f92000-7f62e1f93000 rw-p 00000000 00:00 0 
7f62e1f93000-7f62e1f94000 r--p 00000000 00:00 0 
7f62e1f94000-7f62e1f96000 rw-p 00000000 00:00 0 
7f62e1f96000-7f62e1f97000 r--p 00025000 08:15 7082039                    /lib/x86_64-linux-gnu/ld-2.23.so
7f62e1f97000-7f62e1f98000 rw-p 00026000 08:15 7082039                    /lib/x86_64-linux-gnu/ld-2.23.so
7f62e1f98000-7f62e1f99000 rw-p 00000000 00:00 0 
7ffd9d70e000-7ffd9d730000 rw-p 00000000 00:00 0                          [stack]
7ffd9d7ba000-7ffd9d7bc000 r--p 00000000 00:00 0                          [vvar]
7ffd9d7bc000-7ffd9d7be000 r-xp 00000000 00:00 0                          [vdso]
ffffffffff600000-ffffffffff601000 r-xp 00000000 00:00 0                  [vsyscall]

VM Arguments:
jvm_args: -Djava.library.path=/home/noko/workspace/Java/Test/Test/LWJGL3 -Dfile.encoding=UTF-8 
java_command: engineTest.Main
java_class_path (initial): /home/nokorot/Workspace/Java/PS/PS 3.0.0/bin:/home/nokorot/Workspace/Java/PS/PS 3.0.0/LWJGL3/lwjgl.jar:/home/nokorot/Workspace/Java/PS/PS 3.0.0/LWJGL3/lwjgl-assimp-natives-linux.jar:/home/nokorot/Workspace/Java/PS/PS 3.0.0/LWJGL3/lwjgl-assimp.jar:/home/nokorot/Workspace/Java/PS/PS 3.0.0/LWJGL3/lwjgl-bgfx-natives-linux.jar:/home/nokorot/Workspace/Java/PS/PS 3.0.0/LWJGL3/lwjgl-bgfx.jar:/home/nokorot/Workspace/Java/PS/PS 3.0.0/LWJGL3/lwjgl-egl-sources.jar:/home/nokorot/Workspace/Java/PS/PS 3.0.0/LWJGL3/lwjgl-egl.jar:/home/nokorot/Workspace/Java/PS/PS 3.0.0/LWJGL3/lwjgl-glfw-natives-linux.jar:/home/nokorot/Workspace/Java/PS/PS 3.0.0/LWJGL3/lwjgl-glfw.jar:/home/nokorot/Workspace/Java/PS/PS 3.0.0/LWJGL3/lwjgl-jawt-javadoc.jar:/home/nokorot/Workspace/Java/PS/PS 3.0.0/LWJGL3/lwjgl-jawt.jar:/home/nokorot/Workspace/Java/PS/PS 3.0.0/LWJGL3/lwjgl-jemalloc-natives-linux.jar:/home/nokorot/Workspace/Java/PS/PS 3.0.0/LWJGL3/lwjgl-jemalloc.jar:/home/nokorot/Workspace/Java/PS/PS 3.0.0/LWJGL3/lwjgl-lmdb-natives-linux.jar:/home/nokorot/Workspace/Java/PS/PS 3.0.0/LWJGL3/lwjgl-lmdb.jar:/home/nokorot/Workspace/Java/PS/PS 3.0.0/LWJGL3/lwjgl-nanovg-natives-linux.jar:/home/nokorot/Workspace/Java/PS/PS 3.0.0/LWJGL3/lwjgl-nanovg.jar:/home/nokorot/Workspace/Java/PS/PS 3.0.0/LWJGL3/lwjgl-natives-linux.jar:/home/nokorot/Workspace/Java/PS/PS 3.0.0/LWJGL3/lwjgl-nfd-natives-linux.jar:/home/nokorot/Workspace/Java/PS/PS 3.0.0/LWJGL3/lwjgl-nfd.jar:/home/nokorot/Workspace/Java/PS/PS 3.0.0/LWJGL3/lwjgl-nuklear-natives-linux.jar:/home/nokorot/Workspace/Java/PS/PS 3.0.0/LWJGL3/lwjgl-nuklear.jar:/home/nokorot/Workspace/Java/PS/PS 3.0.0/LWJGL3/lwjgl-openal-natives-linux.jar:/home/nokorot/Workspace/Java/PS/PS 3.0.0/LWJGL3/lwjgl-openal.jar:/home/nokorot/Workspace/Java/PS/PS 3.0.0/LWJGL3/lwjgl-opencl.jar:/home/nokorot/Workspace/Java/PS/PS 3.0.0/LWJGL3/lwjgl-opengl-natives-linux.jar:/home/nokorot/Workspace/Java/PS/PS 3.0.0/LWJGL3/lwjgl-opengl.jar:/home/nokorot/Workspace/Java/PS/PS 3.
Launcher Type: SUN_STANDARD

Environment Variables:
JAVA_HOME=/usr/lib/jvm/java-8-oracle
PATH=/home/nokorot/.cabal/bin:/opt/cabal/1.22/bin:/opt/ghc/7.10.3/bin:/home/nokorot/.bin:/home/nokorot/bin:/home/nokorot/.local/bin:/usr/local/sbin:/usr/local/bin:/usr/sbin:/usr/bin:/sbin:/bin:/usr/games:/usr/local/games:/snap/bin:/usr/lib/jvm/java-8-oracle/bin:/usr/lib/jvm/java-8-oracle/db/bin:/usr/lib/jvm/java-8-oracle/jre/bin
USERNAME=nokorot
SHELL=/bin/bash
DISPLAY=:1

Signal Handlers:
SIGSEGV: [libjvm.so+0xac64b0], sa_mask[0]=11111111011111111101111111111110, sa_flags=SA_RESTART|SA_SIGINFO
SIGBUS: [libjvm.so+0xac64b0], sa_mask[0]=11111111011111111101111111111110, sa_flags=SA_RESTART|SA_SIGINFO
SIGFPE: [libjvm.so+0x91f950], sa_mask[0]=11111111011111111101111111111110, sa_flags=SA_RESTART|SA_SIGINFO
SIGPIPE: [libjvm.so+0x91f950], sa_mask[0]=11111111011111111101111111111110, sa_flags=SA_RESTART|SA_SIGINFO
SIGXFSZ: [libjvm.so+0x91f950], sa_mask[0]=11111111011111111101111111111110, sa_flags=SA_RESTART|SA_SIGINFO
SIGILL: [libjvm.so+0x91f950], sa_mask[0]=11111111011111111101111111111110, sa_flags=SA_RESTART|SA_SIGINFO
SIGUSR1: SIG_DFL, sa_mask[0]=00000000000000000000000000000000, sa_flags=none
SIGUSR2: [libjvm.so+0x920f80], sa_mask[0]=00100000000000000000000000000000, sa_flags=SA_RESTART|SA_SIGINFO
SIGHUP: [libjvm.so+0x922380], sa_mask[0]=11111111011111111101111111111110, sa_flags=SA_RESTART|SA_SIGINFO
SIGINT: [libjvm.so+0x922380], sa_mask[0]=11111111011111111101111111111110, sa_flags=SA_RESTART|SA_SIGINFO
SIGTERM: [libjvm.so+0x922380], sa_mask[0]=11111111011111111101111111111110, sa_flags=SA_RESTART|SA_SIGINFO
SIGQUIT: [libjvm.so+0x922380], sa_mask[0]=11111111011111111101111111111110, sa_flags=SA_RESTART|SA_SIGINFO


---------------  S Y S T E M  ---------------

OS:DISTRIB_ID=Ubuntu
DISTRIB_RELEASE=16.04
DISTRIB_CODENAME=xenial
DISTRIB_DESCRIPTION="Ubuntu 16.04.1 LTS"

uname:Linux 4.4.0-59-generic #80-Ubuntu SMP Fri Jan 6 17:47:47 UTC 2017 x86_64
libc:glibc 2.23 NPTL 2.23 
rlimit: STACK 8192k, CORE 0k, NPROC 31349, NOFILE 65536, AS infinity
load average:1,45 1,05 0,90

/proc/meminfo:
MemTotal:        8065832 kB
MemFree:          542788 kB
MemAvailable:    2700480 kB
Buffers:          194076 kB
Cached:          2999944 kB
SwapCached:         2404 kB
Active:          5192092 kB
Inactive:        1947480 kB
Active(anon):    3704932 kB
Inactive(anon):  1146424 kB
Active(file):    1487160 kB
Inactive(file):   801056 kB
Unevictable:         496 kB
Mlocked:             496 kB
SwapTotal:       1951740 kB
SwapFree:        1924648 kB
Dirty:               204 kB
Writeback:             0 kB
AnonPages:       3943680 kB
Mapped:           857316 kB
Shmem:            905804 kB
Slab:             224200 kB
SReclaimable:     174372 kB
SUnreclaim:        49828 kB
KernelStack:       13872 kB
PageTables:        66132 kB
NFS_Unstable:          0 kB
Bounce:                0 kB
WritebackTmp:          0 kB
CommitLimit:     5984656 kB
Committed_AS:   11117968 kB
VmallocTotal:   34359738367 kB
VmallocUsed:           0 kB
VmallocChunk:          0 kB
HardwareCorrupted:     0 kB
AnonHugePages:   1916928 kB
CmaTotal:              0 kB
CmaFree:               0 kB
HugePages_Total:       0
HugePages_Free:        0
HugePages_Rsvd:        0
HugePages_Surp:        0
Hugepagesize:       2048 kB
DirectMap4k:      255272 kB
DirectMap2M:     8024064 kB


CPU:total 4 (2 cores per cpu, 2 threads per core) family 6 model 58 stepping 9, cmov, cx8, fxsr, mmx, sse, sse2, sse3, ssse3, sse4.1, sse4.2, popcnt, avx, aes, clmul, erms, ht, tsc, tscinvbit, tscinv

/proc/cpuinfo:
processor	: 0
vendor_id	: GenuineIntel
cpu family	: 6
model		: 58
model name	: Intel(R) Core(TM) i5-3210M CPU @ 2.50GHz
stepping	: 9
microcode	: 0x15
cpu MHz		: 2899.902
cache size	: 3072 KB
physical id	: 0
siblings	: 4
core id		: 0
cpu cores	: 2
apicid		: 0
initial apicid	: 0
fpu		: yes
fpu_exception	: yes
cpuid level	: 13
wp		: yes
flags		: fpu vme de pse tsc msr pae mce cx8 apic sep mtrr pge mca cmov pat pse36 clflush dts acpi mmx fxsr sse sse2 ss ht tm pbe syscall nx rdtscp lm constant_tsc arch_perfmon pebs bts rep_good nopl xtopology nonstop_tsc aperfmperf eagerfpu pni pclmulqdq dtes64 monitor ds_cpl vmx est tm2 ssse3 cx16 xtpr pdcm pcid sse4_1 sse4_2 x2apic popcnt tsc_deadline_timer aes xsave avx f16c rdrand lahf_lm epb tpr_shadow vnmi flexpriority ept vpid fsgsbase smep erms xsaveopt dtherm ida arat pln pts
bugs		:
bogomips	: 4989.04
clflush size	: 64
cache_alignment	: 64
address sizes	: 36 bits physical, 48 bits virtual
power management:

processor	: 1
vendor_id	: GenuineIntel
cpu family	: 6
model		: 58
model name	: Intel(R) Core(TM) i5-3210M CPU @ 2.50GHz
stepping	: 9
microcode	: 0x15
cpu MHz		: 2900.000
cache size	: 3072 KB
physical id	: 0
siblings	: 4
core id		: 1
cpu cores	: 2
apicid		: 2
initial apicid	: 2
fpu		: yes
fpu_exception	: yes
cpuid level	: 13
wp		: yes
flags		: fpu vme de pse tsc msr pae mce cx8 apic sep mtrr pge mca cmov pat pse36 clflush dts acpi mmx fxsr sse sse2 ss ht tm pbe syscall nx rdtscp lm constant_tsc arch_perfmon pebs bts rep_good nopl xtopology nonstop_tsc aperfmperf eagerfpu pni pclmulqdq dtes64 monitor ds_cpl vmx est tm2 ssse3 cx16 xtpr pdcm pcid sse4_1 sse4_2 x2apic popcnt tsc_deadline_timer aes xsave avx f16c rdrand lahf_lm epb tpr_shadow vnmi flexpriority ept vpid fsgsbase smep erms xsaveopt dtherm ida arat pln pts
bugs		:
bogomips	: 4989.04
clflush size	: 64
cache_alignment	: 64
address sizes	: 36 bits physical, 48 bits virtual
power management:

processor	: 2
vendor_id	: GenuineIntel
cpu family	: 6
model		: 58
model name	: Intel(R) Core(TM) i5-3210M CPU @ 2.50GHz
stepping	: 9
microcode	: 0x15
cpu MHz		: 2900.000
cache size	: 3072 KB
physical id	: 0
siblings	: 4
core id		: 0
cpu cores	: 2
apicid		: 1
initial apicid	: 1
fpu		: yes
fpu_exception	: yes
cpuid level	: 13
wp		: yes
flags		: fpu vme de pse tsc msr pae mce cx8 apic sep mtrr pge mca cmov pat pse36 clflush dts acpi mmx fxsr sse sse2 ss ht tm pbe syscall nx rdtscp lm constant_tsc arch_perfmon pebs bts rep_good nopl xtopology nonstop_tsc aperfmperf eagerfpu pni pclmulqdq dtes64 monitor ds_cpl vmx est tm2 ssse3 cx16 xtpr pdcm pcid sse4_1 sse4_2 x2apic popcnt tsc_deadline_timer aes xsave avx f16c rdrand lahf_lm epb tpr_shadow vnmi flexpriority ept vpid fsgsbase smep erms xsaveopt dtherm ida arat pln pts
bugs		:
bogomips	: 4989.04
clflush size	: 64
cache_alignment	: 64
address sizes	: 36 bits physical, 48 bits virtual
power management:

processor	: 3
vendor_id	: GenuineIntel
cpu family	: 6
model		: 58
model name	: Intel(R) Core(TM) i5-3210M CPU @ 2.50GHz
stepping	: 9
microcode	: 0x15
cpu MHz		: 2900.000
cache size	: 3072 KB
physical id	: 0
siblings	: 4
core id		: 1
cpu cores	: 2
apicid		: 3
initial apicid	: 3
fpu		: yes
fpu_exception	: yes
cpuid level	: 13
wp		: yes
flags		: fpu vme de pse tsc msr pae mce cx8 apic sep mtrr pge mca cmov pat pse36 clflush dts acpi mmx fxsr sse sse2 ss ht tm pbe syscall nx rdtscp lm constant_tsc arch_perfmon pebs bts rep_good nopl xtopology nonstop_tsc aperfmperf eagerfpu pni pclmulqdq dtes64 monitor ds_cpl vmx est tm2 ssse3 cx16 xtpr pdcm pcid sse4_1 sse4_2 x2apic popcnt tsc_deadline_timer aes xsave avx f16c rdrand lahf_lm epb tpr_shadow vnmi flexpriority ept vpid fsgsbase smep erms xsaveopt dtherm ida arat pln pts
bugs		:
bogomips	: 4989.04
clflush size	: 64
cache_alignment	: 64
address sizes	: 36 bits physical, 48 bits virtual
power management:



Memory: 4k page, physical 8065832k(542788k free), swap 1951740k(1924648k free)

vm_info: Java HotSpot(TM) 64-Bit Server VM (25.111-b14) for linux-amd64 JRE (1.8.0_111-b14), built on Sep 22 2016 16:14:03 by "java_re" with gcc 4.3.0 20080428 (Red Hat 4.3.0-8)

time: Sun Feb  5 01:35:49 2017
elapsed time: 0 seconds (0d 0h 0m 0s)

