#
# A fatal error has been detected by the Java Runtime Environment:
#
#  SIGSEGV (0xb) at pc=0x00007ff995211d44, pid=28466, tid=0x00007ff995619700
#
# JRE version: Java(TM) SE Runtime Environment (8.0_111-b14) (build 1.8.0_111-b14)
# Java VM: Java HotSpot(TM) 64-Bit Server VM (25.111-b14 mixed mode linux-amd64 compressed oops)
# Problematic frame:
# C  [libpthread.so.0+0x9d44]  pthread_mutex_lock+0x4
#
# Failed to write core dump. Core dumps have been disabled. To enable core dumping, try "ulimit -c unlimited" before starting Java again
#
# If you would like to submit a bug report, please visit:
#   http://bugreport.java.com/bugreport/crash.jsp
# The crash happened outside the Java Virtual Machine in native code.
# See problematic frame for where to report the bug.
#

---------------  T H R E A D  ---------------

Current thread (0x00007ff98c00b000):  JavaThread "main" [_thread_in_native, id=28468, stack(0x00007ff995519000,0x00007ff99561a000)]

siginfo: si_signo: 11 (SIGSEGV), si_code: 1 (SEGV_MAPERR), si_addr: 0x00000000039be4c1

Registers:
RAX=0x00007ff94b4b3370, RBX=0x00007ff98c2851d0, RCX=0x0000000000000192, RDX=0x00007ff995617ca0
RSP=0x00007ff995617c10, RBP=0x00007ff995617c80, RSI=0x00007ff995617c90, RDI=0x00000000039be4b1
R8 =0x00007ff995617c80, R9 =0x00007ff98c2958d2, R10=0x00007ff94b538447, R11=0x0000000000000065
R12=0x00007ff995617c7c, R13=0x00007ff995617db8, R14=0x00007ff995617db0, R15=0x00007ff98c00b1f8
RIP=0x00007ff995211d44, EFLAGS=0x0000000000010202, CSGSFS=0x0000000000000033, ERR=0x0000000000000004
  TRAPNO=0x000000000000000e

Top of Stack: (sp=0x00007ff995617c10)
0x00007ff995617c10:   0000000000000193 00007ff94b4cdbfa
0x00007ff995617c20:   00007ff995617c90 00007ff995617ca0
0x00007ff995617c30:   0000000000000000 00007ff98c240cd0
0x00007ff995617c40:   00007ff98c2acb90 73ead20e2f749e00
0x00007ff995617c50:   00007ff98c240cd0 00007ff98c2acb90
0x00007ff995617c60:   00007ff98c2acc30 00007ff94b4a9f86
0x00007ff995617c70:   00007ff98c00b1f8 00007ff98c07a708
0x00007ff995617c80:   00007ff98c2acc30 696c4369746c756d
0x00007ff995617c90:   0000019300000192 00007ff900000000
0x00007ff995617ca0:   0000015500000154 00007ff900000000
0x00007ff995617cb0:   0000000000000004 73ead20e2f749e00
0x00007ff995617cc0:   00007ff98c2acc30 00007ff995617d20
0x00007ff995617cd0:   00007ff98c2acb90 00007ff94ba03981
0x00007ff995617ce0:   00007ff98c00b000 00007ff98c240cd0
0x00007ff995617cf0:   00007ff995617d30 00007ff9910ea488
0x00007ff995617d00:   0000000000000000 00007ff9910ea488
0x00007ff995617d10:   00007ff995617dc8 00007ff98c00b000
0x00007ff995617d20:   00007ff995617d90 00007ff97d017a34
0x00007ff995617d30:   00007ff995617d90 00007ff97d0177b9
0x00007ff995617d40:   00007ff98c00b000 00007ff97d017782
0x00007ff995617d50:   00007ff995617d50 00007ff9910ea488
0x00007ff995617d60:   00007ff995617dc8 00007ff9910ee098
0x00007ff995617d70:   0000000000000000 00007ff9910ea488
0x00007ff995617d80:   0000000000000000 00007ff995617db0
0x00007ff995617d90:   00007ff995617e10 00007ff97d008040
0x00007ff995617da0:   00000000d73279c8 00007ff97d01153b
0x00007ff995617db0:   00000000d74f48a0 00000000d6ff7b18
0x00007ff995617dc0:   00007ff98c240cd0 00007ff97d007dd0
0x00007ff995617dd0:   00007ff995617dd0 00007ff991293564
0x00007ff995617de0:   00007ff995617e28 00007ff991299660
0x00007ff995617df0:   0000000000000000 00007ff991293608
0x00007ff995617e00:   00007ff995617db0 00007ff995617e30 

Instructions: (pc=0x00007ff995211d44)
0x00007ff995211d24:   f0 02 00 00 00 00 00 00 b8 82 00 00 00 e9 d8 f9
0x00007ff995211d34:   ff ff 66 2e 0f 1f 84 00 00 00 00 00 48 83 ec 08
0x00007ff995211d44:   8b 57 10 89 d1 81 e1 7f 01 00 00 90 89 d0 83 e0
0x00007ff995211d54:   7c 0f 85 95 00 00 00 85 c9 49 89 f8 0f 85 9a 00 

Register to memory mapping:

RAX=0x00007ff94b4b3370: <offset 0x2b370> in /usr/lib/x86_64-linux-gnu/libX11.so.6 at 0x00007ff94b488000
RBX=0x00007ff98c2851d0 is an unknown value
RCX=0x0000000000000192 is an unknown value
RDX=0x00007ff995617ca0 is pointing into the stack for thread: 0x00007ff98c00b000
RSP=0x00007ff995617c10 is pointing into the stack for thread: 0x00007ff98c00b000
RBP=0x00007ff995617c80 is pointing into the stack for thread: 0x00007ff98c00b000
RSI=0x00007ff995617c90 is pointing into the stack for thread: 0x00007ff98c00b000
RDI=0x00000000039be4b1 is an unknown value
R8 =0x00007ff995617c80 is pointing into the stack for thread: 0x00007ff98c00b000
R9 =0x00007ff98c2958d2 is an unknown value
R10=0x00007ff94b538447: <offset 0xb0447> in /usr/lib/x86_64-linux-gnu/libX11.so.6 at 0x00007ff94b488000
R11=0x0000000000000065 is an unknown value
R12=0x00007ff995617c7c is pointing into the stack for thread: 0x00007ff98c00b000
R13=0x00007ff995617db8 is pointing into the stack for thread: 0x00007ff98c00b000
R14=0x00007ff995617db0 is pointing into the stack for thread: 0x00007ff98c00b000
R15=0x00007ff98c00b1f8 is an unknown value


Stack: [0x00007ff995519000,0x00007ff99561a000],  sp=0x00007ff995617c10,  free space=1019k
Native frames: (J=compiled Java code, j=interpreted, Vv=VM code, C=native code)
C  [libpthread.so.0+0x9d44]  pthread_mutex_lock+0x4
C  0x696c4369746c756d

Java frames: (J=compiled Java code, j=interpreted, Vv=VM code)
j  sun.awt.X11.XlibWrapper.XGetDefault(JLjava/lang/String;Ljava/lang/String;)Ljava/lang/String;+0
j  sun.awt.X11.XToolkit.initializeMultiClickTime()V+12
j  sun.awt.X11.XToolkit.getMultiClickTime()I+6
j  sun.awt.X11.XToolkit.initializeDesktopProperties()V+82
j  java.awt.Toolkit.getDesktopProperty(Ljava/lang/String;)Ljava/lang/Object;+32
j  sun.swing.SwingUtilities2$AATextInfo.getAATextInfo(Z)Lsun/swing/SwingUtilities2$AATextInfo;+11
j  javax.swing.plaf.metal.MetalLookAndFeel.initComponentDefaults(Ljavax/swing/UIDefaults;)V+12062
j  javax.swing.plaf.basic.BasicLookAndFeel.getDefaults()Ljavax/swing/UIDefaults;+25
j  javax.swing.plaf.metal.MetalLookAndFeel.getDefaults()Ljavax/swing/UIDefaults;+9
j  javax.swing.UIManager.setLookAndFeel(Ljavax/swing/LookAndFeel;)V+79
j  javax.swing.UIManager.setLookAndFeel(Ljava/lang/String;)V+16
j  javax.swing.UIManager.initializeDefaultLAF(Ljava/util/Properties;)V+55
j  javax.swing.UIManager.initialize()V+9
j  javax.swing.UIManager.maybeInitialize()V+22
j  javax.swing.UIManager.getUI(Ljavax/swing/JComponent;)Ljavax/swing/plaf/ComponentUI;+0
j  javax.swing.JPanel.updateUI()V+2
j  javax.swing.JPanel.<init>(Ljava/awt/LayoutManager;Z)V+24
j  javax.swing.JPanel.<init>(Z)V+9
j  javax.swing.JPanel.<init>()V+2
j  javax.swing.JRootPane.createGlassPane()Ljava/awt/Component;+4
j  javax.swing.JRootPane.<init>()V+11
j  javax.swing.JFrame.createRootPane()Ljavax/swing/JRootPane;+4
j  javax.swing.JFrame.frameInit()V+16
j  javax.swing.JFrame.<init>(Ljava/lang/String;)V+21
j  engineTest.Main.<init>()V+3
j  engineTest.Main.main([Ljava/lang/String;)V+20
v  ~StubRoutines::call_stub

---------------  P R O C E S S  ---------------

Java Threads: ( => current thread )
  0x00007ff98c2a1800 JavaThread "AWT-XAWT" daemon [_thread_in_native, id=28487, stack(0x00007ff9492fa000,0x00007ff9493fb000)]
  0x00007ff98c27f800 JavaThread "Java2D Disposer" daemon [_thread_blocked, id=28486, stack(0x00007ff949a58000,0x00007ff949b59000)]
  0x00007ff98c23a000 JavaThread "Thread-0" [_thread_in_native, id=28485, stack(0x00007ff94a73b000,0x00007ff94a83c000)]
  0x00007ff98c0c2800 JavaThread "Service Thread" daemon [_thread_blocked, id=28483, stack(0x00007ff97800b000,0x00007ff97810c000)]
  0x00007ff98c0bf800 JavaThread "C1 CompilerThread2" daemon [_thread_blocked, id=28482, stack(0x00007ff97810c000,0x00007ff97820d000)]
  0x00007ff98c0bd800 JavaThread "C2 CompilerThread1" daemon [_thread_blocked, id=28481, stack(0x00007ff97820d000,0x00007ff97830e000)]
  0x00007ff98c0bb000 JavaThread "C2 CompilerThread0" daemon [_thread_blocked, id=28480, stack(0x00007ff97830e000,0x00007ff97840f000)]
  0x00007ff98c0b9800 JavaThread "Signal Dispatcher" daemon [_thread_blocked, id=28479, stack(0x00007ff97840f000,0x00007ff978510000)]
  0x00007ff98c085000 JavaThread "Finalizer" daemon [_thread_blocked, id=28478, stack(0x00007ff978967000,0x00007ff978a68000)]
  0x00007ff98c080800 JavaThread "Reference Handler" daemon [_thread_blocked, id=28477, stack(0x00007ff978a68000,0x00007ff978b69000)]
=>0x00007ff98c00b000 JavaThread "main" [_thread_in_native, id=28468, stack(0x00007ff995519000,0x00007ff99561a000)]

Other Threads:
  0x00007ff98c079000 VMThread [stack: 0x00007ff978b69000,0x00007ff978c6a000] [id=28476]
  0x00007ff98c0c5800 WatcherThread [stack: 0x00007ff94beff000,0x00007ff94c000000] [id=28484]

VM state:not at safepoint (normal execution)

VM Mutex/Monitor currently owned by a thread: None

Heap:
 PSYoungGen      total 36864K, used 7618K [0x00000000d6f80000, 0x00000000d9880000, 0x0000000100000000)
  eden space 31744K, 24% used [0x00000000d6f80000,0x00000000d76f0be8,0x00000000d8e80000)
  from space 5120K, 0% used [0x00000000d9380000,0x00000000d9380000,0x00000000d9880000)
  to   space 5120K, 0% used [0x00000000d8e80000,0x00000000d8e80000,0x00000000d9380000)
 ParOldGen       total 84992K, used 0K [0x0000000084e00000, 0x000000008a100000, 0x00000000d6f80000)
  object space 84992K, 0% used [0x0000000084e00000,0x0000000084e00000,0x000000008a100000)
 Metaspace       used 8378K, capacity 8562K, committed 8704K, reserved 1056768K
  class space    used 913K, capacity 1000K, committed 1024K, reserved 1048576K

Card table byte_map: [0x00007ff991ef5000,0x00007ff9922cf000] byte_map_base: 0x00007ff991ace000

Marking Bits: (ParMarkBitMap*) 0x00007ff9949f8220
 Begin Bits: [0x00007ff979270000, 0x00007ff97b138000)
 End Bits:   [0x00007ff97b138000, 0x00007ff97d000000)

Polling page: 0x00007ff995647000

CodeCache: size=245760Kb used=2172Kb max_used=2172Kb free=243587Kb
 bounds [0x00007ff97d000000, 0x00007ff97d270000, 0x00007ff98c000000]
 total_blobs=1199 nmethods=413 adapters=700
 compilation: enabled

Compilation events (10 events):
Event: 0,553 Thread 0x00007ff98c0bf800  409       3       java.lang.invoke.MethodType::equals (29 bytes)
Event: 0,553 Thread 0x00007ff98c0bf800 nmethod 409 0x00007ff97d21c850 code [0x00007ff97d21c9e0, 0x00007ff97d21cf08]
Event: 0,553 Thread 0x00007ff98c0bf800  410       3       java.lang.invoke.MethodType::toMethodDescriptorString (21 bytes)
Event: 0,555 Thread 0x00007ff98c0bf800 nmethod 410 0x00007ff97d21d010 code [0x00007ff97d21d220, 0x00007ff97d21dd18]
Event: 0,555 Thread 0x00007ff98c0bf800  411       3       java.lang.reflect.Modifier::isFinal (13 bytes)
Event: 0,555 Thread 0x00007ff98c0bf800 nmethod 411 0x00007ff97d21e450 code [0x00007ff97d21e5c0, 0x00007ff97d21e750]
Event: 0,556 Thread 0x00007ff98c0bf800  412       3       java.lang.invoke.MethodType$ConcurrentWeakInternSet$WeakEntry::equals (49 bytes)
Event: 0,556 Thread 0x00007ff98c0bf800 nmethod 412 0x00007ff97d21e7d0 code [0x00007ff97d21e960, 0x00007ff97d21efc8]
Event: 0,556 Thread 0x00007ff98c0bf800  413       3       jdk.internal.org.objectweb.asm.Item::<init> (5 bytes)
Event: 0,556 Thread 0x00007ff98c0bf800 nmethod 413 0x00007ff97d21f0d0 code [0x00007ff97d21f240, 0x00007ff97d21f3f0]

GC Heap History (0 events):
No events

Deoptimization events (1 events):
Event: 0,319 Thread 0x00007ff98c00b000 Uncommon trap: reason=null_check action=make_not_entrant pc=0x00007ff97d1672a8 method=java.lang.String.equals(Ljava/lang/Object;)Z @ 8

Internal exceptions (10 events):
Event: 0,035 Thread 0x00007ff98c00b000 Exception <a 'java/lang/NoSuchMethodError': Method sun.misc.Unsafe.prefetchRead(Ljava/lang/Object;J)V name or signature does not match> (0x00000000d6f87f60) thrown at [/HUDSON3/workspace/8-2-build-linux-amd64/jdk8u111/7883/hotspot/src/share/vm/prims/jni.c
Event: 0,134 Thread 0x00007ff98c00b000 Exception <a 'java/security/PrivilegedActionException'> (0x00000000d7011e60) thrown at [/HUDSON3/workspace/8-2-build-linux-amd64/jdk8u111/7883/hotspot/src/share/vm/prims/jvm.cpp, line 1386]
Event: 0,134 Thread 0x00007ff98c00b000 Exception <a 'java/security/PrivilegedActionException'> (0x00000000d7012070) thrown at [/HUDSON3/workspace/8-2-build-linux-amd64/jdk8u111/7883/hotspot/src/share/vm/prims/jvm.cpp, line 1386]
Event: 0,136 Thread 0x00007ff98c00b000 Exception <a 'java/security/PrivilegedActionException'> (0x00000000d70144b0) thrown at [/HUDSON3/workspace/8-2-build-linux-amd64/jdk8u111/7883/hotspot/src/share/vm/prims/jvm.cpp, line 1386]
Event: 0,136 Thread 0x00007ff98c00b000 Exception <a 'java/security/PrivilegedActionException'> (0x00000000d70146c0) thrown at [/HUDSON3/workspace/8-2-build-linux-amd64/jdk8u111/7883/hotspot/src/share/vm/prims/jvm.cpp, line 1386]
Event: 0,241 Thread 0x00007ff98c00b000 Exception <a 'java/lang/NoSuchFieldError': method resolution failed> (0x00000000d717fdb8) thrown at [/HUDSON3/workspace/8-2-build-linux-amd64/jdk8u111/7883/hotspot/src/share/vm/prims/methodHandles.cpp, line 1146]
Event: 0,270 Thread 0x00007ff98c00b000 Exception <a 'java/lang/NoSuchFieldError': method resolution failed> (0x00000000d718d588) thrown at [/HUDSON3/workspace/8-2-build-linux-amd64/jdk8u111/7883/hotspot/src/share/vm/prims/methodHandles.cpp, line 1146]
Event: 0,308 Thread 0x00007ff98c00b000 Exception <a 'java/io/FileNotFoundException'> (0x00000000d720d828) thrown at [/HUDSON3/workspace/8-2-build-linux-amd64/jdk8u111/7883/hotspot/src/share/vm/prims/jni.cpp, line 709]
Event: 0,308 Thread 0x00007ff98c00b000 Exception <a 'java/io/FileNotFoundException'> (0x00000000d720e1e0) thrown at [/HUDSON3/workspace/8-2-build-linux-amd64/jdk8u111/7883/hotspot/src/share/vm/prims/jni.cpp, line 709]
Event: 0,319 Thread 0x00007ff98c00b000 Implicit null exception at 0x00007ff97d1670db to 0x00007ff97d167299

Events (10 events):
Event: 0,549 loading class javax/swing/plaf/DimensionUIResource
Event: 0,549 loading class javax/swing/plaf/DimensionUIResource done
Event: 0,549 loading class javax/swing/UIDefaults$LazyInputMap
Event: 0,549 loading class javax/swing/UIDefaults$LazyInputMap done
Event: 0,554 loading class javax/swing/plaf/metal/MetalLookAndFeel$FontActiveValue
Event: 0,554 loading class javax/swing/plaf/metal/MetalLookAndFeel$FontActiveValue done
Event: 0,557 loading class sun/swing/SwingUtilities2$AATextInfo
Event: 0,557 loading class sun/swing/SwingUtilities2$AATextInfo done
Event: 0,557 loading class sun/awt/HeadlessToolkit
Event: 0,557 loading class sun/awt/HeadlessToolkit done


Dynamic libraries:
00400000-00401000 r-xp 00000000 08:15 12855452                           /usr/lib/jvm/java-8-oracle/bin/java
00600000-00601000 rw-p 00000000 08:15 12855452                           /usr/lib/jvm/java-8-oracle/bin/java
021e4000-02205000 rw-p 00000000 00:00 0                                  [heap]
84e00000-8a100000 rw-p 00000000 00:00 0 
8a100000-d6f80000 ---p 00000000 00:00 0 
d6f80000-d9880000 rw-p 00000000 00:00 0 
d9880000-100000000 ---p 00000000 00:00 0 
100000000-100100000 rw-p 00000000 00:00 0 
100100000-140000000 ---p 00000000 00:00 0 
7ff934000000-7ff934021000 rw-p 00000000 00:00 0 
7ff934021000-7ff938000000 ---p 00000000 00:00 0 
7ff938000000-7ff938021000 rw-p 00000000 00:00 0 
7ff938021000-7ff93c000000 ---p 00000000 00:00 0 
7ff93c000000-7ff93c021000 rw-p 00000000 00:00 0 
7ff93c021000-7ff940000000 ---p 00000000 00:00 0 
7ff940000000-7ff940257000 rw-p 00000000 00:00 0 
7ff940257000-7ff944000000 ---p 00000000 00:00 0 
7ff944000000-7ff944021000 rw-p 00000000 00:00 0 
7ff944021000-7ff948000000 ---p 00000000 00:00 0 
7ff9483ca000-7ff9483cb000 r-xp 00000000 08:15 12329465                   /usr/lib/x86_64-linux-gnu/libX11-xcb.so.1.0.0
7ff9483cb000-7ff9485ca000 ---p 00001000 08:15 12329465                   /usr/lib/x86_64-linux-gnu/libX11-xcb.so.1.0.0
7ff9485ca000-7ff9485cb000 r--p 00000000 08:15 12329465                   /usr/lib/x86_64-linux-gnu/libX11-xcb.so.1.0.0
7ff9485cb000-7ff9485cc000 rw-p 00001000 08:15 12329465                   /usr/lib/x86_64-linux-gnu/libX11-xcb.so.1.0.0
7ff9485cc000-7ff9485d1000 r-xp 00000000 08:15 12329520                   /usr/lib/x86_64-linux-gnu/libXxf86vm.so.1.0.0
7ff9485d1000-7ff9487d0000 ---p 00005000 08:15 12329520                   /usr/lib/x86_64-linux-gnu/libXxf86vm.so.1.0.0
7ff9487d0000-7ff9487d1000 r--p 00004000 08:15 12329520                   /usr/lib/x86_64-linux-gnu/libXxf86vm.so.1.0.0
7ff9487d1000-7ff9487d2000 rw-p 00005000 08:15 12329520                   /usr/lib/x86_64-linux-gnu/libXxf86vm.so.1.0.0
7ff9487d2000-7ff9487d4000 r-xp 00000000 08:15 12329494                   /usr/lib/x86_64-linux-gnu/libXinerama.so.1.0.0
7ff9487d4000-7ff9489d3000 ---p 00002000 08:15 12329494                   /usr/lib/x86_64-linux-gnu/libXinerama.so.1.0.0
7ff9489d3000-7ff9489d4000 r--p 00001000 08:15 12329494                   /usr/lib/x86_64-linux-gnu/libXinerama.so.1.0.0
7ff9489d4000-7ff9489d5000 rw-p 00002000 08:15 12329494                   /usr/lib/x86_64-linux-gnu/libXinerama.so.1.0.0
7ff9489d5000-7ff9489df000 r-xp 00000000 08:15 12329502                   /usr/lib/x86_64-linux-gnu/libXrandr.so.2.2.0
7ff9489df000-7ff948bde000 ---p 0000a000 08:15 12329502                   /usr/lib/x86_64-linux-gnu/libXrandr.so.2.2.0
7ff948bde000-7ff948bdf000 r--p 00009000 08:15 12329502                   /usr/lib/x86_64-linux-gnu/libXrandr.so.2.2.0
7ff948bdf000-7ff948be0000 rw-p 0000a000 08:15 12329502                   /usr/lib/x86_64-linux-gnu/libXrandr.so.2.2.0
7ff948be0000-7ff948bfe000 r-xp 00000000 08:15 1466952                    /tmp/lwjglnokorot/3.1.1-build-16/libglfw.so
7ff948bfe000-7ff948dfd000 ---p 0001e000 08:15 1466952                    /tmp/lwjglnokorot/3.1.1-build-16/libglfw.so
7ff948dfd000-7ff948dfe000 r--p 0001d000 08:15 1466952                    /tmp/lwjglnokorot/3.1.1-build-16/libglfw.so
7ff948dfe000-7ff948dff000 rw-p 0001e000 08:15 1466952                    /tmp/lwjglnokorot/3.1.1-build-16/libglfw.so
7ff948dff000-7ff948e00000 rw-p 00000000 00:00 0 
7ff948e00000-7ff949000000 rw-p 00000000 00:00 0 
7ff9490bd000-7ff9490f6000 r-xp 00000000 08:15 1466951                    /tmp/lwjglnokorot/3.1.1-build-16/libjemalloc.so
7ff9490f6000-7ff9492f5000 ---p 00039000 08:15 1466951                    /tmp/lwjglnokorot/3.1.1-build-16/libjemalloc.so
7ff9492f5000-7ff9492f8000 r--p 00038000 08:15 1466951                    /tmp/lwjglnokorot/3.1.1-build-16/libjemalloc.so
7ff9492f8000-7ff9492f9000 rw-p 0003b000 08:15 1466951                    /tmp/lwjglnokorot/3.1.1-build-16/libjemalloc.so
7ff9492f9000-7ff9492fa000 rw-p 00000000 00:00 0 
7ff9492fa000-7ff9492fd000 ---p 00000000 00:00 0 
7ff9492fd000-7ff9493fb000 rw-p 00000000 00:00 0 
7ff9493fb000-7ff949400000 r-xp 00000000 08:15 12329486                   /usr/lib/x86_64-linux-gnu/libXfixes.so.3.1.0
7ff949400000-7ff9495ff000 ---p 00005000 08:15 12329486                   /usr/lib/x86_64-linux-gnu/libXfixes.so.3.1.0
7ff9495ff000-7ff949600000 r--p 00004000 08:15 12329486                   /usr/lib/x86_64-linux-gnu/libXfixes.so.3.1.0
7ff949600000-7ff949601000 rw-p 00005000 08:15 12329486                   /usr/lib/x86_64-linux-gnu/libXfixes.so.3.1.0
7ff949601000-7ff94960a000 r-xp 00000000 08:15 12329478                   /usr/lib/x86_64-linux-gnu/libXcursor.so.1.0.2
7ff94960a000-7ff949809000 ---p 00009000 08:15 12329478                   /usr/lib/x86_64-linux-gnu/libXcursor.so.1.0.2
7ff949809000-7ff94980a000 r--p 00008000 08:15 12329478                   /usr/lib/x86_64-linux-gnu/libXcursor.so.1.0.2
7ff94980a000-7ff94980b000 rw-p 00009000 08:15 12329478                   /usr/lib/x86_64-linux-gnu/libXcursor.so.1.0.2
7ff94980b000-7ff949856000 r-xp 00000000 08:15 1466950                    /tmp/lwjglnokorot/3.1.1-build-16/liblwjgl.so
7ff949856000-7ff949a56000 ---p 0004b000 08:15 1466950                    /tmp/lwjglnokorot/3.1.1-build-16/liblwjgl.so
7ff949a56000-7ff949a57000 r--p 0004b000 08:15 1466950                    /tmp/lwjglnokorot/3.1.1-build-16/liblwjgl.so
7ff949a57000-7ff949a58000 rw-p 0004c000 08:15 1466950                    /tmp/lwjglnokorot/3.1.1-build-16/liblwjgl.so
7ff949a58000-7ff949a5b000 ---p 00000000 00:00 0 
7ff949a5b000-7ff949b59000 rw-p 00000000 00:00 0 
7ff949b59000-7ff949b6f000 r-xp 00000000 08:15 7082441                    /lib/x86_64-linux-gnu/libgcc_s.so.1
7ff949b6f000-7ff949d6e000 ---p 00016000 08:15 7082441                    /lib/x86_64-linux-gnu/libgcc_s.so.1
7ff949d6e000-7ff949d6f000 rw-p 00015000 08:15 7082441                    /lib/x86_64-linux-gnu/libgcc_s.so.1
7ff949d99000-7ff949dfe000 r-xp 00000000 08:15 12980585                   /usr/lib/jvm/java-8-oracle/jre/lib/amd64/libfontmanager.so
7ff949dfe000-7ff949ffd000 ---p 00065000 08:15 12980585                   /usr/lib/jvm/java-8-oracle/jre/lib/amd64/libfontmanager.so
7ff949ffd000-7ff94a002000 rw-p 00064000 08:15 12980585                   /usr/lib/jvm/java-8-oracle/jre/lib/amd64/libfontmanager.so
7ff94a002000-7ff94a313000 rw-p 00000000 00:00 0 
7ff94a313000-7ff94a329000 r-xp 00000000 08:15 12980356                   /usr/lib/jvm/java-8-oracle/jre/lib/amd64/libnet.so
7ff94a329000-7ff94a529000 ---p 00016000 08:15 12980356                   /usr/lib/jvm/java-8-oracle/jre/lib/amd64/libnet.so
7ff94a529000-7ff94a52a000 rw-p 00016000 08:15 12980356                   /usr/lib/jvm/java-8-oracle/jre/lib/amd64/libnet.so
7ff94a52a000-7ff94a53b000 r-xp 00000000 08:15 12980591                   /usr/lib/jvm/java-8-oracle/jre/lib/amd64/libnio.so
7ff94a53b000-7ff94a73a000 ---p 00011000 08:15 12980591                   /usr/lib/jvm/java-8-oracle/jre/lib/amd64/libnio.so
7ff94a73a000-7ff94a73b000 rw-p 00010000 08:15 12980591                   /usr/lib/jvm/java-8-oracle/jre/lib/amd64/libnio.so
7ff94a73b000-7ff94a73e000 ---p 00000000 00:00 0 
7ff94a73e000-7ff94a83c000 rw-p 00000000 00:00 0 
7ff94a83c000-7ff94a841000 r-xp 00000000 08:15 12329482                   /usr/lib/x86_64-linux-gnu/libXdmcp.so.6.0.0
7ff94a841000-7ff94aa40000 ---p 00005000 08:15 12329482                   /usr/lib/x86_64-linux-gnu/libXdmcp.so.6.0.0
7ff94aa40000-7ff94aa41000 r--p 00004000 08:15 12329482                   /usr/lib/x86_64-linux-gnu/libXdmcp.so.6.0.0
7ff94aa41000-7ff94aa42000 rw-p 00005000 08:15 12329482                   /usr/lib/x86_64-linux-gnu/libXdmcp.so.6.0.0
7ff94aa42000-7ff94aa44000 r-xp 00000000 08:15 12329471                   /usr/lib/x86_64-linux-gnu/libXau.so.6.0.0
7ff94aa44000-7ff94ac44000 ---p 00002000 08:15 12329471                   /usr/lib/x86_64-linux-gnu/libXau.so.6.0.0
7ff94ac44000-7ff94ac45000 r--p 00002000 08:15 12329471                   /usr/lib/x86_64-linux-gnu/libXau.so.6.0.0
7ff94ac45000-7ff94ac46000 rw-p 00003000 08:15 12329471                   /usr/lib/x86_64-linux-gnu/libXau.so.6.0.0
7ff94ac46000-7ff94ac67000 r-xp 00000000 08:15 12330820                   /usr/lib/x86_64-linux-gnu/libxcb.so.1.1.0
7ff94ac67000-7ff94ae66000 ---p 00021000 08:15 12330820                   /usr/lib/x86_64-linux-gnu/libxcb.so.1.1.0
7ff94ae66000-7ff94ae67000 r--p 00020000 08:15 12330820                   /usr/lib/x86_64-linux-gnu/libxcb.so.1.1.0
7ff94ae67000-7ff94ae68000 rw-p 00021000 08:15 12330820                   /usr/lib/x86_64-linux-gnu/libxcb.so.1.1.0
7ff94ae68000-7ff94ae77000 r-xp 00000000 08:15 12329492                   /usr/lib/x86_64-linux-gnu/libXi.so.6.1.0
7ff94ae77000-7ff94b076000 ---p 0000f000 08:15 12329492                   /usr/lib/x86_64-linux-gnu/libXi.so.6.1.0
7ff94b076000-7ff94b077000 r--p 0000e000 08:15 12329492                   /usr/lib/x86_64-linux-gnu/libXi.so.6.1.0
7ff94b077000-7ff94b078000 rw-p 0000f000 08:15 12329492                   /usr/lib/x86_64-linux-gnu/libXi.so.6.1.0
7ff94b078000-7ff94b07d000 r-xp 00000000 08:15 12329510                   /usr/lib/x86_64-linux-gnu/libXtst.so.6.1.0
7ff94b07d000-7ff94b27c000 ---p 00005000 08:15 12329510                   /usr/lib/x86_64-linux-gnu/libXtst.so.6.1.0
7ff94b27c000-7ff94b27d000 r--p 00004000 08:15 12329510                   /usr/lib/x86_64-linux-gnu/libXtst.so.6.1.0
7ff94b27d000-7ff94b27e000 rw-p 00005000 08:15 12329510                   /usr/lib/x86_64-linux-gnu/libXtst.so.6.1.0
7ff94b27e000-7ff94b287000 r-xp 00000000 08:15 12329504                   /usr/lib/x86_64-linux-gnu/libXrender.so.1.3.0
7ff94b287000-7ff94b486000 ---p 00009000 08:15 12329504                   /usr/lib/x86_64-linux-gnu/libXrender.so.1.3.0
7ff94b486000-7ff94b487000 r--p 00008000 08:15 12329504                   /usr/lib/x86_64-linux-gnu/libXrender.so.1.3.0
7ff94b487000-7ff94b488000 rw-p 00009000 08:15 12329504                   /usr/lib/x86_64-linux-gnu/libXrender.so.1.3.0
7ff94b488000-7ff94b5bd000 r-xp 00000000 08:15 12329467                   /usr/lib/x86_64-linux-gnu/libX11.so.6.3.0
7ff94b5bd000-7ff94b7bd000 ---p 00135000 08:15 12329467                   /usr/lib/x86_64-linux-gnu/libX11.so.6.3.0
7ff94b7bd000-7ff94b7be000 r--p 00135000 08:15 12329467                   /usr/lib/x86_64-linux-gnu/libX11.so.6.3.0
7ff94b7be000-7ff94b7c2000 rw-p 00136000 08:15 12329467                   /usr/lib/x86_64-linux-gnu/libX11.so.6.3.0
7ff94b7c2000-7ff94b7d3000 r-xp 00000000 08:15 12329484                   /usr/lib/x86_64-linux-gnu/libXext.so.6.4.0
7ff94b7d3000-7ff94b9d2000 ---p 00011000 08:15 12329484                   /usr/lib/x86_64-linux-gnu/libXext.so.6.4.0
7ff94b9d2000-7ff94b9d3000 r--p 00010000 08:15 12329484                   /usr/lib/x86_64-linux-gnu/libXext.so.6.4.0
7ff94b9d3000-7ff94b9d4000 rw-p 00011000 08:15 12329484                   /usr/lib/x86_64-linux-gnu/libXext.so.6.4.0
7ff94b9d4000-7ff94ba28000 r-xp 00000000 08:15 12980593                   /usr/lib/jvm/java-8-oracle/jre/lib/amd64/libawt_xawt.so
7ff94ba28000-7ff94bc28000 ---p 00054000 08:15 12980593                   /usr/lib/jvm/java-8-oracle/jre/lib/amd64/libawt_xawt.so
7ff94bc28000-7ff94bc2c000 rw-p 00054000 08:15 12980593                   /usr/lib/jvm/java-8-oracle/jre/lib/amd64/libawt_xawt.so
7ff94bc2c000-7ff94bc2d000 rw-p 00000000 00:00 0 
7ff94bc2d000-7ff94bccf000 r-xp 00000000 08:15 12980626                   /usr/lib/jvm/java-8-oracle/jre/lib/amd64/libawt.so
7ff94bccf000-7ff94becf000 ---p 000a2000 08:15 12980626                   /usr/lib/jvm/java-8-oracle/jre/lib/amd64/libawt.so
7ff94becf000-7ff94bedb000 rw-p 000a2000 08:15 12980626                   /usr/lib/jvm/java-8-oracle/jre/lib/amd64/libawt.so
7ff94bedb000-7ff94beff000 rw-p 00000000 00:00 0 
7ff94beff000-7ff94bf00000 ---p 00000000 00:00 0 
7ff94bf00000-7ff94c000000 rw-p 00000000 00:00 0 
7ff94c000000-7ff94c028000 rw-p 00000000 00:00 0 
7ff94c028000-7ff950000000 ---p 00000000 00:00 0 
7ff950000000-7ff950275000 rw-p 00000000 00:00 0 
7ff950275000-7ff954000000 ---p 00000000 00:00 0 
7ff954000000-7ff954021000 rw-p 00000000 00:00 0 
7ff954021000-7ff958000000 ---p 00000000 00:00 0 
7ff958000000-7ff958084000 rw-p 00000000 00:00 0 
7ff958084000-7ff95c000000 ---p 00000000 00:00 0 
7ff95c000000-7ff95c021000 rw-p 00000000 00:00 0 
7ff95c021000-7ff960000000 ---p 00000000 00:00 0 
7ff960000000-7ff960021000 rw-p 00000000 00:00 0 
7ff960021000-7ff964000000 ---p 00000000 00:00 0 
7ff964000000-7ff964021000 rw-p 00000000 00:00 0 
7ff964021000-7ff968000000 ---p 00000000 00:00 0 
7ff968000000-7ff968021000 rw-p 00000000 00:00 0 
7ff968021000-7ff96c000000 ---p 00000000 00:00 0 
7ff96c000000-7ff96c021000 rw-p 00000000 00:00 0 
7ff96c021000-7ff970000000 ---p 00000000 00:00 0 
7ff970000000-7ff970021000 rw-p 00000000 00:00 0 
7ff970021000-7ff974000000 ---p 00000000 00:00 0 
7ff974000000-7ff974021000 rw-p 00000000 00:00 0 
7ff974021000-7ff978000000 ---p 00000000 00:00 0 
7ff97800b000-7ff97800e000 ---p 00000000 00:00 0 
7ff97800e000-7ff97810c000 rw-p 00000000 00:00 0 
7ff97810c000-7ff97810f000 ---p 00000000 00:00 0 
7ff97810f000-7ff97820d000 rw-p 00000000 00:00 0 
7ff97820d000-7ff978210000 ---p 00000000 00:00 0 
7ff978210000-7ff97830e000 rw-p 00000000 00:00 0 
7ff97830e000-7ff978311000 ---p 00000000 00:00 0 
7ff978311000-7ff97840f000 rw-p 00000000 00:00 0 
7ff97840f000-7ff978412000 ---p 00000000 00:00 0 
7ff978412000-7ff978510000 rw-p 00000000 00:00 0 
7ff978510000-7ff978967000 r--p 00000000 08:15 12322328                   /usr/lib/locale/locale-archive
7ff978967000-7ff97896a000 ---p 00000000 00:00 0 
7ff97896a000-7ff978a68000 rw-p 00000000 00:00 0 
7ff978a68000-7ff978a6b000 ---p 00000000 00:00 0 
7ff978a6b000-7ff978b69000 rw-p 00000000 00:00 0 
7ff978b69000-7ff978b6a000 ---p 00000000 00:00 0 
7ff978b6a000-7ff97d000000 rw-p 00000000 00:00 0 
7ff97d000000-7ff97d270000 rwxp 00000000 00:00 0 
7ff97d270000-7ff98c000000 ---p 00000000 00:00 0 
7ff98c000000-7ff98c3e4000 rw-p 00000000 00:00 0 
7ff98c3e4000-7ff990000000 ---p 00000000 00:00 0 
7ff990016000-7ff99001d000 r--s 00000000 08:15 12594715                   /usr/lib/x86_64-linux-gnu/gconv/gconv-modules.cache
7ff99001d000-7ff99001e000 rwxp 00000000 00:00 0 
7ff99001e000-7ff99001f000 r--s 00004000 08:15 13654818                   /home/nokorot/Workspace/Java/PS/PS 3.0.0/LWJGL3/lwjgl-xxhash.jar
7ff99001f000-7ff990020000 r--s 00001000 08:15 13654817                   /home/nokorot/Workspace/Java/PS/PS 3.0.0/LWJGL3/lwjgl-xxhash-natives-linux.jar
7ff990020000-7ff990029000 r--s 000a6000 08:15 13654825                   /home/nokorot/Workspace/Java/PS/PS 3.0.0/LWJGL3/lwjgl-vulkan.jar
7ff990029000-7ff99002e000 r--s 000ac000 08:15 13654824                   /home/nokorot/Workspace/Java/PS/PS 3.0.0/LWJGL3/lwjgl-vulkan-sources.jar
7ff99002e000-7ff99002f000 r--s 00001000 08:15 13654813                   /home/nokorot/Workspace/Java/PS/PS 3.0.0/LWJGL3/lwjgl-tinyfd.jar
7ff99002f000-7ff990030000 r--s 00007000 08:15 13654815                   /home/nokorot/Workspace/Java/PS/PS 3.0.0/LWJGL3/lwjgl-tinyfd-natives-linux.jar
7ff990030000-7ff990033000 r--s 00012000 08:15 13654809                   /home/nokorot/Workspace/Java/PS/PS 3.0.0/LWJGL3/lwjgl-stb.jar
7ff990033000-7ff990034000 r--s 0002c000 08:15 13654808                   /home/nokorot/Workspace/Java/PS/PS 3.0.0/LWJGL3/lwjgl-stb-natives-linux.jar
7ff990034000-7ff990035000 r--s 00000000 08:15 13654803                   /home/nokorot/Workspace/Java/PS/PS 3.0.0/LWJGL3/lwjgl-sse.jar
7ff990035000-7ff990036000 r--s 00000000 08:15 13654802                   /home/nokorot/Workspace/Java/PS/PS 3.0.0/LWJGL3/lwjgl-sse-natives-linux.jar
7ff990036000-7ff990038000 r--s 00058000 08:15 13654804                   /home/nokorot/Workspace/Java/PS/PS 3.0.0/LWJGL3/lwjgl-sse-javadoc.jar
7ff990038000-7ff99003a000 r--s 00001000 08:15 13654799                   /home/nokorot/Workspace/Java/PS/PS 3.0.0/LWJGL3/lwjgl-par.jar
7ff99003a000-7ff99003b000 r--s 00005000 08:15 13654795                   /home/nokorot/Workspace/Java/PS/PS 3.0.0/LWJGL3/lwjgl-par-natives-linux.jar
7ff99003b000-7ff990041000 r--s 00048000 08:15 13654794                   /home/nokorot/Workspace/Java/PS/PS 3.0.0/LWJGL3/lwjgl-opengles.jar
7ff990041000-7ff990042000 r--s 00007000 08:15 13654792                   /home/nokorot/Workspace/Java/PS/PS 3.0.0/LWJGL3/lwjgl-opengles-natives-linux.jar
7ff990042000-7ff99004b000 r--s 000ba000 08:15 13654797                   /home/nokorot/Workspace/Java/PS/PS 3.0.0/LWJGL3/lwjgl-opengl.jar
7ff99004b000-7ff99004c000 r--s 00015000 08:15 13654789                   /home/nokorot/Workspace/Java/PS/PS 3.0.0/LWJGL3/lwjgl-opengl-natives-linux.jar
7ff99004c000-7ff99004f000 r--s 00023000 08:15 13654790                   /home/nokorot/Workspace/Java/PS/PS 3.0.0/LWJGL3/lwjgl-opencl.jar
7ff99004f000-7ff990051000 r--s 00010000 08:15 13654776                   /home/nokorot/Workspace/Java/PS/PS 3.0.0/LWJGL3/lwjgl-openal.jar
7ff990051000-7ff990052000 r--s 0004a000 08:15 13654787                   /home/nokorot/Workspace/Java/PS/PS 3.0.0/LWJGL3/lwjgl-openal-natives-linux.jar
7ff990052000-7ff990057000 r--s 00054000 08:15 13654782                   /home/nokorot/Workspace/Java/PS/PS 3.0.0/LWJGL3/lwjgl-nuklear.jar
7ff990057000-7ff990058000 r--s 0001f000 08:15 13654772                   /home/nokorot/Workspace/Java/PS/PS 3.0.0/LWJGL3/lwjgl-nuklear-natives-linux.jar
7ff990058000-7ff990059000 r--s 00001000 08:15 13654766                   /home/nokorot/Workspace/Java/PS/PS 3.0.0/LWJGL3/lwjgl-nfd.jar
7ff990059000-7ff99005a000 r--s 00001000 08:15 13654764                   /home/nokorot/Workspace/Java/PS/PS 3.0.0/LWJGL3/lwjgl-nfd-natives-linux.jar
7ff99005a000-7ff99005b000 r--s 00011000 08:15 13654822                   /home/nokorot/Workspace/Java/PS/PS 3.0.0/LWJGL3/lwjgl-natives-linux.jar
7ff99005b000-7ff99005d000 r--s 00008000 08:15 13654756                   /home/nokorot/Workspace/Java/PS/PS 3.0.0/LWJGL3/lwjgl-nanovg.jar
7ff99005d000-7ff990a39000 rw-p 00000000 00:00 0 
7ff990a39000-7ff990c11000 r--s 03d2a000 08:15 12855517                   /usr/lib/jvm/java-8-oracle/jre/lib/rt.jar
7ff990c11000-7ff991407000 rw-p 00000000 00:00 0 
7ff991407000-7ff991487000 ---p 00000000 00:00 0 
7ff991487000-7ff991860000 rw-p 00000000 00:00 0 
7ff991860000-7ff991861000 ---p 00000000 00:00 0 
7ff991861000-7ff991961000 rw-p 00000000 00:00 0 
7ff991961000-7ff991962000 ---p 00000000 00:00 0 
7ff991962000-7ff991a62000 rw-p 00000000 00:00 0 
7ff991a62000-7ff991a63000 ---p 00000000 00:00 0 
7ff991a63000-7ff991b63000 rw-p 00000000 00:00 0 
7ff991b63000-7ff991b64000 ---p 00000000 00:00 0 
7ff991b64000-7ff991c8e000 rw-p 00000000 00:00 0 
7ff991c8e000-7ff991ef5000 ---p 00000000 00:00 0 
7ff991ef5000-7ff991f1f000 rw-p 00000000 00:00 0 
7ff991f1f000-7ff992185000 ---p 00000000 00:00 0 
7ff992185000-7ff99219b000 rw-p 00000000 00:00 0 
7ff99219b000-7ff9922ce000 ---p 00000000 00:00 0 
7ff9922ce000-7ff9922d9000 rw-p 00000000 00:00 0 
7ff9922d9000-7ff99268f000 ---p 00000000 00:00 0 
7ff99268f000-7ff9926a9000 r-xp 00000000 08:15 12980589                   /usr/lib/jvm/java-8-oracle/jre/lib/amd64/libzip.so
7ff9926a9000-7ff9928a9000 ---p 0001a000 08:15 12980589                   /usr/lib/jvm/java-8-oracle/jre/lib/amd64/libzip.so
7ff9928a9000-7ff9928aa000 rw-p 0001a000 08:15 12980589                   /usr/lib/jvm/java-8-oracle/jre/lib/amd64/libzip.so
7ff9928aa000-7ff9928b5000 r-xp 00000000 08:15 7082071                    /lib/x86_64-linux-gnu/libnss_files-2.23.so
7ff9928b5000-7ff992ab4000 ---p 0000b000 08:15 7082071                    /lib/x86_64-linux-gnu/libnss_files-2.23.so
7ff992ab4000-7ff992ab5000 r--p 0000a000 08:15 7082071                    /lib/x86_64-linux-gnu/libnss_files-2.23.so
7ff992ab5000-7ff992ab6000 rw-p 0000b000 08:15 7082071                    /lib/x86_64-linux-gnu/libnss_files-2.23.so
7ff992ab6000-7ff992abc000 rw-p 00000000 00:00 0 
7ff992abc000-7ff992ac7000 r-xp 00000000 08:15 7082047                    /lib/x86_64-linux-gnu/libnss_nis-2.23.so
7ff992ac7000-7ff992cc6000 ---p 0000b000 08:15 7082047                    /lib/x86_64-linux-gnu/libnss_nis-2.23.so
7ff992cc6000-7ff992cc7000 r--p 0000a000 08:15 7082047                    /lib/x86_64-linux-gnu/libnss_nis-2.23.so
7ff992cc7000-7ff992cc8000 rw-p 0000b000 08:15 7082047                    /lib/x86_64-linux-gnu/libnss_nis-2.23.so
7ff992cc8000-7ff992cde000 r-xp 00000000 08:15 7082063                    /lib/x86_64-linux-gnu/libnsl-2.23.so
7ff992cde000-7ff992edd000 ---p 00016000 08:15 7082063                    /lib/x86_64-linux-gnu/libnsl-2.23.so
7ff992edd000-7ff992ede000 r--p 00015000 08:15 7082063                    /lib/x86_64-linux-gnu/libnsl-2.23.so
7ff992ede000-7ff992edf000 rw-p 00016000 08:15 7082063                    /lib/x86_64-linux-gnu/libnsl-2.23.so
7ff992edf000-7ff992ee1000 rw-p 00000000 00:00 0 
7ff992ee1000-7ff992ee9000 r-xp 00000000 08:15 7082065                    /lib/x86_64-linux-gnu/libnss_compat-2.23.so
7ff992ee9000-7ff9930e8000 ---p 00008000 08:15 7082065                    /lib/x86_64-linux-gnu/libnss_compat-2.23.so
7ff9930e8000-7ff9930e9000 r--p 00007000 08:15 7082065                    /lib/x86_64-linux-gnu/libnss_compat-2.23.so
7ff9930e9000-7ff9930ea000 rw-p 00008000 08:15 7082065                    /lib/x86_64-linux-gnu/libnss_compat-2.23.so
7ff9930ea000-7ff993115000 r-xp 00000000 08:15 12980616                   /usr/lib/jvm/java-8-oracle/jre/lib/amd64/libjava.so
7ff993115000-7ff993314000 ---p 0002b000 08:15 12980616                   /usr/lib/jvm/java-8-oracle/jre/lib/amd64/libjava.so
7ff993314000-7ff993316000 rw-p 0002a000 08:15 12980616                   /usr/lib/jvm/java-8-oracle/jre/lib/amd64/libjava.so
7ff993316000-7ff993323000 r-xp 00000000 08:15 12980358                   /usr/lib/jvm/java-8-oracle/jre/lib/amd64/libverify.so
7ff993323000-7ff993522000 ---p 0000d000 08:15 12980358                   /usr/lib/jvm/java-8-oracle/jre/lib/amd64/libverify.so
7ff993522000-7ff993524000 rw-p 0000c000 08:15 12980358                   /usr/lib/jvm/java-8-oracle/jre/lib/amd64/libverify.so
7ff993524000-7ff99352b000 r-xp 00000000 08:15 7082046                    /lib/x86_64-linux-gnu/librt-2.23.so
7ff99352b000-7ff99372a000 ---p 00007000 08:15 7082046                    /lib/x86_64-linux-gnu/librt-2.23.so
7ff99372a000-7ff99372b000 r--p 00006000 08:15 7082046                    /lib/x86_64-linux-gnu/librt-2.23.so
7ff99372b000-7ff99372c000 rw-p 00007000 08:15 7082046                    /lib/x86_64-linux-gnu/librt-2.23.so
7ff99372c000-7ff993834000 r-xp 00000000 08:15 7082058                    /lib/x86_64-linux-gnu/libm-2.23.so
7ff993834000-7ff993a33000 ---p 00108000 08:15 7082058                    /lib/x86_64-linux-gnu/libm-2.23.so
7ff993a33000-7ff993a34000 r--p 00107000 08:15 7082058                    /lib/x86_64-linux-gnu/libm-2.23.so
7ff993a34000-7ff993a35000 rw-p 00108000 08:15 7082058                    /lib/x86_64-linux-gnu/libm-2.23.so
7ff993a35000-7ff994702000 r-xp 00000000 08:15 12980620                   /usr/lib/jvm/java-8-oracle/jre/lib/amd64/server/libjvm.so
7ff994702000-7ff994901000 ---p 00ccd000 08:15 12980620                   /usr/lib/jvm/java-8-oracle/jre/lib/amd64/server/libjvm.so
7ff994901000-7ff9949da000 rw-p 00ccc000 08:15 12980620                   /usr/lib/jvm/java-8-oracle/jre/lib/amd64/server/libjvm.so
7ff9949da000-7ff994a25000 rw-p 00000000 00:00 0 
7ff994a25000-7ff994be4000 r-xp 00000000 08:15 7082051                    /lib/x86_64-linux-gnu/libc-2.23.so
7ff994be4000-7ff994de4000 ---p 001bf000 08:15 7082051                    /lib/x86_64-linux-gnu/libc-2.23.so
7ff994de4000-7ff994de8000 r--p 001bf000 08:15 7082051                    /lib/x86_64-linux-gnu/libc-2.23.so
7ff994de8000-7ff994dea000 rw-p 001c3000 08:15 7082051                    /lib/x86_64-linux-gnu/libc-2.23.so
7ff994dea000-7ff994dee000 rw-p 00000000 00:00 0 
7ff994dee000-7ff994df1000 r-xp 00000000 08:15 7082050                    /lib/x86_64-linux-gnu/libdl-2.23.so
7ff994df1000-7ff994ff0000 ---p 00003000 08:15 7082050                    /lib/x86_64-linux-gnu/libdl-2.23.so
7ff994ff0000-7ff994ff1000 r--p 00002000 08:15 7082050                    /lib/x86_64-linux-gnu/libdl-2.23.so
7ff994ff1000-7ff994ff2000 rw-p 00003000 08:15 7082050                    /lib/x86_64-linux-gnu/libdl-2.23.so
7ff994ff2000-7ff995007000 r-xp 00000000 08:15 12585246                   /usr/lib/jvm/java-8-oracle/lib/amd64/jli/libjli.so
7ff995007000-7ff995207000 ---p 00015000 08:15 12585246                   /usr/lib/jvm/java-8-oracle/lib/amd64/jli/libjli.so
7ff995207000-7ff995208000 rw-p 00015000 08:15 12585246                   /usr/lib/jvm/java-8-oracle/lib/amd64/jli/libjli.so
7ff995208000-7ff995220000 r-xp 00000000 08:15 7082059                    /lib/x86_64-linux-gnu/libpthread-2.23.so
7ff995220000-7ff99541f000 ---p 00018000 08:15 7082059                    /lib/x86_64-linux-gnu/libpthread-2.23.so
7ff99541f000-7ff995420000 r--p 00017000 08:15 7082059                    /lib/x86_64-linux-gnu/libpthread-2.23.so
7ff995420000-7ff995421000 rw-p 00018000 08:15 7082059                    /lib/x86_64-linux-gnu/libpthread-2.23.so
7ff995421000-7ff995425000 rw-p 00000000 00:00 0 
7ff995425000-7ff99544b000 r-xp 00000000 08:15 7082039                    /lib/x86_64-linux-gnu/ld-2.23.so
7ff99544b000-7ff99544c000 r--s 0001f000 08:15 13654762                   /home/nokorot/Workspace/Java/PS/PS 3.0.0/LWJGL3/lwjgl-nanovg-natives-linux.jar
7ff99544c000-7ff99544e000 r--s 00005000 08:15 13654746                   /home/nokorot/Workspace/Java/PS/PS 3.0.0/LWJGL3/lwjgl-lmdb.jar
7ff99544e000-7ff995519000 rw-p 00000000 00:00 0 
7ff995519000-7ff99551c000 ---p 00000000 00:00 0 
7ff99551c000-7ff99561e000 rw-p 00000000 00:00 0 
7ff99561e000-7ff99561f000 r--s 0000d000 08:15 13654750                   /home/nokorot/Workspace/Java/PS/PS 3.0.0/LWJGL3/lwjgl-lmdb-natives-linux.jar
7ff99561f000-7ff995621000 r--s 00007000 08:15 13654736                   /home/nokorot/Workspace/Java/PS/PS 3.0.0/LWJGL3/lwjgl-jemalloc.jar
7ff995621000-7ff995622000 r--s 00019000 08:15 13654734                   /home/nokorot/Workspace/Java/PS/PS 3.0.0/LWJGL3/lwjgl-jemalloc-natives-linux.jar
7ff995622000-7ff995623000 r--s 00005000 08:15 13654724                   /home/nokorot/Workspace/Java/PS/PS 3.0.0/LWJGL3/lwjgl-jawt.jar
7ff995623000-7ff995625000 r--s 00066000 08:15 13654732                   /home/nokorot/Workspace/Java/PS/PS 3.0.0/LWJGL3/lwjgl-jawt-javadoc.jar
7ff995625000-7ff995628000 r--s 00015000 08:15 13654722                   /home/nokorot/Workspace/Java/PS/PS 3.0.0/LWJGL3/lwjgl-glfw.jar
7ff995628000-7ff995629000 r--s 0000e000 08:15 13654716                   /home/nokorot/Workspace/Java/PS/PS 3.0.0/LWJGL3/lwjgl-glfw-natives-linux.jar
7ff995629000-7ff99562d000 r--s 0001b000 08:15 13654708                   /home/nokorot/Workspace/Java/PS/PS 3.0.0/LWJGL3/lwjgl-egl.jar
7ff99562d000-7ff995631000 r--s 0001e000 08:15 13654712                   /home/nokorot/Workspace/Java/PS/PS 3.0.0/LWJGL3/lwjgl-egl-sources.jar
7ff995631000-7ff995634000 r--s 0001f000 08:15 13654702                   /home/nokorot/Workspace/Java/PS/PS 3.0.0/LWJGL3/lwjgl-bgfx.jar
7ff995634000-7ff995635000 r--s 00042000 08:15 13654704                   /home/nokorot/Workspace/Java/PS/PS 3.0.0/LWJGL3/lwjgl-bgfx-natives-linux.jar
7ff995635000-7ff995639000 r--s 0002a000 08:15 13654692                   /home/nokorot/Workspace/Java/PS/PS 3.0.0/LWJGL3/lwjgl-assimp.jar
7ff995639000-7ff99563a000 r--s 002ae000 08:15 13654740                   /home/nokorot/Workspace/Java/PS/PS 3.0.0/LWJGL3/lwjgl-assimp-natives-linux.jar
7ff99563a000-7ff99563e000 r--s 0003d000 08:15 13654827                   /home/nokorot/Workspace/Java/PS/PS 3.0.0/LWJGL3/lwjgl.jar
7ff99563e000-7ff995646000 rw-s 00000000 08:15 1325741                    /tmp/hsperfdata_nokorot/28466
7ff995646000-7ff995647000 rw-p 00000000 00:00 0 
7ff995647000-7ff995648000 r--p 00000000 00:00 0 
7ff995648000-7ff99564a000 rw-p 00000000 00:00 0 
7ff99564a000-7ff99564b000 r--p 00025000 08:15 7082039                    /lib/x86_64-linux-gnu/ld-2.23.so
7ff99564b000-7ff99564c000 rw-p 00026000 08:15 7082039                    /lib/x86_64-linux-gnu/ld-2.23.so
7ff99564c000-7ff99564d000 rw-p 00000000 00:00 0 
7ffc4f359000-7ffc4f37b000 rw-p 00000000 00:00 0                          [stack]
7ffc4f3ac000-7ffc4f3ae000 r--p 00000000 00:00 0                          [vvar]
7ffc4f3ae000-7ffc4f3b0000 r-xp 00000000 00:00 0                          [vdso]
ffffffffff600000-ffffffffff601000 r-xp 00000000 00:00 0                  [vsyscall]

VM Arguments:
jvm_args: -Djava.library.path=/home/noko/workspace/Java/Test/Test/LWJGL3 -Dfile.encoding=UTF-8 
java_command: engineTest.Main
java_class_path (initial): /home/nokorot/Workspace/Java/PS/PS 3.0.0/bin:/home/nokorot/Workspace/Java/PS/PS 3.0.0/LWJGL3/lwjgl.jar:/home/nokorot/Workspace/Java/PS/PS 3.0.0/LWJGL3/lwjgl-assimp-natives-linux.jar:/home/nokorot/Workspace/Java/PS/PS 3.0.0/LWJGL3/lwjgl-assimp.jar:/home/nokorot/Workspace/Java/PS/PS 3.0.0/LWJGL3/lwjgl-bgfx-natives-linux.jar:/home/nokorot/Workspace/Java/PS/PS 3.0.0/LWJGL3/lwjgl-bgfx.jar:/home/nokorot/Workspace/Java/PS/PS 3.0.0/LWJGL3/lwjgl-egl-sources.jar:/home/nokorot/Workspace/Java/PS/PS 3.0.0/LWJGL3/lwjgl-egl.jar:/home/nokorot/Workspace/Java/PS/PS 3.0.0/LWJGL3/lwjgl-glfw-natives-linux.jar:/home/nokorot/Workspace/Java/PS/PS 3.0.0/LWJGL3/lwjgl-glfw.jar:/home/nokorot/Workspace/Java/PS/PS 3.0.0/LWJGL3/lwjgl-jawt-javadoc.jar:/home/nokorot/Workspace/Java/PS/PS 3.0.0/LWJGL3/lwjgl-jawt.jar:/home/nokorot/Workspace/Java/PS/PS 3.0.0/LWJGL3/lwjgl-jemalloc-natives-linux.jar:/home/nokorot/Workspace/Java/PS/PS 3.0.0/LWJGL3/lwjgl-jemalloc.jar:/home/nokorot/Workspace/Java/PS/PS 3.0.0/LWJGL3/lwjgl-lmdb-natives-linux.jar:/home/nokorot/Workspace/Java/PS/PS 3.0.0/LWJGL3/lwjgl-lmdb.jar:/home/nokorot/Workspace/Java/PS/PS 3.0.0/LWJGL3/lwjgl-nanovg-natives-linux.jar:/home/nokorot/Workspace/Java/PS/PS 3.0.0/LWJGL3/lwjgl-nanovg.jar:/home/nokorot/Workspace/Java/PS/PS 3.0.0/LWJGL3/lwjgl-natives-linux.jar:/home/nokorot/Workspace/Java/PS/PS 3.0.0/LWJGL3/lwjgl-nfd-natives-linux.jar:/home/nokorot/Workspace/Java/PS/PS 3.0.0/LWJGL3/lwjgl-nfd.jar:/home/nokorot/Workspace/Java/PS/PS 3.0.0/LWJGL3/lwjgl-nuklear-natives-linux.jar:/home/nokorot/Workspace/Java/PS/PS 3.0.0/LWJGL3/lwjgl-nuklear.jar:/home/nokorot/Workspace/Java/PS/PS 3.0.0/LWJGL3/lwjgl-openal-natives-linux.jar:/home/nokorot/Workspace/Java/PS/PS 3.0.0/LWJGL3/lwjgl-openal.jar:/home/nokorot/Workspace/Java/PS/PS 3.0.0/LWJGL3/lwjgl-opencl.jar:/home/nokorot/Workspace/Java/PS/PS 3.0.0/LWJGL3/lwjgl-opengl-natives-linux.jar:/home/nokorot/Workspace/Java/PS/PS 3.0.0/LWJGL3/lwjgl-opengl.jar:/home/nokorot/Workspace/Java/PS/PS 3.
Launcher Type: SUN_STANDARD

Environment Variables:
JAVA_HOME=/usr/lib/jvm/java-8-oracle
PATH=/home/nokorot/.cabal/bin:/opt/cabal/1.22/bin:/opt/ghc/7.10.3/bin:/home/nokorot/.bin:/home/nokorot/bin:/home/nokorot/.local/bin:/usr/local/sbin:/usr/local/bin:/usr/sbin:/usr/bin:/sbin:/bin:/usr/games:/usr/local/games:/snap/bin:/usr/lib/jvm/java-8-oracle/bin:/usr/lib/jvm/java-8-oracle/db/bin:/usr/lib/jvm/java-8-oracle/jre/bin
USERNAME=nokorot
SHELL=/bin/bash
DISPLAY=:1

Signal Handlers:
SIGSEGV: [libjvm.so+0xac64b0], sa_mask[0]=11111111011111111101111111111110, sa_flags=SA_RESTART|SA_SIGINFO
SIGBUS: [libjvm.so+0xac64b0], sa_mask[0]=11111111011111111101111111111110, sa_flags=SA_RESTART|SA_SIGINFO
SIGFPE: [libjvm.so+0x91f950], sa_mask[0]=11111111011111111101111111111110, sa_flags=SA_RESTART|SA_SIGINFO
SIGPIPE: [libjvm.so+0x91f950], sa_mask[0]=11111111011111111101111111111110, sa_flags=SA_RESTART|SA_SIGINFO
SIGXFSZ: [libjvm.so+0x91f950], sa_mask[0]=11111111011111111101111111111110, sa_flags=SA_RESTART|SA_SIGINFO
SIGILL: [libjvm.so+0x91f950], sa_mask[0]=11111111011111111101111111111110, sa_flags=SA_RESTART|SA_SIGINFO
SIGUSR1: SIG_DFL, sa_mask[0]=00000000000000000000000000000000, sa_flags=none
SIGUSR2: [libjvm.so+0x920f80], sa_mask[0]=00100000000000000000000000000000, sa_flags=SA_RESTART|SA_SIGINFO
SIGHUP: [libjvm.so+0x922380], sa_mask[0]=11111111011111111101111111111110, sa_flags=SA_RESTART|SA_SIGINFO
SIGINT: [libjvm.so+0x922380], sa_mask[0]=11111111011111111101111111111110, sa_flags=SA_RESTART|SA_SIGINFO
SIGTERM: [libjvm.so+0x922380], sa_mask[0]=11111111011111111101111111111110, sa_flags=SA_RESTART|SA_SIGINFO
SIGQUIT: [libjvm.so+0x922380], sa_mask[0]=11111111011111111101111111111110, sa_flags=SA_RESTART|SA_SIGINFO


---------------  S Y S T E M  ---------------

OS:DISTRIB_ID=Ubuntu
DISTRIB_RELEASE=16.04
DISTRIB_CODENAME=xenial
DISTRIB_DESCRIPTION="Ubuntu 16.04.1 LTS"

uname:Linux 4.4.0-59-generic #80-Ubuntu SMP Fri Jan 6 17:47:47 UTC 2017 x86_64
libc:glibc 2.23 NPTL 2.23 
rlimit: STACK 8192k, CORE 0k, NPROC 31349, NOFILE 65536, AS infinity
load average:1,46 1,62 1,18

/proc/meminfo:
MemTotal:        8065832 kB
MemFree:         1278604 kB
MemAvailable:    3355312 kB
Buffers:          189916 kB
Cached:          2899868 kB
SwapCached:         2404 kB
Active:          4555372 kB
Inactive:        1853036 kB
Active(anon):    3073860 kB
Inactive(anon):  1126584 kB
Active(file):    1481512 kB
Inactive(file):   726452 kB
Unevictable:         496 kB
Mlocked:             496 kB
SwapTotal:       1951740 kB
SwapFree:        1924648 kB
Dirty:              4416 kB
Writeback:             0 kB
AnonPages:       3317188 kB
Mapped:           829032 kB
Shmem:            881512 kB
Slab:             222820 kB
SReclaimable:     173640 kB
SUnreclaim:        49180 kB
KernelStack:       14272 kB
PageTables:        63436 kB
NFS_Unstable:          0 kB
Bounce:                0 kB
WritebackTmp:          0 kB
CommitLimit:     5984656 kB
Committed_AS:   10923648 kB
VmallocTotal:   34359738367 kB
VmallocUsed:           0 kB
VmallocChunk:          0 kB
HardwareCorrupted:     0 kB
AnonHugePages:   1378304 kB
CmaTotal:              0 kB
CmaFree:               0 kB
HugePages_Total:       0
HugePages_Free:        0
HugePages_Rsvd:        0
HugePages_Surp:        0
Hugepagesize:       2048 kB
DirectMap4k:      255272 kB
DirectMap2M:     8024064 kB


CPU:total 4 (2 cores per cpu, 2 threads per core) family 6 model 58 stepping 9, cmov, cx8, fxsr, mmx, sse, sse2, sse3, ssse3, sse4.1, sse4.2, popcnt, avx, aes, clmul, erms, ht, tsc, tscinvbit, tscinv

/proc/cpuinfo:
processor	: 0
vendor_id	: GenuineIntel
cpu family	: 6
model		: 58
model name	: Intel(R) Core(TM) i5-3210M CPU @ 2.50GHz
stepping	: 9
microcode	: 0x15
cpu MHz		: 2899.902
cache size	: 3072 KB
physical id	: 0
siblings	: 4
core id		: 0
cpu cores	: 2
apicid		: 0
initial apicid	: 0
fpu		: yes
fpu_exception	: yes
cpuid level	: 13
wp		: yes
flags		: fpu vme de pse tsc msr pae mce cx8 apic sep mtrr pge mca cmov pat pse36 clflush dts acpi mmx fxsr sse sse2 ss ht tm pbe syscall nx rdtscp lm constant_tsc arch_perfmon pebs bts rep_good nopl xtopology nonstop_tsc aperfmperf eagerfpu pni pclmulqdq dtes64 monitor ds_cpl vmx est tm2 ssse3 cx16 xtpr pdcm pcid sse4_1 sse4_2 x2apic popcnt tsc_deadline_timer aes xsave avx f16c rdrand lahf_lm epb tpr_shadow vnmi flexpriority ept vpid fsgsbase smep erms xsaveopt dtherm ida arat pln pts
bugs		:
bogomips	: 4989.04
clflush size	: 64
cache_alignment	: 64
address sizes	: 36 bits physical, 48 bits virtual
power management:

processor	: 1
vendor_id	: GenuineIntel
cpu family	: 6
model		: 58
model name	: Intel(R) Core(TM) i5-3210M CPU @ 2.50GHz
stepping	: 9
microcode	: 0x15
cpu MHz		: 2900.000
cache size	: 3072 KB
physical id	: 0
siblings	: 4
core id		: 1
cpu cores	: 2
apicid		: 2
initial apicid	: 2
fpu		: yes
fpu_exception	: yes
cpuid level	: 13
wp		: yes
flags		: fpu vme de pse tsc msr pae mce cx8 apic sep mtrr pge mca cmov pat pse36 clflush dts acpi mmx fxsr sse sse2 ss ht tm pbe syscall nx rdtscp lm constant_tsc arch_perfmon pebs bts rep_good nopl xtopology nonstop_tsc aperfmperf eagerfpu pni pclmulqdq dtes64 monitor ds_cpl vmx est tm2 ssse3 cx16 xtpr pdcm pcid sse4_1 sse4_2 x2apic popcnt tsc_deadline_timer aes xsave avx f16c rdrand lahf_lm epb tpr_shadow vnmi flexpriority ept vpid fsgsbase smep erms xsaveopt dtherm ida arat pln pts
bugs		:
bogomips	: 4989.04
clflush size	: 64
cache_alignment	: 64
address sizes	: 36 bits physical, 48 bits virtual
power management:

processor	: 2
vendor_id	: GenuineIntel
cpu family	: 6
model		: 58
model name	: Intel(R) Core(TM) i5-3210M CPU @ 2.50GHz
stepping	: 9
microcode	: 0x15
cpu MHz		: 2899.902
cache size	: 3072 KB
physical id	: 0
siblings	: 4
core id		: 0
cpu cores	: 2
apicid		: 1
initial apicid	: 1
fpu		: yes
fpu_exception	: yes
cpuid level	: 13
wp		: yes
flags		: fpu vme de pse tsc msr pae mce cx8 apic sep mtrr pge mca cmov pat pse36 clflush dts acpi mmx fxsr sse sse2 ss ht tm pbe syscall nx rdtscp lm constant_tsc arch_perfmon pebs bts rep_good nopl xtopology nonstop_tsc aperfmperf eagerfpu pni pclmulqdq dtes64 monitor ds_cpl vmx est tm2 ssse3 cx16 xtpr pdcm pcid sse4_1 sse4_2 x2apic popcnt tsc_deadline_timer aes xsave avx f16c rdrand lahf_lm epb tpr_shadow vnmi flexpriority ept vpid fsgsbase smep erms xsaveopt dtherm ida arat pln pts
bugs		:
bogomips	: 4989.04
clflush size	: 64
cache_alignment	: 64
address sizes	: 36 bits physical, 48 bits virtual
power management:

processor	: 3
vendor_id	: GenuineIntel
cpu family	: 6
model		: 58
model name	: Intel(R) Core(TM) i5-3210M CPU @ 2.50GHz
stepping	: 9
microcode	: 0x15
cpu MHz		: 2899.902
cache size	: 3072 KB
physical id	: 0
siblings	: 4
core id		: 1
cpu cores	: 2
apicid		: 3
initial apicid	: 3
fpu		: yes
fpu_exception	: yes
cpuid level	: 13
wp		: yes
flags		: fpu vme de pse tsc msr pae mce cx8 apic sep mtrr pge mca cmov pat pse36 clflush dts acpi mmx fxsr sse sse2 ss ht tm pbe syscall nx rdtscp lm constant_tsc arch_perfmon pebs bts rep_good nopl xtopology nonstop_tsc aperfmperf eagerfpu pni pclmulqdq dtes64 monitor ds_cpl vmx est tm2 ssse3 cx16 xtpr pdcm pcid sse4_1 sse4_2 x2apic popcnt tsc_deadline_timer aes xsave avx f16c rdrand lahf_lm epb tpr_shadow vnmi flexpriority ept vpid fsgsbase smep erms xsaveopt dtherm ida arat pln pts
bugs		:
bogomips	: 4989.04
clflush size	: 64
cache_alignment	: 64
address sizes	: 36 bits physical, 48 bits virtual
power management:



Memory: 4k page, physical 8065832k(1278604k free), swap 1951740k(1924648k free)

vm_info: Java HotSpot(TM) 64-Bit Server VM (25.111-b14) for linux-amd64 JRE (1.8.0_111-b14), built on Sep 22 2016 16:14:03 by "java_re" with gcc 4.3.0 20080428 (Red Hat 4.3.0-8)

time: Sun Feb  5 00:41:43 2017
elapsed time: 0 seconds (0d 0h 0m 0s)

