#
# A fatal error has been detected by the Java Runtime Environment:
#
#  SIGSEGV (0xb) at pc=0x00007f0273e07d44, pid=2676, tid=0x00007f027420f700
#
# JRE version: Java(TM) SE Runtime Environment (8.0_111-b14) (build 1.8.0_111-b14)
# Java VM: Java HotSpot(TM) 64-Bit Server VM (25.111-b14 mixed mode linux-amd64 compressed oops)
# Problematic frame:
# C  [libpthread.so.0+0x9d44]  pthread_mutex_lock+0x4
#
# Failed to write core dump. Core dumps have been disabled. To enable core dumping, try "ulimit -c unlimited" before starting Java again
#
# If you would like to submit a bug report, please visit:
#   http://bugreport.java.com/bugreport/crash.jsp
# The crash happened outside the Java Virtual Machine in native code.
# See problematic frame for where to report the bug.
#

---------------  T H R E A D  ---------------

Current thread (0x00007f026c00b000):  JavaThread "main" [_thread_in_native, id=2681, stack(0x00007f027410f000,0x00007f0274210000)]

siginfo: si_signo: 11 (SIGSEGV), si_code: 1 (SEGV_MAPERR), si_addr: 0x0000000000000010

Registers:
RAX=0x00007f024a0c0370, RBX=0x00007f026c336890, RCX=0x0000000000000192, RDX=0x00007f027420dca0
RSP=0x00007f027420dc10, RBP=0x00007f027420dc80, RSI=0x00007f027420dc90, RDI=0x0000000000000000
R8 =0x00007f027420dc80, R9 =0x00007f026c332602, R10=0x00007f024a145447, R11=0x0000000000000065
R12=0x00007f027420dc7c, R13=0x00007f027420ddb8, R14=0x00007f027420ddb0, R15=0x00007f026c00b1f8
RIP=0x00007f0273e07d44, EFLAGS=0x0000000000010202, CSGSFS=0x0000000000000033, ERR=0x0000000000000004
  TRAPNO=0x000000000000000e

Top of Stack: (sp=0x00007f027420dc10)
0x00007f027420dc10:   0000000000000193 00007f024a0dabfa
0x00007f027420dc20:   00007f027420dc90 00007f027420dca0
0x00007f027420dc30:   0000000000000000 00007f026c2daf00
0x00007f027420dc40:   00007f026c34b770 7293ad20ed8d8900
0x00007f027420dc50:   00007f026c2daf00 00007f026c34b770
0x00007f027420dc60:   00007f026c31fcf0 00007f024a0b6f86
0x00007f027420dc70:   00007f026c00b1f8 00007f026c07a708
0x00007f027420dc80:   00007f026c31fcf0 696c4369746c756d
0x00007f027420dc90:   0000019300000192 00007f0200000000
0x00007f027420dca0:   0000015500000154 00007f0200000000
0x00007f027420dcb0:   0000000000000004 7293ad20ed8d8900
0x00007f027420dcc0:   00007f026c31fcf0 00007f027420dd20
0x00007f027420dcd0:   00007f026c34b770 00007f024a63a981
0x00007f027420dce0:   00007f026c00b000 00007f026c2daf00
0x00007f027420dcf0:   00007f027420dd30 00007f0258ebc848
0x00007f027420dd00:   0000000000000000 00007f0258ebc848
0x00007f027420dd10:   00007f027420ddc8 00007f026c00b000
0x00007f027420dd20:   00007f027420dd90 00007f025d017a34
0x00007f027420dd30:   00007f027420dd90 00007f025d0177b9
0x00007f027420dd40:   00007f026c00b000 00007f025d017782
0x00007f027420dd50:   00007f027420dd50 00007f0258ebc848
0x00007f027420dd60:   00007f027420ddc8 00007f0258ec00e0
0x00007f027420dd70:   0000000000000000 00007f0258ebc848
0x00007f027420dd80:   0000000000000000 00007f027420ddb0
0x00007f027420dd90:   00007f027420de10 00007f025d008040
0x00007f027420dda0:   00000000d7327d60 00007f025d01153b
0x00007f027420ddb0:   00000000d74f5888 00000000d6ff7e80
0x00007f027420ddc0:   00007f026c2daf00 00007f025d007dd0
0x00007f027420ddd0:   00007f027420ddd0 00007f025904da24
0x00007f027420dde0:   00007f027420de28 00007f0259055820
0x00007f027420ddf0:   0000000000000000 00007f025904dac8
0x00007f027420de00:   00007f027420ddb0 00007f027420de30 

Instructions: (pc=0x00007f0273e07d44)
0x00007f0273e07d24:   f0 02 00 00 00 00 00 00 b8 82 00 00 00 e9 d8 f9
0x00007f0273e07d34:   ff ff 66 2e 0f 1f 84 00 00 00 00 00 48 83 ec 08
0x00007f0273e07d44:   8b 57 10 89 d1 81 e1 7f 01 00 00 90 89 d0 83 e0
0x00007f0273e07d54:   7c 0f 85 95 00 00 00 85 c9 49 89 f8 0f 85 9a 00 

Register to memory mapping:

RAX=0x00007f024a0c0370: <offset 0x2b370> in /usr/lib/x86_64-linux-gnu/libX11.so.6 at 0x00007f024a095000
RBX=0x00007f026c336890 is an unknown value
RCX=0x0000000000000192 is an unknown value
RDX=0x00007f027420dca0 is pointing into the stack for thread: 0x00007f026c00b000
RSP=0x00007f027420dc10 is pointing into the stack for thread: 0x00007f026c00b000
RBP=0x00007f027420dc80 is pointing into the stack for thread: 0x00007f026c00b000
RSI=0x00007f027420dc90 is pointing into the stack for thread: 0x00007f026c00b000
RDI=0x0000000000000000 is an unknown value
R8 =0x00007f027420dc80 is pointing into the stack for thread: 0x00007f026c00b000
R9 =0x00007f026c332602 is an unknown value
R10=0x00007f024a145447: <offset 0xb0447> in /usr/lib/x86_64-linux-gnu/libX11.so.6 at 0x00007f024a095000
R11=0x0000000000000065 is an unknown value
R12=0x00007f027420dc7c is pointing into the stack for thread: 0x00007f026c00b000
R13=0x00007f027420ddb8 is pointing into the stack for thread: 0x00007f026c00b000
R14=0x00007f027420ddb0 is pointing into the stack for thread: 0x00007f026c00b000
R15=0x00007f026c00b1f8 is an unknown value


Stack: [0x00007f027410f000,0x00007f0274210000],  sp=0x00007f027420dc10,  free space=1019k
Native frames: (J=compiled Java code, j=interpreted, Vv=VM code, C=native code)
C  [libpthread.so.0+0x9d44]  pthread_mutex_lock+0x4
C  0x696c4369746c756d

Java frames: (J=compiled Java code, j=interpreted, Vv=VM code)
j  sun.awt.X11.XlibWrapper.XGetDefault(JLjava/lang/String;Ljava/lang/String;)Ljava/lang/String;+0
j  sun.awt.X11.XToolkit.initializeMultiClickTime()V+12
j  sun.awt.X11.XToolkit.getMultiClickTime()I+6
j  sun.awt.X11.XToolkit.initializeDesktopProperties()V+82
j  java.awt.Toolkit.getDesktopProperty(Ljava/lang/String;)Ljava/lang/Object;+32
j  sun.swing.SwingUtilities2$AATextInfo.getAATextInfo(Z)Lsun/swing/SwingUtilities2$AATextInfo;+11
j  javax.swing.plaf.metal.MetalLookAndFeel.initComponentDefaults(Ljavax/swing/UIDefaults;)V+12062
j  javax.swing.plaf.basic.BasicLookAndFeel.getDefaults()Ljavax/swing/UIDefaults;+25
j  javax.swing.plaf.metal.MetalLookAndFeel.getDefaults()Ljavax/swing/UIDefaults;+9
j  javax.swing.UIManager.setLookAndFeel(Ljavax/swing/LookAndFeel;)V+79
j  javax.swing.UIManager.setLookAndFeel(Ljava/lang/String;)V+16
j  javax.swing.UIManager.initializeDefaultLAF(Ljava/util/Properties;)V+55
j  javax.swing.UIManager.initialize()V+9
j  javax.swing.UIManager.maybeInitialize()V+22
j  javax.swing.UIManager.getUI(Ljavax/swing/JComponent;)Ljavax/swing/plaf/ComponentUI;+0
j  javax.swing.JPanel.updateUI()V+2
j  javax.swing.JPanel.<init>(Ljava/awt/LayoutManager;Z)V+24
j  javax.swing.JPanel.<init>(Z)V+9
j  javax.swing.JPanel.<init>()V+2
j  javax.swing.JRootPane.createGlassPane()Ljava/awt/Component;+4
j  javax.swing.JRootPane.<init>()V+11
j  javax.swing.JFrame.createRootPane()Ljavax/swing/JRootPane;+4
j  javax.swing.JFrame.frameInit()V+16
j  javax.swing.JFrame.<init>(Ljava/lang/String;)V+21
j  engineTest.Main.<init>()V+3
j  engineTest.Main.main([Ljava/lang/String;)V+20
v  ~StubRoutines::call_stub

---------------  P R O C E S S  ---------------

Java Threads: ( => current thread )
  0x00007f026c33c800 JavaThread "AWT-XAWT" daemon [_thread_in_native, id=2699, stack(0x00007f0217eff000,0x00007f0218000000)]
  0x00007f026c31c800 JavaThread "Java2D Disposer" daemon [_thread_blocked, id=2698, stack(0x00007f0248665000,0x00007f0248766000)]
  0x00007f026c2d2000 JavaThread "Thread-0" [_thread_in_native, id=2697, stack(0x00007f0249348000,0x00007f0249449000)]
  0x00007f026c0d4800 JavaThread "Service Thread" daemon [_thread_blocked, id=2695, stack(0x00007f024ac37000,0x00007f024ad38000)]
  0x00007f026c0bf800 JavaThread "C1 CompilerThread2" daemon [_thread_in_native, id=2694, stack(0x00007f024ad38000,0x00007f024ae39000)]
  0x00007f026c0bd800 JavaThread "C2 CompilerThread1" daemon [_thread_blocked, id=2693, stack(0x00007f024ae39000,0x00007f024af3a000)]
  0x00007f026c0bb000 JavaThread "C2 CompilerThread0" daemon [_thread_blocked, id=2691, stack(0x00007f024af3a000,0x00007f024b03b000)]
  0x00007f026c0b9800 JavaThread "Signal Dispatcher" daemon [_thread_blocked, id=2690, stack(0x00007f024b03b000,0x00007f024b13c000)]
  0x00007f026c085000 JavaThread "Finalizer" daemon [_thread_blocked, id=2688, stack(0x00007f024b593000,0x00007f024b694000)]
  0x00007f026c080800 JavaThread "Reference Handler" daemon [_thread_blocked, id=2687, stack(0x00007f024b694000,0x00007f024b795000)]
=>0x00007f026c00b000 JavaThread "main" [_thread_in_native, id=2681, stack(0x00007f027410f000,0x00007f0274210000)]

Other Threads:
  0x00007f026c079000 VMThread [stack: 0x00007f024b795000,0x00007f024b896000] [id=2686]
  0x00007f026c0d7800 WatcherThread [stack: 0x00007f024ab36000,0x00007f024ac37000] [id=2696]

VM state:not at safepoint (normal execution)

VM Mutex/Monitor currently owned by a thread: None

Heap:
 PSYoungGen      total 36864K, used 7619K [0x00000000d6f80000, 0x00000000d9880000, 0x0000000100000000)
  eden space 31744K, 24% used [0x00000000d6f80000,0x00000000d76f0cf0,0x00000000d8e80000)
  from space 5120K, 0% used [0x00000000d9380000,0x00000000d9380000,0x00000000d9880000)
  to   space 5120K, 0% used [0x00000000d8e80000,0x00000000d8e80000,0x00000000d9380000)
 ParOldGen       total 84992K, used 0K [0x0000000084e00000, 0x000000008a100000, 0x00000000d6f80000)
  object space 84992K, 0% used [0x0000000084e00000,0x0000000084e00000,0x000000008a100000)
 Metaspace       used 8382K, capacity 8570K, committed 8704K, reserved 1056768K
  class space    used 913K, capacity 1000K, committed 1024K, reserved 1048576K

Card table byte_map: [0x00007f0270aeb000,0x00007f0270ec5000] byte_map_base: 0x00007f02706c4000

Marking Bits: (ParMarkBitMap*) 0x00007f02735ee220
 Begin Bits: [0x00007f0259270000, 0x00007f025b138000)
 End Bits:   [0x00007f025b138000, 0x00007f025d000000)

Polling page: 0x00007f027423d000

CodeCache: size=245760Kb used=2195Kb max_used=2195Kb free=243565Kb
 bounds [0x00007f025d000000, 0x00007f025d270000, 0x00007f026c000000]
 total_blobs=1195 nmethods=409 adapters=700
 compilation: enabled

Compilation events (10 events):
Event: 0,303 Thread 0x00007f026c0bf800 nmethod 397 0x00007f025d1f3750 code [0x00007f025d1f38a0, 0x00007f025d1f3990]
Event: 0,303 Thread 0x00007f026c0bf800  401       1       sun.misc.URLClassPath$JarLoader::access$500 (5 bytes)
Event: 0,303 Thread 0x00007f026c0bf800 nmethod 401 0x00007f025d1f39d0 code [0x00007f025d1f3b20, 0x00007f025d1f3c10]
Event: 0,304 Thread 0x00007f026c0bf800  402       3       java.util.HashMap::<init> (11 bytes)
Event: 0,304 Thread 0x00007f026c0bf800 nmethod 402 0x00007f025d1f3c90 code [0x00007f025d1f3e00, 0x00007f025d1f4010]
Event: 0,315 Thread 0x00007f026c0bf800  403       3       java.util.Hashtable::addEntry (87 bytes)
Event: 0,315 Thread 0x00007f026c0bf800 nmethod 403 0x00007f025d2215d0 code [0x00007f025d221780, 0x00007f025d221dd8]
Event: 0,315 Thread 0x00007f026c0bf800  404       3       java.util.Hashtable$Entry::<init> (26 bytes)
Event: 0,316 Thread 0x00007f026c0bf800 nmethod 404 0x00007f025d222110 code [0x00007f025d222280, 0x00007f025d222470]
Event: 0,319 Thread 0x00007f026c0bf800  405  s    3       java.util.Hashtable::put (104 bytes)

GC Heap History (0 events):
No events

Deoptimization events (1 events):
Event: 0,174 Thread 0x00007f026c00b000 Uncommon trap: reason=null_check action=make_not_entrant pc=0x00007f025d165268 method=java.lang.String.equals(Ljava/lang/Object;)Z @ 8

Internal exceptions (10 events):
Event: 0,034 Thread 0x00007f026c00b000 Exception <a 'java/lang/NoSuchMethodError': Method sun.misc.Unsafe.prefetchRead(Ljava/lang/Object;J)V name or signature does not match> (0x00000000d6f87f60) thrown at [/HUDSON3/workspace/8-2-build-linux-amd64/jdk8u111/7883/hotspot/src/share/vm/prims/jni.c
Event: 0,096 Thread 0x00007f026c00b000 Exception <a 'java/security/PrivilegedActionException'> (0x00000000d7012588) thrown at [/HUDSON3/workspace/8-2-build-linux-amd64/jdk8u111/7883/hotspot/src/share/vm/prims/jvm.cpp, line 1386]
Event: 0,096 Thread 0x00007f026c00b000 Exception <a 'java/security/PrivilegedActionException'> (0x00000000d7012798) thrown at [/HUDSON3/workspace/8-2-build-linux-amd64/jdk8u111/7883/hotspot/src/share/vm/prims/jvm.cpp, line 1386]
Event: 0,096 Thread 0x00007f026c00b000 Exception <a 'java/security/PrivilegedActionException'> (0x00000000d7014bd8) thrown at [/HUDSON3/workspace/8-2-build-linux-amd64/jdk8u111/7883/hotspot/src/share/vm/prims/jvm.cpp, line 1386]
Event: 0,096 Thread 0x00007f026c00b000 Exception <a 'java/security/PrivilegedActionException'> (0x00000000d7014de8) thrown at [/HUDSON3/workspace/8-2-build-linux-amd64/jdk8u111/7883/hotspot/src/share/vm/prims/jvm.cpp, line 1386]
Event: 0,141 Thread 0x00007f026c00b000 Exception <a 'java/lang/NoSuchFieldError': method resolution failed> (0x00000000d7180298) thrown at [/HUDSON3/workspace/8-2-build-linux-amd64/jdk8u111/7883/hotspot/src/share/vm/prims/methodHandles.cpp, line 1146]
Event: 0,142 Thread 0x00007f026c00b000 Exception <a 'java/lang/NoSuchFieldError': method resolution failed> (0x00000000d718da68) thrown at [/HUDSON3/workspace/8-2-build-linux-amd64/jdk8u111/7883/hotspot/src/share/vm/prims/methodHandles.cpp, line 1146]
Event: 0,168 Thread 0x00007f026c00b000 Exception <a 'java/io/FileNotFoundException'> (0x00000000d720dce0) thrown at [/HUDSON3/workspace/8-2-build-linux-amd64/jdk8u111/7883/hotspot/src/share/vm/prims/jni.cpp, line 709]
Event: 0,168 Thread 0x00007f026c00b000 Exception <a 'java/io/FileNotFoundException'> (0x00000000d720e698) thrown at [/HUDSON3/workspace/8-2-build-linux-amd64/jdk8u111/7883/hotspot/src/share/vm/prims/jni.cpp, line 709]
Event: 0,174 Thread 0x00007f026c00b000 Implicit null exception at 0x00007f025d16509b to 0x00007f025d165259

Events (10 events):
Event: 0,314 loading class javax/swing/plaf/DimensionUIResource
Event: 0,314 loading class javax/swing/plaf/DimensionUIResource done
Event: 0,315 loading class javax/swing/UIDefaults$LazyInputMap
Event: 0,315 loading class javax/swing/UIDefaults$LazyInputMap done
Event: 0,317 loading class javax/swing/plaf/metal/MetalLookAndFeel$FontActiveValue
Event: 0,317 loading class javax/swing/plaf/metal/MetalLookAndFeel$FontActiveValue done
Event: 0,319 loading class sun/swing/SwingUtilities2$AATextInfo
Event: 0,319 loading class sun/swing/SwingUtilities2$AATextInfo done
Event: 0,320 loading class sun/awt/HeadlessToolkit
Event: 0,320 loading class sun/awt/HeadlessToolkit done


Dynamic libraries:
00400000-00401000 r-xp 00000000 08:15 12855452                           /usr/lib/jvm/java-8-oracle/bin/java
00600000-00601000 rw-p 00000000 08:15 12855452                           /usr/lib/jvm/java-8-oracle/bin/java
01435000-01456000 rw-p 00000000 00:00 0                                  [heap]
84e00000-8a100000 rw-p 00000000 00:00 0 
8a100000-d6f80000 ---p 00000000 00:00 0 
d6f80000-d9880000 rw-p 00000000 00:00 0 
d9880000-100000000 ---p 00000000 00:00 0 
100000000-100100000 rw-p 00000000 00:00 0 
100100000-140000000 ---p 00000000 00:00 0 
7f0210000000-7f0210021000 rw-p 00000000 00:00 0 
7f0210021000-7f0214000000 ---p 00000000 00:00 0 
7f0216fca000-7f0216fcb000 r-xp 00000000 08:15 12329465                   /usr/lib/x86_64-linux-gnu/libX11-xcb.so.1.0.0
7f0216fcb000-7f02171ca000 ---p 00001000 08:15 12329465                   /usr/lib/x86_64-linux-gnu/libX11-xcb.so.1.0.0
7f02171ca000-7f02171cb000 r--p 00000000 08:15 12329465                   /usr/lib/x86_64-linux-gnu/libX11-xcb.so.1.0.0
7f02171cb000-7f02171cc000 rw-p 00001000 08:15 12329465                   /usr/lib/x86_64-linux-gnu/libX11-xcb.so.1.0.0
7f02171cc000-7f02171d1000 r-xp 00000000 08:15 12329520                   /usr/lib/x86_64-linux-gnu/libXxf86vm.so.1.0.0
7f02171d1000-7f02173d0000 ---p 00005000 08:15 12329520                   /usr/lib/x86_64-linux-gnu/libXxf86vm.so.1.0.0
7f02173d0000-7f02173d1000 r--p 00004000 08:15 12329520                   /usr/lib/x86_64-linux-gnu/libXxf86vm.so.1.0.0
7f02173d1000-7f02173d2000 rw-p 00005000 08:15 12329520                   /usr/lib/x86_64-linux-gnu/libXxf86vm.so.1.0.0
7f02173d2000-7f02173d4000 r-xp 00000000 08:15 12329494                   /usr/lib/x86_64-linux-gnu/libXinerama.so.1.0.0
7f02173d4000-7f02175d3000 ---p 00002000 08:15 12329494                   /usr/lib/x86_64-linux-gnu/libXinerama.so.1.0.0
7f02175d3000-7f02175d4000 r--p 00001000 08:15 12329494                   /usr/lib/x86_64-linux-gnu/libXinerama.so.1.0.0
7f02175d4000-7f02175d5000 rw-p 00002000 08:15 12329494                   /usr/lib/x86_64-linux-gnu/libXinerama.so.1.0.0
7f02175d5000-7f02175df000 r-xp 00000000 08:15 12329502                   /usr/lib/x86_64-linux-gnu/libXrandr.so.2.2.0
7f02175df000-7f02177de000 ---p 0000a000 08:15 12329502                   /usr/lib/x86_64-linux-gnu/libXrandr.so.2.2.0
7f02177de000-7f02177df000 r--p 00009000 08:15 12329502                   /usr/lib/x86_64-linux-gnu/libXrandr.so.2.2.0
7f02177df000-7f02177e0000 rw-p 0000a000 08:15 12329502                   /usr/lib/x86_64-linux-gnu/libXrandr.so.2.2.0
7f02177e0000-7f02177fe000 r-xp 00000000 08:15 1466952                    /tmp/lwjglnokorot/3.1.1-build-16/libglfw.so
7f02177fe000-7f02179fd000 ---p 0001e000 08:15 1466952                    /tmp/lwjglnokorot/3.1.1-build-16/libglfw.so
7f02179fd000-7f02179fe000 r--p 0001d000 08:15 1466952                    /tmp/lwjglnokorot/3.1.1-build-16/libglfw.so
7f02179fe000-7f02179ff000 rw-p 0001e000 08:15 1466952                    /tmp/lwjglnokorot/3.1.1-build-16/libglfw.so
7f02179ff000-7f0217a00000 rw-p 00000000 00:00 0 
7f0217a00000-7f0217c00000 rw-p 00000000 00:00 0 
7f0217cc2000-7f0217cfb000 r-xp 00000000 08:15 1466951                    /tmp/lwjglnokorot/3.1.1-build-16/libjemalloc.so
7f0217cfb000-7f0217efa000 ---p 00039000 08:15 1466951                    /tmp/lwjglnokorot/3.1.1-build-16/libjemalloc.so
7f0217efa000-7f0217efd000 r--p 00038000 08:15 1466951                    /tmp/lwjglnokorot/3.1.1-build-16/libjemalloc.so
7f0217efd000-7f0217efe000 rw-p 0003b000 08:15 1466951                    /tmp/lwjglnokorot/3.1.1-build-16/libjemalloc.so
7f0217efe000-7f0217eff000 rw-p 00000000 00:00 0 
7f0217eff000-7f0217f02000 ---p 00000000 00:00 0 
7f0217f02000-7f0218000000 rw-p 00000000 00:00 0 
7f0218000000-7f02181bc000 rw-p 00000000 00:00 0 
7f02181bc000-7f021c000000 ---p 00000000 00:00 0 
7f021c000000-7f021c021000 rw-p 00000000 00:00 0 
7f021c021000-7f0220000000 ---p 00000000 00:00 0 
7f0220000000-7f0220021000 rw-p 00000000 00:00 0 
7f0220021000-7f0224000000 ---p 00000000 00:00 0 
7f0224000000-7f0224021000 rw-p 00000000 00:00 0 
7f0224021000-7f0228000000 ---p 00000000 00:00 0 
7f0228000000-7f0228048000 rw-p 00000000 00:00 0 
7f0228048000-7f022c000000 ---p 00000000 00:00 0 
7f022c000000-7f022c19f000 rw-p 00000000 00:00 0 
7f022c19f000-7f0230000000 ---p 00000000 00:00 0 
7f0230000000-7f0230021000 rw-p 00000000 00:00 0 
7f0230021000-7f0234000000 ---p 00000000 00:00 0 
7f0234000000-7f0234137000 rw-p 00000000 00:00 0 
7f0234137000-7f0238000000 ---p 00000000 00:00 0 
7f0238000000-7f0238021000 rw-p 00000000 00:00 0 
7f0238021000-7f023c000000 ---p 00000000 00:00 0 
7f023c000000-7f023c021000 rw-p 00000000 00:00 0 
7f023c021000-7f0240000000 ---p 00000000 00:00 0 
7f0240000000-7f0240021000 rw-p 00000000 00:00 0 
7f0240021000-7f0244000000 ---p 00000000 00:00 0 
7f0244000000-7f0244021000 rw-p 00000000 00:00 0 
7f0244021000-7f0248000000 ---p 00000000 00:00 0 
7f0248008000-7f0248053000 r-xp 00000000 08:15 1466950                    /tmp/lwjglnokorot/3.1.1-build-16/liblwjgl.so
7f0248053000-7f0248253000 ---p 0004b000 08:15 1466950                    /tmp/lwjglnokorot/3.1.1-build-16/liblwjgl.so
7f0248253000-7f0248254000 r--p 0004b000 08:15 1466950                    /tmp/lwjglnokorot/3.1.1-build-16/liblwjgl.so
7f0248254000-7f0248255000 rw-p 0004c000 08:15 1466950                    /tmp/lwjglnokorot/3.1.1-build-16/liblwjgl.so
7f0248255000-7f024825a000 r-xp 00000000 08:15 12329486                   /usr/lib/x86_64-linux-gnu/libXfixes.so.3.1.0
7f024825a000-7f0248459000 ---p 00005000 08:15 12329486                   /usr/lib/x86_64-linux-gnu/libXfixes.so.3.1.0
7f0248459000-7f024845a000 r--p 00004000 08:15 12329486                   /usr/lib/x86_64-linux-gnu/libXfixes.so.3.1.0
7f024845a000-7f024845b000 rw-p 00005000 08:15 12329486                   /usr/lib/x86_64-linux-gnu/libXfixes.so.3.1.0
7f024845b000-7f0248464000 r-xp 00000000 08:15 12329478                   /usr/lib/x86_64-linux-gnu/libXcursor.so.1.0.2
7f0248464000-7f0248663000 ---p 00009000 08:15 12329478                   /usr/lib/x86_64-linux-gnu/libXcursor.so.1.0.2
7f0248663000-7f0248664000 r--p 00008000 08:15 12329478                   /usr/lib/x86_64-linux-gnu/libXcursor.so.1.0.2
7f0248664000-7f0248665000 rw-p 00009000 08:15 12329478                   /usr/lib/x86_64-linux-gnu/libXcursor.so.1.0.2
7f0248665000-7f0248668000 ---p 00000000 00:00 0 
7f0248668000-7f0248a67000 rw-p 00000000 00:00 0 
7f0248a67000-7f0248a7d000 r-xp 00000000 08:15 12980356                   /usr/lib/jvm/java-8-oracle/jre/lib/amd64/libnet.so
7f0248a7d000-7f0248c7d000 ---p 00016000 08:15 12980356                   /usr/lib/jvm/java-8-oracle/jre/lib/amd64/libnet.so
7f0248c7d000-7f0248c7e000 rw-p 00016000 08:15 12980356                   /usr/lib/jvm/java-8-oracle/jre/lib/amd64/libnet.so
7f0248c7e000-7f0248c8f000 r-xp 00000000 08:15 12980591                   /usr/lib/jvm/java-8-oracle/jre/lib/amd64/libnio.so
7f0248c8f000-7f0248e8e000 ---p 00011000 08:15 12980591                   /usr/lib/jvm/java-8-oracle/jre/lib/amd64/libnio.so
7f0248e8e000-7f0248e8f000 rw-p 00010000 08:15 12980591                   /usr/lib/jvm/java-8-oracle/jre/lib/amd64/libnio.so
7f0248e8f000-7f0248ea5000 r-xp 00000000 08:15 7082441                    /lib/x86_64-linux-gnu/libgcc_s.so.1
7f0248ea5000-7f02490a4000 ---p 00016000 08:15 7082441                    /lib/x86_64-linux-gnu/libgcc_s.so.1
7f02490a4000-7f02490a5000 rw-p 00015000 08:15 7082441                    /lib/x86_64-linux-gnu/libgcc_s.so.1
7f02490cf000-7f0249134000 r-xp 00000000 08:15 12980585                   /usr/lib/jvm/java-8-oracle/jre/lib/amd64/libfontmanager.so
7f0249134000-7f0249333000 ---p 00065000 08:15 12980585                   /usr/lib/jvm/java-8-oracle/jre/lib/amd64/libfontmanager.so
7f0249333000-7f0249338000 rw-p 00064000 08:15 12980585                   /usr/lib/jvm/java-8-oracle/jre/lib/amd64/libfontmanager.so
7f0249338000-7f0249348000 rw-p 00000000 00:00 0 
7f0249348000-7f024934b000 ---p 00000000 00:00 0 
7f024934b000-7f0249449000 rw-p 00000000 00:00 0 
7f0249449000-7f024944e000 r-xp 00000000 08:15 12329482                   /usr/lib/x86_64-linux-gnu/libXdmcp.so.6.0.0
7f024944e000-7f024964d000 ---p 00005000 08:15 12329482                   /usr/lib/x86_64-linux-gnu/libXdmcp.so.6.0.0
7f024964d000-7f024964e000 r--p 00004000 08:15 12329482                   /usr/lib/x86_64-linux-gnu/libXdmcp.so.6.0.0
7f024964e000-7f024964f000 rw-p 00005000 08:15 12329482                   /usr/lib/x86_64-linux-gnu/libXdmcp.so.6.0.0
7f024964f000-7f0249651000 r-xp 00000000 08:15 12329471                   /usr/lib/x86_64-linux-gnu/libXau.so.6.0.0
7f0249651000-7f0249851000 ---p 00002000 08:15 12329471                   /usr/lib/x86_64-linux-gnu/libXau.so.6.0.0
7f0249851000-7f0249852000 r--p 00002000 08:15 12329471                   /usr/lib/x86_64-linux-gnu/libXau.so.6.0.0
7f0249852000-7f0249853000 rw-p 00003000 08:15 12329471                   /usr/lib/x86_64-linux-gnu/libXau.so.6.0.0
7f0249853000-7f0249874000 r-xp 00000000 08:15 12330820                   /usr/lib/x86_64-linux-gnu/libxcb.so.1.1.0
7f0249874000-7f0249a73000 ---p 00021000 08:15 12330820                   /usr/lib/x86_64-linux-gnu/libxcb.so.1.1.0
7f0249a73000-7f0249a74000 r--p 00020000 08:15 12330820                   /usr/lib/x86_64-linux-gnu/libxcb.so.1.1.0
7f0249a74000-7f0249a75000 rw-p 00021000 08:15 12330820                   /usr/lib/x86_64-linux-gnu/libxcb.so.1.1.0
7f0249a75000-7f0249a84000 r-xp 00000000 08:15 12329492                   /usr/lib/x86_64-linux-gnu/libXi.so.6.1.0
7f0249a84000-7f0249c83000 ---p 0000f000 08:15 12329492                   /usr/lib/x86_64-linux-gnu/libXi.so.6.1.0
7f0249c83000-7f0249c84000 r--p 0000e000 08:15 12329492                   /usr/lib/x86_64-linux-gnu/libXi.so.6.1.0
7f0249c84000-7f0249c85000 rw-p 0000f000 08:15 12329492                   /usr/lib/x86_64-linux-gnu/libXi.so.6.1.0
7f0249c85000-7f0249c8a000 r-xp 00000000 08:15 12329510                   /usr/lib/x86_64-linux-gnu/libXtst.so.6.1.0
7f0249c8a000-7f0249e89000 ---p 00005000 08:15 12329510                   /usr/lib/x86_64-linux-gnu/libXtst.so.6.1.0
7f0249e89000-7f0249e8a000 r--p 00004000 08:15 12329510                   /usr/lib/x86_64-linux-gnu/libXtst.so.6.1.0
7f0249e8a000-7f0249e8b000 rw-p 00005000 08:15 12329510                   /usr/lib/x86_64-linux-gnu/libXtst.so.6.1.0
7f0249e8b000-7f0249e94000 r-xp 00000000 08:15 12329504                   /usr/lib/x86_64-linux-gnu/libXrender.so.1.3.0
7f0249e94000-7f024a093000 ---p 00009000 08:15 12329504                   /usr/lib/x86_64-linux-gnu/libXrender.so.1.3.0
7f024a093000-7f024a094000 r--p 00008000 08:15 12329504                   /usr/lib/x86_64-linux-gnu/libXrender.so.1.3.0
7f024a094000-7f024a095000 rw-p 00009000 08:15 12329504                   /usr/lib/x86_64-linux-gnu/libXrender.so.1.3.0
7f024a095000-7f024a1ca000 r-xp 00000000 08:15 12329467                   /usr/lib/x86_64-linux-gnu/libX11.so.6.3.0
7f024a1ca000-7f024a3ca000 ---p 00135000 08:15 12329467                   /usr/lib/x86_64-linux-gnu/libX11.so.6.3.0
7f024a3ca000-7f024a3cb000 r--p 00135000 08:15 12329467                   /usr/lib/x86_64-linux-gnu/libX11.so.6.3.0
7f024a3cb000-7f024a3cf000 rw-p 00136000 08:15 12329467                   /usr/lib/x86_64-linux-gnu/libX11.so.6.3.0
7f024a3cf000-7f024a3e0000 r-xp 00000000 08:15 12329484                   /usr/lib/x86_64-linux-gnu/libXext.so.6.4.0
7f024a3e0000-7f024a5df000 ---p 00011000 08:15 12329484                   /usr/lib/x86_64-linux-gnu/libXext.so.6.4.0
7f024a5df000-7f024a5e0000 r--p 00010000 08:15 12329484                   /usr/lib/x86_64-linux-gnu/libXext.so.6.4.0
7f024a5e0000-7f024a5e1000 rw-p 00011000 08:15 12329484                   /usr/lib/x86_64-linux-gnu/libXext.so.6.4.0
7f024a5f2000-7f024a5f3000 rwxp 00000000 00:00 0 
7f024a5f3000-7f024a5f4000 r--s 00004000 08:15 13654818                   /home/nokorot/Workspace/Java/PS/PS 3.0.0/LWJGL3/lwjgl-xxhash.jar
7f024a5f4000-7f024a5f5000 r--s 00001000 08:15 13654817                   /home/nokorot/Workspace/Java/PS/PS 3.0.0/LWJGL3/lwjgl-xxhash-natives-linux.jar
7f024a5f5000-7f024a5fe000 r--s 000a6000 08:15 13654825                   /home/nokorot/Workspace/Java/PS/PS 3.0.0/LWJGL3/lwjgl-vulkan.jar
7f024a5fe000-7f024a603000 r--s 000ac000 08:15 13654824                   /home/nokorot/Workspace/Java/PS/PS 3.0.0/LWJGL3/lwjgl-vulkan-sources.jar
7f024a603000-7f024a604000 r--s 00001000 08:15 13654813                   /home/nokorot/Workspace/Java/PS/PS 3.0.0/LWJGL3/lwjgl-tinyfd.jar
7f024a604000-7f024a605000 r--s 00007000 08:15 13654815                   /home/nokorot/Workspace/Java/PS/PS 3.0.0/LWJGL3/lwjgl-tinyfd-natives-linux.jar
7f024a605000-7f024a608000 r--s 00012000 08:15 13654809                   /home/nokorot/Workspace/Java/PS/PS 3.0.0/LWJGL3/lwjgl-stb.jar
7f024a608000-7f024a609000 r--s 0002c000 08:15 13654808                   /home/nokorot/Workspace/Java/PS/PS 3.0.0/LWJGL3/lwjgl-stb-natives-linux.jar
7f024a609000-7f024a60a000 r--s 00000000 08:15 13654803                   /home/nokorot/Workspace/Java/PS/PS 3.0.0/LWJGL3/lwjgl-sse.jar
7f024a60a000-7f024a60b000 r--s 00000000 08:15 13654802                   /home/nokorot/Workspace/Java/PS/PS 3.0.0/LWJGL3/lwjgl-sse-natives-linux.jar
7f024a60b000-7f024a65f000 r-xp 00000000 08:15 12980593                   /usr/lib/jvm/java-8-oracle/jre/lib/amd64/libawt_xawt.so
7f024a65f000-7f024a85f000 ---p 00054000 08:15 12980593                   /usr/lib/jvm/java-8-oracle/jre/lib/amd64/libawt_xawt.so
7f024a85f000-7f024a863000 rw-p 00054000 08:15 12980593                   /usr/lib/jvm/java-8-oracle/jre/lib/amd64/libawt_xawt.so
7f024a863000-7f024a864000 rw-p 00000000 00:00 0 
7f024a864000-7f024a906000 r-xp 00000000 08:15 12980626                   /usr/lib/jvm/java-8-oracle/jre/lib/amd64/libawt.so
7f024a906000-7f024ab06000 ---p 000a2000 08:15 12980626                   /usr/lib/jvm/java-8-oracle/jre/lib/amd64/libawt.so
7f024ab06000-7f024ab12000 rw-p 000a2000 08:15 12980626                   /usr/lib/jvm/java-8-oracle/jre/lib/amd64/libawt.so
7f024ab12000-7f024ab36000 rw-p 00000000 00:00 0 
7f024ab36000-7f024ab37000 ---p 00000000 00:00 0 
7f024ab37000-7f024ac37000 rw-p 00000000 00:00 0 
7f024ac37000-7f024ac3a000 ---p 00000000 00:00 0 
7f024ac3a000-7f024ad38000 rw-p 00000000 00:00 0 
7f024ad38000-7f024ad3b000 ---p 00000000 00:00 0 
7f024ad3b000-7f024ae39000 rw-p 00000000 00:00 0 
7f024ae39000-7f024ae3c000 ---p 00000000 00:00 0 
7f024ae3c000-7f024af3a000 rw-p 00000000 00:00 0 
7f024af3a000-7f024af3d000 ---p 00000000 00:00 0 
7f024af3d000-7f024b03b000 rw-p 00000000 00:00 0 
7f024b03b000-7f024b03e000 ---p 00000000 00:00 0 
7f024b03e000-7f024b13c000 rw-p 00000000 00:00 0 
7f024b13c000-7f024b593000 r--p 00000000 08:15 12322328                   /usr/lib/locale/locale-archive
7f024b593000-7f024b596000 ---p 00000000 00:00 0 
7f024b596000-7f024b694000 rw-p 00000000 00:00 0 
7f024b694000-7f024b697000 ---p 00000000 00:00 0 
7f024b697000-7f024b795000 rw-p 00000000 00:00 0 
7f024b795000-7f024b796000 ---p 00000000 00:00 0 
7f024b796000-7f024c000000 rw-p 00000000 00:00 0 
7f024c000000-7f024c021000 rw-p 00000000 00:00 0 
7f024c021000-7f0250000000 ---p 00000000 00:00 0 
7f0250000000-7f0250021000 rw-p 00000000 00:00 0 
7f0250021000-7f0254000000 ---p 00000000 00:00 0 
7f0254000000-7f0254021000 rw-p 00000000 00:00 0 
7f0254021000-7f0258000000 ---p 00000000 00:00 0 
7f0258000000-7f0258002000 r--s 00058000 08:15 13654804                   /home/nokorot/Workspace/Java/PS/PS 3.0.0/LWJGL3/lwjgl-sse-javadoc.jar
7f0258002000-7f0258004000 r--s 00001000 08:15 13654799                   /home/nokorot/Workspace/Java/PS/PS 3.0.0/LWJGL3/lwjgl-par.jar
7f0258004000-7f0258005000 r--s 00005000 08:15 13654795                   /home/nokorot/Workspace/Java/PS/PS 3.0.0/LWJGL3/lwjgl-par-natives-linux.jar
7f0258005000-7f025800b000 r--s 00048000 08:15 13654794                   /home/nokorot/Workspace/Java/PS/PS 3.0.0/LWJGL3/lwjgl-opengles.jar
7f025800b000-7f025800c000 r--s 00007000 08:15 13654792                   /home/nokorot/Workspace/Java/PS/PS 3.0.0/LWJGL3/lwjgl-opengles-natives-linux.jar
7f025800c000-7f0258015000 r--s 000ba000 08:15 13654797                   /home/nokorot/Workspace/Java/PS/PS 3.0.0/LWJGL3/lwjgl-opengl.jar
7f0258015000-7f0258016000 r--s 00015000 08:15 13654789                   /home/nokorot/Workspace/Java/PS/PS 3.0.0/LWJGL3/lwjgl-opengl-natives-linux.jar
7f0258016000-7f0258019000 r--s 00023000 08:15 13654790                   /home/nokorot/Workspace/Java/PS/PS 3.0.0/LWJGL3/lwjgl-opencl.jar
7f0258019000-7f025801b000 r--s 00010000 08:15 13654776                   /home/nokorot/Workspace/Java/PS/PS 3.0.0/LWJGL3/lwjgl-openal.jar
7f025801b000-7f0258020000 r--s 00054000 08:15 13654782                   /home/nokorot/Workspace/Java/PS/PS 3.0.0/LWJGL3/lwjgl-nuklear.jar
7f0258020000-7f0258898000 rw-p 00000000 00:00 0 
7f0258898000-7f0258a70000 r--s 03d2a000 08:15 12855517                   /usr/lib/jvm/java-8-oracle/jre/lib/rt.jar
7f0258a70000-7f02591f0000 rw-p 00000000 00:00 0 
7f02591f0000-7f0259270000 ---p 00000000 00:00 0 
7f0259270000-7f025d000000 rw-p 00000000 00:00 0 
7f025d000000-7f025d270000 rwxp 00000000 00:00 0 
7f025d270000-7f026c000000 ---p 00000000 00:00 0 
7f026c000000-7f026c47c000 rw-p 00000000 00:00 0 
7f026c47c000-7f0270000000 ---p 00000000 00:00 0 
7f0270000000-7f0270001000 r--s 0004a000 08:15 13654787                   /home/nokorot/Workspace/Java/PS/PS 3.0.0/LWJGL3/lwjgl-openal-natives-linux.jar
7f0270001000-7f0270002000 r--s 0001f000 08:15 13654772                   /home/nokorot/Workspace/Java/PS/PS 3.0.0/LWJGL3/lwjgl-nuklear-natives-linux.jar
7f0270002000-7f0270003000 r--s 00001000 08:15 13654766                   /home/nokorot/Workspace/Java/PS/PS 3.0.0/LWJGL3/lwjgl-nfd.jar
7f0270003000-7f0270004000 r--s 00001000 08:15 13654764                   /home/nokorot/Workspace/Java/PS/PS 3.0.0/LWJGL3/lwjgl-nfd-natives-linux.jar
7f0270004000-7f0270005000 r--s 00011000 08:15 13654822                   /home/nokorot/Workspace/Java/PS/PS 3.0.0/LWJGL3/lwjgl-natives-linux.jar
7f0270005000-7f0270007000 r--s 00008000 08:15 13654756                   /home/nokorot/Workspace/Java/PS/PS 3.0.0/LWJGL3/lwjgl-nanovg.jar
7f0270007000-7f0270456000 rw-p 00000000 00:00 0 
7f0270456000-7f0270457000 ---p 00000000 00:00 0 
7f0270457000-7f0270557000 rw-p 00000000 00:00 0 
7f0270557000-7f0270558000 ---p 00000000 00:00 0 
7f0270558000-7f0270658000 rw-p 00000000 00:00 0 
7f0270658000-7f0270659000 ---p 00000000 00:00 0 
7f0270659000-7f0270759000 rw-p 00000000 00:00 0 
7f0270759000-7f027075a000 ---p 00000000 00:00 0 
7f027075a000-7f0270884000 rw-p 00000000 00:00 0 
7f0270884000-7f0270aeb000 ---p 00000000 00:00 0 
7f0270aeb000-7f0270b15000 rw-p 00000000 00:00 0 
7f0270b15000-7f0270d7b000 ---p 00000000 00:00 0 
7f0270d7b000-7f0270d91000 rw-p 00000000 00:00 0 
7f0270d91000-7f0270ec4000 ---p 00000000 00:00 0 
7f0270ec4000-7f0270ecf000 rw-p 00000000 00:00 0 
7f0270ecf000-7f0271285000 ---p 00000000 00:00 0 
7f0271285000-7f027129f000 r-xp 00000000 08:15 12980589                   /usr/lib/jvm/java-8-oracle/jre/lib/amd64/libzip.so
7f027129f000-7f027149f000 ---p 0001a000 08:15 12980589                   /usr/lib/jvm/java-8-oracle/jre/lib/amd64/libzip.so
7f027149f000-7f02714a0000 rw-p 0001a000 08:15 12980589                   /usr/lib/jvm/java-8-oracle/jre/lib/amd64/libzip.so
7f02714a0000-7f02714ab000 r-xp 00000000 08:15 7082071                    /lib/x86_64-linux-gnu/libnss_files-2.23.so
7f02714ab000-7f02716aa000 ---p 0000b000 08:15 7082071                    /lib/x86_64-linux-gnu/libnss_files-2.23.so
7f02716aa000-7f02716ab000 r--p 0000a000 08:15 7082071                    /lib/x86_64-linux-gnu/libnss_files-2.23.so
7f02716ab000-7f02716ac000 rw-p 0000b000 08:15 7082071                    /lib/x86_64-linux-gnu/libnss_files-2.23.so
7f02716ac000-7f02716b2000 rw-p 00000000 00:00 0 
7f02716b2000-7f02716bd000 r-xp 00000000 08:15 7082047                    /lib/x86_64-linux-gnu/libnss_nis-2.23.so
7f02716bd000-7f02718bc000 ---p 0000b000 08:15 7082047                    /lib/x86_64-linux-gnu/libnss_nis-2.23.so
7f02718bc000-7f02718bd000 r--p 0000a000 08:15 7082047                    /lib/x86_64-linux-gnu/libnss_nis-2.23.so
7f02718bd000-7f02718be000 rw-p 0000b000 08:15 7082047                    /lib/x86_64-linux-gnu/libnss_nis-2.23.so
7f02718be000-7f02718d4000 r-xp 00000000 08:15 7082063                    /lib/x86_64-linux-gnu/libnsl-2.23.so
7f02718d4000-7f0271ad3000 ---p 00016000 08:15 7082063                    /lib/x86_64-linux-gnu/libnsl-2.23.so
7f0271ad3000-7f0271ad4000 r--p 00015000 08:15 7082063                    /lib/x86_64-linux-gnu/libnsl-2.23.so
7f0271ad4000-7f0271ad5000 rw-p 00016000 08:15 7082063                    /lib/x86_64-linux-gnu/libnsl-2.23.so
7f0271ad5000-7f0271ad7000 rw-p 00000000 00:00 0 
7f0271ad7000-7f0271adf000 r-xp 00000000 08:15 7082065                    /lib/x86_64-linux-gnu/libnss_compat-2.23.so
7f0271adf000-7f0271cde000 ---p 00008000 08:15 7082065                    /lib/x86_64-linux-gnu/libnss_compat-2.23.so
7f0271cde000-7f0271cdf000 r--p 00007000 08:15 7082065                    /lib/x86_64-linux-gnu/libnss_compat-2.23.so
7f0271cdf000-7f0271ce0000 rw-p 00008000 08:15 7082065                    /lib/x86_64-linux-gnu/libnss_compat-2.23.so
7f0271ce0000-7f0271d0b000 r-xp 00000000 08:15 12980616                   /usr/lib/jvm/java-8-oracle/jre/lib/amd64/libjava.so
7f0271d0b000-7f0271f0a000 ---p 0002b000 08:15 12980616                   /usr/lib/jvm/java-8-oracle/jre/lib/amd64/libjava.so
7f0271f0a000-7f0271f0c000 rw-p 0002a000 08:15 12980616                   /usr/lib/jvm/java-8-oracle/jre/lib/amd64/libjava.so
7f0271f0c000-7f0271f19000 r-xp 00000000 08:15 12980358                   /usr/lib/jvm/java-8-oracle/jre/lib/amd64/libverify.so
7f0271f19000-7f0272118000 ---p 0000d000 08:15 12980358                   /usr/lib/jvm/java-8-oracle/jre/lib/amd64/libverify.so
7f0272118000-7f027211a000 rw-p 0000c000 08:15 12980358                   /usr/lib/jvm/java-8-oracle/jre/lib/amd64/libverify.so
7f027211a000-7f0272121000 r-xp 00000000 08:15 7082046                    /lib/x86_64-linux-gnu/librt-2.23.so
7f0272121000-7f0272320000 ---p 00007000 08:15 7082046                    /lib/x86_64-linux-gnu/librt-2.23.so
7f0272320000-7f0272321000 r--p 00006000 08:15 7082046                    /lib/x86_64-linux-gnu/librt-2.23.so
7f0272321000-7f0272322000 rw-p 00007000 08:15 7082046                    /lib/x86_64-linux-gnu/librt-2.23.so
7f0272322000-7f027242a000 r-xp 00000000 08:15 7082058                    /lib/x86_64-linux-gnu/libm-2.23.so
7f027242a000-7f0272629000 ---p 00108000 08:15 7082058                    /lib/x86_64-linux-gnu/libm-2.23.so
7f0272629000-7f027262a000 r--p 00107000 08:15 7082058                    /lib/x86_64-linux-gnu/libm-2.23.so
7f027262a000-7f027262b000 rw-p 00108000 08:15 7082058                    /lib/x86_64-linux-gnu/libm-2.23.so
7f027262b000-7f02732f8000 r-xp 00000000 08:15 12980620                   /usr/lib/jvm/java-8-oracle/jre/lib/amd64/server/libjvm.so
7f02732f8000-7f02734f7000 ---p 00ccd000 08:15 12980620                   /usr/lib/jvm/java-8-oracle/jre/lib/amd64/server/libjvm.so
7f02734f7000-7f02735d0000 rw-p 00ccc000 08:15 12980620                   /usr/lib/jvm/java-8-oracle/jre/lib/amd64/server/libjvm.so
7f02735d0000-7f027361b000 rw-p 00000000 00:00 0 
7f027361b000-7f02737da000 r-xp 00000000 08:15 7082051                    /lib/x86_64-linux-gnu/libc-2.23.so
7f02737da000-7f02739da000 ---p 001bf000 08:15 7082051                    /lib/x86_64-linux-gnu/libc-2.23.so
7f02739da000-7f02739de000 r--p 001bf000 08:15 7082051                    /lib/x86_64-linux-gnu/libc-2.23.so
7f02739de000-7f02739e0000 rw-p 001c3000 08:15 7082051                    /lib/x86_64-linux-gnu/libc-2.23.so
7f02739e0000-7f02739e4000 rw-p 00000000 00:00 0 
7f02739e4000-7f02739e7000 r-xp 00000000 08:15 7082050                    /lib/x86_64-linux-gnu/libdl-2.23.so
7f02739e7000-7f0273be6000 ---p 00003000 08:15 7082050                    /lib/x86_64-linux-gnu/libdl-2.23.so
7f0273be6000-7f0273be7000 r--p 00002000 08:15 7082050                    /lib/x86_64-linux-gnu/libdl-2.23.so
7f0273be7000-7f0273be8000 rw-p 00003000 08:15 7082050                    /lib/x86_64-linux-gnu/libdl-2.23.so
7f0273be8000-7f0273bfd000 r-xp 00000000 08:15 12585246                   /usr/lib/jvm/java-8-oracle/lib/amd64/jli/libjli.so
7f0273bfd000-7f0273dfd000 ---p 00015000 08:15 12585246                   /usr/lib/jvm/java-8-oracle/lib/amd64/jli/libjli.so
7f0273dfd000-7f0273dfe000 rw-p 00015000 08:15 12585246                   /usr/lib/jvm/java-8-oracle/lib/amd64/jli/libjli.so
7f0273dfe000-7f0273e16000 r-xp 00000000 08:15 7082059                    /lib/x86_64-linux-gnu/libpthread-2.23.so
7f0273e16000-7f0274015000 ---p 00018000 08:15 7082059                    /lib/x86_64-linux-gnu/libpthread-2.23.so
7f0274015000-7f0274016000 r--p 00017000 08:15 7082059                    /lib/x86_64-linux-gnu/libpthread-2.23.so
7f0274016000-7f0274017000 rw-p 00018000 08:15 7082059                    /lib/x86_64-linux-gnu/libpthread-2.23.so
7f0274017000-7f027401b000 rw-p 00000000 00:00 0 
7f027401b000-7f0274041000 r-xp 00000000 08:15 7082039                    /lib/x86_64-linux-gnu/ld-2.23.so
7f0274041000-7f0274042000 r--s 0001f000 08:15 13654762                   /home/nokorot/Workspace/Java/PS/PS 3.0.0/LWJGL3/lwjgl-nanovg-natives-linux.jar
7f0274042000-7f0274044000 r--s 00005000 08:15 13654746                   /home/nokorot/Workspace/Java/PS/PS 3.0.0/LWJGL3/lwjgl-lmdb.jar
7f0274044000-7f027410f000 rw-p 00000000 00:00 0 
7f027410f000-7f0274112000 ---p 00000000 00:00 0 
7f0274112000-7f0274214000 rw-p 00000000 00:00 0 
7f0274214000-7f0274215000 r--s 0000d000 08:15 13654750                   /home/nokorot/Workspace/Java/PS/PS 3.0.0/LWJGL3/lwjgl-lmdb-natives-linux.jar
7f0274215000-7f0274217000 r--s 00007000 08:15 13654736                   /home/nokorot/Workspace/Java/PS/PS 3.0.0/LWJGL3/lwjgl-jemalloc.jar
7f0274217000-7f0274218000 r--s 00019000 08:15 13654734                   /home/nokorot/Workspace/Java/PS/PS 3.0.0/LWJGL3/lwjgl-jemalloc-natives-linux.jar
7f0274218000-7f0274219000 r--s 00005000 08:15 13654724                   /home/nokorot/Workspace/Java/PS/PS 3.0.0/LWJGL3/lwjgl-jawt.jar
7f0274219000-7f027421b000 r--s 00066000 08:15 13654732                   /home/nokorot/Workspace/Java/PS/PS 3.0.0/LWJGL3/lwjgl-jawt-javadoc.jar
7f027421b000-7f027421e000 r--s 00015000 08:15 13654722                   /home/nokorot/Workspace/Java/PS/PS 3.0.0/LWJGL3/lwjgl-glfw.jar
7f027421e000-7f027421f000 r--s 0000e000 08:15 13654716                   /home/nokorot/Workspace/Java/PS/PS 3.0.0/LWJGL3/lwjgl-glfw-natives-linux.jar
7f027421f000-7f0274223000 r--s 0001b000 08:15 13654708                   /home/nokorot/Workspace/Java/PS/PS 3.0.0/LWJGL3/lwjgl-egl.jar
7f0274223000-7f0274227000 r--s 0001e000 08:15 13654712                   /home/nokorot/Workspace/Java/PS/PS 3.0.0/LWJGL3/lwjgl-egl-sources.jar
7f0274227000-7f027422a000 r--s 0001f000 08:15 13654702                   /home/nokorot/Workspace/Java/PS/PS 3.0.0/LWJGL3/lwjgl-bgfx.jar
7f027422a000-7f027422b000 r--s 00042000 08:15 13654704                   /home/nokorot/Workspace/Java/PS/PS 3.0.0/LWJGL3/lwjgl-bgfx-natives-linux.jar
7f027422b000-7f027422f000 r--s 0002a000 08:15 13654692                   /home/nokorot/Workspace/Java/PS/PS 3.0.0/LWJGL3/lwjgl-assimp.jar
7f027422f000-7f0274230000 r--s 002ae000 08:15 13654740                   /home/nokorot/Workspace/Java/PS/PS 3.0.0/LWJGL3/lwjgl-assimp-natives-linux.jar
7f0274230000-7f0274234000 r--s 0003d000 08:15 13654827                   /home/nokorot/Workspace/Java/PS/PS 3.0.0/LWJGL3/lwjgl.jar
7f0274234000-7f027423c000 rw-s 00000000 08:15 1325741                    /tmp/hsperfdata_nokorot/2676
7f027423c000-7f027423d000 rw-p 00000000 00:00 0 
7f027423d000-7f027423e000 r--p 00000000 00:00 0 
7f027423e000-7f0274240000 rw-p 00000000 00:00 0 
7f0274240000-7f0274241000 r--p 00025000 08:15 7082039                    /lib/x86_64-linux-gnu/ld-2.23.so
7f0274241000-7f0274242000 rw-p 00026000 08:15 7082039                    /lib/x86_64-linux-gnu/ld-2.23.so
7f0274242000-7f0274243000 rw-p 00000000 00:00 0 
7ffcf4e13000-7ffcf4e35000 rw-p 00000000 00:00 0                          [stack]
7ffcf4efd000-7ffcf4eff000 r--p 00000000 00:00 0                          [vvar]
7ffcf4eff000-7ffcf4f01000 r-xp 00000000 00:00 0                          [vdso]
ffffffffff600000-ffffffffff601000 r-xp 00000000 00:00 0                  [vsyscall]

VM Arguments:
jvm_args: -Djava.library.path=/home/noko/workspace/Java/Test/Test/LWJGL3 -Dfile.encoding=UTF-8 
java_command: engineTest.Main
java_class_path (initial): /home/nokorot/Workspace/Java/PS/PS 3.0.0/bin:/home/nokorot/Workspace/Java/PS/PS 3.0.0/LWJGL3/lwjgl.jar:/home/nokorot/Workspace/Java/PS/PS 3.0.0/LWJGL3/lwjgl-assimp-natives-linux.jar:/home/nokorot/Workspace/Java/PS/PS 3.0.0/LWJGL3/lwjgl-assimp.jar:/home/nokorot/Workspace/Java/PS/PS 3.0.0/LWJGL3/lwjgl-bgfx-natives-linux.jar:/home/nokorot/Workspace/Java/PS/PS 3.0.0/LWJGL3/lwjgl-bgfx.jar:/home/nokorot/Workspace/Java/PS/PS 3.0.0/LWJGL3/lwjgl-egl-sources.jar:/home/nokorot/Workspace/Java/PS/PS 3.0.0/LWJGL3/lwjgl-egl.jar:/home/nokorot/Workspace/Java/PS/PS 3.0.0/LWJGL3/lwjgl-glfw-natives-linux.jar:/home/nokorot/Workspace/Java/PS/PS 3.0.0/LWJGL3/lwjgl-glfw.jar:/home/nokorot/Workspace/Java/PS/PS 3.0.0/LWJGL3/lwjgl-jawt-javadoc.jar:/home/nokorot/Workspace/Java/PS/PS 3.0.0/LWJGL3/lwjgl-jawt.jar:/home/nokorot/Workspace/Java/PS/PS 3.0.0/LWJGL3/lwjgl-jemalloc-natives-linux.jar:/home/nokorot/Workspace/Java/PS/PS 3.0.0/LWJGL3/lwjgl-jemalloc.jar:/home/nokorot/Workspace/Java/PS/PS 3.0.0/LWJGL3/lwjgl-lmdb-natives-linux.jar:/home/nokorot/Workspace/Java/PS/PS 3.0.0/LWJGL3/lwjgl-lmdb.jar:/home/nokorot/Workspace/Java/PS/PS 3.0.0/LWJGL3/lwjgl-nanovg-natives-linux.jar:/home/nokorot/Workspace/Java/PS/PS 3.0.0/LWJGL3/lwjgl-nanovg.jar:/home/nokorot/Workspace/Java/PS/PS 3.0.0/LWJGL3/lwjgl-natives-linux.jar:/home/nokorot/Workspace/Java/PS/PS 3.0.0/LWJGL3/lwjgl-nfd-natives-linux.jar:/home/nokorot/Workspace/Java/PS/PS 3.0.0/LWJGL3/lwjgl-nfd.jar:/home/nokorot/Workspace/Java/PS/PS 3.0.0/LWJGL3/lwjgl-nuklear-natives-linux.jar:/home/nokorot/Workspace/Java/PS/PS 3.0.0/LWJGL3/lwjgl-nuklear.jar:/home/nokorot/Workspace/Java/PS/PS 3.0.0/LWJGL3/lwjgl-openal-natives-linux.jar:/home/nokorot/Workspace/Java/PS/PS 3.0.0/LWJGL3/lwjgl-openal.jar:/home/nokorot/Workspace/Java/PS/PS 3.0.0/LWJGL3/lwjgl-opencl.jar:/home/nokorot/Workspace/Java/PS/PS 3.0.0/LWJGL3/lwjgl-opengl-natives-linux.jar:/home/nokorot/Workspace/Java/PS/PS 3.0.0/LWJGL3/lwjgl-opengl.jar:/home/nokorot/Workspace/Java/PS/PS 3.
Launcher Type: SUN_STANDARD

Environment Variables:
JAVA_HOME=/usr/lib/jvm/java-8-oracle
PATH=/home/nokorot/.cabal/bin:/opt/cabal/1.22/bin:/opt/ghc/7.10.3/bin:/home/nokorot/.bin:/home/nokorot/bin:/home/nokorot/.local/bin:/usr/local/sbin:/usr/local/bin:/usr/sbin:/usr/bin:/sbin:/bin:/usr/games:/usr/local/games:/snap/bin:/usr/lib/jvm/java-8-oracle/bin:/usr/lib/jvm/java-8-oracle/db/bin:/usr/lib/jvm/java-8-oracle/jre/bin
USERNAME=nokorot
SHELL=/bin/bash
DISPLAY=:1

Signal Handlers:
SIGSEGV: [libjvm.so+0xac64b0], sa_mask[0]=11111111011111111101111111111110, sa_flags=SA_RESTART|SA_SIGINFO
SIGBUS: [libjvm.so+0xac64b0], sa_mask[0]=11111111011111111101111111111110, sa_flags=SA_RESTART|SA_SIGINFO
SIGFPE: [libjvm.so+0x91f950], sa_mask[0]=11111111011111111101111111111110, sa_flags=SA_RESTART|SA_SIGINFO
SIGPIPE: [libjvm.so+0x91f950], sa_mask[0]=11111111011111111101111111111110, sa_flags=SA_RESTART|SA_SIGINFO
SIGXFSZ: [libjvm.so+0x91f950], sa_mask[0]=11111111011111111101111111111110, sa_flags=SA_RESTART|SA_SIGINFO
SIGILL: [libjvm.so+0x91f950], sa_mask[0]=11111111011111111101111111111110, sa_flags=SA_RESTART|SA_SIGINFO
SIGUSR1: SIG_DFL, sa_mask[0]=00000000000000000000000000000000, sa_flags=none
SIGUSR2: [libjvm.so+0x920f80], sa_mask[0]=00100000000000000000000000000000, sa_flags=SA_RESTART|SA_SIGINFO
SIGHUP: [libjvm.so+0x922380], sa_mask[0]=11111111011111111101111111111110, sa_flags=SA_RESTART|SA_SIGINFO
SIGINT: [libjvm.so+0x922380], sa_mask[0]=11111111011111111101111111111110, sa_flags=SA_RESTART|SA_SIGINFO
SIGTERM: [libjvm.so+0x922380], sa_mask[0]=11111111011111111101111111111110, sa_flags=SA_RESTART|SA_SIGINFO
SIGQUIT: [libjvm.so+0x922380], sa_mask[0]=11111111011111111101111111111110, sa_flags=SA_RESTART|SA_SIGINFO


---------------  S Y S T E M  ---------------

OS:DISTRIB_ID=Ubuntu
DISTRIB_RELEASE=16.04
DISTRIB_CODENAME=xenial
DISTRIB_DESCRIPTION="Ubuntu 16.04.1 LTS"

uname:Linux 4.4.0-59-generic #80-Ubuntu SMP Fri Jan 6 17:47:47 UTC 2017 x86_64
libc:glibc 2.23 NPTL 2.23 
rlimit: STACK 8192k, CORE 0k, NPROC 31349, NOFILE 65536, AS infinity
load average:1,20 0,95 0,91

/proc/meminfo:
MemTotal:        8065832 kB
MemFree:          358596 kB
MemAvailable:    2524480 kB
Buffers:          194740 kB
Cached:          3003568 kB
SwapCached:          256 kB
Active:          5365760 kB
Inactive:        1958760 kB
Active(anon):    3887996 kB
Inactive(anon):  1139888 kB
Active(file):    1477764 kB
Inactive(file):   818872 kB
Unevictable:         496 kB
Mlocked:             496 kB
SwapTotal:       1951740 kB
SwapFree:        1924648 kB
Dirty:              3404 kB
Writeback:             0 kB
AnonPages:       4126356 kB
Mapped:           849904 kB
Shmem:            901672 kB
Slab:             223968 kB
SReclaimable:     174144 kB
SUnreclaim:        49824 kB
KernelStack:       13856 kB
PageTables:        66720 kB
NFS_Unstable:          0 kB
Bounce:                0 kB
WritebackTmp:          0 kB
CommitLimit:     5984656 kB
Committed_AS:   11136432 kB
VmallocTotal:   34359738367 kB
VmallocUsed:           0 kB
VmallocChunk:          0 kB
HardwareCorrupted:     0 kB
AnonHugePages:   2103296 kB
CmaTotal:              0 kB
CmaFree:               0 kB
HugePages_Total:       0
HugePages_Free:        0
HugePages_Rsvd:        0
HugePages_Surp:        0
Hugepagesize:       2048 kB
DirectMap4k:      255272 kB
DirectMap2M:     8024064 kB


CPU:total 4 (2 cores per cpu, 2 threads per core) family 6 model 58 stepping 9, cmov, cx8, fxsr, mmx, sse, sse2, sse3, ssse3, sse4.1, sse4.2, popcnt, avx, aes, clmul, erms, ht, tsc, tscinvbit, tscinv

/proc/cpuinfo:
processor	: 0
vendor_id	: GenuineIntel
cpu family	: 6
model		: 58
model name	: Intel(R) Core(TM) i5-3210M CPU @ 2.50GHz
stepping	: 9
microcode	: 0x15
cpu MHz		: 2899.902
cache size	: 3072 KB
physical id	: 0
siblings	: 4
core id		: 0
cpu cores	: 2
apicid		: 0
initial apicid	: 0
fpu		: yes
fpu_exception	: yes
cpuid level	: 13
wp		: yes
flags		: fpu vme de pse tsc msr pae mce cx8 apic sep mtrr pge mca cmov pat pse36 clflush dts acpi mmx fxsr sse sse2 ss ht tm pbe syscall nx rdtscp lm constant_tsc arch_perfmon pebs bts rep_good nopl xtopology nonstop_tsc aperfmperf eagerfpu pni pclmulqdq dtes64 monitor ds_cpl vmx est tm2 ssse3 cx16 xtpr pdcm pcid sse4_1 sse4_2 x2apic popcnt tsc_deadline_timer aes xsave avx f16c rdrand lahf_lm epb tpr_shadow vnmi flexpriority ept vpid fsgsbase smep erms xsaveopt dtherm ida arat pln pts
bugs		:
bogomips	: 4989.04
clflush size	: 64
cache_alignment	: 64
address sizes	: 36 bits physical, 48 bits virtual
power management:

processor	: 1
vendor_id	: GenuineIntel
cpu family	: 6
model		: 58
model name	: Intel(R) Core(TM) i5-3210M CPU @ 2.50GHz
stepping	: 9
microcode	: 0x15
cpu MHz		: 2900.000
cache size	: 3072 KB
physical id	: 0
siblings	: 4
core id		: 1
cpu cores	: 2
apicid		: 2
initial apicid	: 2
fpu		: yes
fpu_exception	: yes
cpuid level	: 13
wp		: yes
flags		: fpu vme de pse tsc msr pae mce cx8 apic sep mtrr pge mca cmov pat pse36 clflush dts acpi mmx fxsr sse sse2 ss ht tm pbe syscall nx rdtscp lm constant_tsc arch_perfmon pebs bts rep_good nopl xtopology nonstop_tsc aperfmperf eagerfpu pni pclmulqdq dtes64 monitor ds_cpl vmx est tm2 ssse3 cx16 xtpr pdcm pcid sse4_1 sse4_2 x2apic popcnt tsc_deadline_timer aes xsave avx f16c rdrand lahf_lm epb tpr_shadow vnmi flexpriority ept vpid fsgsbase smep erms xsaveopt dtherm ida arat pln pts
bugs		:
bogomips	: 4989.04
clflush size	: 64
cache_alignment	: 64
address sizes	: 36 bits physical, 48 bits virtual
power management:

processor	: 2
vendor_id	: GenuineIntel
cpu family	: 6
model		: 58
model name	: Intel(R) Core(TM) i5-3210M CPU @ 2.50GHz
stepping	: 9
microcode	: 0x15
cpu MHz		: 2899.902
cache size	: 3072 KB
physical id	: 0
siblings	: 4
core id		: 0
cpu cores	: 2
apicid		: 1
initial apicid	: 1
fpu		: yes
fpu_exception	: yes
cpuid level	: 13
wp		: yes
flags		: fpu vme de pse tsc msr pae mce cx8 apic sep mtrr pge mca cmov pat pse36 clflush dts acpi mmx fxsr sse sse2 ss ht tm pbe syscall nx rdtscp lm constant_tsc arch_perfmon pebs bts rep_good nopl xtopology nonstop_tsc aperfmperf eagerfpu pni pclmulqdq dtes64 monitor ds_cpl vmx est tm2 ssse3 cx16 xtpr pdcm pcid sse4_1 sse4_2 x2apic popcnt tsc_deadline_timer aes xsave avx f16c rdrand lahf_lm epb tpr_shadow vnmi flexpriority ept vpid fsgsbase smep erms xsaveopt dtherm ida arat pln pts
bugs		:
bogomips	: 4989.04
clflush size	: 64
cache_alignment	: 64
address sizes	: 36 bits physical, 48 bits virtual
power management:

processor	: 3
vendor_id	: GenuineIntel
cpu family	: 6
model		: 58
model name	: Intel(R) Core(TM) i5-3210M CPU @ 2.50GHz
stepping	: 9
microcode	: 0x15
cpu MHz		: 2900.000
cache size	: 3072 KB
physical id	: 0
siblings	: 4
core id		: 1
cpu cores	: 2
apicid		: 3
initial apicid	: 3
fpu		: yes
fpu_exception	: yes
cpuid level	: 13
wp		: yes
flags		: fpu vme de pse tsc msr pae mce cx8 apic sep mtrr pge mca cmov pat pse36 clflush dts acpi mmx fxsr sse sse2 ss ht tm pbe syscall nx rdtscp lm constant_tsc arch_perfmon pebs bts rep_good nopl xtopology nonstop_tsc aperfmperf eagerfpu pni pclmulqdq dtes64 monitor ds_cpl vmx est tm2 ssse3 cx16 xtpr pdcm pcid sse4_1 sse4_2 x2apic popcnt tsc_deadline_timer aes xsave avx f16c rdrand lahf_lm epb tpr_shadow vnmi flexpriority ept vpid fsgsbase smep erms xsaveopt dtherm ida arat pln pts
bugs		:
bogomips	: 4989.04
clflush size	: 64
cache_alignment	: 64
address sizes	: 36 bits physical, 48 bits virtual
power management:



Memory: 4k page, physical 8065832k(358596k free), swap 1951740k(1924648k free)

vm_info: Java HotSpot(TM) 64-Bit Server VM (25.111-b14) for linux-amd64 JRE (1.8.0_111-b14), built on Sep 22 2016 16:14:03 by "java_re" with gcc 4.3.0 20080428 (Red Hat 4.3.0-8)

time: Sun Feb  5 01:46:37 2017
elapsed time: 0 seconds (0d 0h 0m 0s)

