#
# A fatal error has been detected by the Java Runtime Environment:
#
#  SIGSEGV (0xb) at pc=0x00007ff91e2e1d44, pid=8920, tid=0x00007ff91e6e9700
#
# JRE version: Java(TM) SE Runtime Environment (8.0_111-b14) (build 1.8.0_111-b14)
# Java VM: Java HotSpot(TM) 64-Bit Server VM (25.111-b14 mixed mode linux-amd64 compressed oops)
# Problematic frame:
# C  [libpthread.so.0+0x9d44]  pthread_mutex_lock+0x4
#
# Failed to write core dump. Core dumps have been disabled. To enable core dumping, try "ulimit -c unlimited" before starting Java again
#
# If you would like to submit a bug report, please visit:
#   http://bugreport.java.com/bugreport/crash.jsp
# The crash happened outside the Java Virtual Machine in native code.
# See problematic frame for where to report the bug.
#

---------------  T H R E A D  ---------------

Current thread (0x00007ff91800b000):  JavaThread "main" [_thread_in_native, id=8926, stack(0x00007ff91e5e9000,0x00007ff91e6ea000)]

siginfo: si_signo: 11 (SIGSEGV), si_code: 1 (SEGV_MAPERR), si_addr: 0x0000000000000010

Registers:
RAX=0x00007ff904350370, RBX=0x00007ff9181e3db0, RCX=0x0000000000000192, RDX=0x00007ff91e6e7ca0
RSP=0x00007ff91e6e7c10, RBP=0x00007ff91e6e7c80, RSI=0x00007ff91e6e7c90, RDI=0x0000000000000000
R8 =0x00007ff91e6e7c80, R9 =0x00007ff9181dfb12, R10=0x00007ff9043d5447, R11=0x0000000000000065
R12=0x00007ff91e6e7c7c, R13=0x00007ff91e6e7db8, R14=0x00007ff91e6e7db0, R15=0x00007ff91800b1f8
RIP=0x00007ff91e2e1d44, EFLAGS=0x0000000000010202, CSGSFS=0x0000000000000033, ERR=0x0000000000000004
  TRAPNO=0x000000000000000e

Top of Stack: (sp=0x00007ff91e6e7c10)
0x00007ff91e6e7c10:   0000000000000193 00007ff90436abfa
0x00007ff91e6e7c20:   00007ff91e6e7c90 00007ff91e6e7ca0
0x00007ff91e6e7c30:   0000000000000000 00007ff91818ab90
0x00007ff91e6e7c40:   00007ff9181cd810 b38bbd778fd6e400
0x00007ff91e6e7c50:   00007ff91818ab90 00007ff9181cd810
0x00007ff91e6e7c60:   00007ff9181fad00 00007ff904346f86
0x00007ff91e6e7c70:   00007ff91800b1f8 00007ff91807a708
0x00007ff91e6e7c80:   00007ff9181fad00 696c4369746c756d
0x00007ff91e6e7c90:   0000019300000192 00007ff900000000
0x00007ff91e6e7ca0:   0000015500000154 00007ff900000000
0x00007ff91e6e7cb0:   0000000000000004 b38bbd778fd6e400
0x00007ff91e6e7cc0:   00007ff9181fad00 00007ff91e6e7d20
0x00007ff91e6e7cd0:   00007ff9181cd810 00007ff9048ca981
0x00007ff91e6e7ce0:   00007ff91800b000 00007ff91818ab90
0x00007ff91e6e7cf0:   00007ff91e6e7d30 00007ff9070e8dd8
0x00007ff91e6e7d00:   0000000000000000 00007ff9070e8dd8
0x00007ff91e6e7d10:   00007ff91e6e7dc8 00007ff91800b000
0x00007ff91e6e7d20:   00007ff91e6e7d90 00007ff9085bca34
0x00007ff91e6e7d30:   00007ff91e6e7d90 00007ff9085bc7b9
0x00007ff91e6e7d40:   00007ff91800b000 00007ff9085bc782
0x00007ff91e6e7d50:   00007ff91e6e7d50 00007ff9070e8dd8
0x00007ff91e6e7d60:   00007ff91e6e7dc8 00007ff9070ec3a0
0x00007ff91e6e7d70:   0000000000000000 00007ff9070e8dd8
0x00007ff91e6e7d80:   0000000000000000 00007ff91e6e7db0
0x00007ff91e6e7d90:   00007ff91e6e7e10 00007ff9085ad040
0x00007ff91e6e7da0:   00000000d72443f0 00007ff9085b653b
0x00007ff91e6e7db0:   00000000d75fbe18 00000000d6ff7db0
0x00007ff91e6e7dc0:   00007ff91818ab90 00007ff9085acdd0
0x00007ff91e6e7dd0:   00007ff91e6e7dd0 00007ff90728fb4c
0x00007ff91e6e7de0:   00007ff91e6e7e28 00007ff907295b88
0x00007ff91e6e7df0:   0000000000000000 00007ff90728fbf0
0x00007ff91e6e7e00:   00007ff91e6e7db0 00007ff91e6e7e30 

Instructions: (pc=0x00007ff91e2e1d44)
0x00007ff91e2e1d24:   f0 02 00 00 00 00 00 00 b8 82 00 00 00 e9 d8 f9
0x00007ff91e2e1d34:   ff ff 66 2e 0f 1f 84 00 00 00 00 00 48 83 ec 08
0x00007ff91e2e1d44:   8b 57 10 89 d1 81 e1 7f 01 00 00 90 89 d0 83 e0
0x00007ff91e2e1d54:   7c 0f 85 95 00 00 00 85 c9 49 89 f8 0f 85 9a 00 

Register to memory mapping:

RAX=0x00007ff904350370: <offset 0x2b370> in /usr/lib/x86_64-linux-gnu/libX11.so.6 at 0x00007ff904325000
RBX=0x00007ff9181e3db0 is an unknown value
RCX=0x0000000000000192 is an unknown value
RDX=0x00007ff91e6e7ca0 is pointing into the stack for thread: 0x00007ff91800b000
RSP=0x00007ff91e6e7c10 is pointing into the stack for thread: 0x00007ff91800b000
RBP=0x00007ff91e6e7c80 is pointing into the stack for thread: 0x00007ff91800b000
RSI=0x00007ff91e6e7c90 is pointing into the stack for thread: 0x00007ff91800b000
RDI=0x0000000000000000 is an unknown value
R8 =0x00007ff91e6e7c80 is pointing into the stack for thread: 0x00007ff91800b000
R9 =0x00007ff9181dfb12 is an unknown value
R10=0x00007ff9043d5447: <offset 0xb0447> in /usr/lib/x86_64-linux-gnu/libX11.so.6 at 0x00007ff904325000
R11=0x0000000000000065 is an unknown value
R12=0x00007ff91e6e7c7c is pointing into the stack for thread: 0x00007ff91800b000
R13=0x00007ff91e6e7db8 is pointing into the stack for thread: 0x00007ff91800b000
R14=0x00007ff91e6e7db0 is pointing into the stack for thread: 0x00007ff91800b000
R15=0x00007ff91800b1f8 is an unknown value


Stack: [0x00007ff91e5e9000,0x00007ff91e6ea000],  sp=0x00007ff91e6e7c10,  free space=1019k
Native frames: (J=compiled Java code, j=interpreted, Vv=VM code, C=native code)
C  [libpthread.so.0+0x9d44]  pthread_mutex_lock+0x4
C  0x696c4369746c756d

Java frames: (J=compiled Java code, j=interpreted, Vv=VM code)
j  sun.awt.X11.XlibWrapper.XGetDefault(JLjava/lang/String;Ljava/lang/String;)Ljava/lang/String;+0
j  sun.awt.X11.XToolkit.initializeMultiClickTime()V+12
j  sun.awt.X11.XToolkit.getMultiClickTime()I+6
j  sun.awt.X11.XToolkit.initializeDesktopProperties()V+82
j  java.awt.Toolkit.getDesktopProperty(Ljava/lang/String;)Ljava/lang/Object;+32
j  sun.swing.SwingUtilities2$AATextInfo.getAATextInfo(Z)Lsun/swing/SwingUtilities2$AATextInfo;+11
j  javax.swing.plaf.metal.MetalLookAndFeel.initComponentDefaults(Ljavax/swing/UIDefaults;)V+12062
j  javax.swing.plaf.basic.BasicLookAndFeel.getDefaults()Ljavax/swing/UIDefaults;+25
j  javax.swing.plaf.metal.MetalLookAndFeel.getDefaults()Ljavax/swing/UIDefaults;+9
j  javax.swing.UIManager.setLookAndFeel(Ljavax/swing/LookAndFeel;)V+79
j  javax.swing.UIManager.setLookAndFeel(Ljava/lang/String;)V+16
j  javax.swing.UIManager.initializeDefaultLAF(Ljava/util/Properties;)V+55
j  javax.swing.UIManager.initialize()V+9
j  javax.swing.UIManager.maybeInitialize()V+22
j  javax.swing.UIManager.getUI(Ljavax/swing/JComponent;)Ljavax/swing/plaf/ComponentUI;+0
j  javax.swing.JPanel.updateUI()V+2
j  javax.swing.JPanel.<init>(Ljava/awt/LayoutManager;Z)V+24
j  javax.swing.JPanel.<init>(Z)V+9
j  javax.swing.JPanel.<init>()V+2
j  javax.swing.JRootPane.createGlassPane()Ljava/awt/Component;+4
j  javax.swing.JRootPane.<init>()V+11
j  javax.swing.JFrame.createRootPane()Ljavax/swing/JRootPane;+4
j  javax.swing.JFrame.frameInit()V+16
j  javax.swing.JFrame.<init>(Ljava/lang/String;)V+21
j  engineTest.Main.<init>()V+3
j  engineTest.Main.main([Ljava/lang/String;)V+20
v  ~StubRoutines::call_stub

---------------  P R O C E S S  ---------------

Java Threads: ( => current thread )
  0x00007ff9181ec000 JavaThread "AWT-XAWT" daemon [_thread_in_native, id=8943, stack(0x00007ff8ca3ad000,0x00007ff8ca4ae000)]
  0x00007ff9181c7800 JavaThread "Java2D Disposer" daemon [_thread_blocked, id=8942, stack(0x00007ff8cab0b000,0x00007ff8cac0c000)]
  0x00007ff918182000 JavaThread "Thread-0" [_thread_in_native, id=8941, stack(0x00007ff90401a000,0x00007ff90411b000)]
  0x00007ff9180c2800 JavaThread "Service Thread" daemon [_thread_blocked, id=8938, stack(0x00007ff904ec7000,0x00007ff904fc8000)]
  0x00007ff9180bf800 JavaThread "C1 CompilerThread2" daemon [_thread_blocked, id=8937, stack(0x00007ff904fc8000,0x00007ff9050c9000)]
  0x00007ff9180bd800 JavaThread "C2 CompilerThread1" daemon [_thread_blocked, id=8936, stack(0x00007ff9050c9000,0x00007ff9051ca000)]
  0x00007ff9180bb000 JavaThread "C2 CompilerThread0" daemon [_thread_blocked, id=8935, stack(0x00007ff9051ca000,0x00007ff9052cb000)]
  0x00007ff9180b9800 JavaThread "Signal Dispatcher" daemon [_thread_blocked, id=8934, stack(0x00007ff9052cb000,0x00007ff9053cc000)]
  0x00007ff918085000 JavaThread "Finalizer" daemon [_thread_blocked, id=8933, stack(0x00007ff905823000,0x00007ff905924000)]
  0x00007ff918080800 JavaThread "Reference Handler" daemon [_thread_blocked, id=8932, stack(0x00007ff905924000,0x00007ff905a25000)]
=>0x00007ff91800b000 JavaThread "main" [_thread_in_native, id=8926, stack(0x00007ff91e5e9000,0x00007ff91e6ea000)]

Other Threads:
  0x00007ff918079000 VMThread [stack: 0x00007ff905a25000,0x00007ff905b26000] [id=8931]
  0x00007ff9180c6000 WatcherThread [stack: 0x00007ff904dc6000,0x00007ff904ec7000] [id=8939]

VM state:not at safepoint (normal execution)

VM Mutex/Monitor currently owned by a thread: None

Heap:
 PSYoungGen      total 36864K, used 7670K [0x00000000d6f80000, 0x00000000d9880000, 0x0000000100000000)
  eden space 31744K, 24% used [0x00000000d6f80000,0x00000000d76fdae8,0x00000000d8e80000)
  from space 5120K, 0% used [0x00000000d9380000,0x00000000d9380000,0x00000000d9880000)
  to   space 5120K, 0% used [0x00000000d8e80000,0x00000000d8e80000,0x00000000d9380000)
 ParOldGen       total 84992K, used 0K [0x0000000084e00000, 0x000000008a100000, 0x00000000d6f80000)
  object space 84992K, 0% used [0x0000000084e00000,0x0000000084e00000,0x000000008a100000)
 Metaspace       used 8344K, capacity 8506K, committed 8704K, reserved 1056768K
  class space    used 906K, capacity 1000K, committed 1024K, reserved 1048576K

Card table byte_map: [0x00007ff907e0b000,0x00007ff9081e5000] byte_map_base: 0x00007ff9079e4000

Marking Bits: (ParMarkBitMap*) 0x00007ff91dac8220
 Begin Bits: [0x00007ff8f0270000, 0x00007ff8f2138000)
 End Bits:   [0x00007ff8f2138000, 0x00007ff8f4000000)

Polling page: 0x00007ff91e717000

CodeCache: size=245760Kb used=2155Kb max_used=2155Kb free=243605Kb
 bounds [0x00007ff9085a5000, 0x00007ff908815000, 0x00007ff9175a5000]
 total_blobs=1196 nmethods=410 adapters=700
 compilation: enabled

Compilation events (10 events):
Event: 0,388 Thread 0x00007ff9180bf800  406  s    3       java.util.Hashtable::put (104 bytes)
Event: 0,389 Thread 0x00007ff9180bf800 nmethod 406 0x00007ff9087be550 code [0x00007ff9087be720, 0x00007ff9087beeb8]
Event: 0,389 Thread 0x00007ff9180bf800  407       3       java.util.Hashtable$Entry::<init> (26 bytes)
Event: 0,389 Thread 0x00007ff9180bf800 nmethod 407 0x00007ff9087be110 code [0x00007ff9087be280, 0x00007ff9087be470]
Event: 0,389 Thread 0x00007ff9180bf800  408       3       java.util.Hashtable::addEntry (87 bytes)
Event: 0,390 Thread 0x00007ff9180bf800 nmethod 408 0x00007ff9087bd5d0 code [0x00007ff9087bd780, 0x00007ff9087bddd8]
Event: 0,390 Thread 0x00007ff9180bf800  409       3       java.lang.invoke.MethodType::equals (29 bytes)
Event: 0,391 Thread 0x00007ff9180bf800 nmethod 409 0x00007ff9087bce10 code [0x00007ff9087bcfa0, 0x00007ff9087bd4c8]
Event: 0,393 Thread 0x00007ff9180bf800  410       3       java.lang.invoke.MethodType::toMethodDescriptorString (21 bytes)
Event: 0,394 Thread 0x00007ff9180bf800 nmethod 410 0x00007ff9087bf710 code [0x00007ff9087bf920, 0x00007ff9087c0418]

GC Heap History (0 events):
No events

Deoptimization events (1 events):
Event: 0,201 Thread 0x00007ff918182000 Uncommon trap: reason=null_check action=make_not_entrant pc=0x00007ff90870af44 method=java.lang.String.equals(Ljava/lang/Object;)Z @ 8

Internal exceptions (10 events):
Event: 0,025 Thread 0x00007ff91800b000 Exception <a 'java/lang/NoSuchMethodError': Method sun.misc.Unsafe.prefetchRead(Ljava/lang/Object;J)V name or signature does not match> (0x00000000d6f87f60) thrown at [/HUDSON3/workspace/8-2-build-linux-amd64/jdk8u111/7883/hotspot/src/share/vm/prims/jni.c
Event: 0,088 Thread 0x00007ff91800b000 Exception <a 'java/security/PrivilegedActionException'> (0x00000000d701be40) thrown at [/HUDSON3/workspace/8-2-build-linux-amd64/jdk8u111/7883/hotspot/src/share/vm/prims/jvm.cpp, line 1386]
Event: 0,088 Thread 0x00007ff91800b000 Exception <a 'java/security/PrivilegedActionException'> (0x00000000d701c050) thrown at [/HUDSON3/workspace/8-2-build-linux-amd64/jdk8u111/7883/hotspot/src/share/vm/prims/jvm.cpp, line 1386]
Event: 0,088 Thread 0x00007ff91800b000 Exception <a 'java/security/PrivilegedActionException'> (0x00000000d701e490) thrown at [/HUDSON3/workspace/8-2-build-linux-amd64/jdk8u111/7883/hotspot/src/share/vm/prims/jvm.cpp, line 1386]
Event: 0,088 Thread 0x00007ff91800b000 Exception <a 'java/security/PrivilegedActionException'> (0x00000000d701e6a0) thrown at [/HUDSON3/workspace/8-2-build-linux-amd64/jdk8u111/7883/hotspot/src/share/vm/prims/jvm.cpp, line 1386]
Event: 0,153 Thread 0x00007ff91800b000 Exception <a 'java/lang/NoSuchFieldError': method resolution failed> (0x00000000d7189320) thrown at [/HUDSON3/workspace/8-2-build-linux-amd64/jdk8u111/7883/hotspot/src/share/vm/prims/methodHandles.cpp, line 1146]
Event: 0,156 Thread 0x00007ff91800b000 Exception <a 'java/lang/NoSuchFieldError': method resolution failed> (0x00000000d7196af0) thrown at [/HUDSON3/workspace/8-2-build-linux-amd64/jdk8u111/7883/hotspot/src/share/vm/prims/methodHandles.cpp, line 1146]
Event: 0,187 Thread 0x00007ff91800b000 Exception <a 'java/io/FileNotFoundException'> (0x00000000d7216a40) thrown at [/HUDSON3/workspace/8-2-build-linux-amd64/jdk8u111/7883/hotspot/src/share/vm/prims/jni.cpp, line 709]
Event: 0,187 Thread 0x00007ff91800b000 Exception <a 'java/io/FileNotFoundException'> (0x00000000d72173f8) thrown at [/HUDSON3/workspace/8-2-build-linux-amd64/jdk8u111/7883/hotspot/src/share/vm/prims/jni.cpp, line 709]
Event: 0,201 Thread 0x00007ff918182000 Implicit null exception at 0x00007ff90870ad62 to 0x00007ff90870af35

Events (10 events):
Event: 0,387 loading class javax/swing/plaf/DimensionUIResource
Event: 0,387 loading class javax/swing/plaf/DimensionUIResource done
Event: 0,387 loading class javax/swing/UIDefaults$LazyInputMap
Event: 0,387 loading class javax/swing/UIDefaults$LazyInputMap done
Event: 0,395 loading class javax/swing/plaf/metal/MetalLookAndFeel$FontActiveValue
Event: 0,395 loading class javax/swing/plaf/metal/MetalLookAndFeel$FontActiveValue done
Event: 0,397 loading class sun/swing/SwingUtilities2$AATextInfo
Event: 0,397 loading class sun/swing/SwingUtilities2$AATextInfo done
Event: 0,397 loading class sun/awt/HeadlessToolkit
Event: 0,398 loading class sun/awt/HeadlessToolkit done


Dynamic libraries:
00400000-00401000 r-xp 00000000 08:15 12855452                           /usr/lib/jvm/java-8-oracle/bin/java
00600000-00601000 rw-p 00000000 08:15 12855452                           /usr/lib/jvm/java-8-oracle/bin/java
010d2000-010f3000 rw-p 00000000 00:00 0                                  [heap]
84e00000-8a100000 rw-p 00000000 00:00 0 
8a100000-d6f80000 ---p 00000000 00:00 0 
d6f80000-d9880000 rw-p 00000000 00:00 0 
d9880000-100000000 ---p 00000000 00:00 0 
100000000-100100000 rw-p 00000000 00:00 0 
100100000-140000000 ---p 00000000 00:00 0 
7ff8bc000000-7ff8bc021000 rw-p 00000000 00:00 0 
7ff8bc021000-7ff8c0000000 ---p 00000000 00:00 0 
7ff8c0000000-7ff8c0021000 rw-p 00000000 00:00 0 
7ff8c0021000-7ff8c4000000 ---p 00000000 00:00 0 
7ff8c4000000-7ff8c42fc000 rw-p 00000000 00:00 0 
7ff8c42fc000-7ff8c8000000 ---p 00000000 00:00 0 
7ff8c93ca000-7ff8c93cb000 r-xp 00000000 08:15 12329465                   /usr/lib/x86_64-linux-gnu/libX11-xcb.so.1.0.0
7ff8c93cb000-7ff8c95ca000 ---p 00001000 08:15 12329465                   /usr/lib/x86_64-linux-gnu/libX11-xcb.so.1.0.0
7ff8c95ca000-7ff8c95cb000 r--p 00000000 08:15 12329465                   /usr/lib/x86_64-linux-gnu/libX11-xcb.so.1.0.0
7ff8c95cb000-7ff8c95cc000 rw-p 00001000 08:15 12329465                   /usr/lib/x86_64-linux-gnu/libX11-xcb.so.1.0.0
7ff8c95cc000-7ff8c95d1000 r-xp 00000000 08:15 12329520                   /usr/lib/x86_64-linux-gnu/libXxf86vm.so.1.0.0
7ff8c95d1000-7ff8c97d0000 ---p 00005000 08:15 12329520                   /usr/lib/x86_64-linux-gnu/libXxf86vm.so.1.0.0
7ff8c97d0000-7ff8c97d1000 r--p 00004000 08:15 12329520                   /usr/lib/x86_64-linux-gnu/libXxf86vm.so.1.0.0
7ff8c97d1000-7ff8c97d2000 rw-p 00005000 08:15 12329520                   /usr/lib/x86_64-linux-gnu/libXxf86vm.so.1.0.0
7ff8c97d2000-7ff8c97d4000 r-xp 00000000 08:15 12329494                   /usr/lib/x86_64-linux-gnu/libXinerama.so.1.0.0
7ff8c97d4000-7ff8c99d3000 ---p 00002000 08:15 12329494                   /usr/lib/x86_64-linux-gnu/libXinerama.so.1.0.0
7ff8c99d3000-7ff8c99d4000 r--p 00001000 08:15 12329494                   /usr/lib/x86_64-linux-gnu/libXinerama.so.1.0.0
7ff8c99d4000-7ff8c99d5000 rw-p 00002000 08:15 12329494                   /usr/lib/x86_64-linux-gnu/libXinerama.so.1.0.0
7ff8c99d5000-7ff8c99df000 r-xp 00000000 08:15 12329502                   /usr/lib/x86_64-linux-gnu/libXrandr.so.2.2.0
7ff8c99df000-7ff8c9bde000 ---p 0000a000 08:15 12329502                   /usr/lib/x86_64-linux-gnu/libXrandr.so.2.2.0
7ff8c9bde000-7ff8c9bdf000 r--p 00009000 08:15 12329502                   /usr/lib/x86_64-linux-gnu/libXrandr.so.2.2.0
7ff8c9bdf000-7ff8c9be0000 rw-p 0000a000 08:15 12329502                   /usr/lib/x86_64-linux-gnu/libXrandr.so.2.2.0
7ff8c9be0000-7ff8c9bfe000 r-xp 00000000 08:15 1466952                    /tmp/lwjglnokorot/3.1.1-build-16/libglfw.so
7ff8c9bfe000-7ff8c9dfd000 ---p 0001e000 08:15 1466952                    /tmp/lwjglnokorot/3.1.1-build-16/libglfw.so
7ff8c9dfd000-7ff8c9dfe000 r--p 0001d000 08:15 1466952                    /tmp/lwjglnokorot/3.1.1-build-16/libglfw.so
7ff8c9dfe000-7ff8c9dff000 rw-p 0001e000 08:15 1466952                    /tmp/lwjglnokorot/3.1.1-build-16/libglfw.so
7ff8c9dff000-7ff8c9e00000 rw-p 00000000 00:00 0 
7ff8c9e00000-7ff8ca000000 rw-p 00000000 00:00 0 
7ff8ca170000-7ff8ca1a9000 r-xp 00000000 08:15 1466951                    /tmp/lwjglnokorot/3.1.1-build-16/libjemalloc.so
7ff8ca1a9000-7ff8ca3a8000 ---p 00039000 08:15 1466951                    /tmp/lwjglnokorot/3.1.1-build-16/libjemalloc.so
7ff8ca3a8000-7ff8ca3ab000 r--p 00038000 08:15 1466951                    /tmp/lwjglnokorot/3.1.1-build-16/libjemalloc.so
7ff8ca3ab000-7ff8ca3ac000 rw-p 0003b000 08:15 1466951                    /tmp/lwjglnokorot/3.1.1-build-16/libjemalloc.so
7ff8ca3ac000-7ff8ca3ad000 rw-p 00000000 00:00 0 
7ff8ca3ad000-7ff8ca3b0000 ---p 00000000 00:00 0 
7ff8ca3b0000-7ff8ca4ae000 rw-p 00000000 00:00 0 
7ff8ca4ae000-7ff8ca4f9000 r-xp 00000000 08:15 1466950                    /tmp/lwjglnokorot/3.1.1-build-16/liblwjgl.so
7ff8ca4f9000-7ff8ca6f9000 ---p 0004b000 08:15 1466950                    /tmp/lwjglnokorot/3.1.1-build-16/liblwjgl.so
7ff8ca6f9000-7ff8ca6fa000 r--p 0004b000 08:15 1466950                    /tmp/lwjglnokorot/3.1.1-build-16/liblwjgl.so
7ff8ca6fa000-7ff8ca6fb000 rw-p 0004c000 08:15 1466950                    /tmp/lwjglnokorot/3.1.1-build-16/liblwjgl.so
7ff8ca6fb000-7ff8ca700000 r-xp 00000000 08:15 12329486                   /usr/lib/x86_64-linux-gnu/libXfixes.so.3.1.0
7ff8ca700000-7ff8ca8ff000 ---p 00005000 08:15 12329486                   /usr/lib/x86_64-linux-gnu/libXfixes.so.3.1.0
7ff8ca8ff000-7ff8ca900000 r--p 00004000 08:15 12329486                   /usr/lib/x86_64-linux-gnu/libXfixes.so.3.1.0
7ff8ca900000-7ff8ca901000 rw-p 00005000 08:15 12329486                   /usr/lib/x86_64-linux-gnu/libXfixes.so.3.1.0
7ff8ca901000-7ff8ca90a000 r-xp 00000000 08:15 12329478                   /usr/lib/x86_64-linux-gnu/libXcursor.so.1.0.2
7ff8ca90a000-7ff8cab09000 ---p 00009000 08:15 12329478                   /usr/lib/x86_64-linux-gnu/libXcursor.so.1.0.2
7ff8cab09000-7ff8cab0a000 r--p 00008000 08:15 12329478                   /usr/lib/x86_64-linux-gnu/libXcursor.so.1.0.2
7ff8cab0a000-7ff8cab0b000 rw-p 00009000 08:15 12329478                   /usr/lib/x86_64-linux-gnu/libXcursor.so.1.0.2
7ff8cab0b000-7ff8cab0e000 ---p 00000000 00:00 0 
7ff8cab0e000-7ff8caf0d000 rw-p 00000000 00:00 0 
7ff8caf0d000-7ff8caf23000 r-xp 00000000 08:15 12980356                   /usr/lib/jvm/java-8-oracle/jre/lib/amd64/libnet.so
7ff8caf23000-7ff8cb123000 ---p 00016000 08:15 12980356                   /usr/lib/jvm/java-8-oracle/jre/lib/amd64/libnet.so
7ff8cb123000-7ff8cb124000 rw-p 00016000 08:15 12980356                   /usr/lib/jvm/java-8-oracle/jre/lib/amd64/libnet.so
7ff8cb124000-7ff8cb135000 r-xp 00000000 08:15 12980591                   /usr/lib/jvm/java-8-oracle/jre/lib/amd64/libnio.so
7ff8cb135000-7ff8cb334000 ---p 00011000 08:15 12980591                   /usr/lib/jvm/java-8-oracle/jre/lib/amd64/libnio.so
7ff8cb334000-7ff8cb335000 rw-p 00010000 08:15 12980591                   /usr/lib/jvm/java-8-oracle/jre/lib/amd64/libnio.so
7ff8cb335000-7ff8cb34b000 r-xp 00000000 08:15 7082441                    /lib/x86_64-linux-gnu/libgcc_s.so.1
7ff8cb34b000-7ff8cb54a000 ---p 00016000 08:15 7082441                    /lib/x86_64-linux-gnu/libgcc_s.so.1
7ff8cb54a000-7ff8cb54b000 rw-p 00015000 08:15 7082441                    /lib/x86_64-linux-gnu/libgcc_s.so.1
7ff8cb54b000-7ff8cb5b0000 r-xp 00000000 08:15 12980585                   /usr/lib/jvm/java-8-oracle/jre/lib/amd64/libfontmanager.so
7ff8cb5b0000-7ff8cb7af000 ---p 00065000 08:15 12980585                   /usr/lib/jvm/java-8-oracle/jre/lib/amd64/libfontmanager.so
7ff8cb7af000-7ff8cb7b4000 rw-p 00064000 08:15 12980585                   /usr/lib/jvm/java-8-oracle/jre/lib/amd64/libfontmanager.so
7ff8cb7b4000-7ff8cb7c4000 rw-p 00000000 00:00 0 
7ff8cb7c4000-7ff8cb7c9000 r-xp 00000000 08:15 12329482                   /usr/lib/x86_64-linux-gnu/libXdmcp.so.6.0.0
7ff8cb7c9000-7ff8cb9c8000 ---p 00005000 08:15 12329482                   /usr/lib/x86_64-linux-gnu/libXdmcp.so.6.0.0
7ff8cb9c8000-7ff8cb9c9000 r--p 00004000 08:15 12329482                   /usr/lib/x86_64-linux-gnu/libXdmcp.so.6.0.0
7ff8cb9c9000-7ff8cb9ca000 rw-p 00005000 08:15 12329482                   /usr/lib/x86_64-linux-gnu/libXdmcp.so.6.0.0
7ff8cb9ca000-7ff8cb9cc000 r-xp 00000000 08:15 12329471                   /usr/lib/x86_64-linux-gnu/libXau.so.6.0.0
7ff8cb9cc000-7ff8cbbcc000 ---p 00002000 08:15 12329471                   /usr/lib/x86_64-linux-gnu/libXau.so.6.0.0
7ff8cbbcc000-7ff8cbbcd000 r--p 00002000 08:15 12329471                   /usr/lib/x86_64-linux-gnu/libXau.so.6.0.0
7ff8cbbcd000-7ff8cbbce000 rw-p 00003000 08:15 12329471                   /usr/lib/x86_64-linux-gnu/libXau.so.6.0.0
7ff8cbbce000-7ff8cbbef000 r-xp 00000000 08:15 12330820                   /usr/lib/x86_64-linux-gnu/libxcb.so.1.1.0
7ff8cbbef000-7ff8cbdee000 ---p 00021000 08:15 12330820                   /usr/lib/x86_64-linux-gnu/libxcb.so.1.1.0
7ff8cbdee000-7ff8cbdef000 r--p 00020000 08:15 12330820                   /usr/lib/x86_64-linux-gnu/libxcb.so.1.1.0
7ff8cbdef000-7ff8cbdf0000 rw-p 00021000 08:15 12330820                   /usr/lib/x86_64-linux-gnu/libxcb.so.1.1.0
7ff8cbdf0000-7ff8cbdff000 r-xp 00000000 08:15 12329492                   /usr/lib/x86_64-linux-gnu/libXi.so.6.1.0
7ff8cbdff000-7ff8cbffe000 ---p 0000f000 08:15 12329492                   /usr/lib/x86_64-linux-gnu/libXi.so.6.1.0
7ff8cbffe000-7ff8cbfff000 r--p 0000e000 08:15 12329492                   /usr/lib/x86_64-linux-gnu/libXi.so.6.1.0
7ff8cbfff000-7ff8cc000000 rw-p 0000f000 08:15 12329492                   /usr/lib/x86_64-linux-gnu/libXi.so.6.1.0
7ff8cc000000-7ff8cc021000 rw-p 00000000 00:00 0 
7ff8cc021000-7ff8d0000000 ---p 00000000 00:00 0 
7ff8d0000000-7ff8d0021000 rw-p 00000000 00:00 0 
7ff8d0021000-7ff8d4000000 ---p 00000000 00:00 0 
7ff8d4000000-7ff8d405b000 rw-p 00000000 00:00 0 
7ff8d405b000-7ff8d8000000 ---p 00000000 00:00 0 
7ff8d8000000-7ff8d815c000 rw-p 00000000 00:00 0 
7ff8d815c000-7ff8dc000000 ---p 00000000 00:00 0 
7ff8dc000000-7ff8dc021000 rw-p 00000000 00:00 0 
7ff8dc021000-7ff8e0000000 ---p 00000000 00:00 0 
7ff8e0000000-7ff8e011a000 rw-p 00000000 00:00 0 
7ff8e011a000-7ff8e4000000 ---p 00000000 00:00 0 
7ff8e4000000-7ff8e4021000 rw-p 00000000 00:00 0 
7ff8e4021000-7ff8e8000000 ---p 00000000 00:00 0 
7ff8e8000000-7ff8e8021000 rw-p 00000000 00:00 0 
7ff8e8021000-7ff8ec000000 ---p 00000000 00:00 0 
7ff8ec000000-7ff8ec021000 rw-p 00000000 00:00 0 
7ff8ec021000-7ff8f0000000 ---p 00000000 00:00 0 
7ff8f006a000-7ff8f006f000 r-xp 00000000 08:15 12329510                   /usr/lib/x86_64-linux-gnu/libXtst.so.6.1.0
7ff8f006f000-7ff8f026e000 ---p 00005000 08:15 12329510                   /usr/lib/x86_64-linux-gnu/libXtst.so.6.1.0
7ff8f026e000-7ff8f026f000 r--p 00004000 08:15 12329510                   /usr/lib/x86_64-linux-gnu/libXtst.so.6.1.0
7ff8f026f000-7ff8f0270000 rw-p 00005000 08:15 12329510                   /usr/lib/x86_64-linux-gnu/libXtst.so.6.1.0
7ff8f0270000-7ff8f4000000 rw-p 00000000 00:00 0 
7ff8f4000000-7ff8f4021000 rw-p 00000000 00:00 0 
7ff8f4021000-7ff8f8000000 ---p 00000000 00:00 0 
7ff8f8000000-7ff8f8021000 rw-p 00000000 00:00 0 
7ff8f8021000-7ff8fc000000 ---p 00000000 00:00 0 
7ff8fc000000-7ff8fc021000 rw-p 00000000 00:00 0 
7ff8fc021000-7ff900000000 ---p 00000000 00:00 0 
7ff900000000-7ff900021000 rw-p 00000000 00:00 0 
7ff900021000-7ff904000000 ---p 00000000 00:00 0 
7ff904005000-7ff904006000 rwxp 00000000 00:00 0 
7ff904006000-7ff904007000 r--s 00004000 08:15 13654818                   /home/nokorot/Workspace/Java/PS/PS 3.0.0/LWJGL3/lwjgl-xxhash.jar
7ff904007000-7ff904008000 r--s 00001000 08:15 13654817                   /home/nokorot/Workspace/Java/PS/PS 3.0.0/LWJGL3/lwjgl-xxhash-natives-linux.jar
7ff904008000-7ff904011000 r--s 000a6000 08:15 13654825                   /home/nokorot/Workspace/Java/PS/PS 3.0.0/LWJGL3/lwjgl-vulkan.jar
7ff904011000-7ff904016000 r--s 000ac000 08:15 13654824                   /home/nokorot/Workspace/Java/PS/PS 3.0.0/LWJGL3/lwjgl-vulkan-sources.jar
7ff904016000-7ff904017000 r--s 00001000 08:15 13654813                   /home/nokorot/Workspace/Java/PS/PS 3.0.0/LWJGL3/lwjgl-tinyfd.jar
7ff904017000-7ff90401a000 r--s 00012000 08:15 13654809                   /home/nokorot/Workspace/Java/PS/PS 3.0.0/LWJGL3/lwjgl-stb.jar
7ff90401a000-7ff90401d000 ---p 00000000 00:00 0 
7ff90401d000-7ff90411b000 rw-p 00000000 00:00 0 
7ff90411b000-7ff904124000 r-xp 00000000 08:15 12329504                   /usr/lib/x86_64-linux-gnu/libXrender.so.1.3.0
7ff904124000-7ff904323000 ---p 00009000 08:15 12329504                   /usr/lib/x86_64-linux-gnu/libXrender.so.1.3.0
7ff904323000-7ff904324000 r--p 00008000 08:15 12329504                   /usr/lib/x86_64-linux-gnu/libXrender.so.1.3.0
7ff904324000-7ff904325000 rw-p 00009000 08:15 12329504                   /usr/lib/x86_64-linux-gnu/libXrender.so.1.3.0
7ff904325000-7ff90445a000 r-xp 00000000 08:15 12329467                   /usr/lib/x86_64-linux-gnu/libX11.so.6.3.0
7ff90445a000-7ff90465a000 ---p 00135000 08:15 12329467                   /usr/lib/x86_64-linux-gnu/libX11.so.6.3.0
7ff90465a000-7ff90465b000 r--p 00135000 08:15 12329467                   /usr/lib/x86_64-linux-gnu/libX11.so.6.3.0
7ff90465b000-7ff90465f000 rw-p 00136000 08:15 12329467                   /usr/lib/x86_64-linux-gnu/libX11.so.6.3.0
7ff90465f000-7ff904670000 r-xp 00000000 08:15 12329484                   /usr/lib/x86_64-linux-gnu/libXext.so.6.4.0
7ff904670000-7ff90486f000 ---p 00011000 08:15 12329484                   /usr/lib/x86_64-linux-gnu/libXext.so.6.4.0
7ff90486f000-7ff904870000 r--p 00010000 08:15 12329484                   /usr/lib/x86_64-linux-gnu/libXext.so.6.4.0
7ff904870000-7ff904871000 rw-p 00011000 08:15 12329484                   /usr/lib/x86_64-linux-gnu/libXext.so.6.4.0
7ff904871000-7ff904872000 r--s 00007000 08:15 13654815                   /home/nokorot/Workspace/Java/PS/PS 3.0.0/LWJGL3/lwjgl-tinyfd-natives-linux.jar
7ff904872000-7ff904873000 r--s 0002c000 08:15 13654808                   /home/nokorot/Workspace/Java/PS/PS 3.0.0/LWJGL3/lwjgl-stb-natives-linux.jar
7ff904873000-7ff904874000 r--s 00000000 08:15 13654803                   /home/nokorot/Workspace/Java/PS/PS 3.0.0/LWJGL3/lwjgl-sse.jar
7ff904874000-7ff904875000 r--s 00000000 08:15 13654802                   /home/nokorot/Workspace/Java/PS/PS 3.0.0/LWJGL3/lwjgl-sse-natives-linux.jar
7ff904875000-7ff904877000 r--s 00058000 08:15 13654804                   /home/nokorot/Workspace/Java/PS/PS 3.0.0/LWJGL3/lwjgl-sse-javadoc.jar
7ff904877000-7ff904879000 r--s 00001000 08:15 13654799                   /home/nokorot/Workspace/Java/PS/PS 3.0.0/LWJGL3/lwjgl-par.jar
7ff904879000-7ff90487a000 r--s 00005000 08:15 13654795                   /home/nokorot/Workspace/Java/PS/PS 3.0.0/LWJGL3/lwjgl-par-natives-linux.jar
7ff90487a000-7ff904880000 r--s 00048000 08:15 13654794                   /home/nokorot/Workspace/Java/PS/PS 3.0.0/LWJGL3/lwjgl-opengles.jar
7ff904880000-7ff904881000 r--s 00007000 08:15 13654792                   /home/nokorot/Workspace/Java/PS/PS 3.0.0/LWJGL3/lwjgl-opengles-natives-linux.jar
7ff904881000-7ff90488a000 r--s 000ba000 08:15 13654797                   /home/nokorot/Workspace/Java/PS/PS 3.0.0/LWJGL3/lwjgl-opengl.jar
7ff90488a000-7ff90488b000 r--s 00015000 08:15 13654789                   /home/nokorot/Workspace/Java/PS/PS 3.0.0/LWJGL3/lwjgl-opengl-natives-linux.jar
7ff90488b000-7ff90488e000 r--s 00023000 08:15 13654790                   /home/nokorot/Workspace/Java/PS/PS 3.0.0/LWJGL3/lwjgl-opencl.jar
7ff90488e000-7ff904890000 r--s 00010000 08:15 13654776                   /home/nokorot/Workspace/Java/PS/PS 3.0.0/LWJGL3/lwjgl-openal.jar
7ff904890000-7ff904891000 r--s 0004a000 08:15 13654787                   /home/nokorot/Workspace/Java/PS/PS 3.0.0/LWJGL3/lwjgl-openal-natives-linux.jar
7ff904891000-7ff904896000 r--s 00054000 08:15 13654782                   /home/nokorot/Workspace/Java/PS/PS 3.0.0/LWJGL3/lwjgl-nuklear.jar
7ff904896000-7ff904897000 r--s 0001f000 08:15 13654772                   /home/nokorot/Workspace/Java/PS/PS 3.0.0/LWJGL3/lwjgl-nuklear-natives-linux.jar
7ff904897000-7ff904898000 r--s 00001000 08:15 13654766                   /home/nokorot/Workspace/Java/PS/PS 3.0.0/LWJGL3/lwjgl-nfd.jar
7ff904898000-7ff904899000 r--s 00001000 08:15 13654764                   /home/nokorot/Workspace/Java/PS/PS 3.0.0/LWJGL3/lwjgl-nfd-natives-linux.jar
7ff904899000-7ff90489b000 r--s 00008000 08:15 13654756                   /home/nokorot/Workspace/Java/PS/PS 3.0.0/LWJGL3/lwjgl-nanovg.jar
7ff90489b000-7ff9048ef000 r-xp 00000000 08:15 12980593                   /usr/lib/jvm/java-8-oracle/jre/lib/amd64/libawt_xawt.so
7ff9048ef000-7ff904aef000 ---p 00054000 08:15 12980593                   /usr/lib/jvm/java-8-oracle/jre/lib/amd64/libawt_xawt.so
7ff904aef000-7ff904af3000 rw-p 00054000 08:15 12980593                   /usr/lib/jvm/java-8-oracle/jre/lib/amd64/libawt_xawt.so
7ff904af3000-7ff904af4000 rw-p 00000000 00:00 0 
7ff904af4000-7ff904b96000 r-xp 00000000 08:15 12980626                   /usr/lib/jvm/java-8-oracle/jre/lib/amd64/libawt.so
7ff904b96000-7ff904d96000 ---p 000a2000 08:15 12980626                   /usr/lib/jvm/java-8-oracle/jre/lib/amd64/libawt.so
7ff904d96000-7ff904da2000 rw-p 000a2000 08:15 12980626                   /usr/lib/jvm/java-8-oracle/jre/lib/amd64/libawt.so
7ff904da2000-7ff904dc6000 rw-p 00000000 00:00 0 
7ff904dc6000-7ff904dc7000 ---p 00000000 00:00 0 
7ff904dc7000-7ff904ec7000 rw-p 00000000 00:00 0 
7ff904ec7000-7ff904eca000 ---p 00000000 00:00 0 
7ff904eca000-7ff904fc8000 rw-p 00000000 00:00 0 
7ff904fc8000-7ff904fcb000 ---p 00000000 00:00 0 
7ff904fcb000-7ff9050c9000 rw-p 00000000 00:00 0 
7ff9050c9000-7ff9050cc000 ---p 00000000 00:00 0 
7ff9050cc000-7ff9051ca000 rw-p 00000000 00:00 0 
7ff9051ca000-7ff9051cd000 ---p 00000000 00:00 0 
7ff9051cd000-7ff9052cb000 rw-p 00000000 00:00 0 
7ff9052cb000-7ff9052ce000 ---p 00000000 00:00 0 
7ff9052ce000-7ff9053cc000 rw-p 00000000 00:00 0 
7ff9053cc000-7ff905823000 r--p 00000000 08:15 12322328                   /usr/lib/locale/locale-archive
7ff905823000-7ff905826000 ---p 00000000 00:00 0 
7ff905826000-7ff905924000 rw-p 00000000 00:00 0 
7ff905924000-7ff905927000 ---p 00000000 00:00 0 
7ff905927000-7ff905a25000 rw-p 00000000 00:00 0 
7ff905a25000-7ff905a26000 ---p 00000000 00:00 0 
7ff905a26000-7ff906ac6000 rw-p 00000000 00:00 0 
7ff906ac6000-7ff906c9e000 r--s 03d2a000 08:15 12855517                   /usr/lib/jvm/java-8-oracle/jre/lib/rt.jar
7ff906c9e000-7ff90741e000 rw-p 00000000 00:00 0 
7ff90741e000-7ff90749e000 ---p 00000000 00:00 0 
7ff90749e000-7ff907877000 rw-p 00000000 00:00 0 
7ff907877000-7ff907878000 ---p 00000000 00:00 0 
7ff907878000-7ff907978000 rw-p 00000000 00:00 0 
7ff907978000-7ff907979000 ---p 00000000 00:00 0 
7ff907979000-7ff907a79000 rw-p 00000000 00:00 0 
7ff907a79000-7ff907a7a000 ---p 00000000 00:00 0 
7ff907a7a000-7ff907ba4000 rw-p 00000000 00:00 0 
7ff907ba4000-7ff907e0b000 ---p 00000000 00:00 0 
7ff907e0b000-7ff907e35000 rw-p 00000000 00:00 0 
7ff907e35000-7ff90809b000 ---p 00000000 00:00 0 
7ff90809b000-7ff9080b1000 rw-p 00000000 00:00 0 
7ff9080b1000-7ff9081e4000 ---p 00000000 00:00 0 
7ff9081e4000-7ff9081ef000 rw-p 00000000 00:00 0 
7ff9081ef000-7ff9085a5000 ---p 00000000 00:00 0 
7ff9085a5000-7ff908815000 rwxp 00000000 00:00 0 
7ff908815000-7ff9175a5000 ---p 00000000 00:00 0 
7ff9175a5000-7ff9175bf000 r-xp 00000000 08:15 12980589                   /usr/lib/jvm/java-8-oracle/jre/lib/amd64/libzip.so
7ff9175bf000-7ff9177bf000 ---p 0001a000 08:15 12980589                   /usr/lib/jvm/java-8-oracle/jre/lib/amd64/libzip.so
7ff9177bf000-7ff9177c0000 rw-p 0001a000 08:15 12980589                   /usr/lib/jvm/java-8-oracle/jre/lib/amd64/libzip.so
7ff9177c0000-7ff9177cb000 r-xp 00000000 08:15 7082071                    /lib/x86_64-linux-gnu/libnss_files-2.23.so
7ff9177cb000-7ff9179ca000 ---p 0000b000 08:15 7082071                    /lib/x86_64-linux-gnu/libnss_files-2.23.so
7ff9179ca000-7ff9179cb000 r--p 0000a000 08:15 7082071                    /lib/x86_64-linux-gnu/libnss_files-2.23.so
7ff9179cb000-7ff9179cc000 rw-p 0000b000 08:15 7082071                    /lib/x86_64-linux-gnu/libnss_files-2.23.so
7ff9179cc000-7ff9179d2000 rw-p 00000000 00:00 0 
7ff9179d2000-7ff9179dd000 r-xp 00000000 08:15 7082047                    /lib/x86_64-linux-gnu/libnss_nis-2.23.so
7ff9179dd000-7ff917bdc000 ---p 0000b000 08:15 7082047                    /lib/x86_64-linux-gnu/libnss_nis-2.23.so
7ff917bdc000-7ff917bdd000 r--p 0000a000 08:15 7082047                    /lib/x86_64-linux-gnu/libnss_nis-2.23.so
7ff917bdd000-7ff917bde000 rw-p 0000b000 08:15 7082047                    /lib/x86_64-linux-gnu/libnss_nis-2.23.so
7ff917bde000-7ff917bf4000 r-xp 00000000 08:15 7082063                    /lib/x86_64-linux-gnu/libnsl-2.23.so
7ff917bf4000-7ff917df3000 ---p 00016000 08:15 7082063                    /lib/x86_64-linux-gnu/libnsl-2.23.so
7ff917df3000-7ff917df4000 r--p 00015000 08:15 7082063                    /lib/x86_64-linux-gnu/libnsl-2.23.so
7ff917df4000-7ff917df5000 rw-p 00016000 08:15 7082063                    /lib/x86_64-linux-gnu/libnsl-2.23.so
7ff917df5000-7ff917df7000 rw-p 00000000 00:00 0 
7ff917df7000-7ff917dff000 r-xp 00000000 08:15 7082065                    /lib/x86_64-linux-gnu/libnss_compat-2.23.so
7ff917dff000-7ff917ffe000 ---p 00008000 08:15 7082065                    /lib/x86_64-linux-gnu/libnss_compat-2.23.so
7ff917ffe000-7ff917fff000 r--p 00007000 08:15 7082065                    /lib/x86_64-linux-gnu/libnss_compat-2.23.so
7ff917fff000-7ff918000000 rw-p 00008000 08:15 7082065                    /lib/x86_64-linux-gnu/libnss_compat-2.23.so
7ff918000000-7ff918216000 rw-p 00000000 00:00 0 
7ff918216000-7ff91c000000 ---p 00000000 00:00 0 
7ff91c000000-7ff91c001000 r--s 00011000 08:15 13654822                   /home/nokorot/Workspace/Java/PS/PS 3.0.0/LWJGL3/lwjgl-natives-linux.jar
7ff91c001000-7ff91c0b9000 rw-p 00000000 00:00 0 
7ff91c0b9000-7ff91c0ba000 ---p 00000000 00:00 0 
7ff91c0ba000-7ff91c1ba000 rw-p 00000000 00:00 0 
7ff91c1ba000-7ff91c1e5000 r-xp 00000000 08:15 12980616                   /usr/lib/jvm/java-8-oracle/jre/lib/amd64/libjava.so
7ff91c1e5000-7ff91c3e4000 ---p 0002b000 08:15 12980616                   /usr/lib/jvm/java-8-oracle/jre/lib/amd64/libjava.so
7ff91c3e4000-7ff91c3e6000 rw-p 0002a000 08:15 12980616                   /usr/lib/jvm/java-8-oracle/jre/lib/amd64/libjava.so
7ff91c3e6000-7ff91c3f3000 r-xp 00000000 08:15 12980358                   /usr/lib/jvm/java-8-oracle/jre/lib/amd64/libverify.so
7ff91c3f3000-7ff91c5f2000 ---p 0000d000 08:15 12980358                   /usr/lib/jvm/java-8-oracle/jre/lib/amd64/libverify.so
7ff91c5f2000-7ff91c5f4000 rw-p 0000c000 08:15 12980358                   /usr/lib/jvm/java-8-oracle/jre/lib/amd64/libverify.so
7ff91c5f4000-7ff91c5fb000 r-xp 00000000 08:15 7082046                    /lib/x86_64-linux-gnu/librt-2.23.so
7ff91c5fb000-7ff91c7fa000 ---p 00007000 08:15 7082046                    /lib/x86_64-linux-gnu/librt-2.23.so
7ff91c7fa000-7ff91c7fb000 r--p 00006000 08:15 7082046                    /lib/x86_64-linux-gnu/librt-2.23.so
7ff91c7fb000-7ff91c7fc000 rw-p 00007000 08:15 7082046                    /lib/x86_64-linux-gnu/librt-2.23.so
7ff91c7fc000-7ff91c904000 r-xp 00000000 08:15 7082058                    /lib/x86_64-linux-gnu/libm-2.23.so
7ff91c904000-7ff91cb03000 ---p 00108000 08:15 7082058                    /lib/x86_64-linux-gnu/libm-2.23.so
7ff91cb03000-7ff91cb04000 r--p 00107000 08:15 7082058                    /lib/x86_64-linux-gnu/libm-2.23.so
7ff91cb04000-7ff91cb05000 rw-p 00108000 08:15 7082058                    /lib/x86_64-linux-gnu/libm-2.23.so
7ff91cb05000-7ff91d7d2000 r-xp 00000000 08:15 12980620                   /usr/lib/jvm/java-8-oracle/jre/lib/amd64/server/libjvm.so
7ff91d7d2000-7ff91d9d1000 ---p 00ccd000 08:15 12980620                   /usr/lib/jvm/java-8-oracle/jre/lib/amd64/server/libjvm.so
7ff91d9d1000-7ff91daaa000 rw-p 00ccc000 08:15 12980620                   /usr/lib/jvm/java-8-oracle/jre/lib/amd64/server/libjvm.so
7ff91daaa000-7ff91daf5000 rw-p 00000000 00:00 0 
7ff91daf5000-7ff91dcb4000 r-xp 00000000 08:15 7082051                    /lib/x86_64-linux-gnu/libc-2.23.so
7ff91dcb4000-7ff91deb4000 ---p 001bf000 08:15 7082051                    /lib/x86_64-linux-gnu/libc-2.23.so
7ff91deb4000-7ff91deb8000 r--p 001bf000 08:15 7082051                    /lib/x86_64-linux-gnu/libc-2.23.so
7ff91deb8000-7ff91deba000 rw-p 001c3000 08:15 7082051                    /lib/x86_64-linux-gnu/libc-2.23.so
7ff91deba000-7ff91debe000 rw-p 00000000 00:00 0 
7ff91debe000-7ff91dec1000 r-xp 00000000 08:15 7082050                    /lib/x86_64-linux-gnu/libdl-2.23.so
7ff91dec1000-7ff91e0c0000 ---p 00003000 08:15 7082050                    /lib/x86_64-linux-gnu/libdl-2.23.so
7ff91e0c0000-7ff91e0c1000 r--p 00002000 08:15 7082050                    /lib/x86_64-linux-gnu/libdl-2.23.so
7ff91e0c1000-7ff91e0c2000 rw-p 00003000 08:15 7082050                    /lib/x86_64-linux-gnu/libdl-2.23.so
7ff91e0c2000-7ff91e0d7000 r-xp 00000000 08:15 12585246                   /usr/lib/jvm/java-8-oracle/lib/amd64/jli/libjli.so
7ff91e0d7000-7ff91e2d7000 ---p 00015000 08:15 12585246                   /usr/lib/jvm/java-8-oracle/lib/amd64/jli/libjli.so
7ff91e2d7000-7ff91e2d8000 rw-p 00015000 08:15 12585246                   /usr/lib/jvm/java-8-oracle/lib/amd64/jli/libjli.so
7ff91e2d8000-7ff91e2f0000 r-xp 00000000 08:15 7082059                    /lib/x86_64-linux-gnu/libpthread-2.23.so
7ff91e2f0000-7ff91e4ef000 ---p 00018000 08:15 7082059                    /lib/x86_64-linux-gnu/libpthread-2.23.so
7ff91e4ef000-7ff91e4f0000 r--p 00017000 08:15 7082059                    /lib/x86_64-linux-gnu/libpthread-2.23.so
7ff91e4f0000-7ff91e4f1000 rw-p 00018000 08:15 7082059                    /lib/x86_64-linux-gnu/libpthread-2.23.so
7ff91e4f1000-7ff91e4f5000 rw-p 00000000 00:00 0 
7ff91e4f5000-7ff91e51b000 r-xp 00000000 08:15 7082039                    /lib/x86_64-linux-gnu/ld-2.23.so
7ff91e51b000-7ff91e51c000 r--s 0001f000 08:15 13654762                   /home/nokorot/Workspace/Java/PS/PS 3.0.0/LWJGL3/lwjgl-nanovg-natives-linux.jar
7ff91e51c000-7ff91e51e000 r--s 00005000 08:15 13654746                   /home/nokorot/Workspace/Java/PS/PS 3.0.0/LWJGL3/lwjgl-lmdb.jar
7ff91e51e000-7ff91e5e9000 rw-p 00000000 00:00 0 
7ff91e5e9000-7ff91e5ec000 ---p 00000000 00:00 0 
7ff91e5ec000-7ff91e6ee000 rw-p 00000000 00:00 0 
7ff91e6ee000-7ff91e6ef000 r--s 0000d000 08:15 13654750                   /home/nokorot/Workspace/Java/PS/PS 3.0.0/LWJGL3/lwjgl-lmdb-natives-linux.jar
7ff91e6ef000-7ff91e6f1000 r--s 00007000 08:15 13654736                   /home/nokorot/Workspace/Java/PS/PS 3.0.0/LWJGL3/lwjgl-jemalloc.jar
7ff91e6f1000-7ff91e6f2000 r--s 00019000 08:15 13654734                   /home/nokorot/Workspace/Java/PS/PS 3.0.0/LWJGL3/lwjgl-jemalloc-natives-linux.jar
7ff91e6f2000-7ff91e6f3000 r--s 00005000 08:15 13654724                   /home/nokorot/Workspace/Java/PS/PS 3.0.0/LWJGL3/lwjgl-jawt.jar
7ff91e6f3000-7ff91e6f5000 r--s 00066000 08:15 13654732                   /home/nokorot/Workspace/Java/PS/PS 3.0.0/LWJGL3/lwjgl-jawt-javadoc.jar
7ff91e6f5000-7ff91e6f8000 r--s 00015000 08:15 13654722                   /home/nokorot/Workspace/Java/PS/PS 3.0.0/LWJGL3/lwjgl-glfw.jar
7ff91e6f8000-7ff91e6f9000 r--s 0000e000 08:15 13654716                   /home/nokorot/Workspace/Java/PS/PS 3.0.0/LWJGL3/lwjgl-glfw-natives-linux.jar
7ff91e6f9000-7ff91e6fd000 r--s 0001b000 08:15 13654708                   /home/nokorot/Workspace/Java/PS/PS 3.0.0/LWJGL3/lwjgl-egl.jar
7ff91e6fd000-7ff91e701000 r--s 0001e000 08:15 13654712                   /home/nokorot/Workspace/Java/PS/PS 3.0.0/LWJGL3/lwjgl-egl-sources.jar
7ff91e701000-7ff91e704000 r--s 0001f000 08:15 13654702                   /home/nokorot/Workspace/Java/PS/PS 3.0.0/LWJGL3/lwjgl-bgfx.jar
7ff91e704000-7ff91e705000 r--s 00042000 08:15 13654704                   /home/nokorot/Workspace/Java/PS/PS 3.0.0/LWJGL3/lwjgl-bgfx-natives-linux.jar
7ff91e705000-7ff91e709000 r--s 0002a000 08:15 13654692                   /home/nokorot/Workspace/Java/PS/PS 3.0.0/LWJGL3/lwjgl-assimp.jar
7ff91e709000-7ff91e70a000 r--s 002ae000 08:15 13654740                   /home/nokorot/Workspace/Java/PS/PS 3.0.0/LWJGL3/lwjgl-assimp-natives-linux.jar
7ff91e70a000-7ff91e70e000 r--s 0003d000 08:15 13654827                   /home/nokorot/Workspace/Java/PS/PS 3.0.0/LWJGL3/lwjgl.jar
7ff91e70e000-7ff91e716000 rw-s 00000000 08:15 1325745                    /tmp/hsperfdata_nokorot/8920
7ff91e716000-7ff91e717000 rw-p 00000000 00:00 0 
7ff91e717000-7ff91e718000 r--p 00000000 00:00 0 
7ff91e718000-7ff91e71a000 rw-p 00000000 00:00 0 
7ff91e71a000-7ff91e71b000 r--p 00025000 08:15 7082039                    /lib/x86_64-linux-gnu/ld-2.23.so
7ff91e71b000-7ff91e71c000 rw-p 00026000 08:15 7082039                    /lib/x86_64-linux-gnu/ld-2.23.so
7ff91e71c000-7ff91e71d000 rw-p 00000000 00:00 0 
7ffcfacdd000-7ffcfacff000 rw-p 00000000 00:00 0                          [stack]
7ffcfadd2000-7ffcfadd4000 r--p 00000000 00:00 0                          [vvar]
7ffcfadd4000-7ffcfadd6000 r-xp 00000000 00:00 0                          [vdso]
ffffffffff600000-ffffffffff601000 r-xp 00000000 00:00 0                  [vsyscall]

VM Arguments:
jvm_args: -Djava.library.path=/home/noko/workspace/Java/Test/Test/LWJGL3 -Dfile.encoding=UTF-8 
java_command: engineTest.Main
java_class_path (initial): /home/nokorot/Workspace/Java/PS/PS 3.0.0/bin:/home/nokorot/Workspace/Java/PS/PS 3.0.0/LWJGL3/lwjgl.jar:/home/nokorot/Workspace/Java/PS/PS 3.0.0/LWJGL3/lwjgl-assimp-natives-linux.jar:/home/nokorot/Workspace/Java/PS/PS 3.0.0/LWJGL3/lwjgl-assimp.jar:/home/nokorot/Workspace/Java/PS/PS 3.0.0/LWJGL3/lwjgl-bgfx-natives-linux.jar:/home/nokorot/Workspace/Java/PS/PS 3.0.0/LWJGL3/lwjgl-bgfx.jar:/home/nokorot/Workspace/Java/PS/PS 3.0.0/LWJGL3/lwjgl-egl-sources.jar:/home/nokorot/Workspace/Java/PS/PS 3.0.0/LWJGL3/lwjgl-egl.jar:/home/nokorot/Workspace/Java/PS/PS 3.0.0/LWJGL3/lwjgl-glfw-natives-linux.jar:/home/nokorot/Workspace/Java/PS/PS 3.0.0/LWJGL3/lwjgl-glfw.jar:/home/nokorot/Workspace/Java/PS/PS 3.0.0/LWJGL3/lwjgl-jawt-javadoc.jar:/home/nokorot/Workspace/Java/PS/PS 3.0.0/LWJGL3/lwjgl-jawt.jar:/home/nokorot/Workspace/Java/PS/PS 3.0.0/LWJGL3/lwjgl-jemalloc-natives-linux.jar:/home/nokorot/Workspace/Java/PS/PS 3.0.0/LWJGL3/lwjgl-jemalloc.jar:/home/nokorot/Workspace/Java/PS/PS 3.0.0/LWJGL3/lwjgl-lmdb-natives-linux.jar:/home/nokorot/Workspace/Java/PS/PS 3.0.0/LWJGL3/lwjgl-lmdb.jar:/home/nokorot/Workspace/Java/PS/PS 3.0.0/LWJGL3/lwjgl-nanovg-natives-linux.jar:/home/nokorot/Workspace/Java/PS/PS 3.0.0/LWJGL3/lwjgl-nanovg.jar:/home/nokorot/Workspace/Java/PS/PS 3.0.0/LWJGL3/lwjgl-natives-linux.jar:/home/nokorot/Workspace/Java/PS/PS 3.0.0/LWJGL3/lwjgl-nfd-natives-linux.jar:/home/nokorot/Workspace/Java/PS/PS 3.0.0/LWJGL3/lwjgl-nfd.jar:/home/nokorot/Workspace/Java/PS/PS 3.0.0/LWJGL3/lwjgl-nuklear-natives-linux.jar:/home/nokorot/Workspace/Java/PS/PS 3.0.0/LWJGL3/lwjgl-nuklear.jar:/home/nokorot/Workspace/Java/PS/PS 3.0.0/LWJGL3/lwjgl-openal-natives-linux.jar:/home/nokorot/Workspace/Java/PS/PS 3.0.0/LWJGL3/lwjgl-openal.jar:/home/nokorot/Workspace/Java/PS/PS 3.0.0/LWJGL3/lwjgl-opencl.jar:/home/nokorot/Workspace/Java/PS/PS 3.0.0/LWJGL3/lwjgl-opengl-natives-linux.jar:/home/nokorot/Workspace/Java/PS/PS 3.0.0/LWJGL3/lwjgl-opengl.jar:/home/nokorot/Workspace/Java/PS/PS 3.
Launcher Type: SUN_STANDARD

Environment Variables:
JAVA_HOME=/usr/lib/jvm/java-8-oracle
PATH=/home/nokorot/.cabal/bin:/opt/cabal/1.22/bin:/opt/ghc/7.10.3/bin:/home/nokorot/.bin:/home/nokorot/bin:/home/nokorot/.local/bin:/usr/local/sbin:/usr/local/bin:/usr/sbin:/usr/bin:/sbin:/bin:/usr/games:/usr/local/games:/snap/bin:/usr/lib/jvm/java-8-oracle/bin:/usr/lib/jvm/java-8-oracle/db/bin:/usr/lib/jvm/java-8-oracle/jre/bin
USERNAME=nokorot
SHELL=/bin/bash
DISPLAY=:1

Signal Handlers:
SIGSEGV: [libjvm.so+0xac64b0], sa_mask[0]=11111111011111111101111111111110, sa_flags=SA_RESTART|SA_SIGINFO
SIGBUS: [libjvm.so+0xac64b0], sa_mask[0]=11111111011111111101111111111110, sa_flags=SA_RESTART|SA_SIGINFO
SIGFPE: [libjvm.so+0x91f950], sa_mask[0]=11111111011111111101111111111110, sa_flags=SA_RESTART|SA_SIGINFO
SIGPIPE: [libjvm.so+0x91f950], sa_mask[0]=11111111011111111101111111111110, sa_flags=SA_RESTART|SA_SIGINFO
SIGXFSZ: [libjvm.so+0x91f950], sa_mask[0]=11111111011111111101111111111110, sa_flags=SA_RESTART|SA_SIGINFO
SIGILL: [libjvm.so+0x91f950], sa_mask[0]=11111111011111111101111111111110, sa_flags=SA_RESTART|SA_SIGINFO
SIGUSR1: SIG_DFL, sa_mask[0]=00000000000000000000000000000000, sa_flags=none
SIGUSR2: [libjvm.so+0x920f80], sa_mask[0]=00100000000000000000000000000000, sa_flags=SA_RESTART|SA_SIGINFO
SIGHUP: [libjvm.so+0x922380], sa_mask[0]=11111111011111111101111111111110, sa_flags=SA_RESTART|SA_SIGINFO
SIGINT: [libjvm.so+0x922380], sa_mask[0]=11111111011111111101111111111110, sa_flags=SA_RESTART|SA_SIGINFO
SIGTERM: [libjvm.so+0x922380], sa_mask[0]=11111111011111111101111111111110, sa_flags=SA_RESTART|SA_SIGINFO
SIGQUIT: [libjvm.so+0x922380], sa_mask[0]=11111111011111111101111111111110, sa_flags=SA_RESTART|SA_SIGINFO


---------------  S Y S T E M  ---------------

OS:DISTRIB_ID=Ubuntu
DISTRIB_RELEASE=16.04
DISTRIB_CODENAME=xenial
DISTRIB_DESCRIPTION="Ubuntu 16.04.1 LTS"

uname:Linux 4.4.0-59-generic #80-Ubuntu SMP Fri Jan 6 17:47:47 UTC 2017 x86_64
libc:glibc 2.23 NPTL 2.23 
rlimit: STACK 8192k, CORE 0k, NPROC 31349, NOFILE 65536, AS infinity
load average:0,87 0,80 0,73

/proc/meminfo:
MemTotal:        8065832 kB
MemFree:          879836 kB
MemAvailable:    2097552 kB
Buffers:           99796 kB
Cached:          2051640 kB
SwapCached:         5056 kB
Active:          5111252 kB
Inactive:        1728660 kB
Active(anon):    4382164 kB
Inactive(anon):  1087288 kB
Active(file):     729088 kB
Inactive(file):   641372 kB
Unevictable:         496 kB
Mlocked:             496 kB
SwapTotal:       1951740 kB
SwapFree:        1844020 kB
Dirty:               972 kB
Writeback:             0 kB
AnonPages:       4683980 kB
Mapped:           753416 kB
Shmem:            780976 kB
Slab:             185796 kB
SReclaimable:     135364 kB
SUnreclaim:        50432 kB
KernelStack:       14192 kB
PageTables:        67792 kB
NFS_Unstable:          0 kB
Bounce:                0 kB
WritebackTmp:          0 kB
CommitLimit:     5984656 kB
Committed_AS:   11424676 kB
VmallocTotal:   34359738367 kB
VmallocUsed:           0 kB
VmallocChunk:          0 kB
HardwareCorrupted:     0 kB
AnonHugePages:   2689024 kB
CmaTotal:              0 kB
CmaFree:               0 kB
HugePages_Total:       0
HugePages_Free:        0
HugePages_Rsvd:        0
HugePages_Surp:        0
Hugepagesize:       2048 kB
DirectMap4k:      255272 kB
DirectMap2M:     8024064 kB


CPU:total 4 (2 cores per cpu, 2 threads per core) family 6 model 58 stepping 9, cmov, cx8, fxsr, mmx, sse, sse2, sse3, ssse3, sse4.1, sse4.2, popcnt, avx, aes, clmul, erms, ht, tsc, tscinvbit, tscinv

/proc/cpuinfo:
processor	: 0
vendor_id	: GenuineIntel
cpu family	: 6
model		: 58
model name	: Intel(R) Core(TM) i5-3210M CPU @ 2.50GHz
stepping	: 9
microcode	: 0x15
cpu MHz		: 2899.902
cache size	: 3072 KB
physical id	: 0
siblings	: 4
core id		: 0
cpu cores	: 2
apicid		: 0
initial apicid	: 0
fpu		: yes
fpu_exception	: yes
cpuid level	: 13
wp		: yes
flags		: fpu vme de pse tsc msr pae mce cx8 apic sep mtrr pge mca cmov pat pse36 clflush dts acpi mmx fxsr sse sse2 ss ht tm pbe syscall nx rdtscp lm constant_tsc arch_perfmon pebs bts rep_good nopl xtopology nonstop_tsc aperfmperf eagerfpu pni pclmulqdq dtes64 monitor ds_cpl vmx est tm2 ssse3 cx16 xtpr pdcm pcid sse4_1 sse4_2 x2apic popcnt tsc_deadline_timer aes xsave avx f16c rdrand lahf_lm epb tpr_shadow vnmi flexpriority ept vpid fsgsbase smep erms xsaveopt dtherm ida arat pln pts
bugs		:
bogomips	: 4989.04
clflush size	: 64
cache_alignment	: 64
address sizes	: 36 bits physical, 48 bits virtual
power management:

processor	: 1
vendor_id	: GenuineIntel
cpu family	: 6
model		: 58
model name	: Intel(R) Core(TM) i5-3210M CPU @ 2.50GHz
stepping	: 9
microcode	: 0x15
cpu MHz		: 2900.000
cache size	: 3072 KB
physical id	: 0
siblings	: 4
core id		: 1
cpu cores	: 2
apicid		: 2
initial apicid	: 2
fpu		: yes
fpu_exception	: yes
cpuid level	: 13
wp		: yes
flags		: fpu vme de pse tsc msr pae mce cx8 apic sep mtrr pge mca cmov pat pse36 clflush dts acpi mmx fxsr sse sse2 ss ht tm pbe syscall nx rdtscp lm constant_tsc arch_perfmon pebs bts rep_good nopl xtopology nonstop_tsc aperfmperf eagerfpu pni pclmulqdq dtes64 monitor ds_cpl vmx est tm2 ssse3 cx16 xtpr pdcm pcid sse4_1 sse4_2 x2apic popcnt tsc_deadline_timer aes xsave avx f16c rdrand lahf_lm epb tpr_shadow vnmi flexpriority ept vpid fsgsbase smep erms xsaveopt dtherm ida arat pln pts
bugs		:
bogomips	: 4989.04
clflush size	: 64
cache_alignment	: 64
address sizes	: 36 bits physical, 48 bits virtual
power management:

processor	: 2
vendor_id	: GenuineIntel
cpu family	: 6
model		: 58
model name	: Intel(R) Core(TM) i5-3210M CPU @ 2.50GHz
stepping	: 9
microcode	: 0x15
cpu MHz		: 2899.902
cache size	: 3072 KB
physical id	: 0
siblings	: 4
core id		: 0
cpu cores	: 2
apicid		: 1
initial apicid	: 1
fpu		: yes
fpu_exception	: yes
cpuid level	: 13
wp		: yes
flags		: fpu vme de pse tsc msr pae mce cx8 apic sep mtrr pge mca cmov pat pse36 clflush dts acpi mmx fxsr sse sse2 ss ht tm pbe syscall nx rdtscp lm constant_tsc arch_perfmon pebs bts rep_good nopl xtopology nonstop_tsc aperfmperf eagerfpu pni pclmulqdq dtes64 monitor ds_cpl vmx est tm2 ssse3 cx16 xtpr pdcm pcid sse4_1 sse4_2 x2apic popcnt tsc_deadline_timer aes xsave avx f16c rdrand lahf_lm epb tpr_shadow vnmi flexpriority ept vpid fsgsbase smep erms xsaveopt dtherm ida arat pln pts
bugs		:
bogomips	: 4989.04
clflush size	: 64
cache_alignment	: 64
address sizes	: 36 bits physical, 48 bits virtual
power management:

processor	: 3
vendor_id	: GenuineIntel
cpu family	: 6
model		: 58
model name	: Intel(R) Core(TM) i5-3210M CPU @ 2.50GHz
stepping	: 9
microcode	: 0x15
cpu MHz		: 2899.902
cache size	: 3072 KB
physical id	: 0
siblings	: 4
core id		: 1
cpu cores	: 2
apicid		: 3
initial apicid	: 3
fpu		: yes
fpu_exception	: yes
cpuid level	: 13
wp		: yes
flags		: fpu vme de pse tsc msr pae mce cx8 apic sep mtrr pge mca cmov pat pse36 clflush dts acpi mmx fxsr sse sse2 ss ht tm pbe syscall nx rdtscp lm constant_tsc arch_perfmon pebs bts rep_good nopl xtopology nonstop_tsc aperfmperf eagerfpu pni pclmulqdq dtes64 monitor ds_cpl vmx est tm2 ssse3 cx16 xtpr pdcm pcid sse4_1 sse4_2 x2apic popcnt tsc_deadline_timer aes xsave avx f16c rdrand lahf_lm epb tpr_shadow vnmi flexpriority ept vpid fsgsbase smep erms xsaveopt dtherm ida arat pln pts
bugs		:
bogomips	: 4989.04
clflush size	: 64
cache_alignment	: 64
address sizes	: 36 bits physical, 48 bits virtual
power management:



Memory: 4k page, physical 8065832k(879836k free), swap 1951740k(1844020k free)

vm_info: Java HotSpot(TM) 64-Bit Server VM (25.111-b14) for linux-amd64 JRE (1.8.0_111-b14), built on Sep 22 2016 16:14:03 by "java_re" with gcc 4.3.0 20080428 (Red Hat 4.3.0-8)

time: Sun Feb  5 03:04:51 2017
elapsed time: 0 seconds (0d 0h 0m 0s)

