#
# A fatal error has been detected by the Java Runtime Environment:
#
#  SIGSEGV (0xb) at pc=0x00007f0e9a9f9d44, pid=2647, tid=0x00007f0e9ae01700
#
# JRE version: Java(TM) SE Runtime Environment (8.0_111-b14) (build 1.8.0_111-b14)
# Java VM: Java HotSpot(TM) 64-Bit Server VM (25.111-b14 mixed mode linux-amd64 compressed oops)
# Problematic frame:
# C  [libpthread.so.0+0x9d44]  pthread_mutex_lock+0x4
#
# Failed to write core dump. Core dumps have been disabled. To enable core dumping, try "ulimit -c unlimited" before starting Java again
#
# If you would like to submit a bug report, please visit:
#   http://bugreport.java.com/bugreport/crash.jsp
# The crash happened outside the Java Virtual Machine in native code.
# See problematic frame for where to report the bug.
#

---------------  T H R E A D  ---------------

Current thread (0x00007f0e9400b000):  JavaThread "main" [_thread_in_native, id=2652, stack(0x00007f0e9ad01000,0x00007f0e9ae02000)]

siginfo: si_signo: 11 (SIGSEGV), si_code: 1 (SEGV_MAPERR), si_addr: 0x0000000000000010

Registers:
RAX=0x00007f0e70cb1370, RBX=0x00007f0e9430a200, RCX=0x0000000000000192, RDX=0x00007f0e9adffca0
RSP=0x00007f0e9adffc10, RBP=0x00007f0e9adffc80, RSI=0x00007f0e9adffc90, RDI=0x0000000000000000
R8 =0x00007f0e9adffc80, R9 =0x00007f0e94305f62, R10=0x00007f0e70d36447, R11=0x0000000000000065
R12=0x00007f0e9adffc7c, R13=0x00007f0e9adffdb8, R14=0x00007f0e9adffdb0, R15=0x00007f0e9400b1f8
RIP=0x00007f0e9a9f9d44, EFLAGS=0x0000000000010202, CSGSFS=0x0000000000000033, ERR=0x0000000000000004
  TRAPNO=0x000000000000000e

Top of Stack: (sp=0x00007f0e9adffc10)
0x00007f0e9adffc10:   0000000000000193 00007f0e70ccbbfa
0x00007f0e9adffc20:   00007f0e9adffc90 00007f0e9adffca0
0x00007f0e9adffc30:   0000000000000000 00007f0e942b2ad0
0x00007f0e9adffc40:   00007f0e9431d110 b7e3c49b7bc99100
0x00007f0e9adffc50:   00007f0e942b2ad0 00007f0e9431d110
0x00007f0e9adffc60:   00007f0e942f17b0 00007f0e70ca7f86
0x00007f0e9adffc70:   00007f0e9400b1f8 00007f0e9407a708
0x00007f0e9adffc80:   00007f0e942f17b0 696c4369746c756d
0x00007f0e9adffc90:   0000019300000192 00007f0e00000000
0x00007f0e9adffca0:   0000015500000154 00007f0e00000000
0x00007f0e9adffcb0:   0000000000000004 b7e3c49b7bc99100
0x00007f0e9adffcc0:   00007f0e942f17b0 00007f0e9adffd20
0x00007f0e9adffcd0:   00007f0e9431d110 00007f0e7122b981
0x00007f0e9adffce0:   00007f0e9400b000 00007f0e942b2ad0
0x00007f0e9adffcf0:   00007f0e9adffd30 00007f0e73876d80
0x00007f0e9adffd00:   0000000000000000 00007f0e73876d80
0x00007f0e9adffd10:   00007f0e9adffdc8 00007f0e9400b000
0x00007f0e9adffd20:   00007f0e9adffd90 00007f0e84dfca34
0x00007f0e9adffd30:   00007f0e9adffd90 00007f0e84dfc7b9
0x00007f0e9adffd40:   00007f0e9400b000 00007f0e84dfc782
0x00007f0e9adffd50:   00007f0e9adffd50 00007f0e73876d80
0x00007f0e9adffd60:   00007f0e9adffdc8 00007f0e7387a318
0x00007f0e9adffd70:   0000000000000000 00007f0e73876d80
0x00007f0e9adffd80:   0000000000000000 00007f0e9adffdb0
0x00007f0e9adffd90:   00007f0e9adffe10 00007f0e84ded040
0x00007f0e9adffda0:   00000000d7327d60 00007f0e84df653b
0x00007f0e9adffdb0:   00000000d74f57f0 00000000d6ff7e80
0x00007f0e9adffdc0:   00007f0e942b2ad0 00007f0e84decdd0
0x00007f0e9adffdd0:   00007f0e9adffdd0 00007f0e739fcab4
0x00007f0e9adffde0:   00007f0e9adffe28 00007f0e73a0cbd0
0x00007f0e9adffdf0:   0000000000000000 00007f0e739fcb58
0x00007f0e9adffe00:   00007f0e9adffdb0 00007f0e9adffe30 

Instructions: (pc=0x00007f0e9a9f9d44)
0x00007f0e9a9f9d24:   f0 02 00 00 00 00 00 00 b8 82 00 00 00 e9 d8 f9
0x00007f0e9a9f9d34:   ff ff 66 2e 0f 1f 84 00 00 00 00 00 48 83 ec 08
0x00007f0e9a9f9d44:   8b 57 10 89 d1 81 e1 7f 01 00 00 90 89 d0 83 e0
0x00007f0e9a9f9d54:   7c 0f 85 95 00 00 00 85 c9 49 89 f8 0f 85 9a 00 

Register to memory mapping:

RAX=0x00007f0e70cb1370: <offset 0x2b370> in /usr/lib/x86_64-linux-gnu/libX11.so.6 at 0x00007f0e70c86000
RBX=0x00007f0e9430a200 is an unknown value
RCX=0x0000000000000192 is an unknown value
RDX=0x00007f0e9adffca0 is pointing into the stack for thread: 0x00007f0e9400b000
RSP=0x00007f0e9adffc10 is pointing into the stack for thread: 0x00007f0e9400b000
RBP=0x00007f0e9adffc80 is pointing into the stack for thread: 0x00007f0e9400b000
RSI=0x00007f0e9adffc90 is pointing into the stack for thread: 0x00007f0e9400b000
RDI=0x0000000000000000 is an unknown value
R8 =0x00007f0e9adffc80 is pointing into the stack for thread: 0x00007f0e9400b000
R9 =0x00007f0e94305f62 is an unknown value
R10=0x00007f0e70d36447: <offset 0xb0447> in /usr/lib/x86_64-linux-gnu/libX11.so.6 at 0x00007f0e70c86000
R11=0x0000000000000065 is an unknown value
R12=0x00007f0e9adffc7c is pointing into the stack for thread: 0x00007f0e9400b000
R13=0x00007f0e9adffdb8 is pointing into the stack for thread: 0x00007f0e9400b000
R14=0x00007f0e9adffdb0 is pointing into the stack for thread: 0x00007f0e9400b000
R15=0x00007f0e9400b1f8 is an unknown value


Stack: [0x00007f0e9ad01000,0x00007f0e9ae02000],  sp=0x00007f0e9adffc10,  free space=1019k
Native frames: (J=compiled Java code, j=interpreted, Vv=VM code, C=native code)
C  [libpthread.so.0+0x9d44]  pthread_mutex_lock+0x4
C  0x696c4369746c756d

Java frames: (J=compiled Java code, j=interpreted, Vv=VM code)
j  sun.awt.X11.XlibWrapper.XGetDefault(JLjava/lang/String;Ljava/lang/String;)Ljava/lang/String;+0
j  sun.awt.X11.XToolkit.initializeMultiClickTime()V+12
j  sun.awt.X11.XToolkit.getMultiClickTime()I+6
j  sun.awt.X11.XToolkit.initializeDesktopProperties()V+82
j  java.awt.Toolkit.getDesktopProperty(Ljava/lang/String;)Ljava/lang/Object;+32
j  sun.swing.SwingUtilities2$AATextInfo.getAATextInfo(Z)Lsun/swing/SwingUtilities2$AATextInfo;+11
j  javax.swing.plaf.metal.MetalLookAndFeel.initComponentDefaults(Ljavax/swing/UIDefaults;)V+12062
j  javax.swing.plaf.basic.BasicLookAndFeel.getDefaults()Ljavax/swing/UIDefaults;+25
j  javax.swing.plaf.metal.MetalLookAndFeel.getDefaults()Ljavax/swing/UIDefaults;+9
j  javax.swing.UIManager.setLookAndFeel(Ljavax/swing/LookAndFeel;)V+79
j  javax.swing.UIManager.setLookAndFeel(Ljava/lang/String;)V+16
j  javax.swing.UIManager.initializeDefaultLAF(Ljava/util/Properties;)V+55
j  javax.swing.UIManager.initialize()V+9
j  javax.swing.UIManager.maybeInitialize()V+22
j  javax.swing.UIManager.getUI(Ljavax/swing/JComponent;)Ljavax/swing/plaf/ComponentUI;+0
j  javax.swing.JPanel.updateUI()V+2
j  javax.swing.JPanel.<init>(Ljava/awt/LayoutManager;Z)V+24
j  javax.swing.JPanel.<init>(Z)V+9
j  javax.swing.JPanel.<init>()V+2
j  javax.swing.JRootPane.createGlassPane()Ljava/awt/Component;+4
j  javax.swing.JRootPane.<init>()V+11
j  javax.swing.JFrame.createRootPane()Ljavax/swing/JRootPane;+4
j  javax.swing.JFrame.frameInit()V+16
j  javax.swing.JFrame.<init>(Ljava/lang/String;)V+21
j  engineTest.Main.<init>()V+3
j  engineTest.Main.main([Ljava/lang/String;)V+20
v  ~StubRoutines::call_stub

---------------  P R O C E S S  ---------------

Java Threads: ( => current thread )
  0x00007f0e94314000 JavaThread "AWT-XAWT" daemon [_thread_in_native, id=2669, stack(0x00007f0e46d35000,0x00007f0e46e36000)]
  0x00007f0e942ec000 JavaThread "Java2D Disposer" daemon [_thread_blocked, id=2668, stack(0x00007f0e47246000,0x00007f0e47347000)]
  0x00007f0e942a9800 JavaThread "Thread-0" [_thread_in_native, id=2667, stack(0x00007f0e47eff000,0x00007f0e48000000)]
  0x00007f0e940c2800 JavaThread "Service Thread" daemon [_thread_blocked, id=2665, stack(0x00007f0e71828000,0x00007f0e71929000)]
  0x00007f0e940bf800 JavaThread "C1 CompilerThread2" daemon [_thread_blocked, id=2664, stack(0x00007f0e71929000,0x00007f0e71a2a000)]
  0x00007f0e940bd800 JavaThread "C2 CompilerThread1" daemon [_thread_blocked, id=2663, stack(0x00007f0e71a2a000,0x00007f0e71b2b000)]
  0x00007f0e940bb000 JavaThread "C2 CompilerThread0" daemon [_thread_blocked, id=2662, stack(0x00007f0e71b2b000,0x00007f0e71c2c000)]
  0x00007f0e940b9800 JavaThread "Signal Dispatcher" daemon [_thread_blocked, id=2661, stack(0x00007f0e71c2c000,0x00007f0e71d2d000)]
  0x00007f0e94085000 JavaThread "Finalizer" daemon [_thread_blocked, id=2659, stack(0x00007f0e72184000,0x00007f0e72285000)]
  0x00007f0e94080800 JavaThread "Reference Handler" daemon [_thread_blocked, id=2658, stack(0x00007f0e72285000,0x00007f0e72386000)]
=>0x00007f0e9400b000 JavaThread "main" [_thread_in_native, id=2652, stack(0x00007f0e9ad01000,0x00007f0e9ae02000)]

Other Threads:
  0x00007f0e94079000 VMThread [stack: 0x00007f0e72386000,0x00007f0e72487000] [id=2657]
  0x00007f0e940c5000 WatcherThread [stack: 0x00007f0e71727000,0x00007f0e71828000] [id=2666]

VM state:not at safepoint (normal execution)

VM Mutex/Monitor currently owned by a thread: None

Heap:
 PSYoungGen      total 36864K, used 7619K [0x00000000d6f80000, 0x00000000d9880000, 0x0000000100000000)
  eden space 31744K, 24% used [0x00000000d6f80000,0x00000000d76f0ca0,0x00000000d8e80000)
  from space 5120K, 0% used [0x00000000d9380000,0x00000000d9380000,0x00000000d9880000)
  to   space 5120K, 0% used [0x00000000d8e80000,0x00000000d8e80000,0x00000000d9380000)
 ParOldGen       total 84992K, used 0K [0x0000000084e00000, 0x000000008a100000, 0x00000000d6f80000)
  object space 84992K, 0% used [0x0000000084e00000,0x0000000084e00000,0x000000008a100000)
 Metaspace       used 8388K, capacity 8554K, committed 8704K, reserved 1056768K
  class space    used 908K, capacity 1000K, committed 1024K, reserved 1048576K

Card table byte_map: [0x00007f0e8464b000,0x00007f0e84a25000] byte_map_base: 0x00007f0e84224000

Marking Bits: (ParMarkBitMap*) 0x00007f0e9a1e0220
 Begin Bits: [0x00007f0e80226000, 0x00007f0e820ee000)
 End Bits:   [0x00007f0e820ee000, 0x00007f0e83fb6000)

Polling page: 0x00007f0e9ae2f000

CodeCache: size=245760Kb used=2182Kb max_used=2182Kb free=243577Kb
 bounds [0x00007f0e84de5000, 0x00007f0e85055000, 0x00007f0e93de5000]
 total_blobs=1223 nmethods=437 adapters=700
 compilation: enabled

Compilation events (10 events):
Event: 0,375 Thread 0x00007f0e940bf800  433       3       java.lang.invoke.MethodType::equals (29 bytes)
Event: 0,376 Thread 0x00007f0e940bf800 nmethod 433 0x00007f0e85004050 code [0x00007f0e850041e0, 0x00007f0e85004708]
Event: 0,376 Thread 0x00007f0e940bf800  434       3       java.lang.invoke.MethodType::toMethodDescriptorString (21 bytes)
Event: 0,377 Thread 0x00007f0e940bf800 nmethod 434 0x00007f0e85004810 code [0x00007f0e85004a20, 0x00007f0e85005518]
Event: 0,377 Thread 0x00007f0e940bf800  435       3       java.lang.invoke.MethodType$ConcurrentWeakInternSet$WeakEntry::equals (49 bytes)
Event: 0,378 Thread 0x00007f0e940bf800 nmethod 435 0x00007f0e85005c50 code [0x00007f0e85005de0, 0x00007f0e85006448]
Event: 0,378 Thread 0x00007f0e940bf800  436       3       jdk.internal.org.objectweb.asm.Item::<init> (5 bytes)
Event: 0,378 Thread 0x00007f0e940bf800 nmethod 436 0x00007f0e85006550 code [0x00007f0e850066c0, 0x00007f0e85006870]
Event: 0,378 Thread 0x00007f0e940bf800  437       3       jdk.internal.org.objectweb.asm.Label::<init> (5 bytes)
Event: 0,378 Thread 0x00007f0e940bf800 nmethod 437 0x00007f0e85006910 code [0x00007f0e85006a80, 0x00007f0e85006c30]

GC Heap History (0 events):
No events

Deoptimization events (1 events):
Event: 0,201 Thread 0x00007f0e9400b000 Uncommon trap: reason=null_check action=make_not_entrant pc=0x00007f0e84f4bbc4 method=java.lang.String.equals(Ljava/lang/Object;)Z @ 8

Internal exceptions (10 events):
Event: 0,032 Thread 0x00007f0e9400b000 Exception <a 'java/lang/NoSuchMethodError': Method sun.misc.Unsafe.prefetchRead(Ljava/lang/Object;J)V name or signature does not match> (0x00000000d6f87f60) thrown at [/HUDSON3/workspace/8-2-build-linux-amd64/jdk8u111/7883/hotspot/src/share/vm/prims/jni.c
Event: 0,116 Thread 0x00007f0e9400b000 Exception <a 'java/security/PrivilegedActionException'> (0x00000000d7012588) thrown at [/HUDSON3/workspace/8-2-build-linux-amd64/jdk8u111/7883/hotspot/src/share/vm/prims/jvm.cpp, line 1386]
Event: 0,116 Thread 0x00007f0e9400b000 Exception <a 'java/security/PrivilegedActionException'> (0x00000000d7012798) thrown at [/HUDSON3/workspace/8-2-build-linux-amd64/jdk8u111/7883/hotspot/src/share/vm/prims/jvm.cpp, line 1386]
Event: 0,116 Thread 0x00007f0e9400b000 Exception <a 'java/security/PrivilegedActionException'> (0x00000000d7014bd8) thrown at [/HUDSON3/workspace/8-2-build-linux-amd64/jdk8u111/7883/hotspot/src/share/vm/prims/jvm.cpp, line 1386]
Event: 0,116 Thread 0x00007f0e9400b000 Exception <a 'java/security/PrivilegedActionException'> (0x00000000d7014de8) thrown at [/HUDSON3/workspace/8-2-build-linux-amd64/jdk8u111/7883/hotspot/src/share/vm/prims/jvm.cpp, line 1386]
Event: 0,164 Thread 0x00007f0e9400b000 Exception <a 'java/lang/NoSuchFieldError': method resolution failed> (0x00000000d7180298) thrown at [/HUDSON3/workspace/8-2-build-linux-amd64/jdk8u111/7883/hotspot/src/share/vm/prims/methodHandles.cpp, line 1146]
Event: 0,167 Thread 0x00007f0e9400b000 Exception <a 'java/lang/NoSuchFieldError': method resolution failed> (0x00000000d718da68) thrown at [/HUDSON3/workspace/8-2-build-linux-amd64/jdk8u111/7883/hotspot/src/share/vm/prims/methodHandles.cpp, line 1146]
Event: 0,196 Thread 0x00007f0e9400b000 Exception <a 'java/io/FileNotFoundException'> (0x00000000d720dce0) thrown at [/HUDSON3/workspace/8-2-build-linux-amd64/jdk8u111/7883/hotspot/src/share/vm/prims/jni.cpp, line 709]
Event: 0,196 Thread 0x00007f0e9400b000 Exception <a 'java/io/FileNotFoundException'> (0x00000000d720e698) thrown at [/HUDSON3/workspace/8-2-build-linux-amd64/jdk8u111/7883/hotspot/src/share/vm/prims/jni.cpp, line 709]
Event: 0,201 Thread 0x00007f0e9400b000 Implicit null exception at 0x00007f0e84f4b9e2 to 0x00007f0e84f4bbb5

Events (10 events):
Event: 0,373 loading class javax/swing/plaf/DimensionUIResource
Event: 0,373 loading class javax/swing/plaf/DimensionUIResource done
Event: 0,374 loading class javax/swing/UIDefaults$LazyInputMap
Event: 0,374 loading class javax/swing/UIDefaults$LazyInputMap done
Event: 0,376 loading class javax/swing/plaf/metal/MetalLookAndFeel$FontActiveValue
Event: 0,376 loading class javax/swing/plaf/metal/MetalLookAndFeel$FontActiveValue done
Event: 0,378 loading class sun/swing/SwingUtilities2$AATextInfo
Event: 0,378 loading class sun/swing/SwingUtilities2$AATextInfo done
Event: 0,378 loading class sun/awt/HeadlessToolkit
Event: 0,378 loading class sun/awt/HeadlessToolkit done


Dynamic libraries:
00400000-00401000 r-xp 00000000 08:15 12855452                           /usr/lib/jvm/java-8-oracle/bin/java
00600000-00601000 rw-p 00000000 08:15 12855452                           /usr/lib/jvm/java-8-oracle/bin/java
016b9000-016da000 rw-p 00000000 00:00 0                                  [heap]
84e00000-8a100000 rw-p 00000000 00:00 0 
8a100000-d6f80000 ---p 00000000 00:00 0 
d6f80000-d9880000 rw-p 00000000 00:00 0 
d9880000-100000000 ---p 00000000 00:00 0 
100000000-100100000 rw-p 00000000 00:00 0 
100100000-140000000 ---p 00000000 00:00 0 
7f0e38000000-7f0e38021000 rw-p 00000000 00:00 0 
7f0e38021000-7f0e3c000000 ---p 00000000 00:00 0 
7f0e3c000000-7f0e3c021000 rw-p 00000000 00:00 0 
7f0e3c021000-7f0e40000000 ---p 00000000 00:00 0 
7f0e40000000-7f0e401c0000 rw-p 00000000 00:00 0 
7f0e401c0000-7f0e44000000 ---p 00000000 00:00 0 
7f0e45bca000-7f0e45bcb000 r-xp 00000000 08:15 12329465                   /usr/lib/x86_64-linux-gnu/libX11-xcb.so.1.0.0
7f0e45bcb000-7f0e45dca000 ---p 00001000 08:15 12329465                   /usr/lib/x86_64-linux-gnu/libX11-xcb.so.1.0.0
7f0e45dca000-7f0e45dcb000 r--p 00000000 08:15 12329465                   /usr/lib/x86_64-linux-gnu/libX11-xcb.so.1.0.0
7f0e45dcb000-7f0e45dcc000 rw-p 00001000 08:15 12329465                   /usr/lib/x86_64-linux-gnu/libX11-xcb.so.1.0.0
7f0e45dcc000-7f0e45dd1000 r-xp 00000000 08:15 12329520                   /usr/lib/x86_64-linux-gnu/libXxf86vm.so.1.0.0
7f0e45dd1000-7f0e45fd0000 ---p 00005000 08:15 12329520                   /usr/lib/x86_64-linux-gnu/libXxf86vm.so.1.0.0
7f0e45fd0000-7f0e45fd1000 r--p 00004000 08:15 12329520                   /usr/lib/x86_64-linux-gnu/libXxf86vm.so.1.0.0
7f0e45fd1000-7f0e45fd2000 rw-p 00005000 08:15 12329520                   /usr/lib/x86_64-linux-gnu/libXxf86vm.so.1.0.0
7f0e45fd2000-7f0e45fd4000 r-xp 00000000 08:15 12329494                   /usr/lib/x86_64-linux-gnu/libXinerama.so.1.0.0
7f0e45fd4000-7f0e461d3000 ---p 00002000 08:15 12329494                   /usr/lib/x86_64-linux-gnu/libXinerama.so.1.0.0
7f0e461d3000-7f0e461d4000 r--p 00001000 08:15 12329494                   /usr/lib/x86_64-linux-gnu/libXinerama.so.1.0.0
7f0e461d4000-7f0e461d5000 rw-p 00002000 08:15 12329494                   /usr/lib/x86_64-linux-gnu/libXinerama.so.1.0.0
7f0e461d5000-7f0e461df000 r-xp 00000000 08:15 12329502                   /usr/lib/x86_64-linux-gnu/libXrandr.so.2.2.0
7f0e461df000-7f0e463de000 ---p 0000a000 08:15 12329502                   /usr/lib/x86_64-linux-gnu/libXrandr.so.2.2.0
7f0e463de000-7f0e463df000 r--p 00009000 08:15 12329502                   /usr/lib/x86_64-linux-gnu/libXrandr.so.2.2.0
7f0e463df000-7f0e463e0000 rw-p 0000a000 08:15 12329502                   /usr/lib/x86_64-linux-gnu/libXrandr.so.2.2.0
7f0e463e0000-7f0e463fe000 r-xp 00000000 08:15 1466952                    /tmp/lwjglnokorot/3.1.1-build-16/libglfw.so
7f0e463fe000-7f0e465fd000 ---p 0001e000 08:15 1466952                    /tmp/lwjglnokorot/3.1.1-build-16/libglfw.so
7f0e465fd000-7f0e465fe000 r--p 0001d000 08:15 1466952                    /tmp/lwjglnokorot/3.1.1-build-16/libglfw.so
7f0e465fe000-7f0e465ff000 rw-p 0001e000 08:15 1466952                    /tmp/lwjglnokorot/3.1.1-build-16/libglfw.so
7f0e465ff000-7f0e46600000 rw-p 00000000 00:00 0 
7f0e46600000-7f0e46800000 rw-p 00000000 00:00 0 
7f0e468ab000-7f0e468e4000 r-xp 00000000 08:15 1466951                    /tmp/lwjglnokorot/3.1.1-build-16/libjemalloc.so
7f0e468e4000-7f0e46ae3000 ---p 00039000 08:15 1466951                    /tmp/lwjglnokorot/3.1.1-build-16/libjemalloc.so
7f0e46ae3000-7f0e46ae6000 r--p 00038000 08:15 1466951                    /tmp/lwjglnokorot/3.1.1-build-16/libjemalloc.so
7f0e46ae6000-7f0e46ae7000 rw-p 0003b000 08:15 1466951                    /tmp/lwjglnokorot/3.1.1-build-16/libjemalloc.so
7f0e46ae7000-7f0e46ae8000 rw-p 00000000 00:00 0 
7f0e46ae8000-7f0e46b33000 r-xp 00000000 08:15 1466950                    /tmp/lwjglnokorot/3.1.1-build-16/liblwjgl.so
7f0e46b33000-7f0e46d33000 ---p 0004b000 08:15 1466950                    /tmp/lwjglnokorot/3.1.1-build-16/liblwjgl.so
7f0e46d33000-7f0e46d34000 r--p 0004b000 08:15 1466950                    /tmp/lwjglnokorot/3.1.1-build-16/liblwjgl.so
7f0e46d34000-7f0e46d35000 rw-p 0004c000 08:15 1466950                    /tmp/lwjglnokorot/3.1.1-build-16/liblwjgl.so
7f0e46d35000-7f0e46d38000 ---p 00000000 00:00 0 
7f0e46d38000-7f0e46e36000 rw-p 00000000 00:00 0 
7f0e46e36000-7f0e46e3b000 r-xp 00000000 08:15 12329486                   /usr/lib/x86_64-linux-gnu/libXfixes.so.3.1.0
7f0e46e3b000-7f0e4703a000 ---p 00005000 08:15 12329486                   /usr/lib/x86_64-linux-gnu/libXfixes.so.3.1.0
7f0e4703a000-7f0e4703b000 r--p 00004000 08:15 12329486                   /usr/lib/x86_64-linux-gnu/libXfixes.so.3.1.0
7f0e4703b000-7f0e4703c000 rw-p 00005000 08:15 12329486                   /usr/lib/x86_64-linux-gnu/libXfixes.so.3.1.0
7f0e4703c000-7f0e47045000 r-xp 00000000 08:15 12329478                   /usr/lib/x86_64-linux-gnu/libXcursor.so.1.0.2
7f0e47045000-7f0e47244000 ---p 00009000 08:15 12329478                   /usr/lib/x86_64-linux-gnu/libXcursor.so.1.0.2
7f0e47244000-7f0e47245000 r--p 00008000 08:15 12329478                   /usr/lib/x86_64-linux-gnu/libXcursor.so.1.0.2
7f0e47245000-7f0e47246000 rw-p 00009000 08:15 12329478                   /usr/lib/x86_64-linux-gnu/libXcursor.so.1.0.2
7f0e47246000-7f0e47249000 ---p 00000000 00:00 0 
7f0e47249000-7f0e47648000 rw-p 00000000 00:00 0 
7f0e47648000-7f0e4765e000 r-xp 00000000 08:15 12980356                   /usr/lib/jvm/java-8-oracle/jre/lib/amd64/libnet.so
7f0e4765e000-7f0e4785e000 ---p 00016000 08:15 12980356                   /usr/lib/jvm/java-8-oracle/jre/lib/amd64/libnet.so
7f0e4785e000-7f0e4785f000 rw-p 00016000 08:15 12980356                   /usr/lib/jvm/java-8-oracle/jre/lib/amd64/libnet.so
7f0e4785f000-7f0e47870000 r-xp 00000000 08:15 12980591                   /usr/lib/jvm/java-8-oracle/jre/lib/amd64/libnio.so
7f0e47870000-7f0e47a6f000 ---p 00011000 08:15 12980591                   /usr/lib/jvm/java-8-oracle/jre/lib/amd64/libnio.so
7f0e47a6f000-7f0e47a70000 rw-p 00010000 08:15 12980591                   /usr/lib/jvm/java-8-oracle/jre/lib/amd64/libnio.so
7f0e47a70000-7f0e47a86000 r-xp 00000000 08:15 7082441                    /lib/x86_64-linux-gnu/libgcc_s.so.1
7f0e47a86000-7f0e47c85000 ---p 00016000 08:15 7082441                    /lib/x86_64-linux-gnu/libgcc_s.so.1
7f0e47c85000-7f0e47c86000 rw-p 00015000 08:15 7082441                    /lib/x86_64-linux-gnu/libgcc_s.so.1
7f0e47c86000-7f0e47ceb000 r-xp 00000000 08:15 12980585                   /usr/lib/jvm/java-8-oracle/jre/lib/amd64/libfontmanager.so
7f0e47ceb000-7f0e47eea000 ---p 00065000 08:15 12980585                   /usr/lib/jvm/java-8-oracle/jre/lib/amd64/libfontmanager.so
7f0e47eea000-7f0e47eef000 rw-p 00064000 08:15 12980585                   /usr/lib/jvm/java-8-oracle/jre/lib/amd64/libfontmanager.so
7f0e47eef000-7f0e47eff000 rw-p 00000000 00:00 0 
7f0e47eff000-7f0e47f02000 ---p 00000000 00:00 0 
7f0e47f02000-7f0e48000000 rw-p 00000000 00:00 0 
7f0e48000000-7f0e48021000 rw-p 00000000 00:00 0 
7f0e48021000-7f0e4c000000 ---p 00000000 00:00 0 
7f0e4c000000-7f0e4c021000 rw-p 00000000 00:00 0 
7f0e4c021000-7f0e50000000 ---p 00000000 00:00 0 
7f0e50000000-7f0e500b0000 rw-p 00000000 00:00 0 
7f0e500b0000-7f0e54000000 ---p 00000000 00:00 0 
7f0e54000000-7f0e5416d000 rw-p 00000000 00:00 0 
7f0e5416d000-7f0e58000000 ---p 00000000 00:00 0 
7f0e58000000-7f0e58021000 rw-p 00000000 00:00 0 
7f0e58021000-7f0e5c000000 ---p 00000000 00:00 0 
7f0e5c000000-7f0e5c0f4000 rw-p 00000000 00:00 0 
7f0e5c0f4000-7f0e60000000 ---p 00000000 00:00 0 
7f0e60000000-7f0e60021000 rw-p 00000000 00:00 0 
7f0e60021000-7f0e64000000 ---p 00000000 00:00 0 
7f0e64000000-7f0e64021000 rw-p 00000000 00:00 0 
7f0e64021000-7f0e68000000 ---p 00000000 00:00 0 
7f0e68000000-7f0e68021000 rw-p 00000000 00:00 0 
7f0e68021000-7f0e6c000000 ---p 00000000 00:00 0 
7f0e6c000000-7f0e6c021000 rw-p 00000000 00:00 0 
7f0e6c021000-7f0e70000000 ---p 00000000 00:00 0 
7f0e7003a000-7f0e7003f000 r-xp 00000000 08:15 12329482                   /usr/lib/x86_64-linux-gnu/libXdmcp.so.6.0.0
7f0e7003f000-7f0e7023e000 ---p 00005000 08:15 12329482                   /usr/lib/x86_64-linux-gnu/libXdmcp.so.6.0.0
7f0e7023e000-7f0e7023f000 r--p 00004000 08:15 12329482                   /usr/lib/x86_64-linux-gnu/libXdmcp.so.6.0.0
7f0e7023f000-7f0e70240000 rw-p 00005000 08:15 12329482                   /usr/lib/x86_64-linux-gnu/libXdmcp.so.6.0.0
7f0e70240000-7f0e70242000 r-xp 00000000 08:15 12329471                   /usr/lib/x86_64-linux-gnu/libXau.so.6.0.0
7f0e70242000-7f0e70442000 ---p 00002000 08:15 12329471                   /usr/lib/x86_64-linux-gnu/libXau.so.6.0.0
7f0e70442000-7f0e70443000 r--p 00002000 08:15 12329471                   /usr/lib/x86_64-linux-gnu/libXau.so.6.0.0
7f0e70443000-7f0e70444000 rw-p 00003000 08:15 12329471                   /usr/lib/x86_64-linux-gnu/libXau.so.6.0.0
7f0e70444000-7f0e70465000 r-xp 00000000 08:15 12330820                   /usr/lib/x86_64-linux-gnu/libxcb.so.1.1.0
7f0e70465000-7f0e70664000 ---p 00021000 08:15 12330820                   /usr/lib/x86_64-linux-gnu/libxcb.so.1.1.0
7f0e70664000-7f0e70665000 r--p 00020000 08:15 12330820                   /usr/lib/x86_64-linux-gnu/libxcb.so.1.1.0
7f0e70665000-7f0e70666000 rw-p 00021000 08:15 12330820                   /usr/lib/x86_64-linux-gnu/libxcb.so.1.1.0
7f0e70666000-7f0e70675000 r-xp 00000000 08:15 12329492                   /usr/lib/x86_64-linux-gnu/libXi.so.6.1.0
7f0e70675000-7f0e70874000 ---p 0000f000 08:15 12329492                   /usr/lib/x86_64-linux-gnu/libXi.so.6.1.0
7f0e70874000-7f0e70875000 r--p 0000e000 08:15 12329492                   /usr/lib/x86_64-linux-gnu/libXi.so.6.1.0
7f0e70875000-7f0e70876000 rw-p 0000f000 08:15 12329492                   /usr/lib/x86_64-linux-gnu/libXi.so.6.1.0
7f0e70876000-7f0e7087b000 r-xp 00000000 08:15 12329510                   /usr/lib/x86_64-linux-gnu/libXtst.so.6.1.0
7f0e7087b000-7f0e70a7a000 ---p 00005000 08:15 12329510                   /usr/lib/x86_64-linux-gnu/libXtst.so.6.1.0
7f0e70a7a000-7f0e70a7b000 r--p 00004000 08:15 12329510                   /usr/lib/x86_64-linux-gnu/libXtst.so.6.1.0
7f0e70a7b000-7f0e70a7c000 rw-p 00005000 08:15 12329510                   /usr/lib/x86_64-linux-gnu/libXtst.so.6.1.0
7f0e70a7c000-7f0e70a85000 r-xp 00000000 08:15 12329504                   /usr/lib/x86_64-linux-gnu/libXrender.so.1.3.0
7f0e70a85000-7f0e70c84000 ---p 00009000 08:15 12329504                   /usr/lib/x86_64-linux-gnu/libXrender.so.1.3.0
7f0e70c84000-7f0e70c85000 r--p 00008000 08:15 12329504                   /usr/lib/x86_64-linux-gnu/libXrender.so.1.3.0
7f0e70c85000-7f0e70c86000 rw-p 00009000 08:15 12329504                   /usr/lib/x86_64-linux-gnu/libXrender.so.1.3.0
7f0e70c86000-7f0e70dbb000 r-xp 00000000 08:15 12329467                   /usr/lib/x86_64-linux-gnu/libX11.so.6.3.0
7f0e70dbb000-7f0e70fbb000 ---p 00135000 08:15 12329467                   /usr/lib/x86_64-linux-gnu/libX11.so.6.3.0
7f0e70fbb000-7f0e70fbc000 r--p 00135000 08:15 12329467                   /usr/lib/x86_64-linux-gnu/libX11.so.6.3.0
7f0e70fbc000-7f0e70fc0000 rw-p 00136000 08:15 12329467                   /usr/lib/x86_64-linux-gnu/libX11.so.6.3.0
7f0e70fc0000-7f0e70fd1000 r-xp 00000000 08:15 12329484                   /usr/lib/x86_64-linux-gnu/libXext.so.6.4.0
7f0e70fd1000-7f0e711d0000 ---p 00011000 08:15 12329484                   /usr/lib/x86_64-linux-gnu/libXext.so.6.4.0
7f0e711d0000-7f0e711d1000 r--p 00010000 08:15 12329484                   /usr/lib/x86_64-linux-gnu/libXext.so.6.4.0
7f0e711d1000-7f0e711d2000 rw-p 00011000 08:15 12329484                   /usr/lib/x86_64-linux-gnu/libXext.so.6.4.0
7f0e711e4000-7f0e711e5000 rwxp 00000000 00:00 0 
7f0e711e5000-7f0e711e6000 r--s 00004000 08:15 13654818                   /home/nokorot/Workspace/Java/PS/PS 3.0.0/LWJGL3/lwjgl-xxhash.jar
7f0e711e6000-7f0e711e7000 r--s 00001000 08:15 13654817                   /home/nokorot/Workspace/Java/PS/PS 3.0.0/LWJGL3/lwjgl-xxhash-natives-linux.jar
7f0e711e7000-7f0e711f0000 r--s 000a6000 08:15 13654825                   /home/nokorot/Workspace/Java/PS/PS 3.0.0/LWJGL3/lwjgl-vulkan.jar
7f0e711f0000-7f0e711f5000 r--s 000ac000 08:15 13654824                   /home/nokorot/Workspace/Java/PS/PS 3.0.0/LWJGL3/lwjgl-vulkan-sources.jar
7f0e711f5000-7f0e711f6000 r--s 00001000 08:15 13654813                   /home/nokorot/Workspace/Java/PS/PS 3.0.0/LWJGL3/lwjgl-tinyfd.jar
7f0e711f6000-7f0e711f7000 r--s 00007000 08:15 13654815                   /home/nokorot/Workspace/Java/PS/PS 3.0.0/LWJGL3/lwjgl-tinyfd-natives-linux.jar
7f0e711f7000-7f0e711fa000 r--s 00012000 08:15 13654809                   /home/nokorot/Workspace/Java/PS/PS 3.0.0/LWJGL3/lwjgl-stb.jar
7f0e711fa000-7f0e711fb000 r--s 0002c000 08:15 13654808                   /home/nokorot/Workspace/Java/PS/PS 3.0.0/LWJGL3/lwjgl-stb-natives-linux.jar
7f0e711fb000-7f0e711fc000 r--s 00000000 08:15 13654803                   /home/nokorot/Workspace/Java/PS/PS 3.0.0/LWJGL3/lwjgl-sse.jar
7f0e711fc000-7f0e71250000 r-xp 00000000 08:15 12980593                   /usr/lib/jvm/java-8-oracle/jre/lib/amd64/libawt_xawt.so
7f0e71250000-7f0e71450000 ---p 00054000 08:15 12980593                   /usr/lib/jvm/java-8-oracle/jre/lib/amd64/libawt_xawt.so
7f0e71450000-7f0e71454000 rw-p 00054000 08:15 12980593                   /usr/lib/jvm/java-8-oracle/jre/lib/amd64/libawt_xawt.so
7f0e71454000-7f0e71455000 rw-p 00000000 00:00 0 
7f0e71455000-7f0e714f7000 r-xp 00000000 08:15 12980626                   /usr/lib/jvm/java-8-oracle/jre/lib/amd64/libawt.so
7f0e714f7000-7f0e716f7000 ---p 000a2000 08:15 12980626                   /usr/lib/jvm/java-8-oracle/jre/lib/amd64/libawt.so
7f0e716f7000-7f0e71703000 rw-p 000a2000 08:15 12980626                   /usr/lib/jvm/java-8-oracle/jre/lib/amd64/libawt.so
7f0e71703000-7f0e71727000 rw-p 00000000 00:00 0 
7f0e71727000-7f0e71728000 ---p 00000000 00:00 0 
7f0e71728000-7f0e71828000 rw-p 00000000 00:00 0 
7f0e71828000-7f0e7182b000 ---p 00000000 00:00 0 
7f0e7182b000-7f0e71929000 rw-p 00000000 00:00 0 
7f0e71929000-7f0e7192c000 ---p 00000000 00:00 0 
7f0e7192c000-7f0e71a2a000 rw-p 00000000 00:00 0 
7f0e71a2a000-7f0e71a2d000 ---p 00000000 00:00 0 
7f0e71a2d000-7f0e71b2b000 rw-p 00000000 00:00 0 
7f0e71b2b000-7f0e71b2e000 ---p 00000000 00:00 0 
7f0e71b2e000-7f0e71c2c000 rw-p 00000000 00:00 0 
7f0e71c2c000-7f0e71c2f000 ---p 00000000 00:00 0 
7f0e71c2f000-7f0e71d2d000 rw-p 00000000 00:00 0 
7f0e71d2d000-7f0e72184000 r--p 00000000 08:15 12322328                   /usr/lib/locale/locale-archive
7f0e72184000-7f0e72187000 ---p 00000000 00:00 0 
7f0e72187000-7f0e72285000 rw-p 00000000 00:00 0 
7f0e72285000-7f0e72288000 ---p 00000000 00:00 0 
7f0e72288000-7f0e72386000 rw-p 00000000 00:00 0 
7f0e72386000-7f0e72387000 ---p 00000000 00:00 0 
7f0e72387000-7f0e73ba7000 rw-p 00000000 00:00 0 
7f0e73ba7000-7f0e73c27000 ---p 00000000 00:00 0 
7f0e73c27000-7f0e74000000 rw-p 00000000 00:00 0 
7f0e74000000-7f0e74021000 rw-p 00000000 00:00 0 
7f0e74021000-7f0e78000000 ---p 00000000 00:00 0 
7f0e78000000-7f0e78021000 rw-p 00000000 00:00 0 
7f0e78021000-7f0e7c000000 ---p 00000000 00:00 0 
7f0e7c000000-7f0e7c021000 rw-p 00000000 00:00 0 
7f0e7c021000-7f0e80000000 ---p 00000000 00:00 0 
7f0e80000000-7f0e80001000 r--s 00000000 08:15 13654802                   /home/nokorot/Workspace/Java/PS/PS 3.0.0/LWJGL3/lwjgl-sse-natives-linux.jar
7f0e80001000-7f0e80003000 r--s 00058000 08:15 13654804                   /home/nokorot/Workspace/Java/PS/PS 3.0.0/LWJGL3/lwjgl-sse-javadoc.jar
7f0e80003000-7f0e80005000 r--s 00001000 08:15 13654799                   /home/nokorot/Workspace/Java/PS/PS 3.0.0/LWJGL3/lwjgl-par.jar
7f0e80005000-7f0e80006000 r--s 00005000 08:15 13654795                   /home/nokorot/Workspace/Java/PS/PS 3.0.0/LWJGL3/lwjgl-par-natives-linux.jar
7f0e80006000-7f0e8000c000 r--s 00048000 08:15 13654794                   /home/nokorot/Workspace/Java/PS/PS 3.0.0/LWJGL3/lwjgl-opengles.jar
7f0e8000c000-7f0e8004e000 rw-p 00000000 00:00 0 
7f0e8004e000-7f0e80226000 r--s 03d2a000 08:15 12855517                   /usr/lib/jvm/java-8-oracle/jre/lib/rt.jar
7f0e80226000-7f0e83fb6000 rw-p 00000000 00:00 0 
7f0e83fb6000-7f0e83fb7000 ---p 00000000 00:00 0 
7f0e83fb7000-7f0e840b7000 rw-p 00000000 00:00 0 
7f0e840b7000-7f0e840b8000 ---p 00000000 00:00 0 
7f0e840b8000-7f0e841b8000 rw-p 00000000 00:00 0 
7f0e841b8000-7f0e841b9000 ---p 00000000 00:00 0 
7f0e841b9000-7f0e842b9000 rw-p 00000000 00:00 0 
7f0e842b9000-7f0e842ba000 ---p 00000000 00:00 0 
7f0e842ba000-7f0e843e4000 rw-p 00000000 00:00 0 
7f0e843e4000-7f0e8464b000 ---p 00000000 00:00 0 
7f0e8464b000-7f0e84675000 rw-p 00000000 00:00 0 
7f0e84675000-7f0e848db000 ---p 00000000 00:00 0 
7f0e848db000-7f0e848f1000 rw-p 00000000 00:00 0 
7f0e848f1000-7f0e84a24000 ---p 00000000 00:00 0 
7f0e84a24000-7f0e84a2f000 rw-p 00000000 00:00 0 
7f0e84a2f000-7f0e84de5000 ---p 00000000 00:00 0 
7f0e84de5000-7f0e85055000 rwxp 00000000 00:00 0 
7f0e85055000-7f0e93de5000 ---p 00000000 00:00 0 
7f0e93de5000-7f0e93dff000 r-xp 00000000 08:15 12980589                   /usr/lib/jvm/java-8-oracle/jre/lib/amd64/libzip.so
7f0e93dff000-7f0e93fff000 ---p 0001a000 08:15 12980589                   /usr/lib/jvm/java-8-oracle/jre/lib/amd64/libzip.so
7f0e93fff000-7f0e94000000 rw-p 0001a000 08:15 12980589                   /usr/lib/jvm/java-8-oracle/jre/lib/amd64/libzip.so
7f0e94000000-7f0e94454000 rw-p 00000000 00:00 0 
7f0e94454000-7f0e98000000 ---p 00000000 00:00 0 
7f0e98000000-7f0e98001000 r--s 00007000 08:15 13654792                   /home/nokorot/Workspace/Java/PS/PS 3.0.0/LWJGL3/lwjgl-opengles-natives-linux.jar
7f0e98001000-7f0e9800a000 r--s 000ba000 08:15 13654797                   /home/nokorot/Workspace/Java/PS/PS 3.0.0/LWJGL3/lwjgl-opengl.jar
7f0e9800a000-7f0e9800b000 r--s 00015000 08:15 13654789                   /home/nokorot/Workspace/Java/PS/PS 3.0.0/LWJGL3/lwjgl-opengl-natives-linux.jar
7f0e9800b000-7f0e9800e000 r--s 00023000 08:15 13654790                   /home/nokorot/Workspace/Java/PS/PS 3.0.0/LWJGL3/lwjgl-opencl.jar
7f0e9800e000-7f0e98010000 r--s 00010000 08:15 13654776                   /home/nokorot/Workspace/Java/PS/PS 3.0.0/LWJGL3/lwjgl-openal.jar
7f0e98010000-7f0e98011000 r--s 0004a000 08:15 13654787                   /home/nokorot/Workspace/Java/PS/PS 3.0.0/LWJGL3/lwjgl-openal-natives-linux.jar
7f0e98011000-7f0e98016000 r--s 00054000 08:15 13654782                   /home/nokorot/Workspace/Java/PS/PS 3.0.0/LWJGL3/lwjgl-nuklear.jar
7f0e98016000-7f0e98017000 r--s 0001f000 08:15 13654772                   /home/nokorot/Workspace/Java/PS/PS 3.0.0/LWJGL3/lwjgl-nuklear-natives-linux.jar
7f0e98017000-7f0e98018000 r--s 00001000 08:15 13654766                   /home/nokorot/Workspace/Java/PS/PS 3.0.0/LWJGL3/lwjgl-nfd.jar
7f0e98018000-7f0e98019000 r--s 00001000 08:15 13654764                   /home/nokorot/Workspace/Java/PS/PS 3.0.0/LWJGL3/lwjgl-nfd-natives-linux.jar
7f0e98019000-7f0e9801a000 r--s 00011000 08:15 13654822                   /home/nokorot/Workspace/Java/PS/PS 3.0.0/LWJGL3/lwjgl-natives-linux.jar
7f0e9801a000-7f0e9801c000 r--s 00008000 08:15 13654756                   /home/nokorot/Workspace/Java/PS/PS 3.0.0/LWJGL3/lwjgl-nanovg.jar
7f0e9801c000-7f0e98092000 rw-p 00000000 00:00 0 
7f0e98092000-7f0e9809d000 r-xp 00000000 08:15 7082071                    /lib/x86_64-linux-gnu/libnss_files-2.23.so
7f0e9809d000-7f0e9829c000 ---p 0000b000 08:15 7082071                    /lib/x86_64-linux-gnu/libnss_files-2.23.so
7f0e9829c000-7f0e9829d000 r--p 0000a000 08:15 7082071                    /lib/x86_64-linux-gnu/libnss_files-2.23.so
7f0e9829d000-7f0e9829e000 rw-p 0000b000 08:15 7082071                    /lib/x86_64-linux-gnu/libnss_files-2.23.so
7f0e9829e000-7f0e982a4000 rw-p 00000000 00:00 0 
7f0e982a4000-7f0e982af000 r-xp 00000000 08:15 7082047                    /lib/x86_64-linux-gnu/libnss_nis-2.23.so
7f0e982af000-7f0e984ae000 ---p 0000b000 08:15 7082047                    /lib/x86_64-linux-gnu/libnss_nis-2.23.so
7f0e984ae000-7f0e984af000 r--p 0000a000 08:15 7082047                    /lib/x86_64-linux-gnu/libnss_nis-2.23.so
7f0e984af000-7f0e984b0000 rw-p 0000b000 08:15 7082047                    /lib/x86_64-linux-gnu/libnss_nis-2.23.so
7f0e984b0000-7f0e984c6000 r-xp 00000000 08:15 7082063                    /lib/x86_64-linux-gnu/libnsl-2.23.so
7f0e984c6000-7f0e986c5000 ---p 00016000 08:15 7082063                    /lib/x86_64-linux-gnu/libnsl-2.23.so
7f0e986c5000-7f0e986c6000 r--p 00015000 08:15 7082063                    /lib/x86_64-linux-gnu/libnsl-2.23.so
7f0e986c6000-7f0e986c7000 rw-p 00016000 08:15 7082063                    /lib/x86_64-linux-gnu/libnsl-2.23.so
7f0e986c7000-7f0e986c9000 rw-p 00000000 00:00 0 
7f0e986c9000-7f0e986d1000 r-xp 00000000 08:15 7082065                    /lib/x86_64-linux-gnu/libnss_compat-2.23.so
7f0e986d1000-7f0e988d0000 ---p 00008000 08:15 7082065                    /lib/x86_64-linux-gnu/libnss_compat-2.23.so
7f0e988d0000-7f0e988d1000 r--p 00007000 08:15 7082065                    /lib/x86_64-linux-gnu/libnss_compat-2.23.so
7f0e988d1000-7f0e988d2000 rw-p 00008000 08:15 7082065                    /lib/x86_64-linux-gnu/libnss_compat-2.23.so
7f0e988d2000-7f0e988fd000 r-xp 00000000 08:15 12980616                   /usr/lib/jvm/java-8-oracle/jre/lib/amd64/libjava.so
7f0e988fd000-7f0e98afc000 ---p 0002b000 08:15 12980616                   /usr/lib/jvm/java-8-oracle/jre/lib/amd64/libjava.so
7f0e98afc000-7f0e98afe000 rw-p 0002a000 08:15 12980616                   /usr/lib/jvm/java-8-oracle/jre/lib/amd64/libjava.so
7f0e98afe000-7f0e98b0b000 r-xp 00000000 08:15 12980358                   /usr/lib/jvm/java-8-oracle/jre/lib/amd64/libverify.so
7f0e98b0b000-7f0e98d0a000 ---p 0000d000 08:15 12980358                   /usr/lib/jvm/java-8-oracle/jre/lib/amd64/libverify.so
7f0e98d0a000-7f0e98d0c000 rw-p 0000c000 08:15 12980358                   /usr/lib/jvm/java-8-oracle/jre/lib/amd64/libverify.so
7f0e98d0c000-7f0e98d13000 r-xp 00000000 08:15 7082046                    /lib/x86_64-linux-gnu/librt-2.23.so
7f0e98d13000-7f0e98f12000 ---p 00007000 08:15 7082046                    /lib/x86_64-linux-gnu/librt-2.23.so
7f0e98f12000-7f0e98f13000 r--p 00006000 08:15 7082046                    /lib/x86_64-linux-gnu/librt-2.23.so
7f0e98f13000-7f0e98f14000 rw-p 00007000 08:15 7082046                    /lib/x86_64-linux-gnu/librt-2.23.so
7f0e98f14000-7f0e9901c000 r-xp 00000000 08:15 7082058                    /lib/x86_64-linux-gnu/libm-2.23.so
7f0e9901c000-7f0e9921b000 ---p 00108000 08:15 7082058                    /lib/x86_64-linux-gnu/libm-2.23.so
7f0e9921b000-7f0e9921c000 r--p 00107000 08:15 7082058                    /lib/x86_64-linux-gnu/libm-2.23.so
7f0e9921c000-7f0e9921d000 rw-p 00108000 08:15 7082058                    /lib/x86_64-linux-gnu/libm-2.23.so
7f0e9921d000-7f0e99eea000 r-xp 00000000 08:15 12980620                   /usr/lib/jvm/java-8-oracle/jre/lib/amd64/server/libjvm.so
7f0e99eea000-7f0e9a0e9000 ---p 00ccd000 08:15 12980620                   /usr/lib/jvm/java-8-oracle/jre/lib/amd64/server/libjvm.so
7f0e9a0e9000-7f0e9a1c2000 rw-p 00ccc000 08:15 12980620                   /usr/lib/jvm/java-8-oracle/jre/lib/amd64/server/libjvm.so
7f0e9a1c2000-7f0e9a20d000 rw-p 00000000 00:00 0 
7f0e9a20d000-7f0e9a3cc000 r-xp 00000000 08:15 7082051                    /lib/x86_64-linux-gnu/libc-2.23.so
7f0e9a3cc000-7f0e9a5cc000 ---p 001bf000 08:15 7082051                    /lib/x86_64-linux-gnu/libc-2.23.so
7f0e9a5cc000-7f0e9a5d0000 r--p 001bf000 08:15 7082051                    /lib/x86_64-linux-gnu/libc-2.23.so
7f0e9a5d0000-7f0e9a5d2000 rw-p 001c3000 08:15 7082051                    /lib/x86_64-linux-gnu/libc-2.23.so
7f0e9a5d2000-7f0e9a5d6000 rw-p 00000000 00:00 0 
7f0e9a5d6000-7f0e9a5d9000 r-xp 00000000 08:15 7082050                    /lib/x86_64-linux-gnu/libdl-2.23.so
7f0e9a5d9000-7f0e9a7d8000 ---p 00003000 08:15 7082050                    /lib/x86_64-linux-gnu/libdl-2.23.so
7f0e9a7d8000-7f0e9a7d9000 r--p 00002000 08:15 7082050                    /lib/x86_64-linux-gnu/libdl-2.23.so
7f0e9a7d9000-7f0e9a7da000 rw-p 00003000 08:15 7082050                    /lib/x86_64-linux-gnu/libdl-2.23.so
7f0e9a7da000-7f0e9a7ef000 r-xp 00000000 08:15 12585246                   /usr/lib/jvm/java-8-oracle/lib/amd64/jli/libjli.so
7f0e9a7ef000-7f0e9a9ef000 ---p 00015000 08:15 12585246                   /usr/lib/jvm/java-8-oracle/lib/amd64/jli/libjli.so
7f0e9a9ef000-7f0e9a9f0000 rw-p 00015000 08:15 12585246                   /usr/lib/jvm/java-8-oracle/lib/amd64/jli/libjli.so
7f0e9a9f0000-7f0e9aa08000 r-xp 00000000 08:15 7082059                    /lib/x86_64-linux-gnu/libpthread-2.23.so
7f0e9aa08000-7f0e9ac07000 ---p 00018000 08:15 7082059                    /lib/x86_64-linux-gnu/libpthread-2.23.so
7f0e9ac07000-7f0e9ac08000 r--p 00017000 08:15 7082059                    /lib/x86_64-linux-gnu/libpthread-2.23.so
7f0e9ac08000-7f0e9ac09000 rw-p 00018000 08:15 7082059                    /lib/x86_64-linux-gnu/libpthread-2.23.so
7f0e9ac09000-7f0e9ac0d000 rw-p 00000000 00:00 0 
7f0e9ac0d000-7f0e9ac33000 r-xp 00000000 08:15 7082039                    /lib/x86_64-linux-gnu/ld-2.23.so
7f0e9ac33000-7f0e9ac34000 r--s 0001f000 08:15 13654762                   /home/nokorot/Workspace/Java/PS/PS 3.0.0/LWJGL3/lwjgl-nanovg-natives-linux.jar
7f0e9ac34000-7f0e9ac36000 r--s 00005000 08:15 13654746                   /home/nokorot/Workspace/Java/PS/PS 3.0.0/LWJGL3/lwjgl-lmdb.jar
7f0e9ac36000-7f0e9ad01000 rw-p 00000000 00:00 0 
7f0e9ad01000-7f0e9ad04000 ---p 00000000 00:00 0 
7f0e9ad04000-7f0e9ae06000 rw-p 00000000 00:00 0 
7f0e9ae06000-7f0e9ae07000 r--s 0000d000 08:15 13654750                   /home/nokorot/Workspace/Java/PS/PS 3.0.0/LWJGL3/lwjgl-lmdb-natives-linux.jar
7f0e9ae07000-7f0e9ae09000 r--s 00007000 08:15 13654736                   /home/nokorot/Workspace/Java/PS/PS 3.0.0/LWJGL3/lwjgl-jemalloc.jar
7f0e9ae09000-7f0e9ae0a000 r--s 00019000 08:15 13654734                   /home/nokorot/Workspace/Java/PS/PS 3.0.0/LWJGL3/lwjgl-jemalloc-natives-linux.jar
7f0e9ae0a000-7f0e9ae0b000 r--s 00005000 08:15 13654724                   /home/nokorot/Workspace/Java/PS/PS 3.0.0/LWJGL3/lwjgl-jawt.jar
7f0e9ae0b000-7f0e9ae0d000 r--s 00066000 08:15 13654732                   /home/nokorot/Workspace/Java/PS/PS 3.0.0/LWJGL3/lwjgl-jawt-javadoc.jar
7f0e9ae0d000-7f0e9ae10000 r--s 00015000 08:15 13654722                   /home/nokorot/Workspace/Java/PS/PS 3.0.0/LWJGL3/lwjgl-glfw.jar
7f0e9ae10000-7f0e9ae11000 r--s 0000e000 08:15 13654716                   /home/nokorot/Workspace/Java/PS/PS 3.0.0/LWJGL3/lwjgl-glfw-natives-linux.jar
7f0e9ae11000-7f0e9ae15000 r--s 0001b000 08:15 13654708                   /home/nokorot/Workspace/Java/PS/PS 3.0.0/LWJGL3/lwjgl-egl.jar
7f0e9ae15000-7f0e9ae19000 r--s 0001e000 08:15 13654712                   /home/nokorot/Workspace/Java/PS/PS 3.0.0/LWJGL3/lwjgl-egl-sources.jar
7f0e9ae19000-7f0e9ae1c000 r--s 0001f000 08:15 13654702                   /home/nokorot/Workspace/Java/PS/PS 3.0.0/LWJGL3/lwjgl-bgfx.jar
7f0e9ae1c000-7f0e9ae1d000 r--s 00042000 08:15 13654704                   /home/nokorot/Workspace/Java/PS/PS 3.0.0/LWJGL3/lwjgl-bgfx-natives-linux.jar
7f0e9ae1d000-7f0e9ae21000 r--s 0002a000 08:15 13654692                   /home/nokorot/Workspace/Java/PS/PS 3.0.0/LWJGL3/lwjgl-assimp.jar
7f0e9ae21000-7f0e9ae22000 r--s 002ae000 08:15 13654740                   /home/nokorot/Workspace/Java/PS/PS 3.0.0/LWJGL3/lwjgl-assimp-natives-linux.jar
7f0e9ae22000-7f0e9ae26000 r--s 0003d000 08:15 13654827                   /home/nokorot/Workspace/Java/PS/PS 3.0.0/LWJGL3/lwjgl.jar
7f0e9ae26000-7f0e9ae2e000 rw-s 00000000 08:15 1325741                    /tmp/hsperfdata_nokorot/2647
7f0e9ae2e000-7f0e9ae2f000 rw-p 00000000 00:00 0 
7f0e9ae2f000-7f0e9ae30000 r--p 00000000 00:00 0 
7f0e9ae30000-7f0e9ae32000 rw-p 00000000 00:00 0 
7f0e9ae32000-7f0e9ae33000 r--p 00025000 08:15 7082039                    /lib/x86_64-linux-gnu/ld-2.23.so
7f0e9ae33000-7f0e9ae34000 rw-p 00026000 08:15 7082039                    /lib/x86_64-linux-gnu/ld-2.23.so
7f0e9ae34000-7f0e9ae35000 rw-p 00000000 00:00 0 
7fff7b9e9000-7fff7ba0b000 rw-p 00000000 00:00 0                          [stack]
7fff7bbf6000-7fff7bbf8000 r--p 00000000 00:00 0                          [vvar]
7fff7bbf8000-7fff7bbfa000 r-xp 00000000 00:00 0                          [vdso]
ffffffffff600000-ffffffffff601000 r-xp 00000000 00:00 0                  [vsyscall]

VM Arguments:
jvm_args: -Djava.library.path=/home/noko/workspace/Java/Test/Test/LWJGL3 -Dfile.encoding=UTF-8 
java_command: engineTest.Main
java_class_path (initial): /home/nokorot/Workspace/Java/PS/PS 3.0.0/bin:/home/nokorot/Workspace/Java/PS/PS 3.0.0/LWJGL3/lwjgl.jar:/home/nokorot/Workspace/Java/PS/PS 3.0.0/LWJGL3/lwjgl-assimp-natives-linux.jar:/home/nokorot/Workspace/Java/PS/PS 3.0.0/LWJGL3/lwjgl-assimp.jar:/home/nokorot/Workspace/Java/PS/PS 3.0.0/LWJGL3/lwjgl-bgfx-natives-linux.jar:/home/nokorot/Workspace/Java/PS/PS 3.0.0/LWJGL3/lwjgl-bgfx.jar:/home/nokorot/Workspace/Java/PS/PS 3.0.0/LWJGL3/lwjgl-egl-sources.jar:/home/nokorot/Workspace/Java/PS/PS 3.0.0/LWJGL3/lwjgl-egl.jar:/home/nokorot/Workspace/Java/PS/PS 3.0.0/LWJGL3/lwjgl-glfw-natives-linux.jar:/home/nokorot/Workspace/Java/PS/PS 3.0.0/LWJGL3/lwjgl-glfw.jar:/home/nokorot/Workspace/Java/PS/PS 3.0.0/LWJGL3/lwjgl-jawt-javadoc.jar:/home/nokorot/Workspace/Java/PS/PS 3.0.0/LWJGL3/lwjgl-jawt.jar:/home/nokorot/Workspace/Java/PS/PS 3.0.0/LWJGL3/lwjgl-jemalloc-natives-linux.jar:/home/nokorot/Workspace/Java/PS/PS 3.0.0/LWJGL3/lwjgl-jemalloc.jar:/home/nokorot/Workspace/Java/PS/PS 3.0.0/LWJGL3/lwjgl-lmdb-natives-linux.jar:/home/nokorot/Workspace/Java/PS/PS 3.0.0/LWJGL3/lwjgl-lmdb.jar:/home/nokorot/Workspace/Java/PS/PS 3.0.0/LWJGL3/lwjgl-nanovg-natives-linux.jar:/home/nokorot/Workspace/Java/PS/PS 3.0.0/LWJGL3/lwjgl-nanovg.jar:/home/nokorot/Workspace/Java/PS/PS 3.0.0/LWJGL3/lwjgl-natives-linux.jar:/home/nokorot/Workspace/Java/PS/PS 3.0.0/LWJGL3/lwjgl-nfd-natives-linux.jar:/home/nokorot/Workspace/Java/PS/PS 3.0.0/LWJGL3/lwjgl-nfd.jar:/home/nokorot/Workspace/Java/PS/PS 3.0.0/LWJGL3/lwjgl-nuklear-natives-linux.jar:/home/nokorot/Workspace/Java/PS/PS 3.0.0/LWJGL3/lwjgl-nuklear.jar:/home/nokorot/Workspace/Java/PS/PS 3.0.0/LWJGL3/lwjgl-openal-natives-linux.jar:/home/nokorot/Workspace/Java/PS/PS 3.0.0/LWJGL3/lwjgl-openal.jar:/home/nokorot/Workspace/Java/PS/PS 3.0.0/LWJGL3/lwjgl-opencl.jar:/home/nokorot/Workspace/Java/PS/PS 3.0.0/LWJGL3/lwjgl-opengl-natives-linux.jar:/home/nokorot/Workspace/Java/PS/PS 3.0.0/LWJGL3/lwjgl-opengl.jar:/home/nokorot/Workspace/Java/PS/PS 3.
Launcher Type: SUN_STANDARD

Environment Variables:
JAVA_HOME=/usr/lib/jvm/java-8-oracle
PATH=/home/nokorot/.cabal/bin:/opt/cabal/1.22/bin:/opt/ghc/7.10.3/bin:/home/nokorot/.bin:/home/nokorot/bin:/home/nokorot/.local/bin:/usr/local/sbin:/usr/local/bin:/usr/sbin:/usr/bin:/sbin:/bin:/usr/games:/usr/local/games:/snap/bin:/usr/lib/jvm/java-8-oracle/bin:/usr/lib/jvm/java-8-oracle/db/bin:/usr/lib/jvm/java-8-oracle/jre/bin
USERNAME=nokorot
SHELL=/bin/bash
DISPLAY=:1

Signal Handlers:
SIGSEGV: [libjvm.so+0xac64b0], sa_mask[0]=11111111011111111101111111111110, sa_flags=SA_RESTART|SA_SIGINFO
SIGBUS: [libjvm.so+0xac64b0], sa_mask[0]=11111111011111111101111111111110, sa_flags=SA_RESTART|SA_SIGINFO
SIGFPE: [libjvm.so+0x91f950], sa_mask[0]=11111111011111111101111111111110, sa_flags=SA_RESTART|SA_SIGINFO
SIGPIPE: [libjvm.so+0x91f950], sa_mask[0]=11111111011111111101111111111110, sa_flags=SA_RESTART|SA_SIGINFO
SIGXFSZ: [libjvm.so+0x91f950], sa_mask[0]=11111111011111111101111111111110, sa_flags=SA_RESTART|SA_SIGINFO
SIGILL: [libjvm.so+0x91f950], sa_mask[0]=11111111011111111101111111111110, sa_flags=SA_RESTART|SA_SIGINFO
SIGUSR1: SIG_DFL, sa_mask[0]=00000000000000000000000000000000, sa_flags=none
SIGUSR2: [libjvm.so+0x920f80], sa_mask[0]=00100000000000000000000000000000, sa_flags=SA_RESTART|SA_SIGINFO
SIGHUP: [libjvm.so+0x922380], sa_mask[0]=11111111011111111101111111111110, sa_flags=SA_RESTART|SA_SIGINFO
SIGINT: [libjvm.so+0x922380], sa_mask[0]=11111111011111111101111111111110, sa_flags=SA_RESTART|SA_SIGINFO
SIGTERM: [libjvm.so+0x922380], sa_mask[0]=11111111011111111101111111111110, sa_flags=SA_RESTART|SA_SIGINFO
SIGQUIT: [libjvm.so+0x922380], sa_mask[0]=11111111011111111101111111111110, sa_flags=SA_RESTART|SA_SIGINFO


---------------  S Y S T E M  ---------------

OS:DISTRIB_ID=Ubuntu
DISTRIB_RELEASE=16.04
DISTRIB_CODENAME=xenial
DISTRIB_DESCRIPTION="Ubuntu 16.04.1 LTS"

uname:Linux 4.4.0-59-generic #80-Ubuntu SMP Fri Jan 6 17:47:47 UTC 2017 x86_64
libc:glibc 2.23 NPTL 2.23 
rlimit: STACK 8192k, CORE 0k, NPROC 31349, NOFILE 65536, AS infinity
load average:1,20 0,95 0,91

/proc/meminfo:
MemTotal:        8065832 kB
MemFree:          360232 kB
MemAvailable:    2526092 kB
Buffers:          194732 kB
Cached:          3003524 kB
SwapCached:          256 kB
Active:          5363280 kB
Inactive:        1958768 kB
Active(anon):    3885572 kB
Inactive(anon):  1139864 kB
Active(file):    1477708 kB
Inactive(file):   818904 kB
Unevictable:         496 kB
Mlocked:             496 kB
SwapTotal:       1951740 kB
SwapFree:        1924648 kB
Dirty:              3384 kB
Writeback:             0 kB
AnonPages:       4124368 kB
Mapped:           850060 kB
Shmem:            901644 kB
Slab:             223948 kB
SReclaimable:     174144 kB
SUnreclaim:        49804 kB
KernelStack:       14192 kB
PageTables:        66572 kB
NFS_Unstable:          0 kB
Bounce:                0 kB
WritebackTmp:          0 kB
CommitLimit:     5984656 kB
Committed_AS:   11135676 kB
VmallocTotal:   34359738367 kB
VmallocUsed:           0 kB
VmallocChunk:          0 kB
HardwareCorrupted:     0 kB
AnonHugePages:   2111488 kB
CmaTotal:              0 kB
CmaFree:               0 kB
HugePages_Total:       0
HugePages_Free:        0
HugePages_Rsvd:        0
HugePages_Surp:        0
Hugepagesize:       2048 kB
DirectMap4k:      255272 kB
DirectMap2M:     8024064 kB


CPU:total 4 (2 cores per cpu, 2 threads per core) family 6 model 58 stepping 9, cmov, cx8, fxsr, mmx, sse, sse2, sse3, ssse3, sse4.1, sse4.2, popcnt, avx, aes, clmul, erms, ht, tsc, tscinvbit, tscinv

/proc/cpuinfo:
processor	: 0
vendor_id	: GenuineIntel
cpu family	: 6
model		: 58
model name	: Intel(R) Core(TM) i5-3210M CPU @ 2.50GHz
stepping	: 9
microcode	: 0x15
cpu MHz		: 2899.902
cache size	: 3072 KB
physical id	: 0
siblings	: 4
core id		: 0
cpu cores	: 2
apicid		: 0
initial apicid	: 0
fpu		: yes
fpu_exception	: yes
cpuid level	: 13
wp		: yes
flags		: fpu vme de pse tsc msr pae mce cx8 apic sep mtrr pge mca cmov pat pse36 clflush dts acpi mmx fxsr sse sse2 ss ht tm pbe syscall nx rdtscp lm constant_tsc arch_perfmon pebs bts rep_good nopl xtopology nonstop_tsc aperfmperf eagerfpu pni pclmulqdq dtes64 monitor ds_cpl vmx est tm2 ssse3 cx16 xtpr pdcm pcid sse4_1 sse4_2 x2apic popcnt tsc_deadline_timer aes xsave avx f16c rdrand lahf_lm epb tpr_shadow vnmi flexpriority ept vpid fsgsbase smep erms xsaveopt dtherm ida arat pln pts
bugs		:
bogomips	: 4989.04
clflush size	: 64
cache_alignment	: 64
address sizes	: 36 bits physical, 48 bits virtual
power management:

processor	: 1
vendor_id	: GenuineIntel
cpu family	: 6
model		: 58
model name	: Intel(R) Core(TM) i5-3210M CPU @ 2.50GHz
stepping	: 9
microcode	: 0x15
cpu MHz		: 2900.000
cache size	: 3072 KB
physical id	: 0
siblings	: 4
core id		: 1
cpu cores	: 2
apicid		: 2
initial apicid	: 2
fpu		: yes
fpu_exception	: yes
cpuid level	: 13
wp		: yes
flags		: fpu vme de pse tsc msr pae mce cx8 apic sep mtrr pge mca cmov pat pse36 clflush dts acpi mmx fxsr sse sse2 ss ht tm pbe syscall nx rdtscp lm constant_tsc arch_perfmon pebs bts rep_good nopl xtopology nonstop_tsc aperfmperf eagerfpu pni pclmulqdq dtes64 monitor ds_cpl vmx est tm2 ssse3 cx16 xtpr pdcm pcid sse4_1 sse4_2 x2apic popcnt tsc_deadline_timer aes xsave avx f16c rdrand lahf_lm epb tpr_shadow vnmi flexpriority ept vpid fsgsbase smep erms xsaveopt dtherm ida arat pln pts
bugs		:
bogomips	: 4989.04
clflush size	: 64
cache_alignment	: 64
address sizes	: 36 bits physical, 48 bits virtual
power management:

processor	: 2
vendor_id	: GenuineIntel
cpu family	: 6
model		: 58
model name	: Intel(R) Core(TM) i5-3210M CPU @ 2.50GHz
stepping	: 9
microcode	: 0x15
cpu MHz		: 2900.000
cache size	: 3072 KB
physical id	: 0
siblings	: 4
core id		: 0
cpu cores	: 2
apicid		: 1
initial apicid	: 1
fpu		: yes
fpu_exception	: yes
cpuid level	: 13
wp		: yes
flags		: fpu vme de pse tsc msr pae mce cx8 apic sep mtrr pge mca cmov pat pse36 clflush dts acpi mmx fxsr sse sse2 ss ht tm pbe syscall nx rdtscp lm constant_tsc arch_perfmon pebs bts rep_good nopl xtopology nonstop_tsc aperfmperf eagerfpu pni pclmulqdq dtes64 monitor ds_cpl vmx est tm2 ssse3 cx16 xtpr pdcm pcid sse4_1 sse4_2 x2apic popcnt tsc_deadline_timer aes xsave avx f16c rdrand lahf_lm epb tpr_shadow vnmi flexpriority ept vpid fsgsbase smep erms xsaveopt dtherm ida arat pln pts
bugs		:
bogomips	: 4989.04
clflush size	: 64
cache_alignment	: 64
address sizes	: 36 bits physical, 48 bits virtual
power management:

processor	: 3
vendor_id	: GenuineIntel
cpu family	: 6
model		: 58
model name	: Intel(R) Core(TM) i5-3210M CPU @ 2.50GHz
stepping	: 9
microcode	: 0x15
cpu MHz		: 2900.000
cache size	: 3072 KB
physical id	: 0
siblings	: 4
core id		: 1
cpu cores	: 2
apicid		: 3
initial apicid	: 3
fpu		: yes
fpu_exception	: yes
cpuid level	: 13
wp		: yes
flags		: fpu vme de pse tsc msr pae mce cx8 apic sep mtrr pge mca cmov pat pse36 clflush dts acpi mmx fxsr sse sse2 ss ht tm pbe syscall nx rdtscp lm constant_tsc arch_perfmon pebs bts rep_good nopl xtopology nonstop_tsc aperfmperf eagerfpu pni pclmulqdq dtes64 monitor ds_cpl vmx est tm2 ssse3 cx16 xtpr pdcm pcid sse4_1 sse4_2 x2apic popcnt tsc_deadline_timer aes xsave avx f16c rdrand lahf_lm epb tpr_shadow vnmi flexpriority ept vpid fsgsbase smep erms xsaveopt dtherm ida arat pln pts
bugs		:
bogomips	: 4989.04
clflush size	: 64
cache_alignment	: 64
address sizes	: 36 bits physical, 48 bits virtual
power management:



Memory: 4k page, physical 8065832k(360232k free), swap 1951740k(1924648k free)

vm_info: Java HotSpot(TM) 64-Bit Server VM (25.111-b14) for linux-amd64 JRE (1.8.0_111-b14), built on Sep 22 2016 16:14:03 by "java_re" with gcc 4.3.0 20080428 (Red Hat 4.3.0-8)

time: Sun Feb  5 01:46:34 2017
elapsed time: 0 seconds (0d 0h 0m 0s)

