#
# A fatal error has been detected by the Java Runtime Environment:
#
#  SIGSEGV (0xb) at pc=0x00007f7b16b49ccc, pid=28946, tid=0x00007f7b162ff700
#
# JRE version: Java(TM) SE Runtime Environment (8.0_111-b14) (build 1.8.0_111-b14)
# Java VM: Java HotSpot(TM) 64-Bit Server VM (25.111-b14 mixed mode linux-amd64 compressed oops)
# Problematic frame:
# C  [liblwjgl_opengl.so+0x46ccc]  Java_org_lwjgl_opengl_GL30_nglGenVertexArrays__IJ+0xc
#
# Failed to write core dump. Core dumps have been disabled. To enable core dumping, try "ulimit -c unlimited" before starting Java again
#
# If you would like to submit a bug report, please visit:
#   http://bugreport.java.com/bugreport/crash.jsp
# The crash happened outside the Java Virtual Machine in native code.
# See problematic frame for where to report the bug.
#

---------------  T H R E A D  ---------------

Current thread (0x00007f7b28c7c000):  JavaThread "Thread-2" [_thread_in_native, id=28978, stack(0x00007f7b161ff000,0x00007f7b16300000)]

siginfo: si_signo: 11 (SIGSEGV), si_code: 1 (SEGV_MAPERR), si_addr: 0x0000000000000f18

Registers:
RAX=0x0000000000000000, RBX=0x00007f7b16a93208, RCX=0x00007f7b0c01a68c, RDX=0x0000000000000001
RSP=0x00007f7b162fe398, RBP=0x00007f7b162fe3f8, RSI=0x00007f7b0c01a68c, RDI=0x0000000000000001
R8 =0x00000000ec8396a0, R9 =0x0000000000000004, R10=0x00007f7b707cdc78, R11=0x00007f7b864ada70
R12=0x0000000000000000, R13=0x00007f7b16a93208, R14=0x00007f7b162fe428, R15=0x00007f7b28c7c000
RIP=0x00007f7b16b49ccc, EFLAGS=0x0000000000010287, CSGSFS=0x002b000000000033, ERR=0x0000000000000004
  TRAPNO=0x000000000000000e

Top of Stack: (sp=0x00007f7b162fe398)
0x00007f7b162fe398:   00007f7b707cdca4 0000000000000000
0x00007f7b162fe3a8:   00007f7b162fe3c0 00007f7b162fe410
0x00007f7b162fe3b8:   00007f7b162fe3b8 0000000000000000
0x00007f7b162fe3c8:   00007f7b162fe428 00007f7b16a95cc8
0x00007f7b162fe3d8:   0000000000000000 00007f7b16a93208
0x00007f7b162fe3e8:   0000000000000000 00007f7b162fe418
0x00007f7b162fe3f8:   00007f7b162fe470 00007f7b707b633d
0x00007f7b162fe408:   00000000ed09a5b0 00007f7b707c4478
0x00007f7b162fe418:   00007f7b0c01a68c 00000000ec839690
0x00007f7b162fe428:   0000000000000001 00007f7b162fe430
0x00007f7b162fe438:   00007f7b16a9335c 00007f7b162fe4a0
0x00007f7b162fe448:   00007f7b16a95cc8 0000000000000000
0x00007f7b162fe458:   00007f7b16a933c0 00007f7b162fe418
0x00007f7b162fe468:   00007f7b162fe4a8 00007f7b162fe4e8
0x00007f7b162fe478:   00007f7b707b5d80 0000000000000000
0x00007f7b162fe488:   0000000000000000 00000000ec839690
0x00007f7b162fe498:   0000000000008000 00000000ec839590
0x00007f7b162fe4a8:   00007f7b162fe4a8 00007f7b16696798
0x00007f7b162fe4b8:   00007f7b162fe4f8 00007f7b16697740
0x00007f7b162fe4c8:   0000000000000000 00007f7b166967b8
0x00007f7b162fe4d8:   00007f7b162fe4a8 00007f7b162fe500
0x00007f7b162fe4e8:   00007f7b162fe540 00007f7b707b60c0
0x00007f7b162fe4f8:   0000000000000000 00007f7b162fe500
0x00007f7b162fe508:   00007f7b1676a55c 00007f7b162fe560
0x00007f7b162fe518:   00007f7b1676ae10 0000000000000000
0x00007f7b162fe528:   00007f7b1676a5c8 00007f7b162fe500
0x00007f7b162fe538:   00007f7b162fe560 00007f7b162fe5a8
0x00007f7b162fe548:   00007f7b707b633d 0000000000000000
0x00007f7b162fe558:   00000000ec8393d8 00000000ec773de8
0x00007f7b162fe568:   00007f7b162fe568 00007f7b1676a656
0x00007f7b162fe578:   00007f7b162fe5c0 00007f7b1676ae10
0x00007f7b162fe588:   0000000000000000 00007f7b1676a680 

Instructions: (pc=0x00007f7b16b49ccc)
0x00007f7b16b49cac:   c0 1b 00 00 ff e0 66 66 66 66 66 2e 0f 1f 84 00
0x00007f7b16b49cbc:   00 00 00 00 48 8b 07 48 89 ce 89 d7 48 8b 40 18
0x00007f7b16b49ccc:   48 8b 80 18 0f 00 00 ff e0 66 66 2e 0f 1f 84 00
0x00007f7b16b49cdc:   00 00 00 00 48 8b 07 48 89 ce 89 d7 48 8b 40 18 

Register to memory mapping:

RAX=0x0000000000000000 is an unknown value
RBX={method} {0x00007f7b16a93208} 'nglGenVertexArrays' '(IJ)V' in 'org/lwjgl/opengl/GL30'
RCX=0x00007f7b0c01a68c is an unknown value
RDX=0x0000000000000001 is an unknown value
RSP=0x00007f7b162fe398 is pointing into the stack for thread: 0x00007f7b28c7c000
RBP=0x00007f7b162fe3f8 is pointing into the stack for thread: 0x00007f7b28c7c000
RSI=0x00007f7b0c01a68c is an unknown value
RDI=0x0000000000000001 is an unknown value
R8 =0x00000000ec8396a0 is an oop

[error occurred during error reporting (printing register info), id 0xb]

Stack: [0x00007f7b161ff000,0x00007f7b16300000],  sp=0x00007f7b162fe398,  free space=1020k
Native frames: (J=compiled Java code, j=interpreted, Vv=VM code, C=native code)
C  [liblwjgl_opengl.so+0x46ccc]  Java_org_lwjgl_opengl_GL30_nglGenVertexArrays__IJ+0xc
j  org.lwjgl.opengl.GL30.glGenVertexArrays()I+20
j  openglObjects.Vao.create()LopenglObjects/Vao;+0
j  fontMeshCreator.GUIText.updateMesh()V+12
j  fontMeshCreator.GUIText.setText(Ljava/lang/String;)V+6
j  PSTeam.lambda$0()V+92
j  PSTeam$$Lambda$29.run()V+4
j  java.lang.Thread.run()V+11
v  ~StubRoutines::call_stub
V  [libjvm.so+0x690206]  JavaCalls::call_helper(JavaValue*, methodHandle*, JavaCallArguments*, Thread*)+0x1056
V  [libjvm.so+0x690711]  JavaCalls::call_virtual(JavaValue*, KlassHandle, Symbol*, Symbol*, JavaCallArguments*, Thread*)+0x321
V  [libjvm.so+0x690bb7]  JavaCalls::call_virtual(JavaValue*, Handle, KlassHandle, Symbol*, Symbol*, Thread*)+0x47
V  [libjvm.so+0x7278f0]  thread_entry(JavaThread*, Thread*)+0xa0
V  [libjvm.so+0xa742b3]  JavaThread::thread_main_inner()+0x103
V  [libjvm.so+0xa743fc]  JavaThread::run()+0x11c
V  [libjvm.so+0x924ea8]  java_start(Thread*)+0x108
C  [libpthread.so.0+0x770a]  start_thread+0xca

Java frames: (J=compiled Java code, j=interpreted, Vv=VM code)
j  org.lwjgl.opengl.GL30.nglGenVertexArrays(IJ)V+0
j  org.lwjgl.opengl.GL30.glGenVertexArrays()I+20
j  openglObjects.Vao.create()LopenglObjects/Vao;+0
j  fontMeshCreator.GUIText.updateMesh()V+12
j  fontMeshCreator.GUIText.setText(Ljava/lang/String;)V+6
j  PSTeam.lambda$0()V+92
j  PSTeam$$Lambda$29.run()V+4
j  java.lang.Thread.run()V+11
v  ~StubRoutines::call_stub

---------------  P R O C E S S  ---------------

Java Threads: ( => current thread )
=>0x00007f7b28c7c000 JavaThread "Thread-2" [_thread_in_native, id=28978, stack(0x00007f7b161ff000,0x00007f7b16300000)]
  0x00007f7b8000e800 JavaThread "DestroyJavaVM" [_thread_blocked, id=28948, stack(0x00007f7b875dc000,0x00007f7b876dd000)]
  0x00007f7b20005000 JavaThread "AWT-EventQueue-0" [_thread_blocked, id=28977, stack(0x00007f7b16802000,0x00007f7b16903000)]
  0x00007f7b802f7000 JavaThread "AWT-Shutdown" [_thread_blocked, id=28976, stack(0x00007f7b540d4000,0x00007f7b541d5000)]
  0x00007f7b80247000 JavaThread "AWT-XAWT" daemon [_thread_in_native, id=28975, stack(0x00007f7b54d65000,0x00007f7b54e66000)]
  0x00007f7b80220800 JavaThread "Java2D Disposer" daemon [_thread_blocked, id=28974, stack(0x00007f7b5569e000,0x00007f7b5579f000)]
  0x00007f7b801d1800 JavaThread "Thread-0" [_thread_in_native, id=28973, stack(0x00007f7b55c2f000,0x00007f7b55d30000)]
  0x00007f7b800d5800 JavaThread "Service Thread" daemon [_thread_blocked, id=28971, stack(0x00007f7b574f3000,0x00007f7b575f4000)]
  0x00007f7b800d2000 JavaThread "C1 CompilerThread2" daemon [_thread_blocked, id=28970, stack(0x00007f7b575f4000,0x00007f7b576f5000)]
  0x00007f7b800d0800 JavaThread "C2 CompilerThread1" daemon [_thread_blocked, id=28969, stack(0x00007f7b576f5000,0x00007f7b577f6000)]
  0x00007f7b800cd800 JavaThread "C2 CompilerThread0" daemon [_thread_blocked, id=28968, stack(0x00007f7b577f6000,0x00007f7b578f7000)]
  0x00007f7b48001000 JavaThread "JDWP Command Reader" daemon [_thread_in_native, id=28966, stack(0x00007f7b578f7000,0x00007f7b579f8000)]
  0x00007f7b800cb000 JavaThread "JDWP Event Helper Thread" daemon [_thread_blocked, id=28965, stack(0x00007f7b579f8000,0x00007f7b57af9000)]
  0x00007f7b800c7800 JavaThread "JDWP Transport Listener: dt_socket" daemon [_thread_blocked, id=28962, stack(0x00007f7b57af9000,0x00007f7b57bfa000)]
  0x00007f7b800ba800 JavaThread "Signal Dispatcher" daemon [_thread_blocked, id=28960, stack(0x00007f7b57dfe000,0x00007f7b57eff000)]
  0x00007f7b80088800 JavaThread "Finalizer" daemon [_thread_blocked, id=28959, stack(0x00007f7b57eff000,0x00007f7b58000000)]
  0x00007f7b80084000 JavaThread "Reference Handler" daemon [_thread_blocked, id=28958, stack(0x00007f7b6c0ea000,0x00007f7b6c1eb000)]

Other Threads:
  0x00007f7b8007c000 VMThread [stack: 0x00007f7b6c1eb000,0x00007f7b6c2ec000] [id=28956]
  0x00007f7b800d8800 WatcherThread [stack: 0x00007f7b573f2000,0x00007f7b574f3000] [id=28972]

VM state:not at safepoint (normal execution)

VM Mutex/Monitor currently owned by a thread: None

Heap:
 PSYoungGen      total 17920K, used 10197K [0x00000000ec100000, 0x00000000ed500000, 0x0000000100000000)
  eden space 15360K, 49% used [0x00000000ec100000,0x00000000ec878d70,0x00000000ed000000)
  from space 2560K, 99% used [0x00000000ed000000,0x00000000ed27c820,0x00000000ed280000)
  to   space 2560K, 0% used [0x00000000ed280000,0x00000000ed280000,0x00000000ed500000)
 ParOldGen       total 40960K, used 1440K [0x00000000c4200000, 0x00000000c6a00000, 0x00000000ec100000)
  object space 40960K, 3% used [0x00000000c4200000,0x00000000c43681e0,0x00000000c6a00000)
 Metaspace       used 15657K, capacity 15889K, committed 16128K, reserved 1062912K
  class space    used 1668K, capacity 1760K, committed 1792K, reserved 1048576K

Card table byte_map: [0x00007f7b7020e000,0x00007f7b703ee000] byte_map_base: 0x00007f7b6fbed000

Marking Bits: (ParMarkBitMap*) 0x00007f7b86aae220
 Begin Bits: [0x00007f7b6deda000, 0x00007f7b6edd2000)
 End Bits:   [0x00007f7b6edd2000, 0x00007f7b6fcca000)

Polling page: 0x00007f7b876fa000

CodeCache: size=245760Kb used=3545Kb max_used=3545Kb free=242214Kb
 bounds [0x00007f7b707ae000, 0x00007f7b70b2e000, 0x00007f7b7f7ae000]
 total_blobs=1887 nmethods=899 adapters=910
 compilation: enabled

Compilation events (10 events):
Event: 8,390 Thread 0x00007f7b800d2000  894       3       openglObjects.Vao::bind (35 bytes)
Event: 8,391 Thread 0x00007f7b800d2000 nmethod 894 0x00007f7b70b208d0 code [0x00007f7b70b20a80, 0x00007f7b70b20e58]
Event: 8,391 Thread 0x00007f7b800d2000  895       3       guis.GuiTexture::getRotation (5 bytes)
Event: 8,391 Thread 0x00007f7b800d2000 nmethod 895 0x00007f7b70b20590 code [0x00007f7b70b206e0, 0x00007f7b70b20830]
Event: 8,391 Thread 0x00007f7b800d2000  896       3       utils.Maths::createTransformationMatrix (60 bytes)
Event: 8,392 Thread 0x00007f7b800d2000 nmethod 896 0x00007f7b70b1f390 code [0x00007f7b70b1f5e0, 0x00007f7b70b1ffd8]
Event: 8,392 Thread 0x00007f7b800d2000  897       3       utils.Matrix4f::translate (25 bytes)
Event: 8,393 Thread 0x00007f7b800d2000 nmethod 897 0x00007f7b70b1ed90 code [0x00007f7b70b1ef00, 0x00007f7b70b1f248]
Event: 8,393 Thread 0x00007f7b800d2000  898       3       utils.Matrix4f::rotate (235 bytes)
Event: 8,394 Thread 0x00007f7b800d2000 nmethod 898 0x00007f7b70b24690 code [0x00007f7b70b248c0, 0x00007f7b70b257f8]

GC Heap History (2 events):
Event: 1,778 GC heap before
{Heap before GC invocations=1 (full 0):
 PSYoungGen      total 17920K, used 15360K [0x00000000ec100000, 0x00000000ed500000, 0x0000000100000000)
  eden space 15360K, 100% used [0x00000000ec100000,0x00000000ed000000,0x00000000ed000000)
  from space 2560K, 0% used [0x00000000ed280000,0x00000000ed280000,0x00000000ed500000)
  to   space 2560K, 0% used [0x00000000ed000000,0x00000000ed000000,0x00000000ed280000)
 ParOldGen       total 40960K, used 0K [0x00000000c4200000, 0x00000000c6a00000, 0x00000000ec100000)
  object space 40960K, 0% used [0x00000000c4200000,0x00000000c4200000,0x00000000c6a00000)
 Metaspace       used 15096K, capacity 15307K, committed 15616K, reserved 1062912K
  class space    used 1608K, capacity 1695K, committed 1792K, reserved 1048576K
Event: 1,791 GC heap after
Heap after GC invocations=1 (full 0):
 PSYoungGen      total 17920K, used 2546K [0x00000000ec100000, 0x00000000ed500000, 0x0000000100000000)
  eden space 15360K, 0% used [0x00000000ec100000,0x00000000ec100000,0x00000000ed000000)
  from space 2560K, 99% used [0x00000000ed000000,0x00000000ed27c820,0x00000000ed280000)
  to   space 2560K, 0% used [0x00000000ed280000,0x00000000ed280000,0x00000000ed500000)
 ParOldGen       total 40960K, used 1440K [0x00000000c4200000, 0x00000000c6a00000, 0x00000000ec100000)
  object space 40960K, 3% used [0x00000000c4200000,0x00000000c43681e0,0x00000000c6a00000)
 Metaspace       used 15096K, capacity 15307K, committed 15616K, reserved 1062912K
  class space    used 1608K, capacity 1695K, committed 1792K, reserved 1048576K
}

Deoptimization events (2 events):
Event: 0,415 Thread 0x00007f7b801d1800 Uncommon trap: reason=null_check action=make_not_entrant pc=0x00007f7b7091e2e0 method=java.lang.String.equals(Ljava/lang/Object;)Z @ 8
Event: 1,720 Thread 0x00007f7b801d1800 Uncommon trap: reason=unstable_if action=reinterpret pc=0x00007f7b7098fcf0 method=java.lang.String.indexOf([CII[CIII)I @ 3

Internal exceptions (10 events):
Event: 0,201 Thread 0x00007f7b8000e800 Exception <a 'java/security/PrivilegedActionException'> (0x00000000ec194c00) thrown at [/HUDSON3/workspace/8-2-build-linux-amd64/jdk8u111/7883/hotspot/src/share/vm/prims/jvm.cpp, line 1386]
Event: 0,201 Thread 0x00007f7b8000e800 Exception <a 'java/security/PrivilegedActionException'> (0x00000000ec194e10) thrown at [/HUDSON3/workspace/8-2-build-linux-amd64/jdk8u111/7883/hotspot/src/share/vm/prims/jvm.cpp, line 1386]
Event: 0,301 Thread 0x00007f7b8000e800 Exception <a 'java/lang/NoSuchFieldError': method resolution failed> (0x00000000ec2fb450) thrown at [/HUDSON3/workspace/8-2-build-linux-amd64/jdk8u111/7883/hotspot/src/share/vm/prims/methodHandles.cpp, line 1146]
Event: 0,316 Thread 0x00007f7b8000e800 Exception <a 'java/lang/NoSuchFieldError': method resolution failed> (0x00000000ec308c20) thrown at [/HUDSON3/workspace/8-2-build-linux-amd64/jdk8u111/7883/hotspot/src/share/vm/prims/methodHandles.cpp, line 1146]
Event: 0,366 Thread 0x00007f7b8000e800 Exception <a 'java/io/FileNotFoundException'> (0x00000000ec389510) thrown at [/HUDSON3/workspace/8-2-build-linux-amd64/jdk8u111/7883/hotspot/src/share/vm/prims/jni.cpp, line 709]
Event: 0,367 Thread 0x00007f7b8000e800 Exception <a 'java/io/FileNotFoundException'> (0x00000000ec389eb0) thrown at [/HUDSON3/workspace/8-2-build-linux-amd64/jdk8u111/7883/hotspot/src/share/vm/prims/jni.cpp, line 709]
Event: 0,415 Thread 0x00007f7b801d1800 Implicit null exception at 0x00007f7b7091e045 to 0x00007f7b7091e2d1
Event: 0,950 Thread 0x00007f7b801d1800 Exception <a 'sun/nio/fs/UnixException'> (0x00000000ec9453a8) thrown at [/HUDSON3/workspace/8-2-build-linux-amd64/jdk8u111/7883/hotspot/src/share/vm/prims/jni.cpp, line 709]
Event: 0,951 Thread 0x00007f7b801d1800 Exception <a 'sun/nio/fs/UnixException'> (0x00000000ec9466b0) thrown at [/HUDSON3/workspace/8-2-build-linux-amd64/jdk8u111/7883/hotspot/src/share/vm/prims/jni.cpp, line 709]
Event: 1,336 Thread 0x00007f7b20005000 Exception <a 'java/lang/UnsupportedOperationException': > (0x00000000eca4e5e8) thrown at [/HUDSON3/workspace/8-2-build-linux-amd64/jdk8u111/7883/hotspot/src/share/vm/prims/jni.cpp, line 735]

Events (10 events):
Event: 2,055 loading class java/text/FieldPosition
Event: 2,055 loading class java/text/FieldPosition done
Event: 2,055 loading class java/text/DigitList
Event: 2,055 loading class java/text/DigitList done
Event: 2,055 loading class java/math/RoundingMode
Event: 2,055 loading class java/math/RoundingMode done
Event: 2,056 loading class java/util/regex/Pattern$Dollar
Event: 2,056 loading class java/util/regex/Pattern$Dollar done
Event: 4,172 Executing VM operation: EnableBiasedLocking
Event: 4,172 Executing VM operation: EnableBiasedLocking done


Dynamic libraries:
00400000-00401000 r-xp 00000000 08:01 3150682                            /usr/lib/jvm/java-8-oracle/bin/java
00600000-00601000 rw-p 00000000 08:01 3150682                            /usr/lib/jvm/java-8-oracle/bin/java
0165d000-0167e000 rw-p 00000000 00:00 0                                  [heap]
c4200000-c6a00000 rw-p 00000000 00:00 0 
c6a00000-ec100000 ---p 00000000 00:00 0 
ec100000-ed500000 rw-p 00000000 00:00 0 
ed500000-100000000 ---p 00000000 00:00 0 
100000000-1001c0000 rw-p 00000000 00:00 0 
1001c0000-140000000 ---p 00000000 00:00 0 
7f7b08000000-7f7b08047000 rw-p 00000000 00:00 0 
7f7b08047000-7f7b0c000000 ---p 00000000 00:00 0 
7f7b0c000000-7f7b0c2b6000 rw-p 00000000 00:00 0 
7f7b0c2b6000-7f7b10000000 ---p 00000000 00:00 0 
7f7b10000000-7f7b10021000 rw-p 00000000 00:00 0 
7f7b10021000-7f7b14000000 ---p 00000000 00:00 0 
7f7b161ff000-7f7b16202000 ---p 00000000 00:00 0 
7f7b16202000-7f7b16300000 rw-p 00000000 00:00 0 
7f7b16300000-7f7b16400000 rw-s 00000000 00:05 296838                     /drm mm object (deleted)
7f7b16400000-7f7b16600000 rw-p 00000000 00:00 0 
7f7b16602000-7f7b16802000 rw-p 00000000 00:00 0 
7f7b16802000-7f7b16805000 ---p 00000000 00:00 0 
7f7b16805000-7f7b16b03000 rw-p 00000000 00:00 0 
7f7b16b03000-7f7b16b6c000 r-xp 00000000 08:01 1050039                    /tmp/lwjglnoko/3.1.1-build-16/liblwjgl_opengl.so
7f7b16b6c000-7f7b16d6b000 ---p 00069000 08:01 1050039                    /tmp/lwjglnoko/3.1.1-build-16/liblwjgl_opengl.so
7f7b16d6b000-7f7b16d6c000 r--p 00068000 08:01 1050039                    /tmp/lwjglnoko/3.1.1-build-16/liblwjgl_opengl.so
7f7b16d6c000-7f7b16d6d000 rw-p 00069000 08:01 1050039                    /tmp/lwjglnoko/3.1.1-build-16/liblwjgl_opengl.so
7f7b16d6d000-7f7b1803a000 rw-p 00000000 00:00 0 
7f7b1803a000-7f7b18071000 r-xp 00000000 08:01 2238627                    /usr/lib/x86_64-linux-gnu/libtxc_dxtn_s2tc.so.0.0.0
7f7b18071000-7f7b18270000 ---p 00037000 08:01 2238627                    /usr/lib/x86_64-linux-gnu/libtxc_dxtn_s2tc.so.0.0.0
7f7b18270000-7f7b18271000 r--p 00036000 08:01 2238627                    /usr/lib/x86_64-linux-gnu/libtxc_dxtn_s2tc.so.0.0.0
7f7b18271000-7f7b18272000 rw-p 00037000 08:01 2238627                    /usr/lib/x86_64-linux-gnu/libtxc_dxtn_s2tc.so.0.0.0
7f7b18272000-7f7b182db000 r-xp 00000000 08:01 3150774                    /usr/lib/jvm/java-8-oracle/jre/lib/amd64/libt2k.so
7f7b182db000-7f7b184db000 ---p 00069000 08:01 3150774                    /usr/lib/jvm/java-8-oracle/jre/lib/amd64/libt2k.so
7f7b184db000-7f7b184e2000 rw-p 00069000 08:01 3150774                    /usr/lib/jvm/java-8-oracle/jre/lib/amd64/libt2k.so
7f7b184e2000-7f7b184f2000 rw-p 00000000 00:00 0 
7f7b184f2000-7f7b1850b000 r-xp 00000000 08:01 1971065                    /lib/x86_64-linux-gnu/libz.so.1.2.8
7f7b1850b000-7f7b1870a000 ---p 00019000 08:01 1971065                    /lib/x86_64-linux-gnu/libz.so.1.2.8
7f7b1870a000-7f7b1870b000 r--p 00018000 08:01 1971065                    /lib/x86_64-linux-gnu/libz.so.1.2.8
7f7b1870b000-7f7b1870c000 rw-p 00019000 08:01 1971065                    /lib/x86_64-linux-gnu/libz.so.1.2.8
7f7b1870c000-7f7b18714000 r-xp 00000000 08:01 2238361                    /usr/lib/x86_64-linux-gnu/libpciaccess.so.0.11.1
7f7b18714000-7f7b18914000 ---p 00008000 08:01 2238361                    /usr/lib/x86_64-linux-gnu/libpciaccess.so.0.11.1
7f7b18914000-7f7b18915000 r--p 00008000 08:01 2238361                    /usr/lib/x86_64-linux-gnu/libpciaccess.so.0.11.1
7f7b18915000-7f7b18916000 rw-p 00009000 08:01 2238361                    /usr/lib/x86_64-linux-gnu/libpciaccess.so.0.11.1
7f7b18916000-7f7b18928000 r-xp 00000000 08:01 1970927                    /lib/x86_64-linux-gnu/libgpg-error.so.0.19.1
7f7b18928000-7f7b18b28000 ---p 00012000 08:01 1970927                    /lib/x86_64-linux-gnu/libgpg-error.so.0.19.1
7f7b18b28000-7f7b18b29000 r--p 00012000 08:01 1970927                    /lib/x86_64-linux-gnu/libgpg-error.so.0.19.1
7f7b18b29000-7f7b18b2a000 rw-p 00013000 08:01 1970927                    /lib/x86_64-linux-gnu/libgpg-error.so.0.19.1
7f7b18b2a000-7f7b18ca2000 r-xp 00000000 08:01 2238566                    /usr/lib/x86_64-linux-gnu/libstdc++.so.6.0.22
7f7b18ca2000-7f7b18ea2000 ---p 00178000 08:01 2238566                    /usr/lib/x86_64-linux-gnu/libstdc++.so.6.0.22
7f7b18ea2000-7f7b18eac000 r--p 00178000 08:01 2238566                    /usr/lib/x86_64-linux-gnu/libstdc++.so.6.0.22
7f7b18eac000-7f7b18eae000 rw-p 00182000 08:01 2238566                    /usr/lib/x86_64-linux-gnu/libstdc++.so.6.0.22
7f7b18eae000-7f7b18eb2000 rw-p 00000000 00:00 0 
7f7b18eb2000-7f7b18ebd000 r-xp 00000000 08:01 2237663                    /usr/lib/x86_64-linux-gnu/libdrm_radeon.so.1.0.1
7f7b18ebd000-7f7b190bc000 ---p 0000b000 08:01 2237663                    /usr/lib/x86_64-linux-gnu/libdrm_radeon.so.1.0.1
7f7b190bc000-7f7b190bd000 r--p 0000a000 08:01 2237663                    /usr/lib/x86_64-linux-gnu/libdrm_radeon.so.1.0.1
7f7b190bd000-7f7b190be000 rw-p 0000b000 08:01 2237663                    /usr/lib/x86_64-linux-gnu/libdrm_radeon.so.1.0.1
7f7b190be000-7f7b190c5000 r-xp 00000000 08:01 2237661                    /usr/lib/x86_64-linux-gnu/libdrm_nouveau.so.2.0.0
7f7b190c5000-7f7b192c4000 ---p 00007000 08:01 2237661                    /usr/lib/x86_64-linux-gnu/libdrm_nouveau.so.2.0.0
7f7b192c4000-7f7b192c5000 r--p 00006000 08:01 2237661                    /usr/lib/x86_64-linux-gnu/libdrm_nouveau.so.2.0.0
7f7b192c5000-7f7b192c6000 rw-p 00007000 08:01 2237661                    /usr/lib/x86_64-linux-gnu/libdrm_nouveau.so.2.0.0
7f7b192c6000-7f7b192e6000 r-xp 00000000 08:01 2237659                    /usr/lib/x86_64-linux-gnu/libdrm_intel.so.1.0.0
7f7b192e6000-7f7b194e5000 ---p 00020000 08:01 2237659                    /usr/lib/x86_64-linux-gnu/libdrm_intel.so.1.0.0
7f7b194e5000-7f7b194e6000 r--p 0001f000 08:01 2237659                    /usr/lib/x86_64-linux-gnu/libdrm_intel.so.1.0.0
7f7b194e6000-7f7b194e7000 rw-p 00020000 08:01 2237659                    /usr/lib/x86_64-linux-gnu/libdrm_intel.so.1.0.0
7f7b194e7000-7f7b195ee000 r-xp 00000000 08:01 1970923                    /lib/x86_64-linux-gnu/libgcrypt.so.20.1.2
7f7b195ee000-7f7b197ed000 ---p 00107000 08:01 1970923                    /lib/x86_64-linux-gnu/libgcrypt.so.20.1.2
7f7b197ed000-7f7b197ef000 r--p 00106000 08:01 1970923                    /lib/x86_64-linux-gnu/libgcrypt.so.20.1.2
7f7b197ef000-7f7b197f6000 rw-p 00108000 08:01 1970923                    /lib/x86_64-linux-gnu/libgcrypt.so.20.1.2
7f7b197f6000-7f7b19e99000 r-xp 00000000 08:01 2492894                    /usr/lib/x86_64-linux-gnu/dri/i965_dri.so
7f7b19e99000-7f7b1a099000 ---p 006a3000 08:01 2492894                    /usr/lib/x86_64-linux-gnu/dri/i965_dri.so
7f7b1a099000-7f7b1a0d8000 r--p 006a3000 08:01 2492894                    /usr/lib/x86_64-linux-gnu/dri/i965_dri.so
7f7b1a0d8000-7f7b1a0e0000 rw-p 006e2000 08:01 2492894                    /usr/lib/x86_64-linux-gnu/dri/i965_dri.so
7f7b1a0e0000-7f7b1a0e8000 rw-p 00000000 00:00 0 
7f7b1a0e8000-7f7b1a0f6000 r-xp 00000000 08:01 2237655                    /usr/lib/x86_64-linux-gnu/libdrm.so.2.4.0
7f7b1a0f6000-7f7b1a2f5000 ---p 0000e000 08:01 2237655                    /usr/lib/x86_64-linux-gnu/libdrm.so.2.4.0
7f7b1a2f5000-7f7b1a2f6000 r--p 0000d000 08:01 2237655                    /usr/lib/x86_64-linux-gnu/libdrm.so.2.4.0
7f7b1a2f6000-7f7b1a2f7000 rw-p 0000e000 08:01 2237655                    /usr/lib/x86_64-linux-gnu/libdrm.so.2.4.0
7f7b1a2f7000-7f7b1a2fb000 r-xp 00000000 08:01 2238838                    /usr/lib/x86_64-linux-gnu/libxcb-dri2.so.0.0.0
7f7b1a2fb000-7f7b1a4fa000 ---p 00004000 08:01 2238838                    /usr/lib/x86_64-linux-gnu/libxcb-dri2.so.0.0.0
7f7b1a4fa000-7f7b1a4fb000 r--p 00003000 08:01 2238838                    /usr/lib/x86_64-linux-gnu/libxcb-dri2.so.0.0.0
7f7b1a4fb000-7f7b1a4fc000 rw-p 00004000 08:01 2238838                    /usr/lib/x86_64-linux-gnu/libxcb-dri2.so.0.0.0
7f7b1a4fc000-7f7b1a513000 r-xp 00000000 08:01 2238842                    /usr/lib/x86_64-linux-gnu/libxcb-glx.so.0.0.0
7f7b1a513000-7f7b1a712000 ---p 00017000 08:01 2238842                    /usr/lib/x86_64-linux-gnu/libxcb-glx.so.0.0.0
7f7b1a712000-7f7b1a714000 r--p 00016000 08:01 2238842                    /usr/lib/x86_64-linux-gnu/libxcb-glx.so.0.0.0
7f7b1a714000-7f7b1a715000 rw-p 00018000 08:01 2238842                    /usr/lib/x86_64-linux-gnu/libxcb-glx.so.0.0.0
7f7b1a715000-7f7b1a717000 r-xp 00000000 08:01 2237347                    /usr/lib/x86_64-linux-gnu/libXdamage.so.1.1.0
7f7b1a717000-7f7b1a916000 ---p 00002000 08:01 2237347                    /usr/lib/x86_64-linux-gnu/libXdamage.so.1.1.0
7f7b1a916000-7f7b1a917000 r--p 00001000 08:01 2237347                    /usr/lib/x86_64-linux-gnu/libXdamage.so.1.1.0
7f7b1a917000-7f7b1a918000 rw-p 00002000 08:01 2237347                    /usr/lib/x86_64-linux-gnu/libXdamage.so.1.1.0
7f7b1a918000-7f7b1a942000 r-xp 00000000 08:01 2237864                    /usr/lib/x86_64-linux-gnu/libglapi.so.0.0.0
7f7b1a942000-7f7b1ab41000 ---p 0002a000 08:01 2237864                    /usr/lib/x86_64-linux-gnu/libglapi.so.0.0.0
7f7b1ab41000-7f7b1ab45000 r--p 00029000 08:01 2237864                    /usr/lib/x86_64-linux-gnu/libglapi.so.0.0.0
7f7b1ab45000-7f7b1ab46000 rw-p 0002d000 08:01 2237864                    /usr/lib/x86_64-linux-gnu/libglapi.so.0.0.0
7f7b1ab46000-7f7b1ab47000 rw-p 00000000 00:00 0 
7f7b1ab47000-7f7b1ab48000 r-xp 00000000 08:01 2238884                    /usr/lib/x86_64-linux-gnu/libxshmfence.so.1.0.0
7f7b1ab48000-7f7b1ad48000 ---p 00001000 08:01 2238884                    /usr/lib/x86_64-linux-gnu/libxshmfence.so.1.0.0
7f7b1ad48000-7f7b1ad49000 r--p 00001000 08:01 2238884                    /usr/lib/x86_64-linux-gnu/libxshmfence.so.1.0.0
7f7b1ad49000-7f7b1ad4a000 rw-p 00002000 08:01 2238884                    /usr/lib/x86_64-linux-gnu/libxshmfence.so.1.0.0
7f7b1ad4a000-7f7b1ad4f000 r-xp 00000000 08:01 2238862                    /usr/lib/x86_64-linux-gnu/libxcb-sync.so.1.0.0
7f7b1ad4f000-7f7b1af4f000 ---p 00005000 08:01 2238862                    /usr/lib/x86_64-linux-gnu/libxcb-sync.so.1.0.0
7f7b1af4f000-7f7b1af50000 r--p 00005000 08:01 2238862                    /usr/lib/x86_64-linux-gnu/libxcb-sync.so.1.0.0
7f7b1af50000-7f7b1af51000 rw-p 00006000 08:01 2238862                    /usr/lib/x86_64-linux-gnu/libxcb-sync.so.1.0.0
7f7b1af51000-7f7b1af53000 r-xp 00000000 08:01 2238850                    /usr/lib/x86_64-linux-gnu/libxcb-present.so.0.0.0
7f7b1af53000-7f7b1b152000 ---p 00002000 08:01 2238850                    /usr/lib/x86_64-linux-gnu/libxcb-present.so.0.0.0
7f7b1b152000-7f7b1b153000 r--p 00001000 08:01 2238850                    /usr/lib/x86_64-linux-gnu/libxcb-present.so.0.0.0
7f7b1b153000-7f7b1b154000 rw-p 00002000 08:01 2238850                    /usr/lib/x86_64-linux-gnu/libxcb-present.so.0.0.0
7f7b1b154000-7f7b1b156000 r-xp 00000000 08:01 2238840                    /usr/lib/x86_64-linux-gnu/libxcb-dri3.so.0.0.0
7f7b1b156000-7f7b1b355000 ---p 00002000 08:01 2238840                    /usr/lib/x86_64-linux-gnu/libxcb-dri3.so.0.0.0
7f7b1b355000-7f7b1b356000 r--p 00001000 08:01 2238840                    /usr/lib/x86_64-linux-gnu/libxcb-dri3.so.0.0.0
7f7b1b356000-7f7b1b357000 rw-p 00002000 08:01 2238840                    /usr/lib/x86_64-linux-gnu/libxcb-dri3.so.0.0.0
7f7b1b357000-7f7b1b37e000 r-xp 00000000 08:01 1970914                    /lib/x86_64-linux-gnu/libexpat.so.1.6.2
7f7b1b37e000-7f7b1b57e000 ---p 00027000 08:01 1970914                    /lib/x86_64-linux-gnu/libexpat.so.1.6.2
7f7b1b57e000-7f7b1b580000 r--p 00027000 08:01 1970914                    /lib/x86_64-linux-gnu/libexpat.so.1.6.2
7f7b1b580000-7f7b1b581000 rw-p 00029000 08:01 1970914                    /lib/x86_64-linux-gnu/libexpat.so.1.6.2
7f7b1b581000-7f7b1b5f1000 r-xp 00000000 08:01 2625621                    /usr/lib/x86_64-linux-gnu/mesa/libGL.so.1.2.0
7f7b1b5f1000-7f7b1b7f0000 ---p 00070000 08:01 2625621                    /usr/lib/x86_64-linux-gnu/mesa/libGL.so.1.2.0
7f7b1b7f0000-7f7b1b7f3000 r--p 0006f000 08:01 2625621                    /usr/lib/x86_64-linux-gnu/mesa/libGL.so.1.2.0
7f7b1b7f3000-7f7b1b7f4000 rw-p 00072000 08:01 2625621                    /usr/lib/x86_64-linux-gnu/mesa/libGL.so.1.2.0
7f7b1b7f4000-7f7b1b7f5000 rw-p 00000000 00:00 0 
7f7b1b7f5000-7f7b1b7f6000 r-xp 00000000 08:01 2237332                    /usr/lib/x86_64-linux-gnu/libX11-xcb.so.1.0.0
7f7b1b7f6000-7f7b1b9f5000 ---p 00001000 08:01 2237332                    /usr/lib/x86_64-linux-gnu/libX11-xcb.so.1.0.0
7f7b1b9f5000-7f7b1b9f6000 r--p 00000000 08:01 2237332                    /usr/lib/x86_64-linux-gnu/libX11-xcb.so.1.0.0
7f7b1b9f6000-7f7b1b9f7000 rw-p 00001000 08:01 2237332                    /usr/lib/x86_64-linux-gnu/libX11-xcb.so.1.0.0
7f7b1b9f7000-7f7b1b9fc000 r-xp 00000000 08:01 2237387                    /usr/lib/x86_64-linux-gnu/libXxf86vm.so.1.0.0
7f7b1b9fc000-7f7b1bbfb000 ---p 00005000 08:01 2237387                    /usr/lib/x86_64-linux-gnu/libXxf86vm.so.1.0.0
7f7b1bbfb000-7f7b1bbfc000 r--p 00004000 08:01 2237387                    /usr/lib/x86_64-linux-gnu/libXxf86vm.so.1.0.0
7f7b1bbfc000-7f7b1bbfd000 rw-p 00005000 08:01 2237387                    /usr/lib/x86_64-linux-gnu/libXxf86vm.so.1.0.0
7f7b1bbfd000-7f7b1bdfd000 rw-p 00000000 00:00 0 
7f7b1bdfd000-7f7b1bdff000 r-xp 00000000 08:01 2237361                    /usr/lib/x86_64-linux-gnu/libXinerama.so.1.0.0
7f7b1bdff000-7f7b1bffe000 ---p 00002000 08:01 2237361                    /usr/lib/x86_64-linux-gnu/libXinerama.so.1.0.0
7f7b1bffe000-7f7b1bfff000 r--p 00001000 08:01 2237361                    /usr/lib/x86_64-linux-gnu/libXinerama.so.1.0.0
7f7b1bfff000-7f7b1c000000 rw-p 00002000 08:01 2237361                    /usr/lib/x86_64-linux-gnu/libXinerama.so.1.0.0
7f7b1c000000-7f7b1c021000 rw-p 00000000 00:00 0 
7f7b1c021000-7f7b20000000 ---p 00000000 00:00 0 
7f7b20000000-7f7b20021000 rw-p 00000000 00:00 0 
7f7b20021000-7f7b24000000 ---p 00000000 00:00 0 
7f7b24000000-7f7b24021000 rw-p 00000000 00:00 0 
7f7b24021000-7f7b28000000 ---p 00000000 00:00 0 
7f7b28000000-7f7b28ce3000 rw-p 00000000 00:00 0 
7f7b28ce3000-7f7b2c000000 ---p 00000000 00:00 0 
7f7b2c000000-7f7b2c304000 rw-p 00000000 00:00 0 
7f7b2c304000-7f7b30000000 ---p 00000000 00:00 0 
7f7b30000000-7f7b30021000 rw-p 00000000 00:00 0 
7f7b30021000-7f7b34000000 ---p 00000000 00:00 0 
7f7b34000000-7f7b341f0000 rw-p 00000000 00:00 0 
7f7b341f0000-7f7b38000000 ---p 00000000 00:00 0 
7f7b38000000-7f7b381cd000 rw-p 00000000 00:00 0 
7f7b381cd000-7f7b3c000000 ---p 00000000 00:00 0 
7f7b3c000000-7f7b3c021000 rw-p 00000000 00:00 0 
7f7b3c021000-7f7b40000000 ---p 00000000 00:00 0 
7f7b40000000-7f7b40021000 rw-p 00000000 00:00 0 
7f7b40021000-7f7b44000000 ---p 00000000 00:00 0 
7f7b44000000-7f7b44021000 rw-p 00000000 00:00 0 
7f7b44021000-7f7b48000000 ---p 00000000 00:00 0 
7f7b48000000-7f7b48021000 rw-p 00000000 00:00 0 
7f7b48021000-7f7b4c000000 ---p 00000000 00:00 0 
7f7b4c000000-7f7b4c021000 rw-p 00000000 00:00 0 
7f7b4c021000-7f7b50000000 ---p 00000000 00:00 0 
7f7b50000000-7f7b50021000 rw-p 00000000 00:00 0 
7f7b50021000-7f7b54000000 ---p 00000000 00:00 0 
7f7b540d4000-7f7b540d7000 ---p 00000000 00:00 0 
7f7b540d7000-7f7b541d5000 rw-p 00000000 00:00 0 
7f7b541d5000-7f7b541df000 r-xp 00000000 08:01 2237369                    /usr/lib/x86_64-linux-gnu/libXrandr.so.2.2.0
7f7b541df000-7f7b543de000 ---p 0000a000 08:01 2237369                    /usr/lib/x86_64-linux-gnu/libXrandr.so.2.2.0
7f7b543de000-7f7b543df000 r--p 00009000 08:01 2237369                    /usr/lib/x86_64-linux-gnu/libXrandr.so.2.2.0
7f7b543df000-7f7b543e0000 rw-p 0000a000 08:01 2237369                    /usr/lib/x86_64-linux-gnu/libXrandr.so.2.2.0
7f7b543e0000-7f7b543fe000 r-xp 00000000 08:01 1050038                    /tmp/lwjglnoko/3.1.1-build-16/libglfw.so
7f7b543fe000-7f7b545fd000 ---p 0001e000 08:01 1050038                    /tmp/lwjglnoko/3.1.1-build-16/libglfw.so
7f7b545fd000-7f7b545fe000 r--p 0001d000 08:01 1050038                    /tmp/lwjglnoko/3.1.1-build-16/libglfw.so
7f7b545fe000-7f7b545ff000 rw-p 0001e000 08:01 1050038                    /tmp/lwjglnoko/3.1.1-build-16/libglfw.so
7f7b545ff000-7f7b54600000 rw-p 00000000 00:00 0 
7f7b54600000-7f7b54800000 rw-p 00000000 00:00 0 
7f7b548db000-7f7b54914000 r-xp 00000000 08:01 1050037                    /tmp/lwjglnoko/3.1.1-build-16/libjemalloc.so
7f7b54914000-7f7b54b13000 ---p 00039000 08:01 1050037                    /tmp/lwjglnoko/3.1.1-build-16/libjemalloc.so
7f7b54b13000-7f7b54b16000 r--p 00038000 08:01 1050037                    /tmp/lwjglnoko/3.1.1-build-16/libjemalloc.so
7f7b54b16000-7f7b54b17000 rw-p 0003b000 08:01 1050037                    /tmp/lwjglnoko/3.1.1-build-16/libjemalloc.so
7f7b54b17000-7f7b54b18000 rw-p 00000000 00:00 0 
7f7b54b18000-7f7b54b63000 r-xp 00000000 08:01 1050036                    /tmp/lwjglnoko/3.1.1-build-16/liblwjgl.so
7f7b54b63000-7f7b54d63000 ---p 0004b000 08:01 1050036                    /tmp/lwjglnoko/3.1.1-build-16/liblwjgl.so
7f7b54d63000-7f7b54d64000 r--p 0004b000 08:01 1050036                    /tmp/lwjglnoko/3.1.1-build-16/liblwjgl.so
7f7b54d64000-7f7b54d65000 rw-p 0004c000 08:01 1050036                    /tmp/lwjglnoko/3.1.1-build-16/liblwjgl.so
7f7b54d65000-7f7b54d68000 ---p 00000000 00:00 0 
7f7b54d68000-7f7b54e66000 rw-p 00000000 00:00 0 
7f7b54e66000-7f7b54e6b000 r-xp 00000000 08:01 2237353                    /usr/lib/x86_64-linux-gnu/libXfixes.so.3.1.0
7f7b54e6b000-7f7b5506a000 ---p 00005000 08:01 2237353                    /usr/lib/x86_64-linux-gnu/libXfixes.so.3.1.0
7f7b5506a000-7f7b5506b000 r--p 00004000 08:01 2237353                    /usr/lib/x86_64-linux-gnu/libXfixes.so.3.1.0
7f7b5506b000-7f7b5506c000 rw-p 00005000 08:01 2237353                    /usr/lib/x86_64-linux-gnu/libXfixes.so.3.1.0
7f7b5506c000-7f7b55075000 r-xp 00000000 08:01 2237345                    /usr/lib/x86_64-linux-gnu/libXcursor.so.1.0.2
7f7b55075000-7f7b55274000 ---p 00009000 08:01 2237345                    /usr/lib/x86_64-linux-gnu/libXcursor.so.1.0.2
7f7b55274000-7f7b55275000 r--p 00008000 08:01 2237345                    /usr/lib/x86_64-linux-gnu/libXcursor.so.1.0.2
7f7b55275000-7f7b55276000 rw-p 00009000 08:01 2237345                    /usr/lib/x86_64-linux-gnu/libXcursor.so.1.0.2
7f7b55276000-7f7b5528c000 r-xp 00000000 08:01 3150723                    /usr/lib/jvm/java-8-oracle/jre/lib/amd64/libnet.so
7f7b5528c000-7f7b5548c000 ---p 00016000 08:01 3150723                    /usr/lib/jvm/java-8-oracle/jre/lib/amd64/libnet.so
7f7b5548c000-7f7b5548d000 rw-p 00016000 08:01 3150723                    /usr/lib/jvm/java-8-oracle/jre/lib/amd64/libnet.so
7f7b5548d000-7f7b5549e000 r-xp 00000000 08:01 3150748                    /usr/lib/jvm/java-8-oracle/jre/lib/amd64/libnio.so
7f7b5549e000-7f7b5569d000 ---p 00011000 08:01 3150748                    /usr/lib/jvm/java-8-oracle/jre/lib/amd64/libnio.so
7f7b5569d000-7f7b5569e000 rw-p 00010000 08:01 3150748                    /usr/lib/jvm/java-8-oracle/jre/lib/amd64/libnio.so
7f7b5569e000-7f7b556a1000 ---p 00000000 00:00 0 
7f7b556a1000-7f7b5579f000 rw-p 00000000 00:00 0 
7f7b5579f000-7f7b557b5000 r-xp 00000000 08:01 1970921                    /lib/x86_64-linux-gnu/libgcc_s.so.1
7f7b557b5000-7f7b559b4000 ---p 00016000 08:01 1970921                    /lib/x86_64-linux-gnu/libgcc_s.so.1
7f7b559b4000-7f7b559b5000 r--p 00015000 08:01 1970921                    /lib/x86_64-linux-gnu/libgcc_s.so.1
7f7b559b5000-7f7b559b6000 rw-p 00016000 08:01 1970921                    /lib/x86_64-linux-gnu/libgcc_s.so.1
7f7b559b6000-7f7b55a1b000 r-xp 00000000 08:01 3150742                    /usr/lib/jvm/java-8-oracle/jre/lib/amd64/libfontmanager.so
7f7b55a1b000-7f7b55c1a000 ---p 00065000 08:01 3150742                    /usr/lib/jvm/java-8-oracle/jre/lib/amd64/libfontmanager.so
7f7b55c1a000-7f7b55c1f000 rw-p 00064000 08:01 3150742                    /usr/lib/jvm/java-8-oracle/jre/lib/amd64/libfontmanager.so
7f7b55c1f000-7f7b55c2f000 rw-p 00000000 00:00 0 
7f7b55c2f000-7f7b55c32000 ---p 00000000 00:00 0 
7f7b55c32000-7f7b55d30000 rw-p 00000000 00:00 0 
7f7b55d30000-7f7b55d35000 r-xp 00000000 08:01 2237349                    /usr/lib/x86_64-linux-gnu/libXdmcp.so.6.0.0
7f7b55d35000-7f7b55f34000 ---p 00005000 08:01 2237349                    /usr/lib/x86_64-linux-gnu/libXdmcp.so.6.0.0
7f7b55f34000-7f7b55f35000 r--p 00004000 08:01 2237349                    /usr/lib/x86_64-linux-gnu/libXdmcp.so.6.0.0
7f7b55f35000-7f7b55f36000 rw-p 00005000 08:01 2237349                    /usr/lib/x86_64-linux-gnu/libXdmcp.so.6.0.0
7f7b55f36000-7f7b55f38000 r-xp 00000000 08:01 2237338                    /usr/lib/x86_64-linux-gnu/libXau.so.6.0.0
7f7b55f38000-7f7b56138000 ---p 00002000 08:01 2237338                    /usr/lib/x86_64-linux-gnu/libXau.so.6.0.0
7f7b56138000-7f7b56139000 r--p 00002000 08:01 2237338                    /usr/lib/x86_64-linux-gnu/libXau.so.6.0.0
7f7b56139000-7f7b5613a000 rw-p 00003000 08:01 2237338                    /usr/lib/x86_64-linux-gnu/libXau.so.6.0.0
7f7b5613a000-7f7b5615b000 r-xp 00000000 08:01 2238872                    /usr/lib/x86_64-linux-gnu/libxcb.so.1.1.0
7f7b5615b000-7f7b5635a000 ---p 00021000 08:01 2238872                    /usr/lib/x86_64-linux-gnu/libxcb.so.1.1.0
7f7b5635a000-7f7b5635b000 r--p 00020000 08:01 2238872                    /usr/lib/x86_64-linux-gnu/libxcb.so.1.1.0
7f7b5635b000-7f7b5635c000 rw-p 00021000 08:01 2238872                    /usr/lib/x86_64-linux-gnu/libxcb.so.1.1.0
7f7b5635c000-7f7b5636b000 r-xp 00000000 08:01 2237359                    /usr/lib/x86_64-linux-gnu/libXi.so.6.1.0
7f7b5636b000-7f7b5656a000 ---p 0000f000 08:01 2237359                    /usr/lib/x86_64-linux-gnu/libXi.so.6.1.0
7f7b5656a000-7f7b5656b000 r--p 0000e000 08:01 2237359                    /usr/lib/x86_64-linux-gnu/libXi.so.6.1.0
7f7b5656b000-7f7b5656c000 rw-p 0000f000 08:01 2237359                    /usr/lib/x86_64-linux-gnu/libXi.so.6.1.0
7f7b5656c000-7f7b56571000 r-xp 00000000 08:01 2237377                    /usr/lib/x86_64-linux-gnu/libXtst.so.6.1.0
7f7b56571000-7f7b56770000 ---p 00005000 08:01 2237377                    /usr/lib/x86_64-linux-gnu/libXtst.so.6.1.0
7f7b56770000-7f7b56771000 r--p 00004000 08:01 2237377                    /usr/lib/x86_64-linux-gnu/libXtst.so.6.1.0
7f7b56771000-7f7b56772000 rw-p 00005000 08:01 2237377                    /usr/lib/x86_64-linux-gnu/libXtst.so.6.1.0
7f7b56772000-7f7b5677b000 r-xp 00000000 08:01 2237371                    /usr/lib/x86_64-linux-gnu/libXrender.so.1.3.0
7f7b5677b000-7f7b5697a000 ---p 00009000 08:01 2237371                    /usr/lib/x86_64-linux-gnu/libXrender.so.1.3.0
7f7b5697a000-7f7b5697b000 r--p 00008000 08:01 2237371                    /usr/lib/x86_64-linux-gnu/libXrender.so.1.3.0
7f7b5697b000-7f7b5697c000 rw-p 00009000 08:01 2237371                    /usr/lib/x86_64-linux-gnu/libXrender.so.1.3.0
7f7b5697c000-7f7b56ab1000 r-xp 00000000 08:01 2237334                    /usr/lib/x86_64-linux-gnu/libX11.so.6.3.0
7f7b56ab1000-7f7b56cb0000 ---p 00135000 08:01 2237334                    /usr/lib/x86_64-linux-gnu/libX11.so.6.3.0
7f7b56cb0000-7f7b56cb1000 r--p 00134000 08:01 2237334                    /usr/lib/x86_64-linux-gnu/libX11.so.6.3.0
7f7b56cb1000-7f7b56cb5000 rw-p 00135000 08:01 2237334                    /usr/lib/x86_64-linux-gnu/libX11.so.6.3.0
7f7b56cb5000-7f7b56cc6000 r-xp 00000000 08:01 2237351                    /usr/lib/x86_64-linux-gnu/libXext.so.6.4.0
7f7b56cc6000-7f7b56ec5000 ---p 00011000 08:01 2237351                    /usr/lib/x86_64-linux-gnu/libXext.so.6.4.0
7f7b56ec5000-7f7b56ec6000 r--p 00010000 08:01 2237351                    /usr/lib/x86_64-linux-gnu/libXext.so.6.4.0
7f7b56ec6000-7f7b56ec7000 rw-p 00011000 08:01 2237351                    /usr/lib/x86_64-linux-gnu/libXext.so.6.4.0
7f7b56ec7000-7f7b56f1b000 r-xp 00000000 08:01 3150750                    /usr/lib/jvm/java-8-oracle/jre/lib/amd64/libawt_xawt.so
7f7b56f1b000-7f7b5711b000 ---p 00054000 08:01 3150750                    /usr/lib/jvm/java-8-oracle/jre/lib/amd64/libawt_xawt.so
7f7b5711b000-7f7b5711f000 rw-p 00054000 08:01 3150750                    /usr/lib/jvm/java-8-oracle/jre/lib/amd64/libawt_xawt.so
7f7b5711f000-7f7b57120000 rw-p 00000000 00:00 0 
7f7b57120000-7f7b571c2000 r-xp 00000000 08:01 3150777                    /usr/lib/jvm/java-8-oracle/jre/lib/amd64/libawt.so
7f7b571c2000-7f7b573c2000 ---p 000a2000 08:01 3150777                    /usr/lib/jvm/java-8-oracle/jre/lib/amd64/libawt.so
7f7b573c2000-7f7b573ce000 rw-p 000a2000 08:01 3150777                    /usr/lib/jvm/java-8-oracle/jre/lib/amd64/libawt.so
7f7b573ce000-7f7b573f2000 rw-p 00000000 00:00 0 
7f7b573f2000-7f7b573f3000 ---p 00000000 00:00 0 
7f7b573f3000-7f7b574f3000 rw-p 00000000 00:00 0 
7f7b574f3000-7f7b574f6000 ---p 00000000 00:00 0 
7f7b574f6000-7f7b575f4000 rw-p 00000000 00:00 0 
7f7b575f4000-7f7b575f7000 ---p 00000000 00:00 0 
7f7b575f7000-7f7b576f5000 rw-p 00000000 00:00 0 
7f7b576f5000-7f7b576f8000 ---p 00000000 00:00 0 
7f7b576f8000-7f7b577f6000 rw-p 00000000 00:00 0 
7f7b577f6000-7f7b577f9000 ---p 00000000 00:00 0 
7f7b577f9000-7f7b578f7000 rw-p 00000000 00:00 0 
7f7b578f7000-7f7b578fa000 ---p 00000000 00:00 0 
7f7b578fa000-7f7b579f8000 rw-p 00000000 00:00 0 
7f7b579f8000-7f7b579fb000 ---p 00000000 00:00 0 
7f7b579fb000-7f7b57af9000 rw-p 00000000 00:00 0 
7f7b57af9000-7f7b57afc000 ---p 00000000 00:00 0 
7f7b57afc000-7f7b57bfa000 rw-p 00000000 00:00 0 
7f7b57bfa000-7f7b57bfe000 r-xp 00000000 08:01 3150762                    /usr/lib/jvm/java-8-oracle/jre/lib/amd64/libdt_socket.so
7f7b57bfe000-7f7b57dfd000 ---p 00004000 08:01 3150762                    /usr/lib/jvm/java-8-oracle/jre/lib/amd64/libdt_socket.so
7f7b57dfd000-7f7b57dfe000 rw-p 00003000 08:01 3150762                    /usr/lib/jvm/java-8-oracle/jre/lib/amd64/libdt_socket.so
7f7b57dfe000-7f7b57e01000 ---p 00000000 00:00 0 
7f7b57e01000-7f7b57eff000 rw-p 00000000 00:00 0 
7f7b57eff000-7f7b57f02000 ---p 00000000 00:00 0 
7f7b57f02000-7f7b58000000 rw-p 00000000 00:00 0 
7f7b58000000-7f7b58021000 rw-p 00000000 00:00 0 
7f7b58021000-7f7b5c000000 ---p 00000000 00:00 0 
7f7b5c000000-7f7b5c021000 rw-p 00000000 00:00 0 
7f7b5c021000-7f7b60000000 ---p 00000000 00:00 0 
7f7b60000000-7f7b60021000 rw-p 00000000 00:00 0 
7f7b60021000-7f7b64000000 ---p 00000000 00:00 0 
7f7b64000000-7f7b64021000 rw-p 00000000 00:00 0 
7f7b64021000-7f7b68000000 ---p 00000000 00:00 0 
7f7b68000000-7f7b68021000 rw-p 00000000 00:00 0 
7f7b68021000-7f7b6c000000 ---p 00000000 00:00 0 
7f7b6c06c000-7f7b6c070000 rw-s 00000000 00:05 296837                     /drm mm object (deleted)
7f7b6c070000-7f7b6c074000 r--s 00097000 08:01 3150708                    /usr/lib/jvm/java-8-oracle/jre/lib/jsse.jar
7f7b6c074000-7f7b6c075000 rwxp 00000000 00:00 0 
7f7b6c075000-7f7b6c093000 r-xp 00000000 08:01 1971052                    /lib/x86_64-linux-gnu/libudev.so.1.6.5
7f7b6c093000-7f7b6c094000 ---p 0001e000 08:01 1971052                    /lib/x86_64-linux-gnu/libudev.so.1.6.5
7f7b6c094000-7f7b6c095000 r--p 0001e000 08:01 1971052                    /lib/x86_64-linux-gnu/libudev.so.1.6.5
7f7b6c095000-7f7b6c096000 rw-p 0001f000 08:01 1971052                    /lib/x86_64-linux-gnu/libudev.so.1.6.5
7f7b6c096000-7f7b6c097000 rwxp 00000000 00:00 0 
7f7b6c097000-7f7b6c098000 rw-s 00000000 00:05 296660                     /memfd:xshmfence (deleted)
7f7b6c098000-7f7b6c0a0000 rw-s 00000000 00:05 296658                     /drm mm object (deleted)
7f7b6c0a0000-7f7b6c0a8000 rw-s 00000000 00:05 296657                     /drm mm object (deleted)
7f7b6c0a8000-7f7b6c0a9000 rw-s 00000000 00:05 296654                     /drm mm object (deleted)
7f7b6c0a9000-7f7b6c0aa000 rw-s 102beb000 00:06 370                       /dev/dri/card0
7f7b6c0aa000-7f7b6c0b2000 rw-s 00000000 00:05 296652                     /drm mm object (deleted)
7f7b6c0b2000-7f7b6c0b9000 r--s 00000000 08:01 2493305                    /usr/lib/x86_64-linux-gnu/gconv/gconv-modules.cache
7f7b6c0b9000-7f7b6c0ba000 rwxp 00000000 00:00 0 
7f7b6c0ba000-7f7b6c0bb000 r--s 00004000 08:11 66448                      /media/noko/My Passport/LiveSystem/Test/LWJGL3/lwjgl-xxhash.jar
7f7b6c0bb000-7f7b6c0bc000 r--s 00001000 08:11 66447                      /media/noko/My Passport/LiveSystem/Test/LWJGL3/lwjgl-xxhash-natives-linux.jar
7f7b6c0bc000-7f7b6c0c5000 r--s 000a6000 08:11 66455                      /media/noko/My Passport/LiveSystem/Test/LWJGL3/lwjgl-vulkan.jar
7f7b6c0c5000-7f7b6c0ca000 r--s 000ac000 08:11 66454                      /media/noko/My Passport/LiveSystem/Test/LWJGL3/lwjgl-vulkan-sources.jar
7f7b6c0ca000-7f7b6c0cb000 r--s 00001000 08:11 66443                      /media/noko/My Passport/LiveSystem/Test/LWJGL3/lwjgl-tinyfd.jar
7f7b6c0cb000-7f7b6c0cc000 r--s 00007000 08:11 66445                      /media/noko/My Passport/LiveSystem/Test/LWJGL3/lwjgl-tinyfd-natives-linux.jar
7f7b6c0cc000-7f7b6c0cf000 r--s 00012000 08:11 66439                      /media/noko/My Passport/LiveSystem/Test/LWJGL3/lwjgl-stb.jar
7f7b6c0cf000-7f7b6c0d0000 r--s 0002c000 08:11 66438                      /media/noko/My Passport/LiveSystem/Test/LWJGL3/lwjgl-stb-natives-linux.jar
7f7b6c0d0000-7f7b6c0d1000 r--s 00000000 08:11 66433                      /media/noko/My Passport/LiveSystem/Test/LWJGL3/lwjgl-sse.jar
7f7b6c0d1000-7f7b6c0d2000 r--s 00000000 08:11 66432                      /media/noko/My Passport/LiveSystem/Test/LWJGL3/lwjgl-sse-natives-linux.jar
7f7b6c0d2000-7f7b6c0d4000 r--s 00058000 08:11 66434                      /media/noko/My Passport/LiveSystem/Test/LWJGL3/lwjgl-sse-javadoc.jar
7f7b6c0d4000-7f7b6c0d6000 r--s 00001000 08:11 66429                      /media/noko/My Passport/LiveSystem/Test/LWJGL3/lwjgl-par.jar
7f7b6c0d6000-7f7b6c0d7000 r--s 00005000 08:11 66425                      /media/noko/My Passport/LiveSystem/Test/LWJGL3/lwjgl-par-natives-linux.jar
7f7b6c0d7000-7f7b6c0dd000 r--s 00048000 08:11 66424                      /media/noko/My Passport/LiveSystem/Test/LWJGL3/lwjgl-opengles.jar
7f7b6c0dd000-7f7b6c0de000 r--s 00007000 08:11 66422                      /media/noko/My Passport/LiveSystem/Test/LWJGL3/lwjgl-opengles-natives-linux.jar
7f7b6c0de000-7f7b6c0e7000 r--s 000ba000 08:11 66427                      /media/noko/My Passport/LiveSystem/Test/LWJGL3/lwjgl-opengl.jar
7f7b6c0e7000-7f7b6c0ea000 r--s 00023000 08:11 66420                      /media/noko/My Passport/LiveSystem/Test/LWJGL3/lwjgl-opencl.jar
7f7b6c0ea000-7f7b6c0ed000 ---p 00000000 00:00 0 
7f7b6c0ed000-7f7b6c1eb000 rw-p 00000000 00:00 0 
7f7b6c1eb000-7f7b6c1ec000 ---p 00000000 00:00 0 
7f7b6c1ec000-7f7b6d2ad000 rw-p 00000000 00:00 0 
7f7b6d2ad000-7f7b6d485000 r--s 03d2a000 08:01 3150715                    /usr/lib/jvm/java-8-oracle/jre/lib/rt.jar
7f7b6d485000-7f7b6fcca000 rw-p 00000000 00:00 0 
7f7b6fcca000-7f7b6fccb000 ---p 00000000 00:00 0 
7f7b6fccb000-7f7b6fdcb000 rw-p 00000000 00:00 0 
7f7b6fdcb000-7f7b6fdcc000 ---p 00000000 00:00 0 
7f7b6fdcc000-7f7b6fecc000 rw-p 00000000 00:00 0 
7f7b6fecc000-7f7b6fecd000 ---p 00000000 00:00 0 
7f7b6fecd000-7f7b6ffcd000 rw-p 00000000 00:00 0 
7f7b6ffcd000-7f7b6ffce000 ---p 00000000 00:00 0 
7f7b6ffce000-7f7b700e2000 rw-p 00000000 00:00 0 
7f7b700e2000-7f7b7020e000 ---p 00000000 00:00 0 
7f7b7020e000-7f7b70222000 rw-p 00000000 00:00 0 
7f7b70222000-7f7b7034d000 ---p 00000000 00:00 0 
7f7b7034d000-7f7b70358000 rw-p 00000000 00:00 0 
7f7b70358000-7f7b703ed000 ---p 00000000 00:00 0 
7f7b703ed000-7f7b703fc000 rw-p 00000000 00:00 0 
7f7b703fc000-7f7b707ae000 ---p 00000000 00:00 0 
7f7b707ae000-7f7b70b2e000 rwxp 00000000 00:00 0 
7f7b70b2e000-7f7b7f7ae000 ---p 00000000 00:00 0 
7f7b7f7ae000-7f7b7f7c8000 r-xp 00000000 08:01 3150746                    /usr/lib/jvm/java-8-oracle/jre/lib/amd64/libzip.so
7f7b7f7c8000-7f7b7f9c8000 ---p 0001a000 08:01 3150746                    /usr/lib/jvm/java-8-oracle/jre/lib/amd64/libzip.so
7f7b7f9c8000-7f7b7f9c9000 rw-p 0001a000 08:01 3150746                    /usr/lib/jvm/java-8-oracle/jre/lib/amd64/libzip.so
7f7b7f9c9000-7f7b7f9d4000 r-xp 00000000 08:01 1970978                    /lib/x86_64-linux-gnu/libnss_files-2.24.so
7f7b7f9d4000-7f7b7fbd3000 ---p 0000b000 08:01 1970978                    /lib/x86_64-linux-gnu/libnss_files-2.24.so
7f7b7fbd3000-7f7b7fbd4000 r--p 0000a000 08:01 1970978                    /lib/x86_64-linux-gnu/libnss_files-2.24.so
7f7b7fbd4000-7f7b7fbd5000 rw-p 0000b000 08:01 1970978                    /lib/x86_64-linux-gnu/libnss_files-2.24.so
7f7b7fbd5000-7f7b7fbdb000 rw-p 00000000 00:00 0 
7f7b7fbdb000-7f7b7fbe6000 r-xp 00000000 08:01 1970988                    /lib/x86_64-linux-gnu/libnss_nis-2.24.so
7f7b7fbe6000-7f7b7fde5000 ---p 0000b000 08:01 1970988                    /lib/x86_64-linux-gnu/libnss_nis-2.24.so
7f7b7fde5000-7f7b7fde6000 r--p 0000a000 08:01 1970988                    /lib/x86_64-linux-gnu/libnss_nis-2.24.so
7f7b7fde6000-7f7b7fde7000 rw-p 0000b000 08:01 1970988                    /lib/x86_64-linux-gnu/libnss_nis-2.24.so
7f7b7fde7000-7f7b7fdfd000 r-xp 00000000 08:01 1970972                    /lib/x86_64-linux-gnu/libnsl-2.24.so
7f7b7fdfd000-7f7b7fffc000 ---p 00016000 08:01 1970972                    /lib/x86_64-linux-gnu/libnsl-2.24.so
7f7b7fffc000-7f7b7fffd000 r--p 00015000 08:01 1970972                    /lib/x86_64-linux-gnu/libnsl-2.24.so
7f7b7fffd000-7f7b7fffe000 rw-p 00016000 08:01 1970972                    /lib/x86_64-linux-gnu/libnsl-2.24.so
7f7b7fffe000-7f7b80000000 rw-p 00000000 00:00 0 
7f7b80000000-7f7b8045c000 rw-p 00000000 00:00 0 
7f7b8045c000-7f7b84000000 ---p 00000000 00:00 0 
7f7b84000000-7f7b84001000 r--s 00015000 08:11 66419                      /media/noko/My Passport/LiveSystem/Test/LWJGL3/lwjgl-opengl-natives-linux.jar
7f7b84001000-7f7b84003000 r--s 00010000 08:11 66411                      /media/noko/My Passport/LiveSystem/Test/LWJGL3/lwjgl-openal.jar
7f7b84003000-7f7b84004000 r--s 0004a000 08:11 66417                      /media/noko/My Passport/LiveSystem/Test/LWJGL3/lwjgl-openal-natives-linux.jar
7f7b84004000-7f7b84009000 r--s 00054000 08:11 66414                      /media/noko/My Passport/LiveSystem/Test/LWJGL3/lwjgl-nuklear.jar
7f7b84009000-7f7b8400a000 r--s 0001f000 08:11 66409                      /media/noko/My Passport/LiveSystem/Test/LWJGL3/lwjgl-nuklear-natives-linux.jar
7f7b8400a000-7f7b8400b000 r--s 00001000 08:11 66406                      /media/noko/My Passport/LiveSystem/Test/LWJGL3/lwjgl-nfd.jar
7f7b8400b000-7f7b8400c000 r--s 00001000 08:11 66405                      /media/noko/My Passport/LiveSystem/Test/LWJGL3/lwjgl-nfd-natives-linux.jar
7f7b8400c000-7f7b8400d000 r--s 00011000 08:11 66452                      /media/noko/My Passport/LiveSystem/Test/LWJGL3/lwjgl-natives-linux.jar
7f7b8400d000-7f7b8400f000 r--s 00008000 08:11 66401                      /media/noko/My Passport/LiveSystem/Test/LWJGL3/lwjgl-nanovg.jar
7f7b8400f000-7f7b84010000 r--s 0001f000 08:11 66404                      /media/noko/My Passport/LiveSystem/Test/LWJGL3/lwjgl-nanovg-natives-linux.jar
7f7b84010000-7f7b84012000 r--s 00005000 08:11 66396                      /media/noko/My Passport/LiveSystem/Test/LWJGL3/lwjgl-lmdb.jar
7f7b84012000-7f7b84013000 r--s 0000d000 08:11 66398                      /media/noko/My Passport/LiveSystem/Test/LWJGL3/lwjgl-lmdb-natives-linux.jar
7f7b84013000-7f7b84015000 r--s 00007000 08:11 66391                      /media/noko/My Passport/LiveSystem/Test/LWJGL3/lwjgl-jemalloc.jar
7f7b84015000-7f7b84016000 r--s 00019000 08:11 66390                      /media/noko/My Passport/LiveSystem/Test/LWJGL3/lwjgl-jemalloc-natives-linux.jar
7f7b84016000-7f7b84018000 r--s 00066000 08:11 66389                      /media/noko/My Passport/LiveSystem/Test/LWJGL3/lwjgl-jawt-javadoc.jar
7f7b84018000-7f7b8401b000 r--s 00015000 08:11 66384                      /media/noko/My Passport/LiveSystem/Test/LWJGL3/lwjgl-glfw.jar
7f7b8401b000-7f7b84023000 r-xp 00000000 08:01 1970974                    /lib/x86_64-linux-gnu/libnss_compat-2.24.so
7f7b84023000-7f7b84222000 ---p 00008000 08:01 1970974                    /lib/x86_64-linux-gnu/libnss_compat-2.24.so
7f7b84222000-7f7b84223000 r--p 00007000 08:01 1970974                    /lib/x86_64-linux-gnu/libnss_compat-2.24.so
7f7b84223000-7f7b84224000 rw-p 00008000 08:01 1970974                    /lib/x86_64-linux-gnu/libnss_compat-2.24.so
7f7b84224000-7f7b84d63000 r--p 00000000 08:01 2235834                    /usr/lib/locale/locale-archive
7f7b84d63000-7f7b84d65000 r-xp 00000000 08:01 3150754                    /usr/lib/jvm/java-8-oracle/jre/lib/amd64/libnpt.so
7f7b84d65000-7f7b84f65000 ---p 00002000 08:01 3150754                    /usr/lib/jvm/java-8-oracle/jre/lib/amd64/libnpt.so
7f7b84f65000-7f7b84f66000 rw-p 00002000 08:01 3150754                    /usr/lib/jvm/java-8-oracle/jre/lib/amd64/libnpt.so
7f7b84f66000-7f7b84f9f000 r-xp 00000000 08:01 3150720                    /usr/lib/jvm/java-8-oracle/jre/lib/amd64/libjdwp.so
7f7b84f9f000-7f7b8519e000 ---p 00039000 08:01 3150720                    /usr/lib/jvm/java-8-oracle/jre/lib/amd64/libjdwp.so
7f7b8519e000-7f7b851a0000 rw-p 00038000 08:01 3150720                    /usr/lib/jvm/java-8-oracle/jre/lib/amd64/libjdwp.so
7f7b851a0000-7f7b851cb000 r-xp 00000000 08:01 3150771                    /usr/lib/jvm/java-8-oracle/jre/lib/amd64/libjava.so
7f7b851cb000-7f7b853ca000 ---p 0002b000 08:01 3150771                    /usr/lib/jvm/java-8-oracle/jre/lib/amd64/libjava.so
7f7b853ca000-7f7b853cc000 rw-p 0002a000 08:01 3150771                    /usr/lib/jvm/java-8-oracle/jre/lib/amd64/libjava.so
7f7b853cc000-7f7b853d9000 r-xp 00000000 08:01 3150724                    /usr/lib/jvm/java-8-oracle/jre/lib/amd64/libverify.so
7f7b853d9000-7f7b855d8000 ---p 0000d000 08:01 3150724                    /usr/lib/jvm/java-8-oracle/jre/lib/amd64/libverify.so
7f7b855d8000-7f7b855da000 rw-p 0000c000 08:01 3150724                    /usr/lib/jvm/java-8-oracle/jre/lib/amd64/libverify.so
7f7b855da000-7f7b855e1000 r-xp 00000000 08:01 1971032                    /lib/x86_64-linux-gnu/librt-2.24.so
7f7b855e1000-7f7b857e0000 ---p 00007000 08:01 1971032                    /lib/x86_64-linux-gnu/librt-2.24.so
7f7b857e0000-7f7b857e1000 r--p 00006000 08:01 1971032                    /lib/x86_64-linux-gnu/librt-2.24.so
7f7b857e1000-7f7b857e2000 rw-p 00007000 08:01 1971032                    /lib/x86_64-linux-gnu/librt-2.24.so
7f7b857e2000-7f7b858ea000 r-xp 00000000 08:01 1970949                    /lib/x86_64-linux-gnu/libm-2.24.so
7f7b858ea000-7f7b85ae9000 ---p 00108000 08:01 1970949                    /lib/x86_64-linux-gnu/libm-2.24.so
7f7b85ae9000-7f7b85aea000 r--p 00107000 08:01 1970949                    /lib/x86_64-linux-gnu/libm-2.24.so
7f7b85aea000-7f7b85aeb000 rw-p 00108000 08:01 1970949                    /lib/x86_64-linux-gnu/libm-2.24.so
7f7b85aeb000-7f7b867b8000 r-xp 00000000 08:01 3291246                    /usr/lib/jvm/java-8-oracle/jre/lib/amd64/server/libjvm.so
7f7b867b8000-7f7b869b7000 ---p 00ccd000 08:01 3291246                    /usr/lib/jvm/java-8-oracle/jre/lib/amd64/server/libjvm.so
7f7b869b7000-7f7b86a90000 rw-p 00ccc000 08:01 3291246                    /usr/lib/jvm/java-8-oracle/jre/lib/amd64/server/libjvm.so
7f7b86a90000-7f7b86adb000 rw-p 00000000 00:00 0 
7f7b86adb000-7f7b86c98000 r-xp 00000000 08:01 1970881                    /lib/x86_64-linux-gnu/libc-2.24.so
7f7b86c98000-7f7b86e98000 ---p 001bd000 08:01 1970881                    /lib/x86_64-linux-gnu/libc-2.24.so
7f7b86e98000-7f7b86e9c000 r--p 001bd000 08:01 1970881                    /lib/x86_64-linux-gnu/libc-2.24.so
7f7b86e9c000-7f7b86e9e000 rw-p 001c1000 08:01 1970881                    /lib/x86_64-linux-gnu/libc-2.24.so
7f7b86e9e000-7f7b86ea2000 rw-p 00000000 00:00 0 
7f7b86ea2000-7f7b86ea5000 r-xp 00000000 08:01 1970907                    /lib/x86_64-linux-gnu/libdl-2.24.so
7f7b86ea5000-7f7b870a4000 ---p 00003000 08:01 1970907                    /lib/x86_64-linux-gnu/libdl-2.24.so
7f7b870a4000-7f7b870a5000 r--p 00002000 08:01 1970907                    /lib/x86_64-linux-gnu/libdl-2.24.so
7f7b870a5000-7f7b870a6000 rw-p 00003000 08:01 1970907                    /lib/x86_64-linux-gnu/libdl-2.24.so
7f7b870a6000-7f7b870bb000 r-xp 00000000 08:01 3020007                    /usr/lib/jvm/java-8-oracle/lib/amd64/jli/libjli.so
7f7b870bb000-7f7b872bb000 ---p 00015000 08:01 3020007                    /usr/lib/jvm/java-8-oracle/lib/amd64/jli/libjli.so
7f7b872bb000-7f7b872bc000 rw-p 00015000 08:01 3020007                    /usr/lib/jvm/java-8-oracle/lib/amd64/jli/libjli.so
7f7b872bc000-7f7b872d4000 r-xp 00000000 08:01 1971024                    /lib/x86_64-linux-gnu/libpthread-2.24.so
7f7b872d4000-7f7b874d4000 ---p 00018000 08:01 1971024                    /lib/x86_64-linux-gnu/libpthread-2.24.so
7f7b874d4000-7f7b874d5000 r--p 00018000 08:01 1971024                    /lib/x86_64-linux-gnu/libpthread-2.24.so
7f7b874d5000-7f7b874d6000 rw-p 00019000 08:01 1971024                    /lib/x86_64-linux-gnu/libpthread-2.24.so
7f7b874d6000-7f7b874da000 rw-p 00000000 00:00 0 
7f7b874da000-7f7b874ff000 r-xp 00000000 08:01 1970853                    /lib/x86_64-linux-gnu/ld-2.24.so
7f7b874ff000-7f7b87500000 r--s 00005000 08:11 66385                      /media/noko/My Passport/LiveSystem/Test/LWJGL3/lwjgl-jawt.jar
7f7b87500000-7f7b87504000 r--s 0001b000 08:11 66377                      /media/noko/My Passport/LiveSystem/Test/LWJGL3/lwjgl-egl.jar
7f7b87504000-7f7b875dc000 rw-p 00000000 00:00 0 
7f7b875dc000-7f7b875df000 ---p 00000000 00:00 0 
7f7b875df000-7f7b876df000 rw-p 00000000 00:00 0 
7f7b876df000-7f7b876e0000 r--s 0000e000 08:11 66381                      /media/noko/My Passport/LiveSystem/Test/LWJGL3/lwjgl-glfw-natives-linux.jar
7f7b876e0000-7f7b876e4000 r--s 0001e000 08:11 66379                      /media/noko/My Passport/LiveSystem/Test/LWJGL3/lwjgl-egl-sources.jar
7f7b876e4000-7f7b876e7000 r--s 0001f000 08:11 66374                      /media/noko/My Passport/LiveSystem/Test/LWJGL3/lwjgl-bgfx.jar
7f7b876e7000-7f7b876e8000 r--s 00042000 08:11 66375                      /media/noko/My Passport/LiveSystem/Test/LWJGL3/lwjgl-bgfx-natives-linux.jar
7f7b876e8000-7f7b876ec000 r--s 0002a000 08:11 66369                      /media/noko/My Passport/LiveSystem/Test/LWJGL3/lwjgl-assimp.jar
7f7b876ec000-7f7b876ed000 r--s 002ae000 08:11 66393                      /media/noko/My Passport/LiveSystem/Test/LWJGL3/lwjgl-assimp-natives-linux.jar
7f7b876ed000-7f7b876f1000 r--s 0003d000 08:11 66457                      /media/noko/My Passport/LiveSystem/Test/LWJGL3/lwjgl.jar
7f7b876f1000-7f7b876f9000 rw-s 00000000 08:01 1050043                    /tmp/hsperfdata_noko/28946
7f7b876f9000-7f7b876fa000 rw-p 00000000 00:00 0 
7f7b876fa000-7f7b876fb000 r--p 00000000 00:00 0 
7f7b876fb000-7f7b876fe000 rw-p 00000000 00:00 0 
7f7b876fe000-7f7b876ff000 r--p 00024000 08:01 1970853                    /lib/x86_64-linux-gnu/ld-2.24.so
7f7b876ff000-7f7b87700000 rw-p 00025000 08:01 1970853                    /lib/x86_64-linux-gnu/ld-2.24.so
7f7b87700000-7f7b87701000 rw-p 00000000 00:00 0 
7ffc7c004000-7ffc7c026000 rw-p 00000000 00:00 0                          [stack]
7ffc7c0d2000-7ffc7c0d4000 r--p 00000000 00:00 0                          [vvar]
7ffc7c0d4000-7ffc7c0d6000 r-xp 00000000 00:00 0                          [vdso]
ffffffffff600000-ffffffffff601000 r-xp 00000000 00:00 0                  [vsyscall]

VM Arguments:
jvm_args: -agentlib:jdwp=transport=dt_socket,suspend=y,address=localhost:46823 -Djava.library.path=/home/noko/workspace/Java/Test/Test/LWJGL3 -Dfile.encoding=UTF-8 
java_command: Main
java_class_path (initial): /media/noko/My Passport/LiveSystem/Test/bin:/media/noko/My Passport/LiveSystem/Test/LWJGL3/lwjgl.jar:/media/noko/My Passport/LiveSystem/Test/LWJGL3/lwjgl-assimp-natives-linux.jar:/media/noko/My Passport/LiveSystem/Test/LWJGL3/lwjgl-assimp.jar:/media/noko/My Passport/LiveSystem/Test/LWJGL3/lwjgl-bgfx-natives-linux.jar:/media/noko/My Passport/LiveSystem/Test/LWJGL3/lwjgl-bgfx.jar:/media/noko/My Passport/LiveSystem/Test/LWJGL3/lwjgl-egl-sources.jar:/media/noko/My Passport/LiveSystem/Test/LWJGL3/lwjgl-egl.jar:/media/noko/My Passport/LiveSystem/Test/LWJGL3/lwjgl-glfw-natives-linux.jar:/media/noko/My Passport/LiveSystem/Test/LWJGL3/lwjgl-glfw.jar:/media/noko/My Passport/LiveSystem/Test/LWJGL3/lwjgl-jawt-javadoc.jar:/media/noko/My Passport/LiveSystem/Test/LWJGL3/lwjgl-jawt.jar:/media/noko/My Passport/LiveSystem/Test/LWJGL3/lwjgl-jemalloc-natives-linux.jar:/media/noko/My Passport/LiveSystem/Test/LWJGL3/lwjgl-jemalloc.jar:/media/noko/My Passport/LiveSystem/Test/LWJGL3/lwjgl-lmdb-natives-linux.jar:/media/noko/My Passport/LiveSystem/Test/LWJGL3/lwjgl-lmdb.jar:/media/noko/My Passport/LiveSystem/Test/LWJGL3/lwjgl-nanovg-natives-linux.jar:/media/noko/My Passport/LiveSystem/Test/LWJGL3/lwjgl-nanovg.jar:/media/noko/My Passport/LiveSystem/Test/LWJGL3/lwjgl-natives-linux.jar:/media/noko/My Passport/LiveSystem/Test/LWJGL3/lwjgl-nfd-natives-linux.jar:/media/noko/My Passport/LiveSystem/Test/LWJGL3/lwjgl-nfd.jar:/media/noko/My Passport/LiveSystem/Test/LWJGL3/lwjgl-nuklear-natives-linux.jar:/media/noko/My Passport/LiveSystem/Test/LWJGL3/lwjgl-nuklear.jar:/media/noko/My Passport/LiveSystem/Test/LWJGL3/lwjgl-openal-natives-linux.jar:/media/noko/My Passport/LiveSystem/Test/LWJGL3/lwjgl-openal.jar:/media/noko/My Passport/LiveSystem/Test/LWJGL3/lwjgl-opencl.jar:/media/noko/My Passport/LiveSystem/Test/LWJGL3/lwjgl-opengl-natives-linux.jar:/media/noko/My Passport/LiveSystem/Test/LWJGL3/lwjgl-opengl.jar:/media/noko/My Passport/LiveSystem/Test/LWJGL3/lwjgl-opengles-nat
Launcher Type: SUN_STANDARD

Environment Variables:
JAVA_HOME=/usr/lib/jvm/java-8-oracle
PATH=/home/noko/bin:/home/noko/.local/bin:/usr/local/sbin:/usr/local/bin:/usr/sbin:/usr/bin:/sbin:/bin:/usr/games:/usr/local/games:/snap/bin:/usr/lib/jvm/java-8-oracle/bin:/usr/lib/jvm/java-8-oracle/db/bin:/usr/lib/jvm/java-8-oracle/jre/bin
SHELL=/bin/bash
DISPLAY=:0

Signal Handlers:
SIGSEGV: [libjvm.so+0xac64b0], sa_mask[0]=11111111011111111101111111111110, sa_flags=SA_RESTART|SA_SIGINFO
SIGBUS: [libjvm.so+0xac64b0], sa_mask[0]=11111111011111111101111111111110, sa_flags=SA_RESTART|SA_SIGINFO
SIGFPE: [libjvm.so+0x91f950], sa_mask[0]=11111111011111111101111111111110, sa_flags=SA_RESTART|SA_SIGINFO
SIGPIPE: [libjvm.so+0x91f950], sa_mask[0]=11111111011111111101111111111110, sa_flags=SA_RESTART|SA_SIGINFO
SIGXFSZ: [libjvm.so+0x91f950], sa_mask[0]=11111111011111111101111111111110, sa_flags=SA_RESTART|SA_SIGINFO
SIGILL: [libjvm.so+0x91f950], sa_mask[0]=11111111011111111101111111111110, sa_flags=SA_RESTART|SA_SIGINFO
SIGUSR1: SIG_DFL, sa_mask[0]=00000000000000000000000000000000, sa_flags=none
SIGUSR2: [libjvm.so+0x920f80], sa_mask[0]=00100000000000000000000000000000, sa_flags=SA_RESTART|SA_SIGINFO
SIGHUP: [libjvm.so+0x922380], sa_mask[0]=11111111011111111101111111111110, sa_flags=SA_RESTART|SA_SIGINFO
SIGINT: [libjvm.so+0x922380], sa_mask[0]=11111111011111111101111111111110, sa_flags=SA_RESTART|SA_SIGINFO
SIGTERM: [libjvm.so+0x922380], sa_mask[0]=11111111011111111101111111111110, sa_flags=SA_RESTART|SA_SIGINFO
SIGQUIT: [libjvm.so+0x922380], sa_mask[0]=11111111011111111101111111111110, sa_flags=SA_RESTART|SA_SIGINFO


---------------  S Y S T E M  ---------------

OS:DISTRIB_ID=Ubuntu
DISTRIB_RELEASE=16.10
DISTRIB_CODENAME=yakkety
DISTRIB_DESCRIPTION="Ubuntu 16.10"

uname:Linux 4.8.0-32-generic #34-Ubuntu SMP Tue Dec 13 14:30:43 UTC 2016 x86_64
libc:glibc 2.24 NPTL 2.24 
rlimit: STACK 8192k, CORE 0k, NPROC 15150, NOFILE 4096, AS infinity
load average:4,26 2,78 2,21

/proc/meminfo:
MemTotal:        3922444 kB
MemFree:          164616 kB
MemAvailable:     245360 kB
Buffers:           14252 kB
Cached:           592472 kB
SwapCached:        17388 kB
Active:          2754288 kB
Inactive:         741656 kB
Active(anon):    2551968 kB
Inactive(anon):   696536 kB
Active(file):     202320 kB
Inactive(file):    45120 kB
Unevictable:         264 kB
Mlocked:             264 kB
SwapTotal:       4069372 kB
SwapFree:        3673092 kB
Dirty:               844 kB
Writeback:             0 kB
AnonPages:       2873356 kB
Mapped:           292208 kB
Shmem:            359184 kB
Slab:             139228 kB
SReclaimable:      75908 kB
SUnreclaim:        63320 kB
KernelStack:       12592 kB
PageTables:        56052 kB
NFS_Unstable:          0 kB
Bounce:                0 kB
WritebackTmp:          0 kB
CommitLimit:     6030592 kB
Committed_AS:    9036896 kB
VmallocTotal:   34359738367 kB
VmallocUsed:           0 kB
VmallocChunk:          0 kB
HardwareCorrupted:     0 kB
AnonHugePages:    679936 kB
ShmemHugePages:        0 kB
ShmemPmdMapped:        0 kB
CmaTotal:              0 kB
CmaFree:               0 kB
HugePages_Total:       0
HugePages_Free:        0
HugePages_Rsvd:        0
HugePages_Surp:        0
Hugepagesize:       2048 kB
DirectMap4k:      204740 kB
DirectMap2M:     3866624 kB


CPU:total 4 (2 cores per cpu, 2 threads per core) family 6 model 58 stepping 9, cmov, cx8, fxsr, mmx, sse, sse2, sse3, ssse3, sse4.1, sse4.2, popcnt, avx, clmul, erms, ht, tsc, tscinvbit, tscinv

/proc/cpuinfo:
processor	: 0
vendor_id	: GenuineIntel
cpu family	: 6
model		: 58
model name	: Intel(R) Core(TM) i3-3120M CPU @ 2.50GHz
stepping	: 9
microcode	: 0x15
cpu MHz		: 2500.000
cache size	: 3072 KB
physical id	: 0
siblings	: 4
core id		: 0
cpu cores	: 2
apicid		: 0
initial apicid	: 0
fpu		: yes
fpu_exception	: yes
cpuid level	: 13
wp		: yes
flags		: fpu vme de pse tsc msr pae mce cx8 apic sep mtrr pge mca cmov pat pse36 clflush dts acpi mmx fxsr sse sse2 ss ht tm pbe syscall nx rdtscp lm constant_tsc arch_perfmon pebs bts rep_good nopl xtopology nonstop_tsc aperfmperf eagerfpu pni pclmulqdq dtes64 monitor ds_cpl vmx est tm2 ssse3 cx16 xtpr pdcm pcid sse4_1 sse4_2 x2apic popcnt tsc_deadline_timer xsave avx f16c lahf_lm epb tpr_shadow vnmi flexpriority ept vpid fsgsbase smep erms xsaveopt dtherm arat pln pts
bugs		:
bogomips	: 4988.51
clflush size	: 64
cache_alignment	: 64
address sizes	: 36 bits physical, 48 bits virtual
power management:

processor	: 1
vendor_id	: GenuineIntel
cpu family	: 6
model		: 58
model name	: Intel(R) Core(TM) i3-3120M CPU @ 2.50GHz
stepping	: 9
microcode	: 0x15
cpu MHz		: 2499.847
cache size	: 3072 KB
physical id	: 0
siblings	: 4
core id		: 0
cpu cores	: 2
apicid		: 1
initial apicid	: 1
fpu		: yes
fpu_exception	: yes
cpuid level	: 13
wp		: yes
flags		: fpu vme de pse tsc msr pae mce cx8 apic sep mtrr pge mca cmov pat pse36 clflush dts acpi mmx fxsr sse sse2 ss ht tm pbe syscall nx rdtscp lm constant_tsc arch_perfmon pebs bts rep_good nopl xtopology nonstop_tsc aperfmperf eagerfpu pni pclmulqdq dtes64 monitor ds_cpl vmx est tm2 ssse3 cx16 xtpr pdcm pcid sse4_1 sse4_2 x2apic popcnt tsc_deadline_timer xsave avx f16c lahf_lm epb tpr_shadow vnmi flexpriority ept vpid fsgsbase smep erms xsaveopt dtherm arat pln pts
bugs		:
bogomips	: 4988.51
clflush size	: 64
cache_alignment	: 64
address sizes	: 36 bits physical, 48 bits virtual
power management:

processor	: 2
vendor_id	: GenuineIntel
cpu family	: 6
model		: 58
model name	: Intel(R) Core(TM) i3-3120M CPU @ 2.50GHz
stepping	: 9
microcode	: 0x15
cpu MHz		: 2499.847
cache size	: 3072 KB
physical id	: 0
siblings	: 4
core id		: 1
cpu cores	: 2
apicid		: 2
initial apicid	: 2
fpu		: yes
fpu_exception	: yes
cpuid level	: 13
wp		: yes
flags		: fpu vme de pse tsc msr pae mce cx8 apic sep mtrr pge mca cmov pat pse36 clflush dts acpi mmx fxsr sse sse2 ss ht tm pbe syscall nx rdtscp lm constant_tsc arch_perfmon pebs bts rep_good nopl xtopology nonstop_tsc aperfmperf eagerfpu pni pclmulqdq dtes64 monitor ds_cpl vmx est tm2 ssse3 cx16 xtpr pdcm pcid sse4_1 sse4_2 x2apic popcnt tsc_deadline_timer xsave avx f16c lahf_lm epb tpr_shadow vnmi flexpriority ept vpid fsgsbase smep erms xsaveopt dtherm arat pln pts
bugs		:
bogomips	: 4988.51
clflush size	: 64
cache_alignment	: 64
address sizes	: 36 bits physical, 48 bits virtual
power management:

processor	: 3
vendor_id	: GenuineIntel
cpu family	: 6
model		: 58
model name	: Intel(R) Core(TM) i3-3120M CPU @ 2.50GHz
stepping	: 9
microcode	: 0x15
cpu MHz		: 2499.847
cache size	: 3072 KB
physical id	: 0
siblings	: 4
core id		: 1
cpu cores	: 2
apicid		: 3
initial apicid	: 3
fpu		: yes
fpu_exception	: yes
cpuid level	: 13
wp		: yes
flags		: fpu vme de pse tsc msr pae mce cx8 apic sep mtrr pge mca cmov pat pse36 clflush dts acpi mmx fxsr sse sse2 ss ht tm pbe syscall nx rdtscp lm constant_tsc arch_perfmon pebs bts rep_good nopl xtopology nonstop_tsc aperfmperf eagerfpu pni pclmulqdq dtes64 monitor ds_cpl vmx est tm2 ssse3 cx16 xtpr pdcm pcid sse4_1 sse4_2 x2apic popcnt tsc_deadline_timer xsave avx f16c lahf_lm epb tpr_shadow vnmi flexpriority ept vpid fsgsbase smep erms xsaveopt dtherm arat pln pts
bugs		:
bogomips	: 4988.51
clflush size	: 64
cache_alignment	: 64
address sizes	: 36 bits physical, 48 bits virtual
power management:



Memory: 4k page, physical 3922444k(164616k free), swap 4069372k(3673092k free)

vm_info: Java HotSpot(TM) 64-Bit Server VM (25.111-b14) for linux-amd64 JRE (1.8.0_111-b14), built on Sep 22 2016 16:14:03 by "java_re" with gcc 4.3.0 20080428 (Red Hat 4.3.0-8)

time: Sun Jan 22 15:51:51 2017
elapsed time: 10 seconds (0d 0h 0m 10s)

