#
# A fatal error has been detected by the Java Runtime Environment:
#
#  SIGSEGV (0xb) at pc=0x00007f4fc539523c, pid=1703, tid=0x00007f5033c23700
#
# JRE version: Java(TM) SE Runtime Environment (8.0_111-b14) (build 1.8.0_111-b14)
# Java VM: Java HotSpot(TM) 64-Bit Server VM (25.111-b14 mixed mode linux-amd64 compressed oops)
# Problematic frame:
# C  [liblwjgl_opengl.so+0x4d23c]  Java_org_lwjgl_opengl_GL11_nglGenTextures__IJ+0xc
#
# Failed to write core dump. Core dumps have been disabled. To enable core dumping, try "ulimit -c unlimited" before starting Java again
#
# If you would like to submit a bug report, please visit:
#   http://bugreport.java.com/bugreport/crash.jsp
# The crash happened outside the Java Virtual Machine in native code.
# See problematic frame for where to report the bug.
#

---------------  T H R E A D  ---------------

Current thread (0x00007f502c00e800):  JavaThread "main" [_thread_in_native, id=1714, stack(0x00007f5033b23000,0x00007f5033c24000)]

siginfo: si_signo: 11 (SIGSEGV), si_code: 1 (SEGV_MAPERR), si_addr: 0x0000000000000f00

Registers:
RAX=0x0000000000000000, RBX=0x00007f4fc5266cd0, RCX=0x00007f502c5496cc, RDX=0x0000000000000001
RSP=0x00007f5033c223e8, RBP=0x00007f5033c22448, RSI=0x00007f502c5496cc, RDI=0x0000000000000001
R8 =0x0000000000000000, R9 =0x0000000000000004, R10=0x00007f501d01fc78, R11=0x00007f5032a01a70
R12=0x0000000000000000, R13=0x00007f4fc5266cd0, R14=0x00007f5033c22478, R15=0x00007f502c00e800
RIP=0x00007f4fc539523c, EFLAGS=0x0000000000010287, CSGSFS=0x0000000000000033, ERR=0x0000000000000004
  TRAPNO=0x000000000000000e

Top of Stack: (sp=0x00007f5033c223e8)
0x00007f5033c223e8:   00007f501d01fca4 00007f5033c22448
0x00007f5033c223f8:   00007f501d01f767 00007f501d01f722
0x00007f5033c22408:   00007f5033c22408 00007f4fc5266cd0
0x00007f5033c22418:   00007f5033c22478 00007f4fc529dc28
0x00007f5033c22428:   0000000000000000 00007f4fc5266cd0
0x00007f5033c22438:   0000000000000000 00007f5033c22468
0x00007f5033c22448:   00007f5033c224c0 00007f501d00833d
0x00007f5033c22458:   00000000d8eccd70 00007f501d016478
0x00007f5033c22468:   00007f502c5496cc 00000000d7c3a418
0x00007f5033c22478:   0000000000000001 00007f5033c22480
0x00007f5033c22488:   00007f4fc5266e24 00007f5033c224f0
0x00007f5033c22498:   00007f4fc529dc28 00007f4fc4dfede8
0x00007f5033c224a8:   00007f4fc5266e88 00007f5033c22468
0x00007f5033c224b8:   00007f5033c22500 00007f5033c22738
0x00007f5033c224c8:   00007f501d3aae64 0000000000000000
0x00007f5033c224d8:   0000000000000000 00000000d7c3a418
0x00007f5033c224e8:   0000000000008000 00000000d7c3a318
0x00007f5033c224f8:   00007f501d3aae64 00000000000000a3
0x00007f5033c22508:   00007f4fc4dfc1f0 000000a333c22658
0x00007f5033c22518:   00007f501d3a90d0 00007f4fc4d62700
0x00007f5033c22528:   00000000000003d8 00007f502c00d2b0
0x00007f5033c22538:   00007f502c000020 0000000000000030
0x00007f5033c22548:   0000000000000030 00007f501d3a90d0
0x00007f5033c22558:   0000000000000000 00007f5033c22600
0x00007f5033c22568:   00007f50330b25d4 00007f5033c226b8
0x00007f5033c22578:   00007f5032fc6284 00007f5033c225c0
0x00007f5033c22588:   00007f503295abd5 0000000433c225d0
0x00007f5033c22598:   00007f5033c22600 0000000000000030
0x00007f5033c225a8:   00007f5033c22600 0000000000000030
0x00007f5033c225b8:   00007f501d3a90d0 00007f5033c22660
0x00007f5033c225c8:   00007f5032a00a95 00007f5033c22678
0x00007f5033c225d8:   00007f501d02954b 00007f501d0055d0 

Instructions: (pc=0x00007f4fc539523c)
0x00007f4fc539521c:   48 8b 80 d8 09 00 00 ff e0 66 66 2e 0f 1f 84 00
0x00007f4fc539522c:   00 00 00 00 48 8b 07 48 89 ce 89 d7 48 8b 40 18
0x00007f4fc539523c:   48 8b 80 00 0f 00 00 ff e0 66 66 2e 0f 1f 84 00
0x00007f4fc539524c:   00 00 00 00 48 8b 07 89 d7 48 8b 40 18 48 8b 80 

Register to memory mapping:

RAX=0x0000000000000000 is an unknown value
RBX={method} {0x00007f4fc5266cd0} 'nglGenTextures' '(IJ)V' in 'org/lwjgl/opengl/GL11'
RCX=0x00007f502c5496cc is an unknown value
RDX=0x0000000000000001 is an unknown value
RSP=0x00007f5033c223e8 is pointing into the stack for thread: 0x00007f502c00e800
RBP=0x00007f5033c22448 is pointing into the stack for thread: 0x00007f502c00e800
RSI=0x00007f502c5496cc is an unknown value
RDI=0x0000000000000001 is an unknown value
R8 =0x0000000000000000 is an unknown value
R9 =0x0000000000000004 is an unknown value
R10=0x00007f501d01fc78 is at code_begin+1528 in an Interpreter codelet
method entry point (kind = native)  [0x00007f501d01f680, 0x00007f501d0205c0]  3904 bytes
R11=0x00007f5032a01a70: <offset 0x9c2a70> in /usr/lib/jvm/java-8-oracle/jre/lib/amd64/server/libjvm.so at 0x00007f503203f000
R12=0x0000000000000000 is an unknown value
R13={method} {0x00007f4fc5266cd0} 'nglGenTextures' '(IJ)V' in 'org/lwjgl/opengl/GL11'
R14=0x00007f5033c22478 is pointing into the stack for thread: 0x00007f502c00e800
R15=0x00007f502c00e800 is a thread


Stack: [0x00007f5033b23000,0x00007f5033c24000],  sp=0x00007f5033c223e8,  free space=1020k
Native frames: (J=compiled Java code, j=interpreted, Vv=VM code, C=native code)
C  [liblwjgl_opengl.so+0x4d23c]  Java_org_lwjgl_opengl_GL11_nglGenTextures__IJ+0xc
j  org.lwjgl.opengl.GL11.glGenTextures()I+20
J 975% C1 textures.TextureUtils.loadTexture(Ljava/awt/image/BufferedImage;)Ltextures/Texture; (297 bytes) @ 0x00007f501d3aae64 [0x00007f501d3a9540+0x1924]
j  textures.TextureUtils.loadTexture(Ljava/lang/String;)Ltextures/Texture;+38
j  fontRendering.TextMaster.loadFontAtlas(Ljava/lang/String;)I+25
j  fontRendering.TextMaster.newFontType(Ljava/lang/String;Ljava/lang/String;Ljava/lang/String;)LfontMeshCreator/FontType;+5
j  fontRendering.TextMaster.getFontType(Ljava/lang/String;)LfontMeshCreator/FontType;+28
j  fontRendering.FontMaterial.loadFile(Ljava/lang/String;)LfontRendering/FontMaterial;+303
j  engineTest.Main.main([Ljava/lang/String;)V+52
v  ~StubRoutines::call_stub
V  [libjvm.so+0x690206]  JavaCalls::call_helper(JavaValue*, methodHandle*, JavaCallArguments*, Thread*)+0x1056
V  [libjvm.so+0x6d1612]  jni_invoke_static(JNIEnv_*, JavaValue*, _jobject*, JNICallType, _jmethodID*, JNI_ArgumentPusher*, Thread*)+0x362
V  [libjvm.so+0x6ede7a]  jni_CallStaticVoidMethod+0x17a
C  [libjli.so+0x7bdf]  JavaMain+0x81f
C  [libpthread.so.0+0x76ba]  start_thread+0xca

Java frames: (J=compiled Java code, j=interpreted, Vv=VM code)
j  org.lwjgl.opengl.GL11.nglGenTextures(IJ)V+0
j  org.lwjgl.opengl.GL11.glGenTextures()I+20
J 975% C1 textures.TextureUtils.loadTexture(Ljava/awt/image/BufferedImage;)Ltextures/Texture; (297 bytes) @ 0x00007f501d3aae64 [0x00007f501d3a9540+0x1924]
j  textures.TextureUtils.loadTexture(Ljava/lang/String;)Ltextures/Texture;+38
j  fontRendering.TextMaster.loadFontAtlas(Ljava/lang/String;)I+25
j  fontRendering.TextMaster.newFontType(Ljava/lang/String;Ljava/lang/String;Ljava/lang/String;)LfontMeshCreator/FontType;+5
j  fontRendering.TextMaster.getFontType(Ljava/lang/String;)LfontMeshCreator/FontType;+28
j  fontRendering.FontMaterial.loadFile(Ljava/lang/String;)LfontRendering/FontMaterial;+303
j  engineTest.Main.main([Ljava/lang/String;)V+52
v  ~StubRoutines::call_stub

---------------  P R O C E S S  ---------------

Java Threads: ( => current thread )
  0x00007f502c390800 JavaThread "AWT-EventQueue-0" [_thread_blocked, id=1759, stack(0x00007f4fc6b4f000,0x00007f4fc6c50000)]
  0x00007f502c38e800 JavaThread "AWT-Shutdown" [_thread_blocked, id=1758, stack(0x00007f4fc6c50000,0x00007f4fc6d51000)]
  0x00007f502c346800 JavaThread "AWT-XAWT" daemon [_thread_in_native, id=1757, stack(0x00007f4fcf0af000,0x00007f4fcf1b0000)]
  0x00007f502c321000 JavaThread "Java2D Disposer" daemon [_thread_blocked, id=1756, stack(0x00007f4fcf5c0000,0x00007f4fcf6c1000)]
  0x00007f502c2dd000 JavaThread "Thread-0" [_thread_in_Java, id=1755, stack(0x00007f500431d000,0x00007f500441e000)]
  0x00007f502c0df800 JavaThread "Service Thread" daemon [_thread_blocked, id=1753, stack(0x00007f5005be2000,0x00007f5005ce3000)]
  0x00007f502c0d2000 JavaThread "C1 CompilerThread2" daemon [_thread_in_native, id=1752, stack(0x00007f5005ce3000,0x00007f5005de4000)]
  0x00007f502c0d0800 JavaThread "C2 CompilerThread1" daemon [_thread_in_native, id=1751, stack(0x00007f5005de4000,0x00007f5005ee5000)]
  0x00007f502c0cd800 JavaThread "C2 CompilerThread0" daemon [_thread_in_vm, id=1750, stack(0x00007f5005ee5000,0x00007f5005fe6000)]
  0x00007f4ff4001000 JavaThread "JDWP Command Reader" daemon [_thread_in_native, id=1745, stack(0x00007f5005fe6000,0x00007f50060e7000)]
  0x00007f502c0cb800 JavaThread "JDWP Event Helper Thread" daemon [_thread_blocked, id=1742, stack(0x00007f50060e7000,0x00007f50061e8000)]
  0x00007f502c0c8000 JavaThread "JDWP Transport Listener: dt_socket" daemon [_thread_blocked, id=1734, stack(0x00007f50061e8000,0x00007f50062e9000)]
  0x00007f502c0ba800 JavaThread "Signal Dispatcher" daemon [_thread_blocked, id=1731, stack(0x00007f50064ed000,0x00007f50065ee000)]
  0x00007f502c088800 JavaThread "Finalizer" daemon [_thread_blocked, id=1726, stack(0x00007f50065ee000,0x00007f50066ef000)]
  0x00007f502c084000 JavaThread "Reference Handler" daemon [_thread_blocked, id=1725, stack(0x00007f50066ef000,0x00007f50067f0000)]
=>0x00007f502c00e800 JavaThread "main" [_thread_in_native, id=1714, stack(0x00007f5033b23000,0x00007f5033c24000)]

Other Threads:
  0x00007f502c07c800 VMThread [stack: 0x00007f50067f0000,0x00007f50068f1000] [id=1723]
  0x00007f502c0e2800 WatcherThread [stack: 0x00007f5005ae1000,0x00007f5005be2000] [id=1754]

VM state:not at safepoint (normal execution)

VM Mutex/Monitor currently owned by a thread: None

Heap:
 PSYoungGen      total 36864K, used 18543K [0x00000000d6f80000, 0x00000000db780000, 0x0000000100000000)
  eden space 31744K, 42% used [0x00000000d6f80000,0x00000000d7ca1d78,0x00000000d8e80000)
  from space 5120K, 99% used [0x00000000d8e80000,0x00000000d9379f58,0x00000000d9380000)
  to   space 5120K, 0% used [0x00000000db280000,0x00000000db280000,0x00000000db780000)
 ParOldGen       total 84992K, used 9129K [0x0000000084e00000, 0x000000008a100000, 0x00000000d6f80000)
  object space 84992K, 10% used [0x0000000084e00000,0x00000000856ea700,0x000000008a100000)
 Metaspace       used 16163K, capacity 16417K, committed 16768K, reserved 1064960K
  class space    used 1774K, capacity 1856K, committed 1920K, reserved 1048576K

Card table byte_map: [0x00007f501cc26000,0x00007f501d000000] byte_map_base: 0x00007f501c7ff000

Marking Bits: (ParMarkBitMap*) 0x00007f5033002220
 Begin Bits: [0x00007f500c270000, 0x00007f500e138000)
 End Bits:   [0x00007f500e138000, 0x00007f5010000000)

Polling page: 0x00007f5033c51000

CodeCache: size=245760Kb used=3756Kb max_used=3756Kb free=242004Kb
 bounds [0x00007f501d000000, 0x00007f501d3b0000, 0x00007f502c000000]
 total_blobs=1962 nmethods=978 adapters=906
 compilation: enabled

Compilation events (10 events):
Event: 1,248 Thread 0x00007f502c0d2000  975 %     3       textures.TextureUtils::loadTexture @ 84 (297 bytes)
Event: 1,253 Thread 0x00007f502c0d2000 nmethod 975% 0x00007f501d3a90d0 code [0x00007f501d3a9540, 0x00007f501d3ac2e8]
Event: 1,253 Thread 0x00007f502c0d2000  977       2       java.awt.image.ComponentColorModel::extractComponent (530 bytes)
Event: 1,255 Thread 0x00007f502c0d2000 nmethod 977 0x00007f501d39f050 code [0x00007f501d39f340, 0x00007f501d39ff78]
Event: 1,255 Thread 0x00007f502c0d2000  978       3       java.awt.image.ComponentColorModel::getRGB (161 bytes)
Event: 1,256 Thread 0x00007f502c0d2000 nmethod 978 0x00007f501d3a4610 code [0x00007f501d3a48a0, 0x00007f501d3a5158]
Event: 1,256 Thread 0x00007f502c0d2000  976       3       java.awt.image.ComponentColorModel::getAlpha (269 bytes)
Event: 1,257 Thread 0x00007f502c0d2000 nmethod 976 0x00007f501d3a2710 code [0x00007f501d3a2a00, 0x00007f501d3a3af8]
Event: 1,257 Thread 0x00007f502c0d2000  983       3       textures.TextureUtils::loadTexture (297 bytes)
Event: 1,257 Thread 0x00007f502c0d0800  982       4       java.awt.image.BufferedImage::getRGB (231 bytes)

GC Heap History (2 events):
Event: 1,190 GC heap before
{Heap before GC invocations=1 (full 0):
 PSYoungGen      total 36864K, used 31744K [0x00000000d6f80000, 0x00000000d9880000, 0x0000000100000000)
  eden space 31744K, 100% used [0x00000000d6f80000,0x00000000d8e80000,0x00000000d8e80000)
  from space 5120K, 0% used [0x00000000d9380000,0x00000000d9380000,0x00000000d9880000)
  to   space 5120K, 0% used [0x00000000d8e80000,0x00000000d8e80000,0x00000000d9380000)
 ParOldGen       total 84992K, used 0K [0x0000000084e00000, 0x000000008a100000, 0x00000000d6f80000)
  object space 84992K, 0% used [0x0000000084e00000,0x0000000084e00000,0x000000008a100000)
 Metaspace       used 16146K, capacity 16353K, committed 16768K, reserved 1064960K
  class space    used 1774K, capacity 1856K, committed 1920K, reserved 1048576K
Event: 1,214 GC heap after
Heap after GC invocations=1 (full 0):
 PSYoungGen      total 36864K, used 5095K [0x00000000d6f80000, 0x00000000db780000, 0x0000000100000000)
  eden space 31744K, 0% used [0x00000000d6f80000,0x00000000d6f80000,0x00000000d8e80000)
  from space 5120K, 99% used [0x00000000d8e80000,0x00000000d9379f58,0x00000000d9380000)
  to   space 5120K, 0% used [0x00000000db280000,0x00000000db280000,0x00000000db780000)
 ParOldGen       total 84992K, used 9129K [0x0000000084e00000, 0x000000008a100000, 0x00000000d6f80000)
  object space 84992K, 10% used [0x0000000084e00000,0x00000000856ea700,0x000000008a100000)
 Metaspace       used 16146K, capacity 16353K, committed 16768K, reserved 1064960K
  class space    used 1774K, capacity 1856K, committed 1920K, reserved 1048576K
}

Deoptimization events (6 events):
Event: 0,270 Thread 0x00007f502c00e800 Uncommon trap: reason=null_check action=make_not_entrant pc=0x00007f501d177a98 method=java.lang.String.equals(Ljava/lang/Object;)Z @ 8
Event: 1,049 Thread 0x00007f502c2dd000 Uncommon trap: reason=unstable_if action=reinterpret pc=0x00007f501d1cf32c method=java.lang.String.indexOf([CII[CIII)I @ 3
Event: 1,249 Thread 0x00007f502c2dd000 Uncommon trap: reason=unstable_if action=reinterpret pc=0x00007f501d39b804 method=java.awt.image.ComponentColorModel.getRGB(Ljava/lang/Object;)I @ 4
Event: 1,249 Thread 0x00007f502c2dd000 Uncommon trap: reason=unstable_if action=reinterpret pc=0x00007f501d38ad78 method=java.awt.image.ComponentColorModel.getAlpha(Ljava/lang/Object;)I @ 4
Event: 1,249 Thread 0x00007f502c2dd000 Uncommon trap: reason=unstable_if action=reinterpret pc=0x00007f501d394ad0 method=java.awt.image.ComponentColorModel.extractComponent(Ljava/lang/Object;II)I @ 4
Event: 1,254 Thread 0x00007f502c2dd000 Uncommon trap: reason=unstable_if action=reinterpret pc=0x00007f501d3a7048 method=java.awt.image.ComponentColorModel.getAlpha(Ljava/lang/Object;)I @ 4

Internal exceptions (10 events):
Event: 0,161 Thread 0x00007f502c00e800 Exception <a 'java/security/PrivilegedActionException'> (0x00000000d7015f90) thrown at [/HUDSON3/workspace/8-2-build-linux-amd64/jdk8u111/7883/hotspot/src/share/vm/prims/jvm.cpp, line 1386]
Event: 0,222 Thread 0x00007f502c00e800 Exception <a 'java/lang/NoSuchFieldError': method resolution failed> (0x00000000d72202f8) thrown at [/HUDSON3/workspace/8-2-build-linux-amd64/jdk8u111/7883/hotspot/src/share/vm/prims/methodHandles.cpp, line 1146]
Event: 0,226 Thread 0x00007f502c00e800 Exception <a 'java/lang/NoSuchFieldError': method resolution failed> (0x00000000d722dac8) thrown at [/HUDSON3/workspace/8-2-build-linux-amd64/jdk8u111/7883/hotspot/src/share/vm/prims/methodHandles.cpp, line 1146]
Event: 0,259 Thread 0x00007f502c00e800 Exception <a 'java/io/FileNotFoundException'> (0x00000000d72add58) thrown at [/HUDSON3/workspace/8-2-build-linux-amd64/jdk8u111/7883/hotspot/src/share/vm/prims/jni.cpp, line 709]
Event: 0,259 Thread 0x00007f502c00e800 Exception <a 'java/io/FileNotFoundException'> (0x00000000d72ae710) thrown at [/HUDSON3/workspace/8-2-build-linux-amd64/jdk8u111/7883/hotspot/src/share/vm/prims/jni.cpp, line 709]
Event: 0,270 Thread 0x00007f502c00e800 Implicit null exception at 0x00007f501d1777fe to 0x00007f501d177a89
Event: 0,562 Thread 0x00007f502c2dd000 Exception <a 'sun/nio/fs/UnixException'> (0x00000000d77724c0) thrown at [/HUDSON3/workspace/8-2-build-linux-amd64/jdk8u111/7883/hotspot/src/share/vm/prims/jni.cpp, line 709]
Event: 0,562 Thread 0x00007f502c2dd000 Exception <a 'sun/nio/fs/UnixException'> (0x00000000d77737d8) thrown at [/HUDSON3/workspace/8-2-build-linux-amd64/jdk8u111/7883/hotspot/src/share/vm/prims/jni.cpp, line 709]
Event: 0,931 Thread 0x00007f502c390800 Exception <a 'java/lang/UnsupportedOperationException': > (0x00000000d785b2b8) thrown at [/HUDSON3/workspace/8-2-build-linux-amd64/jdk8u111/7883/hotspot/src/share/vm/prims/jni.cpp, line 735]
Event: 1,063 Thread 0x00007f502c390800 Exception <a 'java/lang/UnsupportedOperationException': > (0x00000000d7875450) thrown at [/HUDSON3/workspace/8-2-build-linux-amd64/jdk8u111/7883/hotspot/src/share/vm/prims/jni.cpp, line 735]

Events (10 events):
Event: 1,249 Thread 0x00007f502c2dd000 DEOPT PACKING pc=0x00007f501d38ad78 sp=0x00007f500441c0e0
Event: 1,249 Thread 0x00007f502c2dd000 DEOPT UNPACKING pc=0x00007f501d005229 sp=0x00007f500441c080 mode 2
Event: 1,249 Thread 0x00007f502c2dd000 Uncommon trap: trap_request=0xffffff65 fr.pc=0x00007f501d394ad0
Event: 1,249 Thread 0x00007f502c2dd000 DEOPT PACKING pc=0x00007f501d394ad0 sp=0x00007f500441c050
Event: 1,249 Thread 0x00007f502c2dd000 DEOPT UNPACKING pc=0x00007f501d005229 sp=0x00007f500441bfd0 mode 2
Event: 1,253 Thread 0x00007f502c2dd000 DEOPT PACKING pc=0x00007f501d389978 sp=0x00007f500441c1c0
Event: 1,253 Thread 0x00007f502c2dd000 DEOPT UNPACKING pc=0x00007f501d047633 sp=0x00007f500441bf98 mode 0
Event: 1,254 Thread 0x00007f502c2dd000 Uncommon trap: trap_request=0xffffff65 fr.pc=0x00007f501d3a7048
Event: 1,254 Thread 0x00007f502c2dd000 DEOPT PACKING pc=0x00007f501d3a7048 sp=0x00007f500441c1f0
Event: 1,254 Thread 0x00007f502c2dd000 DEOPT UNPACKING pc=0x00007f501d005229 sp=0x00007f500441c0f8 mode 2


Dynamic libraries:
00400000-00401000 r-xp 00000000 08:15 12855452                           /usr/lib/jvm/java-8-oracle/bin/java
00600000-00601000 rw-p 00000000 08:15 12855452                           /usr/lib/jvm/java-8-oracle/bin/java
02510000-02531000 rw-p 00000000 00:00 0                                  [heap]
84e00000-8a100000 rw-p 00000000 00:00 0 
8a100000-d6f80000 ---p 00000000 00:00 0 
d6f80000-db780000 rw-p 00000000 00:00 0 
db780000-100000000 ---p 00000000 00:00 0 
100000000-1001e0000 rw-p 00000000 00:00 0 
1001e0000-140000000 ---p 00000000 00:00 0 
7f4fb4000000-7f4fb41ab000 rw-p 00000000 00:00 0 
7f4fb41ab000-7f4fb8000000 ---p 00000000 00:00 0 
7f4fbc000000-7f4fbc021000 rw-p 00000000 00:00 0 
7f4fbc021000-7f4fc0000000 ---p 00000000 00:00 0 
7f4fc0000000-7f4fc0021000 rw-p 00000000 00:00 0 
7f4fc0021000-7f4fc4000000 ---p 00000000 00:00 0 
7f4fc45c5000-7f4fc4600000 r-xp 00000000 08:15 12980351                   /usr/lib/jvm/java-8-oracle/jre/lib/amd64/libjpeg.so
7f4fc4600000-7f4fc47ff000 ---p 0003b000 08:15 12980351                   /usr/lib/jvm/java-8-oracle/jre/lib/amd64/libjpeg.so
7f4fc47ff000-7f4fc4800000 rw-p 0003a000 08:15 12980351                   /usr/lib/jvm/java-8-oracle/jre/lib/amd64/libjpeg.so
7f4fc4800000-7f4fc4880000 rw-p 00000000 00:00 0 
7f4fc4880000-7f4fc4a00000 ---p 00000000 00:00 0 
7f4fc4a00000-7f4fc4c00000 rw-p 00000000 00:00 0 
7f4fc4cc8000-7f4fc4ec8000 rw-p 00000000 00:00 0 
7f4fc4ec8000-7f4fc4f31000 r-xp 00000000 08:15 12980623                   /usr/lib/jvm/java-8-oracle/jre/lib/amd64/libt2k.so
7f4fc4f31000-7f4fc5131000 ---p 00069000 08:15 12980623                   /usr/lib/jvm/java-8-oracle/jre/lib/amd64/libt2k.so
7f4fc5131000-7f4fc5138000 rw-p 00069000 08:15 12980623                   /usr/lib/jvm/java-8-oracle/jre/lib/amd64/libt2k.so
7f4fc5138000-7f4fc5348000 rw-p 00000000 00:00 0 
7f4fc5348000-7f4fc53b1000 r-xp 00000000 08:15 1466953                    /tmp/lwjglnokorot/3.1.1-build-16/liblwjgl_opengl.so
7f4fc53b1000-7f4fc55b0000 ---p 00069000 08:15 1466953                    /tmp/lwjglnokorot/3.1.1-build-16/liblwjgl_opengl.so
7f4fc55b0000-7f4fc55b1000 r--p 00068000 08:15 1466953                    /tmp/lwjglnokorot/3.1.1-build-16/liblwjgl_opengl.so
7f4fc55b1000-7f4fc55b2000 rw-p 00069000 08:15 1466953                    /tmp/lwjglnokorot/3.1.1-build-16/liblwjgl_opengl.so
7f4fc55b2000-7f4fc6917000 rw-p 00000000 00:00 0 
7f4fc6917000-7f4fc694e000 r-xp 00000000 08:15 12330677                   /usr/lib/x86_64-linux-gnu/libtxc_dxtn_s2tc.so.0.0.0
7f4fc694e000-7f4fc6b4d000 ---p 00037000 08:15 12330677                   /usr/lib/x86_64-linux-gnu/libtxc_dxtn_s2tc.so.0.0.0
7f4fc6b4d000-7f4fc6b4e000 r--p 00036000 08:15 12330677                   /usr/lib/x86_64-linux-gnu/libtxc_dxtn_s2tc.so.0.0.0
7f4fc6b4e000-7f4fc6b4f000 rw-p 00037000 08:15 12330677                   /usr/lib/x86_64-linux-gnu/libtxc_dxtn_s2tc.so.0.0.0
7f4fc6b4f000-7f4fc6b52000 ---p 00000000 00:00 0 
7f4fc6b52000-7f4fc6c50000 rw-p 00000000 00:00 0 
7f4fc6c50000-7f4fc6c53000 ---p 00000000 00:00 0 
7f4fc6c53000-7f4fc6d51000 rw-p 00000000 00:00 0 
7f4fc6d51000-7f4fc6d6a000 r-xp 00000000 08:15 7082592                    /lib/x86_64-linux-gnu/libz.so.1.2.8
7f4fc6d6a000-7f4fc6f69000 ---p 00019000 08:15 7082592                    /lib/x86_64-linux-gnu/libz.so.1.2.8
7f4fc6f69000-7f4fc6f6a000 r--p 00018000 08:15 7082592                    /lib/x86_64-linux-gnu/libz.so.1.2.8
7f4fc6f6a000-7f4fc6f6b000 rw-p 00019000 08:15 7082592                    /lib/x86_64-linux-gnu/libz.so.1.2.8
7f4fc6f6b000-7f4fc6f73000 r-xp 00000000 08:15 12330428                   /usr/lib/x86_64-linux-gnu/libpciaccess.so.0.11.1
7f4fc6f73000-7f4fc7173000 ---p 00008000 08:15 12330428                   /usr/lib/x86_64-linux-gnu/libpciaccess.so.0.11.1
7f4fc7173000-7f4fc7174000 r--p 00008000 08:15 12330428                   /usr/lib/x86_64-linux-gnu/libpciaccess.so.0.11.1
7f4fc7174000-7f4fc7175000 rw-p 00009000 08:15 12330428                   /usr/lib/x86_64-linux-gnu/libpciaccess.so.0.11.1
7f4fc7175000-7f4fc72e7000 r-xp 00000000 08:15 12321131                   /usr/lib/x86_64-linux-gnu/libstdc++.so.6.0.21
7f4fc72e7000-7f4fc74e7000 ---p 00172000 08:15 12321131                   /usr/lib/x86_64-linux-gnu/libstdc++.so.6.0.21
7f4fc74e7000-7f4fc74f1000 r--p 00172000 08:15 12321131                   /usr/lib/x86_64-linux-gnu/libstdc++.so.6.0.21
7f4fc74f1000-7f4fc74f3000 rw-p 0017c000 08:15 12321131                   /usr/lib/x86_64-linux-gnu/libstdc++.so.6.0.21
7f4fc74f3000-7f4fc74f7000 rw-p 00000000 00:00 0 
7f4fc74f7000-7f4fc7502000 r-xp 00000000 08:15 12322849                   /usr/lib/x86_64-linux-gnu/libdrm_radeon.so.1.0.1
7f4fc7502000-7f4fc7701000 ---p 0000b000 08:15 12322849                   /usr/lib/x86_64-linux-gnu/libdrm_radeon.so.1.0.1
7f4fc7701000-7f4fc7702000 r--p 0000a000 08:15 12322849                   /usr/lib/x86_64-linux-gnu/libdrm_radeon.so.1.0.1
7f4fc7702000-7f4fc7703000 rw-p 0000b000 08:15 12322849                   /usr/lib/x86_64-linux-gnu/libdrm_radeon.so.1.0.1
7f4fc7703000-7f4fc7dae000 r-xp 00000000 08:15 12590571                   /usr/lib/x86_64-linux-gnu/dri/i965_dri.so
7f4fc7dae000-7f4fc7fae000 ---p 006ab000 08:15 12590571                   /usr/lib/x86_64-linux-gnu/dri/i965_dri.so
7f4fc7fae000-7f4fc7ff0000 r--p 006ab000 08:15 12590571                   /usr/lib/x86_64-linux-gnu/dri/i965_dri.so
7f4fc7ff0000-7f4fc7ff8000 rw-p 006ed000 08:15 12590571                   /usr/lib/x86_64-linux-gnu/dri/i965_dri.so
7f4fc7ff8000-7f4fc8000000 rw-p 00000000 00:00 0 
7f4fc8000000-7f4fc8021000 rw-p 00000000 00:00 0 
7f4fc8021000-7f4fcc000000 ---p 00000000 00:00 0 
7f4fcc060000-7f4fcc067000 r-xp 00000000 08:15 12324466                   /usr/lib/x86_64-linux-gnu/libdrm_nouveau.so.2.0.0
7f4fcc067000-7f4fcc266000 ---p 00007000 08:15 12324466                   /usr/lib/x86_64-linux-gnu/libdrm_nouveau.so.2.0.0
7f4fcc266000-7f4fcc267000 r--p 00006000 08:15 12324466                   /usr/lib/x86_64-linux-gnu/libdrm_nouveau.so.2.0.0
7f4fcc267000-7f4fcc268000 rw-p 00007000 08:15 12324466                   /usr/lib/x86_64-linux-gnu/libdrm_nouveau.so.2.0.0
7f4fcc268000-7f4fcc28a000 r-xp 00000000 08:15 12322846                   /usr/lib/x86_64-linux-gnu/libdrm_intel.so.1.0.0
7f4fcc28a000-7f4fcc489000 ---p 00022000 08:15 12322846                   /usr/lib/x86_64-linux-gnu/libdrm_intel.so.1.0.0
7f4fcc489000-7f4fcc48a000 r--p 00021000 08:15 12322846                   /usr/lib/x86_64-linux-gnu/libdrm_intel.so.1.0.0
7f4fcc48a000-7f4fcc48b000 rw-p 00022000 08:15 12322846                   /usr/lib/x86_64-linux-gnu/libdrm_intel.so.1.0.0
7f4fcc48b000-7f4fcc4bf000 r-xp 00000000 08:15 12330345                   /usr/lib/x86_64-linux-gnu/libnettle.so.6.2
7f4fcc4bf000-7f4fcc6be000 ---p 00034000 08:15 12330345                   /usr/lib/x86_64-linux-gnu/libnettle.so.6.2
7f4fcc6be000-7f4fcc6c0000 r--p 00033000 08:15 12330345                   /usr/lib/x86_64-linux-gnu/libnettle.so.6.2
7f4fcc6c0000-7f4fcc6c1000 rw-p 00035000 08:15 12330345                   /usr/lib/x86_64-linux-gnu/libnettle.so.6.2
7f4fcc6c1000-7f4fcc6cf000 r-xp 00000000 08:15 12321210                   /usr/lib/x86_64-linux-gnu/libdrm.so.2.4.0
7f4fcc6cf000-7f4fcc8cf000 ---p 0000e000 08:15 12321210                   /usr/lib/x86_64-linux-gnu/libdrm.so.2.4.0
7f4fcc8cf000-7f4fcc8d0000 r--p 0000e000 08:15 12321210                   /usr/lib/x86_64-linux-gnu/libdrm.so.2.4.0
7f4fcc8d0000-7f4fcc8d1000 rw-p 0000f000 08:15 12321210                   /usr/lib/x86_64-linux-gnu/libdrm.so.2.4.0
7f4fcc8d1000-7f4fcc8d5000 r-xp 00000000 08:15 12330784                   /usr/lib/x86_64-linux-gnu/libxcb-dri2.so.0.0.0
7f4fcc8d5000-7f4fccad4000 ---p 00004000 08:15 12330784                   /usr/lib/x86_64-linux-gnu/libxcb-dri2.so.0.0.0
7f4fccad4000-7f4fccad5000 r--p 00003000 08:15 12330784                   /usr/lib/x86_64-linux-gnu/libxcb-dri2.so.0.0.0
7f4fccad5000-7f4fccad6000 rw-p 00004000 08:15 12330784                   /usr/lib/x86_64-linux-gnu/libxcb-dri2.so.0.0.0
7f4fccad6000-7f4fccaed000 r-xp 00000000 08:15 12330788                   /usr/lib/x86_64-linux-gnu/libxcb-glx.so.0.0.0
7f4fccaed000-7f4fcccec000 ---p 00017000 08:15 12330788                   /usr/lib/x86_64-linux-gnu/libxcb-glx.so.0.0.0
7f4fcccec000-7f4fcccee000 r--p 00016000 08:15 12330788                   /usr/lib/x86_64-linux-gnu/libxcb-glx.so.0.0.0
7f4fcccee000-7f4fcccef000 rw-p 00018000 08:15 12330788                   /usr/lib/x86_64-linux-gnu/libxcb-glx.so.0.0.0
7f4fcccef000-7f4fcccf1000 r-xp 00000000 08:15 12329480                   /usr/lib/x86_64-linux-gnu/libXdamage.so.1.1.0
7f4fcccf1000-7f4fccef0000 ---p 00002000 08:15 12329480                   /usr/lib/x86_64-linux-gnu/libXdamage.so.1.1.0
7f4fccef0000-7f4fccef1000 r--p 00001000 08:15 12329480                   /usr/lib/x86_64-linux-gnu/libXdamage.so.1.1.0
7f4fccef1000-7f4fccef2000 rw-p 00002000 08:15 12329480                   /usr/lib/x86_64-linux-gnu/libXdamage.so.1.1.0
7f4fccef2000-7f4fccf1c000 r-xp 00000000 08:15 12320906                   /usr/lib/x86_64-linux-gnu/libglapi.so.0.0.0
7f4fccf1c000-7f4fcd11b000 ---p 0002a000 08:15 12320906                   /usr/lib/x86_64-linux-gnu/libglapi.so.0.0.0
7f4fcd11b000-7f4fcd11f000 r--p 00029000 08:15 12320906                   /usr/lib/x86_64-linux-gnu/libglapi.so.0.0.0
7f4fcd11f000-7f4fcd120000 rw-p 0002d000 08:15 12320906                   /usr/lib/x86_64-linux-gnu/libglapi.so.0.0.0
7f4fcd120000-7f4fcd121000 rw-p 00000000 00:00 0 
7f4fcd121000-7f4fcd122000 r-xp 00000000 08:15 12330832                   /usr/lib/x86_64-linux-gnu/libxshmfence.so.1.0.0
7f4fcd122000-7f4fcd322000 ---p 00001000 08:15 12330832                   /usr/lib/x86_64-linux-gnu/libxshmfence.so.1.0.0
7f4fcd322000-7f4fcd323000 r--p 00001000 08:15 12330832                   /usr/lib/x86_64-linux-gnu/libxshmfence.so.1.0.0
7f4fcd323000-7f4fcd324000 rw-p 00002000 08:15 12330832                   /usr/lib/x86_64-linux-gnu/libxshmfence.so.1.0.0
7f4fcd324000-7f4fcd329000 r-xp 00000000 08:15 12330808                   /usr/lib/x86_64-linux-gnu/libxcb-sync.so.1.0.0
7f4fcd329000-7f4fcd529000 ---p 00005000 08:15 12330808                   /usr/lib/x86_64-linux-gnu/libxcb-sync.so.1.0.0
7f4fcd529000-7f4fcd52a000 r--p 00005000 08:15 12330808                   /usr/lib/x86_64-linux-gnu/libxcb-sync.so.1.0.0
7f4fcd52a000-7f4fcd52b000 rw-p 00006000 08:15 12330808                   /usr/lib/x86_64-linux-gnu/libxcb-sync.so.1.0.0
7f4fcd52b000-7f4fcd52d000 r-xp 00000000 08:15 12330796                   /usr/lib/x86_64-linux-gnu/libxcb-present.so.0.0.0
7f4fcd52d000-7f4fcd72c000 ---p 00002000 08:15 12330796                   /usr/lib/x86_64-linux-gnu/libxcb-present.so.0.0.0
7f4fcd72c000-7f4fcd72d000 r--p 00001000 08:15 12330796                   /usr/lib/x86_64-linux-gnu/libxcb-present.so.0.0.0
7f4fcd72d000-7f4fcd72e000 rw-p 00002000 08:15 12330796                   /usr/lib/x86_64-linux-gnu/libxcb-present.so.0.0.0
7f4fcd72e000-7f4fcd730000 r-xp 00000000 08:15 12330786                   /usr/lib/x86_64-linux-gnu/libxcb-dri3.so.0.0.0
7f4fcd730000-7f4fcd92f000 ---p 00002000 08:15 12330786                   /usr/lib/x86_64-linux-gnu/libxcb-dri3.so.0.0.0
7f4fcd92f000-7f4fcd930000 r--p 00001000 08:15 12330786                   /usr/lib/x86_64-linux-gnu/libxcb-dri3.so.0.0.0
7f4fcd930000-7f4fcd931000 rw-p 00002000 08:15 12330786                   /usr/lib/x86_64-linux-gnu/libxcb-dri3.so.0.0.0
7f4fcd931000-7f4fcd957000 r-xp 00000000 08:15 7082434                    /lib/x86_64-linux-gnu/libexpat.so.1.6.0
7f4fcd957000-7f4fcdb57000 ---p 00026000 08:15 7082434                    /lib/x86_64-linux-gnu/libexpat.so.1.6.0
7f4fcdb57000-7f4fcdb59000 r--p 00026000 08:15 7082434                    /lib/x86_64-linux-gnu/libexpat.so.1.6.0
7f4fcdb59000-7f4fcdb5a000 rw-p 00028000 08:15 7082434                    /lib/x86_64-linux-gnu/libexpat.so.1.6.0
7f4fcdb5a000-7f4fcdbc6000 r-xp 00000000 08:15 12588015                   /usr/lib/x86_64-linux-gnu/mesa/libGL.so.1.2.0
7f4fcdbc6000-7f4fcddc5000 ---p 0006c000 08:15 12588015                   /usr/lib/x86_64-linux-gnu/mesa/libGL.so.1.2.0
7f4fcddc5000-7f4fcddc8000 r--p 0006b000 08:15 12588015                   /usr/lib/x86_64-linux-gnu/mesa/libGL.so.1.2.0
7f4fcddc8000-7f4fcddc9000 rw-p 0006e000 08:15 12588015                   /usr/lib/x86_64-linux-gnu/mesa/libGL.so.1.2.0
7f4fcddc9000-7f4fcdfca000 rw-p 00000000 00:00 0 
7f4fcdfca000-7f4fcdfcb000 r-xp 00000000 08:15 12329465                   /usr/lib/x86_64-linux-gnu/libX11-xcb.so.1.0.0
7f4fcdfcb000-7f4fce1ca000 ---p 00001000 08:15 12329465                   /usr/lib/x86_64-linux-gnu/libX11-xcb.so.1.0.0
7f4fce1ca000-7f4fce1cb000 r--p 00000000 08:15 12329465                   /usr/lib/x86_64-linux-gnu/libX11-xcb.so.1.0.0
7f4fce1cb000-7f4fce1cc000 rw-p 00001000 08:15 12329465                   /usr/lib/x86_64-linux-gnu/libX11-xcb.so.1.0.0
7f4fce1cc000-7f4fce1d1000 r-xp 00000000 08:15 12329520                   /usr/lib/x86_64-linux-gnu/libXxf86vm.so.1.0.0
7f4fce1d1000-7f4fce3d0000 ---p 00005000 08:15 12329520                   /usr/lib/x86_64-linux-gnu/libXxf86vm.so.1.0.0
7f4fce3d0000-7f4fce3d1000 r--p 00004000 08:15 12329520                   /usr/lib/x86_64-linux-gnu/libXxf86vm.so.1.0.0
7f4fce3d1000-7f4fce3d2000 rw-p 00005000 08:15 12329520                   /usr/lib/x86_64-linux-gnu/libXxf86vm.so.1.0.0
7f4fce3d2000-7f4fce3d4000 r-xp 00000000 08:15 12329494                   /usr/lib/x86_64-linux-gnu/libXinerama.so.1.0.0
7f4fce3d4000-7f4fce5d3000 ---p 00002000 08:15 12329494                   /usr/lib/x86_64-linux-gnu/libXinerama.so.1.0.0
7f4fce5d3000-7f4fce5d4000 r--p 00001000 08:15 12329494                   /usr/lib/x86_64-linux-gnu/libXinerama.so.1.0.0
7f4fce5d4000-7f4fce5d5000 rw-p 00002000 08:15 12329494                   /usr/lib/x86_64-linux-gnu/libXinerama.so.1.0.0
7f4fce5d5000-7f4fce5df000 r-xp 00000000 08:15 12329502                   /usr/lib/x86_64-linux-gnu/libXrandr.so.2.2.0
7f4fce5df000-7f4fce7de000 ---p 0000a000 08:15 12329502                   /usr/lib/x86_64-linux-gnu/libXrandr.so.2.2.0
7f4fce7de000-7f4fce7df000 r--p 00009000 08:15 12329502                   /usr/lib/x86_64-linux-gnu/libXrandr.so.2.2.0
7f4fce7df000-7f4fce7e0000 rw-p 0000a000 08:15 12329502                   /usr/lib/x86_64-linux-gnu/libXrandr.so.2.2.0
7f4fce7e0000-7f4fce7fe000 r-xp 00000000 08:15 1466952                    /tmp/lwjglnokorot/3.1.1-build-16/libglfw.so
7f4fce7fe000-7f4fce9fd000 ---p 0001e000 08:15 1466952                    /tmp/lwjglnokorot/3.1.1-build-16/libglfw.so
7f4fce9fd000-7f4fce9fe000 r--p 0001d000 08:15 1466952                    /tmp/lwjglnokorot/3.1.1-build-16/libglfw.so
7f4fce9fe000-7f4fce9ff000 rw-p 0001e000 08:15 1466952                    /tmp/lwjglnokorot/3.1.1-build-16/libglfw.so
7f4fce9ff000-7f4fcea00000 rw-p 00000000 00:00 0 
7f4fcea00000-7f4fcec00000 rw-p 00000000 00:00 0 
7f4fcec25000-7f4fcec5e000 r-xp 00000000 08:15 1466951                    /tmp/lwjglnokorot/3.1.1-build-16/libjemalloc.so
7f4fcec5e000-7f4fcee5d000 ---p 00039000 08:15 1466951                    /tmp/lwjglnokorot/3.1.1-build-16/libjemalloc.so
7f4fcee5d000-7f4fcee60000 r--p 00038000 08:15 1466951                    /tmp/lwjglnokorot/3.1.1-build-16/libjemalloc.so
7f4fcee60000-7f4fcee61000 rw-p 0003b000 08:15 1466951                    /tmp/lwjglnokorot/3.1.1-build-16/libjemalloc.so
7f4fcee61000-7f4fcee62000 rw-p 00000000 00:00 0 
7f4fcee62000-7f4fceead000 r-xp 00000000 08:15 1466950                    /tmp/lwjglnokorot/3.1.1-build-16/liblwjgl.so
7f4fceead000-7f4fcf0ad000 ---p 0004b000 08:15 1466950                    /tmp/lwjglnokorot/3.1.1-build-16/liblwjgl.so
7f4fcf0ad000-7f4fcf0ae000 r--p 0004b000 08:15 1466950                    /tmp/lwjglnokorot/3.1.1-build-16/liblwjgl.so
7f4fcf0ae000-7f4fcf0af000 rw-p 0004c000 08:15 1466950                    /tmp/lwjglnokorot/3.1.1-build-16/liblwjgl.so
7f4fcf0af000-7f4fcf0b2000 ---p 00000000 00:00 0 
7f4fcf0b2000-7f4fcf1b0000 rw-p 00000000 00:00 0 
7f4fcf1b0000-7f4fcf1b5000 r-xp 00000000 08:15 12329486                   /usr/lib/x86_64-linux-gnu/libXfixes.so.3.1.0
7f4fcf1b5000-7f4fcf3b4000 ---p 00005000 08:15 12329486                   /usr/lib/x86_64-linux-gnu/libXfixes.so.3.1.0
7f4fcf3b4000-7f4fcf3b5000 r--p 00004000 08:15 12329486                   /usr/lib/x86_64-linux-gnu/libXfixes.so.3.1.0
7f4fcf3b5000-7f4fcf3b6000 rw-p 00005000 08:15 12329486                   /usr/lib/x86_64-linux-gnu/libXfixes.so.3.1.0
7f4fcf3b6000-7f4fcf3bf000 r-xp 00000000 08:15 12329478                   /usr/lib/x86_64-linux-gnu/libXcursor.so.1.0.2
7f4fcf3bf000-7f4fcf5be000 ---p 00009000 08:15 12329478                   /usr/lib/x86_64-linux-gnu/libXcursor.so.1.0.2
7f4fcf5be000-7f4fcf5bf000 r--p 00008000 08:15 12329478                   /usr/lib/x86_64-linux-gnu/libXcursor.so.1.0.2
7f4fcf5bf000-7f4fcf5c0000 rw-p 00009000 08:15 12329478                   /usr/lib/x86_64-linux-gnu/libXcursor.so.1.0.2
7f4fcf5c0000-7f4fcf5c3000 ---p 00000000 00:00 0 
7f4fcf5c3000-7f4fcf9c2000 rw-p 00000000 00:00 0 
7f4fcf9c2000-7f4fcf9d8000 r-xp 00000000 08:15 12980356                   /usr/lib/jvm/java-8-oracle/jre/lib/amd64/libnet.so
7f4fcf9d8000-7f4fcfbd8000 ---p 00016000 08:15 12980356                   /usr/lib/jvm/java-8-oracle/jre/lib/amd64/libnet.so
7f4fcfbd8000-7f4fcfbd9000 rw-p 00016000 08:15 12980356                   /usr/lib/jvm/java-8-oracle/jre/lib/amd64/libnet.so
7f4fcfbd9000-7f4fcfbea000 r-xp 00000000 08:15 12980591                   /usr/lib/jvm/java-8-oracle/jre/lib/amd64/libnio.so
7f4fcfbea000-7f4fcfde9000 ---p 00011000 08:15 12980591                   /usr/lib/jvm/java-8-oracle/jre/lib/amd64/libnio.so
7f4fcfde9000-7f4fcfdea000 rw-p 00010000 08:15 12980591                   /usr/lib/jvm/java-8-oracle/jre/lib/amd64/libnio.so
7f4fcfdea000-7f4fcfe00000 r-xp 00000000 08:15 7082441                    /lib/x86_64-linux-gnu/libgcc_s.so.1
7f4fcfe00000-7f4fcffff000 ---p 00016000 08:15 7082441                    /lib/x86_64-linux-gnu/libgcc_s.so.1
7f4fcffff000-7f4fd0000000 rw-p 00015000 08:15 7082441                    /lib/x86_64-linux-gnu/libgcc_s.so.1
7f4fd0000000-7f4fd0021000 rw-p 00000000 00:00 0 
7f4fd0021000-7f4fd4000000 ---p 00000000 00:00 0 
7f4fd4000000-7f4fd4a34000 rw-p 00000000 00:00 0 
7f4fd4a34000-7f4fd8000000 ---p 00000000 00:00 0 
7f4fd8000000-7f4fd826a000 rw-p 00000000 00:00 0 
7f4fd826a000-7f4fdc000000 ---p 00000000 00:00 0 
7f4fdc000000-7f4fdc021000 rw-p 00000000 00:00 0 
7f4fdc021000-7f4fe0000000 ---p 00000000 00:00 0 
7f4fe0000000-7f4fe020f000 rw-p 00000000 00:00 0 
7f4fe020f000-7f4fe4000000 ---p 00000000 00:00 0 
7f4fe4000000-7f4fe40e3000 rw-p 00000000 00:00 0 
7f4fe40e3000-7f4fe8000000 ---p 00000000 00:00 0 
7f4fe8000000-7f4fe8021000 rw-p 00000000 00:00 0 
7f4fe8021000-7f4fec000000 ---p 00000000 00:00 0 
7f4fec000000-7f4fec021000 rw-p 00000000 00:00 0 
7f4fec021000-7f4ff0000000 ---p 00000000 00:00 0 
7f4ff0000000-7f4ff0021000 rw-p 00000000 00:00 0 
7f4ff0021000-7f4ff4000000 ---p 00000000 00:00 0 
7f4ff4000000-7f4ff4021000 rw-p 00000000 00:00 0 
7f4ff4021000-7f4ff8000000 ---p 00000000 00:00 0 
7f4ff8000000-7f4ff8021000 rw-p 00000000 00:00 0 
7f4ff8021000-7f4ffc000000 ---p 00000000 00:00 0 
7f4ffc000000-7f4ffc021000 rw-p 00000000 00:00 0 
7f4ffc021000-7f5000000000 ---p 00000000 00:00 0 
7f5000000000-7f5000021000 rw-p 00000000 00:00 0 
7f5000021000-7f5004000000 ---p 00000000 00:00 0 
7f50040a4000-7f5004109000 r-xp 00000000 08:15 12980585                   /usr/lib/jvm/java-8-oracle/jre/lib/amd64/libfontmanager.so
7f5004109000-7f5004308000 ---p 00065000 08:15 12980585                   /usr/lib/jvm/java-8-oracle/jre/lib/amd64/libfontmanager.so
7f5004308000-7f500430d000 rw-p 00064000 08:15 12980585                   /usr/lib/jvm/java-8-oracle/jre/lib/amd64/libfontmanager.so
7f500430d000-7f500431d000 rw-p 00000000 00:00 0 
7f500431d000-7f5004320000 ---p 00000000 00:00 0 
7f5004320000-7f500441e000 rw-p 00000000 00:00 0 
7f500441e000-7f5004423000 r-xp 00000000 08:15 12329482                   /usr/lib/x86_64-linux-gnu/libXdmcp.so.6.0.0
7f5004423000-7f5004622000 ---p 00005000 08:15 12329482                   /usr/lib/x86_64-linux-gnu/libXdmcp.so.6.0.0
7f5004622000-7f5004623000 r--p 00004000 08:15 12329482                   /usr/lib/x86_64-linux-gnu/libXdmcp.so.6.0.0
7f5004623000-7f5004624000 rw-p 00005000 08:15 12329482                   /usr/lib/x86_64-linux-gnu/libXdmcp.so.6.0.0
7f5004624000-7f5004626000 r-xp 00000000 08:15 12329471                   /usr/lib/x86_64-linux-gnu/libXau.so.6.0.0
7f5004626000-7f5004826000 ---p 00002000 08:15 12329471                   /usr/lib/x86_64-linux-gnu/libXau.so.6.0.0
7f5004826000-7f5004827000 r--p 00002000 08:15 12329471                   /usr/lib/x86_64-linux-gnu/libXau.so.6.0.0
7f5004827000-7f5004828000 rw-p 00003000 08:15 12329471                   /usr/lib/x86_64-linux-gnu/libXau.so.6.0.0
7f5004828000-7f5004849000 r-xp 00000000 08:15 12330820                   /usr/lib/x86_64-linux-gnu/libxcb.so.1.1.0
7f5004849000-7f5004a48000 ---p 00021000 08:15 12330820                   /usr/lib/x86_64-linux-gnu/libxcb.so.1.1.0
7f5004a48000-7f5004a49000 r--p 00020000 08:15 12330820                   /usr/lib/x86_64-linux-gnu/libxcb.so.1.1.0
7f5004a49000-7f5004a4a000 rw-p 00021000 08:15 12330820                   /usr/lib/x86_64-linux-gnu/libxcb.so.1.1.0
7f5004a4a000-7f5004a59000 r-xp 00000000 08:15 12329492                   /usr/lib/x86_64-linux-gnu/libXi.so.6.1.0
7f5004a59000-7f5004c58000 ---p 0000f000 08:15 12329492                   /usr/lib/x86_64-linux-gnu/libXi.so.6.1.0
7f5004c58000-7f5004c59000 r--p 0000e000 08:15 12329492                   /usr/lib/x86_64-linux-gnu/libXi.so.6.1.0
7f5004c59000-7f5004c5a000 rw-p 0000f000 08:15 12329492                   /usr/lib/x86_64-linux-gnu/libXi.so.6.1.0
7f5004c5a000-7f5004c5f000 r-xp 00000000 08:15 12329510                   /usr/lib/x86_64-linux-gnu/libXtst.so.6.1.0
7f5004c5f000-7f5004e5e000 ---p 00005000 08:15 12329510                   /usr/lib/x86_64-linux-gnu/libXtst.so.6.1.0
7f5004e5e000-7f5004e5f000 r--p 00004000 08:15 12329510                   /usr/lib/x86_64-linux-gnu/libXtst.so.6.1.0
7f5004e5f000-7f5004e60000 rw-p 00005000 08:15 12329510                   /usr/lib/x86_64-linux-gnu/libXtst.so.6.1.0
7f5004e60000-7f5004e69000 r-xp 00000000 08:15 12329504                   /usr/lib/x86_64-linux-gnu/libXrender.so.1.3.0
7f5004e69000-7f5005068000 ---p 00009000 08:15 12329504                   /usr/lib/x86_64-linux-gnu/libXrender.so.1.3.0
7f5005068000-7f5005069000 r--p 00008000 08:15 12329504                   /usr/lib/x86_64-linux-gnu/libXrender.so.1.3.0
7f5005069000-7f500506a000 rw-p 00009000 08:15 12329504                   /usr/lib/x86_64-linux-gnu/libXrender.so.1.3.0
7f500506a000-7f500519f000 r-xp 00000000 08:15 12329467                   /usr/lib/x86_64-linux-gnu/libX11.so.6.3.0
7f500519f000-7f500539f000 ---p 00135000 08:15 12329467                   /usr/lib/x86_64-linux-gnu/libX11.so.6.3.0
7f500539f000-7f50053a0000 r--p 00135000 08:15 12329467                   /usr/lib/x86_64-linux-gnu/libX11.so.6.3.0
7f50053a0000-7f50053a4000 rw-p 00136000 08:15 12329467                   /usr/lib/x86_64-linux-gnu/libX11.so.6.3.0
7f50053a4000-7f50053b5000 r-xp 00000000 08:15 12329484                   /usr/lib/x86_64-linux-gnu/libXext.so.6.4.0
7f50053b5000-7f50055b4000 ---p 00011000 08:15 12329484                   /usr/lib/x86_64-linux-gnu/libXext.so.6.4.0
7f50055b4000-7f50055b5000 r--p 00010000 08:15 12329484                   /usr/lib/x86_64-linux-gnu/libXext.so.6.4.0
7f50055b5000-7f50055b6000 rw-p 00011000 08:15 12329484                   /usr/lib/x86_64-linux-gnu/libXext.so.6.4.0
7f50055b6000-7f500560a000 r-xp 00000000 08:15 12980593                   /usr/lib/jvm/java-8-oracle/jre/lib/amd64/libawt_xawt.so
7f500560a000-7f500580a000 ---p 00054000 08:15 12980593                   /usr/lib/jvm/java-8-oracle/jre/lib/amd64/libawt_xawt.so
7f500580a000-7f500580e000 rw-p 00054000 08:15 12980593                   /usr/lib/jvm/java-8-oracle/jre/lib/amd64/libawt_xawt.so
7f500580e000-7f500580f000 rw-p 00000000 00:00 0 
7f500580f000-7f50058b1000 r-xp 00000000 08:15 12980626                   /usr/lib/jvm/java-8-oracle/jre/lib/amd64/libawt.so
7f50058b1000-7f5005ab1000 ---p 000a2000 08:15 12980626                   /usr/lib/jvm/java-8-oracle/jre/lib/amd64/libawt.so
7f5005ab1000-7f5005abd000 rw-p 000a2000 08:15 12980626                   /usr/lib/jvm/java-8-oracle/jre/lib/amd64/libawt.so
7f5005abd000-7f5005ae1000 rw-p 00000000 00:00 0 
7f5005ae1000-7f5005ae2000 ---p 00000000 00:00 0 
7f5005ae2000-7f5005be2000 rw-p 00000000 00:00 0 
7f5005be2000-7f5005be5000 ---p 00000000 00:00 0 
7f5005be5000-7f5005ce3000 rw-p 00000000 00:00 0 
7f5005ce3000-7f5005ce6000 ---p 00000000 00:00 0 
7f5005ce6000-7f5005de4000 rw-p 00000000 00:00 0 
7f5005de4000-7f5005de7000 ---p 00000000 00:00 0 
7f5005de7000-7f5005ee5000 rw-p 00000000 00:00 0 
7f5005ee5000-7f5005ee8000 ---p 00000000 00:00 0 
7f5005ee8000-7f5005fe6000 rw-p 00000000 00:00 0 
7f5005fe6000-7f5005fe9000 ---p 00000000 00:00 0 
7f5005fe9000-7f50060e7000 rw-p 00000000 00:00 0 
7f50060e7000-7f50060ea000 ---p 00000000 00:00 0 
7f50060ea000-7f50061e8000 rw-p 00000000 00:00 0 
7f50061e8000-7f50061eb000 ---p 00000000 00:00 0 
7f50061eb000-7f50062e9000 rw-p 00000000 00:00 0 
7f50062e9000-7f50062ed000 r-xp 00000000 08:15 12980607                   /usr/lib/jvm/java-8-oracle/jre/lib/amd64/libdt_socket.so
7f50062ed000-7f50064ec000 ---p 00004000 08:15 12980607                   /usr/lib/jvm/java-8-oracle/jre/lib/amd64/libdt_socket.so
7f50064ec000-7f50064ed000 rw-p 00003000 08:15 12980607                   /usr/lib/jvm/java-8-oracle/jre/lib/amd64/libdt_socket.so
7f50064ed000-7f50064f0000 ---p 00000000 00:00 0 
7f50064f0000-7f50065ee000 rw-p 00000000 00:00 0 
7f50065ee000-7f50065f1000 ---p 00000000 00:00 0 
7f50065f1000-7f50066ef000 rw-p 00000000 00:00 0 
7f50066ef000-7f50066f2000 ---p 00000000 00:00 0 
7f50066f2000-7f50067f0000 rw-p 00000000 00:00 0 
7f50067f0000-7f50067f1000 ---p 00000000 00:00 0 
7f50067f1000-7f5008000000 rw-p 00000000 00:00 0 
7f5008000000-7f5008021000 rw-p 00000000 00:00 0 
7f5008021000-7f500c000000 ---p 00000000 00:00 0 
7f500c098000-7f500c270000 r--s 03d2a000 08:15 12855517                   /usr/lib/jvm/java-8-oracle/jre/lib/rt.jar
7f500c270000-7f5010000000 rw-p 00000000 00:00 0 
7f5010000000-7f5010021000 rw-p 00000000 00:00 0 
7f5010021000-7f5014000000 ---p 00000000 00:00 0 
7f5014000000-7f5014021000 rw-p 00000000 00:00 0 
7f5014021000-7f5018000000 ---p 00000000 00:00 0 
7f5018000000-7f5018021000 rw-p 00000000 00:00 0 
7f5018021000-7f501c000000 ---p 00000000 00:00 0 
7f501c056000-7f501c05a000 r--s 00097000 08:15 12855478                   /usr/lib/jvm/java-8-oracle/jre/lib/jsse.jar
7f501c05a000-7f501c05c000 rwxp 00000000 00:00 0 
7f501c05c000-7f501c064000 rw-s 00000000 00:05 386651                     /drm mm object (deleted)
7f501c064000-7f501c065000 rw-s 11525d000 00:06 361                       /dev/dri/card0
7f501c065000-7f501c06d000 rw-s 00000000 00:05 386641                     /drm mm object (deleted)
7f501c06d000-7f501c074000 r--s 00000000 08:15 12594715                   /usr/lib/x86_64-linux-gnu/gconv/gconv-modules.cache
7f501c074000-7f501c075000 rwxp 00000000 00:00 0 
7f501c075000-7f501c076000 r--s 00004000 08:15 13654818                   /home/nokorot/Workspace/Java/PS/PS 3.0.0/LWJGL3/lwjgl-xxhash.jar
7f501c076000-7f501c077000 r--s 00001000 08:15 13654817                   /home/nokorot/Workspace/Java/PS/PS 3.0.0/LWJGL3/lwjgl-xxhash-natives-linux.jar
7f501c077000-7f501c080000 r--s 000a6000 08:15 13654825                   /home/nokorot/Workspace/Java/PS/PS 3.0.0/LWJGL3/lwjgl-vulkan.jar
7f501c080000-7f501c085000 r--s 000ac000 08:15 13654824                   /home/nokorot/Workspace/Java/PS/PS 3.0.0/LWJGL3/lwjgl-vulkan-sources.jar
7f501c085000-7f501c086000 r--s 00001000 08:15 13654813                   /home/nokorot/Workspace/Java/PS/PS 3.0.0/LWJGL3/lwjgl-tinyfd.jar
7f501c086000-7f501c087000 r--s 00007000 08:15 13654815                   /home/nokorot/Workspace/Java/PS/PS 3.0.0/LWJGL3/lwjgl-tinyfd-natives-linux.jar
7f501c087000-7f501c08a000 r--s 00012000 08:15 13654809                   /home/nokorot/Workspace/Java/PS/PS 3.0.0/LWJGL3/lwjgl-stb.jar
7f501c08a000-7f501c08b000 r--s 0002c000 08:15 13654808                   /home/nokorot/Workspace/Java/PS/PS 3.0.0/LWJGL3/lwjgl-stb-natives-linux.jar
7f501c08b000-7f501c08c000 r--s 00000000 08:15 13654803                   /home/nokorot/Workspace/Java/PS/PS 3.0.0/LWJGL3/lwjgl-sse.jar
7f501c08c000-7f501c08d000 r--s 00000000 08:15 13654802                   /home/nokorot/Workspace/Java/PS/PS 3.0.0/LWJGL3/lwjgl-sse-natives-linux.jar
7f501c08d000-7f501c08f000 r--s 00058000 08:15 13654804                   /home/nokorot/Workspace/Java/PS/PS 3.0.0/LWJGL3/lwjgl-sse-javadoc.jar
7f501c08f000-7f501c091000 r--s 00001000 08:15 13654799                   /home/nokorot/Workspace/Java/PS/PS 3.0.0/LWJGL3/lwjgl-par.jar
7f501c091000-7f501c092000 r--s 00005000 08:15 13654795                   /home/nokorot/Workspace/Java/PS/PS 3.0.0/LWJGL3/lwjgl-par-natives-linux.jar
7f501c092000-7f501c098000 r--s 00048000 08:15 13654794                   /home/nokorot/Workspace/Java/PS/PS 3.0.0/LWJGL3/lwjgl-opengles.jar
7f501c098000-7f501c099000 r--s 00007000 08:15 13654792                   /home/nokorot/Workspace/Java/PS/PS 3.0.0/LWJGL3/lwjgl-opengles-natives-linux.jar
7f501c099000-7f501c0a2000 r--s 000ba000 08:15 13654797                   /home/nokorot/Workspace/Java/PS/PS 3.0.0/LWJGL3/lwjgl-opengl.jar
7f501c0a2000-7f501c0a3000 r--s 00015000 08:15 13654789                   /home/nokorot/Workspace/Java/PS/PS 3.0.0/LWJGL3/lwjgl-opengl-natives-linux.jar
7f501c0a3000-7f501c0a6000 r--s 00023000 08:15 13654790                   /home/nokorot/Workspace/Java/PS/PS 3.0.0/LWJGL3/lwjgl-opencl.jar
7f501c0a6000-7f501c0a8000 r--s 00010000 08:15 13654776                   /home/nokorot/Workspace/Java/PS/PS 3.0.0/LWJGL3/lwjgl-openal.jar
7f501c0a8000-7f501c0a9000 r--s 0004a000 08:15 13654787                   /home/nokorot/Workspace/Java/PS/PS 3.0.0/LWJGL3/lwjgl-openal-natives-linux.jar
7f501c0a9000-7f501c0ae000 r--s 00054000 08:15 13654782                   /home/nokorot/Workspace/Java/PS/PS 3.0.0/LWJGL3/lwjgl-nuklear.jar
7f501c0ae000-7f501c0af000 r--s 0001f000 08:15 13654772                   /home/nokorot/Workspace/Java/PS/PS 3.0.0/LWJGL3/lwjgl-nuklear-natives-linux.jar
7f501c0af000-7f501c0b0000 r--s 00001000 08:15 13654766                   /home/nokorot/Workspace/Java/PS/PS 3.0.0/LWJGL3/lwjgl-nfd.jar
7f501c0b0000-7f501c0b1000 r--s 00001000 08:15 13654764                   /home/nokorot/Workspace/Java/PS/PS 3.0.0/LWJGL3/lwjgl-nfd-natives-linux.jar
7f501c0b1000-7f501c591000 rw-p 00000000 00:00 0 
7f501c591000-7f501c592000 ---p 00000000 00:00 0 
7f501c592000-7f501c692000 rw-p 00000000 00:00 0 
7f501c692000-7f501c693000 ---p 00000000 00:00 0 
7f501c693000-7f501c793000 rw-p 00000000 00:00 0 
7f501c793000-7f501c794000 ---p 00000000 00:00 0 
7f501c794000-7f501c894000 rw-p 00000000 00:00 0 
7f501c894000-7f501c895000 ---p 00000000 00:00 0 
7f501c895000-7f501c9bf000 rw-p 00000000 00:00 0 
7f501c9bf000-7f501cc26000 ---p 00000000 00:00 0 
7f501cc26000-7f501cc50000 rw-p 00000000 00:00 0 
7f501cc50000-7f501ceb6000 ---p 00000000 00:00 0 
7f501ceb6000-7f501cedb000 rw-p 00000000 00:00 0 
7f501cedb000-7f501cfff000 ---p 00000000 00:00 0 
7f501cfff000-7f501d000000 rw-p 00000000 00:00 0 
7f501d000000-7f501d3b0000 rwxp 00000000 00:00 0 
7f501d3b0000-7f502c000000 ---p 00000000 00:00 0 
7f502c000000-7f502c7e4000 rw-p 00000000 00:00 0 
7f502c7e4000-7f5030000000 ---p 00000000 00:00 0 
7f5030000000-7f5030001000 r--s 00011000 08:15 13654822                   /home/nokorot/Workspace/Java/PS/PS 3.0.0/LWJGL3/lwjgl-natives-linux.jar
7f5030001000-7f5030003000 r--s 00008000 08:15 13654756                   /home/nokorot/Workspace/Java/PS/PS 3.0.0/LWJGL3/lwjgl-nanovg.jar
7f5030003000-7f5030054000 rw-p 00000000 00:00 0 
7f5030054000-7f5030405000 ---p 00000000 00:00 0 
7f5030405000-7f503041f000 r-xp 00000000 08:15 12980589                   /usr/lib/jvm/java-8-oracle/jre/lib/amd64/libzip.so
7f503041f000-7f503061f000 ---p 0001a000 08:15 12980589                   /usr/lib/jvm/java-8-oracle/jre/lib/amd64/libzip.so
7f503061f000-7f5030620000 rw-p 0001a000 08:15 12980589                   /usr/lib/jvm/java-8-oracle/jre/lib/amd64/libzip.so
7f5030620000-7f503062b000 r-xp 00000000 08:15 7082071                    /lib/x86_64-linux-gnu/libnss_files-2.23.so
7f503062b000-7f503082a000 ---p 0000b000 08:15 7082071                    /lib/x86_64-linux-gnu/libnss_files-2.23.so
7f503082a000-7f503082b000 r--p 0000a000 08:15 7082071                    /lib/x86_64-linux-gnu/libnss_files-2.23.so
7f503082b000-7f503082c000 rw-p 0000b000 08:15 7082071                    /lib/x86_64-linux-gnu/libnss_files-2.23.so
7f503082c000-7f5030832000 rw-p 00000000 00:00 0 
7f5030832000-7f503083d000 r-xp 00000000 08:15 7082047                    /lib/x86_64-linux-gnu/libnss_nis-2.23.so
7f503083d000-7f5030a3c000 ---p 0000b000 08:15 7082047                    /lib/x86_64-linux-gnu/libnss_nis-2.23.so
7f5030a3c000-7f5030a3d000 r--p 0000a000 08:15 7082047                    /lib/x86_64-linux-gnu/libnss_nis-2.23.so
7f5030a3d000-7f5030a3e000 rw-p 0000b000 08:15 7082047                    /lib/x86_64-linux-gnu/libnss_nis-2.23.so
7f5030a3e000-7f5030a54000 r-xp 00000000 08:15 7082063                    /lib/x86_64-linux-gnu/libnsl-2.23.so
7f5030a54000-7f5030c53000 ---p 00016000 08:15 7082063                    /lib/x86_64-linux-gnu/libnsl-2.23.so
7f5030c53000-7f5030c54000 r--p 00015000 08:15 7082063                    /lib/x86_64-linux-gnu/libnsl-2.23.so
7f5030c54000-7f5030c55000 rw-p 00016000 08:15 7082063                    /lib/x86_64-linux-gnu/libnsl-2.23.so
7f5030c55000-7f5030c57000 rw-p 00000000 00:00 0 
7f5030c57000-7f5030c5f000 r-xp 00000000 08:15 7082065                    /lib/x86_64-linux-gnu/libnss_compat-2.23.so
7f5030c5f000-7f5030e5e000 ---p 00008000 08:15 7082065                    /lib/x86_64-linux-gnu/libnss_compat-2.23.so
7f5030e5e000-7f5030e5f000 r--p 00007000 08:15 7082065                    /lib/x86_64-linux-gnu/libnss_compat-2.23.so
7f5030e5f000-7f5030e60000 rw-p 00008000 08:15 7082065                    /lib/x86_64-linux-gnu/libnss_compat-2.23.so
7f5030e60000-7f50312b7000 r--p 00000000 08:15 12322328                   /usr/lib/locale/locale-archive
7f50312b7000-7f50312b9000 r-xp 00000000 08:15 12980597                   /usr/lib/jvm/java-8-oracle/jre/lib/amd64/libnpt.so
7f50312b9000-7f50314b9000 ---p 00002000 08:15 12980597                   /usr/lib/jvm/java-8-oracle/jre/lib/amd64/libnpt.so
7f50314b9000-7f50314ba000 rw-p 00002000 08:15 12980597                   /usr/lib/jvm/java-8-oracle/jre/lib/amd64/libnpt.so
7f50314ba000-7f50314f3000 r-xp 00000000 08:15 12980352                   /usr/lib/jvm/java-8-oracle/jre/lib/amd64/libjdwp.so
7f50314f3000-7f50316f2000 ---p 00039000 08:15 12980352                   /usr/lib/jvm/java-8-oracle/jre/lib/amd64/libjdwp.so
7f50316f2000-7f50316f4000 rw-p 00038000 08:15 12980352                   /usr/lib/jvm/java-8-oracle/jre/lib/amd64/libjdwp.so
7f50316f4000-7f503171f000 r-xp 00000000 08:15 12980616                   /usr/lib/jvm/java-8-oracle/jre/lib/amd64/libjava.so
7f503171f000-7f503191e000 ---p 0002b000 08:15 12980616                   /usr/lib/jvm/java-8-oracle/jre/lib/amd64/libjava.so
7f503191e000-7f5031920000 rw-p 0002a000 08:15 12980616                   /usr/lib/jvm/java-8-oracle/jre/lib/amd64/libjava.so
7f5031920000-7f503192d000 r-xp 00000000 08:15 12980358                   /usr/lib/jvm/java-8-oracle/jre/lib/amd64/libverify.so
7f503192d000-7f5031b2c000 ---p 0000d000 08:15 12980358                   /usr/lib/jvm/java-8-oracle/jre/lib/amd64/libverify.so
7f5031b2c000-7f5031b2e000 rw-p 0000c000 08:15 12980358                   /usr/lib/jvm/java-8-oracle/jre/lib/amd64/libverify.so
7f5031b2e000-7f5031b35000 r-xp 00000000 08:15 7082046                    /lib/x86_64-linux-gnu/librt-2.23.so
7f5031b35000-7f5031d34000 ---p 00007000 08:15 7082046                    /lib/x86_64-linux-gnu/librt-2.23.so
7f5031d34000-7f5031d35000 r--p 00006000 08:15 7082046                    /lib/x86_64-linux-gnu/librt-2.23.so
7f5031d35000-7f5031d36000 rw-p 00007000 08:15 7082046                    /lib/x86_64-linux-gnu/librt-2.23.so
7f5031d36000-7f5031e3e000 r-xp 00000000 08:15 7082058                    /lib/x86_64-linux-gnu/libm-2.23.so
7f5031e3e000-7f503203d000 ---p 00108000 08:15 7082058                    /lib/x86_64-linux-gnu/libm-2.23.so
7f503203d000-7f503203e000 r--p 00107000 08:15 7082058                    /lib/x86_64-linux-gnu/libm-2.23.so
7f503203e000-7f503203f000 rw-p 00108000 08:15 7082058                    /lib/x86_64-linux-gnu/libm-2.23.so
7f503203f000-7f5032d0c000 r-xp 00000000 08:15 12980620                   /usr/lib/jvm/java-8-oracle/jre/lib/amd64/server/libjvm.so
7f5032d0c000-7f5032f0b000 ---p 00ccd000 08:15 12980620                   /usr/lib/jvm/java-8-oracle/jre/lib/amd64/server/libjvm.so
7f5032f0b000-7f5032fe4000 rw-p 00ccc000 08:15 12980620                   /usr/lib/jvm/java-8-oracle/jre/lib/amd64/server/libjvm.so
7f5032fe4000-7f503302f000 rw-p 00000000 00:00 0 
7f503302f000-7f50331ee000 r-xp 00000000 08:15 7082051                    /lib/x86_64-linux-gnu/libc-2.23.so
7f50331ee000-7f50333ee000 ---p 001bf000 08:15 7082051                    /lib/x86_64-linux-gnu/libc-2.23.so
7f50333ee000-7f50333f2000 r--p 001bf000 08:15 7082051                    /lib/x86_64-linux-gnu/libc-2.23.so
7f50333f2000-7f50333f4000 rw-p 001c3000 08:15 7082051                    /lib/x86_64-linux-gnu/libc-2.23.so
7f50333f4000-7f50333f8000 rw-p 00000000 00:00 0 
7f50333f8000-7f50333fb000 r-xp 00000000 08:15 7082050                    /lib/x86_64-linux-gnu/libdl-2.23.so
7f50333fb000-7f50335fa000 ---p 00003000 08:15 7082050                    /lib/x86_64-linux-gnu/libdl-2.23.so
7f50335fa000-7f50335fb000 r--p 00002000 08:15 7082050                    /lib/x86_64-linux-gnu/libdl-2.23.so
7f50335fb000-7f50335fc000 rw-p 00003000 08:15 7082050                    /lib/x86_64-linux-gnu/libdl-2.23.so
7f50335fc000-7f5033611000 r-xp 00000000 08:15 12585246                   /usr/lib/jvm/java-8-oracle/lib/amd64/jli/libjli.so
7f5033611000-7f5033811000 ---p 00015000 08:15 12585246                   /usr/lib/jvm/java-8-oracle/lib/amd64/jli/libjli.so
7f5033811000-7f5033812000 rw-p 00015000 08:15 12585246                   /usr/lib/jvm/java-8-oracle/lib/amd64/jli/libjli.so
7f5033812000-7f503382a000 r-xp 00000000 08:15 7082059                    /lib/x86_64-linux-gnu/libpthread-2.23.so
7f503382a000-7f5033a29000 ---p 00018000 08:15 7082059                    /lib/x86_64-linux-gnu/libpthread-2.23.so
7f5033a29000-7f5033a2a000 r--p 00017000 08:15 7082059                    /lib/x86_64-linux-gnu/libpthread-2.23.so
7f5033a2a000-7f5033a2b000 rw-p 00018000 08:15 7082059                    /lib/x86_64-linux-gnu/libpthread-2.23.so
7f5033a2b000-7f5033a2f000 rw-p 00000000 00:00 0 
7f5033a2f000-7f5033a55000 r-xp 00000000 08:15 7082039                    /lib/x86_64-linux-gnu/ld-2.23.so
7f5033a55000-7f5033a56000 r--s 0001f000 08:15 13654762                   /home/nokorot/Workspace/Java/PS/PS 3.0.0/LWJGL3/lwjgl-nanovg-natives-linux.jar
7f5033a56000-7f5033a58000 r--s 00005000 08:15 13654746                   /home/nokorot/Workspace/Java/PS/PS 3.0.0/LWJGL3/lwjgl-lmdb.jar
7f5033a58000-7f5033b23000 rw-p 00000000 00:00 0 
7f5033b23000-7f5033b26000 ---p 00000000 00:00 0 
7f5033b26000-7f5033c28000 rw-p 00000000 00:00 0 
7f5033c28000-7f5033c29000 r--s 0000d000 08:15 13654750                   /home/nokorot/Workspace/Java/PS/PS 3.0.0/LWJGL3/lwjgl-lmdb-natives-linux.jar
7f5033c29000-7f5033c2b000 r--s 00007000 08:15 13654736                   /home/nokorot/Workspace/Java/PS/PS 3.0.0/LWJGL3/lwjgl-jemalloc.jar
7f5033c2b000-7f5033c2c000 r--s 00019000 08:15 13654734                   /home/nokorot/Workspace/Java/PS/PS 3.0.0/LWJGL3/lwjgl-jemalloc-natives-linux.jar
7f5033c2c000-7f5033c2d000 r--s 00005000 08:15 13654724                   /home/nokorot/Workspace/Java/PS/PS 3.0.0/LWJGL3/lwjgl-jawt.jar
7f5033c2d000-7f5033c2f000 r--s 00066000 08:15 13654732                   /home/nokorot/Workspace/Java/PS/PS 3.0.0/LWJGL3/lwjgl-jawt-javadoc.jar
7f5033c2f000-7f5033c32000 r--s 00015000 08:15 13654722                   /home/nokorot/Workspace/Java/PS/PS 3.0.0/LWJGL3/lwjgl-glfw.jar
7f5033c32000-7f5033c33000 r--s 0000e000 08:15 13654716                   /home/nokorot/Workspace/Java/PS/PS 3.0.0/LWJGL3/lwjgl-glfw-natives-linux.jar
7f5033c33000-7f5033c37000 r--s 0001b000 08:15 13654708                   /home/nokorot/Workspace/Java/PS/PS 3.0.0/LWJGL3/lwjgl-egl.jar
7f5033c37000-7f5033c3b000 r--s 0001e000 08:15 13654712                   /home/nokorot/Workspace/Java/PS/PS 3.0.0/LWJGL3/lwjgl-egl-sources.jar
7f5033c3b000-7f5033c3e000 r--s 0001f000 08:15 13654702                   /home/nokorot/Workspace/Java/PS/PS 3.0.0/LWJGL3/lwjgl-bgfx.jar
7f5033c3e000-7f5033c3f000 r--s 00042000 08:15 13654704                   /home/nokorot/Workspace/Java/PS/PS 3.0.0/LWJGL3/lwjgl-bgfx-natives-linux.jar
7f5033c3f000-7f5033c43000 r--s 0002a000 08:15 13654692                   /home/nokorot/Workspace/Java/PS/PS 3.0.0/LWJGL3/lwjgl-assimp.jar
7f5033c43000-7f5033c44000 r--s 002ae000 08:15 13654740                   /home/nokorot/Workspace/Java/PS/PS 3.0.0/LWJGL3/lwjgl-assimp-natives-linux.jar
7f5033c44000-7f5033c48000 r--s 0003d000 08:15 13654827                   /home/nokorot/Workspace/Java/PS/PS 3.0.0/LWJGL3/lwjgl.jar
7f5033c48000-7f5033c50000 rw-s 00000000 08:15 1325743                    /tmp/hsperfdata_nokorot/1703
7f5033c50000-7f5033c51000 rw-p 00000000 00:00 0 
7f5033c51000-7f5033c52000 r--p 00000000 00:00 0 
7f5033c52000-7f5033c54000 rw-p 00000000 00:00 0 
7f5033c54000-7f5033c55000 r--p 00025000 08:15 7082039                    /lib/x86_64-linux-gnu/ld-2.23.so
7f5033c55000-7f5033c56000 rw-p 00026000 08:15 7082039                    /lib/x86_64-linux-gnu/ld-2.23.so
7f5033c56000-7f5033c57000 rw-p 00000000 00:00 0 
7ffffae4f000-7ffffae71000 rw-p 00000000 00:00 0                          [stack]
7ffffaf89000-7ffffaf8b000 r--p 00000000 00:00 0                          [vvar]
7ffffaf8b000-7ffffaf8d000 r-xp 00000000 00:00 0                          [vdso]
ffffffffff600000-ffffffffff601000 r-xp 00000000 00:00 0                  [vsyscall]

VM Arguments:
jvm_args: -agentlib:jdwp=transport=dt_socket,suspend=y,address=localhost:45955 -Djava.library.path=/home/noko/workspace/Java/Test/Test/LWJGL3 -Dfile.encoding=UTF-8 
java_command: engineTest.Main
java_class_path (initial): /home/nokorot/Workspace/Java/PS/PS 3.0.0/bin:/home/nokorot/Workspace/Java/PS/PS 3.0.0/LWJGL3/lwjgl.jar:/home/nokorot/Workspace/Java/PS/PS 3.0.0/LWJGL3/lwjgl-assimp-natives-linux.jar:/home/nokorot/Workspace/Java/PS/PS 3.0.0/LWJGL3/lwjgl-assimp.jar:/home/nokorot/Workspace/Java/PS/PS 3.0.0/LWJGL3/lwjgl-bgfx-natives-linux.jar:/home/nokorot/Workspace/Java/PS/PS 3.0.0/LWJGL3/lwjgl-bgfx.jar:/home/nokorot/Workspace/Java/PS/PS 3.0.0/LWJGL3/lwjgl-egl-sources.jar:/home/nokorot/Workspace/Java/PS/PS 3.0.0/LWJGL3/lwjgl-egl.jar:/home/nokorot/Workspace/Java/PS/PS 3.0.0/LWJGL3/lwjgl-glfw-natives-linux.jar:/home/nokorot/Workspace/Java/PS/PS 3.0.0/LWJGL3/lwjgl-glfw.jar:/home/nokorot/Workspace/Java/PS/PS 3.0.0/LWJGL3/lwjgl-jawt-javadoc.jar:/home/nokorot/Workspace/Java/PS/PS 3.0.0/LWJGL3/lwjgl-jawt.jar:/home/nokorot/Workspace/Java/PS/PS 3.0.0/LWJGL3/lwjgl-jemalloc-natives-linux.jar:/home/nokorot/Workspace/Java/PS/PS 3.0.0/LWJGL3/lwjgl-jemalloc.jar:/home/nokorot/Workspace/Java/PS/PS 3.0.0/LWJGL3/lwjgl-lmdb-natives-linux.jar:/home/nokorot/Workspace/Java/PS/PS 3.0.0/LWJGL3/lwjgl-lmdb.jar:/home/nokorot/Workspace/Java/PS/PS 3.0.0/LWJGL3/lwjgl-nanovg-natives-linux.jar:/home/nokorot/Workspace/Java/PS/PS 3.0.0/LWJGL3/lwjgl-nanovg.jar:/home/nokorot/Workspace/Java/PS/PS 3.0.0/LWJGL3/lwjgl-natives-linux.jar:/home/nokorot/Workspace/Java/PS/PS 3.0.0/LWJGL3/lwjgl-nfd-natives-linux.jar:/home/nokorot/Workspace/Java/PS/PS 3.0.0/LWJGL3/lwjgl-nfd.jar:/home/nokorot/Workspace/Java/PS/PS 3.0.0/LWJGL3/lwjgl-nuklear-natives-linux.jar:/home/nokorot/Workspace/Java/PS/PS 3.0.0/LWJGL3/lwjgl-nuklear.jar:/home/nokorot/Workspace/Java/PS/PS 3.0.0/LWJGL3/lwjgl-openal-natives-linux.jar:/home/nokorot/Workspace/Java/PS/PS 3.0.0/LWJGL3/lwjgl-openal.jar:/home/nokorot/Workspace/Java/PS/PS 3.0.0/LWJGL3/lwjgl-opencl.jar:/home/nokorot/Workspace/Java/PS/PS 3.0.0/LWJGL3/lwjgl-opengl-natives-linux.jar:/home/nokorot/Workspace/Java/PS/PS 3.0.0/LWJGL3/lwjgl-opengl.jar:/home/nokorot/Workspace/Java/PS/PS 3.
Launcher Type: SUN_STANDARD

Environment Variables:
JAVA_HOME=/usr/lib/jvm/java-8-oracle
PATH=/home/nokorot/.cabal/bin:/opt/cabal/1.22/bin:/opt/ghc/7.10.3/bin:/home/nokorot/.bin:/home/nokorot/bin:/home/nokorot/.local/bin:/usr/local/sbin:/usr/local/bin:/usr/sbin:/usr/bin:/sbin:/bin:/usr/games:/usr/local/games:/snap/bin:/usr/lib/jvm/java-8-oracle/bin:/usr/lib/jvm/java-8-oracle/db/bin:/usr/lib/jvm/java-8-oracle/jre/bin
USERNAME=nokorot
SHELL=/bin/bash
DISPLAY=:1

Signal Handlers:
SIGSEGV: [libjvm.so+0xac64b0], sa_mask[0]=11111111011111111101111111111110, sa_flags=SA_RESTART|SA_SIGINFO
SIGBUS: [libjvm.so+0xac64b0], sa_mask[0]=11111111011111111101111111111110, sa_flags=SA_RESTART|SA_SIGINFO
SIGFPE: [libjvm.so+0x91f950], sa_mask[0]=11111111011111111101111111111110, sa_flags=SA_RESTART|SA_SIGINFO
SIGPIPE: [libjvm.so+0x91f950], sa_mask[0]=11111111011111111101111111111110, sa_flags=SA_RESTART|SA_SIGINFO
SIGXFSZ: [libjvm.so+0x91f950], sa_mask[0]=11111111011111111101111111111110, sa_flags=SA_RESTART|SA_SIGINFO
SIGILL: [libjvm.so+0x91f950], sa_mask[0]=11111111011111111101111111111110, sa_flags=SA_RESTART|SA_SIGINFO
SIGUSR1: SIG_DFL, sa_mask[0]=00000000000000000000000000000000, sa_flags=none
SIGUSR2: [libjvm.so+0x920f80], sa_mask[0]=00100000000000000000000000000000, sa_flags=SA_RESTART|SA_SIGINFO
SIGHUP: [libjvm.so+0x922380], sa_mask[0]=11111111011111111101111111111110, sa_flags=SA_RESTART|SA_SIGINFO
SIGINT: [libjvm.so+0x922380], sa_mask[0]=11111111011111111101111111111110, sa_flags=SA_RESTART|SA_SIGINFO
SIGTERM: [libjvm.so+0x922380], sa_mask[0]=11111111011111111101111111111110, sa_flags=SA_RESTART|SA_SIGINFO
SIGQUIT: [libjvm.so+0x922380], sa_mask[0]=11111111011111111101111111111110, sa_flags=SA_RESTART|SA_SIGINFO


---------------  S Y S T E M  ---------------

OS:DISTRIB_ID=Ubuntu
DISTRIB_RELEASE=16.04
DISTRIB_CODENAME=xenial
DISTRIB_DESCRIPTION="Ubuntu 16.04.1 LTS"

uname:Linux 4.4.0-59-generic #80-Ubuntu SMP Fri Jan 6 17:47:47 UTC 2017 x86_64
libc:glibc 2.23 NPTL 2.23 
rlimit: STACK 8192k, CORE 0k, NPROC 31349, NOFILE 65536, AS infinity
load average:0,79 0,90 0,89

/proc/meminfo:
MemTotal:        8065832 kB
MemFree:          239404 kB
MemAvailable:    2400868 kB
Buffers:          194408 kB
Cached:          3016268 kB
SwapCached:         1256 kB
Active:          5479668 kB
Inactive:        1966504 kB
Active(anon):    3996708 kB
Inactive(anon):  1157488 kB
Active(file):    1482960 kB
Inactive(file):   809016 kB
Unevictable:         496 kB
Mlocked:             496 kB
SwapTotal:       1951740 kB
SwapFree:        1924648 kB
Dirty:              2516 kB
Writeback:             0 kB
AnonPages:       4235236 kB
Mapped:           833944 kB
Shmem:            918700 kB
Slab:             224536 kB
SReclaimable:     174384 kB
SUnreclaim:        50152 kB
KernelStack:       14736 kB
PageTables:        67728 kB
NFS_Unstable:          0 kB
Bounce:                0 kB
WritebackTmp:          0 kB
CommitLimit:     5984656 kB
Committed_AS:   11481188 kB
VmallocTotal:   34359738367 kB
VmallocUsed:           0 kB
VmallocChunk:          0 kB
HardwareCorrupted:     0 kB
AnonHugePages:   2119680 kB
CmaTotal:              0 kB
CmaFree:               0 kB
HugePages_Total:       0
HugePages_Free:        0
HugePages_Rsvd:        0
HugePages_Surp:        0
Hugepagesize:       2048 kB
DirectMap4k:      255272 kB
DirectMap2M:     8024064 kB


CPU:total 4 (2 cores per cpu, 2 threads per core) family 6 model 58 stepping 9, cmov, cx8, fxsr, mmx, sse, sse2, sse3, ssse3, sse4.1, sse4.2, popcnt, avx, aes, clmul, erms, ht, tsc, tscinvbit, tscinv

/proc/cpuinfo:
processor	: 0
vendor_id	: GenuineIntel
cpu family	: 6
model		: 58
model name	: Intel(R) Core(TM) i5-3210M CPU @ 2.50GHz
stepping	: 9
microcode	: 0x15
cpu MHz		: 2899.902
cache size	: 3072 KB
physical id	: 0
siblings	: 4
core id		: 0
cpu cores	: 2
apicid		: 0
initial apicid	: 0
fpu		: yes
fpu_exception	: yes
cpuid level	: 13
wp		: yes
flags		: fpu vme de pse tsc msr pae mce cx8 apic sep mtrr pge mca cmov pat pse36 clflush dts acpi mmx fxsr sse sse2 ss ht tm pbe syscall nx rdtscp lm constant_tsc arch_perfmon pebs bts rep_good nopl xtopology nonstop_tsc aperfmperf eagerfpu pni pclmulqdq dtes64 monitor ds_cpl vmx est tm2 ssse3 cx16 xtpr pdcm pcid sse4_1 sse4_2 x2apic popcnt tsc_deadline_timer aes xsave avx f16c rdrand lahf_lm epb tpr_shadow vnmi flexpriority ept vpid fsgsbase smep erms xsaveopt dtherm ida arat pln pts
bugs		:
bogomips	: 4989.04
clflush size	: 64
cache_alignment	: 64
address sizes	: 36 bits physical, 48 bits virtual
power management:

processor	: 1
vendor_id	: GenuineIntel
cpu family	: 6
model		: 58
model name	: Intel(R) Core(TM) i5-3210M CPU @ 2.50GHz
stepping	: 9
microcode	: 0x15
cpu MHz		: 2899.902
cache size	: 3072 KB
physical id	: 0
siblings	: 4
core id		: 1
cpu cores	: 2
apicid		: 2
initial apicid	: 2
fpu		: yes
fpu_exception	: yes
cpuid level	: 13
wp		: yes
flags		: fpu vme de pse tsc msr pae mce cx8 apic sep mtrr pge mca cmov pat pse36 clflush dts acpi mmx fxsr sse sse2 ss ht tm pbe syscall nx rdtscp lm constant_tsc arch_perfmon pebs bts rep_good nopl xtopology nonstop_tsc aperfmperf eagerfpu pni pclmulqdq dtes64 monitor ds_cpl vmx est tm2 ssse3 cx16 xtpr pdcm pcid sse4_1 sse4_2 x2apic popcnt tsc_deadline_timer aes xsave avx f16c rdrand lahf_lm epb tpr_shadow vnmi flexpriority ept vpid fsgsbase smep erms xsaveopt dtherm ida arat pln pts
bugs		:
bogomips	: 4989.04
clflush size	: 64
cache_alignment	: 64
address sizes	: 36 bits physical, 48 bits virtual
power management:

processor	: 2
vendor_id	: GenuineIntel
cpu family	: 6
model		: 58
model name	: Intel(R) Core(TM) i5-3210M CPU @ 2.50GHz
stepping	: 9
microcode	: 0x15
cpu MHz		: 2900.000
cache size	: 3072 KB
physical id	: 0
siblings	: 4
core id		: 0
cpu cores	: 2
apicid		: 1
initial apicid	: 1
fpu		: yes
fpu_exception	: yes
cpuid level	: 13
wp		: yes
flags		: fpu vme de pse tsc msr pae mce cx8 apic sep mtrr pge mca cmov pat pse36 clflush dts acpi mmx fxsr sse sse2 ss ht tm pbe syscall nx rdtscp lm constant_tsc arch_perfmon pebs bts rep_good nopl xtopology nonstop_tsc aperfmperf eagerfpu pni pclmulqdq dtes64 monitor ds_cpl vmx est tm2 ssse3 cx16 xtpr pdcm pcid sse4_1 sse4_2 x2apic popcnt tsc_deadline_timer aes xsave avx f16c rdrand lahf_lm epb tpr_shadow vnmi flexpriority ept vpid fsgsbase smep erms xsaveopt dtherm ida arat pln pts
bugs		:
bogomips	: 4989.04
clflush size	: 64
cache_alignment	: 64
address sizes	: 36 bits physical, 48 bits virtual
power management:

processor	: 3
vendor_id	: GenuineIntel
cpu family	: 6
model		: 58
model name	: Intel(R) Core(TM) i5-3210M CPU @ 2.50GHz
stepping	: 9
microcode	: 0x15
cpu MHz		: 2899.902
cache size	: 3072 KB
physical id	: 0
siblings	: 4
core id		: 1
cpu cores	: 2
apicid		: 3
initial apicid	: 3
fpu		: yes
fpu_exception	: yes
cpuid level	: 13
wp		: yes
flags		: fpu vme de pse tsc msr pae mce cx8 apic sep mtrr pge mca cmov pat pse36 clflush dts acpi mmx fxsr sse sse2 ss ht tm pbe syscall nx rdtscp lm constant_tsc arch_perfmon pebs bts rep_good nopl xtopology nonstop_tsc aperfmperf eagerfpu pni pclmulqdq dtes64 monitor ds_cpl vmx est tm2 ssse3 cx16 xtpr pdcm pcid sse4_1 sse4_2 x2apic popcnt tsc_deadline_timer aes xsave avx f16c rdrand lahf_lm epb tpr_shadow vnmi flexpriority ept vpid fsgsbase smep erms xsaveopt dtherm ida arat pln pts
bugs		:
bogomips	: 4989.04
clflush size	: 64
cache_alignment	: 64
address sizes	: 36 bits physical, 48 bits virtual
power management:



Memory: 4k page, physical 8065832k(239404k free), swap 1951740k(1924648k free)

vm_info: Java HotSpot(TM) 64-Bit Server VM (25.111-b14) for linux-amd64 JRE (1.8.0_111-b14), built on Sep 22 2016 16:14:03 by "java_re" with gcc 4.3.0 20080428 (Red Hat 4.3.0-8)

time: Sun Feb  5 01:41:42 2017
elapsed time: 1 seconds (0d 0h 0m 1s)

