#
# A fatal error has been detected by the Java Runtime Environment:
#
#  SIGSEGV (0xb) at pc=0x00007f25182c0acb, pid=1671, tid=0x00007f24ddfe0700
#
# JRE version: Java(TM) SE Runtime Environment (8.0_111-b14) (build 1.8.0_111-b14)
# Java VM: Java HotSpot(TM) 64-Bit Server VM (25.111-b14 mixed mode linux-amd64 compressed oops)
# Problematic frame:
# C  [libc.so.6+0x7facb]
#
# Failed to write core dump. Core dumps have been disabled. To enable core dumping, try "ulimit -c unlimited" before starting Java again
#
# If you would like to submit a bug report, please visit:
#   http://bugreport.java.com/bugreport/crash.jsp
#

---------------  T H R E A D  ---------------

Current thread (0x00007f25102c2000):  JavaThread "Thread-0" [_thread_in_vm, id=1691, stack(0x00007f24ddee0000,0x00007f24ddfe1000)]

siginfo: si_signo: 11 (SIGSEGV), si_code: 1 (SEGV_MAPERR), si_addr: 0x00007f250000001a

Registers:
RAX=0x00007f2500000002, RBX=0x00007f25101f53a0, RCX=0x0000000000000400, RDX=0x00007f2510000078
RSP=0x00007f24ddfdef40, RBP=0x00007f2510000020, RSI=0x0000000000000000, RDI=0x00007f2510000020
R8 =0x0000000000000000, R9 =0x0000000000000001, R10=0x00007f24c49a4660, R11=0x00007f24c4000078
R12=0x0000000000000410, R13=0x00007f25101f57b0, R14=0x00007f24ddfdf350, R15=0x0000000000000410
RIP=0x00007f25182c0acb, EFLAGS=0x0000000000010206, CSGSFS=0x0000000000000033, ERR=0x0000000000000004
  TRAPNO=0x000000000000000e

Top of Stack: (sp=0x00007f24ddfdef40)
0x00007f24ddfdef40:   0000000000000800 0000000000000800
0x00007f24ddfdef50:   0000000000000007 0000000000000000
0x00007f24ddfdef60:   00007f24ddfdefd0 00007f25182c45d4
0x00007f24ddfdef70:   00007f25181b8570 00007f2500000001
0x00007f24ddfdef80:   00007f24ddfdefc0 00007f2517b6cbd5
0x00007f24ddfdef90:   0000000700000000 00007f24ddfdefd0
0x00007f24ddfdefa0:   0000000000000800 00007f251007a840
0x00007f24ddfdefb0:   00007f24ddfdf340 00007f24c49a4670
0x00007f24ddfdefc0:   00007f24ddfdf2e0 00007f24ddfdf350
0x00007f24ddfdefd0:   000014caaaaaaabd 00007f25182c498c
0x00007f24ddfdefe0:   0000000000000000 0000000000000000
0x00007f24ddfdeff0:   00007f2400000000 00007f25178d48bf
0x00007f24ddfdf000:   00007f251007a840 00007f251007a840
0x00007f24ddfdf010:   00007f24ddfdf340 00007f24c49a4670
0x00007f24ddfdf020:   00007f24ddfdf2e0 00007f25178d69ed
0x00007f24ddfdf030:   00007f24ddfdf070 00000000d8e80970
0x00007f24ddfdf040:   00007f24ddfdf070 00007f24ddfdf2a0
0x00007f24ddfdf050:   00007f24ddfdf2f0 00007f24ddfdf200
0x00007f24ddfdf060:   00007f2510007120 00007f250105a225
0x00007f24ddfdf070:   00007f2517d64fd9 0000000000000000
0x00007f24ddfdf080:   0000000000000000 0000000000000000
0x00007f24ddfdf090:   0000000000000000 0000000000000000
0x00007f24ddfdf0a0:   0000000000000000 0000000000000000
0x00007f24ddfdf0b0:   0000000000000000 00007f2517000000
0x00007f24ddfdf0c0:   00007f24ddfdf070 00007f25010612a0
0x00007f24ddfdf0d0:   0000000000000000 00007f25010612e3
0x00007f24ddfdf0e0:   00007f25010616a0 0000000000000000
0x00007f24ddfdf0f0:   0000000000000000 0000000000000000
0x00007f24ddfdf100:   00007f25010612a0 00007f24d4010000
0x00007f24ddfdf110:   00007f24ddfdf070 0000000000000000
0x00007f24ddfdf120:   0000000000000000 0000000000000000
0x00007f24ddfdf130:   0000000000000000 0000000000000000 

Instructions: (pc=0x00007f25182c0acb)
0x00007f25182c0aab:   81 7d 08 ff 03 00 00 48 89 50 18 48 89 42 10 0f
0x00007f25182c0abb:   87 98 05 00 00 4d 01 fc 48 8b 45 68 48 8d 55 58
0x00007f25182c0acb:   48 3b 50 18 0f 85 eb 07 00 00 49 81 fc ff 03 00
0x00007f25182c0adb:   00 48 89 43 10 48 89 53 18 76 10 48 c7 43 20 00 

Register to memory mapping:

RAX=0x00007f2500000002 is an unknown value
RBX=0x00007f25101f53a0 is an unknown value
RCX=0x0000000000000400 is an unknown value
RDX=0x00007f2510000078 is an unknown value
RSP=0x00007f24ddfdef40 is pointing into the stack for thread: 0x00007f25102c2000
RBP=0x00007f2510000020 is an unknown value
RSI=0x0000000000000000 is an unknown value
RDI=0x00007f2510000020 is an unknown value
R8 =0x0000000000000000 is an unknown value
R9 =0x0000000000000001 is an unknown value
R10=0x00007f24c49a4660 is an unknown value
R11=0x00007f24c4000078 is an unknown value
R12=0x0000000000000410 is an unknown value
R13=0x00007f25101f57b0 is an unknown value
R14=0x00007f24ddfdf350 is pointing into the stack for thread: 0x00007f25102c2000
R15=0x0000000000000410 is an unknown value


Stack: [0x00007f24ddee0000,0x00007f24ddfe1000],  sp=0x00007f24ddfdef40,  free space=1019k
Native frames: (J=compiled Java code, j=interpreted, Vv=VM code, C=native code)
C  [libc.so.6+0x7facb]

Java frames: (J=compiled Java code, j=interpreted, Vv=VM code)
j  org.lwjgl.opengl.GL11.nglTexImage2D(IIIIIIIIJ)V+0
j  org.lwjgl.opengl.GL11.glTexImage2D(IIIIIIIILjava/nio/ByteBuffer;)V+17
J 678% C2 textures.TextureUtils.loadTexture(Ljava/awt/image/BufferedImage;)Ltextures/Texture; (297 bytes) @ 0x00007f25012e6980 [0x00007f25012e6380+0x600]
j  textures.TextureUtils.loadTexture(Ljava/lang/String;)Ltextures/Texture;+38
j  engineTest.LiveImage.load(Ljava/lang/String;)Ltextures/Texture;+1
j  engineTest.LiveImage.<init>(Ljava/lang/String;)V+2
j  engineTest.LiveWindow.setBackground(Ljava/lang/String;)V+7
j  engineTest.LiveWindow.init()V+9
j  engine.Display.loop()V+12
j  engine.Display.lambda$0()V+5
j  engine.Display$$Lambda$3.run()V+4
j  java.lang.Thread.run()V+11
v  ~StubRoutines::call_stub

---------------  P R O C E S S  ---------------

Java Threads: ( => current thread )
  0x00007f2510324000 JavaThread "AWT-XAWT" daemon [_thread_blocked, id=1693, stack(0x00007f24dcac9000,0x00007f24dcbca000)]
  0x00007f2510301800 JavaThread "Java2D Disposer" daemon [_thread_blocked, id=1692, stack(0x00007f24dd227000,0x00007f24dd328000)]
=>0x00007f25102c2000 JavaThread "Thread-0" [_thread_in_vm, id=1691, stack(0x00007f24ddee0000,0x00007f24ddfe1000)]
  0x00007f25100cc800 JavaThread "Service Thread" daemon [_thread_blocked, id=1689, stack(0x00007f24df7a5000,0x00007f24df8a6000)]
  0x00007f25100bf800 JavaThread "C1 CompilerThread2" daemon [_thread_blocked, id=1688, stack(0x00007f24df8a6000,0x00007f24df9a7000)]
  0x00007f25100bd800 JavaThread "C2 CompilerThread1" daemon [_thread_blocked, id=1687, stack(0x00007f24df9a7000,0x00007f24dfaa8000)]
  0x00007f25100bb000 JavaThread "C2 CompilerThread0" daemon [_thread_blocked, id=1686, stack(0x00007f24dfaa8000,0x00007f24dfba9000)]
  0x00007f25100b9800 JavaThread "Signal Dispatcher" daemon [_thread_blocked, id=1685, stack(0x00007f24ec06e000,0x00007f24ec16f000)]
  0x00007f2510085000 JavaThread "Finalizer" daemon [_thread_blocked, id=1683, stack(0x00007f24ec16f000,0x00007f24ec270000)]
  0x00007f2510080800 JavaThread "Reference Handler" daemon [_thread_blocked, id=1682, stack(0x00007f250006d000,0x00007f250016e000)]
  0x00007f251000b000 JavaThread "main" [_thread_in_native, id=1676, stack(0x00007f2518d35000,0x00007f2518e36000)]

Other Threads:
  0x00007f2510079000 VMThread [stack: 0x00007f250016e000,0x00007f250026f000] [id=1681]
  0x00007f25100cf800 WatcherThread [stack: 0x00007f24df6a4000,0x00007f24df7a5000] [id=1690]

VM state:not at safepoint (normal execution)

VM Mutex/Monitor currently owned by a thread:  ([mutex/lock_event])
[0x00007f2510007120] SignatureHandlerLibrary_lock - owner thread: 0x00007f25102c2000

Heap:
 PSYoungGen      total 36864K, used 13267K [0x00000000d6f80000, 0x00000000d9880000, 0x0000000100000000)
  eden space 31744K, 31% used [0x00000000d6f80000,0x00000000d7927438,0x00000000d8e80000)
  from space 5120K, 66% used [0x00000000d8e80000,0x00000000d91cd8e8,0x00000000d9380000)
  to   space 5120K, 0% used [0x00000000d9380000,0x00000000d9380000,0x00000000d9880000)
 ParOldGen       total 84992K, used 20266K [0x0000000084e00000, 0x000000008a100000, 0x00000000d6f80000)
  object space 84992K, 23% used [0x0000000084e00000,0x00000000861ca830,0x000000008a100000)
 Metaspace       used 11309K, capacity 11505K, committed 11776K, reserved 1060864K
  class space    used 1122K, capacity 1203K, committed 1280K, reserved 1048576K

Card table byte_map: [0x00007f2515711000,0x00007f2515aeb000] byte_map_base: 0x00007f25152ea000

Marking Bits: (ParMarkBitMap*) 0x00007f2518214220
 Begin Bits: [0x00007f24ec270000, 0x00007f24ee138000)
 End Bits:   [0x00007f24ee138000, 0x00007f24f0000000)

Polling page: 0x00007f2518e63000

CodeCache: size=245760Kb used=3011Kb max_used=3023Kb free=242748Kb
 bounds [0x00007f2501000000, 0x00007f2501300000, 0x00007f2510000000]
 total_blobs=1571 nmethods=679 adapters=806
 compilation: enabled

Compilation events (10 events):
Event: 2,669 Thread 0x00007f25100bb000  675       4       java.awt.image.BufferedImage::getWidth (8 bytes)
Event: 2,670 Thread 0x00007f25100bb000 nmethod 675 0x00007f25012e0350 code [0x00007f25012e04a0, 0x00007f25012e0518]
Event: 2,684 Thread 0x00007f25100bf800  676 %     3       textures.TextureUtils::loadTexture @ 84 (297 bytes)
Event: 2,687 Thread 0x00007f25100bf800 nmethod 676% 0x00007f25012eaf50 code [0x00007f25012eb3c0, 0x00007f25012ee148]
Event: 2,688 Thread 0x00007f25100bf800  677       3       textures.TextureUtils::loadTexture (297 bytes)
Event: 2,691 Thread 0x00007f25100bf800 nmethod 677 0x00007f25012ef610 code [0x00007f25012efa80, 0x00007f25012f26e8]
Event: 2,692 Thread 0x00007f25100bb000  678 %     4       textures.TextureUtils::loadTexture @ 84 (297 bytes)
Event: 2,707 Thread 0x00007f25100bb000 nmethod 678% 0x00007f25012e6190 code [0x00007f25012e6380, 0x00007f25012e6d00]
Event: 2,708 Thread 0x00007f25100bf800  679       3       java.awt.image.BufferedImage::getHeight (8 bytes)
Event: 2,709 Thread 0x00007f25100bf800 nmethod 679 0x00007f25012e5d90 code [0x00007f25012e5f00, 0x00007f25012e60f0]

GC Heap History (2 events):
Event: 2,524 GC heap before
{Heap before GC invocations=1 (full 0):
 PSYoungGen      total 36864K, used 27097K [0x00000000d6f80000, 0x00000000d9880000, 0x0000000100000000)
  eden space 31744K, 85% used [0x00000000d6f80000,0x00000000d89f67a8,0x00000000d8e80000)
  from space 5120K, 0% used [0x00000000d9380000,0x00000000d9380000,0x00000000d9880000)
  to   space 5120K, 0% used [0x00000000d8e80000,0x00000000d8e80000,0x00000000d9380000)
 ParOldGen       total 84992K, used 0K [0x0000000084e00000, 0x000000008a100000, 0x00000000d6f80000)
  object space 84992K, 0% used [0x0000000084e00000,0x0000000084e00000,0x000000008a100000)
 Metaspace       used 11284K, capacity 11505K, committed 11776K, reserved 1060864K
  class space    used 1121K, capacity 1203K, committed 1280K, reserved 1048576K
Event: 2,543 GC heap after
Heap after GC invocations=1 (full 0):
 PSYoungGen      total 36864K, used 3382K [0x00000000d6f80000, 0x00000000d9880000, 0x0000000100000000)
  eden space 31744K, 0% used [0x00000000d6f80000,0x00000000d6f80000,0x00000000d8e80000)
  from space 5120K, 66% used [0x00000000d8e80000,0x00000000d91cd8e8,0x00000000d9380000)
  to   space 5120K, 0% used [0x00000000d9380000,0x00000000d9380000,0x00000000d9880000)
 ParOldGen       total 84992K, used 20266K [0x0000000084e00000, 0x000000008a100000, 0x00000000d6f80000)
  object space 84992K, 23% used [0x0000000084e00000,0x00000000861ca830,0x000000008a100000)
 Metaspace       used 11284K, capacity 11505K, committed 11776K, reserved 1060864K
  class space    used 1121K, capacity 1203K, committed 1280K, reserved 1048576K
}

Deoptimization events (2 events):
Event: 0,241 Thread 0x00007f251000b000 Uncommon trap: reason=null_check action=make_not_entrant pc=0x00007f250115eea8 method=java.lang.String.equals(Ljava/lang/Object;)Z @ 8
Event: 2,419 Thread 0x00007f25102c2000 Uncommon trap: reason=unstable_if action=reinterpret pc=0x00007f25011ce204 method=java.lang.String.indexOf([CII[CIII)I @ 3

Internal exceptions (10 events):
Event: 0,126 Thread 0x00007f251000b000 Exception <a 'java/security/PrivilegedActionException'> (0x00000000d70121d0) thrown at [/HUDSON3/workspace/8-2-build-linux-amd64/jdk8u111/7883/hotspot/src/share/vm/prims/jvm.cpp, line 1386]
Event: 0,126 Thread 0x00007f251000b000 Exception <a 'java/security/PrivilegedActionException'> (0x00000000d7014610) thrown at [/HUDSON3/workspace/8-2-build-linux-amd64/jdk8u111/7883/hotspot/src/share/vm/prims/jvm.cpp, line 1386]
Event: 0,126 Thread 0x00007f251000b000 Exception <a 'java/security/PrivilegedActionException'> (0x00000000d7014820) thrown at [/HUDSON3/workspace/8-2-build-linux-amd64/jdk8u111/7883/hotspot/src/share/vm/prims/jvm.cpp, line 1386]
Event: 0,195 Thread 0x00007f251000b000 Exception <a 'java/lang/NoSuchFieldError': method resolution failed> (0x00000000d7180090) thrown at [/HUDSON3/workspace/8-2-build-linux-amd64/jdk8u111/7883/hotspot/src/share/vm/prims/methodHandles.cpp, line 1146]
Event: 0,197 Thread 0x00007f251000b000 Exception <a 'java/lang/NoSuchFieldError': method resolution failed> (0x00000000d718d860) thrown at [/HUDSON3/workspace/8-2-build-linux-amd64/jdk8u111/7883/hotspot/src/share/vm/prims/methodHandles.cpp, line 1146]
Event: 0,233 Thread 0x00007f251000b000 Exception <a 'java/io/FileNotFoundException'> (0x00000000d720dac0) thrown at [/HUDSON3/workspace/8-2-build-linux-amd64/jdk8u111/7883/hotspot/src/share/vm/prims/jni.cpp, line 709]
Event: 0,233 Thread 0x00007f251000b000 Exception <a 'java/io/FileNotFoundException'> (0x00000000d720e478) thrown at [/HUDSON3/workspace/8-2-build-linux-amd64/jdk8u111/7883/hotspot/src/share/vm/prims/jni.cpp, line 709]
Event: 0,241 Thread 0x00007f251000b000 Implicit null exception at 0x00007f250115ecdb to 0x00007f250115ee99
Event: 2,108 Thread 0x00007f25102c2000 Exception <a 'sun/nio/fs/UnixException'> (0x00000000d76cd3e0) thrown at [/HUDSON3/workspace/8-2-build-linux-amd64/jdk8u111/7883/hotspot/src/share/vm/prims/jni.cpp, line 709]
Event: 2,108 Thread 0x00007f25102c2000 Exception <a 'sun/nio/fs/UnixException'> (0x00000000d76ce6f8) thrown at [/HUDSON3/workspace/8-2-build-linux-amd64/jdk8u111/7883/hotspot/src/share/vm/prims/jni.cpp, line 709]

Events (10 events):
Event: 2,523 loading class java/io/RandomAccessFile$1
Event: 2,523 loading class java/io/RandomAccessFile$1 done
Event: 2,523 Executing VM operation: ParallelGCFailedAllocation
Event: 2,543 Executing VM operation: ParallelGCFailedAllocation done
Event: 2,579 Thread 0x00007f25102c2000 DEOPT PACKING pc=0x00007f25012e2527 sp=0x00007f24ddfdf420
Event: 2,579 Thread 0x00007f25102c2000 DEOPT UNPACKING pc=0x00007f2501047633 sp=0x00007f24ddfdf238 mode 0
Event: 2,691 loading class textures/Texture
Event: 2,691 loading class textures/Texture done
Event: 2,708 Thread 0x00007f25102c2000 DEOPT PACKING pc=0x00007f25012edd11 sp=0x00007f24ddfdf440
Event: 2,708 Thread 0x00007f25102c2000 DEOPT UNPACKING pc=0x00007f2501047633 sp=0x00007f24ddfdf2e8 mode 0


Dynamic libraries:
00400000-00401000 r-xp 00000000 08:15 12855452                           /usr/lib/jvm/java-8-oracle/bin/java
00600000-00601000 rw-p 00000000 08:15 12855452                           /usr/lib/jvm/java-8-oracle/bin/java
00d89000-00daa000 rw-p 00000000 00:00 0                                  [heap]
84e00000-8a100000 rw-p 00000000 00:00 0 
8a100000-d6f80000 ---p 00000000 00:00 0 
d6f80000-d9880000 rw-p 00000000 00:00 0 
d9880000-100000000 ---p 00000000 00:00 0 
100000000-100140000 rw-p 00000000 00:00 0 
100140000-140000000 ---p 00000000 00:00 0 
7f24b1efa000-7f24b2805000 rw-p 00000000 00:00 0 
7f24b2805000-7f24b29c5000 ---p 00000000 00:00 0 
7f24b29c5000-7f24b2a00000 r-xp 00000000 08:15 12980351                   /usr/lib/jvm/java-8-oracle/jre/lib/amd64/libjpeg.so
7f24b2a00000-7f24b2bff000 ---p 0003b000 08:15 12980351                   /usr/lib/jvm/java-8-oracle/jre/lib/amd64/libjpeg.so
7f24b2bff000-7f24b2c00000 rw-p 0003a000 08:15 12980351                   /usr/lib/jvm/java-8-oracle/jre/lib/amd64/libjpeg.so
7f24b2c00000-7f24b2e00000 rw-p 00000000 00:00 0 
7f24b2fd5000-7f24b31d5000 rw-p 00000000 00:00 0 
7f24b31d5000-7f24b323e000 r-xp 00000000 08:15 1466953                    /tmp/lwjglnokorot/3.1.1-build-16/liblwjgl_opengl.so
7f24b323e000-7f24b343d000 ---p 00069000 08:15 1466953                    /tmp/lwjglnokorot/3.1.1-build-16/liblwjgl_opengl.so
7f24b343d000-7f24b343e000 r--p 00068000 08:15 1466953                    /tmp/lwjglnokorot/3.1.1-build-16/liblwjgl_opengl.so
7f24b343e000-7f24b343f000 rw-p 00069000 08:15 1466953                    /tmp/lwjglnokorot/3.1.1-build-16/liblwjgl_opengl.so
7f24b343f000-7f24b47a4000 rw-p 00000000 00:00 0 
7f24b47a4000-7f24b47db000 r-xp 00000000 08:15 12330677                   /usr/lib/x86_64-linux-gnu/libtxc_dxtn_s2tc.so.0.0.0
7f24b47db000-7f24b49da000 ---p 00037000 08:15 12330677                   /usr/lib/x86_64-linux-gnu/libtxc_dxtn_s2tc.so.0.0.0
7f24b49da000-7f24b49db000 r--p 00036000 08:15 12330677                   /usr/lib/x86_64-linux-gnu/libtxc_dxtn_s2tc.so.0.0.0
7f24b49db000-7f24b49dc000 rw-p 00037000 08:15 12330677                   /usr/lib/x86_64-linux-gnu/libtxc_dxtn_s2tc.so.0.0.0
7f24b49dc000-7f24b49f5000 r-xp 00000000 08:15 7082592                    /lib/x86_64-linux-gnu/libz.so.1.2.8
7f24b49f5000-7f24b4bf4000 ---p 00019000 08:15 7082592                    /lib/x86_64-linux-gnu/libz.so.1.2.8
7f24b4bf4000-7f24b4bf5000 r--p 00018000 08:15 7082592                    /lib/x86_64-linux-gnu/libz.so.1.2.8
7f24b4bf5000-7f24b4bf6000 rw-p 00019000 08:15 7082592                    /lib/x86_64-linux-gnu/libz.so.1.2.8
7f24b4bf6000-7f24b4bfe000 r-xp 00000000 08:15 12330428                   /usr/lib/x86_64-linux-gnu/libpciaccess.so.0.11.1
7f24b4bfe000-7f24b4dfe000 ---p 00008000 08:15 12330428                   /usr/lib/x86_64-linux-gnu/libpciaccess.so.0.11.1
7f24b4dfe000-7f24b4dff000 r--p 00008000 08:15 12330428                   /usr/lib/x86_64-linux-gnu/libpciaccess.so.0.11.1
7f24b4dff000-7f24b4e00000 rw-p 00009000 08:15 12330428                   /usr/lib/x86_64-linux-gnu/libpciaccess.so.0.11.1
7f24b4e00000-7f24b4f72000 r-xp 00000000 08:15 12321131                   /usr/lib/x86_64-linux-gnu/libstdc++.so.6.0.21
7f24b4f72000-7f24b5172000 ---p 00172000 08:15 12321131                   /usr/lib/x86_64-linux-gnu/libstdc++.so.6.0.21
7f24b5172000-7f24b517c000 r--p 00172000 08:15 12321131                   /usr/lib/x86_64-linux-gnu/libstdc++.so.6.0.21
7f24b517c000-7f24b517e000 rw-p 0017c000 08:15 12321131                   /usr/lib/x86_64-linux-gnu/libstdc++.so.6.0.21
7f24b517e000-7f24b5182000 rw-p 00000000 00:00 0 
7f24b5182000-7f24b518d000 r-xp 00000000 08:15 12322849                   /usr/lib/x86_64-linux-gnu/libdrm_radeon.so.1.0.1
7f24b518d000-7f24b538c000 ---p 0000b000 08:15 12322849                   /usr/lib/x86_64-linux-gnu/libdrm_radeon.so.1.0.1
7f24b538c000-7f24b538d000 r--p 0000a000 08:15 12322849                   /usr/lib/x86_64-linux-gnu/libdrm_radeon.so.1.0.1
7f24b538d000-7f24b538e000 rw-p 0000b000 08:15 12322849                   /usr/lib/x86_64-linux-gnu/libdrm_radeon.so.1.0.1
7f24b538e000-7f24b5395000 r-xp 00000000 08:15 12324466                   /usr/lib/x86_64-linux-gnu/libdrm_nouveau.so.2.0.0
7f24b5395000-7f24b5594000 ---p 00007000 08:15 12324466                   /usr/lib/x86_64-linux-gnu/libdrm_nouveau.so.2.0.0
7f24b5594000-7f24b5595000 r--p 00006000 08:15 12324466                   /usr/lib/x86_64-linux-gnu/libdrm_nouveau.so.2.0.0
7f24b5595000-7f24b5596000 rw-p 00007000 08:15 12324466                   /usr/lib/x86_64-linux-gnu/libdrm_nouveau.so.2.0.0
7f24b5596000-7f24b55b8000 r-xp 00000000 08:15 12322846                   /usr/lib/x86_64-linux-gnu/libdrm_intel.so.1.0.0
7f24b55b8000-7f24b57b7000 ---p 00022000 08:15 12322846                   /usr/lib/x86_64-linux-gnu/libdrm_intel.so.1.0.0
7f24b57b7000-7f24b57b8000 r--p 00021000 08:15 12322846                   /usr/lib/x86_64-linux-gnu/libdrm_intel.so.1.0.0
7f24b57b8000-7f24b57b9000 rw-p 00022000 08:15 12322846                   /usr/lib/x86_64-linux-gnu/libdrm_intel.so.1.0.0
7f24b57b9000-7f24b57ed000 r-xp 00000000 08:15 12330345                   /usr/lib/x86_64-linux-gnu/libnettle.so.6.2
7f24b57ed000-7f24b59ec000 ---p 00034000 08:15 12330345                   /usr/lib/x86_64-linux-gnu/libnettle.so.6.2
7f24b59ec000-7f24b59ee000 r--p 00033000 08:15 12330345                   /usr/lib/x86_64-linux-gnu/libnettle.so.6.2
7f24b59ee000-7f24b59ef000 rw-p 00035000 08:15 12330345                   /usr/lib/x86_64-linux-gnu/libnettle.so.6.2
7f24b59ef000-7f24b609a000 r-xp 00000000 08:15 12590571                   /usr/lib/x86_64-linux-gnu/dri/i965_dri.so
7f24b609a000-7f24b629a000 ---p 006ab000 08:15 12590571                   /usr/lib/x86_64-linux-gnu/dri/i965_dri.so
7f24b629a000-7f24b62dc000 r--p 006ab000 08:15 12590571                   /usr/lib/x86_64-linux-gnu/dri/i965_dri.so
7f24b62dc000-7f24b62e4000 rw-p 006ed000 08:15 12590571                   /usr/lib/x86_64-linux-gnu/dri/i965_dri.so
7f24b62e4000-7f24b62ec000 rw-p 00000000 00:00 0 
7f24b62ec000-7f24b62fa000 r-xp 00000000 08:15 12321210                   /usr/lib/x86_64-linux-gnu/libdrm.so.2.4.0
7f24b62fa000-7f24b64fa000 ---p 0000e000 08:15 12321210                   /usr/lib/x86_64-linux-gnu/libdrm.so.2.4.0
7f24b64fa000-7f24b64fb000 r--p 0000e000 08:15 12321210                   /usr/lib/x86_64-linux-gnu/libdrm.so.2.4.0
7f24b64fb000-7f24b64fc000 rw-p 0000f000 08:15 12321210                   /usr/lib/x86_64-linux-gnu/libdrm.so.2.4.0
7f24b64fc000-7f24b6500000 r-xp 00000000 08:15 12330784                   /usr/lib/x86_64-linux-gnu/libxcb-dri2.so.0.0.0
7f24b6500000-7f24b66ff000 ---p 00004000 08:15 12330784                   /usr/lib/x86_64-linux-gnu/libxcb-dri2.so.0.0.0
7f24b66ff000-7f24b6700000 r--p 00003000 08:15 12330784                   /usr/lib/x86_64-linux-gnu/libxcb-dri2.so.0.0.0
7f24b6700000-7f24b6701000 rw-p 00004000 08:15 12330784                   /usr/lib/x86_64-linux-gnu/libxcb-dri2.so.0.0.0
7f24b6701000-7f24b6718000 r-xp 00000000 08:15 12330788                   /usr/lib/x86_64-linux-gnu/libxcb-glx.so.0.0.0
7f24b6718000-7f24b6917000 ---p 00017000 08:15 12330788                   /usr/lib/x86_64-linux-gnu/libxcb-glx.so.0.0.0
7f24b6917000-7f24b6919000 r--p 00016000 08:15 12330788                   /usr/lib/x86_64-linux-gnu/libxcb-glx.so.0.0.0
7f24b6919000-7f24b691a000 rw-p 00018000 08:15 12330788                   /usr/lib/x86_64-linux-gnu/libxcb-glx.so.0.0.0
7f24b691a000-7f24b691c000 r-xp 00000000 08:15 12329480                   /usr/lib/x86_64-linux-gnu/libXdamage.so.1.1.0
7f24b691c000-7f24b6b1b000 ---p 00002000 08:15 12329480                   /usr/lib/x86_64-linux-gnu/libXdamage.so.1.1.0
7f24b6b1b000-7f24b6b1c000 r--p 00001000 08:15 12329480                   /usr/lib/x86_64-linux-gnu/libXdamage.so.1.1.0
7f24b6b1c000-7f24b6b1d000 rw-p 00002000 08:15 12329480                   /usr/lib/x86_64-linux-gnu/libXdamage.so.1.1.0
7f24b6b1d000-7f24b6b47000 r-xp 00000000 08:15 12320906                   /usr/lib/x86_64-linux-gnu/libglapi.so.0.0.0
7f24b6b47000-7f24b6d46000 ---p 0002a000 08:15 12320906                   /usr/lib/x86_64-linux-gnu/libglapi.so.0.0.0
7f24b6d46000-7f24b6d4a000 r--p 00029000 08:15 12320906                   /usr/lib/x86_64-linux-gnu/libglapi.so.0.0.0
7f24b6d4a000-7f24b6d4b000 rw-p 0002d000 08:15 12320906                   /usr/lib/x86_64-linux-gnu/libglapi.so.0.0.0
7f24b6d4b000-7f24b6d4c000 rw-p 00000000 00:00 0 
7f24b6d4c000-7f24b6d4d000 r-xp 00000000 08:15 12330832                   /usr/lib/x86_64-linux-gnu/libxshmfence.so.1.0.0
7f24b6d4d000-7f24b6f4d000 ---p 00001000 08:15 12330832                   /usr/lib/x86_64-linux-gnu/libxshmfence.so.1.0.0
7f24b6f4d000-7f24b6f4e000 r--p 00001000 08:15 12330832                   /usr/lib/x86_64-linux-gnu/libxshmfence.so.1.0.0
7f24b6f4e000-7f24b6f4f000 rw-p 00002000 08:15 12330832                   /usr/lib/x86_64-linux-gnu/libxshmfence.so.1.0.0
7f24b6f4f000-7f24b6f54000 r-xp 00000000 08:15 12330808                   /usr/lib/x86_64-linux-gnu/libxcb-sync.so.1.0.0
7f24b6f54000-7f24b7154000 ---p 00005000 08:15 12330808                   /usr/lib/x86_64-linux-gnu/libxcb-sync.so.1.0.0
7f24b7154000-7f24b7155000 r--p 00005000 08:15 12330808                   /usr/lib/x86_64-linux-gnu/libxcb-sync.so.1.0.0
7f24b7155000-7f24b7156000 rw-p 00006000 08:15 12330808                   /usr/lib/x86_64-linux-gnu/libxcb-sync.so.1.0.0
7f24b7156000-7f24b7158000 r-xp 00000000 08:15 12330796                   /usr/lib/x86_64-linux-gnu/libxcb-present.so.0.0.0
7f24b7158000-7f24b7357000 ---p 00002000 08:15 12330796                   /usr/lib/x86_64-linux-gnu/libxcb-present.so.0.0.0
7f24b7357000-7f24b7358000 r--p 00001000 08:15 12330796                   /usr/lib/x86_64-linux-gnu/libxcb-present.so.0.0.0
7f24b7358000-7f24b7359000 rw-p 00002000 08:15 12330796                   /usr/lib/x86_64-linux-gnu/libxcb-present.so.0.0.0
7f24b7359000-7f24b735b000 r-xp 00000000 08:15 12330786                   /usr/lib/x86_64-linux-gnu/libxcb-dri3.so.0.0.0
7f24b735b000-7f24b755a000 ---p 00002000 08:15 12330786                   /usr/lib/x86_64-linux-gnu/libxcb-dri3.so.0.0.0
7f24b755a000-7f24b755b000 r--p 00001000 08:15 12330786                   /usr/lib/x86_64-linux-gnu/libxcb-dri3.so.0.0.0
7f24b755b000-7f24b755c000 rw-p 00002000 08:15 12330786                   /usr/lib/x86_64-linux-gnu/libxcb-dri3.so.0.0.0
7f24b755c000-7f24b7582000 r-xp 00000000 08:15 7082434                    /lib/x86_64-linux-gnu/libexpat.so.1.6.0
7f24b7582000-7f24b7782000 ---p 00026000 08:15 7082434                    /lib/x86_64-linux-gnu/libexpat.so.1.6.0
7f24b7782000-7f24b7784000 r--p 00026000 08:15 7082434                    /lib/x86_64-linux-gnu/libexpat.so.1.6.0
7f24b7784000-7f24b7785000 rw-p 00028000 08:15 7082434                    /lib/x86_64-linux-gnu/libexpat.so.1.6.0
7f24b7785000-7f24b77f1000 r-xp 00000000 08:15 12588015                   /usr/lib/x86_64-linux-gnu/mesa/libGL.so.1.2.0
7f24b77f1000-7f24b79f0000 ---p 0006c000 08:15 12588015                   /usr/lib/x86_64-linux-gnu/mesa/libGL.so.1.2.0
7f24b79f0000-7f24b79f3000 r--p 0006b000 08:15 12588015                   /usr/lib/x86_64-linux-gnu/mesa/libGL.so.1.2.0
7f24b79f3000-7f24b79f4000 rw-p 0006e000 08:15 12588015                   /usr/lib/x86_64-linux-gnu/mesa/libGL.so.1.2.0
7f24b79f4000-7f24b79f5000 rw-p 00000000 00:00 0 
7f24b79f5000-7f24b79f6000 r-xp 00000000 08:15 12329465                   /usr/lib/x86_64-linux-gnu/libX11-xcb.so.1.0.0
7f24b79f6000-7f24b7bf5000 ---p 00001000 08:15 12329465                   /usr/lib/x86_64-linux-gnu/libX11-xcb.so.1.0.0
7f24b7bf5000-7f24b7bf6000 r--p 00000000 08:15 12329465                   /usr/lib/x86_64-linux-gnu/libX11-xcb.so.1.0.0
7f24b7bf6000-7f24b7bf7000 rw-p 00001000 08:15 12329465                   /usr/lib/x86_64-linux-gnu/libX11-xcb.so.1.0.0
7f24b7bf7000-7f24b7bfc000 r-xp 00000000 08:15 12329520                   /usr/lib/x86_64-linux-gnu/libXxf86vm.so.1.0.0
7f24b7bfc000-7f24b7dfb000 ---p 00005000 08:15 12329520                   /usr/lib/x86_64-linux-gnu/libXxf86vm.so.1.0.0
7f24b7dfb000-7f24b7dfc000 r--p 00004000 08:15 12329520                   /usr/lib/x86_64-linux-gnu/libXxf86vm.so.1.0.0
7f24b7dfc000-7f24b7dfd000 rw-p 00005000 08:15 12329520                   /usr/lib/x86_64-linux-gnu/libXxf86vm.so.1.0.0
7f24b7dfd000-7f24b7dff000 r-xp 00000000 08:15 12329494                   /usr/lib/x86_64-linux-gnu/libXinerama.so.1.0.0
7f24b7dff000-7f24b7ffe000 ---p 00002000 08:15 12329494                   /usr/lib/x86_64-linux-gnu/libXinerama.so.1.0.0
7f24b7ffe000-7f24b7fff000 r--p 00001000 08:15 12329494                   /usr/lib/x86_64-linux-gnu/libXinerama.so.1.0.0
7f24b7fff000-7f24b8000000 rw-p 00002000 08:15 12329494                   /usr/lib/x86_64-linux-gnu/libXinerama.so.1.0.0
7f24b8000000-7f24b8021000 rw-p 00000000 00:00 0 
7f24b8021000-7f24bc000000 ---p 00000000 00:00 0 
7f24bc000000-7f24bc021000 rw-p 00000000 00:00 0 
7f24bc021000-7f24c0000000 ---p 00000000 00:00 0 
7f24c0000000-7f24c0021000 rw-p 00000000 00:00 0 
7f24c0021000-7f24c4000000 ---p 00000000 00:00 0 
7f24c4000000-7f24c49e4000 rw-p 00000000 00:00 0 
7f24c49e4000-7f24c8000000 ---p 00000000 00:00 0 
7f24c8000000-7f24c81b6000 rw-p 00000000 00:00 0 
7f24c81b6000-7f24cc000000 ---p 00000000 00:00 0 
7f24cc000000-7f24cc021000 rw-p 00000000 00:00 0 
7f24cc021000-7f24d0000000 ---p 00000000 00:00 0 
7f24d0000000-7f24d00cd000 rw-p 00000000 00:00 0 
7f24d00cd000-7f24d4000000 ---p 00000000 00:00 0 
7f24d4000000-7f24d41d6000 rw-p 00000000 00:00 0 
7f24d41d6000-7f24d8000000 ---p 00000000 00:00 0 
7f24d8000000-7f24d8021000 rw-p 00000000 00:00 0 
7f24d8021000-7f24dc000000 ---p 00000000 00:00 0 
7f24dc1d5000-7f24dc1df000 r-xp 00000000 08:15 12329502                   /usr/lib/x86_64-linux-gnu/libXrandr.so.2.2.0
7f24dc1df000-7f24dc3de000 ---p 0000a000 08:15 12329502                   /usr/lib/x86_64-linux-gnu/libXrandr.so.2.2.0
7f24dc3de000-7f24dc3df000 r--p 00009000 08:15 12329502                   /usr/lib/x86_64-linux-gnu/libXrandr.so.2.2.0
7f24dc3df000-7f24dc3e0000 rw-p 0000a000 08:15 12329502                   /usr/lib/x86_64-linux-gnu/libXrandr.so.2.2.0
7f24dc3e0000-7f24dc3fe000 r-xp 00000000 08:15 1466952                    /tmp/lwjglnokorot/3.1.1-build-16/libglfw.so
7f24dc3fe000-7f24dc5fd000 ---p 0001e000 08:15 1466952                    /tmp/lwjglnokorot/3.1.1-build-16/libglfw.so
7f24dc5fd000-7f24dc5fe000 r--p 0001d000 08:15 1466952                    /tmp/lwjglnokorot/3.1.1-build-16/libglfw.so
7f24dc5fe000-7f24dc5ff000 rw-p 0001e000 08:15 1466952                    /tmp/lwjglnokorot/3.1.1-build-16/libglfw.so
7f24dc5ff000-7f24dc600000 rw-p 00000000 00:00 0 
7f24dc600000-7f24dc800000 rw-p 00000000 00:00 0 
7f24dc88c000-7f24dc8c5000 r-xp 00000000 08:15 1466951                    /tmp/lwjglnokorot/3.1.1-build-16/libjemalloc.so
7f24dc8c5000-7f24dcac4000 ---p 00039000 08:15 1466951                    /tmp/lwjglnokorot/3.1.1-build-16/libjemalloc.so
7f24dcac4000-7f24dcac7000 r--p 00038000 08:15 1466951                    /tmp/lwjglnokorot/3.1.1-build-16/libjemalloc.so
7f24dcac7000-7f24dcac8000 rw-p 0003b000 08:15 1466951                    /tmp/lwjglnokorot/3.1.1-build-16/libjemalloc.so
7f24dcac8000-7f24dcac9000 rw-p 00000000 00:00 0 
7f24dcac9000-7f24dcacc000 ---p 00000000 00:00 0 
7f24dcacc000-7f24dcbca000 rw-p 00000000 00:00 0 
7f24dcbca000-7f24dcbcf000 r-xp 00000000 08:15 12329486                   /usr/lib/x86_64-linux-gnu/libXfixes.so.3.1.0
7f24dcbcf000-7f24dcdce000 ---p 00005000 08:15 12329486                   /usr/lib/x86_64-linux-gnu/libXfixes.so.3.1.0
7f24dcdce000-7f24dcdcf000 r--p 00004000 08:15 12329486                   /usr/lib/x86_64-linux-gnu/libXfixes.so.3.1.0
7f24dcdcf000-7f24dcdd0000 rw-p 00005000 08:15 12329486                   /usr/lib/x86_64-linux-gnu/libXfixes.so.3.1.0
7f24dcdd0000-7f24dcdd9000 r-xp 00000000 08:15 12329478                   /usr/lib/x86_64-linux-gnu/libXcursor.so.1.0.2
7f24dcdd9000-7f24dcfd8000 ---p 00009000 08:15 12329478                   /usr/lib/x86_64-linux-gnu/libXcursor.so.1.0.2
7f24dcfd8000-7f24dcfd9000 r--p 00008000 08:15 12329478                   /usr/lib/x86_64-linux-gnu/libXcursor.so.1.0.2
7f24dcfd9000-7f24dcfda000 rw-p 00009000 08:15 12329478                   /usr/lib/x86_64-linux-gnu/libXcursor.so.1.0.2
7f24dcfda000-7f24dd025000 r-xp 00000000 08:15 1466950                    /tmp/lwjglnokorot/3.1.1-build-16/liblwjgl.so
7f24dd025000-7f24dd225000 ---p 0004b000 08:15 1466950                    /tmp/lwjglnokorot/3.1.1-build-16/liblwjgl.so
7f24dd225000-7f24dd226000 r--p 0004b000 08:15 1466950                    /tmp/lwjglnokorot/3.1.1-build-16/liblwjgl.so
7f24dd226000-7f24dd227000 rw-p 0004c000 08:15 1466950                    /tmp/lwjglnokorot/3.1.1-build-16/liblwjgl.so
7f24dd227000-7f24dd22a000 ---p 00000000 00:00 0 
7f24dd22a000-7f24dd328000 rw-p 00000000 00:00 0 
7f24dd328000-7f24dd33e000 r-xp 00000000 08:15 7082441                    /lib/x86_64-linux-gnu/libgcc_s.so.1
7f24dd33e000-7f24dd53d000 ---p 00016000 08:15 7082441                    /lib/x86_64-linux-gnu/libgcc_s.so.1
7f24dd53d000-7f24dd53e000 rw-p 00015000 08:15 7082441                    /lib/x86_64-linux-gnu/libgcc_s.so.1
7f24dd53e000-7f24dd5a3000 r-xp 00000000 08:15 12980585                   /usr/lib/jvm/java-8-oracle/jre/lib/amd64/libfontmanager.so
7f24dd5a3000-7f24dd7a2000 ---p 00065000 08:15 12980585                   /usr/lib/jvm/java-8-oracle/jre/lib/amd64/libfontmanager.so
7f24dd7a2000-7f24dd7a7000 rw-p 00064000 08:15 12980585                   /usr/lib/jvm/java-8-oracle/jre/lib/amd64/libfontmanager.so
7f24dd7a7000-7f24ddab8000 rw-p 00000000 00:00 0 
7f24ddab8000-7f24ddace000 r-xp 00000000 08:15 12980356                   /usr/lib/jvm/java-8-oracle/jre/lib/amd64/libnet.so
7f24ddace000-7f24ddcce000 ---p 00016000 08:15 12980356                   /usr/lib/jvm/java-8-oracle/jre/lib/amd64/libnet.so
7f24ddcce000-7f24ddccf000 rw-p 00016000 08:15 12980356                   /usr/lib/jvm/java-8-oracle/jre/lib/amd64/libnet.so
7f24ddccf000-7f24ddce0000 r-xp 00000000 08:15 12980591                   /usr/lib/jvm/java-8-oracle/jre/lib/amd64/libnio.so
7f24ddce0000-7f24ddedf000 ---p 00011000 08:15 12980591                   /usr/lib/jvm/java-8-oracle/jre/lib/amd64/libnio.so
7f24ddedf000-7f24ddee0000 rw-p 00010000 08:15 12980591                   /usr/lib/jvm/java-8-oracle/jre/lib/amd64/libnio.so
7f24ddee0000-7f24ddee3000 ---p 00000000 00:00 0 
7f24ddee3000-7f24ddfe1000 rw-p 00000000 00:00 0 
7f24ddfe1000-7f24ddfe6000 r-xp 00000000 08:15 12329482                   /usr/lib/x86_64-linux-gnu/libXdmcp.so.6.0.0
7f24ddfe6000-7f24de1e5000 ---p 00005000 08:15 12329482                   /usr/lib/x86_64-linux-gnu/libXdmcp.so.6.0.0
7f24de1e5000-7f24de1e6000 r--p 00004000 08:15 12329482                   /usr/lib/x86_64-linux-gnu/libXdmcp.so.6.0.0
7f24de1e6000-7f24de1e7000 rw-p 00005000 08:15 12329482                   /usr/lib/x86_64-linux-gnu/libXdmcp.so.6.0.0
7f24de1e7000-7f24de1e9000 r-xp 00000000 08:15 12329471                   /usr/lib/x86_64-linux-gnu/libXau.so.6.0.0
7f24de1e9000-7f24de3e9000 ---p 00002000 08:15 12329471                   /usr/lib/x86_64-linux-gnu/libXau.so.6.0.0
7f24de3e9000-7f24de3ea000 r--p 00002000 08:15 12329471                   /usr/lib/x86_64-linux-gnu/libXau.so.6.0.0
7f24de3ea000-7f24de3eb000 rw-p 00003000 08:15 12329471                   /usr/lib/x86_64-linux-gnu/libXau.so.6.0.0
7f24de3eb000-7f24de40c000 r-xp 00000000 08:15 12330820                   /usr/lib/x86_64-linux-gnu/libxcb.so.1.1.0
7f24de40c000-7f24de60b000 ---p 00021000 08:15 12330820                   /usr/lib/x86_64-linux-gnu/libxcb.so.1.1.0
7f24de60b000-7f24de60c000 r--p 00020000 08:15 12330820                   /usr/lib/x86_64-linux-gnu/libxcb.so.1.1.0
7f24de60c000-7f24de60d000 rw-p 00021000 08:15 12330820                   /usr/lib/x86_64-linux-gnu/libxcb.so.1.1.0
7f24de60d000-7f24de61c000 r-xp 00000000 08:15 12329492                   /usr/lib/x86_64-linux-gnu/libXi.so.6.1.0
7f24de61c000-7f24de81b000 ---p 0000f000 08:15 12329492                   /usr/lib/x86_64-linux-gnu/libXi.so.6.1.0
7f24de81b000-7f24de81c000 r--p 0000e000 08:15 12329492                   /usr/lib/x86_64-linux-gnu/libXi.so.6.1.0
7f24de81c000-7f24de81d000 rw-p 0000f000 08:15 12329492                   /usr/lib/x86_64-linux-gnu/libXi.so.6.1.0
7f24de81d000-7f24de822000 r-xp 00000000 08:15 12329510                   /usr/lib/x86_64-linux-gnu/libXtst.so.6.1.0
7f24de822000-7f24dea21000 ---p 00005000 08:15 12329510                   /usr/lib/x86_64-linux-gnu/libXtst.so.6.1.0
7f24dea21000-7f24dea22000 r--p 00004000 08:15 12329510                   /usr/lib/x86_64-linux-gnu/libXtst.so.6.1.0
7f24dea22000-7f24dea23000 rw-p 00005000 08:15 12329510                   /usr/lib/x86_64-linux-gnu/libXtst.so.6.1.0
7f24dea23000-7f24dea2c000 r-xp 00000000 08:15 12329504                   /usr/lib/x86_64-linux-gnu/libXrender.so.1.3.0
7f24dea2c000-7f24dec2b000 ---p 00009000 08:15 12329504                   /usr/lib/x86_64-linux-gnu/libXrender.so.1.3.0
7f24dec2b000-7f24dec2c000 r--p 00008000 08:15 12329504                   /usr/lib/x86_64-linux-gnu/libXrender.so.1.3.0
7f24dec2c000-7f24dec2d000 rw-p 00009000 08:15 12329504                   /usr/lib/x86_64-linux-gnu/libXrender.so.1.3.0
7f24dec2d000-7f24ded62000 r-xp 00000000 08:15 12329467                   /usr/lib/x86_64-linux-gnu/libX11.so.6.3.0
7f24ded62000-7f24def62000 ---p 00135000 08:15 12329467                   /usr/lib/x86_64-linux-gnu/libX11.so.6.3.0
7f24def62000-7f24def63000 r--p 00135000 08:15 12329467                   /usr/lib/x86_64-linux-gnu/libX11.so.6.3.0
7f24def63000-7f24def67000 rw-p 00136000 08:15 12329467                   /usr/lib/x86_64-linux-gnu/libX11.so.6.3.0
7f24def67000-7f24def78000 r-xp 00000000 08:15 12329484                   /usr/lib/x86_64-linux-gnu/libXext.so.6.4.0
7f24def78000-7f24df177000 ---p 00011000 08:15 12329484                   /usr/lib/x86_64-linux-gnu/libXext.so.6.4.0
7f24df177000-7f24df178000 r--p 00010000 08:15 12329484                   /usr/lib/x86_64-linux-gnu/libXext.so.6.4.0
7f24df178000-7f24df179000 rw-p 00011000 08:15 12329484                   /usr/lib/x86_64-linux-gnu/libXext.so.6.4.0
7f24df179000-7f24df1cd000 r-xp 00000000 08:15 12980593                   /usr/lib/jvm/java-8-oracle/jre/lib/amd64/libawt_xawt.so
7f24df1cd000-7f24df3cd000 ---p 00054000 08:15 12980593                   /usr/lib/jvm/java-8-oracle/jre/lib/amd64/libawt_xawt.so
7f24df3cd000-7f24df3d1000 rw-p 00054000 08:15 12980593                   /usr/lib/jvm/java-8-oracle/jre/lib/amd64/libawt_xawt.so
7f24df3d1000-7f24df3d2000 rw-p 00000000 00:00 0 
7f24df3d2000-7f24df474000 r-xp 00000000 08:15 12980626                   /usr/lib/jvm/java-8-oracle/jre/lib/amd64/libawt.so
7f24df474000-7f24df674000 ---p 000a2000 08:15 12980626                   /usr/lib/jvm/java-8-oracle/jre/lib/amd64/libawt.so
7f24df674000-7f24df680000 rw-p 000a2000 08:15 12980626                   /usr/lib/jvm/java-8-oracle/jre/lib/amd64/libawt.so
7f24df680000-7f24df6a4000 rw-p 00000000 00:00 0 
7f24df6a4000-7f24df6a5000 ---p 00000000 00:00 0 
7f24df6a5000-7f24df7a5000 rw-p 00000000 00:00 0 
7f24df7a5000-7f24df7a8000 ---p 00000000 00:00 0 
7f24df7a8000-7f24df8a6000 rw-p 00000000 00:00 0 
7f24df8a6000-7f24df8a9000 ---p 00000000 00:00 0 
7f24df8a9000-7f24df9a7000 rw-p 00000000 00:00 0 
7f24df9a7000-7f24df9aa000 ---p 00000000 00:00 0 
7f24df9aa000-7f24dfaa8000 rw-p 00000000 00:00 0 
7f24dfaa8000-7f24dfaab000 ---p 00000000 00:00 0 
7f24dfaab000-7f24dfba9000 rw-p 00000000 00:00 0 
7f24dfba9000-7f24e0000000 r--p 00000000 08:15 12322328                   /usr/lib/locale/locale-archive
7f24e0000000-7f24e0021000 rw-p 00000000 00:00 0 
7f24e0021000-7f24e4000000 ---p 00000000 00:00 0 
7f24e4000000-7f24e4021000 rw-p 00000000 00:00 0 
7f24e4021000-7f24e8000000 ---p 00000000 00:00 0 
7f24e8000000-7f24e8021000 rw-p 00000000 00:00 0 
7f24e8021000-7f24ec000000 ---p 00000000 00:00 0 
7f24ec06e000-7f24ec071000 ---p 00000000 00:00 0 
7f24ec071000-7f24ec16f000 rw-p 00000000 00:00 0 
7f24ec16f000-7f24ec172000 ---p 00000000 00:00 0 
7f24ec172000-7f24f0000000 rw-p 00000000 00:00 0 
7f24f0000000-7f24f0021000 rw-p 00000000 00:00 0 
7f24f0021000-7f24f4000000 ---p 00000000 00:00 0 
7f24f4000000-7f24f4021000 rw-p 00000000 00:00 0 
7f24f4021000-7f24f8000000 ---p 00000000 00:00 0 
7f24f8000000-7f24f8021000 rw-p 00000000 00:00 0 
7f24f8021000-7f24fc000000 ---p 00000000 00:00 0 
7f24fc000000-7f24fc021000 rw-p 00000000 00:00 0 
7f24fc021000-7f2500000000 ---p 00000000 00:00 0 
7f2500013000-7f2500017000 r--s 00097000 08:15 12855478                   /usr/lib/jvm/java-8-oracle/jre/lib/jsse.jar
7f2500017000-7f2500019000 rwxp 00000000 00:00 0 
7f2500019000-7f2500021000 rw-s 00000000 00:05 387827                     /drm mm object (deleted)
7f2500021000-7f2500022000 rw-s 11525d000 00:06 361                       /dev/dri/card0
7f2500022000-7f250002a000 rw-s 00000000 00:05 387817                     /drm mm object (deleted)
7f250002a000-7f2500031000 r--s 00000000 08:15 12594715                   /usr/lib/x86_64-linux-gnu/gconv/gconv-modules.cache
7f2500031000-7f2500032000 rwxp 00000000 00:00 0 
7f2500032000-7f2500033000 r--s 00004000 08:15 13654818                   /home/nokorot/Workspace/Java/PS/PS 3.0.0/LWJGL3/lwjgl-xxhash.jar
7f2500033000-7f2500034000 r--s 00001000 08:15 13654817                   /home/nokorot/Workspace/Java/PS/PS 3.0.0/LWJGL3/lwjgl-xxhash-natives-linux.jar
7f2500034000-7f250003d000 r--s 000a6000 08:15 13654825                   /home/nokorot/Workspace/Java/PS/PS 3.0.0/LWJGL3/lwjgl-vulkan.jar
7f250003d000-7f2500042000 r--s 000ac000 08:15 13654824                   /home/nokorot/Workspace/Java/PS/PS 3.0.0/LWJGL3/lwjgl-vulkan-sources.jar
7f2500042000-7f2500043000 r--s 00001000 08:15 13654813                   /home/nokorot/Workspace/Java/PS/PS 3.0.0/LWJGL3/lwjgl-tinyfd.jar
7f2500043000-7f2500044000 r--s 00007000 08:15 13654815                   /home/nokorot/Workspace/Java/PS/PS 3.0.0/LWJGL3/lwjgl-tinyfd-natives-linux.jar
7f2500044000-7f2500047000 r--s 00012000 08:15 13654809                   /home/nokorot/Workspace/Java/PS/PS 3.0.0/LWJGL3/lwjgl-stb.jar
7f2500047000-7f2500048000 r--s 0002c000 08:15 13654808                   /home/nokorot/Workspace/Java/PS/PS 3.0.0/LWJGL3/lwjgl-stb-natives-linux.jar
7f2500048000-7f2500049000 r--s 00000000 08:15 13654803                   /home/nokorot/Workspace/Java/PS/PS 3.0.0/LWJGL3/lwjgl-sse.jar
7f2500049000-7f250004a000 r--s 00000000 08:15 13654802                   /home/nokorot/Workspace/Java/PS/PS 3.0.0/LWJGL3/lwjgl-sse-natives-linux.jar
7f250004a000-7f250004c000 r--s 00058000 08:15 13654804                   /home/nokorot/Workspace/Java/PS/PS 3.0.0/LWJGL3/lwjgl-sse-javadoc.jar
7f250004c000-7f250004e000 r--s 00001000 08:15 13654799                   /home/nokorot/Workspace/Java/PS/PS 3.0.0/LWJGL3/lwjgl-par.jar
7f250004e000-7f250004f000 r--s 00005000 08:15 13654795                   /home/nokorot/Workspace/Java/PS/PS 3.0.0/LWJGL3/lwjgl-par-natives-linux.jar
7f250004f000-7f2500055000 r--s 00048000 08:15 13654794                   /home/nokorot/Workspace/Java/PS/PS 3.0.0/LWJGL3/lwjgl-opengles.jar
7f2500055000-7f2500056000 r--s 00007000 08:15 13654792                   /home/nokorot/Workspace/Java/PS/PS 3.0.0/LWJGL3/lwjgl-opengles-natives-linux.jar
7f2500056000-7f250005f000 r--s 000ba000 08:15 13654797                   /home/nokorot/Workspace/Java/PS/PS 3.0.0/LWJGL3/lwjgl-opengl.jar
7f250005f000-7f2500060000 r--s 00015000 08:15 13654789                   /home/nokorot/Workspace/Java/PS/PS 3.0.0/LWJGL3/lwjgl-opengl-natives-linux.jar
7f2500060000-7f2500063000 r--s 00023000 08:15 13654790                   /home/nokorot/Workspace/Java/PS/PS 3.0.0/LWJGL3/lwjgl-opencl.jar
7f2500063000-7f2500065000 r--s 00010000 08:15 13654776                   /home/nokorot/Workspace/Java/PS/PS 3.0.0/LWJGL3/lwjgl-openal.jar
7f2500065000-7f2500066000 r--s 0004a000 08:15 13654787                   /home/nokorot/Workspace/Java/PS/PS 3.0.0/LWJGL3/lwjgl-openal-natives-linux.jar
7f2500066000-7f250006b000 r--s 00054000 08:15 13654782                   /home/nokorot/Workspace/Java/PS/PS 3.0.0/LWJGL3/lwjgl-nuklear.jar
7f250006b000-7f250006c000 r--s 0001f000 08:15 13654772                   /home/nokorot/Workspace/Java/PS/PS 3.0.0/LWJGL3/lwjgl-nuklear-natives-linux.jar
7f250006c000-7f250006d000 r--s 00001000 08:15 13654766                   /home/nokorot/Workspace/Java/PS/PS 3.0.0/LWJGL3/lwjgl-nfd.jar
7f250006d000-7f2500070000 ---p 00000000 00:00 0 
7f2500070000-7f250016e000 rw-p 00000000 00:00 0 
7f250016e000-7f250016f000 ---p 00000000 00:00 0 
7f250016f000-7f2501000000 rw-p 00000000 00:00 0 
7f2501000000-7f2501300000 rwxp 00000000 00:00 0 
7f2501300000-7f2510000000 ---p 00000000 00:00 0 
7f2510000000-7f251034c000 rw-p 00000000 00:00 0 
7f251034c000-7f2514000000 ---p 00000000 00:00 0 
7f2514000000-7f2514001000 r--s 00001000 08:15 13654764                   /home/nokorot/Workspace/Java/PS/PS 3.0.0/LWJGL3/lwjgl-nfd-natives-linux.jar
7f2514001000-7f2514002000 r--s 00011000 08:15 13654822                   /home/nokorot/Workspace/Java/PS/PS 3.0.0/LWJGL3/lwjgl-natives-linux.jar
7f2514002000-7f2514004000 r--s 00008000 08:15 13654756                   /home/nokorot/Workspace/Java/PS/PS 3.0.0/LWJGL3/lwjgl-nanovg.jar
7f2514004000-7f2514255000 rw-p 00000000 00:00 0 
7f2514255000-7f251442d000 r--s 03d2a000 08:15 12855517                   /usr/lib/jvm/java-8-oracle/jre/lib/rt.jar
7f251442d000-7f251507c000 rw-p 00000000 00:00 0 
7f251507c000-7f251507d000 ---p 00000000 00:00 0 
7f251507d000-7f251517d000 rw-p 00000000 00:00 0 
7f251517d000-7f251517e000 ---p 00000000 00:00 0 
7f251517e000-7f251527e000 rw-p 00000000 00:00 0 
7f251527e000-7f251527f000 ---p 00000000 00:00 0 
7f251527f000-7f251537f000 rw-p 00000000 00:00 0 
7f251537f000-7f2515380000 ---p 00000000 00:00 0 
7f2515380000-7f25154aa000 rw-p 00000000 00:00 0 
7f25154aa000-7f2515711000 ---p 00000000 00:00 0 
7f2515711000-7f251573b000 rw-p 00000000 00:00 0 
7f251573b000-7f25159a1000 ---p 00000000 00:00 0 
7f25159a1000-7f25159b7000 rw-p 00000000 00:00 0 
7f25159b7000-7f2515aea000 ---p 00000000 00:00 0 
7f2515aea000-7f2515af7000 rw-p 00000000 00:00 0 
7f2515af7000-7f2515eab000 ---p 00000000 00:00 0 
7f2515eab000-7f2515ec5000 r-xp 00000000 08:15 12980589                   /usr/lib/jvm/java-8-oracle/jre/lib/amd64/libzip.so
7f2515ec5000-7f25160c5000 ---p 0001a000 08:15 12980589                   /usr/lib/jvm/java-8-oracle/jre/lib/amd64/libzip.so
7f25160c5000-7f25160c6000 rw-p 0001a000 08:15 12980589                   /usr/lib/jvm/java-8-oracle/jre/lib/amd64/libzip.so
7f25160c6000-7f25160d1000 r-xp 00000000 08:15 7082071                    /lib/x86_64-linux-gnu/libnss_files-2.23.so
7f25160d1000-7f25162d0000 ---p 0000b000 08:15 7082071                    /lib/x86_64-linux-gnu/libnss_files-2.23.so
7f25162d0000-7f25162d1000 r--p 0000a000 08:15 7082071                    /lib/x86_64-linux-gnu/libnss_files-2.23.so
7f25162d1000-7f25162d2000 rw-p 0000b000 08:15 7082071                    /lib/x86_64-linux-gnu/libnss_files-2.23.so
7f25162d2000-7f25162d8000 rw-p 00000000 00:00 0 
7f25162d8000-7f25162e3000 r-xp 00000000 08:15 7082047                    /lib/x86_64-linux-gnu/libnss_nis-2.23.so
7f25162e3000-7f25164e2000 ---p 0000b000 08:15 7082047                    /lib/x86_64-linux-gnu/libnss_nis-2.23.so
7f25164e2000-7f25164e3000 r--p 0000a000 08:15 7082047                    /lib/x86_64-linux-gnu/libnss_nis-2.23.so
7f25164e3000-7f25164e4000 rw-p 0000b000 08:15 7082047                    /lib/x86_64-linux-gnu/libnss_nis-2.23.so
7f25164e4000-7f25164fa000 r-xp 00000000 08:15 7082063                    /lib/x86_64-linux-gnu/libnsl-2.23.so
7f25164fa000-7f25166f9000 ---p 00016000 08:15 7082063                    /lib/x86_64-linux-gnu/libnsl-2.23.so
7f25166f9000-7f25166fa000 r--p 00015000 08:15 7082063                    /lib/x86_64-linux-gnu/libnsl-2.23.so
7f25166fa000-7f25166fb000 rw-p 00016000 08:15 7082063                    /lib/x86_64-linux-gnu/libnsl-2.23.so
7f25166fb000-7f25166fd000 rw-p 00000000 00:00 0 
7f25166fd000-7f2516705000 r-xp 00000000 08:15 7082065                    /lib/x86_64-linux-gnu/libnss_compat-2.23.so
7f2516705000-7f2516904000 ---p 00008000 08:15 7082065                    /lib/x86_64-linux-gnu/libnss_compat-2.23.so
7f2516904000-7f2516905000 r--p 00007000 08:15 7082065                    /lib/x86_64-linux-gnu/libnss_compat-2.23.so
7f2516905000-7f2516906000 rw-p 00008000 08:15 7082065                    /lib/x86_64-linux-gnu/libnss_compat-2.23.so
7f2516906000-7f2516931000 r-xp 00000000 08:15 12980616                   /usr/lib/jvm/java-8-oracle/jre/lib/amd64/libjava.so
7f2516931000-7f2516b30000 ---p 0002b000 08:15 12980616                   /usr/lib/jvm/java-8-oracle/jre/lib/amd64/libjava.so
7f2516b30000-7f2516b32000 rw-p 0002a000 08:15 12980616                   /usr/lib/jvm/java-8-oracle/jre/lib/amd64/libjava.so
7f2516b32000-7f2516b3f000 r-xp 00000000 08:15 12980358                   /usr/lib/jvm/java-8-oracle/jre/lib/amd64/libverify.so
7f2516b3f000-7f2516d3e000 ---p 0000d000 08:15 12980358                   /usr/lib/jvm/java-8-oracle/jre/lib/amd64/libverify.so
7f2516d3e000-7f2516d40000 rw-p 0000c000 08:15 12980358                   /usr/lib/jvm/java-8-oracle/jre/lib/amd64/libverify.so
7f2516d40000-7f2516d47000 r-xp 00000000 08:15 7082046                    /lib/x86_64-linux-gnu/librt-2.23.so
7f2516d47000-7f2516f46000 ---p 00007000 08:15 7082046                    /lib/x86_64-linux-gnu/librt-2.23.so
7f2516f46000-7f2516f47000 r--p 00006000 08:15 7082046                    /lib/x86_64-linux-gnu/librt-2.23.so
7f2516f47000-7f2516f48000 rw-p 00007000 08:15 7082046                    /lib/x86_64-linux-gnu/librt-2.23.so
7f2516f48000-7f2517050000 r-xp 00000000 08:15 7082058                    /lib/x86_64-linux-gnu/libm-2.23.so
7f2517050000-7f251724f000 ---p 00108000 08:15 7082058                    /lib/x86_64-linux-gnu/libm-2.23.so
7f251724f000-7f2517250000 r--p 00107000 08:15 7082058                    /lib/x86_64-linux-gnu/libm-2.23.so
7f2517250000-7f2517251000 rw-p 00108000 08:15 7082058                    /lib/x86_64-linux-gnu/libm-2.23.so
7f2517251000-7f2517f1e000 r-xp 00000000 08:15 12980620                   /usr/lib/jvm/java-8-oracle/jre/lib/amd64/server/libjvm.so
7f2517f1e000-7f251811d000 ---p 00ccd000 08:15 12980620                   /usr/lib/jvm/java-8-oracle/jre/lib/amd64/server/libjvm.so
7f251811d000-7f25181f6000 rw-p 00ccc000 08:15 12980620                   /usr/lib/jvm/java-8-oracle/jre/lib/amd64/server/libjvm.so
7f25181f6000-7f2518241000 rw-p 00000000 00:00 0 
7f2518241000-7f2518400000 r-xp 00000000 08:15 7082051                    /lib/x86_64-linux-gnu/libc-2.23.so
7f2518400000-7f2518600000 ---p 001bf000 08:15 7082051                    /lib/x86_64-linux-gnu/libc-2.23.so
7f2518600000-7f2518604000 r--p 001bf000 08:15 7082051                    /lib/x86_64-linux-gnu/libc-2.23.so
7f2518604000-7f2518606000 rw-p 001c3000 08:15 7082051                    /lib/x86_64-linux-gnu/libc-2.23.so
7f2518606000-7f251860a000 rw-p 00000000 00:00 0 
7f251860a000-7f251860d000 r-xp 00000000 08:15 7082050                    /lib/x86_64-linux-gnu/libdl-2.23.so
7f251860d000-7f251880c000 ---p 00003000 08:15 7082050                    /lib/x86_64-linux-gnu/libdl-2.23.so
7f251880c000-7f251880d000 r--p 00002000 08:15 7082050                    /lib/x86_64-linux-gnu/libdl-2.23.so
7f251880d000-7f251880e000 rw-p 00003000 08:15 7082050                    /lib/x86_64-linux-gnu/libdl-2.23.so
7f251880e000-7f2518823000 r-xp 00000000 08:15 12585246                   /usr/lib/jvm/java-8-oracle/lib/amd64/jli/libjli.so
7f2518823000-7f2518a23000 ---p 00015000 08:15 12585246                   /usr/lib/jvm/java-8-oracle/lib/amd64/jli/libjli.so
7f2518a23000-7f2518a24000 rw-p 00015000 08:15 12585246                   /usr/lib/jvm/java-8-oracle/lib/amd64/jli/libjli.so
7f2518a24000-7f2518a3c000 r-xp 00000000 08:15 7082059                    /lib/x86_64-linux-gnu/libpthread-2.23.so
7f2518a3c000-7f2518c3b000 ---p 00018000 08:15 7082059                    /lib/x86_64-linux-gnu/libpthread-2.23.so
7f2518c3b000-7f2518c3c000 r--p 00017000 08:15 7082059                    /lib/x86_64-linux-gnu/libpthread-2.23.so
7f2518c3c000-7f2518c3d000 rw-p 00018000 08:15 7082059                    /lib/x86_64-linux-gnu/libpthread-2.23.so
7f2518c3d000-7f2518c41000 rw-p 00000000 00:00 0 
7f2518c41000-7f2518c67000 r-xp 00000000 08:15 7082039                    /lib/x86_64-linux-gnu/ld-2.23.so
7f2518c67000-7f2518c68000 r--s 0001f000 08:15 13654762                   /home/nokorot/Workspace/Java/PS/PS 3.0.0/LWJGL3/lwjgl-nanovg-natives-linux.jar
7f2518c68000-7f2518c6a000 r--s 00005000 08:15 13654746                   /home/nokorot/Workspace/Java/PS/PS 3.0.0/LWJGL3/lwjgl-lmdb.jar
7f2518c6a000-7f2518d35000 rw-p 00000000 00:00 0 
7f2518d35000-7f2518d38000 ---p 00000000 00:00 0 
7f2518d38000-7f2518e3a000 rw-p 00000000 00:00 0 
7f2518e3a000-7f2518e3b000 r--s 0000d000 08:15 13654750                   /home/nokorot/Workspace/Java/PS/PS 3.0.0/LWJGL3/lwjgl-lmdb-natives-linux.jar
7f2518e3b000-7f2518e3d000 r--s 00007000 08:15 13654736                   /home/nokorot/Workspace/Java/PS/PS 3.0.0/LWJGL3/lwjgl-jemalloc.jar
7f2518e3d000-7f2518e3e000 r--s 00019000 08:15 13654734                   /home/nokorot/Workspace/Java/PS/PS 3.0.0/LWJGL3/lwjgl-jemalloc-natives-linux.jar
7f2518e3e000-7f2518e3f000 r--s 00005000 08:15 13654724                   /home/nokorot/Workspace/Java/PS/PS 3.0.0/LWJGL3/lwjgl-jawt.jar
7f2518e3f000-7f2518e41000 r--s 00066000 08:15 13654732                   /home/nokorot/Workspace/Java/PS/PS 3.0.0/LWJGL3/lwjgl-jawt-javadoc.jar
7f2518e41000-7f2518e44000 r--s 00015000 08:15 13654722                   /home/nokorot/Workspace/Java/PS/PS 3.0.0/LWJGL3/lwjgl-glfw.jar
7f2518e44000-7f2518e45000 r--s 0000e000 08:15 13654716                   /home/nokorot/Workspace/Java/PS/PS 3.0.0/LWJGL3/lwjgl-glfw-natives-linux.jar
7f2518e45000-7f2518e49000 r--s 0001b000 08:15 13654708                   /home/nokorot/Workspace/Java/PS/PS 3.0.0/LWJGL3/lwjgl-egl.jar
7f2518e49000-7f2518e4d000 r--s 0001e000 08:15 13654712                   /home/nokorot/Workspace/Java/PS/PS 3.0.0/LWJGL3/lwjgl-egl-sources.jar
7f2518e4d000-7f2518e50000 r--s 0001f000 08:15 13654702                   /home/nokorot/Workspace/Java/PS/PS 3.0.0/LWJGL3/lwjgl-bgfx.jar
7f2518e50000-7f2518e51000 r--s 00042000 08:15 13654704                   /home/nokorot/Workspace/Java/PS/PS 3.0.0/LWJGL3/lwjgl-bgfx-natives-linux.jar
7f2518e51000-7f2518e55000 r--s 0002a000 08:15 13654692                   /home/nokorot/Workspace/Java/PS/PS 3.0.0/LWJGL3/lwjgl-assimp.jar
7f2518e55000-7f2518e56000 r--s 002ae000 08:15 13654740                   /home/nokorot/Workspace/Java/PS/PS 3.0.0/LWJGL3/lwjgl-assimp-natives-linux.jar
7f2518e56000-7f2518e5a000 r--s 0003d000 08:15 13654827                   /home/nokorot/Workspace/Java/PS/PS 3.0.0/LWJGL3/lwjgl.jar
7f2518e5a000-7f2518e62000 rw-s 00000000 08:15 1325743                    /tmp/hsperfdata_nokorot/1671
7f2518e62000-7f2518e63000 rw-p 00000000 00:00 0 
7f2518e63000-7f2518e64000 r--p 00000000 00:00 0 
7f2518e64000-7f2518e66000 rw-p 00000000 00:00 0 
7f2518e66000-7f2518e67000 r--p 00025000 08:15 7082039                    /lib/x86_64-linux-gnu/ld-2.23.so
7f2518e67000-7f2518e68000 rw-p 00026000 08:15 7082039                    /lib/x86_64-linux-gnu/ld-2.23.so
7f2518e68000-7f2518e69000 rw-p 00000000 00:00 0 
7ffe4cfcd000-7ffe4cfef000 rw-p 00000000 00:00 0                          [stack]
7ffe4cff2000-7ffe4cff4000 r--p 00000000 00:00 0                          [vvar]
7ffe4cff4000-7ffe4cff6000 r-xp 00000000 00:00 0                          [vdso]
ffffffffff600000-ffffffffff601000 r-xp 00000000 00:00 0                  [vsyscall]

VM Arguments:
jvm_args: -Djava.library.path=/home/noko/workspace/Java/Test/Test/LWJGL3 -Dfile.encoding=UTF-8 
java_command: engineTest.Main
java_class_path (initial): /home/nokorot/Workspace/Java/PS/PS 3.0.0/bin:/home/nokorot/Workspace/Java/PS/PS 3.0.0/LWJGL3/lwjgl.jar:/home/nokorot/Workspace/Java/PS/PS 3.0.0/LWJGL3/lwjgl-assimp-natives-linux.jar:/home/nokorot/Workspace/Java/PS/PS 3.0.0/LWJGL3/lwjgl-assimp.jar:/home/nokorot/Workspace/Java/PS/PS 3.0.0/LWJGL3/lwjgl-bgfx-natives-linux.jar:/home/nokorot/Workspace/Java/PS/PS 3.0.0/LWJGL3/lwjgl-bgfx.jar:/home/nokorot/Workspace/Java/PS/PS 3.0.0/LWJGL3/lwjgl-egl-sources.jar:/home/nokorot/Workspace/Java/PS/PS 3.0.0/LWJGL3/lwjgl-egl.jar:/home/nokorot/Workspace/Java/PS/PS 3.0.0/LWJGL3/lwjgl-glfw-natives-linux.jar:/home/nokorot/Workspace/Java/PS/PS 3.0.0/LWJGL3/lwjgl-glfw.jar:/home/nokorot/Workspace/Java/PS/PS 3.0.0/LWJGL3/lwjgl-jawt-javadoc.jar:/home/nokorot/Workspace/Java/PS/PS 3.0.0/LWJGL3/lwjgl-jawt.jar:/home/nokorot/Workspace/Java/PS/PS 3.0.0/LWJGL3/lwjgl-jemalloc-natives-linux.jar:/home/nokorot/Workspace/Java/PS/PS 3.0.0/LWJGL3/lwjgl-jemalloc.jar:/home/nokorot/Workspace/Java/PS/PS 3.0.0/LWJGL3/lwjgl-lmdb-natives-linux.jar:/home/nokorot/Workspace/Java/PS/PS 3.0.0/LWJGL3/lwjgl-lmdb.jar:/home/nokorot/Workspace/Java/PS/PS 3.0.0/LWJGL3/lwjgl-nanovg-natives-linux.jar:/home/nokorot/Workspace/Java/PS/PS 3.0.0/LWJGL3/lwjgl-nanovg.jar:/home/nokorot/Workspace/Java/PS/PS 3.0.0/LWJGL3/lwjgl-natives-linux.jar:/home/nokorot/Workspace/Java/PS/PS 3.0.0/LWJGL3/lwjgl-nfd-natives-linux.jar:/home/nokorot/Workspace/Java/PS/PS 3.0.0/LWJGL3/lwjgl-nfd.jar:/home/nokorot/Workspace/Java/PS/PS 3.0.0/LWJGL3/lwjgl-nuklear-natives-linux.jar:/home/nokorot/Workspace/Java/PS/PS 3.0.0/LWJGL3/lwjgl-nuklear.jar:/home/nokorot/Workspace/Java/PS/PS 3.0.0/LWJGL3/lwjgl-openal-natives-linux.jar:/home/nokorot/Workspace/Java/PS/PS 3.0.0/LWJGL3/lwjgl-openal.jar:/home/nokorot/Workspace/Java/PS/PS 3.0.0/LWJGL3/lwjgl-opencl.jar:/home/nokorot/Workspace/Java/PS/PS 3.0.0/LWJGL3/lwjgl-opengl-natives-linux.jar:/home/nokorot/Workspace/Java/PS/PS 3.0.0/LWJGL3/lwjgl-opengl.jar:/home/nokorot/Workspace/Java/PS/PS 3.
Launcher Type: SUN_STANDARD

Environment Variables:
JAVA_HOME=/usr/lib/jvm/java-8-oracle
PATH=/home/nokorot/.cabal/bin:/opt/cabal/1.22/bin:/opt/ghc/7.10.3/bin:/home/nokorot/.bin:/home/nokorot/bin:/home/nokorot/.local/bin:/usr/local/sbin:/usr/local/bin:/usr/sbin:/usr/bin:/sbin:/bin:/usr/games:/usr/local/games:/snap/bin:/usr/lib/jvm/java-8-oracle/bin:/usr/lib/jvm/java-8-oracle/db/bin:/usr/lib/jvm/java-8-oracle/jre/bin
USERNAME=nokorot
SHELL=/bin/bash
DISPLAY=:1

Signal Handlers:
SIGSEGV: [libjvm.so+0xac64b0], sa_mask[0]=11111111011111111101111111111110, sa_flags=SA_RESTART|SA_SIGINFO
SIGBUS: [libjvm.so+0xac64b0], sa_mask[0]=11111111011111111101111111111110, sa_flags=SA_RESTART|SA_SIGINFO
SIGFPE: [libjvm.so+0x91f950], sa_mask[0]=11111111011111111101111111111110, sa_flags=SA_RESTART|SA_SIGINFO
SIGPIPE: [libjvm.so+0x91f950], sa_mask[0]=11111111011111111101111111111110, sa_flags=SA_RESTART|SA_SIGINFO
SIGXFSZ: [libjvm.so+0x91f950], sa_mask[0]=11111111011111111101111111111110, sa_flags=SA_RESTART|SA_SIGINFO
SIGILL: [libjvm.so+0x91f950], sa_mask[0]=11111111011111111101111111111110, sa_flags=SA_RESTART|SA_SIGINFO
SIGUSR1: SIG_DFL, sa_mask[0]=00000000000000000000000000000000, sa_flags=none
SIGUSR2: [libjvm.so+0x920f80], sa_mask[0]=00100000000000000000000000000000, sa_flags=SA_RESTART|SA_SIGINFO
SIGHUP: [libjvm.so+0x922380], sa_mask[0]=11111111011111111101111111111110, sa_flags=SA_RESTART|SA_SIGINFO
SIGINT: [libjvm.so+0x922380], sa_mask[0]=11111111011111111101111111111110, sa_flags=SA_RESTART|SA_SIGINFO
SIGTERM: [libjvm.so+0x922380], sa_mask[0]=11111111011111111101111111111110, sa_flags=SA_RESTART|SA_SIGINFO
SIGQUIT: [libjvm.so+0x922380], sa_mask[0]=11111111011111111101111111111110, sa_flags=SA_RESTART|SA_SIGINFO


---------------  S Y S T E M  ---------------

OS:DISTRIB_ID=Ubuntu
DISTRIB_RELEASE=16.04
DISTRIB_CODENAME=xenial
DISTRIB_DESCRIPTION="Ubuntu 16.04.1 LTS"

uname:Linux 4.4.0-59-generic #80-Ubuntu SMP Fri Jan 6 17:47:47 UTC 2017 x86_64
libc:glibc 2.23 NPTL 2.23 
rlimit: STACK 8192k, CORE 0k, NPROC 31349, NOFILE 65536, AS infinity
load average:0,68 0,88 0,88

/proc/meminfo:
MemTotal:        8065832 kB
MemFree:          239136 kB
MemAvailable:    2400620 kB
Buffers:          194408 kB
Cached:          3017592 kB
SwapCached:         1256 kB
Active:          5480168 kB
Inactive:        1968132 kB
Active(anon):    3997080 kB
Inactive(anon):  1159224 kB
Active(file):    1483088 kB
Inactive(file):   808908 kB
Unevictable:         496 kB
Mlocked:             496 kB
SwapTotal:       1951740 kB
SwapFree:        1924648 kB
Dirty:              2652 kB
Writeback:             0 kB
AnonPages:       4235668 kB
Mapped:           845708 kB
Shmem:            920004 kB
Slab:             224480 kB
SReclaimable:     174384 kB
SUnreclaim:        50096 kB
KernelStack:       14608 kB
PageTables:        67748 kB
NFS_Unstable:          0 kB
Bounce:                0 kB
WritebackTmp:          0 kB
CommitLimit:     5984656 kB
Committed_AS:   11457408 kB
VmallocTotal:   34359738367 kB
VmallocUsed:           0 kB
VmallocChunk:          0 kB
HardwareCorrupted:     0 kB
AnonHugePages:   2119680 kB
CmaTotal:              0 kB
CmaFree:               0 kB
HugePages_Total:       0
HugePages_Free:        0
HugePages_Rsvd:        0
HugePages_Surp:        0
Hugepagesize:       2048 kB
DirectMap4k:      255272 kB
DirectMap2M:     8024064 kB


CPU:total 4 (2 cores per cpu, 2 threads per core) family 6 model 58 stepping 9, cmov, cx8, fxsr, mmx, sse, sse2, sse3, ssse3, sse4.1, sse4.2, popcnt, avx, aes, clmul, erms, ht, tsc, tscinvbit, tscinv

/proc/cpuinfo:
processor	: 0
vendor_id	: GenuineIntel
cpu family	: 6
model		: 58
model name	: Intel(R) Core(TM) i5-3210M CPU @ 2.50GHz
stepping	: 9
microcode	: 0x15
cpu MHz		: 2938.085
cache size	: 3072 KB
physical id	: 0
siblings	: 4
core id		: 0
cpu cores	: 2
apicid		: 0
initial apicid	: 0
fpu		: yes
fpu_exception	: yes
cpuid level	: 13
wp		: yes
flags		: fpu vme de pse tsc msr pae mce cx8 apic sep mtrr pge mca cmov pat pse36 clflush dts acpi mmx fxsr sse sse2 ss ht tm pbe syscall nx rdtscp lm constant_tsc arch_perfmon pebs bts rep_good nopl xtopology nonstop_tsc aperfmperf eagerfpu pni pclmulqdq dtes64 monitor ds_cpl vmx est tm2 ssse3 cx16 xtpr pdcm pcid sse4_1 sse4_2 x2apic popcnt tsc_deadline_timer aes xsave avx f16c rdrand lahf_lm epb tpr_shadow vnmi flexpriority ept vpid fsgsbase smep erms xsaveopt dtherm ida arat pln pts
bugs		:
bogomips	: 4989.04
clflush size	: 64
cache_alignment	: 64
address sizes	: 36 bits physical, 48 bits virtual
power management:

processor	: 1
vendor_id	: GenuineIntel
cpu family	: 6
model		: 58
model name	: Intel(R) Core(TM) i5-3210M CPU @ 2.50GHz
stepping	: 9
microcode	: 0x15
cpu MHz		: 2899.902
cache size	: 3072 KB
physical id	: 0
siblings	: 4
core id		: 1
cpu cores	: 2
apicid		: 2
initial apicid	: 2
fpu		: yes
fpu_exception	: yes
cpuid level	: 13
wp		: yes
flags		: fpu vme de pse tsc msr pae mce cx8 apic sep mtrr pge mca cmov pat pse36 clflush dts acpi mmx fxsr sse sse2 ss ht tm pbe syscall nx rdtscp lm constant_tsc arch_perfmon pebs bts rep_good nopl xtopology nonstop_tsc aperfmperf eagerfpu pni pclmulqdq dtes64 monitor ds_cpl vmx est tm2 ssse3 cx16 xtpr pdcm pcid sse4_1 sse4_2 x2apic popcnt tsc_deadline_timer aes xsave avx f16c rdrand lahf_lm epb tpr_shadow vnmi flexpriority ept vpid fsgsbase smep erms xsaveopt dtherm ida arat pln pts
bugs		:
bogomips	: 4989.04
clflush size	: 64
cache_alignment	: 64
address sizes	: 36 bits physical, 48 bits virtual
power management:

processor	: 2
vendor_id	: GenuineIntel
cpu family	: 6
model		: 58
model name	: Intel(R) Core(TM) i5-3210M CPU @ 2.50GHz
stepping	: 9
microcode	: 0x15
cpu MHz		: 2916.503
cache size	: 3072 KB
physical id	: 0
siblings	: 4
core id		: 0
cpu cores	: 2
apicid		: 1
initial apicid	: 1
fpu		: yes
fpu_exception	: yes
cpuid level	: 13
wp		: yes
flags		: fpu vme de pse tsc msr pae mce cx8 apic sep mtrr pge mca cmov pat pse36 clflush dts acpi mmx fxsr sse sse2 ss ht tm pbe syscall nx rdtscp lm constant_tsc arch_perfmon pebs bts rep_good nopl xtopology nonstop_tsc aperfmperf eagerfpu pni pclmulqdq dtes64 monitor ds_cpl vmx est tm2 ssse3 cx16 xtpr pdcm pcid sse4_1 sse4_2 x2apic popcnt tsc_deadline_timer aes xsave avx f16c rdrand lahf_lm epb tpr_shadow vnmi flexpriority ept vpid fsgsbase smep erms xsaveopt dtherm ida arat pln pts
bugs		:
bogomips	: 4989.04
clflush size	: 64
cache_alignment	: 64
address sizes	: 36 bits physical, 48 bits virtual
power management:

processor	: 3
vendor_id	: GenuineIntel
cpu family	: 6
model		: 58
model name	: Intel(R) Core(TM) i5-3210M CPU @ 2.50GHz
stepping	: 9
microcode	: 0x15
cpu MHz		: 2900.000
cache size	: 3072 KB
physical id	: 0
siblings	: 4
core id		: 1
cpu cores	: 2
apicid		: 3
initial apicid	: 3
fpu		: yes
fpu_exception	: yes
cpuid level	: 13
wp		: yes
flags		: fpu vme de pse tsc msr pae mce cx8 apic sep mtrr pge mca cmov pat pse36 clflush dts acpi mmx fxsr sse sse2 ss ht tm pbe syscall nx rdtscp lm constant_tsc arch_perfmon pebs bts rep_good nopl xtopology nonstop_tsc aperfmperf eagerfpu pni pclmulqdq dtes64 monitor ds_cpl vmx est tm2 ssse3 cx16 xtpr pdcm pcid sse4_1 sse4_2 x2apic popcnt tsc_deadline_timer aes xsave avx f16c rdrand lahf_lm epb tpr_shadow vnmi flexpriority ept vpid fsgsbase smep erms xsaveopt dtherm ida arat pln pts
bugs		:
bogomips	: 4989.04
clflush size	: 64
cache_alignment	: 64
address sizes	: 36 bits physical, 48 bits virtual
power management:



Memory: 4k page, physical 8065832k(239136k free), swap 1951740k(1924648k free)

vm_info: Java HotSpot(TM) 64-Bit Server VM (25.111-b14) for linux-amd64 JRE (1.8.0_111-b14), built on Sep 22 2016 16:14:03 by "java_re" with gcc 4.3.0 20080428 (Red Hat 4.3.0-8)

time: Sun Feb  5 01:41:38 2017
elapsed time: 2 seconds (0d 0h 0m 2s)

