#
# A fatal error has been detected by the Java Runtime Environment:
#
#  SIGSEGV (0xb) at pc=0x00007fe7fb05123c, pid=1997, tid=0x00007fe84ed5e700
#
# JRE version: Java(TM) SE Runtime Environment (8.0_111-b14) (build 1.8.0_111-b14)
# Java VM: Java HotSpot(TM) 64-Bit Server VM (25.111-b14 mixed mode linux-amd64 compressed oops)
# Problematic frame:
# C  [liblwjgl_opengl.so+0x4d23c]  Java_org_lwjgl_opengl_GL11_nglGenTextures__IJ+0xc
#
# Failed to write core dump. Core dumps have been disabled. To enable core dumping, try "ulimit -c unlimited" before starting Java again
#
# If you would like to submit a bug report, please visit:
#   http://bugreport.java.com/bugreport/crash.jsp
# The crash happened outside the Java Virtual Machine in native code.
# See problematic frame for where to report the bug.
#

---------------  T H R E A D  ---------------

Current thread (0x00007fe84800b000):  JavaThread "main" [_thread_in_native, id=2000, stack(0x00007fe84ec5e000,0x00007fe84ed5f000)]

siginfo: si_signo: 11 (SIGSEGV), si_code: 1 (SEGV_MAPERR), si_addr: 0x0000000000000f00

Registers:
RAX=0x0000000000000000, RBX=0x00007fe833b616c0, RCX=0x00007fe848479dcc, RDX=0x0000000000000001
RSP=0x00007fe84ed5d498, RBP=0x00007fe84ed5d4f8, RSI=0x00007fe848479dcc, RDI=0x0000000000000001
R8 =0x0000000000000000, R9 =0x0000000000000004, R10=0x00007fe838beaa08, R11=0x00007fe84db3ca70
R12=0x0000000000000000, R13=0x00007fe833b616c0, R14=0x00007fe84ed5d528, R15=0x00007fe84800b000
RIP=0x00007fe7fb05123c, EFLAGS=0x0000000000010287, CSGSFS=0x0000000000000033, ERR=0x0000000000000004
  TRAPNO=0x000000000000000e

Top of Stack: (sp=0x00007fe84ed5d498)
0x00007fe84ed5d498:   00007fe838beaa34 00007fe84ed5d4f8
0x00007fe84ed5d4a8:   00007fe838bea7c7 00007fe838bea782
0x00007fe84ed5d4b8:   00007fe84ed5d4b8 00007fe833b616c0
0x00007fe84ed5d4c8:   00007fe84ed5d528 00007fe833b8b848
0x00007fe84ed5d4d8:   0000000000000000 00007fe833b616c0
0x00007fe84ed5d4e8:   0000000000000000 00007fe84ed5d518
0x00007fe84ed5d4f8:   00007fe84ed5d570 00007fe838bdb2bd
0x00007fe84ed5d508:   00000000d76063f0 00007fe838be4538
0x00007fe84ed5d518:   00007fe848479dcc 00000000d7857cc8
0x00007fe84ed5d528:   0000000000000001 00007fe84ed5d530
0x00007fe84ed5d538:   00007fe833b61814 00007fe84ed5d5a0
0x00007fe84ed5d548:   00007fe833b8b848 0000000000000000
0x00007fe84ed5d558:   00007fe833b61878 00007fe84ed5d518
0x00007fe84ed5d568:   00007fe84ed5d5b0 00007fe84ed5d740
0x00007fe84ed5d578:   00007fe838dbcc6c 0000000000000000
0x00007fe84ed5d588:   0000000000000000 00000000d7857cc8
0x00007fe84ed5d598:   0000000000008000 00000000d78106b0
0x00007fe84ed5d5a8:   00007fe838dbcc6c 00000000000000a3
0x00007fe84ed5d5b8:   00007fe8339b8148 00007fe84ed5d660
0x00007fe84ed5d5c8:   00007fe84db3ba95 00007fe84ed5d680
0x00007fe84ed5d5d8:   00007fe838bf243e 00007fe838bd85d0
0x00007fe84ed5d5e8:   00007fe800000000 00007fe84ed5d6c0
0x00007fe84ed5d5f8:   00007fe84ed5d680 0000000000000000
0x00007fe84ed5d608:   0000000000000000 0000000000000000
0x00007fe84ed5d618:   0000000000000000 00007fe800000000
0x00007fe84ed5d628:   00007fe838bf2399 00007fe838bd85d0
0x00007fe84ed5d638:   000000000000002b 0000000000000000
0x00007fe84ed5d648:   00007fe838dbaf50 00007fe84ed5d6f8
0x00007fe84ed5d658:   00007fe84800b000 00007fe84ed5d6c0
0x00007fe84ed5d668:   00007fe838bf2472 0000009a0000018a
0x00007fe84ed5d678:   00000000d75bfc38 00000000d7619970
0x00007fe84ed5d688:   00000000d73a7d90 00000000d75bfc38 

Instructions: (pc=0x00007fe7fb05123c)
0x00007fe7fb05121c:   48 8b 80 d8 09 00 00 ff e0 66 66 2e 0f 1f 84 00
0x00007fe7fb05122c:   00 00 00 00 48 8b 07 48 89 ce 89 d7 48 8b 40 18
0x00007fe7fb05123c:   48 8b 80 00 0f 00 00 ff e0 66 66 2e 0f 1f 84 00
0x00007fe7fb05124c:   00 00 00 00 48 8b 07 89 d7 48 8b 40 18 48 8b 80 

Register to memory mapping:

RAX=0x0000000000000000 is an unknown value
RBX={method} {0x00007fe833b616c0} 'nglGenTextures' '(IJ)V' in 'org/lwjgl/opengl/GL11'
RCX=0x00007fe848479dcc is an unknown value
RDX=0x0000000000000001 is an unknown value
RSP=0x00007fe84ed5d498 is pointing into the stack for thread: 0x00007fe84800b000
RBP=0x00007fe84ed5d4f8 is pointing into the stack for thread: 0x00007fe84800b000
RSI=0x00007fe848479dcc is an unknown value
RDI=0x0000000000000001 is an unknown value
R8 =0x0000000000000000 is an unknown value
R9 =0x0000000000000004 is an unknown value
R10=0x00007fe838beaa08 is at code_begin+808 in an Interpreter codelet
method entry point (kind = native)  [0x00007fe838bea6e0, 0x00007fe838beafe0]  2304 bytes
R11=0x00007fe84db3ca70: <offset 0x9c2a70> in /usr/lib/jvm/java-8-oracle/jre/lib/amd64/server/libjvm.so at 0x00007fe84d17a000
R12=0x0000000000000000 is an unknown value
R13={method} {0x00007fe833b616c0} 'nglGenTextures' '(IJ)V' in 'org/lwjgl/opengl/GL11'
R14=0x00007fe84ed5d528 is pointing into the stack for thread: 0x00007fe84800b000
R15=0x00007fe84800b000 is a thread


Stack: [0x00007fe84ec5e000,0x00007fe84ed5f000],  sp=0x00007fe84ed5d498,  free space=1021k
Native frames: (J=compiled Java code, j=interpreted, Vv=VM code, C=native code)
C  [liblwjgl_opengl.so+0x4d23c]  Java_org_lwjgl_opengl_GL11_nglGenTextures__IJ+0xc
j  org.lwjgl.opengl.GL11.glGenTextures()I+20
J 360% C1 textures.TextureUtils.loadTexture(Ljava/awt/image/BufferedImage;)Ltextures/Texture; (297 bytes) @ 0x00007fe838dbcc6c [0x00007fe838dbb360+0x190c]
j  textures.TextureUtils.loadTexture(Ljava/lang/String;)Ltextures/Texture;+38
j  fontRendering.TextMaster.loadFontAtlas(Ljava/lang/String;)I+25
j  fontRendering.TextMaster.newFontType(Ljava/lang/String;Ljava/lang/String;Ljava/lang/String;)LfontMeshCreator/FontType;+5
j  fontRendering.TextMaster.getFontType(Ljava/lang/String;)LfontMeshCreator/FontType;+28
j  fontRendering.FontMaterial.loadFile(Ljava/lang/String;)LfontRendering/FontMaterial;+303
j  engineTest.Main.main([Ljava/lang/String;)V+2
v  ~StubRoutines::call_stub
V  [libjvm.so+0x690206]  JavaCalls::call_helper(JavaValue*, methodHandle*, JavaCallArguments*, Thread*)+0x1056
V  [libjvm.so+0x6d1612]  jni_invoke_static(JNIEnv_*, JavaValue*, _jobject*, JNICallType, _jmethodID*, JNI_ArgumentPusher*, Thread*)+0x362
V  [libjvm.so+0x6ede7a]  jni_CallStaticVoidMethod+0x17a
C  [libjli.so+0x7bdf]  JavaMain+0x81f
C  [libpthread.so.0+0x76ba]  start_thread+0xca

Java frames: (J=compiled Java code, j=interpreted, Vv=VM code)
j  org.lwjgl.opengl.GL11.nglGenTextures(IJ)V+0
j  org.lwjgl.opengl.GL11.glGenTextures()I+20
J 360% C1 textures.TextureUtils.loadTexture(Ljava/awt/image/BufferedImage;)Ltextures/Texture; (297 bytes) @ 0x00007fe838dbcc6c [0x00007fe838dbb360+0x190c]
j  textures.TextureUtils.loadTexture(Ljava/lang/String;)Ltextures/Texture;+38
j  fontRendering.TextMaster.loadFontAtlas(Ljava/lang/String;)I+25
j  fontRendering.TextMaster.newFontType(Ljava/lang/String;Ljava/lang/String;Ljava/lang/String;)LfontMeshCreator/FontType;+5
j  fontRendering.TextMaster.getFontType(Ljava/lang/String;)LfontMeshCreator/FontType;+28
j  fontRendering.FontMaterial.loadFile(Ljava/lang/String;)LfontRendering/FontMaterial;+303
j  engineTest.Main.main([Ljava/lang/String;)V+2
v  ~StubRoutines::call_stub

---------------  P R O C E S S  ---------------

Java Threads: ( => current thread )
  0x00007fe8482db800 JavaThread "Java2D Disposer" daemon [_thread_blocked, id=2017, stack(0x00007fe8300aa000,0x00007fe8301ab000)]
  0x00007fe8480d4800 JavaThread "Service Thread" daemon [_thread_blocked, id=2014, stack(0x00007fe831793000,0x00007fe831894000)]
  0x00007fe8480bf800 JavaThread "C1 CompilerThread2" daemon [_thread_blocked, id=2013, stack(0x00007fe831894000,0x00007fe831995000)]
  0x00007fe8480bd800 JavaThread "C2 CompilerThread1" daemon [_thread_blocked, id=2012, stack(0x00007fe831995000,0x00007fe831a96000)]
  0x00007fe8480bb000 JavaThread "C2 CompilerThread0" daemon [_thread_in_native, id=2011, stack(0x00007fe831a96000,0x00007fe831b97000)]
  0x00007fe8480b9800 JavaThread "Signal Dispatcher" daemon [_thread_blocked, id=2010, stack(0x00007fe831b97000,0x00007fe831c98000)]
  0x00007fe848085000 JavaThread "Finalizer" daemon [_thread_blocked, id=2009, stack(0x00007fe8320ef000,0x00007fe8321f0000)]
  0x00007fe848080800 JavaThread "Reference Handler" daemon [_thread_blocked, id=2008, stack(0x00007fe8321f0000,0x00007fe8322f1000)]
=>0x00007fe84800b000 JavaThread "main" [_thread_in_native, id=2000, stack(0x00007fe84ec5e000,0x00007fe84ed5f000)]

Other Threads:
  0x00007fe848079000 VMThread [stack: 0x00007fe8322f1000,0x00007fe8323f2000] [id=2007]
  0x00007fe8480df800 WatcherThread [stack: 0x00007fe831692000,0x00007fe831793000] [id=2015]

VM state:not at safepoint (normal execution)

VM Mutex/Monitor currently owned by a thread: None

Heap:
 PSYoungGen      total 36864K, used 9060K [0x00000000d6f80000, 0x00000000d9880000, 0x0000000100000000)
  eden space 31744K, 28% used [0x00000000d6f80000,0x00000000d7859090,0x00000000d8e80000)
  from space 5120K, 0% used [0x00000000d9380000,0x00000000d9380000,0x00000000d9880000)
  to   space 5120K, 0% used [0x00000000d8e80000,0x00000000d8e80000,0x00000000d9380000)
 ParOldGen       total 84992K, used 0K [0x0000000084e00000, 0x000000008a100000, 0x00000000d6f80000)
  object space 84992K, 0% used [0x0000000084e00000,0x0000000084e00000,0x000000008a100000)
 Metaspace       used 7850K, capacity 7974K, committed 8192K, reserved 1056768K
  class space    used 865K, capacity 950K, committed 1024K, reserved 1048576K

Card table byte_map: [0x00007fe838439000,0x00007fe838813000] byte_map_base: 0x00007fe838012000

Marking Bits: (ParMarkBitMap*) 0x00007fe84e13d220
 Begin Bits: [0x00007fe834115000, 0x00007fe835fdd000)
 End Bits:   [0x00007fe835fdd000, 0x00007fe837ea5000)

Polling page: 0x00007fe84ed8c000

CodeCache: size=245760Kb used=2173Kb max_used=2182Kb free=243586Kb
 bounds [0x00007fe838bd3000, 0x00007fe838e43000, 0x00007fe847bd3000]
 total_blobs=833 nmethods=442 adapters=305
 compilation: enabled

Compilation events (10 events):
Event: 0,463 Thread 0x00007fe8480bf800  435       3       java.lang.CharacterDataLatin1::toUpperCase (53 bytes)
Event: 0,464 Thread 0x00007fe8480bf800 nmethod 435 0x00007fe838debed0 code [0x00007fe838dec040, 0x00007fe838dec310]
Event: 0,464 Thread 0x00007fe8480bf800  436       3       java.util.concurrent.ConcurrentHashMap::putIfAbsent (8 bytes)
Event: 0,464 Thread 0x00007fe8480bf800 nmethod 436 0x00007fe838debad0 code [0x00007fe838debc40, 0x00007fe838debe48]
Event: 0,465 Thread 0x00007fe8480bf800  437       1       sun.misc.URLClassPath$JarLoader::access$600 (5 bytes)
Event: 0,465 Thread 0x00007fe8480bf800 nmethod 437 0x00007fe838deb810 code [0x00007fe838deb960, 0x00007fe838deba50]
Event: 0,466 Thread 0x00007fe8480bf800  438       3       java.lang.String::equalsIgnoreCase (48 bytes)
Event: 0,466 Thread 0x00007fe8480bf800 nmethod 438 0x00007fe838deb250 code [0x00007fe838deb3c0, 0x00007fe838deb708]
Event: 0,471 Thread 0x00007fe8480bd800  439       4       java.lang.String::startsWith (7 bytes)
Event: 0,472 Thread 0x00007fe8480bb000  441       4       java.lang.String::replace (127 bytes)

GC Heap History (0 events):
No events

Deoptimization events (2 events):
Event: 0,239 Thread 0x00007fe84800b000 Uncommon trap: reason=null_check action=make_not_entrant pc=0x00007fe838d3f704 method=java.lang.String.equals(Ljava/lang/Object;)Z @ 8
Event: 0,424 Thread 0x00007fe84800b000 Uncommon trap: reason=unstable_if action=reinterpret pc=0x00007fe838d8a260 method=java.lang.String.indexOf([CII[CIII)I @ 134

Internal exceptions (10 events):
Event: 0,091 Thread 0x00007fe84800b000 Exception <a 'java/security/PrivilegedActionException'> (0x00000000d7012120) thrown at [/HUDSON3/workspace/8-2-build-linux-amd64/jdk8u111/7883/hotspot/src/share/vm/prims/jvm.cpp, line 1386]
Event: 0,091 Thread 0x00007fe84800b000 Exception <a 'java/security/PrivilegedActionException'> (0x00000000d7014560) thrown at [/HUDSON3/workspace/8-2-build-linux-amd64/jdk8u111/7883/hotspot/src/share/vm/prims/jvm.cpp, line 1386]
Event: 0,091 Thread 0x00007fe84800b000 Exception <a 'java/security/PrivilegedActionException'> (0x00000000d7014770) thrown at [/HUDSON3/workspace/8-2-build-linux-amd64/jdk8u111/7883/hotspot/src/share/vm/prims/jvm.cpp, line 1386]
Event: 0,158 Thread 0x00007fe84800b000 Exception <a 'java/lang/NoSuchFieldError': method resolution failed> (0x00000000d717fe70) thrown at [/HUDSON3/workspace/8-2-build-linux-amd64/jdk8u111/7883/hotspot/src/share/vm/prims/methodHandles.cpp, line 1146]
Event: 0,160 Thread 0x00007fe84800b000 Exception <a 'java/lang/NoSuchFieldError': method resolution failed> (0x00000000d718d640) thrown at [/HUDSON3/workspace/8-2-build-linux-amd64/jdk8u111/7883/hotspot/src/share/vm/prims/methodHandles.cpp, line 1146]
Event: 0,191 Thread 0x00007fe84800b000 Exception <a 'java/io/FileNotFoundException'> (0x00000000d720d8b0) thrown at [/HUDSON3/workspace/8-2-build-linux-amd64/jdk8u111/7883/hotspot/src/share/vm/prims/jni.cpp, line 709]
Event: 0,191 Thread 0x00007fe84800b000 Exception <a 'java/io/FileNotFoundException'> (0x00000000d720e268) thrown at [/HUDSON3/workspace/8-2-build-linux-amd64/jdk8u111/7883/hotspot/src/share/vm/prims/jni.cpp, line 709]
Event: 0,239 Thread 0x00007fe84800b000 Implicit null exception at 0x00007fe838d3f522 to 0x00007fe838d3f6f5
Event: 0,454 Thread 0x00007fe84800b000 Exception <a 'sun/nio/fs/UnixException'> (0x00000000d77e8b90) thrown at [/HUDSON3/workspace/8-2-build-linux-amd64/jdk8u111/7883/hotspot/src/share/vm/prims/jni.cpp, line 709]
Event: 0,455 Thread 0x00007fe84800b000 Exception <a 'sun/nio/fs/UnixException'> (0x00000000d77e9ea8) thrown at [/HUDSON3/workspace/8-2-build-linux-amd64/jdk8u111/7883/hotspot/src/share/vm/prims/jni.cpp, line 709]

Events (10 events):
Event: 0,467 loading class java/nio/DirectDoubleBufferU
Event: 0,467 loading class java/nio/DirectDoubleBufferU done
Event: 0,468 loading class org/lwjgl/system/linux/DynamicLinkLoader
Event: 0,468 loading class org/lwjgl/system/linux/DynamicLinkLoader done
Event: 0,470 loading class org/lwjgl/opengl/GL$2
Event: 0,470 loading class org/lwjgl/opengl/GL$2 done
Event: 0,471 loading class org/lwjgl/opengl/GL$SharedLibraryGL
Event: 0,471 loading class org/lwjgl/opengl/GL$SharedLibraryGL done
Event: 0,472 loading class org/lwjgl/system/SharedLibrary$Delegate
Event: 0,472 loading class org/lwjgl/system/SharedLibrary$Delegate done


Dynamic libraries:
00400000-00401000 r-xp 00000000 08:15 12855452                           /usr/lib/jvm/java-8-oracle/bin/java
00600000-00601000 rw-p 00000000 08:15 12855452                           /usr/lib/jvm/java-8-oracle/bin/java
025d2000-025f3000 rw-p 00000000 00:00 0                                  [heap]
84e00000-8a100000 rw-p 00000000 00:00 0 
8a100000-d6f80000 ---p 00000000 00:00 0 
d6f80000-d9880000 rw-p 00000000 00:00 0 
d9880000-100000000 ---p 00000000 00:00 0 
100000000-100100000 rw-p 00000000 00:00 0 
100100000-140000000 ---p 00000000 00:00 0 
7fe7f4000000-7fe7f4021000 rw-p 00000000 00:00 0 
7fe7f4021000-7fe7f8000000 ---p 00000000 00:00 0 
7fe7f92ed000-7fe7f92fb000 r-xp 00000000 08:15 12321210                   /usr/lib/x86_64-linux-gnu/libdrm.so.2.4.0
7fe7f92fb000-7fe7f94fb000 ---p 0000e000 08:15 12321210                   /usr/lib/x86_64-linux-gnu/libdrm.so.2.4.0
7fe7f94fb000-7fe7f94fc000 r--p 0000e000 08:15 12321210                   /usr/lib/x86_64-linux-gnu/libdrm.so.2.4.0
7fe7f94fc000-7fe7f94fd000 rw-p 0000f000 08:15 12321210                   /usr/lib/x86_64-linux-gnu/libdrm.so.2.4.0
7fe7f94fd000-7fe7f9502000 r-xp 00000000 08:15 12329520                   /usr/lib/x86_64-linux-gnu/libXxf86vm.so.1.0.0
7fe7f9502000-7fe7f9701000 ---p 00005000 08:15 12329520                   /usr/lib/x86_64-linux-gnu/libXxf86vm.so.1.0.0
7fe7f9701000-7fe7f9702000 r--p 00004000 08:15 12329520                   /usr/lib/x86_64-linux-gnu/libXxf86vm.so.1.0.0
7fe7f9702000-7fe7f9703000 rw-p 00005000 08:15 12329520                   /usr/lib/x86_64-linux-gnu/libXxf86vm.so.1.0.0
7fe7f9703000-7fe7f9707000 r-xp 00000000 08:15 12330784                   /usr/lib/x86_64-linux-gnu/libxcb-dri2.so.0.0.0
7fe7f9707000-7fe7f9906000 ---p 00004000 08:15 12330784                   /usr/lib/x86_64-linux-gnu/libxcb-dri2.so.0.0.0
7fe7f9906000-7fe7f9907000 r--p 00003000 08:15 12330784                   /usr/lib/x86_64-linux-gnu/libxcb-dri2.so.0.0.0
7fe7f9907000-7fe7f9908000 rw-p 00004000 08:15 12330784                   /usr/lib/x86_64-linux-gnu/libxcb-dri2.so.0.0.0
7fe7f9908000-7fe7f991f000 r-xp 00000000 08:15 12330788                   /usr/lib/x86_64-linux-gnu/libxcb-glx.so.0.0.0
7fe7f991f000-7fe7f9b1e000 ---p 00017000 08:15 12330788                   /usr/lib/x86_64-linux-gnu/libxcb-glx.so.0.0.0
7fe7f9b1e000-7fe7f9b20000 r--p 00016000 08:15 12330788                   /usr/lib/x86_64-linux-gnu/libxcb-glx.so.0.0.0
7fe7f9b20000-7fe7f9b21000 rw-p 00018000 08:15 12330788                   /usr/lib/x86_64-linux-gnu/libxcb-glx.so.0.0.0
7fe7f9b21000-7fe7f9b22000 r-xp 00000000 08:15 12329465                   /usr/lib/x86_64-linux-gnu/libX11-xcb.so.1.0.0
7fe7f9b22000-7fe7f9d21000 ---p 00001000 08:15 12329465                   /usr/lib/x86_64-linux-gnu/libX11-xcb.so.1.0.0
7fe7f9d21000-7fe7f9d22000 r--p 00000000 08:15 12329465                   /usr/lib/x86_64-linux-gnu/libX11-xcb.so.1.0.0
7fe7f9d22000-7fe7f9d23000 rw-p 00001000 08:15 12329465                   /usr/lib/x86_64-linux-gnu/libX11-xcb.so.1.0.0
7fe7f9d23000-7fe7f9d28000 r-xp 00000000 08:15 12329486                   /usr/lib/x86_64-linux-gnu/libXfixes.so.3.1.0
7fe7f9d28000-7fe7f9f27000 ---p 00005000 08:15 12329486                   /usr/lib/x86_64-linux-gnu/libXfixes.so.3.1.0
7fe7f9f27000-7fe7f9f28000 r--p 00004000 08:15 12329486                   /usr/lib/x86_64-linux-gnu/libXfixes.so.3.1.0
7fe7f9f28000-7fe7f9f29000 rw-p 00005000 08:15 12329486                   /usr/lib/x86_64-linux-gnu/libXfixes.so.3.1.0
7fe7f9f29000-7fe7f9f2b000 r-xp 00000000 08:15 12329480                   /usr/lib/x86_64-linux-gnu/libXdamage.so.1.1.0
7fe7f9f2b000-7fe7fa12a000 ---p 00002000 08:15 12329480                   /usr/lib/x86_64-linux-gnu/libXdamage.so.1.1.0
7fe7fa12a000-7fe7fa12b000 r--p 00001000 08:15 12329480                   /usr/lib/x86_64-linux-gnu/libXdamage.so.1.1.0
7fe7fa12b000-7fe7fa12c000 rw-p 00002000 08:15 12329480                   /usr/lib/x86_64-linux-gnu/libXdamage.so.1.1.0
7fe7fa12c000-7fe7fa156000 r-xp 00000000 08:15 12320906                   /usr/lib/x86_64-linux-gnu/libglapi.so.0.0.0
7fe7fa156000-7fe7fa355000 ---p 0002a000 08:15 12320906                   /usr/lib/x86_64-linux-gnu/libglapi.so.0.0.0
7fe7fa355000-7fe7fa359000 r--p 00029000 08:15 12320906                   /usr/lib/x86_64-linux-gnu/libglapi.so.0.0.0
7fe7fa359000-7fe7fa35a000 rw-p 0002d000 08:15 12320906                   /usr/lib/x86_64-linux-gnu/libglapi.so.0.0.0
7fe7fa35a000-7fe7fa35b000 rw-p 00000000 00:00 0 
7fe7fa35b000-7fe7fa35c000 r-xp 00000000 08:15 12330832                   /usr/lib/x86_64-linux-gnu/libxshmfence.so.1.0.0
7fe7fa35c000-7fe7fa55c000 ---p 00001000 08:15 12330832                   /usr/lib/x86_64-linux-gnu/libxshmfence.so.1.0.0
7fe7fa55c000-7fe7fa55d000 r--p 00001000 08:15 12330832                   /usr/lib/x86_64-linux-gnu/libxshmfence.so.1.0.0
7fe7fa55d000-7fe7fa55e000 rw-p 00002000 08:15 12330832                   /usr/lib/x86_64-linux-gnu/libxshmfence.so.1.0.0
7fe7fa55e000-7fe7fa563000 r-xp 00000000 08:15 12330808                   /usr/lib/x86_64-linux-gnu/libxcb-sync.so.1.0.0
7fe7fa563000-7fe7fa763000 ---p 00005000 08:15 12330808                   /usr/lib/x86_64-linux-gnu/libxcb-sync.so.1.0.0
7fe7fa763000-7fe7fa764000 r--p 00005000 08:15 12330808                   /usr/lib/x86_64-linux-gnu/libxcb-sync.so.1.0.0
7fe7fa764000-7fe7fa765000 rw-p 00006000 08:15 12330808                   /usr/lib/x86_64-linux-gnu/libxcb-sync.so.1.0.0
7fe7fa765000-7fe7fa767000 r-xp 00000000 08:15 12330796                   /usr/lib/x86_64-linux-gnu/libxcb-present.so.0.0.0
7fe7fa767000-7fe7fa966000 ---p 00002000 08:15 12330796                   /usr/lib/x86_64-linux-gnu/libxcb-present.so.0.0.0
7fe7fa966000-7fe7fa967000 r--p 00001000 08:15 12330796                   /usr/lib/x86_64-linux-gnu/libxcb-present.so.0.0.0
7fe7fa967000-7fe7fa968000 rw-p 00002000 08:15 12330796                   /usr/lib/x86_64-linux-gnu/libxcb-present.so.0.0.0
7fe7fa968000-7fe7fa96a000 r-xp 00000000 08:15 12330786                   /usr/lib/x86_64-linux-gnu/libxcb-dri3.so.0.0.0
7fe7fa96a000-7fe7fab69000 ---p 00002000 08:15 12330786                   /usr/lib/x86_64-linux-gnu/libxcb-dri3.so.0.0.0
7fe7fab69000-7fe7fab6a000 r--p 00001000 08:15 12330786                   /usr/lib/x86_64-linux-gnu/libxcb-dri3.so.0.0.0
7fe7fab6a000-7fe7fab6b000 rw-p 00002000 08:15 12330786                   /usr/lib/x86_64-linux-gnu/libxcb-dri3.so.0.0.0
7fe7fab6b000-7fe7fab91000 r-xp 00000000 08:15 7082434                    /lib/x86_64-linux-gnu/libexpat.so.1.6.0
7fe7fab91000-7fe7fad91000 ---p 00026000 08:15 7082434                    /lib/x86_64-linux-gnu/libexpat.so.1.6.0
7fe7fad91000-7fe7fad93000 r--p 00026000 08:15 7082434                    /lib/x86_64-linux-gnu/libexpat.so.1.6.0
7fe7fad93000-7fe7fad94000 rw-p 00028000 08:15 7082434                    /lib/x86_64-linux-gnu/libexpat.so.1.6.0
7fe7fad94000-7fe7fae00000 r-xp 00000000 08:15 12588015                   /usr/lib/x86_64-linux-gnu/mesa/libGL.so.1.2.0
7fe7fae00000-7fe7fafff000 ---p 0006c000 08:15 12588015                   /usr/lib/x86_64-linux-gnu/mesa/libGL.so.1.2.0
7fe7fafff000-7fe7fb002000 r--p 0006b000 08:15 12588015                   /usr/lib/x86_64-linux-gnu/mesa/libGL.so.1.2.0
7fe7fb002000-7fe7fb003000 rw-p 0006e000 08:15 12588015                   /usr/lib/x86_64-linux-gnu/mesa/libGL.so.1.2.0
7fe7fb003000-7fe7fb004000 rw-p 00000000 00:00 0 
7fe7fb004000-7fe7fb06d000 r-xp 00000000 08:15 1466953                    /tmp/lwjglnokorot/3.1.1-build-16/liblwjgl_opengl.so
7fe7fb06d000-7fe7fb26c000 ---p 00069000 08:15 1466953                    /tmp/lwjglnokorot/3.1.1-build-16/liblwjgl_opengl.so
7fe7fb26c000-7fe7fb26d000 r--p 00068000 08:15 1466953                    /tmp/lwjglnokorot/3.1.1-build-16/liblwjgl_opengl.so
7fe7fb26d000-7fe7fb26e000 rw-p 00069000 08:15 1466953                    /tmp/lwjglnokorot/3.1.1-build-16/liblwjgl_opengl.so
7fe7fb26e000-7fe7fb284000 r-xp 00000000 08:15 7082441                    /lib/x86_64-linux-gnu/libgcc_s.so.1
7fe7fb284000-7fe7fb483000 ---p 00016000 08:15 7082441                    /lib/x86_64-linux-gnu/libgcc_s.so.1
7fe7fb483000-7fe7fb484000 rw-p 00015000 08:15 7082441                    /lib/x86_64-linux-gnu/libgcc_s.so.1
7fe7fb484000-7fe7fb4cf000 r-xp 00000000 08:15 1466950                    /tmp/lwjglnokorot/3.1.1-build-16/liblwjgl.so
7fe7fb4cf000-7fe7fb6cf000 ---p 0004b000 08:15 1466950                    /tmp/lwjglnokorot/3.1.1-build-16/liblwjgl.so
7fe7fb6cf000-7fe7fb6d0000 r--p 0004b000 08:15 1466950                    /tmp/lwjglnokorot/3.1.1-build-16/liblwjgl.so
7fe7fb6d0000-7fe7fb6d1000 rw-p 0004c000 08:15 1466950                    /tmp/lwjglnokorot/3.1.1-build-16/liblwjgl.so
7fe7fb6d1000-7fe7fb6e2000 r-xp 00000000 08:15 12980591                   /usr/lib/jvm/java-8-oracle/jre/lib/amd64/libnio.so
7fe7fb6e2000-7fe7fb8e1000 ---p 00011000 08:15 12980591                   /usr/lib/jvm/java-8-oracle/jre/lib/amd64/libnio.so
7fe7fb8e1000-7fe7fb8e2000 rw-p 00010000 08:15 12980591                   /usr/lib/jvm/java-8-oracle/jre/lib/amd64/libnio.so
7fe7fb8e2000-7fe7fbbe3000 rw-p 00000000 00:00 0 
7fe7fbbe3000-7fe7fbbf9000 r-xp 00000000 08:15 12980356                   /usr/lib/jvm/java-8-oracle/jre/lib/amd64/libnet.so
7fe7fbbf9000-7fe7fbdf9000 ---p 00016000 08:15 12980356                   /usr/lib/jvm/java-8-oracle/jre/lib/amd64/libnet.so
7fe7fbdf9000-7fe7fbdfa000 rw-p 00016000 08:15 12980356                   /usr/lib/jvm/java-8-oracle/jre/lib/amd64/libnet.so
7fe7fbdfa000-7fe7fbdff000 r-xp 00000000 08:15 12329482                   /usr/lib/x86_64-linux-gnu/libXdmcp.so.6.0.0
7fe7fbdff000-7fe7fbffe000 ---p 00005000 08:15 12329482                   /usr/lib/x86_64-linux-gnu/libXdmcp.so.6.0.0
7fe7fbffe000-7fe7fbfff000 r--p 00004000 08:15 12329482                   /usr/lib/x86_64-linux-gnu/libXdmcp.so.6.0.0
7fe7fbfff000-7fe7fc000000 rw-p 00005000 08:15 12329482                   /usr/lib/x86_64-linux-gnu/libXdmcp.so.6.0.0
7fe7fc000000-7fe7fc021000 rw-p 00000000 00:00 0 
7fe7fc021000-7fe800000000 ---p 00000000 00:00 0 
7fe800000000-7fe800021000 rw-p 00000000 00:00 0 
7fe800021000-7fe804000000 ---p 00000000 00:00 0 
7fe804000000-7fe804089000 rw-p 00000000 00:00 0 
7fe804089000-7fe808000000 ---p 00000000 00:00 0 
7fe808000000-7fe8081ba000 rw-p 00000000 00:00 0 
7fe8081ba000-7fe80c000000 ---p 00000000 00:00 0 
7fe80c000000-7fe80c021000 rw-p 00000000 00:00 0 
7fe80c021000-7fe810000000 ---p 00000000 00:00 0 
7fe810000000-7fe8100f6000 rw-p 00000000 00:00 0 
7fe8100f6000-7fe814000000 ---p 00000000 00:00 0 
7fe814000000-7fe814021000 rw-p 00000000 00:00 0 
7fe814021000-7fe818000000 ---p 00000000 00:00 0 
7fe818000000-7fe818021000 rw-p 00000000 00:00 0 
7fe818021000-7fe81c000000 ---p 00000000 00:00 0 
7fe81c000000-7fe81c021000 rw-p 00000000 00:00 0 
7fe81c021000-7fe820000000 ---p 00000000 00:00 0 
7fe820000000-7fe820021000 rw-p 00000000 00:00 0 
7fe820021000-7fe824000000 ---p 00000000 00:00 0 
7fe824000000-7fe824021000 rw-p 00000000 00:00 0 
7fe824021000-7fe828000000 ---p 00000000 00:00 0 
7fe828000000-7fe828021000 rw-p 00000000 00:00 0 
7fe828021000-7fe82c000000 ---p 00000000 00:00 0 
7fe82c000000-7fe82c021000 rw-p 00000000 00:00 0 
7fe82c021000-7fe830000000 ---p 00000000 00:00 0 
7fe8300aa000-7fe8300ad000 ---p 00000000 00:00 0 
7fe8300ad000-7fe8301ab000 rw-p 00000000 00:00 0 
7fe8301ab000-7fe8301ad000 r-xp 00000000 08:15 12329471                   /usr/lib/x86_64-linux-gnu/libXau.so.6.0.0
7fe8301ad000-7fe8303ad000 ---p 00002000 08:15 12329471                   /usr/lib/x86_64-linux-gnu/libXau.so.6.0.0
7fe8303ad000-7fe8303ae000 r--p 00002000 08:15 12329471                   /usr/lib/x86_64-linux-gnu/libXau.so.6.0.0
7fe8303ae000-7fe8303af000 rw-p 00003000 08:15 12329471                   /usr/lib/x86_64-linux-gnu/libXau.so.6.0.0
7fe8303af000-7fe8303d0000 r-xp 00000000 08:15 12330820                   /usr/lib/x86_64-linux-gnu/libxcb.so.1.1.0
7fe8303d0000-7fe8305cf000 ---p 00021000 08:15 12330820                   /usr/lib/x86_64-linux-gnu/libxcb.so.1.1.0
7fe8305cf000-7fe8305d0000 r--p 00020000 08:15 12330820                   /usr/lib/x86_64-linux-gnu/libxcb.so.1.1.0
7fe8305d0000-7fe8305d1000 rw-p 00021000 08:15 12330820                   /usr/lib/x86_64-linux-gnu/libxcb.so.1.1.0
7fe8305d1000-7fe8305e0000 r-xp 00000000 08:15 12329492                   /usr/lib/x86_64-linux-gnu/libXi.so.6.1.0
7fe8305e0000-7fe8307df000 ---p 0000f000 08:15 12329492                   /usr/lib/x86_64-linux-gnu/libXi.so.6.1.0
7fe8307df000-7fe8307e0000 r--p 0000e000 08:15 12329492                   /usr/lib/x86_64-linux-gnu/libXi.so.6.1.0
7fe8307e0000-7fe8307e1000 rw-p 0000f000 08:15 12329492                   /usr/lib/x86_64-linux-gnu/libXi.so.6.1.0
7fe8307e1000-7fe8307e6000 r-xp 00000000 08:15 12329510                   /usr/lib/x86_64-linux-gnu/libXtst.so.6.1.0
7fe8307e6000-7fe8309e5000 ---p 00005000 08:15 12329510                   /usr/lib/x86_64-linux-gnu/libXtst.so.6.1.0
7fe8309e5000-7fe8309e6000 r--p 00004000 08:15 12329510                   /usr/lib/x86_64-linux-gnu/libXtst.so.6.1.0
7fe8309e6000-7fe8309e7000 rw-p 00005000 08:15 12329510                   /usr/lib/x86_64-linux-gnu/libXtst.so.6.1.0
7fe8309e7000-7fe8309f0000 r-xp 00000000 08:15 12329504                   /usr/lib/x86_64-linux-gnu/libXrender.so.1.3.0
7fe8309f0000-7fe830bef000 ---p 00009000 08:15 12329504                   /usr/lib/x86_64-linux-gnu/libXrender.so.1.3.0
7fe830bef000-7fe830bf0000 r--p 00008000 08:15 12329504                   /usr/lib/x86_64-linux-gnu/libXrender.so.1.3.0
7fe830bf0000-7fe830bf1000 rw-p 00009000 08:15 12329504                   /usr/lib/x86_64-linux-gnu/libXrender.so.1.3.0
7fe830bf1000-7fe830d26000 r-xp 00000000 08:15 12329467                   /usr/lib/x86_64-linux-gnu/libX11.so.6.3.0
7fe830d26000-7fe830f26000 ---p 00135000 08:15 12329467                   /usr/lib/x86_64-linux-gnu/libX11.so.6.3.0
7fe830f26000-7fe830f27000 r--p 00135000 08:15 12329467                   /usr/lib/x86_64-linux-gnu/libX11.so.6.3.0
7fe830f27000-7fe830f2b000 rw-p 00136000 08:15 12329467                   /usr/lib/x86_64-linux-gnu/libX11.so.6.3.0
7fe830f2b000-7fe830f3c000 r-xp 00000000 08:15 12329484                   /usr/lib/x86_64-linux-gnu/libXext.so.6.4.0
7fe830f3c000-7fe83113b000 ---p 00011000 08:15 12329484                   /usr/lib/x86_64-linux-gnu/libXext.so.6.4.0
7fe83113b000-7fe83113c000 r--p 00010000 08:15 12329484                   /usr/lib/x86_64-linux-gnu/libXext.so.6.4.0
7fe83113c000-7fe83113d000 rw-p 00011000 08:15 12329484                   /usr/lib/x86_64-linux-gnu/libXext.so.6.4.0
7fe83113e000-7fe831142000 r--s 00097000 08:15 12855478                   /usr/lib/jvm/java-8-oracle/jre/lib/jsse.jar
7fe831142000-7fe831143000 r--s 00004000 08:15 13654818                   /home/nokorot/Workspace/Java/PS/PS 3.0.0/LWJGL3/lwjgl-xxhash.jar
7fe831143000-7fe831144000 r--s 00001000 08:15 13654817                   /home/nokorot/Workspace/Java/PS/PS 3.0.0/LWJGL3/lwjgl-xxhash-natives-linux.jar
7fe831144000-7fe83114d000 r--s 000a6000 08:15 13654825                   /home/nokorot/Workspace/Java/PS/PS 3.0.0/LWJGL3/lwjgl-vulkan.jar
7fe83114d000-7fe831152000 r--s 000ac000 08:15 13654824                   /home/nokorot/Workspace/Java/PS/PS 3.0.0/LWJGL3/lwjgl-vulkan-sources.jar
7fe831152000-7fe831153000 r--s 00001000 08:15 13654813                   /home/nokorot/Workspace/Java/PS/PS 3.0.0/LWJGL3/lwjgl-tinyfd.jar
7fe831153000-7fe831154000 r--s 00007000 08:15 13654815                   /home/nokorot/Workspace/Java/PS/PS 3.0.0/LWJGL3/lwjgl-tinyfd-natives-linux.jar
7fe831154000-7fe831157000 r--s 00012000 08:15 13654809                   /home/nokorot/Workspace/Java/PS/PS 3.0.0/LWJGL3/lwjgl-stb.jar
7fe831157000-7fe831158000 r--s 0002c000 08:15 13654808                   /home/nokorot/Workspace/Java/PS/PS 3.0.0/LWJGL3/lwjgl-stb-natives-linux.jar
7fe831158000-7fe831159000 r--s 00000000 08:15 13654803                   /home/nokorot/Workspace/Java/PS/PS 3.0.0/LWJGL3/lwjgl-sse.jar
7fe831159000-7fe83115a000 r--s 00000000 08:15 13654802                   /home/nokorot/Workspace/Java/PS/PS 3.0.0/LWJGL3/lwjgl-sse-natives-linux.jar
7fe83115a000-7fe83115c000 r--s 00058000 08:15 13654804                   /home/nokorot/Workspace/Java/PS/PS 3.0.0/LWJGL3/lwjgl-sse-javadoc.jar
7fe83115c000-7fe83115e000 r--s 00001000 08:15 13654799                   /home/nokorot/Workspace/Java/PS/PS 3.0.0/LWJGL3/lwjgl-par.jar
7fe83115e000-7fe831167000 r--s 000ba000 08:15 13654797                   /home/nokorot/Workspace/Java/PS/PS 3.0.0/LWJGL3/lwjgl-opengl.jar
7fe831167000-7fe8311bb000 r-xp 00000000 08:15 12980593                   /usr/lib/jvm/java-8-oracle/jre/lib/amd64/libawt_xawt.so
7fe8311bb000-7fe8313bb000 ---p 00054000 08:15 12980593                   /usr/lib/jvm/java-8-oracle/jre/lib/amd64/libawt_xawt.so
7fe8313bb000-7fe8313bf000 rw-p 00054000 08:15 12980593                   /usr/lib/jvm/java-8-oracle/jre/lib/amd64/libawt_xawt.so
7fe8313bf000-7fe8313c0000 rw-p 00000000 00:00 0 
7fe8313c0000-7fe831462000 r-xp 00000000 08:15 12980626                   /usr/lib/jvm/java-8-oracle/jre/lib/amd64/libawt.so
7fe831462000-7fe831662000 ---p 000a2000 08:15 12980626                   /usr/lib/jvm/java-8-oracle/jre/lib/amd64/libawt.so
7fe831662000-7fe83166e000 rw-p 000a2000 08:15 12980626                   /usr/lib/jvm/java-8-oracle/jre/lib/amd64/libawt.so
7fe83166e000-7fe831692000 rw-p 00000000 00:00 0 
7fe831692000-7fe831693000 ---p 00000000 00:00 0 
7fe831693000-7fe831793000 rw-p 00000000 00:00 0 
7fe831793000-7fe831796000 ---p 00000000 00:00 0 
7fe831796000-7fe831894000 rw-p 00000000 00:00 0 
7fe831894000-7fe831897000 ---p 00000000 00:00 0 
7fe831897000-7fe831995000 rw-p 00000000 00:00 0 
7fe831995000-7fe831998000 ---p 00000000 00:00 0 
7fe831998000-7fe831a96000 rw-p 00000000 00:00 0 
7fe831a96000-7fe831a99000 ---p 00000000 00:00 0 
7fe831a99000-7fe831b97000 rw-p 00000000 00:00 0 
7fe831b97000-7fe831b9a000 ---p 00000000 00:00 0 
7fe831b9a000-7fe831c98000 rw-p 00000000 00:00 0 
7fe831c98000-7fe8320ef000 r--p 00000000 08:15 12322328                   /usr/lib/locale/locale-archive
7fe8320ef000-7fe8320f2000 ---p 00000000 00:00 0 
7fe8320f2000-7fe8321f0000 rw-p 00000000 00:00 0 
7fe8321f0000-7fe8321f3000 ---p 00000000 00:00 0 
7fe8321f3000-7fe8322f1000 rw-p 00000000 00:00 0 
7fe8322f1000-7fe8322f2000 ---p 00000000 00:00 0 
7fe8322f2000-7fe833364000 rw-p 00000000 00:00 0 
7fe833364000-7fe83353c000 r--s 03d2a000 08:15 12855517                   /usr/lib/jvm/java-8-oracle/jre/lib/rt.jar
7fe83353c000-7fe833c3c000 rw-p 00000000 00:00 0 
7fe833c3c000-7fe833d3c000 ---p 00000000 00:00 0 
7fe833d3c000-7fe837ea5000 rw-p 00000000 00:00 0 
7fe837ea5000-7fe837ea6000 ---p 00000000 00:00 0 
7fe837ea6000-7fe837fa6000 rw-p 00000000 00:00 0 
7fe837fa6000-7fe837fa7000 ---p 00000000 00:00 0 
7fe837fa7000-7fe8380a7000 rw-p 00000000 00:00 0 
7fe8380a7000-7fe8380a8000 ---p 00000000 00:00 0 
7fe8380a8000-7fe8381d2000 rw-p 00000000 00:00 0 
7fe8381d2000-7fe838439000 ---p 00000000 00:00 0 
7fe838439000-7fe838463000 rw-p 00000000 00:00 0 
7fe838463000-7fe8386c9000 ---p 00000000 00:00 0 
7fe8386c9000-7fe8386df000 rw-p 00000000 00:00 0 
7fe8386df000-7fe838812000 ---p 00000000 00:00 0 
7fe838812000-7fe83881d000 rw-p 00000000 00:00 0 
7fe83881d000-7fe838bd3000 ---p 00000000 00:00 0 
7fe838bd3000-7fe838e43000 rwxp 00000000 00:00 0 
7fe838e43000-7fe847bd3000 ---p 00000000 00:00 0 
7fe847bd3000-7fe847bed000 r-xp 00000000 08:15 12980589                   /usr/lib/jvm/java-8-oracle/jre/lib/amd64/libzip.so
7fe847bed000-7fe847ded000 ---p 0001a000 08:15 12980589                   /usr/lib/jvm/java-8-oracle/jre/lib/amd64/libzip.so
7fe847ded000-7fe847dee000 rw-p 0001a000 08:15 12980589                   /usr/lib/jvm/java-8-oracle/jre/lib/amd64/libzip.so
7fe847dee000-7fe847df9000 r-xp 00000000 08:15 7082071                    /lib/x86_64-linux-gnu/libnss_files-2.23.so
7fe847df9000-7fe847ff8000 ---p 0000b000 08:15 7082071                    /lib/x86_64-linux-gnu/libnss_files-2.23.so
7fe847ff8000-7fe847ff9000 r--p 0000a000 08:15 7082071                    /lib/x86_64-linux-gnu/libnss_files-2.23.so
7fe847ff9000-7fe847ffa000 rw-p 0000b000 08:15 7082071                    /lib/x86_64-linux-gnu/libnss_files-2.23.so
7fe847ffa000-7fe848000000 rw-p 00000000 00:00 0 
7fe848000000-7fe848720000 rw-p 00000000 00:00 0 
7fe848720000-7fe84c000000 ---p 00000000 00:00 0 
7fe84c000000-7fe84c001000 r--s 00005000 08:15 13654795                   /home/nokorot/Workspace/Java/PS/PS 3.0.0/LWJGL3/lwjgl-par-natives-linux.jar
7fe84c001000-7fe84c007000 r--s 00048000 08:15 13654794                   /home/nokorot/Workspace/Java/PS/PS 3.0.0/LWJGL3/lwjgl-opengles.jar
7fe84c007000-7fe84c008000 r--s 00007000 08:15 13654792                   /home/nokorot/Workspace/Java/PS/PS 3.0.0/LWJGL3/lwjgl-opengles-natives-linux.jar
7fe84c008000-7fe84c009000 r--s 00015000 08:15 13654789                   /home/nokorot/Workspace/Java/PS/PS 3.0.0/LWJGL3/lwjgl-opengl-natives-linux.jar
7fe84c009000-7fe84c00c000 r--s 00023000 08:15 13654790                   /home/nokorot/Workspace/Java/PS/PS 3.0.0/LWJGL3/lwjgl-opencl.jar
7fe84c00c000-7fe84c00e000 r--s 00010000 08:15 13654776                   /home/nokorot/Workspace/Java/PS/PS 3.0.0/LWJGL3/lwjgl-openal.jar
7fe84c00e000-7fe84c00f000 r--s 0004a000 08:15 13654787                   /home/nokorot/Workspace/Java/PS/PS 3.0.0/LWJGL3/lwjgl-openal-natives-linux.jar
7fe84c00f000-7fe84c014000 r--s 00054000 08:15 13654782                   /home/nokorot/Workspace/Java/PS/PS 3.0.0/LWJGL3/lwjgl-nuklear.jar
7fe84c014000-7fe84c015000 r--s 0001f000 08:15 13654772                   /home/nokorot/Workspace/Java/PS/PS 3.0.0/LWJGL3/lwjgl-nuklear-natives-linux.jar
7fe84c015000-7fe84c016000 r--s 00001000 08:15 13654766                   /home/nokorot/Workspace/Java/PS/PS 3.0.0/LWJGL3/lwjgl-nfd.jar
7fe84c016000-7fe84c017000 r--s 00001000 08:15 13654764                   /home/nokorot/Workspace/Java/PS/PS 3.0.0/LWJGL3/lwjgl-nfd-natives-linux.jar
7fe84c017000-7fe84c018000 r--s 00011000 08:15 13654822                   /home/nokorot/Workspace/Java/PS/PS 3.0.0/LWJGL3/lwjgl-natives-linux.jar
7fe84c018000-7fe84c01a000 r--s 00008000 08:15 13654756                   /home/nokorot/Workspace/Java/PS/PS 3.0.0/LWJGL3/lwjgl-nanovg.jar
7fe84c01a000-7fe84c100000 rw-p 00000000 00:00 0 
7fe84c100000-7fe84c101000 ---p 00000000 00:00 0 
7fe84c101000-7fe84c201000 rw-p 00000000 00:00 0 
7fe84c201000-7fe84c20c000 r-xp 00000000 08:15 7082047                    /lib/x86_64-linux-gnu/libnss_nis-2.23.so
7fe84c20c000-7fe84c40b000 ---p 0000b000 08:15 7082047                    /lib/x86_64-linux-gnu/libnss_nis-2.23.so
7fe84c40b000-7fe84c40c000 r--p 0000a000 08:15 7082047                    /lib/x86_64-linux-gnu/libnss_nis-2.23.so
7fe84c40c000-7fe84c40d000 rw-p 0000b000 08:15 7082047                    /lib/x86_64-linux-gnu/libnss_nis-2.23.so
7fe84c40d000-7fe84c423000 r-xp 00000000 08:15 7082063                    /lib/x86_64-linux-gnu/libnsl-2.23.so
7fe84c423000-7fe84c622000 ---p 00016000 08:15 7082063                    /lib/x86_64-linux-gnu/libnsl-2.23.so
7fe84c622000-7fe84c623000 r--p 00015000 08:15 7082063                    /lib/x86_64-linux-gnu/libnsl-2.23.so
7fe84c623000-7fe84c624000 rw-p 00016000 08:15 7082063                    /lib/x86_64-linux-gnu/libnsl-2.23.so
7fe84c624000-7fe84c626000 rw-p 00000000 00:00 0 
7fe84c626000-7fe84c62e000 r-xp 00000000 08:15 7082065                    /lib/x86_64-linux-gnu/libnss_compat-2.23.so
7fe84c62e000-7fe84c82d000 ---p 00008000 08:15 7082065                    /lib/x86_64-linux-gnu/libnss_compat-2.23.so
7fe84c82d000-7fe84c82e000 r--p 00007000 08:15 7082065                    /lib/x86_64-linux-gnu/libnss_compat-2.23.so
7fe84c82e000-7fe84c82f000 rw-p 00008000 08:15 7082065                    /lib/x86_64-linux-gnu/libnss_compat-2.23.so
7fe84c82f000-7fe84c85a000 r-xp 00000000 08:15 12980616                   /usr/lib/jvm/java-8-oracle/jre/lib/amd64/libjava.so
7fe84c85a000-7fe84ca59000 ---p 0002b000 08:15 12980616                   /usr/lib/jvm/java-8-oracle/jre/lib/amd64/libjava.so
7fe84ca59000-7fe84ca5b000 rw-p 0002a000 08:15 12980616                   /usr/lib/jvm/java-8-oracle/jre/lib/amd64/libjava.so
7fe84ca5b000-7fe84ca68000 r-xp 00000000 08:15 12980358                   /usr/lib/jvm/java-8-oracle/jre/lib/amd64/libverify.so
7fe84ca68000-7fe84cc67000 ---p 0000d000 08:15 12980358                   /usr/lib/jvm/java-8-oracle/jre/lib/amd64/libverify.so
7fe84cc67000-7fe84cc69000 rw-p 0000c000 08:15 12980358                   /usr/lib/jvm/java-8-oracle/jre/lib/amd64/libverify.so
7fe84cc69000-7fe84cc70000 r-xp 00000000 08:15 7082046                    /lib/x86_64-linux-gnu/librt-2.23.so
7fe84cc70000-7fe84ce6f000 ---p 00007000 08:15 7082046                    /lib/x86_64-linux-gnu/librt-2.23.so
7fe84ce6f000-7fe84ce70000 r--p 00006000 08:15 7082046                    /lib/x86_64-linux-gnu/librt-2.23.so
7fe84ce70000-7fe84ce71000 rw-p 00007000 08:15 7082046                    /lib/x86_64-linux-gnu/librt-2.23.so
7fe84ce71000-7fe84cf79000 r-xp 00000000 08:15 7082058                    /lib/x86_64-linux-gnu/libm-2.23.so
7fe84cf79000-7fe84d178000 ---p 00108000 08:15 7082058                    /lib/x86_64-linux-gnu/libm-2.23.so
7fe84d178000-7fe84d179000 r--p 00107000 08:15 7082058                    /lib/x86_64-linux-gnu/libm-2.23.so
7fe84d179000-7fe84d17a000 rw-p 00108000 08:15 7082058                    /lib/x86_64-linux-gnu/libm-2.23.so
7fe84d17a000-7fe84de47000 r-xp 00000000 08:15 12980620                   /usr/lib/jvm/java-8-oracle/jre/lib/amd64/server/libjvm.so
7fe84de47000-7fe84e046000 ---p 00ccd000 08:15 12980620                   /usr/lib/jvm/java-8-oracle/jre/lib/amd64/server/libjvm.so
7fe84e046000-7fe84e11f000 rw-p 00ccc000 08:15 12980620                   /usr/lib/jvm/java-8-oracle/jre/lib/amd64/server/libjvm.so
7fe84e11f000-7fe84e16a000 rw-p 00000000 00:00 0 
7fe84e16a000-7fe84e329000 r-xp 00000000 08:15 7082051                    /lib/x86_64-linux-gnu/libc-2.23.so
7fe84e329000-7fe84e529000 ---p 001bf000 08:15 7082051                    /lib/x86_64-linux-gnu/libc-2.23.so
7fe84e529000-7fe84e52d000 r--p 001bf000 08:15 7082051                    /lib/x86_64-linux-gnu/libc-2.23.so
7fe84e52d000-7fe84e52f000 rw-p 001c3000 08:15 7082051                    /lib/x86_64-linux-gnu/libc-2.23.so
7fe84e52f000-7fe84e533000 rw-p 00000000 00:00 0 
7fe84e533000-7fe84e536000 r-xp 00000000 08:15 7082050                    /lib/x86_64-linux-gnu/libdl-2.23.so
7fe84e536000-7fe84e735000 ---p 00003000 08:15 7082050                    /lib/x86_64-linux-gnu/libdl-2.23.so
7fe84e735000-7fe84e736000 r--p 00002000 08:15 7082050                    /lib/x86_64-linux-gnu/libdl-2.23.so
7fe84e736000-7fe84e737000 rw-p 00003000 08:15 7082050                    /lib/x86_64-linux-gnu/libdl-2.23.so
7fe84e737000-7fe84e74c000 r-xp 00000000 08:15 12585246                   /usr/lib/jvm/java-8-oracle/lib/amd64/jli/libjli.so
7fe84e74c000-7fe84e94c000 ---p 00015000 08:15 12585246                   /usr/lib/jvm/java-8-oracle/lib/amd64/jli/libjli.so
7fe84e94c000-7fe84e94d000 rw-p 00015000 08:15 12585246                   /usr/lib/jvm/java-8-oracle/lib/amd64/jli/libjli.so
7fe84e94d000-7fe84e965000 r-xp 00000000 08:15 7082059                    /lib/x86_64-linux-gnu/libpthread-2.23.so
7fe84e965000-7fe84eb64000 ---p 00018000 08:15 7082059                    /lib/x86_64-linux-gnu/libpthread-2.23.so
7fe84eb64000-7fe84eb65000 r--p 00017000 08:15 7082059                    /lib/x86_64-linux-gnu/libpthread-2.23.so
7fe84eb65000-7fe84eb66000 rw-p 00018000 08:15 7082059                    /lib/x86_64-linux-gnu/libpthread-2.23.so
7fe84eb66000-7fe84eb6a000 rw-p 00000000 00:00 0 
7fe84eb6a000-7fe84eb90000 r-xp 00000000 08:15 7082039                    /lib/x86_64-linux-gnu/ld-2.23.so
7fe84eb90000-7fe84eb91000 r--s 0001f000 08:15 13654762                   /home/nokorot/Workspace/Java/PS/PS 3.0.0/LWJGL3/lwjgl-nanovg-natives-linux.jar
7fe84eb91000-7fe84eb93000 r--s 00005000 08:15 13654746                   /home/nokorot/Workspace/Java/PS/PS 3.0.0/LWJGL3/lwjgl-lmdb.jar
7fe84eb93000-7fe84ec5e000 rw-p 00000000 00:00 0 
7fe84ec5e000-7fe84ec61000 ---p 00000000 00:00 0 
7fe84ec61000-7fe84ed63000 rw-p 00000000 00:00 0 
7fe84ed63000-7fe84ed64000 r--s 0000d000 08:15 13654750                   /home/nokorot/Workspace/Java/PS/PS 3.0.0/LWJGL3/lwjgl-lmdb-natives-linux.jar
7fe84ed64000-7fe84ed66000 r--s 00007000 08:15 13654736                   /home/nokorot/Workspace/Java/PS/PS 3.0.0/LWJGL3/lwjgl-jemalloc.jar
7fe84ed66000-7fe84ed67000 r--s 00019000 08:15 13654734                   /home/nokorot/Workspace/Java/PS/PS 3.0.0/LWJGL3/lwjgl-jemalloc-natives-linux.jar
7fe84ed67000-7fe84ed68000 r--s 00005000 08:15 13654724                   /home/nokorot/Workspace/Java/PS/PS 3.0.0/LWJGL3/lwjgl-jawt.jar
7fe84ed68000-7fe84ed6a000 r--s 00066000 08:15 13654732                   /home/nokorot/Workspace/Java/PS/PS 3.0.0/LWJGL3/lwjgl-jawt-javadoc.jar
7fe84ed6a000-7fe84ed6d000 r--s 00015000 08:15 13654722                   /home/nokorot/Workspace/Java/PS/PS 3.0.0/LWJGL3/lwjgl-glfw.jar
7fe84ed6d000-7fe84ed6e000 r--s 0000e000 08:15 13654716                   /home/nokorot/Workspace/Java/PS/PS 3.0.0/LWJGL3/lwjgl-glfw-natives-linux.jar
7fe84ed6e000-7fe84ed72000 r--s 0001b000 08:15 13654708                   /home/nokorot/Workspace/Java/PS/PS 3.0.0/LWJGL3/lwjgl-egl.jar
7fe84ed72000-7fe84ed76000 r--s 0001e000 08:15 13654712                   /home/nokorot/Workspace/Java/PS/PS 3.0.0/LWJGL3/lwjgl-egl-sources.jar
7fe84ed76000-7fe84ed79000 r--s 0001f000 08:15 13654702                   /home/nokorot/Workspace/Java/PS/PS 3.0.0/LWJGL3/lwjgl-bgfx.jar
7fe84ed79000-7fe84ed7a000 r--s 00042000 08:15 13654704                   /home/nokorot/Workspace/Java/PS/PS 3.0.0/LWJGL3/lwjgl-bgfx-natives-linux.jar
7fe84ed7a000-7fe84ed7e000 r--s 0002a000 08:15 13654692                   /home/nokorot/Workspace/Java/PS/PS 3.0.0/LWJGL3/lwjgl-assimp.jar
7fe84ed7e000-7fe84ed7f000 r--s 002ae000 08:15 13654740                   /home/nokorot/Workspace/Java/PS/PS 3.0.0/LWJGL3/lwjgl-assimp-natives-linux.jar
7fe84ed7f000-7fe84ed83000 r--s 0003d000 08:15 13654827                   /home/nokorot/Workspace/Java/PS/PS 3.0.0/LWJGL3/lwjgl.jar
7fe84ed83000-7fe84ed8b000 rw-s 00000000 08:15 1325743                    /tmp/hsperfdata_nokorot/1997
7fe84ed8b000-7fe84ed8c000 rw-p 00000000 00:00 0 
7fe84ed8c000-7fe84ed8d000 r--p 00000000 00:00 0 
7fe84ed8d000-7fe84ed8f000 rw-p 00000000 00:00 0 
7fe84ed8f000-7fe84ed90000 r--p 00025000 08:15 7082039                    /lib/x86_64-linux-gnu/ld-2.23.so
7fe84ed90000-7fe84ed91000 rw-p 00026000 08:15 7082039                    /lib/x86_64-linux-gnu/ld-2.23.so
7fe84ed91000-7fe84ed92000 rw-p 00000000 00:00 0 
7ffe641ab000-7ffe641cd000 rw-p 00000000 00:00 0                          [stack]
7ffe641f4000-7ffe641f6000 r--p 00000000 00:00 0                          [vvar]
7ffe641f6000-7ffe641f8000 r-xp 00000000 00:00 0                          [vdso]
ffffffffff600000-ffffffffff601000 r-xp 00000000 00:00 0                  [vsyscall]

VM Arguments:
jvm_args: -Djava.library.path=/home/noko/workspace/Java/Test/Test/LWJGL3 -Dfile.encoding=UTF-8 
java_command: engineTest.Main
java_class_path (initial): /home/nokorot/Workspace/Java/PS/PS 3.0.0/bin:/home/nokorot/Workspace/Java/PS/PS 3.0.0/LWJGL3/lwjgl.jar:/home/nokorot/Workspace/Java/PS/PS 3.0.0/LWJGL3/lwjgl-assimp-natives-linux.jar:/home/nokorot/Workspace/Java/PS/PS 3.0.0/LWJGL3/lwjgl-assimp.jar:/home/nokorot/Workspace/Java/PS/PS 3.0.0/LWJGL3/lwjgl-bgfx-natives-linux.jar:/home/nokorot/Workspace/Java/PS/PS 3.0.0/LWJGL3/lwjgl-bgfx.jar:/home/nokorot/Workspace/Java/PS/PS 3.0.0/LWJGL3/lwjgl-egl-sources.jar:/home/nokorot/Workspace/Java/PS/PS 3.0.0/LWJGL3/lwjgl-egl.jar:/home/nokorot/Workspace/Java/PS/PS 3.0.0/LWJGL3/lwjgl-glfw-natives-linux.jar:/home/nokorot/Workspace/Java/PS/PS 3.0.0/LWJGL3/lwjgl-glfw.jar:/home/nokorot/Workspace/Java/PS/PS 3.0.0/LWJGL3/lwjgl-jawt-javadoc.jar:/home/nokorot/Workspace/Java/PS/PS 3.0.0/LWJGL3/lwjgl-jawt.jar:/home/nokorot/Workspace/Java/PS/PS 3.0.0/LWJGL3/lwjgl-jemalloc-natives-linux.jar:/home/nokorot/Workspace/Java/PS/PS 3.0.0/LWJGL3/lwjgl-jemalloc.jar:/home/nokorot/Workspace/Java/PS/PS 3.0.0/LWJGL3/lwjgl-lmdb-natives-linux.jar:/home/nokorot/Workspace/Java/PS/PS 3.0.0/LWJGL3/lwjgl-lmdb.jar:/home/nokorot/Workspace/Java/PS/PS 3.0.0/LWJGL3/lwjgl-nanovg-natives-linux.jar:/home/nokorot/Workspace/Java/PS/PS 3.0.0/LWJGL3/lwjgl-nanovg.jar:/home/nokorot/Workspace/Java/PS/PS 3.0.0/LWJGL3/lwjgl-natives-linux.jar:/home/nokorot/Workspace/Java/PS/PS 3.0.0/LWJGL3/lwjgl-nfd-natives-linux.jar:/home/nokorot/Workspace/Java/PS/PS 3.0.0/LWJGL3/lwjgl-nfd.jar:/home/nokorot/Workspace/Java/PS/PS 3.0.0/LWJGL3/lwjgl-nuklear-natives-linux.jar:/home/nokorot/Workspace/Java/PS/PS 3.0.0/LWJGL3/lwjgl-nuklear.jar:/home/nokorot/Workspace/Java/PS/PS 3.0.0/LWJGL3/lwjgl-openal-natives-linux.jar:/home/nokorot/Workspace/Java/PS/PS 3.0.0/LWJGL3/lwjgl-openal.jar:/home/nokorot/Workspace/Java/PS/PS 3.0.0/LWJGL3/lwjgl-opencl.jar:/home/nokorot/Workspace/Java/PS/PS 3.0.0/LWJGL3/lwjgl-opengl-natives-linux.jar:/home/nokorot/Workspace/Java/PS/PS 3.0.0/LWJGL3/lwjgl-opengl.jar:/home/nokorot/Workspace/Java/PS/PS 3.
Launcher Type: SUN_STANDARD

Environment Variables:
JAVA_HOME=/usr/lib/jvm/java-8-oracle
PATH=/home/nokorot/.cabal/bin:/opt/cabal/1.22/bin:/opt/ghc/7.10.3/bin:/home/nokorot/.bin:/home/nokorot/bin:/home/nokorot/.local/bin:/usr/local/sbin:/usr/local/bin:/usr/sbin:/usr/bin:/sbin:/bin:/usr/games:/usr/local/games:/snap/bin:/usr/lib/jvm/java-8-oracle/bin:/usr/lib/jvm/java-8-oracle/db/bin:/usr/lib/jvm/java-8-oracle/jre/bin
USERNAME=nokorot
SHELL=/bin/bash
DISPLAY=:1

Signal Handlers:
SIGSEGV: [libjvm.so+0xac64b0], sa_mask[0]=11111111011111111101111111111110, sa_flags=SA_RESTART|SA_SIGINFO
SIGBUS: [libjvm.so+0xac64b0], sa_mask[0]=11111111011111111101111111111110, sa_flags=SA_RESTART|SA_SIGINFO
SIGFPE: [libjvm.so+0x91f950], sa_mask[0]=11111111011111111101111111111110, sa_flags=SA_RESTART|SA_SIGINFO
SIGPIPE: [libjvm.so+0x91f950], sa_mask[0]=11111111011111111101111111111110, sa_flags=SA_RESTART|SA_SIGINFO
SIGXFSZ: [libjvm.so+0x91f950], sa_mask[0]=11111111011111111101111111111110, sa_flags=SA_RESTART|SA_SIGINFO
SIGILL: [libjvm.so+0x91f950], sa_mask[0]=11111111011111111101111111111110, sa_flags=SA_RESTART|SA_SIGINFO
SIGUSR1: SIG_DFL, sa_mask[0]=00000000000000000000000000000000, sa_flags=none
SIGUSR2: [libjvm.so+0x920f80], sa_mask[0]=00100000000000000000000000000000, sa_flags=SA_RESTART|SA_SIGINFO
SIGHUP: [libjvm.so+0x922380], sa_mask[0]=11111111011111111101111111111110, sa_flags=SA_RESTART|SA_SIGINFO
SIGINT: [libjvm.so+0x922380], sa_mask[0]=11111111011111111101111111111110, sa_flags=SA_RESTART|SA_SIGINFO
SIGTERM: [libjvm.so+0x922380], sa_mask[0]=11111111011111111101111111111110, sa_flags=SA_RESTART|SA_SIGINFO
SIGQUIT: [libjvm.so+0x922380], sa_mask[0]=11111111011111111101111111111110, sa_flags=SA_RESTART|SA_SIGINFO


---------------  S Y S T E M  ---------------

OS:DISTRIB_ID=Ubuntu
DISTRIB_RELEASE=16.04
DISTRIB_CODENAME=xenial
DISTRIB_DESCRIPTION="Ubuntu 16.04.1 LTS"

uname:Linux 4.4.0-59-generic #80-Ubuntu SMP Fri Jan 6 17:47:47 UTC 2017 x86_64
libc:glibc 2.23 NPTL 2.23 
rlimit: STACK 8192k, CORE 0k, NPROC 31349, NOFILE 65536, AS infinity
load average:1,28 0,95 0,91

/proc/meminfo:
MemTotal:        8065832 kB
MemFree:          290944 kB
MemAvailable:    2452172 kB
Buffers:          194428 kB
Cached:          3014004 kB
SwapCached:          256 kB
Active:          5422588 kB
Inactive:        1969772 kB
Active(anon):    3945712 kB
Inactive(anon):  1154664 kB
Active(file):    1476876 kB
Inactive(file):   815108 kB
Unevictable:         496 kB
Mlocked:             496 kB
SwapTotal:       1951740 kB
SwapFree:        1924648 kB
Dirty:               296 kB
Writeback:             0 kB
AnonPages:       4184284 kB
Mapped:           853760 kB
Shmem:            916448 kB
Slab:             224152 kB
SReclaimable:     174140 kB
SUnreclaim:        50012 kB
KernelStack:       14592 kB
PageTables:        67072 kB
NFS_Unstable:          0 kB
Bounce:                0 kB
WritebackTmp:          0 kB
CommitLimit:     5984656 kB
Committed_AS:   11442020 kB
VmallocTotal:   34359738367 kB
VmallocUsed:           0 kB
VmallocChunk:          0 kB
HardwareCorrupted:     0 kB
AnonHugePages:   2119680 kB
CmaTotal:              0 kB
CmaFree:               0 kB
HugePages_Total:       0
HugePages_Free:        0
HugePages_Rsvd:        0
HugePages_Surp:        0
Hugepagesize:       2048 kB
DirectMap4k:      255272 kB
DirectMap2M:     8024064 kB


CPU:total 4 (2 cores per cpu, 2 threads per core) family 6 model 58 stepping 9, cmov, cx8, fxsr, mmx, sse, sse2, sse3, ssse3, sse4.1, sse4.2, popcnt, avx, aes, clmul, erms, ht, tsc, tscinvbit, tscinv

/proc/cpuinfo:
processor	: 0
vendor_id	: GenuineIntel
cpu family	: 6
model		: 58
model name	: Intel(R) Core(TM) i5-3210M CPU @ 2.50GHz
stepping	: 9
microcode	: 0x15
cpu MHz		: 2900.000
cache size	: 3072 KB
physical id	: 0
siblings	: 4
core id		: 0
cpu cores	: 2
apicid		: 0
initial apicid	: 0
fpu		: yes
fpu_exception	: yes
cpuid level	: 13
wp		: yes
flags		: fpu vme de pse tsc msr pae mce cx8 apic sep mtrr pge mca cmov pat pse36 clflush dts acpi mmx fxsr sse sse2 ss ht tm pbe syscall nx rdtscp lm constant_tsc arch_perfmon pebs bts rep_good nopl xtopology nonstop_tsc aperfmperf eagerfpu pni pclmulqdq dtes64 monitor ds_cpl vmx est tm2 ssse3 cx16 xtpr pdcm pcid sse4_1 sse4_2 x2apic popcnt tsc_deadline_timer aes xsave avx f16c rdrand lahf_lm epb tpr_shadow vnmi flexpriority ept vpid fsgsbase smep erms xsaveopt dtherm ida arat pln pts
bugs		:
bogomips	: 4989.04
clflush size	: 64
cache_alignment	: 64
address sizes	: 36 bits physical, 48 bits virtual
power management:

processor	: 1
vendor_id	: GenuineIntel
cpu family	: 6
model		: 58
model name	: Intel(R) Core(TM) i5-3210M CPU @ 2.50GHz
stepping	: 9
microcode	: 0x15
cpu MHz		: 2900.000
cache size	: 3072 KB
physical id	: 0
siblings	: 4
core id		: 1
cpu cores	: 2
apicid		: 2
initial apicid	: 2
fpu		: yes
fpu_exception	: yes
cpuid level	: 13
wp		: yes
flags		: fpu vme de pse tsc msr pae mce cx8 apic sep mtrr pge mca cmov pat pse36 clflush dts acpi mmx fxsr sse sse2 ss ht tm pbe syscall nx rdtscp lm constant_tsc arch_perfmon pebs bts rep_good nopl xtopology nonstop_tsc aperfmperf eagerfpu pni pclmulqdq dtes64 monitor ds_cpl vmx est tm2 ssse3 cx16 xtpr pdcm pcid sse4_1 sse4_2 x2apic popcnt tsc_deadline_timer aes xsave avx f16c rdrand lahf_lm epb tpr_shadow vnmi flexpriority ept vpid fsgsbase smep erms xsaveopt dtherm ida arat pln pts
bugs		:
bogomips	: 4989.04
clflush size	: 64
cache_alignment	: 64
address sizes	: 36 bits physical, 48 bits virtual
power management:

processor	: 2
vendor_id	: GenuineIntel
cpu family	: 6
model		: 58
model name	: Intel(R) Core(TM) i5-3210M CPU @ 2.50GHz
stepping	: 9
microcode	: 0x15
cpu MHz		: 2899.902
cache size	: 3072 KB
physical id	: 0
siblings	: 4
core id		: 0
cpu cores	: 2
apicid		: 1
initial apicid	: 1
fpu		: yes
fpu_exception	: yes
cpuid level	: 13
wp		: yes
flags		: fpu vme de pse tsc msr pae mce cx8 apic sep mtrr pge mca cmov pat pse36 clflush dts acpi mmx fxsr sse sse2 ss ht tm pbe syscall nx rdtscp lm constant_tsc arch_perfmon pebs bts rep_good nopl xtopology nonstop_tsc aperfmperf eagerfpu pni pclmulqdq dtes64 monitor ds_cpl vmx est tm2 ssse3 cx16 xtpr pdcm pcid sse4_1 sse4_2 x2apic popcnt tsc_deadline_timer aes xsave avx f16c rdrand lahf_lm epb tpr_shadow vnmi flexpriority ept vpid fsgsbase smep erms xsaveopt dtherm ida arat pln pts
bugs		:
bogomips	: 4989.04
clflush size	: 64
cache_alignment	: 64
address sizes	: 36 bits physical, 48 bits virtual
power management:

processor	: 3
vendor_id	: GenuineIntel
cpu family	: 6
model		: 58
model name	: Intel(R) Core(TM) i5-3210M CPU @ 2.50GHz
stepping	: 9
microcode	: 0x15
cpu MHz		: 2899.902
cache size	: 3072 KB
physical id	: 0
siblings	: 4
core id		: 1
cpu cores	: 2
apicid		: 3
initial apicid	: 3
fpu		: yes
fpu_exception	: yes
cpuid level	: 13
wp		: yes
flags		: fpu vme de pse tsc msr pae mce cx8 apic sep mtrr pge mca cmov pat pse36 clflush dts acpi mmx fxsr sse sse2 ss ht tm pbe syscall nx rdtscp lm constant_tsc arch_perfmon pebs bts rep_good nopl xtopology nonstop_tsc aperfmperf eagerfpu pni pclmulqdq dtes64 monitor ds_cpl vmx est tm2 ssse3 cx16 xtpr pdcm pcid sse4_1 sse4_2 x2apic popcnt tsc_deadline_timer aes xsave avx f16c rdrand lahf_lm epb tpr_shadow vnmi flexpriority ept vpid fsgsbase smep erms xsaveopt dtherm ida arat pln pts
bugs		:
bogomips	: 4989.04
clflush size	: 64
cache_alignment	: 64
address sizes	: 36 bits physical, 48 bits virtual
power management:



Memory: 4k page, physical 8065832k(290944k free), swap 1951740k(1924648k free)

vm_info: Java HotSpot(TM) 64-Bit Server VM (25.111-b14) for linux-amd64 JRE (1.8.0_111-b14), built on Sep 22 2016 16:14:03 by "java_re" with gcc 4.3.0 20080428 (Red Hat 4.3.0-8)

time: Sun Feb  5 01:42:55 2017
elapsed time: 0 seconds (0d 0h 0m 0s)

