#
# A fatal error has been detected by the Java Runtime Environment:
#
#  SIGSEGV (0xb) at pc=0x00007f59eb84dd44, pid=3913, tid=0x00007f59ebc55700
#
# JRE version: Java(TM) SE Runtime Environment (8.0_111-b14) (build 1.8.0_111-b14)
# Java VM: Java HotSpot(TM) 64-Bit Server VM (25.111-b14 mixed mode linux-amd64 compressed oops)
# Problematic frame:
# C  [libpthread.so.0+0x9d44]  pthread_mutex_lock+0x4
#
# Failed to write core dump. Core dumps have been disabled. To enable core dumping, try "ulimit -c unlimited" before starting Java again
#
# If you would like to submit a bug report, please visit:
#   http://bugreport.java.com/bugreport/crash.jsp
# The crash happened outside the Java Virtual Machine in native code.
# See problematic frame for where to report the bug.
#

---------------  T H R E A D  ---------------

Current thread (0x00007f59e400e800):  JavaThread "main" [_thread_in_native, id=3915, stack(0x00007f59ebb55000,0x00007f59ebc56000)]

siginfo: si_signo: 11 (SIGSEGV), si_code: 128 (SI_KERNEL), si_addr: 0x0000000000000000

Registers:
RAX=0x00007f59c5196370, RBX=0x00007f59e4317490, RCX=0x000000000000015b, RDX=0x00007f59ebc53ca0
RSP=0x00007f59ebc53c10, RBP=0x00007f59ebc53c80, RSI=0x00007f59ebc53c90, RDI=0x1008ff1800010101
R8 =0x00007f59ebc53c80, R9 =0x00007f59e43131c2, R10=0x00007f59c521b447, R11=0x0000000000000065
R12=0x00007f59ebc53c7c, R13=0x00007f59ebc53db8, R14=0x00007f59ebc53db0, R15=0x00007f59e400e9f8
RIP=0x00007f59eb84dd44, EFLAGS=0x0000000000010202, CSGSFS=0x0000000000000033, ERR=0x0000000000000000
  TRAPNO=0x000000000000000d

Top of Stack: (sp=0x00007f59ebc53c10)
0x00007f59ebc53c10:   000000000000015c 00007f59c51b0bfa
0x00007f59ebc53c20:   00007f59ebc53c90 00007f59ebc53ca0
0x00007f59ebc53c30:   0000000000000000 00007f59e42bcbe0
0x00007f59ebc53c40:   00007f59e4334360 1f2405c685926100
0x00007f59ebc53c50:   00007f59e42bcbe0 00007f59e4334360
0x00007f59ebc53c60:   00007f59e4333d40 00007f59c518cf86
0x00007f59ebc53c70:   00007f59e400e9f8 00007f59e407db98
0x00007f59ebc53c80:   00007f59e4333d40 696c4369746c756d
0x00007f59ebc53c90:   0000015c0000015b 00007f5900000000
0x00007f59ebc53ca0:   0000015500000154 00007f5900000000
0x00007f59ebc53cb0:   0000000000000004 1f2405c685926100
0x00007f59ebc53cc0:   00007f59e4333d40 00007f59ebc53d20
0x00007f59ebc53cd0:   00007f59e4334360 00007f59c56e6981
0x00007f59ebc53ce0:   00007f59e400e800 00007f59e42bcbe0
0x00007f59ebc53cf0:   00007f59ebc53d30 00007f59c7c5ed10
0x00007f59ebc53d00:   0000000000000000 00007f59c7c5ed10
0x00007f59ebc53d10:   00007f59ebc53dc8 00007f59e400e800
0x00007f59ebc53d20:   00007f59ebc53d90 00007f59d501fca4
0x00007f59ebc53d30:   00007f59ebc53d90 00007f59d501f759
0x00007f59ebc53d40:   00007f59e400e800 00007f59d501f722
0x00007f59ebc53d50:   00007f59ebc53d50 00007f59c7c5ed10
0x00007f59ebc53d60:   00007f59ebc53dc8 00007f59c7c62520
0x00007f59ebc53d70:   0000000000000000 00007f59c7c5ed10
0x00007f59ebc53d80:   0000000000000000 00007f59ebc53db0
0x00007f59ebc53d90:   00007f59ebc53e10 00007f59d50080c0
0x00007f59ebc53da0:   00000000d73c8b00 00007f59d501647b
0x00007f59ebc53db0:   00000000d7596898 00000000d6ff9480
0x00007f59ebc53dc0:   00007f59e42bcbe0 00007f59d5007e50
0x00007f59ebc53dd0:   00007f59ebc53dd0 00007f59c7dd83bc
0x00007f59ebc53de0:   00007f59ebc53e28 00007f59c7dde6d8
0x00007f59ebc53df0:   0000000000000000 00007f59c7dd8460
0x00007f59ebc53e00:   00007f59ebc53db0 00007f59ebc53e30 

Instructions: (pc=0x00007f59eb84dd44)
0x00007f59eb84dd24:   f0 02 00 00 00 00 00 00 b8 82 00 00 00 e9 d8 f9
0x00007f59eb84dd34:   ff ff 66 2e 0f 1f 84 00 00 00 00 00 48 83 ec 08
0x00007f59eb84dd44:   8b 57 10 89 d1 81 e1 7f 01 00 00 90 89 d0 83 e0
0x00007f59eb84dd54:   7c 0f 85 95 00 00 00 85 c9 49 89 f8 0f 85 9a 00 

Register to memory mapping:

RAX=0x00007f59c5196370: <offset 0x2b370> in /usr/lib/x86_64-linux-gnu/libX11.so.6 at 0x00007f59c516b000
RBX=0x00007f59e4317490 is an unknown value
RCX=0x000000000000015b is an unknown value
RDX=0x00007f59ebc53ca0 is pointing into the stack for thread: 0x00007f59e400e800
RSP=0x00007f59ebc53c10 is pointing into the stack for thread: 0x00007f59e400e800
RBP=0x00007f59ebc53c80 is pointing into the stack for thread: 0x00007f59e400e800
RSI=0x00007f59ebc53c90 is pointing into the stack for thread: 0x00007f59e400e800
RDI=0x1008ff1800010101 is an unknown value
R8 =0x00007f59ebc53c80 is pointing into the stack for thread: 0x00007f59e400e800
R9 =0x00007f59e43131c2 is an unknown value
R10=0x00007f59c521b447: <offset 0xb0447> in /usr/lib/x86_64-linux-gnu/libX11.so.6 at 0x00007f59c516b000
R11=0x0000000000000065 is an unknown value
R12=0x00007f59ebc53c7c is pointing into the stack for thread: 0x00007f59e400e800
R13=0x00007f59ebc53db8 is pointing into the stack for thread: 0x00007f59e400e800
R14=0x00007f59ebc53db0 is pointing into the stack for thread: 0x00007f59e400e800
R15=0x00007f59e400e9f8 is an unknown value


Stack: [0x00007f59ebb55000,0x00007f59ebc56000],  sp=0x00007f59ebc53c10,  free space=1019k
Native frames: (J=compiled Java code, j=interpreted, Vv=VM code, C=native code)
C  [libpthread.so.0+0x9d44]  pthread_mutex_lock+0x4
C  0x696c4369746c756d

Java frames: (J=compiled Java code, j=interpreted, Vv=VM code)
j  sun.awt.X11.XlibWrapper.XGetDefault(JLjava/lang/String;Ljava/lang/String;)Ljava/lang/String;+0
j  sun.awt.X11.XToolkit.initializeMultiClickTime()V+12
j  sun.awt.X11.XToolkit.getMultiClickTime()I+6
j  sun.awt.X11.XToolkit.initializeDesktopProperties()V+82
j  java.awt.Toolkit.getDesktopProperty(Ljava/lang/String;)Ljava/lang/Object;+32
j  sun.swing.SwingUtilities2$AATextInfo.getAATextInfo(Z)Lsun/swing/SwingUtilities2$AATextInfo;+11
j  javax.swing.plaf.metal.MetalLookAndFeel.initComponentDefaults(Ljavax/swing/UIDefaults;)V+12062
j  javax.swing.plaf.basic.BasicLookAndFeel.getDefaults()Ljavax/swing/UIDefaults;+25
j  javax.swing.plaf.metal.MetalLookAndFeel.getDefaults()Ljavax/swing/UIDefaults;+9
j  javax.swing.UIManager.setLookAndFeel(Ljavax/swing/LookAndFeel;)V+79
j  javax.swing.UIManager.setLookAndFeel(Ljava/lang/String;)V+16
j  javax.swing.UIManager.initializeDefaultLAF(Ljava/util/Properties;)V+55
j  javax.swing.UIManager.initialize()V+9
j  javax.swing.UIManager.maybeInitialize()V+22
j  javax.swing.UIManager.getUI(Ljavax/swing/JComponent;)Ljavax/swing/plaf/ComponentUI;+0
j  javax.swing.JPanel.updateUI()V+2
j  javax.swing.JPanel.<init>(Ljava/awt/LayoutManager;Z)V+24
j  javax.swing.JPanel.<init>(Z)V+9
j  javax.swing.JPanel.<init>()V+2
j  javax.swing.JRootPane.createGlassPane()Ljava/awt/Component;+4
j  javax.swing.JRootPane.<init>()V+11
j  javax.swing.JFrame.createRootPane()Ljavax/swing/JRootPane;+4
j  javax.swing.JFrame.frameInit()V+16
j  javax.swing.JFrame.<init>(Ljava/lang/String;)V+21
j  engineTest.Main.<init>()V+3
j  engineTest.Main.main([Ljava/lang/String;)V+20
v  ~StubRoutines::call_stub

---------------  P R O C E S S  ---------------

Java Threads: ( => current thread )
  0x00007f59e431f800 JavaThread "AWT-XAWT" daemon [_thread_in_native, id=3944, stack(0x00007f599f1b0000,0x00007f599f2b1000)]
  0x00007f59e42fa800 JavaThread "Java2D Disposer" daemon [_thread_blocked, id=3943, stack(0x00007f59c40a4000,0x00007f59c41a5000)]
  0x00007f59e42ad800 JavaThread "Thread-0" [_thread_in_native, id=3942, stack(0x00007f59c441e000,0x00007f59c451f000)]
  0x00007f59e40e7800 JavaThread "Service Thread" daemon [_thread_blocked, id=3940, stack(0x00007f59c5ce3000,0x00007f59c5de4000)]
  0x00007f59e40d2000 JavaThread "C1 CompilerThread2" daemon [_thread_in_native, id=3939, stack(0x00007f59c5de4000,0x00007f59c5ee5000)]
  0x00007f59e40d0800 JavaThread "C2 CompilerThread1" daemon [_thread_blocked, id=3938, stack(0x00007f59c5ee5000,0x00007f59c5fe6000)]
  0x00007f59e40cd800 JavaThread "C2 CompilerThread0" daemon [_thread_blocked, id=3937, stack(0x00007f59c5fe6000,0x00007f59c60e7000)]
  0x00007f59ac001000 JavaThread "JDWP Command Reader" daemon [_thread_in_native, id=3933, stack(0x00007f59c60e7000,0x00007f59c61e8000)]
  0x00007f59e40cb800 JavaThread "JDWP Event Helper Thread" daemon [_thread_blocked, id=3932, stack(0x00007f59c61e8000,0x00007f59c62e9000)]
  0x00007f59e40c8000 JavaThread "JDWP Transport Listener: dt_socket" daemon [_thread_blocked, id=3930, stack(0x00007f59c62e9000,0x00007f59c63ea000)]
  0x00007f59e40ba800 JavaThread "Signal Dispatcher" daemon [_thread_blocked, id=3928, stack(0x00007f59c65ee000,0x00007f59c66ef000)]
  0x00007f59e4088800 JavaThread "Finalizer" daemon [_thread_blocked, id=3926, stack(0x00007f59c66ef000,0x00007f59c67f0000)]
  0x00007f59e4084000 JavaThread "Reference Handler" daemon [_thread_blocked, id=3925, stack(0x00007f59c67f0000,0x00007f59c68f1000)]
=>0x00007f59e400e800 JavaThread "main" [_thread_in_native, id=3915, stack(0x00007f59ebb55000,0x00007f59ebc56000)]

Other Threads:
  0x00007f59e407c800 VMThread [stack: 0x00007f59c68f1000,0x00007f59c69f2000] [id=3924]
  0x00007f59e40eb000 WatcherThread [stack: 0x00007f59c5be2000,0x00007f59c5ce3000] [id=3941]

VM state:not at safepoint (normal execution)

VM Mutex/Monitor currently owned by a thread:  ([mutex/lock_event])
[0x00007f59e400b560] Compile_lock - owner thread: 0x00007f59e40d2000
[0x00007f59e400b660] MethodCompileQueue_lock - owner thread: 0x00007f59e40d2000

Heap:
 PSYoungGen      total 36864K, used 8281K [0x00000000d6f80000, 0x00000000d9880000, 0x0000000100000000)
  eden space 31744K, 26% used [0x00000000d6f80000,0x00000000d77967a0,0x00000000d8e80000)
  from space 5120K, 0% used [0x00000000d9380000,0x00000000d9380000,0x00000000d9880000)
  to   space 5120K, 0% used [0x00000000d8e80000,0x00000000d8e80000,0x00000000d9380000)
 ParOldGen       total 84992K, used 0K [0x0000000084e00000, 0x000000008a100000, 0x00000000d6f80000)
  object space 84992K, 0% used [0x0000000084e00000,0x0000000084e00000,0x000000008a100000)
 Metaspace       used 8489K, capacity 8686K, committed 8960K, reserved 1056768K
  class space    used 914K, capacity 1000K, committed 1024K, reserved 1048576K

Card table byte_map: [0x00007f59d4c26000,0x00007f59d5000000] byte_map_base: 0x00007f59d47ff000

Marking Bits: (ParMarkBitMap*) 0x00007f59eb034220
 Begin Bits: [0x00007f59cc270000, 0x00007f59ce138000)
 End Bits:   [0x00007f59ce138000, 0x00007f59d0000000)

Polling page: 0x00007f59ebc83000

CodeCache: size=245760Kb used=2223Kb max_used=2223Kb free=243537Kb
 bounds [0x00007f59d5000000, 0x00007f59d5270000, 0x00007f59e4000000]
 total_blobs=1197 nmethods=419 adapters=700
 compilation: enabled

Compilation events (10 events):
Event: 0,410 Thread 0x00007f59e40d2000 nmethod 414 0x00007f59d5229d50 code [0x00007f59d5229ec0, 0x00007f59d522a050]
Event: 0,410 Thread 0x00007f59e40d2000  415       3       java.lang.invoke.MethodType$ConcurrentWeakInternSet$WeakEntry::equals (49 bytes)
Event: 0,410 Thread 0x00007f59e40d2000 nmethod 415 0x00007f59d522a0d0 code [0x00007f59d522a260, 0x00007f59d522a8c8]
Event: 0,410 Thread 0x00007f59e40d2000  416       3       java.util.Arrays::equals (78 bytes)
Event: 0,411 Thread 0x00007f59e40d2000 nmethod 416 0x00007f59d522aa10 code [0x00007f59d522aba0, 0x00007f59d522b0a8]
Event: 0,411 Thread 0x00007f59e40d2000  417       3       jdk.internal.org.objectweb.asm.Item::<init> (5 bytes)
Event: 0,411 Thread 0x00007f59e40d2000 nmethod 417 0x00007f59d522b250 code [0x00007f59d522b3c0, 0x00007f59d522b570]
Event: 0,411 Thread 0x00007f59e40d2000  418       3       java.lang.reflect.Modifier::isPublic (12 bytes)
Event: 0,411 Thread 0x00007f59e40d2000 nmethod 418 0x00007f59d522b610 code [0x00007f59d522b780, 0x00007f59d522b910]
Event: 0,412 Thread 0x00007f59e40d2000  419       3       java.lang.Integer::valueOf (32 bytes)

GC Heap History (0 events):
No events

Deoptimization events (1 events):
Event: 0,256 Thread 0x00007f59e400e800 Uncommon trap: reason=null_check action=make_not_entrant pc=0x00007f59d516b758 method=java.lang.String.equals(Ljava/lang/Object;)Z @ 8

Internal exceptions (10 events):
Event: 0,044 Thread 0x00007f59e400e800 Exception <a 'java/lang/NoSuchMethodError': Method sun.misc.Unsafe.prefetchRead(Ljava/lang/Object;J)V name or signature does not match> (0x00000000d6f87f60) thrown at [/HUDSON3/workspace/8-2-build-linux-amd64/jdk8u111/7883/hotspot/src/share/vm/prims/jni.c
Event: 0,157 Thread 0x00007f59e400e800 Exception <a 'java/security/PrivilegedActionException'> (0x00000000d7013a60) thrown at [/HUDSON3/workspace/8-2-build-linux-amd64/jdk8u111/7883/hotspot/src/share/vm/prims/jvm.cpp, line 1386]
Event: 0,157 Thread 0x00007f59e400e800 Exception <a 'java/security/PrivilegedActionException'> (0x00000000d7013c70) thrown at [/HUDSON3/workspace/8-2-build-linux-amd64/jdk8u111/7883/hotspot/src/share/vm/prims/jvm.cpp, line 1386]
Event: 0,157 Thread 0x00007f59e400e800 Exception <a 'java/security/PrivilegedActionException'> (0x00000000d70160b0) thrown at [/HUDSON3/workspace/8-2-build-linux-amd64/jdk8u111/7883/hotspot/src/share/vm/prims/jvm.cpp, line 1386]
Event: 0,157 Thread 0x00007f59e400e800 Exception <a 'java/security/PrivilegedActionException'> (0x00000000d70162c0) thrown at [/HUDSON3/workspace/8-2-build-linux-amd64/jdk8u111/7883/hotspot/src/share/vm/prims/jvm.cpp, line 1386]
Event: 0,211 Thread 0x00007f59e400e800 Exception <a 'java/lang/NoSuchFieldError': method resolution failed> (0x00000000d7220628) thrown at [/HUDSON3/workspace/8-2-build-linux-amd64/jdk8u111/7883/hotspot/src/share/vm/prims/methodHandles.cpp, line 1146]
Event: 0,219 Thread 0x00007f59e400e800 Exception <a 'java/lang/NoSuchFieldError': method resolution failed> (0x00000000d722ddf8) thrown at [/HUDSON3/workspace/8-2-build-linux-amd64/jdk8u111/7883/hotspot/src/share/vm/prims/methodHandles.cpp, line 1146]
Event: 0,250 Thread 0x00007f59e400e800 Exception <a 'java/io/FileNotFoundException'> (0x00000000d72ae088) thrown at [/HUDSON3/workspace/8-2-build-linux-amd64/jdk8u111/7883/hotspot/src/share/vm/prims/jni.cpp, line 709]
Event: 0,250 Thread 0x00007f59e400e800 Exception <a 'java/io/FileNotFoundException'> (0x00000000d72aea40) thrown at [/HUDSON3/workspace/8-2-build-linux-amd64/jdk8u111/7883/hotspot/src/share/vm/prims/jni.cpp, line 709]
Event: 0,256 Thread 0x00007f59e400e800 Implicit null exception at 0x00007f59d516b4be to 0x00007f59d516b749

Events (10 events):
Event: 0,402 Thread 0x00007f59e42ad800 DEOPT PACKING pc=0x00007f59d518c794 sp=0x00007f59c451c050
Event: 0,402 Thread 0x00007f59e42ad800 DEOPT UNPACKING pc=0x00007f59d5047633 sp=0x00007f59c451be90 mode 1
Event: 0,402 Thread 0x00007f59e42ad800 DEOPT PACKING pc=0x00007f59d518c534 sp=0x00007f59c451c1e0
Event: 0,402 Thread 0x00007f59e42ad800 DEOPT UNPACKING pc=0x00007f59d5047633 sp=0x00007f59c451c038 mode 1
Event: 0,408 loading class javax/swing/plaf/metal/MetalLookAndFeel$FontActiveValue
Event: 0,408 loading class javax/swing/plaf/metal/MetalLookAndFeel$FontActiveValue done
Event: 0,411 loading class sun/swing/SwingUtilities2$AATextInfo
Event: 0,411 loading class sun/swing/SwingUtilities2$AATextInfo done
Event: 0,411 loading class sun/awt/HeadlessToolkit
Event: 0,411 loading class sun/awt/HeadlessToolkit done


Dynamic libraries:
00400000-00401000 r-xp 00000000 08:15 12855452                           /usr/lib/jvm/java-8-oracle/bin/java
00600000-00601000 rw-p 00000000 08:15 12855452                           /usr/lib/jvm/java-8-oracle/bin/java
015eb000-0160c000 rw-p 00000000 00:00 0                                  [heap]
84e00000-8a100000 rw-p 00000000 00:00 0 
8a100000-d6f80000 ---p 00000000 00:00 0 
d6f80000-d9880000 rw-p 00000000 00:00 0 
d9880000-100000000 ---p 00000000 00:00 0 
100000000-100100000 rw-p 00000000 00:00 0 
100100000-140000000 ---p 00000000 00:00 0 
7f5978000000-7f5978021000 rw-p 00000000 00:00 0 
7f5978021000-7f597c000000 ---p 00000000 00:00 0 
7f5980000000-7f59802e2000 rw-p 00000000 00:00 0 
7f59802e2000-7f5984000000 ---p 00000000 00:00 0 
7f5984000000-7f5984021000 rw-p 00000000 00:00 0 
7f5984021000-7f5988000000 ---p 00000000 00:00 0 
7f5988000000-7f5988021000 rw-p 00000000 00:00 0 
7f5988021000-7f598c000000 ---p 00000000 00:00 0 
7f598c000000-7f598c021000 rw-p 00000000 00:00 0 
7f598c021000-7f5990000000 ---p 00000000 00:00 0 
7f5990000000-7f5990113000 rw-p 00000000 00:00 0 
7f5990113000-7f5994000000 ---p 00000000 00:00 0 
7f5994000000-7f59941f2000 rw-p 00000000 00:00 0 
7f59941f2000-7f5998000000 ---p 00000000 00:00 0 
7f5998000000-7f599805e000 rw-p 00000000 00:00 0 
7f599805e000-7f599c000000 ---p 00000000 00:00 0 
7f599dfca000-7f599dfcb000 r-xp 00000000 08:15 12329465                   /usr/lib/x86_64-linux-gnu/libX11-xcb.so.1.0.0
7f599dfcb000-7f599e1ca000 ---p 00001000 08:15 12329465                   /usr/lib/x86_64-linux-gnu/libX11-xcb.so.1.0.0
7f599e1ca000-7f599e1cb000 r--p 00000000 08:15 12329465                   /usr/lib/x86_64-linux-gnu/libX11-xcb.so.1.0.0
7f599e1cb000-7f599e1cc000 rw-p 00001000 08:15 12329465                   /usr/lib/x86_64-linux-gnu/libX11-xcb.so.1.0.0
7f599e1cc000-7f599e1d1000 r-xp 00000000 08:15 12329520                   /usr/lib/x86_64-linux-gnu/libXxf86vm.so.1.0.0
7f599e1d1000-7f599e3d0000 ---p 00005000 08:15 12329520                   /usr/lib/x86_64-linux-gnu/libXxf86vm.so.1.0.0
7f599e3d0000-7f599e3d1000 r--p 00004000 08:15 12329520                   /usr/lib/x86_64-linux-gnu/libXxf86vm.so.1.0.0
7f599e3d1000-7f599e3d2000 rw-p 00005000 08:15 12329520                   /usr/lib/x86_64-linux-gnu/libXxf86vm.so.1.0.0
7f599e3d2000-7f599e3d4000 r-xp 00000000 08:15 12329494                   /usr/lib/x86_64-linux-gnu/libXinerama.so.1.0.0
7f599e3d4000-7f599e5d3000 ---p 00002000 08:15 12329494                   /usr/lib/x86_64-linux-gnu/libXinerama.so.1.0.0
7f599e5d3000-7f599e5d4000 r--p 00001000 08:15 12329494                   /usr/lib/x86_64-linux-gnu/libXinerama.so.1.0.0
7f599e5d4000-7f599e5d5000 rw-p 00002000 08:15 12329494                   /usr/lib/x86_64-linux-gnu/libXinerama.so.1.0.0
7f599e5d5000-7f599e5df000 r-xp 00000000 08:15 12329502                   /usr/lib/x86_64-linux-gnu/libXrandr.so.2.2.0
7f599e5df000-7f599e7de000 ---p 0000a000 08:15 12329502                   /usr/lib/x86_64-linux-gnu/libXrandr.so.2.2.0
7f599e7de000-7f599e7df000 r--p 00009000 08:15 12329502                   /usr/lib/x86_64-linux-gnu/libXrandr.so.2.2.0
7f599e7df000-7f599e7e0000 rw-p 0000a000 08:15 12329502                   /usr/lib/x86_64-linux-gnu/libXrandr.so.2.2.0
7f599e7e0000-7f599e7fe000 r-xp 00000000 08:15 1466952                    /tmp/lwjglnokorot/3.1.1-build-16/libglfw.so
7f599e7fe000-7f599e9fd000 ---p 0001e000 08:15 1466952                    /tmp/lwjglnokorot/3.1.1-build-16/libglfw.so
7f599e9fd000-7f599e9fe000 r--p 0001d000 08:15 1466952                    /tmp/lwjglnokorot/3.1.1-build-16/libglfw.so
7f599e9fe000-7f599e9ff000 rw-p 0001e000 08:15 1466952                    /tmp/lwjglnokorot/3.1.1-build-16/libglfw.so
7f599e9ff000-7f599ea00000 rw-p 00000000 00:00 0 
7f599ea00000-7f599ec00000 rw-p 00000000 00:00 0 
7f599ed26000-7f599ed5f000 r-xp 00000000 08:15 1466951                    /tmp/lwjglnokorot/3.1.1-build-16/libjemalloc.so
7f599ed5f000-7f599ef5e000 ---p 00039000 08:15 1466951                    /tmp/lwjglnokorot/3.1.1-build-16/libjemalloc.so
7f599ef5e000-7f599ef61000 r--p 00038000 08:15 1466951                    /tmp/lwjglnokorot/3.1.1-build-16/libjemalloc.so
7f599ef61000-7f599ef62000 rw-p 0003b000 08:15 1466951                    /tmp/lwjglnokorot/3.1.1-build-16/libjemalloc.so
7f599ef62000-7f599ef63000 rw-p 00000000 00:00 0 
7f599ef63000-7f599efae000 r-xp 00000000 08:15 1466950                    /tmp/lwjglnokorot/3.1.1-build-16/liblwjgl.so
7f599efae000-7f599f1ae000 ---p 0004b000 08:15 1466950                    /tmp/lwjglnokorot/3.1.1-build-16/liblwjgl.so
7f599f1ae000-7f599f1af000 r--p 0004b000 08:15 1466950                    /tmp/lwjglnokorot/3.1.1-build-16/liblwjgl.so
7f599f1af000-7f599f1b0000 rw-p 0004c000 08:15 1466950                    /tmp/lwjglnokorot/3.1.1-build-16/liblwjgl.so
7f599f1b0000-7f599f1b3000 ---p 00000000 00:00 0 
7f599f1b3000-7f599f2b1000 rw-p 00000000 00:00 0 
7f599f2b1000-7f599f2b6000 r-xp 00000000 08:15 12329486                   /usr/lib/x86_64-linux-gnu/libXfixes.so.3.1.0
7f599f2b6000-7f599f4b5000 ---p 00005000 08:15 12329486                   /usr/lib/x86_64-linux-gnu/libXfixes.so.3.1.0
7f599f4b5000-7f599f4b6000 r--p 00004000 08:15 12329486                   /usr/lib/x86_64-linux-gnu/libXfixes.so.3.1.0
7f599f4b6000-7f599f4b7000 rw-p 00005000 08:15 12329486                   /usr/lib/x86_64-linux-gnu/libXfixes.so.3.1.0
7f599f4b7000-7f599f4c0000 r-xp 00000000 08:15 12329478                   /usr/lib/x86_64-linux-gnu/libXcursor.so.1.0.2
7f599f4c0000-7f599f6bf000 ---p 00009000 08:15 12329478                   /usr/lib/x86_64-linux-gnu/libXcursor.so.1.0.2
7f599f6bf000-7f599f6c0000 r--p 00008000 08:15 12329478                   /usr/lib/x86_64-linux-gnu/libXcursor.so.1.0.2
7f599f6c0000-7f599f6c1000 rw-p 00009000 08:15 12329478                   /usr/lib/x86_64-linux-gnu/libXcursor.so.1.0.2
7f599f6c1000-7f599f9c2000 rw-p 00000000 00:00 0 
7f599f9c2000-7f599f9d8000 r-xp 00000000 08:15 12980356                   /usr/lib/jvm/java-8-oracle/jre/lib/amd64/libnet.so
7f599f9d8000-7f599fbd8000 ---p 00016000 08:15 12980356                   /usr/lib/jvm/java-8-oracle/jre/lib/amd64/libnet.so
7f599fbd8000-7f599fbd9000 rw-p 00016000 08:15 12980356                   /usr/lib/jvm/java-8-oracle/jre/lib/amd64/libnet.so
7f599fbd9000-7f599fbea000 r-xp 00000000 08:15 12980591                   /usr/lib/jvm/java-8-oracle/jre/lib/amd64/libnio.so
7f599fbea000-7f599fde9000 ---p 00011000 08:15 12980591                   /usr/lib/jvm/java-8-oracle/jre/lib/amd64/libnio.so
7f599fde9000-7f599fdea000 rw-p 00010000 08:15 12980591                   /usr/lib/jvm/java-8-oracle/jre/lib/amd64/libnio.so
7f599fdea000-7f599fe00000 r-xp 00000000 08:15 7082441                    /lib/x86_64-linux-gnu/libgcc_s.so.1
7f599fe00000-7f599ffff000 ---p 00016000 08:15 7082441                    /lib/x86_64-linux-gnu/libgcc_s.so.1
7f599ffff000-7f59a0000000 rw-p 00015000 08:15 7082441                    /lib/x86_64-linux-gnu/libgcc_s.so.1
7f59a0000000-7f59a0021000 rw-p 00000000 00:00 0 
7f59a0021000-7f59a4000000 ---p 00000000 00:00 0 
7f59a4000000-7f59a4021000 rw-p 00000000 00:00 0 
7f59a4021000-7f59a8000000 ---p 00000000 00:00 0 
7f59a8000000-7f59a8021000 rw-p 00000000 00:00 0 
7f59a8021000-7f59ac000000 ---p 00000000 00:00 0 
7f59ac000000-7f59ac021000 rw-p 00000000 00:00 0 
7f59ac021000-7f59b0000000 ---p 00000000 00:00 0 
7f59b0000000-7f59b0021000 rw-p 00000000 00:00 0 
7f59b0021000-7f59b4000000 ---p 00000000 00:00 0 
7f59b4000000-7f59b4021000 rw-p 00000000 00:00 0 
7f59b4021000-7f59b8000000 ---p 00000000 00:00 0 
7f59b8000000-7f59b8021000 rw-p 00000000 00:00 0 
7f59b8021000-7f59bc000000 ---p 00000000 00:00 0 
7f59bc000000-7f59bc021000 rw-p 00000000 00:00 0 
7f59bc021000-7f59c0000000 ---p 00000000 00:00 0 
7f59c0000000-7f59c0021000 rw-p 00000000 00:00 0 
7f59c0021000-7f59c4000000 ---p 00000000 00:00 0 
7f59c40a4000-7f59c40a7000 ---p 00000000 00:00 0 
7f59c40a7000-7f59c41a5000 rw-p 00000000 00:00 0 
7f59c41a5000-7f59c420a000 r-xp 00000000 08:15 12980585                   /usr/lib/jvm/java-8-oracle/jre/lib/amd64/libfontmanager.so
7f59c420a000-7f59c4409000 ---p 00065000 08:15 12980585                   /usr/lib/jvm/java-8-oracle/jre/lib/amd64/libfontmanager.so
7f59c4409000-7f59c440e000 rw-p 00064000 08:15 12980585                   /usr/lib/jvm/java-8-oracle/jre/lib/amd64/libfontmanager.so
7f59c440e000-7f59c441e000 rw-p 00000000 00:00 0 
7f59c441e000-7f59c4421000 ---p 00000000 00:00 0 
7f59c4421000-7f59c451f000 rw-p 00000000 00:00 0 
7f59c451f000-7f59c4524000 r-xp 00000000 08:15 12329482                   /usr/lib/x86_64-linux-gnu/libXdmcp.so.6.0.0
7f59c4524000-7f59c4723000 ---p 00005000 08:15 12329482                   /usr/lib/x86_64-linux-gnu/libXdmcp.so.6.0.0
7f59c4723000-7f59c4724000 r--p 00004000 08:15 12329482                   /usr/lib/x86_64-linux-gnu/libXdmcp.so.6.0.0
7f59c4724000-7f59c4725000 rw-p 00005000 08:15 12329482                   /usr/lib/x86_64-linux-gnu/libXdmcp.so.6.0.0
7f59c4725000-7f59c4727000 r-xp 00000000 08:15 12329471                   /usr/lib/x86_64-linux-gnu/libXau.so.6.0.0
7f59c4727000-7f59c4927000 ---p 00002000 08:15 12329471                   /usr/lib/x86_64-linux-gnu/libXau.so.6.0.0
7f59c4927000-7f59c4928000 r--p 00002000 08:15 12329471                   /usr/lib/x86_64-linux-gnu/libXau.so.6.0.0
7f59c4928000-7f59c4929000 rw-p 00003000 08:15 12329471                   /usr/lib/x86_64-linux-gnu/libXau.so.6.0.0
7f59c4929000-7f59c494a000 r-xp 00000000 08:15 12330820                   /usr/lib/x86_64-linux-gnu/libxcb.so.1.1.0
7f59c494a000-7f59c4b49000 ---p 00021000 08:15 12330820                   /usr/lib/x86_64-linux-gnu/libxcb.so.1.1.0
7f59c4b49000-7f59c4b4a000 r--p 00020000 08:15 12330820                   /usr/lib/x86_64-linux-gnu/libxcb.so.1.1.0
7f59c4b4a000-7f59c4b4b000 rw-p 00021000 08:15 12330820                   /usr/lib/x86_64-linux-gnu/libxcb.so.1.1.0
7f59c4b4b000-7f59c4b5a000 r-xp 00000000 08:15 12329492                   /usr/lib/x86_64-linux-gnu/libXi.so.6.1.0
7f59c4b5a000-7f59c4d59000 ---p 0000f000 08:15 12329492                   /usr/lib/x86_64-linux-gnu/libXi.so.6.1.0
7f59c4d59000-7f59c4d5a000 r--p 0000e000 08:15 12329492                   /usr/lib/x86_64-linux-gnu/libXi.so.6.1.0
7f59c4d5a000-7f59c4d5b000 rw-p 0000f000 08:15 12329492                   /usr/lib/x86_64-linux-gnu/libXi.so.6.1.0
7f59c4d5b000-7f59c4d60000 r-xp 00000000 08:15 12329510                   /usr/lib/x86_64-linux-gnu/libXtst.so.6.1.0
7f59c4d60000-7f59c4f5f000 ---p 00005000 08:15 12329510                   /usr/lib/x86_64-linux-gnu/libXtst.so.6.1.0
7f59c4f5f000-7f59c4f60000 r--p 00004000 08:15 12329510                   /usr/lib/x86_64-linux-gnu/libXtst.so.6.1.0
7f59c4f60000-7f59c4f61000 rw-p 00005000 08:15 12329510                   /usr/lib/x86_64-linux-gnu/libXtst.so.6.1.0
7f59c4f61000-7f59c4f6a000 r-xp 00000000 08:15 12329504                   /usr/lib/x86_64-linux-gnu/libXrender.so.1.3.0
7f59c4f6a000-7f59c5169000 ---p 00009000 08:15 12329504                   /usr/lib/x86_64-linux-gnu/libXrender.so.1.3.0
7f59c5169000-7f59c516a000 r--p 00008000 08:15 12329504                   /usr/lib/x86_64-linux-gnu/libXrender.so.1.3.0
7f59c516a000-7f59c516b000 rw-p 00009000 08:15 12329504                   /usr/lib/x86_64-linux-gnu/libXrender.so.1.3.0
7f59c516b000-7f59c52a0000 r-xp 00000000 08:15 12329467                   /usr/lib/x86_64-linux-gnu/libX11.so.6.3.0
7f59c52a0000-7f59c54a0000 ---p 00135000 08:15 12329467                   /usr/lib/x86_64-linux-gnu/libX11.so.6.3.0
7f59c54a0000-7f59c54a1000 r--p 00135000 08:15 12329467                   /usr/lib/x86_64-linux-gnu/libX11.so.6.3.0
7f59c54a1000-7f59c54a5000 rw-p 00136000 08:15 12329467                   /usr/lib/x86_64-linux-gnu/libX11.so.6.3.0
7f59c54a5000-7f59c54b6000 r-xp 00000000 08:15 12329484                   /usr/lib/x86_64-linux-gnu/libXext.so.6.4.0
7f59c54b6000-7f59c56b5000 ---p 00011000 08:15 12329484                   /usr/lib/x86_64-linux-gnu/libXext.so.6.4.0
7f59c56b5000-7f59c56b6000 r--p 00010000 08:15 12329484                   /usr/lib/x86_64-linux-gnu/libXext.so.6.4.0
7f59c56b6000-7f59c56b7000 rw-p 00011000 08:15 12329484                   /usr/lib/x86_64-linux-gnu/libXext.so.6.4.0
7f59c56b7000-7f59c570b000 r-xp 00000000 08:15 12980593                   /usr/lib/jvm/java-8-oracle/jre/lib/amd64/libawt_xawt.so
7f59c570b000-7f59c590b000 ---p 00054000 08:15 12980593                   /usr/lib/jvm/java-8-oracle/jre/lib/amd64/libawt_xawt.so
7f59c590b000-7f59c590f000 rw-p 00054000 08:15 12980593                   /usr/lib/jvm/java-8-oracle/jre/lib/amd64/libawt_xawt.so
7f59c590f000-7f59c5910000 rw-p 00000000 00:00 0 
7f59c5910000-7f59c59b2000 r-xp 00000000 08:15 12980626                   /usr/lib/jvm/java-8-oracle/jre/lib/amd64/libawt.so
7f59c59b2000-7f59c5bb2000 ---p 000a2000 08:15 12980626                   /usr/lib/jvm/java-8-oracle/jre/lib/amd64/libawt.so
7f59c5bb2000-7f59c5bbe000 rw-p 000a2000 08:15 12980626                   /usr/lib/jvm/java-8-oracle/jre/lib/amd64/libawt.so
7f59c5bbe000-7f59c5be2000 rw-p 00000000 00:00 0 
7f59c5be2000-7f59c5be3000 ---p 00000000 00:00 0 
7f59c5be3000-7f59c5ce3000 rw-p 00000000 00:00 0 
7f59c5ce3000-7f59c5ce6000 ---p 00000000 00:00 0 
7f59c5ce6000-7f59c5de4000 rw-p 00000000 00:00 0 
7f59c5de4000-7f59c5de7000 ---p 00000000 00:00 0 
7f59c5de7000-7f59c5ee5000 rw-p 00000000 00:00 0 
7f59c5ee5000-7f59c5ee8000 ---p 00000000 00:00 0 
7f59c5ee8000-7f59c5fe6000 rw-p 00000000 00:00 0 
7f59c5fe6000-7f59c5fe9000 ---p 00000000 00:00 0 
7f59c5fe9000-7f59c60e7000 rw-p 00000000 00:00 0 
7f59c60e7000-7f59c60ea000 ---p 00000000 00:00 0 
7f59c60ea000-7f59c61e8000 rw-p 00000000 00:00 0 
7f59c61e8000-7f59c61eb000 ---p 00000000 00:00 0 
7f59c61eb000-7f59c62e9000 rw-p 00000000 00:00 0 
7f59c62e9000-7f59c62ec000 ---p 00000000 00:00 0 
7f59c62ec000-7f59c63ea000 rw-p 00000000 00:00 0 
7f59c63ea000-7f59c63ee000 r-xp 00000000 08:15 12980607                   /usr/lib/jvm/java-8-oracle/jre/lib/amd64/libdt_socket.so
7f59c63ee000-7f59c65ed000 ---p 00004000 08:15 12980607                   /usr/lib/jvm/java-8-oracle/jre/lib/amd64/libdt_socket.so
7f59c65ed000-7f59c65ee000 rw-p 00003000 08:15 12980607                   /usr/lib/jvm/java-8-oracle/jre/lib/amd64/libdt_socket.so
7f59c65ee000-7f59c65f1000 ---p 00000000 00:00 0 
7f59c65f1000-7f59c66ef000 rw-p 00000000 00:00 0 
7f59c66ef000-7f59c66f2000 ---p 00000000 00:00 0 
7f59c66f2000-7f59c67f0000 rw-p 00000000 00:00 0 
7f59c67f0000-7f59c67f3000 ---p 00000000 00:00 0 
7f59c67f3000-7f59c68f1000 rw-p 00000000 00:00 0 
7f59c68f1000-7f59c68f2000 ---p 00000000 00:00 0 
7f59c68f2000-7f59c7fc0000 rw-p 00000000 00:00 0 
7f59c7fc0000-7f59c8000000 ---p 00000000 00:00 0 
7f59c8000000-7f59c8021000 rw-p 00000000 00:00 0 
7f59c8021000-7f59cc000000 ---p 00000000 00:00 0 
7f59cc03d000-7f59cc03e000 rwxp 00000000 00:00 0 
7f59cc03e000-7f59cc03f000 r--s 00004000 08:15 13654818                   /home/nokorot/Workspace/Java/PS/PS 3.0.0/LWJGL3/lwjgl-xxhash.jar
7f59cc03f000-7f59cc040000 r--s 00001000 08:15 13654817                   /home/nokorot/Workspace/Java/PS/PS 3.0.0/LWJGL3/lwjgl-xxhash-natives-linux.jar
7f59cc040000-7f59cc049000 r--s 000a6000 08:15 13654825                   /home/nokorot/Workspace/Java/PS/PS 3.0.0/LWJGL3/lwjgl-vulkan.jar
7f59cc049000-7f59cc04e000 r--s 000ac000 08:15 13654824                   /home/nokorot/Workspace/Java/PS/PS 3.0.0/LWJGL3/lwjgl-vulkan-sources.jar
7f59cc04e000-7f59cc04f000 r--s 00001000 08:15 13654813                   /home/nokorot/Workspace/Java/PS/PS 3.0.0/LWJGL3/lwjgl-tinyfd.jar
7f59cc04f000-7f59cc050000 r--s 00007000 08:15 13654815                   /home/nokorot/Workspace/Java/PS/PS 3.0.0/LWJGL3/lwjgl-tinyfd-natives-linux.jar
7f59cc050000-7f59cc053000 r--s 00012000 08:15 13654809                   /home/nokorot/Workspace/Java/PS/PS 3.0.0/LWJGL3/lwjgl-stb.jar
7f59cc053000-7f59cc054000 r--s 0002c000 08:15 13654808                   /home/nokorot/Workspace/Java/PS/PS 3.0.0/LWJGL3/lwjgl-stb-natives-linux.jar
7f59cc054000-7f59cc055000 r--s 00000000 08:15 13654803                   /home/nokorot/Workspace/Java/PS/PS 3.0.0/LWJGL3/lwjgl-sse.jar
7f59cc055000-7f59cc056000 r--s 00000000 08:15 13654802                   /home/nokorot/Workspace/Java/PS/PS 3.0.0/LWJGL3/lwjgl-sse-natives-linux.jar
7f59cc056000-7f59cc058000 r--s 00058000 08:15 13654804                   /home/nokorot/Workspace/Java/PS/PS 3.0.0/LWJGL3/lwjgl-sse-javadoc.jar
7f59cc058000-7f59cc05a000 r--s 00001000 08:15 13654799                   /home/nokorot/Workspace/Java/PS/PS 3.0.0/LWJGL3/lwjgl-par.jar
7f59cc05a000-7f59cc05b000 r--s 00005000 08:15 13654795                   /home/nokorot/Workspace/Java/PS/PS 3.0.0/LWJGL3/lwjgl-par-natives-linux.jar
7f59cc05b000-7f59cc061000 r--s 00048000 08:15 13654794                   /home/nokorot/Workspace/Java/PS/PS 3.0.0/LWJGL3/lwjgl-opengles.jar
7f59cc061000-7f59cc062000 r--s 00007000 08:15 13654792                   /home/nokorot/Workspace/Java/PS/PS 3.0.0/LWJGL3/lwjgl-opengles-natives-linux.jar
7f59cc062000-7f59cc06b000 r--s 000ba000 08:15 13654797                   /home/nokorot/Workspace/Java/PS/PS 3.0.0/LWJGL3/lwjgl-opengl.jar
7f59cc06b000-7f59cc06c000 r--s 00015000 08:15 13654789                   /home/nokorot/Workspace/Java/PS/PS 3.0.0/LWJGL3/lwjgl-opengl-natives-linux.jar
7f59cc06c000-7f59cc06f000 r--s 00023000 08:15 13654790                   /home/nokorot/Workspace/Java/PS/PS 3.0.0/LWJGL3/lwjgl-opencl.jar
7f59cc06f000-7f59cc071000 r--s 00010000 08:15 13654776                   /home/nokorot/Workspace/Java/PS/PS 3.0.0/LWJGL3/lwjgl-openal.jar
7f59cc071000-7f59cc072000 r--s 0004a000 08:15 13654787                   /home/nokorot/Workspace/Java/PS/PS 3.0.0/LWJGL3/lwjgl-openal-natives-linux.jar
7f59cc072000-7f59cc077000 r--s 00054000 08:15 13654782                   /home/nokorot/Workspace/Java/PS/PS 3.0.0/LWJGL3/lwjgl-nuklear.jar
7f59cc077000-7f59cc098000 rw-p 00000000 00:00 0 
7f59cc098000-7f59cc270000 r--s 03d2a000 08:15 12855517                   /usr/lib/jvm/java-8-oracle/jre/lib/rt.jar
7f59cc270000-7f59d0000000 rw-p 00000000 00:00 0 
7f59d0000000-7f59d0021000 rw-p 00000000 00:00 0 
7f59d0021000-7f59d4000000 ---p 00000000 00:00 0 
7f59d4000000-7f59d4001000 r--s 0001f000 08:15 13654772                   /home/nokorot/Workspace/Java/PS/PS 3.0.0/LWJGL3/lwjgl-nuklear-natives-linux.jar
7f59d4001000-7f59d4002000 r--s 00001000 08:15 13654766                   /home/nokorot/Workspace/Java/PS/PS 3.0.0/LWJGL3/lwjgl-nfd.jar
7f59d4002000-7f59d4003000 r--s 00001000 08:15 13654764                   /home/nokorot/Workspace/Java/PS/PS 3.0.0/LWJGL3/lwjgl-nfd-natives-linux.jar
7f59d4003000-7f59d4005000 r--s 00008000 08:15 13654756                   /home/nokorot/Workspace/Java/PS/PS 3.0.0/LWJGL3/lwjgl-nanovg.jar
7f59d4005000-7f59d4591000 rw-p 00000000 00:00 0 
7f59d4591000-7f59d4592000 ---p 00000000 00:00 0 
7f59d4592000-7f59d4692000 rw-p 00000000 00:00 0 
7f59d4692000-7f59d4693000 ---p 00000000 00:00 0 
7f59d4693000-7f59d4793000 rw-p 00000000 00:00 0 
7f59d4793000-7f59d4794000 ---p 00000000 00:00 0 
7f59d4794000-7f59d4894000 rw-p 00000000 00:00 0 
7f59d4894000-7f59d4895000 ---p 00000000 00:00 0 
7f59d4895000-7f59d49bf000 rw-p 00000000 00:00 0 
7f59d49bf000-7f59d4c26000 ---p 00000000 00:00 0 
7f59d4c26000-7f59d4c50000 rw-p 00000000 00:00 0 
7f59d4c50000-7f59d4eb6000 ---p 00000000 00:00 0 
7f59d4eb6000-7f59d4ecc000 rw-p 00000000 00:00 0 
7f59d4ecc000-7f59d4fff000 ---p 00000000 00:00 0 
7f59d4fff000-7f59d5000000 rw-p 00000000 00:00 0 
7f59d5000000-7f59d5270000 rwxp 00000000 00:00 0 
7f59d5270000-7f59e4000000 ---p 00000000 00:00 0 
7f59e4000000-7f59e4347000 rw-p 00000000 00:00 0 
7f59e4347000-7f59e8000000 ---p 00000000 00:00 0 
7f59e8000000-7f59e8001000 r--s 00011000 08:15 13654822                   /home/nokorot/Workspace/Java/PS/PS 3.0.0/LWJGL3/lwjgl-natives-linux.jar
7f59e8001000-7f59e8081000 rw-p 00000000 00:00 0 
7f59e8081000-7f59e8437000 ---p 00000000 00:00 0 
7f59e8437000-7f59e8451000 r-xp 00000000 08:15 12980589                   /usr/lib/jvm/java-8-oracle/jre/lib/amd64/libzip.so
7f59e8451000-7f59e8651000 ---p 0001a000 08:15 12980589                   /usr/lib/jvm/java-8-oracle/jre/lib/amd64/libzip.so
7f59e8651000-7f59e8652000 rw-p 0001a000 08:15 12980589                   /usr/lib/jvm/java-8-oracle/jre/lib/amd64/libzip.so
7f59e8652000-7f59e865d000 r-xp 00000000 08:15 7082071                    /lib/x86_64-linux-gnu/libnss_files-2.23.so
7f59e865d000-7f59e885c000 ---p 0000b000 08:15 7082071                    /lib/x86_64-linux-gnu/libnss_files-2.23.so
7f59e885c000-7f59e885d000 r--p 0000a000 08:15 7082071                    /lib/x86_64-linux-gnu/libnss_files-2.23.so
7f59e885d000-7f59e885e000 rw-p 0000b000 08:15 7082071                    /lib/x86_64-linux-gnu/libnss_files-2.23.so
7f59e885e000-7f59e8864000 rw-p 00000000 00:00 0 
7f59e8864000-7f59e886f000 r-xp 00000000 08:15 7082047                    /lib/x86_64-linux-gnu/libnss_nis-2.23.so
7f59e886f000-7f59e8a6e000 ---p 0000b000 08:15 7082047                    /lib/x86_64-linux-gnu/libnss_nis-2.23.so
7f59e8a6e000-7f59e8a6f000 r--p 0000a000 08:15 7082047                    /lib/x86_64-linux-gnu/libnss_nis-2.23.so
7f59e8a6f000-7f59e8a70000 rw-p 0000b000 08:15 7082047                    /lib/x86_64-linux-gnu/libnss_nis-2.23.so
7f59e8a70000-7f59e8a86000 r-xp 00000000 08:15 7082063                    /lib/x86_64-linux-gnu/libnsl-2.23.so
7f59e8a86000-7f59e8c85000 ---p 00016000 08:15 7082063                    /lib/x86_64-linux-gnu/libnsl-2.23.so
7f59e8c85000-7f59e8c86000 r--p 00015000 08:15 7082063                    /lib/x86_64-linux-gnu/libnsl-2.23.so
7f59e8c86000-7f59e8c87000 rw-p 00016000 08:15 7082063                    /lib/x86_64-linux-gnu/libnsl-2.23.so
7f59e8c87000-7f59e8c89000 rw-p 00000000 00:00 0 
7f59e8c89000-7f59e8c91000 r-xp 00000000 08:15 7082065                    /lib/x86_64-linux-gnu/libnss_compat-2.23.so
7f59e8c91000-7f59e8e90000 ---p 00008000 08:15 7082065                    /lib/x86_64-linux-gnu/libnss_compat-2.23.so
7f59e8e90000-7f59e8e91000 r--p 00007000 08:15 7082065                    /lib/x86_64-linux-gnu/libnss_compat-2.23.so
7f59e8e91000-7f59e8e92000 rw-p 00008000 08:15 7082065                    /lib/x86_64-linux-gnu/libnss_compat-2.23.so
7f59e8e92000-7f59e92e9000 r--p 00000000 08:15 12322328                   /usr/lib/locale/locale-archive
7f59e92e9000-7f59e92eb000 r-xp 00000000 08:15 12980597                   /usr/lib/jvm/java-8-oracle/jre/lib/amd64/libnpt.so
7f59e92eb000-7f59e94eb000 ---p 00002000 08:15 12980597                   /usr/lib/jvm/java-8-oracle/jre/lib/amd64/libnpt.so
7f59e94eb000-7f59e94ec000 rw-p 00002000 08:15 12980597                   /usr/lib/jvm/java-8-oracle/jre/lib/amd64/libnpt.so
7f59e94ec000-7f59e9525000 r-xp 00000000 08:15 12980352                   /usr/lib/jvm/java-8-oracle/jre/lib/amd64/libjdwp.so
7f59e9525000-7f59e9724000 ---p 00039000 08:15 12980352                   /usr/lib/jvm/java-8-oracle/jre/lib/amd64/libjdwp.so
7f59e9724000-7f59e9726000 rw-p 00038000 08:15 12980352                   /usr/lib/jvm/java-8-oracle/jre/lib/amd64/libjdwp.so
7f59e9726000-7f59e9751000 r-xp 00000000 08:15 12980616                   /usr/lib/jvm/java-8-oracle/jre/lib/amd64/libjava.so
7f59e9751000-7f59e9950000 ---p 0002b000 08:15 12980616                   /usr/lib/jvm/java-8-oracle/jre/lib/amd64/libjava.so
7f59e9950000-7f59e9952000 rw-p 0002a000 08:15 12980616                   /usr/lib/jvm/java-8-oracle/jre/lib/amd64/libjava.so
7f59e9952000-7f59e995f000 r-xp 00000000 08:15 12980358                   /usr/lib/jvm/java-8-oracle/jre/lib/amd64/libverify.so
7f59e995f000-7f59e9b5e000 ---p 0000d000 08:15 12980358                   /usr/lib/jvm/java-8-oracle/jre/lib/amd64/libverify.so
7f59e9b5e000-7f59e9b60000 rw-p 0000c000 08:15 12980358                   /usr/lib/jvm/java-8-oracle/jre/lib/amd64/libverify.so
7f59e9b60000-7f59e9b67000 r-xp 00000000 08:15 7082046                    /lib/x86_64-linux-gnu/librt-2.23.so
7f59e9b67000-7f59e9d66000 ---p 00007000 08:15 7082046                    /lib/x86_64-linux-gnu/librt-2.23.so
7f59e9d66000-7f59e9d67000 r--p 00006000 08:15 7082046                    /lib/x86_64-linux-gnu/librt-2.23.so
7f59e9d67000-7f59e9d68000 rw-p 00007000 08:15 7082046                    /lib/x86_64-linux-gnu/librt-2.23.so
7f59e9d68000-7f59e9e70000 r-xp 00000000 08:15 7082058                    /lib/x86_64-linux-gnu/libm-2.23.so
7f59e9e70000-7f59ea06f000 ---p 00108000 08:15 7082058                    /lib/x86_64-linux-gnu/libm-2.23.so
7f59ea06f000-7f59ea070000 r--p 00107000 08:15 7082058                    /lib/x86_64-linux-gnu/libm-2.23.so
7f59ea070000-7f59ea071000 rw-p 00108000 08:15 7082058                    /lib/x86_64-linux-gnu/libm-2.23.so
7f59ea071000-7f59ead3e000 r-xp 00000000 08:15 12980620                   /usr/lib/jvm/java-8-oracle/jre/lib/amd64/server/libjvm.so
7f59ead3e000-7f59eaf3d000 ---p 00ccd000 08:15 12980620                   /usr/lib/jvm/java-8-oracle/jre/lib/amd64/server/libjvm.so
7f59eaf3d000-7f59eb016000 rw-p 00ccc000 08:15 12980620                   /usr/lib/jvm/java-8-oracle/jre/lib/amd64/server/libjvm.so
7f59eb016000-7f59eb061000 rw-p 00000000 00:00 0 
7f59eb061000-7f59eb220000 r-xp 00000000 08:15 7082051                    /lib/x86_64-linux-gnu/libc-2.23.so
7f59eb220000-7f59eb420000 ---p 001bf000 08:15 7082051                    /lib/x86_64-linux-gnu/libc-2.23.so
7f59eb420000-7f59eb424000 r--p 001bf000 08:15 7082051                    /lib/x86_64-linux-gnu/libc-2.23.so
7f59eb424000-7f59eb426000 rw-p 001c3000 08:15 7082051                    /lib/x86_64-linux-gnu/libc-2.23.so
7f59eb426000-7f59eb42a000 rw-p 00000000 00:00 0 
7f59eb42a000-7f59eb42d000 r-xp 00000000 08:15 7082050                    /lib/x86_64-linux-gnu/libdl-2.23.so
7f59eb42d000-7f59eb62c000 ---p 00003000 08:15 7082050                    /lib/x86_64-linux-gnu/libdl-2.23.so
7f59eb62c000-7f59eb62d000 r--p 00002000 08:15 7082050                    /lib/x86_64-linux-gnu/libdl-2.23.so
7f59eb62d000-7f59eb62e000 rw-p 00003000 08:15 7082050                    /lib/x86_64-linux-gnu/libdl-2.23.so
7f59eb62e000-7f59eb643000 r-xp 00000000 08:15 12585246                   /usr/lib/jvm/java-8-oracle/lib/amd64/jli/libjli.so
7f59eb643000-7f59eb843000 ---p 00015000 08:15 12585246                   /usr/lib/jvm/java-8-oracle/lib/amd64/jli/libjli.so
7f59eb843000-7f59eb844000 rw-p 00015000 08:15 12585246                   /usr/lib/jvm/java-8-oracle/lib/amd64/jli/libjli.so
7f59eb844000-7f59eb85c000 r-xp 00000000 08:15 7082059                    /lib/x86_64-linux-gnu/libpthread-2.23.so
7f59eb85c000-7f59eba5b000 ---p 00018000 08:15 7082059                    /lib/x86_64-linux-gnu/libpthread-2.23.so
7f59eba5b000-7f59eba5c000 r--p 00017000 08:15 7082059                    /lib/x86_64-linux-gnu/libpthread-2.23.so
7f59eba5c000-7f59eba5d000 rw-p 00018000 08:15 7082059                    /lib/x86_64-linux-gnu/libpthread-2.23.so
7f59eba5d000-7f59eba61000 rw-p 00000000 00:00 0 
7f59eba61000-7f59eba87000 r-xp 00000000 08:15 7082039                    /lib/x86_64-linux-gnu/ld-2.23.so
7f59eba87000-7f59eba88000 r--s 0001f000 08:15 13654762                   /home/nokorot/Workspace/Java/PS/PS 3.0.0/LWJGL3/lwjgl-nanovg-natives-linux.jar
7f59eba88000-7f59eba8a000 r--s 00005000 08:15 13654746                   /home/nokorot/Workspace/Java/PS/PS 3.0.0/LWJGL3/lwjgl-lmdb.jar
7f59eba8a000-7f59ebb55000 rw-p 00000000 00:00 0 
7f59ebb55000-7f59ebb58000 ---p 00000000 00:00 0 
7f59ebb58000-7f59ebc5a000 rw-p 00000000 00:00 0 
7f59ebc5a000-7f59ebc5b000 r--s 0000d000 08:15 13654750                   /home/nokorot/Workspace/Java/PS/PS 3.0.0/LWJGL3/lwjgl-lmdb-natives-linux.jar
7f59ebc5b000-7f59ebc5d000 r--s 00007000 08:15 13654736                   /home/nokorot/Workspace/Java/PS/PS 3.0.0/LWJGL3/lwjgl-jemalloc.jar
7f59ebc5d000-7f59ebc5e000 r--s 00019000 08:15 13654734                   /home/nokorot/Workspace/Java/PS/PS 3.0.0/LWJGL3/lwjgl-jemalloc-natives-linux.jar
7f59ebc5e000-7f59ebc5f000 r--s 00005000 08:15 13654724                   /home/nokorot/Workspace/Java/PS/PS 3.0.0/LWJGL3/lwjgl-jawt.jar
7f59ebc5f000-7f59ebc61000 r--s 00066000 08:15 13654732                   /home/nokorot/Workspace/Java/PS/PS 3.0.0/LWJGL3/lwjgl-jawt-javadoc.jar
7f59ebc61000-7f59ebc64000 r--s 00015000 08:15 13654722                   /home/nokorot/Workspace/Java/PS/PS 3.0.0/LWJGL3/lwjgl-glfw.jar
7f59ebc64000-7f59ebc65000 r--s 0000e000 08:15 13654716                   /home/nokorot/Workspace/Java/PS/PS 3.0.0/LWJGL3/lwjgl-glfw-natives-linux.jar
7f59ebc65000-7f59ebc69000 r--s 0001b000 08:15 13654708                   /home/nokorot/Workspace/Java/PS/PS 3.0.0/LWJGL3/lwjgl-egl.jar
7f59ebc69000-7f59ebc6d000 r--s 0001e000 08:15 13654712                   /home/nokorot/Workspace/Java/PS/PS 3.0.0/LWJGL3/lwjgl-egl-sources.jar
7f59ebc6d000-7f59ebc70000 r--s 0001f000 08:15 13654702                   /home/nokorot/Workspace/Java/PS/PS 3.0.0/LWJGL3/lwjgl-bgfx.jar
7f59ebc70000-7f59ebc71000 r--s 00042000 08:15 13654704                   /home/nokorot/Workspace/Java/PS/PS 3.0.0/LWJGL3/lwjgl-bgfx-natives-linux.jar
7f59ebc71000-7f59ebc75000 r--s 0002a000 08:15 13654692                   /home/nokorot/Workspace/Java/PS/PS 3.0.0/LWJGL3/lwjgl-assimp.jar
7f59ebc75000-7f59ebc76000 r--s 002ae000 08:15 13654740                   /home/nokorot/Workspace/Java/PS/PS 3.0.0/LWJGL3/lwjgl-assimp-natives-linux.jar
7f59ebc76000-7f59ebc7a000 r--s 0003d000 08:15 13654827                   /home/nokorot/Workspace/Java/PS/PS 3.0.0/LWJGL3/lwjgl.jar
7f59ebc7a000-7f59ebc82000 rw-s 00000000 08:15 1325743                    /tmp/hsperfdata_nokorot/3913
7f59ebc82000-7f59ebc83000 rw-p 00000000 00:00 0 
7f59ebc83000-7f59ebc84000 r--p 00000000 00:00 0 
7f59ebc84000-7f59ebc86000 rw-p 00000000 00:00 0 
7f59ebc86000-7f59ebc87000 r--p 00025000 08:15 7082039                    /lib/x86_64-linux-gnu/ld-2.23.so
7f59ebc87000-7f59ebc88000 rw-p 00026000 08:15 7082039                    /lib/x86_64-linux-gnu/ld-2.23.so
7f59ebc88000-7f59ebc89000 rw-p 00000000 00:00 0 
7ffe1083e000-7ffe10860000 rw-p 00000000 00:00 0                          [stack]
7ffe10936000-7ffe10938000 r--p 00000000 00:00 0                          [vvar]
7ffe10938000-7ffe1093a000 r-xp 00000000 00:00 0                          [vdso]
ffffffffff600000-ffffffffff601000 r-xp 00000000 00:00 0                  [vsyscall]

VM Arguments:
jvm_args: -agentlib:jdwp=transport=dt_socket,suspend=y,address=localhost:33800 -Djava.library.path=/home/noko/workspace/Java/Test/Test/LWJGL3 -Dfile.encoding=UTF-8 
java_command: engineTest.Main
java_class_path (initial): /home/nokorot/Workspace/Java/PS/PS 3.0.0/bin:/home/nokorot/Workspace/Java/PS/PS 3.0.0/LWJGL3/lwjgl.jar:/home/nokorot/Workspace/Java/PS/PS 3.0.0/LWJGL3/lwjgl-assimp-natives-linux.jar:/home/nokorot/Workspace/Java/PS/PS 3.0.0/LWJGL3/lwjgl-assimp.jar:/home/nokorot/Workspace/Java/PS/PS 3.0.0/LWJGL3/lwjgl-bgfx-natives-linux.jar:/home/nokorot/Workspace/Java/PS/PS 3.0.0/LWJGL3/lwjgl-bgfx.jar:/home/nokorot/Workspace/Java/PS/PS 3.0.0/LWJGL3/lwjgl-egl-sources.jar:/home/nokorot/Workspace/Java/PS/PS 3.0.0/LWJGL3/lwjgl-egl.jar:/home/nokorot/Workspace/Java/PS/PS 3.0.0/LWJGL3/lwjgl-glfw-natives-linux.jar:/home/nokorot/Workspace/Java/PS/PS 3.0.0/LWJGL3/lwjgl-glfw.jar:/home/nokorot/Workspace/Java/PS/PS 3.0.0/LWJGL3/lwjgl-jawt-javadoc.jar:/home/nokorot/Workspace/Java/PS/PS 3.0.0/LWJGL3/lwjgl-jawt.jar:/home/nokorot/Workspace/Java/PS/PS 3.0.0/LWJGL3/lwjgl-jemalloc-natives-linux.jar:/home/nokorot/Workspace/Java/PS/PS 3.0.0/LWJGL3/lwjgl-jemalloc.jar:/home/nokorot/Workspace/Java/PS/PS 3.0.0/LWJGL3/lwjgl-lmdb-natives-linux.jar:/home/nokorot/Workspace/Java/PS/PS 3.0.0/LWJGL3/lwjgl-lmdb.jar:/home/nokorot/Workspace/Java/PS/PS 3.0.0/LWJGL3/lwjgl-nanovg-natives-linux.jar:/home/nokorot/Workspace/Java/PS/PS 3.0.0/LWJGL3/lwjgl-nanovg.jar:/home/nokorot/Workspace/Java/PS/PS 3.0.0/LWJGL3/lwjgl-natives-linux.jar:/home/nokorot/Workspace/Java/PS/PS 3.0.0/LWJGL3/lwjgl-nfd-natives-linux.jar:/home/nokorot/Workspace/Java/PS/PS 3.0.0/LWJGL3/lwjgl-nfd.jar:/home/nokorot/Workspace/Java/PS/PS 3.0.0/LWJGL3/lwjgl-nuklear-natives-linux.jar:/home/nokorot/Workspace/Java/PS/PS 3.0.0/LWJGL3/lwjgl-nuklear.jar:/home/nokorot/Workspace/Java/PS/PS 3.0.0/LWJGL3/lwjgl-openal-natives-linux.jar:/home/nokorot/Workspace/Java/PS/PS 3.0.0/LWJGL3/lwjgl-openal.jar:/home/nokorot/Workspace/Java/PS/PS 3.0.0/LWJGL3/lwjgl-opencl.jar:/home/nokorot/Workspace/Java/PS/PS 3.0.0/LWJGL3/lwjgl-opengl-natives-linux.jar:/home/nokorot/Workspace/Java/PS/PS 3.0.0/LWJGL3/lwjgl-opengl.jar:/home/nokorot/Workspace/Java/PS/PS 3.
Launcher Type: SUN_STANDARD

Environment Variables:
JAVA_HOME=/usr/lib/jvm/java-8-oracle
PATH=/home/nokorot/.cabal/bin:/opt/cabal/1.22/bin:/opt/ghc/7.10.3/bin:/home/nokorot/.bin:/home/nokorot/bin:/home/nokorot/.local/bin:/usr/local/sbin:/usr/local/bin:/usr/sbin:/usr/bin:/sbin:/bin:/usr/games:/usr/local/games:/snap/bin:/usr/lib/jvm/java-8-oracle/bin:/usr/lib/jvm/java-8-oracle/db/bin:/usr/lib/jvm/java-8-oracle/jre/bin
USERNAME=nokorot
SHELL=/bin/bash
DISPLAY=:1

Signal Handlers:
SIGSEGV: [libjvm.so+0xac64b0], sa_mask[0]=11111111011111111101111111111110, sa_flags=SA_RESTART|SA_SIGINFO
SIGBUS: [libjvm.so+0xac64b0], sa_mask[0]=11111111011111111101111111111110, sa_flags=SA_RESTART|SA_SIGINFO
SIGFPE: [libjvm.so+0x91f950], sa_mask[0]=11111111011111111101111111111110, sa_flags=SA_RESTART|SA_SIGINFO
SIGPIPE: [libjvm.so+0x91f950], sa_mask[0]=11111111011111111101111111111110, sa_flags=SA_RESTART|SA_SIGINFO
SIGXFSZ: [libjvm.so+0x91f950], sa_mask[0]=11111111011111111101111111111110, sa_flags=SA_RESTART|SA_SIGINFO
SIGILL: [libjvm.so+0x91f950], sa_mask[0]=11111111011111111101111111111110, sa_flags=SA_RESTART|SA_SIGINFO
SIGUSR1: SIG_DFL, sa_mask[0]=00000000000000000000000000000000, sa_flags=none
SIGUSR2: [libjvm.so+0x920f80], sa_mask[0]=00100000000000000000000000000000, sa_flags=SA_RESTART|SA_SIGINFO
SIGHUP: [libjvm.so+0x922380], sa_mask[0]=11111111011111111101111111111110, sa_flags=SA_RESTART|SA_SIGINFO
SIGINT: [libjvm.so+0x922380], sa_mask[0]=11111111011111111101111111111110, sa_flags=SA_RESTART|SA_SIGINFO
SIGTERM: [libjvm.so+0x922380], sa_mask[0]=11111111011111111101111111111110, sa_flags=SA_RESTART|SA_SIGINFO
SIGQUIT: [libjvm.so+0x922380], sa_mask[0]=11111111011111111101111111111110, sa_flags=SA_RESTART|SA_SIGINFO


---------------  S Y S T E M  ---------------

OS:DISTRIB_ID=Ubuntu
DISTRIB_RELEASE=16.04
DISTRIB_CODENAME=xenial
DISTRIB_DESCRIPTION="Ubuntu 16.04.1 LTS"

uname:Linux 4.4.0-59-generic #80-Ubuntu SMP Fri Jan 6 17:47:47 UTC 2017 x86_64
libc:glibc 2.23 NPTL 2.23 
rlimit: STACK 8192k, CORE 0k, NPROC 31349, NOFILE 65536, AS infinity
load average:0,40 0,55 0,69

/proc/meminfo:
MemTotal:        8065832 kB
MemFree:          403404 kB
MemAvailable:    2515772 kB
Buffers:          184840 kB
Cached:          2935420 kB
SwapCached:          240 kB
Active:          5353648 kB
Inactive:        1928132 kB
Active(anon):    3901236 kB
Inactive(anon):  1135560 kB
Active(file):    1452412 kB
Inactive(file):   792572 kB
Unevictable:         496 kB
Mlocked:             496 kB
SwapTotal:       1951740 kB
SwapFree:        1921408 kB
Dirty:               276 kB
Writeback:             0 kB
AnonPages:       4161876 kB
Mapped:           825872 kB
Shmem:            875276 kB
Slab:             222272 kB
SReclaimable:     172280 kB
SUnreclaim:        49992 kB
KernelStack:       14256 kB
PageTables:        66496 kB
NFS_Unstable:          0 kB
Bounce:                0 kB
WritebackTmp:          0 kB
CommitLimit:     5984656 kB
Committed_AS:   11175860 kB
VmallocTotal:   34359738367 kB
VmallocUsed:           0 kB
VmallocChunk:          0 kB
HardwareCorrupted:     0 kB
AnonHugePages:   1996800 kB
CmaTotal:              0 kB
CmaFree:               0 kB
HugePages_Total:       0
HugePages_Free:        0
HugePages_Rsvd:        0
HugePages_Surp:        0
Hugepagesize:       2048 kB
DirectMap4k:      255272 kB
DirectMap2M:     8024064 kB


CPU:total 4 (2 cores per cpu, 2 threads per core) family 6 model 58 stepping 9, cmov, cx8, fxsr, mmx, sse, sse2, sse3, ssse3, sse4.1, sse4.2, popcnt, avx, aes, clmul, erms, ht, tsc, tscinvbit, tscinv

/proc/cpuinfo:
processor	: 0
vendor_id	: GenuineIntel
cpu family	: 6
model		: 58
model name	: Intel(R) Core(TM) i5-3210M CPU @ 2.50GHz
stepping	: 9
microcode	: 0x15
cpu MHz		: 2900.000
cache size	: 3072 KB
physical id	: 0
siblings	: 4
core id		: 0
cpu cores	: 2
apicid		: 0
initial apicid	: 0
fpu		: yes
fpu_exception	: yes
cpuid level	: 13
wp		: yes
flags		: fpu vme de pse tsc msr pae mce cx8 apic sep mtrr pge mca cmov pat pse36 clflush dts acpi mmx fxsr sse sse2 ss ht tm pbe syscall nx rdtscp lm constant_tsc arch_perfmon pebs bts rep_good nopl xtopology nonstop_tsc aperfmperf eagerfpu pni pclmulqdq dtes64 monitor ds_cpl vmx est tm2 ssse3 cx16 xtpr pdcm pcid sse4_1 sse4_2 x2apic popcnt tsc_deadline_timer aes xsave avx f16c rdrand lahf_lm epb tpr_shadow vnmi flexpriority ept vpid fsgsbase smep erms xsaveopt dtherm ida arat pln pts
bugs		:
bogomips	: 4989.04
clflush size	: 64
cache_alignment	: 64
address sizes	: 36 bits physical, 48 bits virtual
power management:

processor	: 1
vendor_id	: GenuineIntel
cpu family	: 6
model		: 58
model name	: Intel(R) Core(TM) i5-3210M CPU @ 2.50GHz
stepping	: 9
microcode	: 0x15
cpu MHz		: 2900.000
cache size	: 3072 KB
physical id	: 0
siblings	: 4
core id		: 1
cpu cores	: 2
apicid		: 2
initial apicid	: 2
fpu		: yes
fpu_exception	: yes
cpuid level	: 13
wp		: yes
flags		: fpu vme de pse tsc msr pae mce cx8 apic sep mtrr pge mca cmov pat pse36 clflush dts acpi mmx fxsr sse sse2 ss ht tm pbe syscall nx rdtscp lm constant_tsc arch_perfmon pebs bts rep_good nopl xtopology nonstop_tsc aperfmperf eagerfpu pni pclmulqdq dtes64 monitor ds_cpl vmx est tm2 ssse3 cx16 xtpr pdcm pcid sse4_1 sse4_2 x2apic popcnt tsc_deadline_timer aes xsave avx f16c rdrand lahf_lm epb tpr_shadow vnmi flexpriority ept vpid fsgsbase smep erms xsaveopt dtherm ida arat pln pts
bugs		:
bogomips	: 4989.04
clflush size	: 64
cache_alignment	: 64
address sizes	: 36 bits physical, 48 bits virtual
power management:

processor	: 2
vendor_id	: GenuineIntel
cpu family	: 6
model		: 58
model name	: Intel(R) Core(TM) i5-3210M CPU @ 2.50GHz
stepping	: 9
microcode	: 0x15
cpu MHz		: 2899.902
cache size	: 3072 KB
physical id	: 0
siblings	: 4
core id		: 0
cpu cores	: 2
apicid		: 1
initial apicid	: 1
fpu		: yes
fpu_exception	: yes
cpuid level	: 13
wp		: yes
flags		: fpu vme de pse tsc msr pae mce cx8 apic sep mtrr pge mca cmov pat pse36 clflush dts acpi mmx fxsr sse sse2 ss ht tm pbe syscall nx rdtscp lm constant_tsc arch_perfmon pebs bts rep_good nopl xtopology nonstop_tsc aperfmperf eagerfpu pni pclmulqdq dtes64 monitor ds_cpl vmx est tm2 ssse3 cx16 xtpr pdcm pcid sse4_1 sse4_2 x2apic popcnt tsc_deadline_timer aes xsave avx f16c rdrand lahf_lm epb tpr_shadow vnmi flexpriority ept vpid fsgsbase smep erms xsaveopt dtherm ida arat pln pts
bugs		:
bogomips	: 4989.04
clflush size	: 64
cache_alignment	: 64
address sizes	: 36 bits physical, 48 bits virtual
power management:

processor	: 3
vendor_id	: GenuineIntel
cpu family	: 6
model		: 58
model name	: Intel(R) Core(TM) i5-3210M CPU @ 2.50GHz
stepping	: 9
microcode	: 0x15
cpu MHz		: 2900.000
cache size	: 3072 KB
physical id	: 0
siblings	: 4
core id		: 1
cpu cores	: 2
apicid		: 3
initial apicid	: 3
fpu		: yes
fpu_exception	: yes
cpuid level	: 13
wp		: yes
flags		: fpu vme de pse tsc msr pae mce cx8 apic sep mtrr pge mca cmov pat pse36 clflush dts acpi mmx fxsr sse sse2 ss ht tm pbe syscall nx rdtscp lm constant_tsc arch_perfmon pebs bts rep_good nopl xtopology nonstop_tsc aperfmperf eagerfpu pni pclmulqdq dtes64 monitor ds_cpl vmx est tm2 ssse3 cx16 xtpr pdcm pcid sse4_1 sse4_2 x2apic popcnt tsc_deadline_timer aes xsave avx f16c rdrand lahf_lm epb tpr_shadow vnmi flexpriority ept vpid fsgsbase smep erms xsaveopt dtherm ida arat pln pts
bugs		:
bogomips	: 4989.04
clflush size	: 64
cache_alignment	: 64
address sizes	: 36 bits physical, 48 bits virtual
power management:



Memory: 4k page, physical 8065832k(403404k free), swap 1951740k(1921408k free)

vm_info: Java HotSpot(TM) 64-Bit Server VM (25.111-b14) for linux-amd64 JRE (1.8.0_111-b14), built on Sep 22 2016 16:14:03 by "java_re" with gcc 4.3.0 20080428 (Red Hat 4.3.0-8)

time: Sun Feb  5 02:00:17 2017
elapsed time: 0 seconds (0d 0h 0m 0s)

