#
# A fatal error has been detected by the Java Runtime Environment:
#
#  SIGSEGV (0xb) at pc=0x00007f52b864dccc, pid=29241, tid=0x00007f5283dff700
#
# JRE version: Java(TM) SE Runtime Environment (8.0_111-b14) (build 1.8.0_111-b14)
# Java VM: Java HotSpot(TM) 64-Bit Server VM (25.111-b14 mixed mode linux-amd64 compressed oops)
# Problematic frame:
# C  [liblwjgl_opengl.so+0x46ccc]  Java_org_lwjgl_opengl_GL30_nglGenVertexArrays__IJ+0xc
#
# Failed to write core dump. Core dumps have been disabled. To enable core dumping, try "ulimit -c unlimited" before starting Java again
#
# If you would like to submit a bug report, please visit:
#   http://bugreport.java.com/bugreport/crash.jsp
# The crash happened outside the Java Virtual Machine in native code.
# See problematic frame for where to report the bug.
#

---------------  T H R E A D  ---------------

Current thread (0x00007f528cadd000):  JavaThread "Thread-2" [_thread_in_native, id=29266, stack(0x00007f5283cff000,0x00007f5283e00000)]

siginfo: si_signo: 11 (SIGSEGV), si_code: 1 (SEGV_MAPERR), si_addr: 0x0000000000000f18

Registers:
RAX=0x0000000000000000, RBX=0x00007f52b856fce0, RCX=0x00007f52780182ec, RDX=0x0000000000000001
RSP=0x00007f5283dfe598, RBP=0x00007f5283dfe5f8, RSI=0x00007f52780182ec, RDI=0x0000000000000001
R8 =0x00000000ec8021b0, R9 =0x0000000000000004, R10=0x00007f52d5017a08, R11=0x00007f52eb566a70
R12=0x0000000000000000, R13=0x00007f52b856fce0, R14=0x00007f5283dfe628, R15=0x00007f528cadd000
RIP=0x00007f52b864dccc, EFLAGS=0x0000000000010287, CSGSFS=0x002b000000000033, ERR=0x0000000000000004
  TRAPNO=0x000000000000000e

Top of Stack: (sp=0x00007f5283dfe598)
0x00007f5283dfe598:   00007f52d5017a34 0000000000000000
0x00007f5283dfe5a8:   00007f5283dfe5c0 00007f5283dfe610
0x00007f5283dfe5b8:   00007f5283dfe5b8 0000000000000000
0x00007f5283dfe5c8:   00007f5283dfe628 00007f52b85723f0
0x00007f5283dfe5d8:   0000000000000000 00007f52b856fce0
0x00007f5283dfe5e8:   0000000000000000 00007f5283dfe618
0x00007f5283dfe5f8:   00007f5283dfe670 00007f52d50082bd
0x00007f5283dfe608:   00000000ed03a618 00007f52d5011538
0x00007f5283dfe618:   00007f52780182ec 00000000ec8021a0
0x00007f5283dfe628:   0000000000000001 00007f5283dfe630
0x00007f5283dfe638:   00007f52b856fe34 00007f5283dfe6a0
0x00007f5283dfe648:   00007f52b85723f0 0000000000000000
0x00007f5283dfe658:   00007f52b856fe98 00007f5283dfe618
0x00007f5283dfe668:   00007f5283dfe6a8 00007f5283dfe6e8
0x00007f5283dfe678:   00007f52d5007d00 0000000000000000
0x00007f5283dfe688:   0000000000000000 00000000ec8021a0
0x00007f5283dfe698:   0000000000008000 00000000ec8020a0
0x00007f5283dfe6a8:   00007f5283dfe6a8 00007f52b8145e30
0x00007f5283dfe6b8:   00007f5283dfe6f8 00007f52b8177db8
0x00007f5283dfe6c8:   0000000000000000 00007f52b8145e50
0x00007f5283dfe6d8:   00007f5283dfe6a8 00007f5283dfe700
0x00007f5283dfe6e8:   00007f5283dfe740 00007f52d5008040
0x00007f5283dfe6f8:   0000000000000000 00007f5283dfe700
0x00007f5283dfe708:   00007f52b825a5b4 00007f5283dfe760
0x00007f5283dfe718:   00007f52b825ae28 0000000000000000
0x00007f5283dfe728:   00007f52b825a620 00007f5283dfe700
0x00007f5283dfe738:   00007f5283dfe760 00007f5283dfe7a8
0x00007f5283dfe748:   00007f52d50082bd 0000000000000000
0x00007f5283dfe758:   00000000ec801ee8 00000000ec7c0a28
0x00007f5283dfe768:   00007f5283dfe768 00007f52b825a6ae
0x00007f5283dfe778:   00007f5283dfe7c0 00007f52b825ae28
0x00007f5283dfe788:   0000000000000000 00007f52b825a6d8 

Instructions: (pc=0x00007f52b864dccc)
0x00007f52b864dcac:   c0 1b 00 00 ff e0 66 66 66 66 66 2e 0f 1f 84 00
0x00007f52b864dcbc:   00 00 00 00 48 8b 07 48 89 ce 89 d7 48 8b 40 18
0x00007f52b864dccc:   48 8b 80 18 0f 00 00 ff e0 66 66 2e 0f 1f 84 00
0x00007f52b864dcdc:   00 00 00 00 48 8b 07 48 89 ce 89 d7 48 8b 40 18 

Register to memory mapping:

RAX=0x0000000000000000 is an unknown value
RBX={method} {0x00007f52b856fce0} 'nglGenVertexArrays' '(IJ)V' in 'org/lwjgl/opengl/GL30'
RCX=0x00007f52780182ec is an unknown value
RDX=0x0000000000000001 is an unknown value
RSP=0x00007f5283dfe598 is pointing into the stack for thread: 0x00007f528cadd000
RBP=0x00007f5283dfe5f8 is pointing into the stack for thread: 0x00007f528cadd000
RSI=0x00007f52780182ec is an unknown value
RDI=0x0000000000000001 is an unknown value
R8 =0x00000000ec8021b0 is an oop

[error occurred during error reporting (printing register info), id 0xb]

Stack: [0x00007f5283cff000,0x00007f5283e00000],  sp=0x00007f5283dfe598,  free space=1021k
Native frames: (J=compiled Java code, j=interpreted, Vv=VM code, C=native code)
C  [liblwjgl_opengl.so+0x46ccc]  Java_org_lwjgl_opengl_GL30_nglGenVertexArrays__IJ+0xc
j  org.lwjgl.opengl.GL30.glGenVertexArrays()I+20
j  openglObjects.Vao.create()LopenglObjects/Vao;+0
j  fontMeshCreator.GUIText.updateMesh()V+12
j  fontMeshCreator.GUIText.setText(Ljava/lang/String;)V+6
j  PSTeam.lambda$0()V+92
j  PSTeam$$Lambda$29.run()V+4
j  java.lang.Thread.run()V+11
v  ~StubRoutines::call_stub
V  [libjvm.so+0x690206]  JavaCalls::call_helper(JavaValue*, methodHandle*, JavaCallArguments*, Thread*)+0x1056
V  [libjvm.so+0x690711]  JavaCalls::call_virtual(JavaValue*, KlassHandle, Symbol*, Symbol*, JavaCallArguments*, Thread*)+0x321
V  [libjvm.so+0x690bb7]  JavaCalls::call_virtual(JavaValue*, Handle, KlassHandle, Symbol*, Symbol*, Thread*)+0x47
V  [libjvm.so+0x7278f0]  thread_entry(JavaThread*, Thread*)+0xa0
V  [libjvm.so+0xa742b3]  JavaThread::thread_main_inner()+0x103
V  [libjvm.so+0xa743fc]  JavaThread::run()+0x11c
V  [libjvm.so+0x924ea8]  java_start(Thread*)+0x108
C  [libpthread.so.0+0x770a]  start_thread+0xca

Java frames: (J=compiled Java code, j=interpreted, Vv=VM code)
j  org.lwjgl.opengl.GL30.nglGenVertexArrays(IJ)V+0
j  org.lwjgl.opengl.GL30.glGenVertexArrays()I+20
j  openglObjects.Vao.create()LopenglObjects/Vao;+0
j  fontMeshCreator.GUIText.updateMesh()V+12
j  fontMeshCreator.GUIText.setText(Ljava/lang/String;)V+6
j  PSTeam.lambda$0()V+92
j  PSTeam$$Lambda$29.run()V+4
j  java.lang.Thread.run()V+11
v  ~StubRoutines::call_stub

---------------  P R O C E S S  ---------------

Java Threads: ( => current thread )
=>0x00007f528cadd000 JavaThread "Thread-2" [_thread_in_native, id=29266, stack(0x00007f5283cff000,0x00007f5283e00000)]
  0x00007f52e400b000 JavaThread "DestroyJavaVM" [_thread_blocked, id=29243, stack(0x00007f52ec695000,0x00007f52ec796000)]
  0x00007f52e4241800 JavaThread "AWT-EventQueue-0" [_thread_blocked, id=29265, stack(0x00007f52b8306000,0x00007f52b8407000)]
  0x00007f52e423a800 JavaThread "AWT-Shutdown" [_thread_blocked, id=29264, stack(0x00007f52ca031000,0x00007f52ca132000)]
  0x00007f52e41aa800 JavaThread "AWT-XAWT" daemon [_thread_in_native, id=29262, stack(0x00007f52ca7f9000,0x00007f52ca8fa000)]
  0x00007f52e4188000 JavaThread "Java2D Disposer" daemon [_thread_blocked, id=29261, stack(0x00007f52cb132000,0x00007f52cb233000)]
  0x00007f52e413e800 JavaThread "Thread-0" [_thread_in_native, id=29260, stack(0x00007f52cb6c3000,0x00007f52cb7c4000)]
  0x00007f52e40c2800 JavaThread "Service Thread" daemon [_thread_blocked, id=29258, stack(0x00007f52d0fba000,0x00007f52d10bb000)]
  0x00007f52e40bf800 JavaThread "C1 CompilerThread2" daemon [_thread_blocked, id=29257, stack(0x00007f52d10bb000,0x00007f52d11bc000)]
  0x00007f52e40bd800 JavaThread "C2 CompilerThread1" daemon [_thread_blocked, id=29256, stack(0x00007f52d11bc000,0x00007f52d12bd000)]
  0x00007f52e40ba800 JavaThread "C2 CompilerThread0" daemon [_thread_blocked, id=29255, stack(0x00007f52d12bd000,0x00007f52d13be000)]
  0x00007f52e40b9000 JavaThread "Signal Dispatcher" daemon [_thread_blocked, id=29254, stack(0x00007f52d13be000,0x00007f52d14bf000)]
  0x00007f52e4085000 JavaThread "Finalizer" daemon [_thread_blocked, id=29253, stack(0x00007f52d1ffe000,0x00007f52d20ff000)]
  0x00007f52e4080800 JavaThread "Reference Handler" daemon [_thread_blocked, id=29252, stack(0x00007f52d20ff000,0x00007f52d2200000)]

Other Threads:
  0x00007f52e4079000 VMThread [stack: 0x00007f52d2200000,0x00007f52d2301000] [id=29251]
  0x00007f52e40c5800 WatcherThread [stack: 0x00007f52d0eb9000,0x00007f52d0fba000] [id=29259]

VM state:not at safepoint (normal execution)

VM Mutex/Monitor currently owned by a thread: None

Heap:
 PSYoungGen      total 17920K, used 10277K [0x00000000ec100000, 0x00000000ed500000, 0x0000000100000000)
  eden space 15360K, 50% used [0x00000000ec100000,0x00000000ec88d330,0x00000000ed000000)
  from space 2560K, 99% used [0x00000000ed000000,0x00000000ed27c408,0x00000000ed280000)
  to   space 2560K, 0% used [0x00000000ed280000,0x00000000ed280000,0x00000000ed500000)
 ParOldGen       total 40960K, used 1414K [0x00000000c4200000, 0x00000000c6a00000, 0x00000000ec100000)
  object space 40960K, 3% used [0x00000000c4200000,0x00000000c4361bc0,0x00000000c6a00000)
 Metaspace       used 15609K, capacity 15821K, committed 16128K, reserved 1062912K
  class space    used 1678K, capacity 1760K, committed 1792K, reserved 1048576K

Card table byte_map: [0x00007f52e925e000,0x00007f52e943e000] byte_map_base: 0x00007f52e8c3d000

Marking Bits: (ParMarkBitMap*) 0x00007f52ebb67220
 Begin Bits: [0x00007f52d3210000, 0x00007f52d4108000)
 End Bits:   [0x00007f52d4108000, 0x00007f52d5000000)

Polling page: 0x00007f52ec7b3000

CodeCache: size=245760Kb used=3598Kb max_used=3608Kb free=242162Kb
 bounds [0x00007f52d5000000, 0x00007f52d5390000, 0x00007f52e4000000]
 total_blobs=1958 nmethods=960 adapters=912
 compilation: enabled

Compilation events (10 events):
Event: 7,451 Thread 0x00007f52e40bf800  955       3       LiveWindow::update (1 bytes)
Event: 7,453 Thread 0x00007f52e40bf800 nmethod 955 0x00007f52d537f2d0 code [0x00007f52d537f420, 0x00007f52d537f570]
Event: 7,453 Thread 0x00007f52e40bf800  957       3       guis.GuiRenderer::render (168 bytes)
Event: 7,457 Thread 0x00007f52e40bf800 nmethod 957 0x00007f52d537f610 code [0x00007f52d537fa20, 0x00007f52d5381798]
Event: 7,457 Thread 0x00007f52e40bf800  956       3       LiveWindow::render (10 bytes)
Event: 7,458 Thread 0x00007f52e40bf800 nmethod 956 0x00007f52d5382810 code [0x00007f52d53829a0, 0x00007f52d5382bd8]
Event: 7,458 Thread 0x00007f52e40bf800  958       3       fontRendering.FontShader::loadMaterial (99 bytes)
Event: 7,459 Thread 0x00007f52e40bf800 nmethod 958 0x00007f52d5382d10 code [0x00007f52d5382f60, 0x00007f52d5383b88]
Event: 8,779 Thread 0x00007f52e40bd800  959       4       java.nio.DirectFloatBufferU::put (17 bytes)
Event: 8,782 Thread 0x00007f52e40bd800 nmethod 959 0x00007f52d5379250 code [0x00007f52d53793a0, 0x00007f52d5379458]

GC Heap History (2 events):
Event: 2,844 GC heap before
{Heap before GC invocations=1 (full 0):
 PSYoungGen      total 17920K, used 15029K [0x00000000ec100000, 0x00000000ed500000, 0x0000000100000000)
  eden space 15360K, 97% used [0x00000000ec100000,0x00000000ecfad470,0x00000000ed000000)
  from space 2560K, 0% used [0x00000000ed280000,0x00000000ed280000,0x00000000ed500000)
  to   space 2560K, 0% used [0x00000000ed000000,0x00000000ed000000,0x00000000ed280000)
 ParOldGen       total 40960K, used 0K [0x00000000c4200000, 0x00000000c6a00000, 0x00000000ec100000)
  object space 40960K, 0% used [0x00000000c4200000,0x00000000c4200000,0x00000000c6a00000)
 Metaspace       used 15036K, capacity 15239K, committed 15616K, reserved 1062912K
  class space    used 1616K, capacity 1695K, committed 1792K, reserved 1048576K
Event: 2,856 GC heap after
Heap after GC invocations=1 (full 0):
 PSYoungGen      total 17920K, used 2545K [0x00000000ec100000, 0x00000000ed500000, 0x0000000100000000)
  eden space 15360K, 0% used [0x00000000ec100000,0x00000000ec100000,0x00000000ed000000)
  from space 2560K, 99% used [0x00000000ed000000,0x00000000ed27c408,0x00000000ed280000)
  to   space 2560K, 0% used [0x00000000ed280000,0x00000000ed280000,0x00000000ed500000)
 ParOldGen       total 40960K, used 1414K [0x00000000c4200000, 0x00000000c6a00000, 0x00000000ec100000)
  object space 40960K, 3% used [0x00000000c4200000,0x00000000c4361bc0,0x00000000c6a00000)
 Metaspace       used 15036K, capacity 15239K, committed 15616K, reserved 1062912K
  class space    used 1616K, capacity 1695K, committed 1792K, reserved 1048576K
}

Deoptimization events (2 events):
Event: 0,811 Thread 0x00007f52e413e800 Uncommon trap: reason=null_check action=make_not_entrant pc=0x00007f52d516cfa8 method=java.lang.String.equals(Ljava/lang/Object;)Z @ 8
Event: 2,658 Thread 0x00007f52e413e800 Uncommon trap: reason=unstable_if action=reinterpret pc=0x00007f52d51e3308 method=java.lang.String.indexOf([CII[CIII)I @ 3

Internal exceptions (10 events):
Event: 0,408 Thread 0x00007f52e400b000 Exception <a 'java/security/PrivilegedActionException'> (0x00000000ec1934b0) thrown at [/HUDSON3/workspace/8-2-build-linux-amd64/jdk8u111/7883/hotspot/src/share/vm/prims/jvm.cpp, line 1386]
Event: 0,408 Thread 0x00007f52e400b000 Exception <a 'java/security/PrivilegedActionException'> (0x00000000ec1936c0) thrown at [/HUDSON3/workspace/8-2-build-linux-amd64/jdk8u111/7883/hotspot/src/share/vm/prims/jvm.cpp, line 1386]
Event: 0,579 Thread 0x00007f52e400b000 Exception <a 'java/lang/NoSuchFieldError': method resolution failed> (0x00000000ec2acf30) thrown at [/HUDSON3/workspace/8-2-build-linux-amd64/jdk8u111/7883/hotspot/src/share/vm/prims/methodHandles.cpp, line 1146]
Event: 0,602 Thread 0x00007f52e400b000 Exception <a 'java/lang/NoSuchFieldError': method resolution failed> (0x00000000ec2ba700) thrown at [/HUDSON3/workspace/8-2-build-linux-amd64/jdk8u111/7883/hotspot/src/share/vm/prims/methodHandles.cpp, line 1146]
Event: 0,650 Thread 0x00007f52e400b000 Exception <a 'java/io/FileNotFoundException'> (0x00000000ec33b0f8) thrown at [/HUDSON3/workspace/8-2-build-linux-amd64/jdk8u111/7883/hotspot/src/share/vm/prims/jni.cpp, line 709]
Event: 0,650 Thread 0x00007f52e400b000 Exception <a 'java/io/FileNotFoundException'> (0x00000000ec33ba98) thrown at [/HUDSON3/workspace/8-2-build-linux-amd64/jdk8u111/7883/hotspot/src/share/vm/prims/jni.cpp, line 709]
Event: 0,811 Thread 0x00007f52e413e800 Implicit null exception at 0x00007f52d516cddb to 0x00007f52d516cf99
Event: 1,648 Thread 0x00007f52e413e800 Exception <a 'sun/nio/fs/UnixException'> (0x00000000ec8f6a18) thrown at [/HUDSON3/workspace/8-2-build-linux-amd64/jdk8u111/7883/hotspot/src/share/vm/prims/jni.cpp, line 709]
Event: 1,655 Thread 0x00007f52e413e800 Exception <a 'sun/nio/fs/UnixException'> (0x00000000ec8f7d20) thrown at [/HUDSON3/workspace/8-2-build-linux-amd64/jdk8u111/7883/hotspot/src/share/vm/prims/jni.cpp, line 709]
Event: 2,037 Thread 0x00007f52e4241800 Exception <a 'java/lang/UnsupportedOperationException': > (0x00000000eca00f60) thrown at [/HUDSON3/workspace/8-2-build-linux-amd64/jdk8u111/7883/hotspot/src/share/vm/prims/jni.cpp, line 735]

Events (10 events):
Event: 3,190 loading class org/lwjgl/glfw/EventLoop$OnScreen done
Event: 3,190 loading class java/text/FieldPosition done
Event: 3,190 loading class java/text/DigitList
Event: 3,190 loading class java/text/DigitList done
Event: 3,190 loading class java/math/RoundingMode
Event: 3,190 loading class java/math/RoundingMode done
Event: 3,191 loading class java/util/regex/Pattern$Dollar
Event: 3,191 loading class java/util/regex/Pattern$Dollar done
Event: 4,227 Executing VM operation: EnableBiasedLocking
Event: 4,227 Executing VM operation: EnableBiasedLocking done


Dynamic libraries:
00400000-00401000 r-xp 00000000 08:01 3150682                            /usr/lib/jvm/java-8-oracle/bin/java
00600000-00601000 rw-p 00000000 08:01 3150682                            /usr/lib/jvm/java-8-oracle/bin/java
01aa1000-01ac2000 rw-p 00000000 00:00 0                                  [heap]
c4200000-c6a00000 rw-p 00000000 00:00 0 
c6a00000-ec100000 ---p 00000000 00:00 0 
ec100000-ed500000 rw-p 00000000 00:00 0 
ed500000-100000000 ---p 00000000 00:00 0 
100000000-1001c0000 rw-p 00000000 00:00 0 
1001c0000-140000000 ---p 00000000 00:00 0 
7f5278000000-7f52782b3000 rw-p 00000000 00:00 0 
7f52782b3000-7f527c000000 ---p 00000000 00:00 0 
7f527c000000-7f527c048000 rw-p 00000000 00:00 0 
7f527c048000-7f5280000000 ---p 00000000 00:00 0 
7f5283cff000-7f5283d02000 ---p 00000000 00:00 0 
7f5283d02000-7f5283e00000 rw-p 00000000 00:00 0 
7f5283e00000-7f5284028000 rw-p 00000000 00:00 0 
7f5284028000-7f5288000000 ---p 00000000 00:00 0 
7f5288000000-7f5288021000 rw-p 00000000 00:00 0 
7f5288021000-7f528c000000 ---p 00000000 00:00 0 
7f528c000000-7f528cc73000 rw-p 00000000 00:00 0 
7f528cc73000-7f5290000000 ---p 00000000 00:00 0 
7f5290000000-7f5290021000 rw-p 00000000 00:00 0 
7f5290021000-7f5294000000 ---p 00000000 00:00 0 
7f5294000000-7f5294021000 rw-p 00000000 00:00 0 
7f5294021000-7f5298000000 ---p 00000000 00:00 0 
7f5298000000-7f5298021000 rw-p 00000000 00:00 0 
7f5298021000-7f529c000000 ---p 00000000 00:00 0 
7f529c000000-7f529c1ec000 rw-p 00000000 00:00 0 
7f529c1ec000-7f52a0000000 ---p 00000000 00:00 0 
7f52a0000000-7f52a02d3000 rw-p 00000000 00:00 0 
7f52a02d3000-7f52a4000000 ---p 00000000 00:00 0 
7f52a4000000-7f52a4021000 rw-p 00000000 00:00 0 
7f52a4021000-7f52a8000000 ---p 00000000 00:00 0 
7f52a8000000-7f52a80f8000 rw-p 00000000 00:00 0 
7f52a80f8000-7f52ac000000 ---p 00000000 00:00 0 
7f52ac000000-7f52ac021000 rw-p 00000000 00:00 0 
7f52ac021000-7f52b0000000 ---p 00000000 00:00 0 
7f52b0000000-7f52b0021000 rw-p 00000000 00:00 0 
7f52b0021000-7f52b4000000 ---p 00000000 00:00 0 
7f52b4000000-7f52b4021000 rw-p 00000000 00:00 0 
7f52b4021000-7f52b8000000 ---p 00000000 00:00 0 
7f52b8006000-7f52b8106000 rw-s 00000000 00:05 311327                     /drm mm object (deleted)
7f52b8106000-7f52b8306000 rw-p 00000000 00:00 0 
7f52b8306000-7f52b8309000 ---p 00000000 00:00 0 
7f52b8309000-7f52b8607000 rw-p 00000000 00:00 0 
7f52b8607000-7f52b8670000 r-xp 00000000 08:01 1050039                    /tmp/lwjglnoko/3.1.1-build-16/liblwjgl_opengl.so
7f52b8670000-7f52b886f000 ---p 00069000 08:01 1050039                    /tmp/lwjglnoko/3.1.1-build-16/liblwjgl_opengl.so
7f52b886f000-7f52b8870000 r--p 00068000 08:01 1050039                    /tmp/lwjglnoko/3.1.1-build-16/liblwjgl_opengl.so
7f52b8870000-7f52b8871000 rw-p 00069000 08:01 1050039                    /tmp/lwjglnoko/3.1.1-build-16/liblwjgl_opengl.so
7f52b8871000-7f52b9b3e000 rw-p 00000000 00:00 0 
7f52b9b3e000-7f52b9b75000 r-xp 00000000 08:01 2238627                    /usr/lib/x86_64-linux-gnu/libtxc_dxtn_s2tc.so.0.0.0
7f52b9b75000-7f52b9d74000 ---p 00037000 08:01 2238627                    /usr/lib/x86_64-linux-gnu/libtxc_dxtn_s2tc.so.0.0.0
7f52b9d74000-7f52b9d75000 r--p 00036000 08:01 2238627                    /usr/lib/x86_64-linux-gnu/libtxc_dxtn_s2tc.so.0.0.0
7f52b9d75000-7f52b9d76000 rw-p 00037000 08:01 2238627                    /usr/lib/x86_64-linux-gnu/libtxc_dxtn_s2tc.so.0.0.0
7f52b9d76000-7f52b9d8f000 r-xp 00000000 08:01 1971065                    /lib/x86_64-linux-gnu/libz.so.1.2.8
7f52b9d8f000-7f52b9f8e000 ---p 00019000 08:01 1971065                    /lib/x86_64-linux-gnu/libz.so.1.2.8
7f52b9f8e000-7f52b9f8f000 r--p 00018000 08:01 1971065                    /lib/x86_64-linux-gnu/libz.so.1.2.8
7f52b9f8f000-7f52b9f90000 rw-p 00019000 08:01 1971065                    /lib/x86_64-linux-gnu/libz.so.1.2.8
7f52b9f90000-7f52b9f98000 r-xp 00000000 08:01 2238361                    /usr/lib/x86_64-linux-gnu/libpciaccess.so.0.11.1
7f52b9f98000-7f52ba198000 ---p 00008000 08:01 2238361                    /usr/lib/x86_64-linux-gnu/libpciaccess.so.0.11.1
7f52ba198000-7f52ba199000 r--p 00008000 08:01 2238361                    /usr/lib/x86_64-linux-gnu/libpciaccess.so.0.11.1
7f52ba199000-7f52ba19a000 rw-p 00009000 08:01 2238361                    /usr/lib/x86_64-linux-gnu/libpciaccess.so.0.11.1
7f52ba19a000-7f52ba1ac000 r-xp 00000000 08:01 1970927                    /lib/x86_64-linux-gnu/libgpg-error.so.0.19.1
7f52ba1ac000-7f52ba3ac000 ---p 00012000 08:01 1970927                    /lib/x86_64-linux-gnu/libgpg-error.so.0.19.1
7f52ba3ac000-7f52ba3ad000 r--p 00012000 08:01 1970927                    /lib/x86_64-linux-gnu/libgpg-error.so.0.19.1
7f52ba3ad000-7f52ba3ae000 rw-p 00013000 08:01 1970927                    /lib/x86_64-linux-gnu/libgpg-error.so.0.19.1
7f52ba3ae000-7f52ba526000 r-xp 00000000 08:01 2238566                    /usr/lib/x86_64-linux-gnu/libstdc++.so.6.0.22
7f52ba526000-7f52ba726000 ---p 00178000 08:01 2238566                    /usr/lib/x86_64-linux-gnu/libstdc++.so.6.0.22
7f52ba726000-7f52ba730000 r--p 00178000 08:01 2238566                    /usr/lib/x86_64-linux-gnu/libstdc++.so.6.0.22
7f52ba730000-7f52ba732000 rw-p 00182000 08:01 2238566                    /usr/lib/x86_64-linux-gnu/libstdc++.so.6.0.22
7f52ba732000-7f52ba736000 rw-p 00000000 00:00 0 
7f52ba736000-7f52ba741000 r-xp 00000000 08:01 2237663                    /usr/lib/x86_64-linux-gnu/libdrm_radeon.so.1.0.1
7f52ba741000-7f52ba940000 ---p 0000b000 08:01 2237663                    /usr/lib/x86_64-linux-gnu/libdrm_radeon.so.1.0.1
7f52ba940000-7f52ba941000 r--p 0000a000 08:01 2237663                    /usr/lib/x86_64-linux-gnu/libdrm_radeon.so.1.0.1
7f52ba941000-7f52ba942000 rw-p 0000b000 08:01 2237663                    /usr/lib/x86_64-linux-gnu/libdrm_radeon.so.1.0.1
7f52ba942000-7f52ba949000 r-xp 00000000 08:01 2237661                    /usr/lib/x86_64-linux-gnu/libdrm_nouveau.so.2.0.0
7f52ba949000-7f52bab48000 ---p 00007000 08:01 2237661                    /usr/lib/x86_64-linux-gnu/libdrm_nouveau.so.2.0.0
7f52bab48000-7f52bab49000 r--p 00006000 08:01 2237661                    /usr/lib/x86_64-linux-gnu/libdrm_nouveau.so.2.0.0
7f52bab49000-7f52bab4a000 rw-p 00007000 08:01 2237661                    /usr/lib/x86_64-linux-gnu/libdrm_nouveau.so.2.0.0
7f52bab4a000-7f52bab6a000 r-xp 00000000 08:01 2237659                    /usr/lib/x86_64-linux-gnu/libdrm_intel.so.1.0.0
7f52bab6a000-7f52bad69000 ---p 00020000 08:01 2237659                    /usr/lib/x86_64-linux-gnu/libdrm_intel.so.1.0.0
7f52bad69000-7f52bad6a000 r--p 0001f000 08:01 2237659                    /usr/lib/x86_64-linux-gnu/libdrm_intel.so.1.0.0
7f52bad6a000-7f52bad6b000 rw-p 00020000 08:01 2237659                    /usr/lib/x86_64-linux-gnu/libdrm_intel.so.1.0.0
7f52bad6b000-7f52bae72000 r-xp 00000000 08:01 1970923                    /lib/x86_64-linux-gnu/libgcrypt.so.20.1.2
7f52bae72000-7f52bb071000 ---p 00107000 08:01 1970923                    /lib/x86_64-linux-gnu/libgcrypt.so.20.1.2
7f52bb071000-7f52bb073000 r--p 00106000 08:01 1970923                    /lib/x86_64-linux-gnu/libgcrypt.so.20.1.2
7f52bb073000-7f52bb07a000 rw-p 00108000 08:01 1970923                    /lib/x86_64-linux-gnu/libgcrypt.so.20.1.2
7f52bb07a000-7f52bb71d000 r-xp 00000000 08:01 2492894                    /usr/lib/x86_64-linux-gnu/dri/i965_dri.so
7f52bb71d000-7f52bb91d000 ---p 006a3000 08:01 2492894                    /usr/lib/x86_64-linux-gnu/dri/i965_dri.so
7f52bb91d000-7f52bb95c000 r--p 006a3000 08:01 2492894                    /usr/lib/x86_64-linux-gnu/dri/i965_dri.so
7f52bb95c000-7f52bb964000 rw-p 006e2000 08:01 2492894                    /usr/lib/x86_64-linux-gnu/dri/i965_dri.so
7f52bb964000-7f52bb96c000 rw-p 00000000 00:00 0 
7f52bb96c000-7f52bb9d5000 r-xp 00000000 08:01 3150774                    /usr/lib/jvm/java-8-oracle/jre/lib/amd64/libt2k.so
7f52bb9d5000-7f52bbbd5000 ---p 00069000 08:01 3150774                    /usr/lib/jvm/java-8-oracle/jre/lib/amd64/libt2k.so
7f52bbbd5000-7f52bbbdc000 rw-p 00069000 08:01 3150774                    /usr/lib/jvm/java-8-oracle/jre/lib/amd64/libt2k.so
7f52bbbdc000-7f52bbbec000 rw-p 00000000 00:00 0 
7f52bbbec000-7f52bbbfa000 r-xp 00000000 08:01 2237655                    /usr/lib/x86_64-linux-gnu/libdrm.so.2.4.0
7f52bbbfa000-7f52bbdf9000 ---p 0000e000 08:01 2237655                    /usr/lib/x86_64-linux-gnu/libdrm.so.2.4.0
7f52bbdf9000-7f52bbdfa000 r--p 0000d000 08:01 2237655                    /usr/lib/x86_64-linux-gnu/libdrm.so.2.4.0
7f52bbdfa000-7f52bbdfb000 rw-p 0000e000 08:01 2237655                    /usr/lib/x86_64-linux-gnu/libdrm.so.2.4.0
7f52bbdfb000-7f52bbdff000 r-xp 00000000 08:01 2238838                    /usr/lib/x86_64-linux-gnu/libxcb-dri2.so.0.0.0
7f52bbdff000-7f52bbffe000 ---p 00004000 08:01 2238838                    /usr/lib/x86_64-linux-gnu/libxcb-dri2.so.0.0.0
7f52bbffe000-7f52bbfff000 r--p 00003000 08:01 2238838                    /usr/lib/x86_64-linux-gnu/libxcb-dri2.so.0.0.0
7f52bbfff000-7f52bc000000 rw-p 00004000 08:01 2238838                    /usr/lib/x86_64-linux-gnu/libxcb-dri2.so.0.0.0
7f52bc000000-7f52bc021000 rw-p 00000000 00:00 0 
7f52bc021000-7f52c0000000 ---p 00000000 00:00 0 
7f52c0000000-7f52c0021000 rw-p 00000000 00:00 0 
7f52c0021000-7f52c4000000 ---p 00000000 00:00 0 
7f52c4000000-7f52c4021000 rw-p 00000000 00:00 0 
7f52c4021000-7f52c8000000 ---p 00000000 00:00 0 
7f52c80d1000-7f52c80e8000 r-xp 00000000 08:01 2238842                    /usr/lib/x86_64-linux-gnu/libxcb-glx.so.0.0.0
7f52c80e8000-7f52c82e7000 ---p 00017000 08:01 2238842                    /usr/lib/x86_64-linux-gnu/libxcb-glx.so.0.0.0
7f52c82e7000-7f52c82e9000 r--p 00016000 08:01 2238842                    /usr/lib/x86_64-linux-gnu/libxcb-glx.so.0.0.0
7f52c82e9000-7f52c82ea000 rw-p 00018000 08:01 2238842                    /usr/lib/x86_64-linux-gnu/libxcb-glx.so.0.0.0
7f52c82ea000-7f52c82ec000 r-xp 00000000 08:01 2237347                    /usr/lib/x86_64-linux-gnu/libXdamage.so.1.1.0
7f52c82ec000-7f52c84eb000 ---p 00002000 08:01 2237347                    /usr/lib/x86_64-linux-gnu/libXdamage.so.1.1.0
7f52c84eb000-7f52c84ec000 r--p 00001000 08:01 2237347                    /usr/lib/x86_64-linux-gnu/libXdamage.so.1.1.0
7f52c84ec000-7f52c84ed000 rw-p 00002000 08:01 2237347                    /usr/lib/x86_64-linux-gnu/libXdamage.so.1.1.0
7f52c84ed000-7f52c8517000 r-xp 00000000 08:01 2237864                    /usr/lib/x86_64-linux-gnu/libglapi.so.0.0.0
7f52c8517000-7f52c8716000 ---p 0002a000 08:01 2237864                    /usr/lib/x86_64-linux-gnu/libglapi.so.0.0.0
7f52c8716000-7f52c871a000 r--p 00029000 08:01 2237864                    /usr/lib/x86_64-linux-gnu/libglapi.so.0.0.0
7f52c871a000-7f52c871b000 rw-p 0002d000 08:01 2237864                    /usr/lib/x86_64-linux-gnu/libglapi.so.0.0.0
7f52c871b000-7f52c871c000 rw-p 00000000 00:00 0 
7f52c871c000-7f52c871d000 r-xp 00000000 08:01 2238884                    /usr/lib/x86_64-linux-gnu/libxshmfence.so.1.0.0
7f52c871d000-7f52c891d000 ---p 00001000 08:01 2238884                    /usr/lib/x86_64-linux-gnu/libxshmfence.so.1.0.0
7f52c891d000-7f52c891e000 r--p 00001000 08:01 2238884                    /usr/lib/x86_64-linux-gnu/libxshmfence.so.1.0.0
7f52c891e000-7f52c891f000 rw-p 00002000 08:01 2238884                    /usr/lib/x86_64-linux-gnu/libxshmfence.so.1.0.0
7f52c891f000-7f52c8924000 r-xp 00000000 08:01 2238862                    /usr/lib/x86_64-linux-gnu/libxcb-sync.so.1.0.0
7f52c8924000-7f52c8b24000 ---p 00005000 08:01 2238862                    /usr/lib/x86_64-linux-gnu/libxcb-sync.so.1.0.0
7f52c8b24000-7f52c8b25000 r--p 00005000 08:01 2238862                    /usr/lib/x86_64-linux-gnu/libxcb-sync.so.1.0.0
7f52c8b25000-7f52c8b26000 rw-p 00006000 08:01 2238862                    /usr/lib/x86_64-linux-gnu/libxcb-sync.so.1.0.0
7f52c8b26000-7f52c8b28000 r-xp 00000000 08:01 2238850                    /usr/lib/x86_64-linux-gnu/libxcb-present.so.0.0.0
7f52c8b28000-7f52c8d27000 ---p 00002000 08:01 2238850                    /usr/lib/x86_64-linux-gnu/libxcb-present.so.0.0.0
7f52c8d27000-7f52c8d28000 r--p 00001000 08:01 2238850                    /usr/lib/x86_64-linux-gnu/libxcb-present.so.0.0.0
7f52c8d28000-7f52c8d29000 rw-p 00002000 08:01 2238850                    /usr/lib/x86_64-linux-gnu/libxcb-present.so.0.0.0
7f52c8d29000-7f52c8d2b000 r-xp 00000000 08:01 2238840                    /usr/lib/x86_64-linux-gnu/libxcb-dri3.so.0.0.0
7f52c8d2b000-7f52c8f2a000 ---p 00002000 08:01 2238840                    /usr/lib/x86_64-linux-gnu/libxcb-dri3.so.0.0.0
7f52c8f2a000-7f52c8f2b000 r--p 00001000 08:01 2238840                    /usr/lib/x86_64-linux-gnu/libxcb-dri3.so.0.0.0
7f52c8f2b000-7f52c8f2c000 rw-p 00002000 08:01 2238840                    /usr/lib/x86_64-linux-gnu/libxcb-dri3.so.0.0.0
7f52c8f2c000-7f52c8f53000 r-xp 00000000 08:01 1970914                    /lib/x86_64-linux-gnu/libexpat.so.1.6.2
7f52c8f53000-7f52c9153000 ---p 00027000 08:01 1970914                    /lib/x86_64-linux-gnu/libexpat.so.1.6.2
7f52c9153000-7f52c9155000 r--p 00027000 08:01 1970914                    /lib/x86_64-linux-gnu/libexpat.so.1.6.2
7f52c9155000-7f52c9156000 rw-p 00029000 08:01 1970914                    /lib/x86_64-linux-gnu/libexpat.so.1.6.2
7f52c9156000-7f52c91c6000 r-xp 00000000 08:01 2625621                    /usr/lib/x86_64-linux-gnu/mesa/libGL.so.1.2.0
7f52c91c6000-7f52c93c5000 ---p 00070000 08:01 2625621                    /usr/lib/x86_64-linux-gnu/mesa/libGL.so.1.2.0
7f52c93c5000-7f52c93c8000 r--p 0006f000 08:01 2625621                    /usr/lib/x86_64-linux-gnu/mesa/libGL.so.1.2.0
7f52c93c8000-7f52c93c9000 rw-p 00072000 08:01 2625621                    /usr/lib/x86_64-linux-gnu/mesa/libGL.so.1.2.0
7f52c93c9000-7f52c93ca000 rw-p 00000000 00:00 0 
7f52c93ca000-7f52c93cb000 r-xp 00000000 08:01 2237332                    /usr/lib/x86_64-linux-gnu/libX11-xcb.so.1.0.0
7f52c93cb000-7f52c95ca000 ---p 00001000 08:01 2237332                    /usr/lib/x86_64-linux-gnu/libX11-xcb.so.1.0.0
7f52c95ca000-7f52c95cb000 r--p 00000000 08:01 2237332                    /usr/lib/x86_64-linux-gnu/libX11-xcb.so.1.0.0
7f52c95cb000-7f52c95cc000 rw-p 00001000 08:01 2237332                    /usr/lib/x86_64-linux-gnu/libX11-xcb.so.1.0.0
7f52c95cc000-7f52c95d1000 r-xp 00000000 08:01 2237387                    /usr/lib/x86_64-linux-gnu/libXxf86vm.so.1.0.0
7f52c95d1000-7f52c97d0000 ---p 00005000 08:01 2237387                    /usr/lib/x86_64-linux-gnu/libXxf86vm.so.1.0.0
7f52c97d0000-7f52c97d1000 r--p 00004000 08:01 2237387                    /usr/lib/x86_64-linux-gnu/libXxf86vm.so.1.0.0
7f52c97d1000-7f52c97d2000 rw-p 00005000 08:01 2237387                    /usr/lib/x86_64-linux-gnu/libXxf86vm.so.1.0.0
7f52c97d2000-7f52c97d4000 r-xp 00000000 08:01 2237361                    /usr/lib/x86_64-linux-gnu/libXinerama.so.1.0.0
7f52c97d4000-7f52c99d3000 ---p 00002000 08:01 2237361                    /usr/lib/x86_64-linux-gnu/libXinerama.so.1.0.0
7f52c99d3000-7f52c99d4000 r--p 00001000 08:01 2237361                    /usr/lib/x86_64-linux-gnu/libXinerama.so.1.0.0
7f52c99d4000-7f52c99d5000 rw-p 00002000 08:01 2237361                    /usr/lib/x86_64-linux-gnu/libXinerama.so.1.0.0
7f52c99d5000-7f52c99df000 r-xp 00000000 08:01 2237369                    /usr/lib/x86_64-linux-gnu/libXrandr.so.2.2.0
7f52c99df000-7f52c9bde000 ---p 0000a000 08:01 2237369                    /usr/lib/x86_64-linux-gnu/libXrandr.so.2.2.0
7f52c9bde000-7f52c9bdf000 r--p 00009000 08:01 2237369                    /usr/lib/x86_64-linux-gnu/libXrandr.so.2.2.0
7f52c9bdf000-7f52c9be0000 rw-p 0000a000 08:01 2237369                    /usr/lib/x86_64-linux-gnu/libXrandr.so.2.2.0
7f52c9be0000-7f52c9bfe000 r-xp 00000000 08:01 1050038                    /tmp/lwjglnoko/3.1.1-build-16/libglfw.so
7f52c9bfe000-7f52c9dfd000 ---p 0001e000 08:01 1050038                    /tmp/lwjglnoko/3.1.1-build-16/libglfw.so
7f52c9dfd000-7f52c9dfe000 r--p 0001d000 08:01 1050038                    /tmp/lwjglnoko/3.1.1-build-16/libglfw.so
7f52c9dfe000-7f52c9dff000 rw-p 0001e000 08:01 1050038                    /tmp/lwjglnoko/3.1.1-build-16/libglfw.so
7f52c9dff000-7f52c9e00000 rw-p 00000000 00:00 0 
7f52c9e00000-7f52ca000000 rw-p 00000000 00:00 0 
7f52ca031000-7f52ca034000 ---p 00000000 00:00 0 
7f52ca034000-7f52ca132000 rw-p 00000000 00:00 0 
7f52ca132000-7f52ca150000 r-xp 00000000 08:01 1971052                    /lib/x86_64-linux-gnu/libudev.so.1.6.5
7f52ca150000-7f52ca151000 ---p 0001e000 08:01 1971052                    /lib/x86_64-linux-gnu/libudev.so.1.6.5
7f52ca151000-7f52ca152000 r--p 0001e000 08:01 1971052                    /lib/x86_64-linux-gnu/libudev.so.1.6.5
7f52ca152000-7f52ca153000 rw-p 0001f000 08:01 1971052                    /lib/x86_64-linux-gnu/libudev.so.1.6.5
7f52ca165000-7f52ca169000 rw-s 00000000 00:05 311326                     /drm mm object (deleted)
7f52ca169000-7f52ca16d000 r--s 00097000 08:01 3150708                    /usr/lib/jvm/java-8-oracle/jre/lib/jsse.jar
7f52ca16d000-7f52ca16f000 rwxp 00000000 00:00 0 
7f52ca16f000-7f52ca1a8000 r-xp 00000000 08:01 1050037                    /tmp/lwjglnoko/3.1.1-build-16/libjemalloc.so
7f52ca1a8000-7f52ca3a7000 ---p 00039000 08:01 1050037                    /tmp/lwjglnoko/3.1.1-build-16/libjemalloc.so
7f52ca3a7000-7f52ca3aa000 r--p 00038000 08:01 1050037                    /tmp/lwjglnoko/3.1.1-build-16/libjemalloc.so
7f52ca3aa000-7f52ca3ab000 rw-p 0003b000 08:01 1050037                    /tmp/lwjglnoko/3.1.1-build-16/libjemalloc.so
7f52ca3ab000-7f52ca5ac000 rw-p 00000000 00:00 0 
7f52ca5ac000-7f52ca5f7000 r-xp 00000000 08:01 1050036                    /tmp/lwjglnoko/3.1.1-build-16/liblwjgl.so
7f52ca5f7000-7f52ca7f7000 ---p 0004b000 08:01 1050036                    /tmp/lwjglnoko/3.1.1-build-16/liblwjgl.so
7f52ca7f7000-7f52ca7f8000 r--p 0004b000 08:01 1050036                    /tmp/lwjglnoko/3.1.1-build-16/liblwjgl.so
7f52ca7f8000-7f52ca7f9000 rw-p 0004c000 08:01 1050036                    /tmp/lwjglnoko/3.1.1-build-16/liblwjgl.so
7f52ca7f9000-7f52ca7fc000 ---p 00000000 00:00 0 
7f52ca7fc000-7f52ca8fa000 rw-p 00000000 00:00 0 
7f52ca8fa000-7f52ca910000 r-xp 00000000 08:01 3150723                    /usr/lib/jvm/java-8-oracle/jre/lib/amd64/libnet.so
7f52ca910000-7f52cab10000 ---p 00016000 08:01 3150723                    /usr/lib/jvm/java-8-oracle/jre/lib/amd64/libnet.so
7f52cab10000-7f52cab11000 rw-p 00016000 08:01 3150723                    /usr/lib/jvm/java-8-oracle/jre/lib/amd64/libnet.so
7f52cab11000-7f52cab22000 r-xp 00000000 08:01 3150748                    /usr/lib/jvm/java-8-oracle/jre/lib/amd64/libnio.so
7f52cab22000-7f52cad21000 ---p 00011000 08:01 3150748                    /usr/lib/jvm/java-8-oracle/jre/lib/amd64/libnio.so
7f52cad21000-7f52cad22000 rw-p 00010000 08:01 3150748                    /usr/lib/jvm/java-8-oracle/jre/lib/amd64/libnio.so
7f52cad22000-7f52cad27000 r-xp 00000000 08:01 2237353                    /usr/lib/x86_64-linux-gnu/libXfixes.so.3.1.0
7f52cad27000-7f52caf26000 ---p 00005000 08:01 2237353                    /usr/lib/x86_64-linux-gnu/libXfixes.so.3.1.0
7f52caf26000-7f52caf27000 r--p 00004000 08:01 2237353                    /usr/lib/x86_64-linux-gnu/libXfixes.so.3.1.0
7f52caf27000-7f52caf28000 rw-p 00005000 08:01 2237353                    /usr/lib/x86_64-linux-gnu/libXfixes.so.3.1.0
7f52caf28000-7f52caf31000 r-xp 00000000 08:01 2237345                    /usr/lib/x86_64-linux-gnu/libXcursor.so.1.0.2
7f52caf31000-7f52cb130000 ---p 00009000 08:01 2237345                    /usr/lib/x86_64-linux-gnu/libXcursor.so.1.0.2
7f52cb130000-7f52cb131000 r--p 00008000 08:01 2237345                    /usr/lib/x86_64-linux-gnu/libXcursor.so.1.0.2
7f52cb131000-7f52cb132000 rw-p 00009000 08:01 2237345                    /usr/lib/x86_64-linux-gnu/libXcursor.so.1.0.2
7f52cb132000-7f52cb135000 ---p 00000000 00:00 0 
7f52cb135000-7f52cb233000 rw-p 00000000 00:00 0 
7f52cb233000-7f52cb249000 r-xp 00000000 08:01 1970921                    /lib/x86_64-linux-gnu/libgcc_s.so.1
7f52cb249000-7f52cb448000 ---p 00016000 08:01 1970921                    /lib/x86_64-linux-gnu/libgcc_s.so.1
7f52cb448000-7f52cb449000 r--p 00015000 08:01 1970921                    /lib/x86_64-linux-gnu/libgcc_s.so.1
7f52cb449000-7f52cb44a000 rw-p 00016000 08:01 1970921                    /lib/x86_64-linux-gnu/libgcc_s.so.1
7f52cb44a000-7f52cb4af000 r-xp 00000000 08:01 3150742                    /usr/lib/jvm/java-8-oracle/jre/lib/amd64/libfontmanager.so
7f52cb4af000-7f52cb6ae000 ---p 00065000 08:01 3150742                    /usr/lib/jvm/java-8-oracle/jre/lib/amd64/libfontmanager.so
7f52cb6ae000-7f52cb6b3000 rw-p 00064000 08:01 3150742                    /usr/lib/jvm/java-8-oracle/jre/lib/amd64/libfontmanager.so
7f52cb6b3000-7f52cb6c3000 rw-p 00000000 00:00 0 
7f52cb6c3000-7f52cb6c6000 ---p 00000000 00:00 0 
7f52cb6c6000-7f52cb7c4000 rw-p 00000000 00:00 0 
7f52cb7c4000-7f52cb7c9000 r-xp 00000000 08:01 2237349                    /usr/lib/x86_64-linux-gnu/libXdmcp.so.6.0.0
7f52cb7c9000-7f52cb9c8000 ---p 00005000 08:01 2237349                    /usr/lib/x86_64-linux-gnu/libXdmcp.so.6.0.0
7f52cb9c8000-7f52cb9c9000 r--p 00004000 08:01 2237349                    /usr/lib/x86_64-linux-gnu/libXdmcp.so.6.0.0
7f52cb9c9000-7f52cb9ca000 rw-p 00005000 08:01 2237349                    /usr/lib/x86_64-linux-gnu/libXdmcp.so.6.0.0
7f52cb9ca000-7f52cb9cc000 r-xp 00000000 08:01 2237338                    /usr/lib/x86_64-linux-gnu/libXau.so.6.0.0
7f52cb9cc000-7f52cbbcc000 ---p 00002000 08:01 2237338                    /usr/lib/x86_64-linux-gnu/libXau.so.6.0.0
7f52cbbcc000-7f52cbbcd000 r--p 00002000 08:01 2237338                    /usr/lib/x86_64-linux-gnu/libXau.so.6.0.0
7f52cbbcd000-7f52cbbce000 rw-p 00003000 08:01 2237338                    /usr/lib/x86_64-linux-gnu/libXau.so.6.0.0
7f52cbbce000-7f52cbbef000 r-xp 00000000 08:01 2238872                    /usr/lib/x86_64-linux-gnu/libxcb.so.1.1.0
7f52cbbef000-7f52cbdee000 ---p 00021000 08:01 2238872                    /usr/lib/x86_64-linux-gnu/libxcb.so.1.1.0
7f52cbdee000-7f52cbdef000 r--p 00020000 08:01 2238872                    /usr/lib/x86_64-linux-gnu/libxcb.so.1.1.0
7f52cbdef000-7f52cbdf0000 rw-p 00021000 08:01 2238872                    /usr/lib/x86_64-linux-gnu/libxcb.so.1.1.0
7f52cbdf0000-7f52cbdff000 r-xp 00000000 08:01 2237359                    /usr/lib/x86_64-linux-gnu/libXi.so.6.1.0
7f52cbdff000-7f52cbffe000 ---p 0000f000 08:01 2237359                    /usr/lib/x86_64-linux-gnu/libXi.so.6.1.0
7f52cbffe000-7f52cbfff000 r--p 0000e000 08:01 2237359                    /usr/lib/x86_64-linux-gnu/libXi.so.6.1.0
7f52cbfff000-7f52cc000000 rw-p 0000f000 08:01 2237359                    /usr/lib/x86_64-linux-gnu/libXi.so.6.1.0
7f52cc000000-7f52cc021000 rw-p 00000000 00:00 0 
7f52cc021000-7f52d0000000 ---p 00000000 00:00 0 
7f52d0000000-7f52d0001000 rw-s 00000000 00:05 309987                     /memfd:xshmfence (deleted)
7f52d0001000-7f52d0009000 rw-s 00000000 00:05 309985                     /drm mm object (deleted)
7f52d0009000-7f52d0011000 rw-s 00000000 00:05 309984                     /drm mm object (deleted)
7f52d0011000-7f52d0012000 rw-s 00000000 00:05 309981                     /drm mm object (deleted)
7f52d0012000-7f52d0013000 rw-s 102c28000 00:06 370                       /dev/dri/card0
7f52d0013000-7f52d001b000 rw-s 00000000 00:05 309979                     /drm mm object (deleted)
7f52d001b000-7f52d0022000 r--s 00000000 08:01 2493305                    /usr/lib/x86_64-linux-gnu/gconv/gconv-modules.cache
7f52d0022000-7f52d0023000 rwxp 00000000 00:00 0 
7f52d0023000-7f52d0024000 r--s 00004000 08:11 66448                      /media/noko/My Passport/LiveSystem/Test/LWJGL3/lwjgl-xxhash.jar
7f52d0024000-7f52d0025000 r--s 00001000 08:11 66447                      /media/noko/My Passport/LiveSystem/Test/LWJGL3/lwjgl-xxhash-natives-linux.jar
7f52d0025000-7f52d002e000 r--s 000a6000 08:11 66455                      /media/noko/My Passport/LiveSystem/Test/LWJGL3/lwjgl-vulkan.jar
7f52d002e000-7f52d0033000 r--s 000ac000 08:11 66454                      /media/noko/My Passport/LiveSystem/Test/LWJGL3/lwjgl-vulkan-sources.jar
7f52d0033000-7f52d0038000 r-xp 00000000 08:01 2237377                    /usr/lib/x86_64-linux-gnu/libXtst.so.6.1.0
7f52d0038000-7f52d0237000 ---p 00005000 08:01 2237377                    /usr/lib/x86_64-linux-gnu/libXtst.so.6.1.0
7f52d0237000-7f52d0238000 r--p 00004000 08:01 2237377                    /usr/lib/x86_64-linux-gnu/libXtst.so.6.1.0
7f52d0238000-7f52d0239000 rw-p 00005000 08:01 2237377                    /usr/lib/x86_64-linux-gnu/libXtst.so.6.1.0
7f52d0239000-7f52d0242000 r-xp 00000000 08:01 2237371                    /usr/lib/x86_64-linux-gnu/libXrender.so.1.3.0
7f52d0242000-7f52d0441000 ---p 00009000 08:01 2237371                    /usr/lib/x86_64-linux-gnu/libXrender.so.1.3.0
7f52d0441000-7f52d0442000 r--p 00008000 08:01 2237371                    /usr/lib/x86_64-linux-gnu/libXrender.so.1.3.0
7f52d0442000-7f52d0443000 rw-p 00009000 08:01 2237371                    /usr/lib/x86_64-linux-gnu/libXrender.so.1.3.0
7f52d0443000-7f52d0578000 r-xp 00000000 08:01 2237334                    /usr/lib/x86_64-linux-gnu/libX11.so.6.3.0
7f52d0578000-7f52d0777000 ---p 00135000 08:01 2237334                    /usr/lib/x86_64-linux-gnu/libX11.so.6.3.0
7f52d0777000-7f52d0778000 r--p 00134000 08:01 2237334                    /usr/lib/x86_64-linux-gnu/libX11.so.6.3.0
7f52d0778000-7f52d077c000 rw-p 00135000 08:01 2237334                    /usr/lib/x86_64-linux-gnu/libX11.so.6.3.0
7f52d077c000-7f52d078d000 r-xp 00000000 08:01 2237351                    /usr/lib/x86_64-linux-gnu/libXext.so.6.4.0
7f52d078d000-7f52d098c000 ---p 00011000 08:01 2237351                    /usr/lib/x86_64-linux-gnu/libXext.so.6.4.0
7f52d098c000-7f52d098d000 r--p 00010000 08:01 2237351                    /usr/lib/x86_64-linux-gnu/libXext.so.6.4.0
7f52d098d000-7f52d098e000 rw-p 00011000 08:01 2237351                    /usr/lib/x86_64-linux-gnu/libXext.so.6.4.0
7f52d098e000-7f52d09e2000 r-xp 00000000 08:01 3150750                    /usr/lib/jvm/java-8-oracle/jre/lib/amd64/libawt_xawt.so
7f52d09e2000-7f52d0be2000 ---p 00054000 08:01 3150750                    /usr/lib/jvm/java-8-oracle/jre/lib/amd64/libawt_xawt.so
7f52d0be2000-7f52d0be6000 rw-p 00054000 08:01 3150750                    /usr/lib/jvm/java-8-oracle/jre/lib/amd64/libawt_xawt.so
7f52d0be6000-7f52d0be7000 rw-p 00000000 00:00 0 
7f52d0be7000-7f52d0c89000 r-xp 00000000 08:01 3150777                    /usr/lib/jvm/java-8-oracle/jre/lib/amd64/libawt.so
7f52d0c89000-7f52d0e89000 ---p 000a2000 08:01 3150777                    /usr/lib/jvm/java-8-oracle/jre/lib/amd64/libawt.so
7f52d0e89000-7f52d0e95000 rw-p 000a2000 08:01 3150777                    /usr/lib/jvm/java-8-oracle/jre/lib/amd64/libawt.so
7f52d0e95000-7f52d0eb9000 rw-p 00000000 00:00 0 
7f52d0eb9000-7f52d0eba000 ---p 00000000 00:00 0 
7f52d0eba000-7f52d0fba000 rw-p 00000000 00:00 0 
7f52d0fba000-7f52d0fbd000 ---p 00000000 00:00 0 
7f52d0fbd000-7f52d10bb000 rw-p 00000000 00:00 0 
7f52d10bb000-7f52d10be000 ---p 00000000 00:00 0 
7f52d10be000-7f52d11bc000 rw-p 00000000 00:00 0 
7f52d11bc000-7f52d11bf000 ---p 00000000 00:00 0 
7f52d11bf000-7f52d12bd000 rw-p 00000000 00:00 0 
7f52d12bd000-7f52d12c0000 ---p 00000000 00:00 0 
7f52d12c0000-7f52d13be000 rw-p 00000000 00:00 0 
7f52d13be000-7f52d13c1000 ---p 00000000 00:00 0 
7f52d13c1000-7f52d14bf000 rw-p 00000000 00:00 0 
7f52d14bf000-7f52d1ffe000 r--p 00000000 08:01 2235834                    /usr/lib/locale/locale-archive
7f52d1ffe000-7f52d2001000 ---p 00000000 00:00 0 
7f52d2001000-7f52d20ff000 rw-p 00000000 00:00 0 
7f52d20ff000-7f52d2102000 ---p 00000000 00:00 0 
7f52d2102000-7f52d2200000 rw-p 00000000 00:00 0 
7f52d2200000-7f52d2201000 ---p 00000000 00:00 0 
7f52d2201000-7f52d5000000 rw-p 00000000 00:00 0 
7f52d5000000-7f52d5390000 rwxp 00000000 00:00 0 
7f52d5390000-7f52e4000000 ---p 00000000 00:00 0 
7f52e4000000-7f52e44ca000 rw-p 00000000 00:00 0 
7f52e44ca000-7f52e8000000 ---p 00000000 00:00 0 
7f52e8000000-7f52e8001000 r--s 00001000 08:11 66443                      /media/noko/My Passport/LiveSystem/Test/LWJGL3/lwjgl-tinyfd.jar
7f52e8001000-7f52e8002000 r--s 00007000 08:11 66445                      /media/noko/My Passport/LiveSystem/Test/LWJGL3/lwjgl-tinyfd-natives-linux.jar
7f52e8002000-7f52e8005000 r--s 00012000 08:11 66439                      /media/noko/My Passport/LiveSystem/Test/LWJGL3/lwjgl-stb.jar
7f52e8005000-7f52e8006000 r--s 0002c000 08:11 66438                      /media/noko/My Passport/LiveSystem/Test/LWJGL3/lwjgl-stb-natives-linux.jar
7f52e8006000-7f52e8007000 r--s 00000000 08:11 66433                      /media/noko/My Passport/LiveSystem/Test/LWJGL3/lwjgl-sse.jar
7f52e8007000-7f52e8008000 r--s 00000000 08:11 66432                      /media/noko/My Passport/LiveSystem/Test/LWJGL3/lwjgl-sse-natives-linux.jar
7f52e8008000-7f52e800a000 r--s 00058000 08:11 66434                      /media/noko/My Passport/LiveSystem/Test/LWJGL3/lwjgl-sse-javadoc.jar
7f52e800a000-7f52e800c000 r--s 00001000 08:11 66429                      /media/noko/My Passport/LiveSystem/Test/LWJGL3/lwjgl-par.jar
7f52e800c000-7f52e800d000 r--s 00005000 08:11 66425                      /media/noko/My Passport/LiveSystem/Test/LWJGL3/lwjgl-par-natives-linux.jar
7f52e800d000-7f52e8013000 r--s 00048000 08:11 66424                      /media/noko/My Passport/LiveSystem/Test/LWJGL3/lwjgl-opengles.jar
7f52e8013000-7f52e8014000 r--s 00007000 08:11 66422                      /media/noko/My Passport/LiveSystem/Test/LWJGL3/lwjgl-opengles-natives-linux.jar
7f52e8014000-7f52e801d000 r--s 000ba000 08:11 66427                      /media/noko/My Passport/LiveSystem/Test/LWJGL3/lwjgl-opengl.jar
7f52e801d000-7f52e801e000 r--s 00015000 08:11 66419                      /media/noko/My Passport/LiveSystem/Test/LWJGL3/lwjgl-opengl-natives-linux.jar
7f52e801e000-7f52e8021000 r--s 00023000 08:11 66420                      /media/noko/My Passport/LiveSystem/Test/LWJGL3/lwjgl-opencl.jar
7f52e8021000-7f52e8023000 r--s 00010000 08:11 66411                      /media/noko/My Passport/LiveSystem/Test/LWJGL3/lwjgl-openal.jar
7f52e8023000-7f52e8024000 r--s 0004a000 08:11 66417                      /media/noko/My Passport/LiveSystem/Test/LWJGL3/lwjgl-openal-natives-linux.jar
7f52e8024000-7f52e8029000 r--s 00054000 08:11 66414                      /media/noko/My Passport/LiveSystem/Test/LWJGL3/lwjgl-nuklear.jar
7f52e8029000-7f52e802a000 r--s 0001f000 08:11 66409                      /media/noko/My Passport/LiveSystem/Test/LWJGL3/lwjgl-nuklear-natives-linux.jar
7f52e802a000-7f52e802b000 r--s 00001000 08:11 66406                      /media/noko/My Passport/LiveSystem/Test/LWJGL3/lwjgl-nfd.jar
7f52e802b000-7f52e802c000 r--s 00001000 08:11 66405                      /media/noko/My Passport/LiveSystem/Test/LWJGL3/lwjgl-nfd-natives-linux.jar
7f52e802c000-7f52e802d000 r--s 00011000 08:11 66452                      /media/noko/My Passport/LiveSystem/Test/LWJGL3/lwjgl-natives-linux.jar
7f52e802d000-7f52e802f000 r--s 00008000 08:11 66401                      /media/noko/My Passport/LiveSystem/Test/LWJGL3/lwjgl-nanovg.jar
7f52e802f000-7f52e8030000 r--s 0001f000 08:11 66404                      /media/noko/My Passport/LiveSystem/Test/LWJGL3/lwjgl-nanovg-natives-linux.jar
7f52e8030000-7f52e8032000 r--s 00005000 08:11 66396                      /media/noko/My Passport/LiveSystem/Test/LWJGL3/lwjgl-lmdb.jar
7f52e8032000-7f52e8033000 r--s 0000d000 08:11 66398                      /media/noko/My Passport/LiveSystem/Test/LWJGL3/lwjgl-lmdb-natives-linux.jar
7f52e8033000-7f52e8035000 r--s 00007000 08:11 66391                      /media/noko/My Passport/LiveSystem/Test/LWJGL3/lwjgl-jemalloc.jar
7f52e8035000-7f52e8036000 r--s 00019000 08:11 66390                      /media/noko/My Passport/LiveSystem/Test/LWJGL3/lwjgl-jemalloc-natives-linux.jar
7f52e8036000-7f52e8038000 r--s 00066000 08:11 66389                      /media/noko/My Passport/LiveSystem/Test/LWJGL3/lwjgl-jawt-javadoc.jar
7f52e8038000-7f52e803b000 r--s 00015000 08:11 66384                      /media/noko/My Passport/LiveSystem/Test/LWJGL3/lwjgl-glfw.jar
7f52e803b000-7f52e80ed000 rw-p 00000000 00:00 0 
7f52e80ed000-7f52e82c5000 r--s 03d2a000 08:01 3150715                    /usr/lib/jvm/java-8-oracle/jre/lib/rt.jar
7f52e82c5000-7f52e8d1a000 rw-p 00000000 00:00 0 
7f52e8d1a000-7f52e8d1b000 ---p 00000000 00:00 0 
7f52e8d1b000-7f52e8e1b000 rw-p 00000000 00:00 0 
7f52e8e1b000-7f52e8e1c000 ---p 00000000 00:00 0 
7f52e8e1c000-7f52e8f1c000 rw-p 00000000 00:00 0 
7f52e8f1c000-7f52e8f1d000 ---p 00000000 00:00 0 
7f52e8f1d000-7f52e901d000 rw-p 00000000 00:00 0 
7f52e901d000-7f52e901e000 ---p 00000000 00:00 0 
7f52e901e000-7f52e9132000 rw-p 00000000 00:00 0 
7f52e9132000-7f52e925e000 ---p 00000000 00:00 0 
7f52e925e000-7f52e9272000 rw-p 00000000 00:00 0 
7f52e9272000-7f52e939d000 ---p 00000000 00:00 0 
7f52e939d000-7f52e93a8000 rw-p 00000000 00:00 0 
7f52e93a8000-7f52e943d000 ---p 00000000 00:00 0 
7f52e943d000-7f52e944d000 rw-p 00000000 00:00 0 
7f52e944d000-7f52e97fe000 ---p 00000000 00:00 0 
7f52e97fe000-7f52e9818000 r-xp 00000000 08:01 3150746                    /usr/lib/jvm/java-8-oracle/jre/lib/amd64/libzip.so
7f52e9818000-7f52e9a18000 ---p 0001a000 08:01 3150746                    /usr/lib/jvm/java-8-oracle/jre/lib/amd64/libzip.so
7f52e9a18000-7f52e9a19000 rw-p 0001a000 08:01 3150746                    /usr/lib/jvm/java-8-oracle/jre/lib/amd64/libzip.so
7f52e9a19000-7f52e9a24000 r-xp 00000000 08:01 1970978                    /lib/x86_64-linux-gnu/libnss_files-2.24.so
7f52e9a24000-7f52e9c23000 ---p 0000b000 08:01 1970978                    /lib/x86_64-linux-gnu/libnss_files-2.24.so
7f52e9c23000-7f52e9c24000 r--p 0000a000 08:01 1970978                    /lib/x86_64-linux-gnu/libnss_files-2.24.so
7f52e9c24000-7f52e9c25000 rw-p 0000b000 08:01 1970978                    /lib/x86_64-linux-gnu/libnss_files-2.24.so
7f52e9c25000-7f52e9c2b000 rw-p 00000000 00:00 0 
7f52e9c2b000-7f52e9c36000 r-xp 00000000 08:01 1970988                    /lib/x86_64-linux-gnu/libnss_nis-2.24.so
7f52e9c36000-7f52e9e35000 ---p 0000b000 08:01 1970988                    /lib/x86_64-linux-gnu/libnss_nis-2.24.so
7f52e9e35000-7f52e9e36000 r--p 0000a000 08:01 1970988                    /lib/x86_64-linux-gnu/libnss_nis-2.24.so
7f52e9e36000-7f52e9e37000 rw-p 0000b000 08:01 1970988                    /lib/x86_64-linux-gnu/libnss_nis-2.24.so
7f52e9e37000-7f52e9e4d000 r-xp 00000000 08:01 1970972                    /lib/x86_64-linux-gnu/libnsl-2.24.so
7f52e9e4d000-7f52ea04c000 ---p 00016000 08:01 1970972                    /lib/x86_64-linux-gnu/libnsl-2.24.so
7f52ea04c000-7f52ea04d000 r--p 00015000 08:01 1970972                    /lib/x86_64-linux-gnu/libnsl-2.24.so
7f52ea04d000-7f52ea04e000 rw-p 00016000 08:01 1970972                    /lib/x86_64-linux-gnu/libnsl-2.24.so
7f52ea04e000-7f52ea050000 rw-p 00000000 00:00 0 
7f52ea050000-7f52ea058000 r-xp 00000000 08:01 1970974                    /lib/x86_64-linux-gnu/libnss_compat-2.24.so
7f52ea058000-7f52ea257000 ---p 00008000 08:01 1970974                    /lib/x86_64-linux-gnu/libnss_compat-2.24.so
7f52ea257000-7f52ea258000 r--p 00007000 08:01 1970974                    /lib/x86_64-linux-gnu/libnss_compat-2.24.so
7f52ea258000-7f52ea259000 rw-p 00008000 08:01 1970974                    /lib/x86_64-linux-gnu/libnss_compat-2.24.so
7f52ea259000-7f52ea284000 r-xp 00000000 08:01 3150771                    /usr/lib/jvm/java-8-oracle/jre/lib/amd64/libjava.so
7f52ea284000-7f52ea483000 ---p 0002b000 08:01 3150771                    /usr/lib/jvm/java-8-oracle/jre/lib/amd64/libjava.so
7f52ea483000-7f52ea485000 rw-p 0002a000 08:01 3150771                    /usr/lib/jvm/java-8-oracle/jre/lib/amd64/libjava.so
7f52ea485000-7f52ea492000 r-xp 00000000 08:01 3150724                    /usr/lib/jvm/java-8-oracle/jre/lib/amd64/libverify.so
7f52ea492000-7f52ea691000 ---p 0000d000 08:01 3150724                    /usr/lib/jvm/java-8-oracle/jre/lib/amd64/libverify.so
7f52ea691000-7f52ea693000 rw-p 0000c000 08:01 3150724                    /usr/lib/jvm/java-8-oracle/jre/lib/amd64/libverify.so
7f52ea693000-7f52ea69a000 r-xp 00000000 08:01 1971032                    /lib/x86_64-linux-gnu/librt-2.24.so
7f52ea69a000-7f52ea899000 ---p 00007000 08:01 1971032                    /lib/x86_64-linux-gnu/librt-2.24.so
7f52ea899000-7f52ea89a000 r--p 00006000 08:01 1971032                    /lib/x86_64-linux-gnu/librt-2.24.so
7f52ea89a000-7f52ea89b000 rw-p 00007000 08:01 1971032                    /lib/x86_64-linux-gnu/librt-2.24.so
7f52ea89b000-7f52ea9a3000 r-xp 00000000 08:01 1970949                    /lib/x86_64-linux-gnu/libm-2.24.so
7f52ea9a3000-7f52eaba2000 ---p 00108000 08:01 1970949                    /lib/x86_64-linux-gnu/libm-2.24.so
7f52eaba2000-7f52eaba3000 r--p 00107000 08:01 1970949                    /lib/x86_64-linux-gnu/libm-2.24.so
7f52eaba3000-7f52eaba4000 rw-p 00108000 08:01 1970949                    /lib/x86_64-linux-gnu/libm-2.24.so
7f52eaba4000-7f52eb871000 r-xp 00000000 08:01 3291246                    /usr/lib/jvm/java-8-oracle/jre/lib/amd64/server/libjvm.so
7f52eb871000-7f52eba70000 ---p 00ccd000 08:01 3291246                    /usr/lib/jvm/java-8-oracle/jre/lib/amd64/server/libjvm.so
7f52eba70000-7f52ebb49000 rw-p 00ccc000 08:01 3291246                    /usr/lib/jvm/java-8-oracle/jre/lib/amd64/server/libjvm.so
7f52ebb49000-7f52ebb94000 rw-p 00000000 00:00 0 
7f52ebb94000-7f52ebd51000 r-xp 00000000 08:01 1970881                    /lib/x86_64-linux-gnu/libc-2.24.so
7f52ebd51000-7f52ebf51000 ---p 001bd000 08:01 1970881                    /lib/x86_64-linux-gnu/libc-2.24.so
7f52ebf51000-7f52ebf55000 r--p 001bd000 08:01 1970881                    /lib/x86_64-linux-gnu/libc-2.24.so
7f52ebf55000-7f52ebf57000 rw-p 001c1000 08:01 1970881                    /lib/x86_64-linux-gnu/libc-2.24.so
7f52ebf57000-7f52ebf5b000 rw-p 00000000 00:00 0 
7f52ebf5b000-7f52ebf5e000 r-xp 00000000 08:01 1970907                    /lib/x86_64-linux-gnu/libdl-2.24.so
7f52ebf5e000-7f52ec15d000 ---p 00003000 08:01 1970907                    /lib/x86_64-linux-gnu/libdl-2.24.so
7f52ec15d000-7f52ec15e000 r--p 00002000 08:01 1970907                    /lib/x86_64-linux-gnu/libdl-2.24.so
7f52ec15e000-7f52ec15f000 rw-p 00003000 08:01 1970907                    /lib/x86_64-linux-gnu/libdl-2.24.so
7f52ec15f000-7f52ec174000 r-xp 00000000 08:01 3020007                    /usr/lib/jvm/java-8-oracle/lib/amd64/jli/libjli.so
7f52ec174000-7f52ec374000 ---p 00015000 08:01 3020007                    /usr/lib/jvm/java-8-oracle/lib/amd64/jli/libjli.so
7f52ec374000-7f52ec375000 rw-p 00015000 08:01 3020007                    /usr/lib/jvm/java-8-oracle/lib/amd64/jli/libjli.so
7f52ec375000-7f52ec38d000 r-xp 00000000 08:01 1971024                    /lib/x86_64-linux-gnu/libpthread-2.24.so
7f52ec38d000-7f52ec58d000 ---p 00018000 08:01 1971024                    /lib/x86_64-linux-gnu/libpthread-2.24.so
7f52ec58d000-7f52ec58e000 r--p 00018000 08:01 1971024                    /lib/x86_64-linux-gnu/libpthread-2.24.so
7f52ec58e000-7f52ec58f000 rw-p 00019000 08:01 1971024                    /lib/x86_64-linux-gnu/libpthread-2.24.so
7f52ec58f000-7f52ec593000 rw-p 00000000 00:00 0 
7f52ec593000-7f52ec5b8000 r-xp 00000000 08:01 1970853                    /lib/x86_64-linux-gnu/ld-2.24.so
7f52ec5b8000-7f52ec5b9000 r--s 00005000 08:11 66385                      /media/noko/My Passport/LiveSystem/Test/LWJGL3/lwjgl-jawt.jar
7f52ec5b9000-7f52ec5bd000 r--s 0001b000 08:11 66377                      /media/noko/My Passport/LiveSystem/Test/LWJGL3/lwjgl-egl.jar
7f52ec5bd000-7f52ec695000 rw-p 00000000 00:00 0 
7f52ec695000-7f52ec698000 ---p 00000000 00:00 0 
7f52ec698000-7f52ec798000 rw-p 00000000 00:00 0 
7f52ec798000-7f52ec799000 r--s 0000e000 08:11 66381                      /media/noko/My Passport/LiveSystem/Test/LWJGL3/lwjgl-glfw-natives-linux.jar
7f52ec799000-7f52ec79d000 r--s 0001e000 08:11 66379                      /media/noko/My Passport/LiveSystem/Test/LWJGL3/lwjgl-egl-sources.jar
7f52ec79d000-7f52ec7a0000 r--s 0001f000 08:11 66374                      /media/noko/My Passport/LiveSystem/Test/LWJGL3/lwjgl-bgfx.jar
7f52ec7a0000-7f52ec7a1000 r--s 00042000 08:11 66375                      /media/noko/My Passport/LiveSystem/Test/LWJGL3/lwjgl-bgfx-natives-linux.jar
7f52ec7a1000-7f52ec7a5000 r--s 0002a000 08:11 66369                      /media/noko/My Passport/LiveSystem/Test/LWJGL3/lwjgl-assimp.jar
7f52ec7a5000-7f52ec7a6000 r--s 002ae000 08:11 66393                      /media/noko/My Passport/LiveSystem/Test/LWJGL3/lwjgl-assimp-natives-linux.jar
7f52ec7a6000-7f52ec7aa000 r--s 0003d000 08:11 66457                      /media/noko/My Passport/LiveSystem/Test/LWJGL3/lwjgl.jar
7f52ec7aa000-7f52ec7b2000 rw-s 00000000 08:01 1050043                    /tmp/hsperfdata_noko/29241
7f52ec7b2000-7f52ec7b3000 rw-p 00000000 00:00 0 
7f52ec7b3000-7f52ec7b4000 r--p 00000000 00:00 0 
7f52ec7b4000-7f52ec7b7000 rw-p 00000000 00:00 0 
7f52ec7b7000-7f52ec7b8000 r--p 00024000 08:01 1970853                    /lib/x86_64-linux-gnu/ld-2.24.so
7f52ec7b8000-7f52ec7b9000 rw-p 00025000 08:01 1970853                    /lib/x86_64-linux-gnu/ld-2.24.so
7f52ec7b9000-7f52ec7ba000 rw-p 00000000 00:00 0 
7ffe5f0b5000-7ffe5f0d7000 rw-p 00000000 00:00 0                          [stack]
7ffe5f1b8000-7ffe5f1ba000 r--p 00000000 00:00 0                          [vvar]
7ffe5f1ba000-7ffe5f1bc000 r-xp 00000000 00:00 0                          [vdso]
ffffffffff600000-ffffffffff601000 r-xp 00000000 00:00 0                  [vsyscall]

VM Arguments:
jvm_args: -Djava.library.path=/home/noko/workspace/Java/Test/Test/LWJGL3 -Dfile.encoding=UTF-8 
java_command: Main
java_class_path (initial): /media/noko/My Passport/LiveSystem/Test/bin:/media/noko/My Passport/LiveSystem/Test/LWJGL3/lwjgl.jar:/media/noko/My Passport/LiveSystem/Test/LWJGL3/lwjgl-assimp-natives-linux.jar:/media/noko/My Passport/LiveSystem/Test/LWJGL3/lwjgl-assimp.jar:/media/noko/My Passport/LiveSystem/Test/LWJGL3/lwjgl-bgfx-natives-linux.jar:/media/noko/My Passport/LiveSystem/Test/LWJGL3/lwjgl-bgfx.jar:/media/noko/My Passport/LiveSystem/Test/LWJGL3/lwjgl-egl-sources.jar:/media/noko/My Passport/LiveSystem/Test/LWJGL3/lwjgl-egl.jar:/media/noko/My Passport/LiveSystem/Test/LWJGL3/lwjgl-glfw-natives-linux.jar:/media/noko/My Passport/LiveSystem/Test/LWJGL3/lwjgl-glfw.jar:/media/noko/My Passport/LiveSystem/Test/LWJGL3/lwjgl-jawt-javadoc.jar:/media/noko/My Passport/LiveSystem/Test/LWJGL3/lwjgl-jawt.jar:/media/noko/My Passport/LiveSystem/Test/LWJGL3/lwjgl-jemalloc-natives-linux.jar:/media/noko/My Passport/LiveSystem/Test/LWJGL3/lwjgl-jemalloc.jar:/media/noko/My Passport/LiveSystem/Test/LWJGL3/lwjgl-lmdb-natives-linux.jar:/media/noko/My Passport/LiveSystem/Test/LWJGL3/lwjgl-lmdb.jar:/media/noko/My Passport/LiveSystem/Test/LWJGL3/lwjgl-nanovg-natives-linux.jar:/media/noko/My Passport/LiveSystem/Test/LWJGL3/lwjgl-nanovg.jar:/media/noko/My Passport/LiveSystem/Test/LWJGL3/lwjgl-natives-linux.jar:/media/noko/My Passport/LiveSystem/Test/LWJGL3/lwjgl-nfd-natives-linux.jar:/media/noko/My Passport/LiveSystem/Test/LWJGL3/lwjgl-nfd.jar:/media/noko/My Passport/LiveSystem/Test/LWJGL3/lwjgl-nuklear-natives-linux.jar:/media/noko/My Passport/LiveSystem/Test/LWJGL3/lwjgl-nuklear.jar:/media/noko/My Passport/LiveSystem/Test/LWJGL3/lwjgl-openal-natives-linux.jar:/media/noko/My Passport/LiveSystem/Test/LWJGL3/lwjgl-openal.jar:/media/noko/My Passport/LiveSystem/Test/LWJGL3/lwjgl-opencl.jar:/media/noko/My Passport/LiveSystem/Test/LWJGL3/lwjgl-opengl-natives-linux.jar:/media/noko/My Passport/LiveSystem/Test/LWJGL3/lwjgl-opengl.jar:/media/noko/My Passport/LiveSystem/Test/LWJGL3/lwjgl-opengles-nat
Launcher Type: SUN_STANDARD

Environment Variables:
JAVA_HOME=/usr/lib/jvm/java-8-oracle
PATH=/home/noko/bin:/home/noko/.local/bin:/usr/local/sbin:/usr/local/bin:/usr/sbin:/usr/bin:/sbin:/bin:/usr/games:/usr/local/games:/snap/bin:/usr/lib/jvm/java-8-oracle/bin:/usr/lib/jvm/java-8-oracle/db/bin:/usr/lib/jvm/java-8-oracle/jre/bin
SHELL=/bin/bash
DISPLAY=:0

Signal Handlers:
SIGSEGV: [libjvm.so+0xac64b0], sa_mask[0]=11111111011111111101111111111110, sa_flags=SA_RESTART|SA_SIGINFO
SIGBUS: [libjvm.so+0xac64b0], sa_mask[0]=11111111011111111101111111111110, sa_flags=SA_RESTART|SA_SIGINFO
SIGFPE: [libjvm.so+0x91f950], sa_mask[0]=11111111011111111101111111111110, sa_flags=SA_RESTART|SA_SIGINFO
SIGPIPE: [libjvm.so+0x91f950], sa_mask[0]=11111111011111111101111111111110, sa_flags=SA_RESTART|SA_SIGINFO
SIGXFSZ: [libjvm.so+0x91f950], sa_mask[0]=11111111011111111101111111111110, sa_flags=SA_RESTART|SA_SIGINFO
SIGILL: [libjvm.so+0x91f950], sa_mask[0]=11111111011111111101111111111110, sa_flags=SA_RESTART|SA_SIGINFO
SIGUSR1: SIG_DFL, sa_mask[0]=00000000000000000000000000000000, sa_flags=none
SIGUSR2: [libjvm.so+0x920f80], sa_mask[0]=00100000000000000000000000000000, sa_flags=SA_RESTART|SA_SIGINFO
SIGHUP: [libjvm.so+0x922380], sa_mask[0]=11111111011111111101111111111110, sa_flags=SA_RESTART|SA_SIGINFO
SIGINT: [libjvm.so+0x922380], sa_mask[0]=11111111011111111101111111111110, sa_flags=SA_RESTART|SA_SIGINFO
SIGTERM: [libjvm.so+0x922380], sa_mask[0]=11111111011111111101111111111110, sa_flags=SA_RESTART|SA_SIGINFO
SIGQUIT: [libjvm.so+0x922380], sa_mask[0]=11111111011111111101111111111110, sa_flags=SA_RESTART|SA_SIGINFO


---------------  S Y S T E M  ---------------

OS:DISTRIB_ID=Ubuntu
DISTRIB_RELEASE=16.10
DISTRIB_CODENAME=yakkety
DISTRIB_DESCRIPTION="Ubuntu 16.10"

uname:Linux 4.8.0-32-generic #34-Ubuntu SMP Tue Dec 13 14:30:43 UTC 2016 x86_64
libc:glibc 2.24 NPTL 2.24 
rlimit: STACK 8192k, CORE 0k, NPROC 15150, NOFILE 4096, AS infinity
load average:4,05 3,78 2,74

/proc/meminfo:
MemTotal:        3922444 kB
MemFree:          252696 kB
MemAvailable:     256320 kB
Buffers:           11876 kB
Cached:           508428 kB
SwapCached:        91704 kB
Active:          2723948 kB
Inactive:         699908 kB
Active(anon):    2618424 kB
Inactive(anon):   627832 kB
Active(file):     105524 kB
Inactive(file):    72076 kB
Unevictable:         264 kB
Mlocked:             264 kB
SwapTotal:       4069372 kB
SwapFree:        3472904 kB
Dirty:               288 kB
Writeback:             0 kB
AnonPages:       2825604 kB
Mapped:           276388 kB
Shmem:            342656 kB
Slab:             124528 kB
SReclaimable:      61352 kB
SUnreclaim:        63176 kB
KernelStack:       12512 kB
PageTables:        56284 kB
NFS_Unstable:          0 kB
Bounce:                0 kB
WritebackTmp:          0 kB
CommitLimit:     6030592 kB
Committed_AS:    9150496 kB
VmallocTotal:   34359738367 kB
VmallocUsed:           0 kB
VmallocChunk:          0 kB
HardwareCorrupted:     0 kB
AnonHugePages:    618496 kB
ShmemHugePages:        0 kB
ShmemPmdMapped:        0 kB
CmaTotal:              0 kB
CmaFree:               0 kB
HugePages_Total:       0
HugePages_Free:        0
HugePages_Rsvd:        0
HugePages_Surp:        0
Hugepagesize:       2048 kB
DirectMap4k:      206788 kB
DirectMap2M:     3864576 kB


CPU:total 4 (2 cores per cpu, 2 threads per core) family 6 model 58 stepping 9, cmov, cx8, fxsr, mmx, sse, sse2, sse3, ssse3, sse4.1, sse4.2, popcnt, avx, clmul, erms, ht, tsc, tscinvbit, tscinv

/proc/cpuinfo:
processor	: 0
vendor_id	: GenuineIntel
cpu family	: 6
model		: 58
model name	: Intel(R) Core(TM) i3-3120M CPU @ 2.50GHz
stepping	: 9
microcode	: 0x15
cpu MHz		: 2499.847
cache size	: 3072 KB
physical id	: 0
siblings	: 4
core id		: 0
cpu cores	: 2
apicid		: 0
initial apicid	: 0
fpu		: yes
fpu_exception	: yes
cpuid level	: 13
wp		: yes
flags		: fpu vme de pse tsc msr pae mce cx8 apic sep mtrr pge mca cmov pat pse36 clflush dts acpi mmx fxsr sse sse2 ss ht tm pbe syscall nx rdtscp lm constant_tsc arch_perfmon pebs bts rep_good nopl xtopology nonstop_tsc aperfmperf eagerfpu pni pclmulqdq dtes64 monitor ds_cpl vmx est tm2 ssse3 cx16 xtpr pdcm pcid sse4_1 sse4_2 x2apic popcnt tsc_deadline_timer xsave avx f16c lahf_lm epb tpr_shadow vnmi flexpriority ept vpid fsgsbase smep erms xsaveopt dtherm arat pln pts
bugs		:
bogomips	: 4988.51
clflush size	: 64
cache_alignment	: 64
address sizes	: 36 bits physical, 48 bits virtual
power management:

processor	: 1
vendor_id	: GenuineIntel
cpu family	: 6
model		: 58
model name	: Intel(R) Core(TM) i3-3120M CPU @ 2.50GHz
stepping	: 9
microcode	: 0x15
cpu MHz		: 2499.847
cache size	: 3072 KB
physical id	: 0
siblings	: 4
core id		: 0
cpu cores	: 2
apicid		: 1
initial apicid	: 1
fpu		: yes
fpu_exception	: yes
cpuid level	: 13
wp		: yes
flags		: fpu vme de pse tsc msr pae mce cx8 apic sep mtrr pge mca cmov pat pse36 clflush dts acpi mmx fxsr sse sse2 ss ht tm pbe syscall nx rdtscp lm constant_tsc arch_perfmon pebs bts rep_good nopl xtopology nonstop_tsc aperfmperf eagerfpu pni pclmulqdq dtes64 monitor ds_cpl vmx est tm2 ssse3 cx16 xtpr pdcm pcid sse4_1 sse4_2 x2apic popcnt tsc_deadline_timer xsave avx f16c lahf_lm epb tpr_shadow vnmi flexpriority ept vpid fsgsbase smep erms xsaveopt dtherm arat pln pts
bugs		:
bogomips	: 4988.51
clflush size	: 64
cache_alignment	: 64
address sizes	: 36 bits physical, 48 bits virtual
power management:

processor	: 2
vendor_id	: GenuineIntel
cpu family	: 6
model		: 58
model name	: Intel(R) Core(TM) i3-3120M CPU @ 2.50GHz
stepping	: 9
microcode	: 0x15
cpu MHz		: 2500.000
cache size	: 3072 KB
physical id	: 0
siblings	: 4
core id		: 1
cpu cores	: 2
apicid		: 2
initial apicid	: 2
fpu		: yes
fpu_exception	: yes
cpuid level	: 13
wp		: yes
flags		: fpu vme de pse tsc msr pae mce cx8 apic sep mtrr pge mca cmov pat pse36 clflush dts acpi mmx fxsr sse sse2 ss ht tm pbe syscall nx rdtscp lm constant_tsc arch_perfmon pebs bts rep_good nopl xtopology nonstop_tsc aperfmperf eagerfpu pni pclmulqdq dtes64 monitor ds_cpl vmx est tm2 ssse3 cx16 xtpr pdcm pcid sse4_1 sse4_2 x2apic popcnt tsc_deadline_timer xsave avx f16c lahf_lm epb tpr_shadow vnmi flexpriority ept vpid fsgsbase smep erms xsaveopt dtherm arat pln pts
bugs		:
bogomips	: 4988.51
clflush size	: 64
cache_alignment	: 64
address sizes	: 36 bits physical, 48 bits virtual
power management:

processor	: 3
vendor_id	: GenuineIntel
cpu family	: 6
model		: 58
model name	: Intel(R) Core(TM) i3-3120M CPU @ 2.50GHz
stepping	: 9
microcode	: 0x15
cpu MHz		: 2499.847
cache size	: 3072 KB
physical id	: 0
siblings	: 4
core id		: 1
cpu cores	: 2
apicid		: 3
initial apicid	: 3
fpu		: yes
fpu_exception	: yes
cpuid level	: 13
wp		: yes
flags		: fpu vme de pse tsc msr pae mce cx8 apic sep mtrr pge mca cmov pat pse36 clflush dts acpi mmx fxsr sse sse2 ss ht tm pbe syscall nx rdtscp lm constant_tsc arch_perfmon pebs bts rep_good nopl xtopology nonstop_tsc aperfmperf eagerfpu pni pclmulqdq dtes64 monitor ds_cpl vmx est tm2 ssse3 cx16 xtpr pdcm pcid sse4_1 sse4_2 x2apic popcnt tsc_deadline_timer xsave avx f16c lahf_lm epb tpr_shadow vnmi flexpriority ept vpid fsgsbase smep erms xsaveopt dtherm arat pln pts
bugs		:
bogomips	: 4988.51
clflush size	: 64
cache_alignment	: 64
address sizes	: 36 bits physical, 48 bits virtual
power management:



Memory: 4k page, physical 3922444k(252696k free), swap 4069372k(3472904k free)

vm_info: Java HotSpot(TM) 64-Bit Server VM (25.111-b14) for linux-amd64 JRE (1.8.0_111-b14), built on Sep 22 2016 16:14:03 by "java_re" with gcc 4.3.0 20080428 (Red Hat 4.3.0-8)

time: Sun Jan 22 15:54:31 2017
elapsed time: 9 seconds (0d 0h 0m 9s)

